<?xml version="1.0" ?>
<Documents>
  <Document id="1019559438980657153">
    <relevance>true</relevance>
    <sentiment>neutral</sentiment>
    <Opinions/>
    <text>.@DB_Bahn EC1014 fährt vorhin aus München ab. Durchsage: &quot;wir haben 10 Minuten Verspätung wegen einer gehbehinderten Frau im Zug.&quot; Geht's noch? #blaming</text>
  </Document>
  <Document id="1058043145135501312">
    <relevance>true</relevance>
    <sentiment>negative</sentiment>
    <Opinions>
      <Opinion category="SpaceMobilityGroups#Main" polarity="negative" from="246" to="288" target="das Gefühl in einer Sardinendose zu reisen" category_de="Platzangebot#Haupt"/>
    </Opinions>
    <text>@BVG_Bus Danke für die Antwort. Vllt könnten zum FeierabendVerkehr mal größere Busse fahren? Die vielen Reisenden mit Gepäck, + Kinderwagen, +Rollstühle, Rollatoren +Gehbehinderte (also ich) +die Busnutzer ohne Einschränkungen haben wirklich oft das Gefühl in einer Sardinendose zu reisen.</text>
  </Document>
  <Document id="1082938815893909504">
    <relevance>true</relevance>
    <sentiment>positive</sentiment>
    <Opinions>
      <Opinion category="Lift#Availability" polarity="positive" from="107" to="114" target="Aufzüge" category_de="Aufzug#Betrieb"/>
      <Opinion category="GeneralBarrier#Main" polarity="positive" from="181" to="193" target="barrierefrei" category_de="Allgemein_Barriere#Haupt"/>
    </Opinions>
    <text>Hier mal eine #Erfolgsmeldung in #Heidelberg #Hbf sind nach Wochen oder Monaten jetzt endlich wieder alle #Aufzüge funktionsfähig. Ich hoffe das dies lange so bleibt.#DeutscheBahn #barrierefrei #aktivmithandicap #ProBahn @bahnoev @DB_Bahn @Evi2910</text>
  </Document>
  <Document id="939968009912946689">
    <relevance>true</relevance>
    <sentiment>negative</sentiment>
    <Opinions>
      <Opinion category="Lighting#Availability" polarity="negative" from="18" to="29" target="Beleuchtung" category_de="Beleuchtung#Betrieb"/>
    </Opinions>
    <text>@Regio_NRW ...die Beleuchtung ist doch erst vor kurzem ausgefallen... 🤔😱😎</text>
  </Document>
  <Document id="1062040264817004544">
    <relevance>true</relevance>
    <sentiment>positive</sentiment>
    <Opinions>
      <Opinion category="GeneralBarrier#Main" polarity="positive" from="73" to="89" target="Barrierefreiheit" category_de="Allgemein_Barriere#Haupt"/>
    </Opinions>
    <text>Dr. Silke Launert: „Vollständige Kostenübernahme für die Herstellung von Barrierefreiheit am Bahnhof Kirchenlaibach“: Tolle Neuigkeiten für die Gemeinde Speichersdorf: Der Bund übernimmt für die Herstellung von Barrierefreiheit an dem Bahnhof… https://t.co/SGmNx7KD2C https://t.co/4w1jFeyaNC</text>
  </Document>
  <Document id="1084741231866007552">
    <relevance>true</relevance>
    <sentiment>neutral</sentiment>
    <Opinions/>
    <text>@Raumwelle @subscribe_de @DLF @sendegate Ewig das selbe. Köln Messe Bahnhof ist da ganz schlimm. Ich gehe aber mal davon aus, dass das Funkhaus Barrierefrei ist. Falls du eine MFG aus dem Ruhrgebiet brauchst, sag Bescheid.</text>
  </Document>
  <Document id="1041033058646978562">
    <relevance>true</relevance>
    <sentiment>neutral</sentiment>
    <Opinions/>
    <text>@Tinkerleo hab die Frau im Rollstuhl am Bahnhof stehen gelassen  war aber sehr schön euch mal zu treffen 😂😂😂😂</text>
  </Document>
  <Document id="1071810073754771457">
    <relevance>true</relevance>
    <sentiment>negative</sentiment>
    <Opinions>
      <Opinion category="Lift#Availability" polarity="negative" from="112" to="118" target="Aufzug" category_de="Aufzug#Betrieb"/>
      <Opinion category="GeneralBarrier#Main" polarity="negative" from="201" to="213" target="barrierefrei" category_de="Allgemein_Barriere#Haupt"/>
    </Opinions>
    <text>@PRO_BAHN @DB_Info  Zwei Probleme wie soll man als #Rollstuhlfahrer auf die #warnstreik der #evg reagieren? 2. #Aufzug  #Bahnhof #Bruchsal ist schon wieder #defekt nach ungefähr zwei Tagen in Betrieb #barrierefrei #DeutscheBahn #peinlich #aktivmithandicap</text>
  </Document>
  <Document id="1077937712341106688">
    <relevance>true</relevance>
    <sentiment>negative</sentiment>
    <Opinions>
      <Opinion category="GeneralBarrier#Main" polarity="negative" from="10" to="26" target="Barrierefreiheit" category_de="Allgemein_Barriere#Haupt"/>
    </Opinions>
    <text>So sieht #Barrierefreiheit übrigens in Dortmund aus. 👍  Bb: Aushang &quot;Barrierefreie Wegweisung&quot; zu sehen ist eine Karte des Dortmunder Hbf und Umgebung. Ein roter Pfeil führt komplett um den Hbf herum. https://t.co/0tvf00kNAa</text>
  </Document>
  <Document id="1059431777956179968">
    <relevance>true</relevance>
    <sentiment>positive</sentiment>
    <Opinions>
      <Opinion category="GeneralBarrier#Main" polarity="positive" from="33" to="49" target="Barrierefreiheit" category_de="Allgemein_Barriere#Haupt"/>
      <Opinion category="GeneralBarrier#Main" polarity="positive" from="105" to="117" target="barrierefrei" category_de="Allgemein_Barriere#Haupt"/>
    </Opinions>
    <text>#Nuthetal: Investitionen in die #Barrierefreiheit &amp; ins #Radwegenetz. Es sollen weitere #Bushaltestellen barrierefrei umgebaut werden. Investiert wird zudem in die Rad-Infrastruktur: Am Bahnhof Saarmund entstehen für 63.000 Euro Stellplätze. https://t.co/pF6Q37R3UK #VBBLand /ea https://t.co/GA5APA7jpr</text>
  </Document>
  <Document id="1080826438654312448">
    <relevance>true</relevance>
    <sentiment>negative</sentiment>
    <Opinions>
      <Opinion category="Escalator#Availability" polarity="negative" from="44" to="55" target="Rolltreppen" category_de="Rolltreppe#Betrieb"/>
    </Opinions>
    <text>U-Bahnhof Sendlinger Tor: Sperrung von drei Rolltreppen ab 7. Januar 2019 https://t.co/byyJ47YVfT https://t.co/VKQlJ60h8Q</text>
  </Document>
  <Document id="1076886768660697088">
    <relevance>true</relevance>
    <sentiment>neutral</sentiment>
    <Opinions/>
    <text>⭐ Südländer-Familie stößt 65-Jährigen am Bahnhof aus Aufzug und lässt ihn verletzt liegen ⭐ https://t.co/fwIyDwLqUk</text>
  </Document>
  <Document id="969256658126934016">
    <relevance>true</relevance>
    <sentiment>neutral</sentiment>
    <Opinions/>
    <text>Damitte Omma auch nen Platz kriecht. Fürnen Rollator. Und wer ne ganze Flucht lang gelaufen ist kann auch vonnen Bahnhof nachen Heim laufen. Is klar.  #Essen #EssenerTafel #MarlerTafel #Marl https://t.co/c61AAjKDGH</text>
  </Document>
  <Document id="1078974471007072257">
    <relevance>true</relevance>
    <sentiment>negative</sentiment>
    <Opinions>
      <Opinion category="Lift#Availability" polarity="negative" from="5" to="11" target="Aufzug" category_de="Aufzug#Betrieb"/>
    </Opinions>
    <text>Der #Aufzug 🚡 am U-#Bahnhof 🚏#HeissenKirche ist defekt; Anfrage an die @ruhrbahn läuft - wir halten euch auf dem Laufenden! 😊👍🏻🚃 #Mülheim #U18 #UBahn #ÖPNV #Ruhrbahn https://t.co/7cMQdSktYF</text>
  </Document>
  <Document id="729243704855244800">
    <relevance>true</relevance>
    <sentiment>negative</sentiment>
    <Opinions>
      <Opinion category="Lift#Availability" polarity="negative" from="27" to="35" target="Aufzügen" category_de="Aufzug#Betrieb"/>
    </Opinions>
    <text>@DB_Info Danke, dass von 3 Aufzügen 3 defekt sind. So macht das Fahren mit Gehbehinderung gleich viel mehr Spaß...</text>
  </Document>
  <Document id="1078782618689253377">
    <relevance>false</relevance>
    <sentiment>neutral</sentiment>
    <Opinions/>
    <text>RT @faznet: Knapp eine Stunde saßen zwei Gäste eines Frankfurter Hotels in einem Paternoster-Aufzug fest. Nach der Panne sind die Aufzüge w…</text>
  </Document>
  <Document id="1018925098072465410">
    <relevance>true</relevance>
    <sentiment>neutral</sentiment>
    <Opinions/>
    <text>@DB_Bahn @Uli_Beck Geht nicht auf diesen geistig verwirrten Mann ein, er hat wieder zuviel gesoffen, weil er durch einen tragischen Unfall im Rollstuhl sitzt und an Depressionen erkrankt ist.</text>
  </Document>
  <Document id="1045803340452556800">
    <relevance>true</relevance>
    <sentiment>negative</sentiment>
    <Opinions>
      <Opinion category="GeneralBarrier#Main" polarity="negative" from="85" to="101" target="Barrierefreiheit" category_de="Allgemein_Barriere#Haupt"/>
    </Opinions>
    <text>@raulde @DB_Bahn ... Das ist leider ein sehr leidiges Thema. Ich fühle mit dir Raul 😔Barrierefreiheit ist nicht wirklich die Stärke der @DB_Bahn. Bei uns in der Stadt sieht es momentan sehr düster mit dem Bahnhof und der dazugehörigen Personenüberführung aus. https://t.co/fa2ZzirZkC</text>
  </Document>
  <Document id="1018265149105418240">
    <relevance>true</relevance>
    <sentiment>neutral</sentiment>
    <Opinions/>
    <text>@DB_Bahn jetzt stell sich einer vor wir wären geh-beeinträchtigt oder gar im Rollstuhl unterwegs. Dann hätten wir ja sogar den unzufriedenen Mitarbeiter zur Mitarbeit gezwungen.</text>
  </Document>
  <Document id="1042339933313265664">
    <relevance>true</relevance>
    <sentiment>positive</sentiment>
    <Opinions>
      <Opinion category="Lighting#Availability" polarity="positive" from="169" to="180" target="Beleuchtung" category_de="Beleuchtung#Betrieb"/>
    </Opinions>
    <text>@ms_1982_ffm Hallo, die Deckenelemente werden auf Grund der brandschutztechnischen Ertüchtigung in der Station voraussichtlich bis Ende 2018 wieder verschlossen. Um die Beleuchtung kümmern sich die Kollegen zeitnah. Viele Grüße! *sr</text>
  </Document>
  <Document id="973302204294664192">
    <relevance>true</relevance>
    <sentiment>positive</sentiment>
    <Opinions>
      <Opinion category="Lighting#Availability" polarity="positive" from="49" to="60" target="Beleuchtung" category_de="Beleuchtung#Betrieb"/>
    </Opinions>
    <text>RT @SBahnBerlin: #S8, #S85, #S9, #S45, #S46, die Beleuchtung auf dem Bahnsteig in #Betriebsbahnhof_Schöneweide funktioniert wieder, die Züg…</text>
  </Document>
  <Document id="1068527922095378432">
    <relevance>true</relevance>
    <sentiment>negative</sentiment>
    <Opinions>
      <Opinion category="Lift#Availability" polarity="negative" from="200" to="209" target="DB-Aufzug" category_de="Aufzug#Betrieb"/>
      <Opinion category="GeneralBarrier#Main" polarity="negative" from="250" to="262" target="Barrierefrei" category_de="Allgemein_Barriere#Haupt"/>
    </Opinions>
    <text>Manchmal schließe ich einfach meine Augen und stelle mir vor, dass der #Aufzug zu den Gleisen 3 und 4 in #Köln #Ehrenfeld funktioniert. Und dann muss ich laut lachen. Danke, liebe Deutsche Bahn! Der #DB-Aufzug ist schon seit Anfang Mai stillgelegt. #Barrierefrei ist anders.</text>
  </Document>
  <Document id="915793833463619587">
    <relevance>true</relevance>
    <sentiment>negative</sentiment>
    <Opinions>
      <Opinion category="Lighting#Availability" polarity="negative" from="5" to="25" target="Bahnsteigbeleuchtung" category_de="Beleuchtung#Betrieb"/>
    </Opinions>
    <text>#S3 #Bahnsteigbeleuchtung in #Hattingen (Ruhr) ist ausgefallen. Züge halten zur Beleuchtung etwas länger am Bahnsteig. 💡</text>
  </Document>
  <Document id="1039444528514703360">
    <relevance>true</relevance>
    <sentiment>neutral</sentiment>
    <Opinions/>
    <text>@DB_Bahn @LINKEBergedorf Für Menschen die auf Inklusion mit Rollstuhl, stärkerer Gehbehinderung u.ä. angewiesen sind, ist das die direkte Verbindung in die City. Wäre schön, wenn Reperatur möglichst kurzzeitig erfolgt.</text>
  </Document>
  <Document id="1050382938574127104">
    <relevance>true</relevance>
    <sentiment>negative</sentiment>
    <Opinions>
      <Opinion category="Lift#Availability" polarity="negative" from="30" to="36" target="Aufzug" category_de="Aufzug#Betrieb"/>
    </Opinions>
    <text>.@DB_Bahn Seit Montag ist der Aufzug S-Bahn Technologiepark Müngersdorf defekt. Rollstühle u.a. von Schülern werden die Treppen rauf und runter getragen. Kann man da nix machen?</text>
  </Document>
  <Document id="1039368371232546817">
    <relevance>true</relevance>
    <sentiment>negative</sentiment>
    <Opinions>
      <Opinion category="Lighting#Availability" polarity="negative" from="84" to="95" target="Beleuchtung" category_de="Beleuchtung#Betrieb"/>
    </Opinions>
    <text>@db_bahn müsst ihr bereits so stark sparen, dass es euch nicht mehr möglich ist die Beleuchtung am Bahnhof in Kall morgens um 6:10 Uhr zu betreiben? #sturzgefahr #rundherumlichtnurnichtbeiderbahn #nurnochzumkotzen #nullservice</text>
  </Document>
  <Document id="1072903379976896675">
    <relevance>true</relevance>
    <sentiment>neutral</sentiment>
    <Opinions/>
    <text>Krieg die Krise wenn Leute wie gehbehindert die Treppe zur U-Bahn runterlaufen und ich dadurch die U-Bahn verpasse.</text>
  </Document>
  <Document id="888277260666421248">
    <relevance>true</relevance>
    <sentiment>neutral</sentiment>
    <Opinions/>
    <text>RT @augenschelm: Bahnhof.  Alle nehmen die Rolltreppe.  Frau mit ausgeprägter Gehbehinderung nimmt als einzige die Stufen.  Vorbild des Tag…</text>
  </Document>
  <Document id="1080146850987032576">
    <relevance>true</relevance>
    <sentiment>neutral</sentiment>
    <Opinions/>
    <text>Pokerface im Aufzug und in der Bahn https://t.co/6qy1nfUFBL</text>
  </Document>
  <Document id="1082203991692529664">
    <relevance>true</relevance>
    <sentiment>neutral</sentiment>
    <Opinions/>
    <text>Mir egal, ob du ein netter Mensch bist. Wenn du beim Aussteigen aus Bus/Bahn vor meinen Füßen stehen bleibst oder die Rolltreppe blockierst, HAST DU ES BEI MIR VERKACKT!</text>
  </Document>
  <Document id="1084707126952542208">
    <relevance>true</relevance>
    <sentiment>negative</sentiment>
    <Opinions>
      <Opinion category="Escalator#Availability" polarity="negative" from="31" to="42" target="Rolltreppen" category_de="Rolltreppe#Betrieb"/>
    </Opinions>
    <text>Wann bekommen Sie endlich Ihre Rolltreppen im Bahnhof Alexanderplatz in den Griff? Seit nunmehr einer Woche ist die vom UG ins EG ( bei Rossmann) außer Betrieb und die von Gleis 2 nun seit Donnerstag vergangener Woche! Wann wird der Schaden endlich mal behoben? @BVG_Kampagne</text>
  </Document>
  <Document id="1081953632466231296">
    <relevance>true</relevance>
    <sentiment>neutral</sentiment>
    <Opinions/>
    <text>.. und stehen. 😞 So weit ist es nicht mehr bis zum Bahnhof. Immerhin die Beleuchtung ist noch an.</text>
  </Document>
  <Document id="1070012873190109184">
    <relevance>false</relevance>
    <sentiment>neutral</sentiment>
    <Opinions/>
    <text>***UPDATE*** Das #HAVAG-SERVICE-CENTER Rolltreppe öffnet morgen (5.12.2018) zu den normalen Öffnungszeiten. Kunden werden gebeten, den innen liegenden Eingang im Stadtcenter Rolltreppe zu nutzen.</text>
  </Document>
  <Document id="1037012072360488960">
    <relevance>true</relevance>
    <sentiment>neutral</sentiment>
    <Opinions/>
    <text>Konnte am Bahnhof keinen Fahrschein ziehen. Musste so in den Zug. Frau im Rollstuhl und mit Kinderwagen im Zug gesehen. Wagen rollt davon. Ich halte den auf. Frau bedankt sich. Fahrkartenkontrolle. Die Dame erklärte, dass ich zu ihr gehöre und auf ihren Ticket mitfahre. Liebe!</text>
  </Document>
  <Document id="1028361162012983296">
    <relevance>true</relevance>
    <sentiment>neutral</sentiment>
    <Opinions/>
    <text>@DB_Bahn Geht schon um den Bahnsteig, nur halt der auf der anderen Seite 🙈 die Fahrgäste zahlen ja natürlich für die Beleuchtung auf dem gesamten Bahnsteig 😂😉</text>
  </Document>
  <Document id="1084708237201547264">
    <relevance>true</relevance>
    <sentiment>negative</sentiment>
    <Opinions>
      <Opinion category="Escalator#Availability" polarity="negative" from="14" to="24" target="Rolltreppe" category_de="Rolltreppe#Betrieb"/>
    </Opinions>
    <text>Dank kaputter Rolltreppe die S Bahn nur noch von hinten gesehen und zusätzlich zu den 25 Minuten Verspätung 8 Minuten warten #bahnleaks</text>
  </Document>
  <Document id="1059347576431042560">
    <relevance>true</relevance>
    <sentiment>negative</sentiment>
    <Opinions>
      <Opinion category="Lighting#Availability" polarity="negative" from="154" to="165" target="Beleuchtung" category_de="Beleuchtung#Betrieb"/>
      <Opinion category="InfoDisplay#Avaiability" polarity="negative" from="175" to="183" target="Anzeigen" category_de="Infoanzeige#Betrieb"/>
    </Opinions>
    <text>Wie jede Woche seit 15. Oktober hat der ICE von Berlin um 6.51 Uhr nach Köln/Düsseldorf wieder technische Probleme: Verspätung (wie immer), Klimaanlage &amp; Beleuchtung &amp; WLAN &amp; Anzeigen ausgefallen. Herstellerfirma #Siemens behauptet, sie könne auch &quot;sichere&quot; #Kernkraftwerke bauen.</text>
  </Document>
  <Document id="1063789868331995137">
    <relevance>true</relevance>
    <sentiment>neutral</sentiment>
    <Opinions/>
    <text>@KathasStrophen Auf jeden Fall Heros und Highway to Hell. Die die keine Helden sein wollen (und ja, manchmal reicht es schon einem alten Herrn mit Rollator im Bahnhof die Tür aufzuhalten) wissen dann ja gleich, wo sie hingehen.</text>
  </Document>
  <Document id="1083355257218973699">
    <relevance>true</relevance>
    <sentiment>positive</sentiment>
    <Opinions>
      <Opinion category="BarrierOthers#Main" polarity="positive" from="199" to="242" target="Einsteigen in Bus &amp; Bahn mit einem Rollator" category_de="Sonstiges_Barriere#Haupt"/>
    </Opinions>
    <text>@JfSusanne (2/2) und das Planen einer Fahrt. Daher ist dieses Projekt mittlerweile bei vielen Grundschulen fest im Lehrplan integriert. Für die Senioren haben wir auch vielfältige Angebote, etwa das Einsteigen in Bus &amp; Bahn mit einem Rollator oder eben den Erwerb von Fahrkarten.</text>
  </Document>
  <Document id="1078944881039589382">
    <relevance>false</relevance>
    <sentiment>neutral</sentiment>
    <Opinions/>
    <text>@zeitonline Ich glaube, wenn es irgendetwas gibt, dass Deutschland nicht braucht, ist es das letzte bisschen Spaß zugunsten einem noch letzteren Mü an Sicherheit und Comfort aufzugeben Wir leben ohnehin in einer stark regulierten Gesellschaft, da müssen ein paar unvernünftige Dinge eben sein</text>
  </Document>
  <Document id="1044779481414729729">
    <relevance>true</relevance>
    <sentiment>negative</sentiment>
    <Opinions>
      <Opinion category="Lighting#Availability" polarity="negative" from="60" to="71" target="Beleuchtung" category_de="Beleuchtung#Betrieb"/>
    </Opinions>
    <text>@DB_Bahn @Regio_NRW habt Ihr jetzt schon kein Geld mehr die Beleuchtung? #wuppertalhbf im #Dunkeln</text>
  </Document>
  <Document id="1072211786290610177">
    <relevance>true</relevance>
    <sentiment>negative</sentiment>
    <Opinions>
      <Opinion category="ccidentsMobilityGroups#Main" polarity="negative" from="139" to="151" target="Vollbremsung" category_de="Unfall#Haupt"/>
    </Opinions>
    <text>Gesellschaft: Gebt den Alten wieder das Gefühl jung zu sein. D.h. bietet ihnen keinen Platz zum Sitzen an und applaudiert wenn sie bei der Vollbremsung mit ihrem Rollator durch den Gang sliden! #bahn</text>
  </Document>
  <Document id="1044629299507204096">
    <relevance>true</relevance>
    <sentiment>negative</sentiment>
    <Opinions>
      <Opinion category="Lift#Availability" polarity="negative" from="42" to="48" target="Aufzug" category_de="Aufzug#Betrieb"/>
    </Opinions>
    <text>Infolge einer technischen Störung ist der Aufzug im Bahnhof Wittenberge zum Gleis 4/5 gestört.</text>
  </Document>
  <Document id="1076846638608629762">
    <relevance>true</relevance>
    <sentiment>neutral</sentiment>
    <Opinions/>
    <text>Familie stößt Mann (65) aus Aufzug am Bahnhof Hamm – Sturz und Kopfverletzung https://t.co/RotAye9XZF via @Rundblick Unna</text>
  </Document>
  <Document id="1076371702353985536">
    <relevance>true</relevance>
    <sentiment>negative</sentiment>
    <Opinions>
      <Opinion category="Escalator#Availability" polarity="negative" from="34" to="44" target="Rolltreppe" category_de="Rolltreppe#Betrieb"/>
      <Opinion category="Lift#Availability" polarity="negative" from="63" to="69" target="Aufzug" category_de="Aufzug#Betrieb"/>
    </Opinions>
    <text>Bahnhof am Flughafen Fernbahnhof: Rolltreppe nach oben kaputt. Aufzug kaputt. 🙄</text>
  </Document>
  <Document id="933574324262449152">
    <relevance>true</relevance>
    <sentiment>negative</sentiment>
    <Opinions>
      <Opinion category="Lighting#Availability" polarity="negative" from="19" to="30" target="Beleuchtung" category_de="Beleuchtung#Betrieb"/>
    </Opinions>
    <text>@DB_Bahn Moin, die Beleuchtung des Zugzielanzeigers am Bonner Hbf Gleis 2 Abschnitt D ist an einer Seite defekt und damit nicht mehr lesbar.</text>
  </Document>
  <Document id="1081135965832396800">
    <relevance>true</relevance>
    <sentiment>neutral</sentiment>
    <Opinions/>
    <text>U-Bahn Merkenstraße  #ubahn #hvv #hamburg #deutschland #germany #ubahnhof #barrierefrei #hamburgerverkehrsverbund #art #colorart #kunst #kachel @ Hamburg, Germany https://t.co/Lb7uJLmqd4</text>
  </Document>
  <Document id="1007254541044199424">
    <relevance>true</relevance>
    <sentiment>negative</sentiment>
    <Opinions>
      <Opinion category="GeneralBarrier#Main" polarity="negative" from="12" to="61" target="als gehbehinderter hat man bei euch echt verloren" category_de="Allgemein_Barriere#Haupt"/>
    </Opinions>
    <text>@LVB_direkt als gehbehinderter hat man bei euch echt verloren!!</text>
  </Document>
  <Document id="1055158876847390721">
    <relevance>true</relevance>
    <sentiment>positive</sentiment>
    <Opinions>
      <Opinion category="GeneralBarrier#Main" polarity="positive" from="131" to="146" target="Barrierefreihei" category_de="Allgemein_Barriere#Haupt"/>
    </Opinions>
    <text>Seit gestern ist am #Bahnhof  #Bruchsal die elektrischen Türen in Betrieb. Heute ausprobiert. Wieder ein kleiner Schritt für die  #Barrierefreiheit</text>
  </Document>
  <Document id="1037001028498083843">
    <relevance>true</relevance>
    <sentiment>neutral</sentiment>
    <Opinions/>
    <text>Geil wegen nem Behindi im Rollstuhl die Bahn verpasst</text>
  </Document>
  <Document id="982967222556643328">
    <relevance>true</relevance>
    <sentiment>neutral</sentiment>
    <Opinions/>
    <text>Und dann wird’s noch zu nem Skandal erklärt wenn ich einer alten Frau die einfach nur mit ihrem rollator im Weg steht weder etwas macht noch sagt nicht einfach so ihren scheiß aus der Bahn trage</text>
  </Document>
  <Document id="1069904317040246784">
    <relevance>true</relevance>
    <sentiment>positive</sentiment>
    <Opinions>
      <Opinion category="GeneralBarrier#Main" polarity="positive" from="126" to="138" target="barrierefrei" category_de="Allgemein_Barriere#Haupt"/>
    </Opinions>
    <text>Gute Nachrichten für #Pendler und Anwohner: Neue Überholgleise sollen Pünktlichkeit verbessern. Hauptbahnhof #Eschweiler wird barrierefrei umgebaut. Schallschutzwände reduzieren Schienenlärm. #vorankommenNRW Fotos: DB/Neuhaus https://t.co/8OxiQm4GHK</text>
  </Document>
  <Document id="888275958599360512">
    <relevance>true</relevance>
    <sentiment>neutral</sentiment>
    <Opinions/>
    <text>Bahnhof.  Alle nehmen die Rolltreppe.  Frau mit ausgeprägter Gehbehinderung nimmt als einzige die Stufen.  Vorbild des Tages gefunden ❤</text>
  </Document>
  <Document id="1006424971814621184">
    <relevance>true</relevance>
    <sentiment>negative</sentiment>
    <Opinions>
      <Opinion category="Lighting#Availability" polarity="negative" from="84" to="95" target="Beleuchtung" category_de="Beleuchtung#Betrieb"/>
    </Opinions>
    <text>@RMVdialog Bahnhof Dreieich- Buchschlag: in der Unterführung zu den Gleisen ist die Beleuchtung und die Beschilderung zu Gleis 2 und 3 defekt.</text>
  </Document>
  <Document id="1046142955055185922">
    <relevance>true</relevance>
    <sentiment>neutral</sentiment>
    <Opinions/>
    <text>@raulde @DB_Bahn Ist Dein Rollstuhl eigentlich Standardmaß? Ich frage mich gerade ob bei Rettungsbrücken überhaupt an Rollstuhlfahrer gedacht wurde? Falls nicht ist es ein Systemfehler und nicht durch die Bahn verursacht.</text>
  </Document>
  <Document id="1051213986723651584">
    <relevance>true</relevance>
    <sentiment>negative</sentiment>
    <Opinions>
      <Opinion category="Lift#Availability" polarity="negative" from="45" to="51" target="Aufzug" category_de="Aufzug#Betrieb"/>
    </Opinions>
    <text>RT @geldkobra: .@DB_Bahn Seit Montag ist der Aufzug S-Bahn Technologiepark Müngersdorf defekt. Rollstühle u.a. von Schülern werden die Trep…</text>
  </Document>
  <Document id="1069981865963077634">
    <relevance>true</relevance>
    <sentiment>negative</sentiment>
    <Opinions>
      <Opinion category="GeneralBarrier#Main" polarity="negative" from="96" to="108" target="Barrierefrei" category_de="Allgemein_Barriere#Haupt"/>
    </Opinions>
    <text>@vgf_ffm wieso ist bei den Stationen Musterschule und Glauburgstraße nur ein Teil vom Bahnsteig Barrierefrei. Das sieht nicht so schön aus. Musste man wirklich Betton sparen?</text>
  </Document>
  <Document id="935755988342378497">
    <relevance>true</relevance>
    <sentiment>negative</sentiment>
    <Opinions>
      <Opinion category="Lift#Availability" polarity="negative" from="184" to="190" target="Aufzug" category_de="Aufzug#Betrieb"/>
    </Opinions>
    <text>@BVG_Ubahn Werden die Treppen Walter-Schreiber-Platz auch mal sauber gemacht? Seit Wochen sind diese schon mit Kotze behaftet Prima, wenn das kleine Kind da lang laufen muss, weil der Aufzug schon eine Woche defekt ist.</text>
  </Document>
  <Document id="1055442941131526144">
    <relevance>true</relevance>
    <sentiment>neutral</sentiment>
    <Opinions/>
    <text>@sabrinabianca89 ...und mir bieten in der Bahn alle nen Sitzplatz an...sogar 89-jährige gehbehinderte Damen :-(</text>
  </Document>
  <Document id="1002066495143337991">
    <relevance>true</relevance>
    <sentiment>negative</sentiment>
    <Opinions>
      <Opinion category="Lift#Availability" polarity="negative" from="182" to="191" target="Fahrstuhl" category_de="Aufzug#Betrieb"/>
      <Opinion category="Lift#Availability" polarity="negative" from="182" to="191" target="Fahrstuhl" category_de="Aufzug#Betrieb"/>
    </Opinions>
    <text>Ich frage mich wie Menschen die auf den Rollstuhl angewiesen sind, sich in Berlin mit Öffis bewegen. Hatte jetzt ein paarmal mein Rad mit in der Bahn. Fazit: entweder gibt es keinen Fahrstuhl oder er ist kaputt. Oder so langsam dass man denkt er ist kaputt.</text>
  </Document>
  <Document id="1083265721851932672">
    <relevance>true</relevance>
    <sentiment>negative</sentiment>
    <Opinions>
      <Opinion category="Escalator#Availability" polarity="negative" from="58" to="68" target="Rolltreppe" category_de="Rolltreppe#Betrieb"/>
    </Opinions>
    <text>@_gelbster ....und dann ist auch noch die gefühlt längste Rolltreppe der U-Bahn außer Betrieb... 😬 https://t.co/iWfO7jrnOy</text>
  </Document>
  <Document id="1029392931873083392">
    <relevance>true</relevance>
    <sentiment>neutral</sentiment>
    <Opinions/>
    <text>Wenn’se in Berlin anjeschnauzt wirst, biste akzeptiert, oder? 😄Wofür ist am @BVG_Bus der von außen drückbare Knopf? Nicht zum Türe öffnen (a la S-Bahn)? Ich drücke, Leute steigen aus und ein, ich auch, Türe geht zu. Fahrer fragt mit Berliner Schnauze, ob ein Rollstuhl (1/2)</text>
  </Document>
  <Document id="1078950597188075526">
    <relevance>true</relevance>
    <sentiment>negative</sentiment>
    <Opinions>
      <Opinion category="Lift#Availability" polarity="negative" from="47" to="57" target="Fahrstühle" category_de="Aufzug#Betrieb"/>
      <Opinion category="GroundLevelAccess#Main" polarity="negative" from="128" to="134" target="Treppe" category_de="Stufenfrei_Hoehengleich#Haupt"/>
    </Opinions>
    <text>Hallo @DB_Bahn, wann funktionieren endlich die Fahrstühle am Bahnhof in #Lampertheim?!?! Eben musste wurde eine ältere Dame die Treppe gehen und den Rollator hochtragen? Seit über zwei Jahren wird hier gebaut! Unfassbar! 😡 @Lampertheim_</text>
  </Document>
  <Document id="1070929230723207168">
    <relevance>true</relevance>
    <sentiment>negative</sentiment>
    <Opinions>
      <Opinion category="Lift#Availability" polarity="negative" from="17" to="24" target="Aufzüge" category_de="Aufzug#Betrieb"/>
      <Opinion category="Lift#Availability" polarity="negative" from="108" to="114" target="Aufzug" category_de="Aufzug#Betrieb"/>
    </Opinions>
    <text>@DB_Bahn Defekte Aufzüge am FFM Airport Fernbf. Laut Information auf der Hompage der Deutschen Bahn ist ein Aufzug auf Gleis 6/7 aktiv, ich musste heute feststellen, dass dieser ebenfalls defekt ist. Wann hat dieser Zustand ein Ende? wann werden die korrekten Infos eingeblendet? https://t.co/O2xMi4BUAS</text>
  </Document>
  <Document id="938272449547862016">
    <relevance>true</relevance>
    <sentiment>negative</sentiment>
    <Opinions>
      <Opinion category="Lighting#Availability" polarity="negative" from="57" to="68" target="Beleuchtung" category_de="Beleuchtung#Betrieb"/>
    </Opinions>
    <text>RT @lokfuehrer_tim: Im Bahnhof Troisdorf ist die gesamte Beleuchtung ausgefallen, somit halten dort derzeit keine Personenzüge 🙈</text>
  </Document>
  <Document id="1071821031822766080">
    <relevance>true</relevance>
    <sentiment>negative</sentiment>
    <Opinions>
      <Opinion category="GeneralBarrier#Main" polarity="negative" from="142" to="158" target="Barrierefreiheit" category_de="Allgemein_Barriere#Haupt"/>
    </Opinions>
    <text>@DB_Presse Die Nummer ist mir bekannt nur ändert das nichts daran dass man als #Rollstuhlfahrer  Mit der fehlerhaften Planung und mangelnden #Barrierefreiheit kämpfen muss. Die #Mobilitätsserivezentrale ist da #machtlos nur Infos aus dem PC #aktivmithandicap</text>
  </Document>
  <Document id="992399310972248064">
    <relevance>true</relevance>
    <sentiment>neutral</sentiment>
    <Opinions/>
    <text>@DB_Info Warum brennt eigentlich am Haaner Bahnhof (NRW) 24 Stunden am Tag die Beleuchtung? Vor ungefähr einem Jahr wurde diese Tagsüber abgeschaltet.....</text>
  </Document>
  <Document id="1003547928676446208">
    <relevance>true</relevance>
    <sentiment>negative</sentiment>
    <Opinions>
      <Opinion category="Lighting#Availability" polarity="negative" from="107" to="118" target="Beleuchtung" category_de="Beleuchtung#Betrieb"/>
    </Opinions>
    <text>#IC2025 Keine Reservierungen angezeigt, mehrere Schulklassen an Bord, daher Abfahrt in HH Hbf +15 Minuten, Beleuchtung in mehreren Wagen defekt, BordBistro bei Abfahrt HH Hbf geschlossen, Wagen 10 fehlt. Läuft mal wieder bei dir, @DB_Bahn @DB_Info !</text>
  </Document>
  <Document id="1083311162698227713">
    <relevance>true</relevance>
    <sentiment>neutral</sentiment>
    <Opinions/>
    <text>Elternzeit bedeutet zu wissen welche U-Bahn Rolltreppen eine Wechselschaltung haben bzw. welche nur aufwärts oder abwärts fahren. https://t.co/JqgkfqKNV7</text>
  </Document>
  <Document id="1042347331142778880">
    <relevance>false</relevance>
    <sentiment>neutral</sentiment>
    <Opinions/>
    <text>Immer wieder etwas Neues. Es hat vor der ATOS-Klinik zwei Fahrspuren (absolutes Halteverbot). Wenn man unbedingt an der Stelle parken muss, sollte man sich wenigstens auf die Fahrbahn stellen. Nein, es handelt sich um keinen gehbehinderten Rentner. Auflösung folgt. #HD_W_1556 https://t.co/G0tvLSKnQn</text>
  </Document>
  <Document id="1066678498994151425">
    <relevance>true</relevance>
    <sentiment>negative</sentiment>
    <Opinions>
      <Opinion category="GeneralBarrier#Main" polarity="negative" from="227" to="243" target="Barrierefreiheit" category_de="Allgemein_Barriere#Haupt"/>
    </Opinions>
    <text>@Flo_Jens @Balouqlc @DB_Bahn Naja, in diesem Fall geht es im den Würzburger HBF, also kein kleiner Dorfbahnhof. Das sollte schon möglich sein hier. Nicht an jedem kleinen Streckenbahnhof, das sehe ich ein. Obwohl da wenigstens Barrierefreiheit gesichert sein sollte, was auch nicht der Fall ist..</text>
  </Document>
  <Document id="1077839501660209152">
    <relevance>true</relevance>
    <sentiment>negative</sentiment>
    <Opinions>
      <Opinion category="Escalator#Availability" polarity="negative" from="6" to="17" target="Rolltreppen" category_de="Rolltreppe#Betrieb"/>
    </Opinions>
    <text>Keine Rolltreppen für Magdeburger Bahnhof https://t.co/C6RKElsRo3 #magdeburg</text>
  </Document>
  <Document id="1076031130334347264">
    <relevance>true</relevance>
    <sentiment>neutral</sentiment>
    <Opinions/>
    <text>Stadt #Offenbach darf nun selbst S-Bahn-Rolltreppen neu starten https://t.co/JDBgb7aJ5c</text>
  </Document>
  <Document id="940635792094973952">
    <relevance>true</relevance>
    <sentiment>neutral</sentiment>
    <Opinions/>
    <text>@BVG_Tram Ich gehe an zwei Krücken und bin echt nicht so mobil. Geht dem älteren Herrn mit dem Rollator genauso. Aber nun scheint hier was angekommen zu sein... Danke für die Auskunft!</text>
  </Document>
  <Document id="1084828197546422272">
    <relevance>true</relevance>
    <sentiment>positive</sentiment>
    <Opinions>
      <Opinion category="GeneralBarrier#Main" polarity="positive" from="36" to="48" target="barrierefrei" category_de="Allgemein_Barriere#Haupt"/>
    </Opinions>
    <text>Haltestellen Berliner Straße werden barrierefrei ausgebaut https://t.co/mbm4JxEjGX</text>
  </Document>
  <Document id="1011557213347942400">
    <relevance>true</relevance>
    <sentiment>negative</sentiment>
    <Opinions>
      <Opinion category="BarrierOthers#Main" polarity="negative" from="67" to="108" target="HIER mit dem Rollstuhl die Bahn besteigen" category_de="Sonstiges_Barriere#Haupt"/>
    </Opinions>
    <text>@neuepresse @uestra Wenn ich das Foto sehe, kommt mir das Grausen. HIER mit dem Rollstuhl die Bahn besteigen? Fast unmöglich. Viel zu eng.</text>
  </Document>
  <Document id="1081148740537405442">
    <relevance>true</relevance>
    <sentiment>positive</sentiment>
    <Opinions>
      <Opinion category="GeneralBarrier#Main" polarity="positive" from="202" to="214" target="barrierefrei" category_de="Allgemein_Barriere#Haupt"/>
    </Opinions>
    <text>Schade, der Weinberg am Stintfang über dem Bahnhof Landungsbrücken wird abgeholzt! Auf den haben wir jahrelang von unserer Haltestelle an Brücke 4 aus geguckt. Der Bahnhof wird dann saniert und endlich barrierefrei gemacht. Und das wurde auch mal höchste Zeit… https://t.co/DofZ0sVexV</text>
  </Document>
  <Document id="846667894301872128">
    <relevance>true</relevance>
    <sentiment>neutral</sentiment>
    <Opinions/>
    <text>Am liebsten mag ich die Alten, die so sehr gehbehindert sind, aber in der Bahn sofort zu den freien Plätzen in der Nähe der Tür sprinten.</text>
  </Document>
  <Document id="1059061915803103232">
    <relevance>true</relevance>
    <sentiment>negative</sentiment>
    <Opinions>
      <Opinion category="Lift#Availability" polarity="negative" from="20" to="26" target="Aufzug" category_de="Aufzug#Betrieb"/>
      <Opinion category="Escalator#Availability" polarity="negative" from="35" to="45" target="Rolltreppe" category_de="Rolltreppe#Betrieb"/>
      <Opinion category="GeneralBarrier#Main" polarity="negative" from="142" to="158" target="Barrierefreiheit" category_de="Allgemein_Barriere#Haupt"/>
    </Opinions>
    <text>S-Bahnhof Neukölln: Aufzug defekt, Rolltreppe defekt, lauter Menschen in Rolli oder mit Kinderwagen stehen verloren da. Alles kaputt gespart, Barrierefreiheit fürn Arsch. &gt;:(</text>
  </Document>
  <Document id="1081263425525895173">
    <relevance>true</relevance>
    <sentiment>positive</sentiment>
    <Opinions>
      <Opinion category="GeneralBarrier#Main" polarity="positive" from="194" to="206" target="barrierefrei" category_de="Allgemein_Barriere#Haupt"/>
    </Opinions>
    <text>@bb_brink @tempelelfe @HobbyQS @LauraGehlhaar In Harburg, die Frauenärzte am Rathaus. (Also ich MEINE,dass die Barrierefrei sein müsste.) Und man kommt dort mit der sbahn und dem Fahrstuhl auch barrierefrei hin.</text>
  </Document>
  <Document id="1078965112831123456">
    <relevance>true</relevance>
    <sentiment>negative</sentiment>
    <Opinions>
      <Opinion category="GeneralBarrier#Main" polarity="negative" from="73" to="85" target="barrierefrei" category_de="Allgemein_Barriere#Haupt"/>
    </Opinions>
    <text>Liebe @ruhrbahn, ist absehbar, wann der U-#Bahnhof #HeissenKirche wieder barrierefrei erreichbar sein wird? Davon ab: Frohes Neues Jahr! 🚃😊🍀 #U18 #Ruhrbahn #UBahn cc. @muehlenfeld https://t.co/r4geds6Lh0</text>
  </Document>
  <Document id="1072128918788943873">
    <relevance>true</relevance>
    <sentiment>negative</sentiment>
    <Opinions>
      <Opinion category="Lift#Availability" polarity="negative" from="15" to="21" target="Aufzug" category_de="Aufzug#Betrieb"/>
    </Opinions>
    <text>@BVG_Ubahn der Aufzug am U7-Bahnhof Zitadelle funktioniert nicht.</text>
  </Document>
  <Document id="1048498688241410048">
    <relevance>true</relevance>
    <sentiment>neutral</sentiment>
    <Opinions/>
    <text>Hab grad einer Älteren Dame in die Bahn geholfen mit ihrem Rollator. Sie bedanke sich mit den Worten &quot;....dafür bekommen Sie ein Sternchen von mir&quot; War bestimmt mal Lehrerin #LiveLongAndProsper</text>
  </Document>
  <Document id="974331559590486018">
    <relevance>true</relevance>
    <sentiment>negative</sentiment>
    <Opinions>
      <Opinion category="GeneralBarrier#Main" polarity="negative" from="51" to="80" target="Rollator unfreundlichste Bahn" category_de="Allgemein_Barriere#Haupt"/>
    </Opinions>
    <text>Übrigens ist die S-Bahn von Bülach nach Zürich die Rollator unfreundlichste Bahn.</text>
  </Document>
  <Document id="1060580876805984257">
    <relevance>true</relevance>
    <sentiment>neutral</sentiment>
    <Opinions/>
    <text>In der heutigen Ausgabe der @WAZ_Essen habe ich erneut deutlich gemacht wie wichtig es ist, dass die Einrichtungen zur #Barrierefreiheit bei der #Bahn auch kontinuierlich funktionieren. Eine dreimonatige Sperrung des einzigen Behinderten-WC ist eine Zumutung. #Inklusion https://t.co/NgRBPdRhtx</text>
  </Document>
  <Document id="915798261054758912">
    <relevance>true</relevance>
    <sentiment>negative</sentiment>
    <Opinions>
      <Opinion category="Lighting#Availability" polarity="negative" from="20" to="40" target="Bahnsteigbeleuchtung" category_de="Beleuchtung#Betrieb"/>
    </Opinions>
    <text>RT @Regio_NRW: #S3 #Bahnsteigbeleuchtung in #Hattingen (Ruhr) ist ausgefallen. Züge halten zur Beleuchtung etwas länger am Bahnsteig. 💡</text>
  </Document>
  <Document id="1008057565857701888">
    <relevance>true</relevance>
    <sentiment>negative</sentiment>
    <Opinions>
      <Opinion category="ConstructionSite#Main" polarity="negative" from="43" to="56" target="Umbauarbeiten" category_de="Baustelle#Haupt"/>
      <Opinion category="GroundLevelAccess#Main" polarity="negative" from="96" to="146" target="kein Ein-, Aus- oder Umstieg mit Rollstuhl möglich" category_de="Stufenfrei_Hoehengleich#Haupt"/>
    </Opinions>
    <text>ℹ️ Information: Bahnhof Cheb  Aufgrund von Umbauarbeiten ist bis zum 04.09.2018 im Bahnhof Cheb kein Ein-, Aus- oder Umstieg mit Rollstuhl möglich. /fb</text>
  </Document>
  <Document id="887589534610882561">
    <relevance>true</relevance>
    <sentiment>negative</sentiment>
    <Opinions>
      <Opinion category="Escalator#Availability" polarity="negative" from="63" to="74" target="rolltreppen" category_de="Rolltreppe#Betrieb"/>
    </Opinions>
    <text>@DB_Bahn Am Frohnhausen S, Essen, NRWBahnhof funktionieren die rolltreppen nicht. #gehbehinderung #ältererherr</text>
  </Document>
  <Document id="1063856678255452160">
    <relevance>true</relevance>
    <sentiment>negative</sentiment>
    <Opinions>
      <Opinion category="Lift#Availability" polarity="negative" from="23" to="29" target="Aufzug" category_de="Aufzug#Betrieb"/>
    </Opinions>
    <text>@DB_Bahn wann wird der Aufzug repariert?</text>
  </Document>
  <Document id="950833766884233216">
    <relevance>true</relevance>
    <sentiment>neutral</sentiment>
    <Opinions/>
    <text>Verdammt spät noch am Heimweg....  #byke #bike #inszenegesetzt #beleuchtung  #bahnhof #station… https://t.co/f2iRvRGyQf</text>
  </Document>
  <Document id="1083096898431602691">
    <relevance>true</relevance>
    <sentiment>negative</sentiment>
    <Opinions>
      <Opinion category="Escalator#Barrier_Others" polarity="negative" from="44" to="54" target="rolltreppe" category_de="Rolltreppe#Sonstiges_Barriere"/>
    </Opinions>
    <text>@DB_Bahn scheinbar war ich auf der falschen rolltreppe. ist aber auch sehr versteckt ausgeschildert</text>
  </Document>
  <Document id="1064810108859879424">
    <relevance>true</relevance>
    <sentiment>negative</sentiment>
    <Opinions>
      <Opinion category="GroundLevelAccess#Main" polarity="negative" from="41" to="87" target="Bahnhof, an dem er aussteigen muss, hochgelegt" category_de="Stufenfrei_Hoehengleich#Haupt"/>
      <Opinion category="Lift#Availability" polarity="negative" from="113" to="119" target="Aufzug" category_de="Aufzug#Betrieb"/>
    </Opinions>
    <text>Mann A ist schwer gehbehindert. Weil der Bahnhof, an dem er aussteigen muss, hochgelegt wurde und mal wieder der Aufzug auf der Seite, auf der er aussteigen muss, kaputt ist, muss er für die nächsten zwei Wochen eine Haltestelle weiter fahren, um die Seite zu wechseln und eine...</text>
  </Document>
  <Document id="1068619561526804483">
    <relevance>true</relevance>
    <sentiment>neutral</sentiment>
    <Opinions/>
    <text>RT @GerberFuchs: Glasknochen Flavour, grad jemand angezeigt Windeln, Inklusion, Alman, Vorurteil Behinderung, Rollstuhl, Deutsche Bahn barr…</text>
  </Document>
  <Document id="1061275390004678657">
    <relevance>true</relevance>
    <sentiment>negative</sentiment>
    <Opinions>
      <Opinion category="Lift#Availability" polarity="negative" from="53" to="59" target="Aufzug" category_de="Aufzug#Betrieb"/>
      <Opinion category="Lift#Availability" polarity="neutral" from="133" to="140" target="Aufzüge" category_de="Aufzug#Betrieb"/>
    </Opinions>
    <text>@der_sugasoph @RolliFraeulein Das geht mir mit einem Aufzug am Bahnhof, wenn ich von/zur Schule fahre. Angeblich funktionieren beide Aufzüge laut der Bahn live App und dann: Tataaa! Außer Betrieb! So ein Mist....</text>
  </Document>
  <Document id="1044573493864669185">
    <relevance>true</relevance>
    <sentiment>negative</sentiment>
    <Opinions>
      <Opinion category="Lift#Availability" polarity="negative" from="42" to="48" target="Aufzug" category_de="Aufzug#Betrieb"/>
    </Opinions>
    <text>Infolge einer technischen Störung ist der Aufzug im Bahnhof Rangsdorf zum Bahnsteig 1 gestört.</text>
  </Document>
  <Document id="1083078750571507712">
    <relevance>false</relevance>
    <sentiment>neutral</sentiment>
    <Opinions/>
    <text>@Daifko Und dann mit dem Auto den nahegelegensten Parkplatz am Eingang suchen, zwei Stockwerke mit dem Aufzug hochfahren und nach dem Crosstrainer noch auf den Stepper gehen.</text>
  </Document>
  <Document id="1080954233359384576">
    <relevance>true</relevance>
    <sentiment>neutral</sentiment>
    <Opinions/>
    <text>@DB_Bahn @einZIGartig_ME @h4wkey3 @Denkkarrussel @SBahnBerlin Kann man da vorher anfragen @SBahnBerlin oder erst wenn man im Rollstuhl in einer S-Bahn festsitzt? Das wäre wichtig!</text>
  </Document>
  <Document id="1028644728043196417">
    <relevance>true</relevance>
    <sentiment>neutral</sentiment>
    <Opinions/>
    <text>@DB_Bahn Das Zugpersonal kann wohl die Dinger auch nicht austauschen, und ich kann auch nicht im Zug nach den Leuten suchen #Rollstuhl s. nächster Tweet.</text>
  </Document>
  <Document id="1080969383994974208">
    <relevance>false</relevance>
    <sentiment>neutral</sentiment>
    <Opinions/>
    <text>@BILD @jreichelt Was halten Sie von diesem Text, dabei zu beachtend ist die Zeitspanne in der er verfasst wurde (10 Minuten) und das Ich dazu aufgefordet wurde, den gegebenen Titel in einem Artikel, ähnlich der BILD, aufzugreifen.  Ist eine Einstellung drin? https://t.co/0TJXl6Y7e4</text>
  </Document>
  <Document id="1045805924684886022">
    <relevance>true</relevance>
    <sentiment>negative</sentiment>
    <Opinions>
      <Opinion category="Lift#Availability" polarity="negative" from="65" to="71" target="Aufzug" category_de="Aufzug#Betrieb"/>
    </Opinions>
    <text>Ok. Vergesst die Frage. Der @DB_Bahn-Bahnhof #Stendal hat keinen Aufzug. Fahren jetzt trotzdem da hin. Evtl. Können sie den Zug da reparieren. Es wird immer wilder. ¯\_(ツ)_/¯</text>
  </Document>
  <Document id="935160396780130304">
    <relevance>true</relevance>
    <sentiment>negative</sentiment>
    <Opinions>
      <Opinion category="Lighting#Availability" polarity="negative" from="43" to="54" target="Beleuchtung" category_de="Beleuchtung#Betrieb"/>
    </Opinions>
    <text>@BVG_Kampagne Haben eure Bahnen denn keine Beleuchtung?</text>
  </Document>
  <Document id="1070254011574616064">
    <relevance>true</relevance>
    <sentiment>neutral</sentiment>
    <Opinions/>
    <text>In der U-Bahn ist eben ein Mädchen die erste Hälfte der Treppe hoch gelaufen, hat sich dann umgedreht und hat doch die Rolltreppe genommen.  Hallo, mein spirit animal.</text>
  </Document>
  <Document id="1064893795383291907">
    <relevance>true</relevance>
    <sentiment>negative</sentiment>
    <Opinions>
      <Opinion category="Lift#Barrier_Others" polarity="negative" from="93" to="99" target="Aufzug" category_de="Aufzug#Sonstiges_Barriere"/>
    </Opinions>
    <text>Wem @drei90 Hören in der Bahn schon mal peinlich war, dem empfehle ich die Steigerung „enger Aufzug mit drei brummeligen Herren“.</text>
  </Document>
  <Document id="1068498247373791234">
    <relevance>true</relevance>
    <sentiment>neutral</sentiment>
    <Opinions>
      <Opinion category="Lift#Availability" polarity="negative" from="29" to="35" target="Aufzug" category_de="Aufzug#Betrieb"/>
      <Opinion category="Lift#Availability" polarity="positive" from="29" to="35" target="Aufzug" category_de="Aufzug#Betrieb"/>
    </Opinions>
    <text>Vor kurzem wurde der einzige Aufzug zwischen der S-Bahnstation Stuttgart Hbf (tief) und dem Hbf (oben) komplett erneuert. Jetzt ist es schon wieder seit 2 Tagen defekt #SBahnStgt #VVS https://t.co/4vOXmGTr9h</text>
  </Document>
  <Document id="929053129160740864">
    <relevance>true</relevance>
    <sentiment>negative</sentiment>
    <Opinions>
      <Opinion category="Lighting#Availability" polarity="negative" from="36" to="47" target="Beleuchtung" category_de="Beleuchtung#Betrieb"/>
    </Opinions>
    <text>ACHTUNG ❗️❗️❗️ Ausfall der gesamten Beleuchtung im Bahnhof #Germersheim💡Derzeit dürfen keine Züge 🚊 in #Germersheim halten ❌ #BNV ist eingerichtet 🚍👍</text>
  </Document>
  <Document id="1082330138660941825">
    <relevance>false</relevance>
    <sentiment>neutral</sentiment>
    <Opinions/>
    <text>Was für ein lächerlicher Aufzug. Euer #Brexit kotzt mich an.</text>
  </Document>
  <Document id="1065987434175963137">
    <relevance>true</relevance>
    <sentiment>negative</sentiment>
    <Opinions>
      <Opinion category="Escalator#Availability" polarity="negative" from="134" to="144" target="Rolltreppe" category_de="Rolltreppe#Betrieb"/>
    </Opinions>
    <text>@DB_Bahn Ich erlebe an dieser Haltestelle nahezu täglich Menschen mit Kinderwagen oder Rollator, die wegen der nicht funktionierenden Rolltreppe richtige Probleme haben</text>
  </Document>
  <Document id="1069563739530297345">
    <relevance>true</relevance>
    <sentiment>positive</sentiment>
    <Opinions>
      <Opinion category="Lift#Availability" polarity="positive" from="84" to="88" target="Lift" category_de="Aufzug#Betrieb"/>
      <Opinion category="GeneralBarrier#Main" polarity="positive" from="107" to="119" target="barrierefrei" category_de="Allgemein_Barriere#Haupt"/>
    </Opinions>
    <text>@rockzdave Haben von den KollegInnen die Info erhalten, dass die Station über einen Lift verfügt und somit barrierefrei erreichbar ist.</text>
  </Document>
  <Document id="1063474175317286912">
    <relevance>true</relevance>
    <sentiment>neutral</sentiment>
    <Opinions/>
    <text>Was bedanken sich Leute als hätte ich 2 leben gerettet wenn ich einer Dame im Rollstuhl helfe komm mal klar bin törge aufstehen wenn ältere in Bus oder Bahn kommen ist kultur</text>
  </Document>
  <Document id="1047375905054707712">
    <relevance>true</relevance>
    <sentiment>neutral</sentiment>
    <Opinions/>
    <text>@unsereOEBB Eine Zugverbindung alle 2 Stunden nach Klagenfurt ist nicht oftimal und die Ausstattung nicht berauschend  - Rollstuhl? Omg! WLAN gäbe es nur bei Konkurrenz ^^</text>
  </Document>
  <Document id="1065919137216638976">
    <relevance>true</relevance>
    <sentiment>negative</sentiment>
    <Opinions>
      <Opinion category="Lift#Availability" polarity="negative" from="5" to="11" target="Aufzug" category_de="Aufzug#Betrieb"/>
    </Opinions>
    <text>WOB: Aufzug am #Bahnhof #Fallersleben defekt #Wolfsburg #BSVerkehr #BviBS https://t.co/L9UdXTpyAZ</text>
  </Document>
  <Document id="1054593318632480769">
    <relevance>false</relevance>
    <sentiment>neutral</sentiment>
    <Opinions/>
    <text>Neu: Bezirk Wandsbek, Drucksache 20-6549 — https://t.co/J2XLYIJ5hR Barrierefreiheit Dienstgebäude Rahlstedter Straße 151 - 157</text>
  </Document>
  <Document id="1045562561595363329">
    <relevance>true</relevance>
    <sentiment>negative</sentiment>
    <Opinions>
      <Opinion category="GeneralBarrier#Main" polarity="negative" from="1" to="17" target="Barrierefreiheit" category_de="Allgemein_Barriere#Haupt"/>
      <Opinion category="Ramp#Availability" polarity="negative" from="160" to="174" target="Rollstuhlrampe" category_de="Rampe#Betrieb"/>
    </Opinions>
    <text>#Barrierefreiheit in Deutschland: Wenn der Zug 10min am Gleis stehen bleibt, weil fünf Mitarbeiter von @Regio_NRW und Mission sich abrackern, um die verklemmte Rollstuhlrampe auszufahren. „Das haben wir schon 1000-mal moniert“, sagt der Schaffner: „Aber nix passiert.“ #RE11</text>
  </Document>
  <Document id="1077989297343643648">
    <relevance>true</relevance>
    <sentiment>neutral</sentiment>
    <Opinions/>
    <text>RT @Guardofbrain: Südländer-Familie stößt 65-Jährigen am Bahnhof aus Aufzug und lässt ihn verletzt liegen https://t.co/O4dtzGdxnx via https…</text>
  </Document>
  <Document id="943419277805346817">
    <relevance>true</relevance>
    <sentiment>neutral</sentiment>
    <Opinions/>
    <text>RT @shadowman83: Bahn Wars. Angriff der Front Beleuchtung😀 #teamnachtdienst https://t.co/kkQrm2awdF</text>
  </Document>
  <Document id="1070655950598606848">
    <relevance>true</relevance>
    <sentiment>neutral</sentiment>
    <Opinions>
      <Opinion category="GeneralBarrier#Main" polarity="positive" from="54" to="66" target="barrierefrei" category_de="Allgemein_Barriere#Haupt"/>
      <Opinion category="InfoDisplay#Avaiability" polarity="neutral" from="117" to="129" target="DFI-Anzeiger" category_de="Infoanzeige#Betrieb"/>
    </Opinions>
    <text>@MateoNikaj Hallo! Unsere Stationen werden sukzessive barrierefrei ausgebaut und meist in diesem Zuge auch mit einem DFI-Anzeiger versehen. Einen genauen Termin hierfür kann ich Ihnen bei dieser Stationen aktuell leider nicht nennen. Viele Grüße! *elh</text>
  </Document>
  <Document id="1080888842926936064">
    <relevance>false</relevance>
    <sentiment>neutral</sentiment>
    <Opinions/>
    <text>Ab Montag heißt es am Sendlinger Tor: #Treppe oder #Aufzug nehmen. Mehrere #Rolltreppen werden dort für etwa ein Jahr außer Betrieb sein.  https://t.co/0ODJhZKPCc</text>
  </Document>
  <Document id="984422298273898497">
    <relevance>true</relevance>
    <sentiment>neutral</sentiment>
    <Opinions/>
    <text>@DB_Bahn Wie wäre es mit dem Deal, dass ihr reservierte und besetze oder alternativ die freien Plätze im nächsten Modell einfach durch spezielle Beleuchtung kennzeichnet? 😉</text>
  </Document>
  <Document id="935928894007468033">
    <relevance>true</relevance>
    <sentiment>negative</sentiment>
    <Opinions>
      <Opinion category="Lighting#Availability" polarity="negative" from="83" to="94" target="Beleuchtung" category_de="Beleuchtung#Betrieb"/>
      <Opinion category="Lighting#Availability" polarity="neutral" from="194" to="199" target="Licht" category_de="Beleuchtung#Betrieb"/>
    </Opinions>
    <text>&quot;Seht geehrte Fahrgäste, mir wurde soeben mitgeteilt, dass am nächsten Bahnhof die Beleuchtung defekt ist. Wenn dies der Fall ist bleiben wir etwas länger am Bahnhof, um den Aussteigenden etwas Licht zu geben.  Ist das nicht der Fall...  Tja.. Dann hat sich das auch Erledigt.&quot;</text>
  </Document>
  <Document id="1062799082861793282">
    <relevance>true</relevance>
    <sentiment>negative</sentiment>
    <Opinions>
      <Opinion category="BarrierOthers#Main" polarity="negative" from="28" to="96" target="an die Rentner gedacht besonderes an den die einen Rollator benutzen" category_de="Sonstiges_Barriere#Haupt"/>
    </Opinions>
    <text>@andereAugen @BVG_Bus Genau an die Rentner gedacht besonderes an den die einen Rollator benutzen. BVG kommt auf der Annahme, dass alle in der Lage Twitter zu benutzen sind.</text>
  </Document>
  <Document id="1078203606568968192">
    <relevance>true</relevance>
    <sentiment>neutral</sentiment>
    <Opinions/>
    <text>@DB_Bahn @PhiKuro @Bahnhofsmission Mit Aufzug bzw. Rolltreppe!?</text>
  </Document>
  <Document id="1050802436674383872">
    <relevance>true</relevance>
    <sentiment>negative</sentiment>
    <Opinions>
      <Opinion category="Demonstration#Main" polarity="negative" from="13" to="19" target="Aufzug" category_de="Demo#Haupt"/>
    </Opinions>
    <text>#hst1210 Der Aufzug hat den Tribseer Damm erreicht. Verkehrssperrungen auf dem Tribseer Damm bis zum Bahnhof sind eingerichtet. *sp</text>
  </Document>
  <Document id="1022740844661620738">
    <relevance>true</relevance>
    <sentiment>negative</sentiment>
    <Opinions>
      <Opinion category="GeneralBarrier#Main" polarity="negative" from="202" to="228" target="nicht einmal zufahren darf" category_de="Allgemein_Barriere#Haupt"/>
    </Opinions>
    <text>@chorherr Kennen die Gegend und möchte dort nicht einmal begraben werden. Wird sicher mit der Zeit wie am Rennbahnweg, oder am Mitterhoferweg. Einfach sozialer Wohnbau. Das Beste ist die U-Bahn, wo man nicht einmal zufahren darf, um gehbehinderte Personen aussteigen zulassen.</text>
  </Document>
  <Document id="1023875044223664128">
    <relevance>true</relevance>
    <sentiment>neutral</sentiment>
    <Opinions/>
    <text>@brunihaus Du meinst die Beleuchtung an der Haltestelle? Für die Stadtbeleuchtung ist die Stadt Leipzig zuständig. /b</text>
  </Document>
  <Document id="1055194367449804800">
    <relevance>true</relevance>
    <sentiment>neutral</sentiment>
    <Opinions>
      <Opinion category="GeneralBarrier#Main" polarity="neutral" from="146" to="162" target="Barrierefreiheit" category_de="Allgemein_Barriere#Haupt"/>
    </Opinions>
    <text>Chancen für Verbesserungen am Bahnhof #Schrobenhausen ausloten - Stadt nimmt Angebot zu einem sogenannten Startergespräch für mehr Sicherheit und Barrierefreiheit an https://t.co/IgNGtsYUwK</text>
  </Document>
  <Document id="1085410323673288706">
    <relevance>true</relevance>
    <sentiment>negative</sentiment>
    <Opinions>
      <Opinion category="Escalator#Availability" polarity="negative" from="73" to="83" target="Rolltreppe" category_de="Rolltreppe#Betrieb"/>
    </Opinions>
    <text>Neu im Programm der @DVG_Duisburg: „Fit am Morgen“ mit tagelang defekter Rolltreppe im U-Bahnhof „Duisburg Hbf“. 👌🏻</text>
  </Document>
  <Document id="1070654512984137729">
    <relevance>false</relevance>
    <sentiment>neutral</sentiment>
    <Opinions/>
    <text>Das Haus Kirschheide, Sitz des Standesamtes an der Neuenhofer Straße 36, wird barrierefrei umgebaut und renoviert. Deshalb werden die Büros vom 1. Januar bis voraussichtlich Ende Mai 2019 ausgelagert.  https://t.co/n2TKKvKgd6 https://t.co/pc6bF53EO9</text>
  </Document>
  <Document id="1071688473113960449">
    <relevance>true</relevance>
    <sentiment>neutral</sentiment>
    <Opinions>
      <Opinion category="GeneralBarrier#Main" polarity="neutral" from="11" to="23" target="barrierefrei" category_de="Allgemein_Barriere#Haupt"/>
      <Opinion category="Lift#Availability" polarity="neutral" from="35" to="45" target="Fahrstühle" category_de="Aufzug#Betrieb"/>
    </Opinions>
    <text>Bahnhöfe + barrierefrei: Temporäre Fahrstühle am Bahnhof Schöneweide – Wann geht es endlich voran?, aus Senat https://t.co/6NSgUTVF2V</text>
  </Document>
  <Document id="873753768613089281">
    <relevance>true</relevance>
    <sentiment>negative</sentiment>
    <Opinions>
      <Opinion category="Lift#Tidiness" polarity="negative" from="48" to="54" target="Aufzug" category_de="Aufzug#Atmosphaere"/>
    </Opinions>
    <text>@SBahnBerlin hallo, wollte nur melden, dass der Aufzug in Friedrichsfelde-Ost ist seit gestern sehr verschmutzt ist. Schöne Grüße.</text>
  </Document>
  <Document id="938524611058307074">
    <relevance>true</relevance>
    <sentiment>neutral</sentiment>
    <Opinions/>
    <text>https://t.co/mJsDa3Ek1h Es ist generell empfehlenswert, das innerstädtische Verkehrsaufkommen zu senken. Ich nehme, wann immer ich kann, Rad oder @DVBAG Leider fühle ich mich gerade als Radler oftmals eher wie Freiwild, trotz Beleuchtung und Reflektoren.</text>
  </Document>
  <Document id="1003992355354087424">
    <relevance>true</relevance>
    <sentiment>positive</sentiment>
    <Opinions>
      <Opinion category="BarrierOthers#Main" polarity="positive" from="4" to="57" target="kommt man mit dem Rollstuhl am besten in Bus und Bahn" category_de="Sonstiges_Barriere#Haupt"/>
    </Opinions>
    <text>Wie kommt man mit dem Rollstuhl am besten in Bus und Bahn? Das erklärt die Üstra am Mittwoch, 6. Juni, beim Übungstag. https://t.co/eKNDDqI0wi</text>
  </Document>
  <Document id="1076041027696373760">
    <relevance>true</relevance>
    <sentiment>negative</sentiment>
    <Opinions>
      <Opinion category="Escalator#Availability" polarity="negative" from="75" to="86" target="Rolltreppen" category_de="Rolltreppe#Betrieb"/>
    </Opinions>
    <text>UBahn #Steinstrasse hat eine Unterführung die mal funktionsfähige Fahrrad „Rolltreppen“ hatte. Gammelt leider schon seit einiger Zeit daher.. #hvv #HOCHBAHN https://t.co/nUsr8C05oF</text>
  </Document>
  <Document id="1069931553701195776">
    <relevance>true</relevance>
    <sentiment>negative</sentiment>
    <Opinions>
      <Opinion category="Escalator#Availability" polarity="negative" from="71" to="82" target="Rolltreppen" category_de="Rolltreppe#Betrieb"/>
    </Opinions>
    <text>@VVS @SBahn_Stuttgart @stuttgart_stadt oder wer auch immer für defekte Rolltreppen verantwortlich ist: Da rührt sich schon seit über 3 Wochen nichts an der Schwabstraße 😢 Ich helfe hier fast täglich Elternteilen mit Kinderwägen und älteren Semestern mit Koffern. Please help! https://t.co/ikNbjYFFKx</text>
  </Document>
  <Document id="1076921879275933696">
    <relevance>true</relevance>
    <sentiment>neutral</sentiment>
    <Opinions/>
    <text>Südländer-Familie stößt 65-Jährigen am Bahnhof aus Aufzug und lässt ihn verletzt liegen https://t.co/Lpr5pQxSqu via https://t.co/GeKojBLk7I</text>
  </Document>
  <Document id="1011541864279928832">
    <relevance>true</relevance>
    <sentiment>neutral</sentiment>
    <Opinions/>
    <text>@BVG_Ubahn @teilhabebewegt Ja, wer auf den Rollstuhl angewiesen ist, kann leider bis zum heutigen Tag nicht sicher sein welche Stationen nutzbar sind und welche nicht. Ein Trauerspiel seit jeher.</text>
  </Document>
  <Document id="978203073473597440">
    <relevance>true</relevance>
    <sentiment>neutral</sentiment>
    <Opinions/>
    <text>Alte Menschen haben die Fähigkeit, mit ihrem Rollator auf Lichtgeschwindigkeit zu kommen, wenn sie einen Bus oder eine Bahn erwischen wollen.  Beim Aussteigen jedoch brauchen sie länger als der Bau des BER.</text>
  </Document>
  <Document id="999539940672327680">
    <relevance>true</relevance>
    <sentiment>negative</sentiment>
    <Opinions>
      <Opinion category="Lighting#Availability" polarity="negative" from="37" to="48" target="Beleuchtung" category_de="Beleuchtung#Betrieb"/>
    </Opinions>
    <text>&quot;Auf Grund des Ausfallens der Tunnel Beleuchtung fallen die nächsten 3 Züge aus. Das resultiert in einer langen Warte Zeit.&quot; Danke deutsche Bahn.</text>
  </Document>
  <Document id="1002203216753364992">
    <relevance>true</relevance>
    <sentiment>neutral</sentiment>
    <Opinions/>
    <text>RT @Sa_Pel: Sind wir in unserem Land wirklich so weit gesunken? Bahn kommt, Mann mit Rollator will einsteigen... wird umgerannt... UNGLAUBL…</text>
  </Document>
  <Document id="1045272693568929793">
    <relevance>true</relevance>
    <sentiment>neutral</sentiment>
    <Opinions/>
    <text>Menschen, die beim Halt der vollen Bahn nicht die nächste Tür nehmen, sondern sich mit zickigen Kommentaren mit Rollator durch die engste Stelle schubsen &amp; anderen in den Rücken brüllen, man sehe doch den Rollator...</text>
  </Document>
  <Document id="1051163212912218112">
    <relevance>true</relevance>
    <sentiment>negative</sentiment>
    <Opinions>
      <Opinion category="GeneralBarrier#Main" polarity="negative" from="77" to="93" target="Barrierefreiheit" category_de="Allgemein_Barriere#Haupt"/>
    </Opinions>
    <text>@DB_Bahn @dbenabler Die sind aber eigentlich nicht dazu da, eure mangelhafte Barrierefreiheit auszugleichen, oder?</text>
  </Document>
  <Document id="1003946799701352448">
    <relevance>true</relevance>
    <sentiment>negative</sentiment>
    <Opinions>
      <Opinion category="Security#Main" polarity="negative" from="48" to="58" target="ausgeraubt" category_de="Sicherheit_Mensch#Haupt"/>
    </Opinions>
    <text>RT @Tag24B: Gehbehinderte Seniorin am U-Bahnhof ausgeraubt: Wer kennt diese Räuber-Duo? #Berlin https://t.co/pq8SQgfeMa https://t.co/xEyiDS…</text>
  </Document>
  <Document id="1069280558574899203">
    <relevance>true</relevance>
    <sentiment>negative</sentiment>
    <Opinions>
      <Opinion category="Lift#Availability" polarity="negative" from="52" to="58" target="Aufzug" category_de="Aufzug#Betrieb"/>
    </Opinions>
    <text>Die unendliche Geschichte geht offenbar weiter: Der Aufzug am Esslinger Bahnhof ist wieder einmal außer Betrieb. Vielen Dank an Rainer Hauenschild für die Bilder!</text>
  </Document>
  <Document id="1054074900158275584">
    <relevance>true</relevance>
    <sentiment>negative</sentiment>
    <Opinions>
      <Opinion category="Lighting#Availability" polarity="negative" from="113" to="124" target="Beleuchtung" category_de="Beleuchtung#Betrieb"/>
    </Opinions>
    <text>@DB_Bahn Moin! Bin gerade in Bitterfeld: Eure Uhr mittlerer Bereich vom Gleis 1 steht der Sekundenzeiger und die Beleuchtung der Uhr ist defekt. Könnt ihr den Defekt weitergeben?</text>
  </Document>
  <Document id="1052953980731572224">
    <relevance>true</relevance>
    <sentiment>negative</sentiment>
    <Opinions>
      <Opinion category="Lift#Barrier_Others" polarity="negative" from="66" to="72" target="Aufzug" category_de="Aufzug#Sonstiges_Barriere"/>
    </Opinions>
    <text>@BVG_Ubahn im 1027-1 klebt immer noch ein Linienband, auf dem der Aufzug in Kaulsdorf-Nord statt Kienberg eingezeichnet ist.</text>
  </Document>
  <Document id="1044554538781474817">
    <relevance>true</relevance>
    <sentiment>neutral</sentiment>
    <Opinions/>
    <text>Auf dem Weg zum Bahnhof hat mich ein Fremder im Rollstuhl gerade so herzlich angelächelt, dass mir ganz warm wurde. Ein schönes Geschenk.</text>
  </Document>
  <Document id="1081420411844345856">
    <relevance>true</relevance>
    <sentiment>negative</sentiment>
    <Opinions>
      <Opinion category="Escalator#Availability" polarity="negative" from="34" to="53" target="Rolltreppen-Sterben" category_de="Rolltreppe#Betrieb"/>
    </Opinions>
    <text>Hat bei der #SBahnStgt das große #Rolltreppen-Sterben eingesetzt? Quelle: https://t.co/xkraY1HGsv #VVS https://t.co/RR7KQxYi0w</text>
  </Document>
  <Document id="1040361276613054464">
    <relevance>true</relevance>
    <sentiment>neutral</sentiment>
    <Opinions/>
    <text>@xOuryx Katze auf Rollstuhl geht gar nicht, mit dem Fahrrad hab ich den geschickten Korb für den Gepäckträger, wenns länger ist halt Rad in die Bahn</text>
  </Document>
  <Document id="1069840320165277697">
    <relevance>true</relevance>
    <sentiment>negative</sentiment>
    <Opinions>
      <Opinion category="Escalator#Availability" polarity="negative" from="20" to="30" target="Rolltreppe" category_de="Rolltreppe#Betrieb"/>
    </Opinions>
    <text>@DB_Bahn @KVBAG Die Rolltreppe hoch zum S-Bahn-Gleis an der Haltestelle Köln Geldernstr./Parkgürtel ist seit Wochen defekt. Kann sie bitte endlich repariert werden?</text>
  </Document>
  <Document id="1076866149315461120">
    <relevance>true</relevance>
    <sentiment>neutral</sentiment>
    <Opinions/>
    <text>⭐ Südländer-Familie stößt 65-Jährigen am Bahnhof aus Aufzug und lässt ihn verletzt liegen ⭐ https://t.co/XrLoVtwKdj</text>
  </Document>
  <Document id="1011541714983620608">
    <relevance>true</relevance>
    <sentiment>neutral</sentiment>
    <Opinions/>
    <text>@BVG_Ubahn @teilhabebewegt Ja, wer auf den Rollstuhl gebunden ist, kann leider bis zum heutigen Tag nicht sicher sein welche Stationen nutzbar sind und welche nicht. Ein Trauerspiel seit jeher.</text>
  </Document>
  <Document id="1023216002174046213">
    <relevance>true</relevance>
    <sentiment>negative</sentiment>
    <Opinions>
      <Opinion category="Lighting#Availability" polarity="negative" from="77" to="88" target="Beleuchtung" category_de="Beleuchtung#Betrieb"/>
    </Opinions>
    <text>@schienenstrang Leider keine eigenen. Wollte noch die Metro bekommen und die Beleuchtung auf dem Bahnhof ist auch nicht die beste....</text>
  </Document>
  <Document id="734434883150450689">
    <relevance>false</relevance>
    <sentiment>neutral</sentiment>
    <Opinions/>
    <text>Dirk: hier gibt es eine riesige Kreuzung neben der Autobahn die hat zwe... #Bodenindikatoren https://t.co/4PUV1rij7I https://t.co/HLQOCM5BdK</text>
  </Document>
  <Document id="1056963779743940610">
    <relevance>true</relevance>
    <sentiment>negative</sentiment>
    <Opinions>
      <Opinion category="Lift#Tidiness" polarity="negative" from="24" to="30" target="Aufzug" category_de="Aufzug#Atmosphaere"/>
    </Opinions>
    <text>@RMVdialog @DB_Bahn Der Aufzug Flörsheim Bhf zum Ausgang hin ist vollgeschissen und die Unterführung vollgepisst.</text>
  </Document>
  <Document id="1041219845386371072">
    <relevance>true</relevance>
    <sentiment>neutral</sentiment>
    <Opinions/>
    <text>@N1tr0glyc3r1n Auf die Stufen setzen und mit den Armen hochdrücken, durchrutschen, dann Rollstuhl auf den Wagenübergang und Hilfe kräftiger Arme meine knapp 100kg wieder in den Rollstuhl. Da wir früh am Bahnhof waren und der Zug schon da, kein Problem!</text>
  </Document>
  <Document id="1072067941762506753">
    <relevance>true</relevance>
    <sentiment>neutral</sentiment>
    <Opinions/>
    <text>@BVG_Ubahn @BVG_Tram Das war heute leider auch das einzige Erhellende von der BVG. Warum müssen Busfahrer eigentlich die Türen immer vor dem Hundeklo (Baum) oder Verteilerkasten positionieren? Macht sich gut für Kinderwagen und Rollator. Die Krönung heute: Einstieg vor Dixi-Klo.</text>
  </Document>
  <Document id="1072154586792820736">
    <relevance>true</relevance>
    <sentiment>positive</sentiment>
    <Opinions>
      <Opinion category="Lift#Availability" polarity="positive" from="54" to="60" target="Aufzug" category_de="Aufzug#Betrieb"/>
    </Opinions>
    <text>Seit heute können Reisende am Bahnhof Zittau auch per Aufzug von einem Gleis zum anderen gelangen - und damit über ein Jahr später als geplant. https://t.co/CJUWrWsAXJ</text>
  </Document>
  <Document id="939155883342393344">
    <relevance>true</relevance>
    <sentiment>neutral</sentiment>
    <Opinions/>
    <text>@DB_Bahn 1. Seltsame Firmenpolitik. 2. Die beiden wollten nicht rausgetragen werden, sondern Hilfe beim Koffer und Rollator.</text>
  </Document>
  <Document id="1058078849819463680">
    <relevance>true</relevance>
    <sentiment>neutral</sentiment>
    <Opinions/>
    <text>@derfnull die Architekten auch so: &quot;hm, wir müssen unseren Bahnhof attraktiver machen, Vorschläge?&quot;  &quot;künstlerisch anmutende Beleuchtung?&quot; ... &quot;wie wäre es, wenn wir in den Bahnhof einen escape room integrieren? und den Leuten irreführende Hinweise geben?&quot;  m)</text>
  </Document>
  <Document id="1017160095342395398">
    <relevance>true</relevance>
    <sentiment>neutral</sentiment>
    <Opinions/>
    <text>@SchleiferIV Als ob das Problem nicht nur für Leute mit Rollstuhl gilt man kann jeden Tag so Zeug schreiben wenn man mit der Bahn fährt.</text>
  </Document>
  <Document id="938280052638343169">
    <relevance>true</relevance>
    <sentiment>negative</sentiment>
    <Opinions>
      <Opinion category="Lighting#Availability" polarity="negative" from="54" to="65" target="Beleuchtung" category_de="Beleuchtung#Betrieb"/>
    </Opinions>
    <text>deutsche Kultur ist wenn die DB wegen dem Ausfall der Beleuchtung am Bahnhof auf einmal nicht mehr da hält</text>
  </Document>
  <Document id="1069547229705326593">
    <relevance>true</relevance>
    <sentiment>neutral</sentiment>
    <Opinions>
      <Opinion category="Demonstration#Main" polarity="neutral" from="33" to="40" target="Aufzugs" category_de="Demo#Haupt"/>
    </Opinions>
    <text>@marco_wruck Nach Beendigung des Aufzugs durch deren Verantwortlichen, bat dieser den Einsatzleiter der Polizei um Rückbegleitung zum Bahnhof. Um Klarheit zu schaffen, dass der Aufzug an der Porta Nigra beendet und nicht auf dem Rückweg weitergeführt wird, vereinbarten die o.g.  .........</text>
  </Document>
  <Document id="1078286475920359424">
    <relevance>true</relevance>
    <sentiment>positive</sentiment>
    <Opinions>
      <Opinion category="GeneralBarrier#Main" polarity="positive" from="134" to="146" target="barrierefrei" category_de="Allgemein_Barriere#Haupt"/>
    </Opinions>
    <text>@emgea @duisburg_de Das ist das gleiche Schema wie in #Dortmund .  Hier wurde eine S- und U-Bahn Haltestelle sowie die FH in der Nähe barrierefrei ausgebaut, aber auf dem Gehweg dazwischen sind oft weniger als 80cm Platz, weil dort seit Jahren Autos auf dem Gehweg verbotenerweise parken.</text>
  </Document>
  <Document id="1082529625526423553">
    <relevance>false</relevance>
    <sentiment>neutral</sentiment>
    <Opinions/>
    <text>Wer seinen Beruf nicht liebt, wird nicht glücklich, lautet ein Credo der Arbeitswelt. Doch daraus ist längst eine perfide Methode der Ausbeutung geworden. @schmbm schreibt, warum es besser sein kann, den Traumjob aufzugeben: https://t.co/K4813frk7x #Abo https://t.co/qqkKiqLoHN</text>
  </Document>
  <Document id="1014016741888942080">
    <relevance>false</relevance>
    <sentiment>neutral</sentiment>
    <Opinions/>
    <text>@streckenagent_M Sehr verantwortungslos gegenüber älteren Leuten und Menschen mit Gehbehinderung. Auch nicht gut, wenn man ohnehin einen kaputten Fuß hat; habe nun Schmerzen. Bitte um eine Erklärung und ob das nun zum Dauerzustand wird! Vielen Dank im Voraus.</text>
  </Document>
  <Document id="951803647628804096">
    <relevance>true</relevance>
    <sentiment>neutral</sentiment>
    <Opinions/>
    <text>@Nottersbach @DB_Bahn @fruttadimare Die heißen #IC2, haben mir mal eine Verspätung von 60 min eingefahren und sind sonst trotzdem gefühlt immer pünktlich. Außerdem schmeckt der Kaffee besser und ist billiger als im ICE. Ätschibätsch. #constructivejournalism würde @DerMonologist sagen. (Nur die Beleuchtung … Weia.)</text>
  </Document>
  <Document id="1084084285072642048">
    <relevance>false</relevance>
    <sentiment>neutral</sentiment>
    <Opinions/>
    <text>RT @PolizeiSachsen: Die angemeldete Versammlung in #Riesa beginnt nun. Entlang der Aufzugsstrecke wird es immer wieder zu Verkehrseinschrän…</text>
  </Document>
  <Document id="989612134144397314">
    <relevance>true</relevance>
    <sentiment>negative</sentiment>
    <Opinions>
      <Opinion category="Lighting#Availability" polarity="negative" from="73" to="84" target="Beleuchtung" category_de="Beleuchtung#Betrieb"/>
    </Opinions>
    <text>@SBahnHamburg Soll ich euch eine Taschenlampe leihen??? Vielleicht würde Beleuchtung länger halten wenn man sie tagsüber auf den oberirdischen Stationen ausschalten würde. Auf jeden Fall würde man Strom sparen - aber egal, die Fahrgäste zahlen‘s ja</text>
  </Document>
  <Document id="1028695330022404096">
    <relevance>true</relevance>
    <sentiment>neutral</sentiment>
    <Opinions/>
    <text>@DB_Bahn @project1enigma Das Zugpersonal kann an der blauen Beleuchtung nichts ändern.</text>
  </Document>
  <Document id="1004643488036737025">
    <relevance>true</relevance>
    <sentiment>neutral</sentiment>
    <Opinions/>
    <text>Auf geht's zur Schwiegermutter #norden #bahn @deutschebahn #hygge #hyggelife #rollstuhl #wheelchair #love #allerbeste #beauty #blackandwhite #filter https://t.co/Uhq2tt5aOI https://t.co/klXwdAloaU</text>
  </Document>
  <Document id="1044546405564583936">
    <relevance>true</relevance>
    <sentiment>negative</sentiment>
    <Opinions>
      <Opinion category="Security#Main" polarity="negative" from="57" to="69" target="vergewaltigt" category_de="Sicherheit_Mensch#Haupt"/>
    </Opinions>
    <text>RT @aufklaerer2017: #Offenburg Nigerianischer Flüchtling vergewaltigt kleinwüchsige,gehbehinderte Frau am Bahnhof. Er beisst ihr so stark i…</text>
  </Document>
  <Document id="1079739060590133249">
    <relevance>false</relevance>
    <sentiment>neutral</sentiment>
    <Opinions/>
    <text>Der Jugendtreff #Potse weigert sich, seine Räumlichkeiten in der Potsdamer Straße 180 aufzugeben - eine für heute angesetzt Schlüsselübergabe ließ @Potse_Berlin platzen https://t.co/ibTHZD33he</text>
  </Document>
  <Document id="855146552481898496">
    <relevance>true</relevance>
    <sentiment>negative</sentiment>
    <Opinions>
      <Opinion category="GeneralBarrier#Main" polarity="negative" from="51" to="88" target="behindertengerechte Einrichtung.Fährt" category_de="Allgemein_Barriere#Haupt"/>
    </Opinions>
    <text>#RE9 #Bremen Hbf(22:07)-&gt;#Osnabrück Hbf.Heute ohne behindertengerechte Einrichtung.Fährt nur mit 5 Wagen.Grund:Fahrzeugstörung.</text>
  </Document>
  <Document id="611123651950153728">
    <relevance>false</relevance>
    <sentiment>neutral</sentiment>
    <Opinions/>
    <text>Bei Blinddarmentzündung muss nicht immer eine OP sein. Oft helfen Antibiotika: http://t.co/ba1oQmCond http://t.co/EUWLbdrAFd</text>
  </Document>
  <Document id="915983694141300737">
    <relevance>false</relevance>
    <sentiment>neutral</sentiment>
    <Opinions/>
    <text>Mit Gehbehinderung noch unpraktischer als ohne... https://t.co/vLeFr3hI7Z</text>
  </Document>
  <Document id="612320706479521792">
    <relevance>true</relevance>
    <sentiment>negative</sentiment>
    <Opinions>
      <Opinion category="InfoDisplay#Avaiability" polarity="negative" from="106" to="118" target="Anzeigetafel" category_de="Infoanzeige#Betrieb"/>
    </Opinions>
    <text>Aber natürlich war ich nur wenige Minuten zu spät am Bahnhof und muss jetzt hier noch rum hängen. Und die Anzeigetafel ist aus.</text>
  </Document>
  <Document id="689404010395078656">
    <relevance>false</relevance>
    <sentiment>neutral</sentiment>
    <Opinions/>
    <text>versuchen Sie doch jetzt nicht aus einem verschmutzten see noch was gutes abzugewinnen , da trinken Sie doch daraus  https://t.co/HRsrjx8bKY</text>
  </Document>
  <Document id="612568116506329088">
    <relevance>true</relevance>
    <sentiment>neutral</sentiment>
    <Opinions>
      <Opinion category="Ramp#Availability" polarity="neutral" from="101" to="106" target="Rampe" category_de="Rampe#Betrieb"/>
    </Opinions>
    <text>@DB_Bahn Hi,fahre öfter zwischen Erkner u Berlin mit Rollstuhl mit dem RE.Gibt es in diesem Zug eine Rampe? Bis jetzt halfen mir Reisegäste</text>
  </Document>
  <Document id="988306391684276226">
    <relevance>true</relevance>
    <sentiment>neutral</sentiment>
    <Opinions/>
    <text>Willkommen in der @SBahnStuttgart: Bahnführer beschimpft über die Lautsprecheranlage einen Fahrgast als #Volltrottel. #S4 Ist das die neue Kunden-Offensive?</text>
  </Document>
  <Document id="1084010521903489024">
    <relevance>false</relevance>
    <sentiment>neutral</sentiment>
    <Opinions/>
    <text>@jutta_ditfurth Möglicherweise weil es sich bei Magnitz um einen tatsächlichen Angriff handelt und nicht um einen Unfall mit einem Sehbehinderten. https://t.co/a41pmvjISR Peinlich.</text>
  </Document>
  <Document id="795226689546702848">
    <relevance>false</relevance>
    <sentiment>neutral</sentiment>
    <Opinions/>
    <text>@faznet Falsch!!! Regierende &quot;gehörlose&quot; Politiker haben die Schuld an der Entstehung der AfD,</text>
  </Document>
  <Document id="1032587975325036545">
    <relevance>false</relevance>
    <sentiment>neutral</sentiment>
    <Opinions/>
    <text>@casi_quasi Würde ja gern was machen,aber ich hatte vor  25 Jahren einen Unfall in New York mit Femurbruch und als Spätfolge einen übele Gehbehinderung.</text>
  </Document>
  <Document id="999633175075852289">
    <relevance>false</relevance>
    <sentiment>neutral</sentiment>
    <Opinions/>
    <text>RT @PolizeiSachsen: Gerade beginnen unsere Kollegen mit der Evakuierung des erweiteten Bereichs im Norden. Mit Lautsprecherdurchsagen werde…</text>
  </Document>
  <Document id="1080012041740603392">
    <relevance>false</relevance>
    <sentiment>neutral</sentiment>
    <Opinions/>
    <text>Halle (Saale) - Nächste Großbaustelle in Halle: Hier baut die Havag 2019 in großem Stil um https://t.co/qyMwxe7pMG</text>
  </Document>
  <Document id="959114694433935361">
    <relevance>true</relevance>
    <sentiment>positive</sentiment>
    <Opinions>
      <Opinion category="BarrierOthers#Main" polarity="positive" from="27" to="91" target="mit meiner Sehbehinderung auf jeden Fall weiterhelfen am Bahnhof" category_de="Sonstiges_Barriere#Haupt"/>
    </Opinions>
    <text>@DB_Bahn top! Das wird mir mit meiner Sehbehinderung auf jeden Fall weiterhelfen am Bahnhof. :)</text>
  </Document>
  <Document id="1079779294644260864">
    <relevance>false</relevance>
    <sentiment>neutral</sentiment>
    <Opinions/>
    <text>@zeitonline Demokratie ist den Fettbäuchen völlig egal, wie man an Trump oder Macron sieht.</text>
  </Document>
  <Document id="609635858313052160">
    <relevance>false</relevance>
    <sentiment>neutral</sentiment>
    <Opinions/>
    <text>Besonders verwerflich: Einer gehbehinderten, älteren Dame wurde in #Tempelhof die Geldbörse in einem Supermarkt entwendet. #24hPolizei</text>
  </Document>
  <Document id="611833661248434176">
    <relevance>true</relevance>
    <sentiment>positive</sentiment>
    <Opinions>
      <Opinion category="InfoDisplay#Avaiability" polarity="positive" from="8" to="20" target="Anzeigetafel" category_de="Infoanzeige#Betrieb"/>
      <Opinion category="InfoDisplay#BarrierOthers" polarity="positive" from="8" to="20" target="Anzeigetafel" category_de="Infoanzeige#Sonstiges_Barriere"/>
    </Opinions>
    <text>Moderne Anzeigetafel für Bahnhof Brig #SBB http://t.co/Kx0GZLEBTJ</text>
  </Document>
  <Document id="614342354305196033">
    <relevance>false</relevance>
    <sentiment>neutral</sentiment>
    <Opinions/>
    <text>Telefonieren auf der Autobahn sind 250 Meter im Blindflug http://t.co/38RfcM22nN #OWiRecht #Verkehrsrecht #HandyamSteuer</text>
  </Document>
  <Document id="876123376389062656">
    <relevance>false</relevance>
    <sentiment>neutral</sentiment>
    <Opinions/>
    <text>@Polizei_Ffm Eure Videos sind klasse... 👍🏼Verbesserungsvorschlag: #Untertitel für #Gehörlose u Fremdsprachige #Bürger</text>
  </Document>
  <Document id="1027099829091135488">
    <relevance>false</relevance>
    <sentiment>neutral</sentiment>
    <Opinions/>
    <text>Arzthelferin nuschelt, an der Straße vorm offenen Fenster ist viel Verkehr, ich verstehe sie einfach nicht.   Ich bitte sie zu wiederholen, sie fragt, ob sie Schwerhörigkeit in meiner Akte notieren soll.  Immer wieder nett hier.</text>
  </Document>
  <Document id="1080435822833397760">
    <relevance>true</relevance>
    <sentiment>neutral</sentiment>
    <Opinions/>
    <text>Tragisches Zugunglück Belt-Brücke mit toten Passagieren: Demoliereter Reise-Waggon durch losgelöstes Dach eines entgegenkommenden Güterzuges... Brücke war wegen Sturm für Autoverkehr gesperrt - leider nicht für Züge.</text>
  </Document>
  <Document id="867753889310920708">
    <relevance>true</relevance>
    <sentiment>negative</sentiment>
    <Opinions>
      <Opinion category="InfoAcoustic#BarrierOthers" polarity="negative" from="12" to="30" target="Lautsprecheranlage" category_de="Infodurchsage#Sonstiges_Barriere"/>
    </Opinions>
    <text>Geil,in der Lautsprecheranlage im Flughafen hört man ATIS-Telegramme. AM und NF-Verstärker sind keine Freunde,kenne ich noch vom CB-Funk😂</text>
  </Document>
  <Document id="1002822985332510720">
    <relevance>true</relevance>
    <sentiment>negative</sentiment>
    <Opinions>
      <Opinion category="SpaceMobilityGroups#Main" polarity="negative" from="174" to="184" target="überfüllte" category_de="Platzangebot#Haupt"/>
    </Opinions>
    <text>@HSB_Forum @MonikaHerrmann1 @Antje_Kapek @HSB_Forum, dass ist es ja, was mich so auch aufregt. Rollifahrer, Sehbehinderte, alles schön und gut. Aber was meinen Sie, wie eine überfüllte U-Bahn auf Menschen mit Angststörung wirkt? Was ist mit Wirbelsäulenerkr und ruckartig anfahrenden Bussen, eingeschr.Bewegungsfähigkeit</text>
  </Document>
  <Document id="647358344429240320">
    <relevance>false</relevance>
    <sentiment>neutral</sentiment>
    <Opinions/>
    <text>Kradfahrerin auf der #B460 bei Verkehrsunfall schwer verletzt; #Heppenheim Gehbehinderter Rollstuhlfahrer bestohlen http://t.co/XfkTeHE0If</text>
  </Document>
  <Document id="638724780368248833">
    <relevance>false</relevance>
    <sentiment>neutral</sentiment>
    <Opinions/>
    <text>@SPIEGELONLINE Klasse Schreibe - Thematisch kurz vor der Rampe. Schämt Ihr euch eigentlich nicht, so lächerlich zu übertreiben?</text>
  </Document>
  <Document id="1000827718609534976">
    <relevance>true</relevance>
    <sentiment>neutral</sentiment>
    <Opinions/>
    <text>&quot;Sie können gerne noch eine Rauchen gehen - ich werde schauen, dass sie nicht in Linz stecken bleiben&quot; Durchsage um 21:50 am Hbf im Zug nach Kirchdorf - Planabfahrt 21:36 @unsereoebb #zugdurchsage</text>
  </Document>
  <Document id="951737401780637696">
    <relevance>true</relevance>
    <sentiment>negative</sentiment>
    <Opinions>
      <Opinion category="InfoDisplay#BarrierOthers" polarity="negative" from="196" to="208" target="Anzeigetafel" category_de="Infoanzeige#Sonstiges_Barriere"/>
    </Opinions>
    <text>@MattBannert @BVG_Tram @BVG_Kampagne Mach ich ja, nur denkt die App, dass sowas für meine Linie nicht nötig sei.   Es ist auch etwas seltsam, dass die Bahn laut Fahrplan um 7:45h fährt, die elek. Anzeigetafel aber 3min abweicht (verfrüht) Die App allerdings zeigt den Fahrplan an...</text>
  </Document>
  <Document id="609358022020870144">
    <relevance>true</relevance>
    <sentiment>negative</sentiment>
    <Opinions>
      <Opinion category="InfoAcoustic#Availability" polarity="negative" from="59" to="68" target="Durchsage" category_de="Infodurchsage#Betrieb"/>
    </Opinions>
    <text>@DB_Bahn Kein Mitarbeiter zu sehen und wir standen da ohne Durchsage.</text>
  </Document>
  <Document id="637270243530903552">
    <relevance>false</relevance>
    <sentiment>neutral</sentiment>
    <Opinions/>
    <text>Fundstück aus dem Netz: #Holzbau für #Kinderwagen-Parkplatz http://t.co/w3zKI9PHHO ^jt http://t.co/J4XEXq4jvc</text>
  </Document>
  <Document id="613296739567685632">
    <relevance>false</relevance>
    <sentiment>neutral</sentiment>
    <Opinions/>
    <text>@PolizeiSachsen die #Polizei in #Sachsen ist auf den rechten Auge blind. Hat sich schon Lutz #Bachmann bedankt? #nsu https://t.co/E4Qr8let1J</text>
  </Document>
  <Document id="1033406957850439680">
    <relevance>true</relevance>
    <sentiment>negative</sentiment>
    <Opinions>
      <Opinion category="InfoDisplay#Avaiability" polarity="negative" from="34" to="46" target="Anzeigetafel" category_de="Infoanzeige#Betrieb"/>
    </Opinions>
    <text>@DB_Bahn Sind sie sicher? Auf der Anzeigetafel am Gleis steht nichts dergleichen https://t.co/8UsACXvccJ</text>
  </Document>
  <Document id="710889817760989184">
    <relevance>false</relevance>
    <sentiment>neutral</sentiment>
    <Opinions/>
    <text>RT @SPIEGELONLINE: Ein Wasserstoffauto mit Flügeltüren, Carbon und Brennstoffzelle - und das zu einem erschwinglichen Preis. https://t.co/n…</text>
  </Document>
  <Document id="606899104120238081">
    <relevance>false</relevance>
    <sentiment>neutral</sentiment>
    <Opinions/>
    <text>@SPIEGELONLINE Ich hoffe die vernünftigen Stimmen werden endlich gehört, auch wenn unsere Regierung taube Ohren hat. http://t.co/2zf23bQJ8v</text>
  </Document>
  <Document id="753981042130882561">
    <relevance>true</relevance>
    <sentiment>negative</sentiment>
    <Opinions>
      <Opinion category="GeneralBarrier#Main" polarity="negative" from="68" to="86" target="behindertengerecht" category_de="Allgemein_Barriere#Haupt"/>
    </Opinions>
    <text>@Volksstimme Wäre super, wenn auch mal der Magdeburger Hauptbahnhof behindertengerecht saniert wird!</text>
  </Document>
  <Document id="898164682057535489">
    <relevance>false</relevance>
    <sentiment>neutral</sentiment>
    <Opinions/>
    <text>@RadlerInWI @RadwegH In meiner Straße - und das ist keine Seltenheit - behindern gerade eben parkende Autos die Wege für Gehbehinderte und Kinder.</text>
  </Document>
  <Document id="1079830153973387264">
    <relevance>false</relevance>
    <sentiment>neutral</sentiment>
    <Opinions/>
    <text>@faznet Der Kommentator war wahrscheinlich ein Sozialdemokrat😉</text>
  </Document>
  <Document id="626467659400540160">
    <relevance>true</relevance>
    <sentiment>neutral</sentiment>
    <Opinions/>
    <text>Diese Leute, Ende der Rolltreppe und so. Kennt Ihr. Eben Ausstieg aus der S-Bahn: Einfach mal den Trolley direkt vor der Tür sortieren. m)</text>
  </Document>
  <Document id="1046284651160104960">
    <relevance>false</relevance>
    <sentiment>neutral</sentiment>
    <Opinions/>
    <text>Am Tag der Gehörlosen zeigen wir Ihnen noch einmal, wie es ist, mit gehörlosen Eltern zu leben. #Archiv https://t.co/BvohFiGjvq</text>
  </Document>
  <Document id="692435598729175044">
    <relevance>false</relevance>
    <sentiment>neutral</sentiment>
    <Opinions/>
    <text>@feelerfrei es ist so kacke. Ich bin schwerhörig und wegen der Verspätung durften wir nicht auf unsere Pl. sondern mussten oben in den Rang.</text>
  </Document>
  <Document id="702737240326279168">
    <relevance>false</relevance>
    <sentiment>neutral</sentiment>
    <Opinions/>
    <text>07:09 Uhr - B14 zwischen Backnang und Waldrems verschmutzte und schmierige Fahrbahn in der Kurve - Danke dem Melder</text>
  </Document>
  <Document id="831786376139993088">
    <relevance>true</relevance>
    <sentiment>negative</sentiment>
    <Opinions>
      <Opinion category="GeneralBarrier#Main" polarity="negative" from="63" to="94" target="behindertengerechte Einrichtung" category_de="Allgemein_Barriere#Haupt"/>
    </Opinions>
    <text>#RB44 #Salzg.-Lebenstedt(10:15)-&gt;#Braunschweig Hbf. Heute ohne behindertengerechte Einrichtung.</text>
  </Document>
  <Document id="1080284809530757121">
    <relevance>false</relevance>
    <sentiment>neutral</sentiment>
    <Opinions/>
    <text>Schilder sollen vor Baustelle warnen, Thailand https://t.co/zXI3fuvINQ</text>
  </Document>
  <Document id="645801381429907456">
    <relevance>false</relevance>
    <sentiment>neutral</sentiment>
    <Opinions/>
    <text>Golf 3 mit dem Kennzeichen #HN -JZ ... check mal deine heckbeleuchtung ... da geht nix außer Blinker ;-) #BlitzerHN</text>
  </Document>
  <Document id="1079733766174720000">
    <relevance>false</relevance>
    <sentiment>neutral</sentiment>
    <Opinions/>
    <text>@FFMbyBicycle es ist auch noch als baustelle gekennzeichnet. foto machen, anzeiger erstatten und darauf hoffen, daß dies beim nächsten beschissenen parken in erinnerung bleibt.</text>
  </Document>
  <Document id="703423097081368576">
    <relevance>false</relevance>
    <sentiment>neutral</sentiment>
    <Opinions/>
    <text>Herzlos!: Gehörlose Katze auf Straße ausgesetzt https://t.co/lQzlxVtEl0</text>
  </Document>
  <Document id="645129327613485056">
    <relevance>false</relevance>
    <sentiment>neutral</sentiment>
    <Opinions/>
    <text>Die #MT-Titelseite vom 19.9.2015: #Asyl, #Weise, Lichtkunst, Polizeieinsatz, #Trump, Rollator, Arminia, Fed, Karstadt http://t.co/CH37e8KjeG</text>
  </Document>
  <Document id="628163715033116672">
    <relevance>false</relevance>
    <sentiment>neutral</sentiment>
    <Opinions/>
    <text>Dieser Parkplatz vor dem Rathaus ist ausschließlich für E-Fahrzeuge. Jetzt auch für Sehbehinderte etsichtlich http://t.co/mnGDSdmh9T</text>
  </Document>
  <Document id="1075689777620574208">
    <relevance>true</relevance>
    <sentiment>negative</sentiment>
    <Opinions>
      <Opinion category="InfoDisplay#BarrierOthers" polarity="negative" from="93" to="105" target="Anzeigetafel" category_de="Infoanzeige#Sonstiges_Barriere"/>
    </Opinions>
    <text>Hey @RMVdialog und @HEAGmobilo, wie kann es sein, dass Busse mit Echtzeitinformation auf der Anzeigetafel stehen, die verbleibende Zeit sogar noch zweimal hoch geht und dann verschwinden sie, ohne dass der Bus gefahren ist? In dem Fall der MO1 -&gt; Hbf um 10:42 ab DA Ost</text>
  </Document>
  <Document id="1016421578404483072">
    <relevance>false</relevance>
    <sentiment>neutral</sentiment>
    <Opinions/>
    <text>@avalist666mario @DiHeler @UPol_eV @alx_froehlich @Tagesspiegel @polizeiberlin @fraupiontek @GdPHauptstadt @DPolGBerlin Mein Daheim ist seit 2 Jahren Baustelle mit Kartons. Suche immer noch Wohnung ohne Stufen.... Gerade Termin in Bad Pyrmont abgesagt bekommen Bielefeld stellt &quot;Ultimatum&quot; Halberstadt ist nicht wirklich stufenfrei suche.....</text>
  </Document>
  <Document id="1079900123130458112">
    <relevance>false</relevance>
    <sentiment>neutral</sentiment>
    <Opinions/>
    <text>@gemgysgodol Nivea...andere Baustelle.😆</text>
  </Document>
  <Document id="790670986223972352">
    <relevance>false</relevance>
    <sentiment>neutral</sentiment>
    <Opinions/>
    <text>@tagesspiegel ältere Menschen können dann schneller laufen u die Sehschwäche ist auch sofort mit der neuen Ampel weg.Na Wunderbar.Ironie off</text>
  </Document>
  <Document id="606867389188317184">
    <relevance>true</relevance>
    <sentiment>neutral</sentiment>
    <Opinions/>
    <text>RT @babelsas: Endlich mal was Sinnvolles aus Brüssel: Strampeln zum Aufladen von Geräten am Bahnhof Gare du Midi. #Nachhaltigkeit http://t.…</text>
  </Document>
  <Document id="615919967687561216">
    <relevance>true</relevance>
    <sentiment>neutral</sentiment>
    <Opinions/>
    <text>@SBahnBerlin Ich hab schon Jahre lang keine Ansagen mehr gehört, außer die vom Band. Wäre aber auch zu teuer...</text>
  </Document>
  <Document id="632826954434105344">
    <relevance>false</relevance>
    <sentiment>neutral</sentiment>
    <Opinions/>
    <text>Festival ist vorbei. Stehe im Stau. Bin bald wieder bei euch, meine lieben verehrten und hochgeschätzten Arschkrampen.</text>
  </Document>
  <Document id="1072564731788042242">
    <relevance>true</relevance>
    <sentiment>negative</sentiment>
    <Opinions>
      <Opinion category="InfoDisplay#BarrierOthers" polarity="negative" from="71" to="84" target="Anzeigetafeln" category_de="Infoanzeige#Sonstiges_Barriere"/>
    </Opinions>
    <text>@unsereOEBB  bei der Landstrasse zug Abgang Richtung Ubahn stimmen die Anzeigetafeln nicht..bzw. eine nicht. Da wird es 9Uhr angezeigt</text>
  </Document>
  <Document id="1042349856625438721">
    <relevance>true</relevance>
    <sentiment>negative</sentiment>
    <Opinions>
      <Opinion category="GeneralBarrier#Main" polarity="negative" from="164" to="202" target="behindertengerechter Ein- und Ausstieg" category_de="Allgemein_Barriere#Haupt"/>
    </Opinions>
    <text>Marschbahn #RE6 Info für HVZ  11031 fährt heute Nachmittag mit 6 Wagen aufgrund einer Fahrzeugstörung.  11081 fährt mit 5 Wagen aus dem Ersatzwagenpark, d.h. kein  behindertengerechter Ein- und Ausstieg möglich. TP Kiel  @StoerungenBahn</text>
  </Document>
  <Document id="1071512931068796928">
    <relevance>false</relevance>
    <sentiment>neutral</sentiment>
    <Opinions/>
    <text>Was v.der deutsch.Propaganda-Journalie nat.verschwiegen wird.Wir leben in https://t.co/FJo3u8wwLl,in dem Gehörlose keinen Nacht.gegenüber Hörenden mehr haben.</text>
  </Document>
  <Document id="624540167747952640">
    <relevance>false</relevance>
    <sentiment>neutral</sentiment>
    <Opinions/>
    <text>#verkehr Stadtverkehr: Frankenschnellweg Nürnberg - Fürth: zwischen Otto-Brenner Brücke und den Rampen - STAU</text>
  </Document>
  <Document id="856105921390530560">
    <relevance>false</relevance>
    <sentiment>neutral</sentiment>
    <Opinions/>
    <text>@zeitonline @EinAugenschmaus Hier mal ein hoffentlicher guter Artikel mit einem gehörlosen Wissenschaftler. #lesenswert</text>
  </Document>
  <Document id="1069559030018961408">
    <relevance>false</relevance>
    <sentiment>neutral</sentiment>
    <Opinions/>
    <text>@PhilHackemann @BMI_Bund @PolizeiBayern @polizeiberlin @PolizeiBB @PolizeiNI_lka @Polizei_Thuer @PolizeiHamburg @DoroBaer Für Gehörlose gibt es ein eigens mit dem Landesverband der Gehörlosen abgestimmtes Prozedere. Mehr dazu hier &gt;&gt; https://t.co/WFj8iRaa8H *bn</text>
  </Document>
  <Document id="830023610286882816">
    <relevance>false</relevance>
    <sentiment>neutral</sentiment>
    <Opinions/>
    <text>RT @zeitonline: Stufenlos-Blog: Mit welchen Problemen eine gehörlose Schülerin auf einer Klassenreise nach Brüssel zu kämpfen hat. https://…</text>
  </Document>
  <Document id="1031576093147443202">
    <relevance>true</relevance>
    <sentiment>neutral</sentiment>
    <Opinions/>
    <text>Ab heute werden die Anzeigetafeln auf den österreichischen Bahnhöfen umgestellt.  https://t.co/Nhel7aAUCs @unsereOEBB #öbb #öbbinfra #mobilität #bahnhof #österreich #bahn #schiene</text>
  </Document>
  <Document id="1079652616118984704">
    <relevance>false</relevance>
    <sentiment>neutral</sentiment>
    <Opinions/>
    <text>Vor 30 Jahren auf einer Baustelle bei Kriwoi Rog (Ukraine)  .- https://t.co/axjWndn38u</text>
  </Document>
  <Document id="616129444898570242">
    <relevance>true</relevance>
    <sentiment>neutral</sentiment>
    <Opinions/>
    <text>Kurze Aufregung am Bochum Hbf: endlich fährt eine S-Bahn ein. Alle stürzen drauf zu. Ansage aber: 'Bitte nicht einsteigen!' Hä? #S1</text>
  </Document>
  <Document id="1005821945370333184">
    <relevance>true</relevance>
    <sentiment>neutral</sentiment>
    <Opinions/>
    <text>Wiederum: die RB fällt aus steht oben in F-Hbf an der Anzeigetafel, die @DB_Bahn weiß davon nichts @RMVdialog https://t.co/WXW2r6OdGn</text>
  </Document>
  <Document id="830797222031802370">
    <relevance>false</relevance>
    <sentiment>neutral</sentiment>
    <Opinions/>
    <text>@faznet Die meisten deutschsprachig sozialisierten Gehörlosen werde sich das weder leisten können, noch gefördert bekommen. #realitycheck</text>
  </Document>
  <Document id="646946956120563712">
    <relevance>false</relevance>
    <sentiment>neutral</sentiment>
    <Opinions/>
    <text>@SZ sofort mehr Geld in die deutsche Behindertenhilfe  ,behindertengerechter Ausbau der Infrastruktur, anscheinend hat es der Staat ja</text>
  </Document>
  <Document id="943142981816803331">
    <relevance>true</relevance>
    <sentiment>negative</sentiment>
    <Opinions>
      <Opinion category="TactileContrastOrientation#Main" polarity="negative" from="53" to="63" target="Leitsystem" category_de="Taktil_Kontrastreich_Orientierung#Haupt"/>
    </Opinions>
    <text>@Regio_NRW Für Menschen mit Sehschwäche ist wohl ein Leitsystem sinnvoll, das nicht von Kabelbindern überdeckt wird.</text>
  </Document>
  <Document id="705871127021817856">
    <relevance>false</relevance>
    <sentiment>neutral</sentiment>
    <Opinions/>
    <text>@polizeiberlin Wir warnen euch,alle ehemaligen Stasiverbrecher/innen machen eine Gauner an Behinderten und Gehörlosen abkassieren.</text>
  </Document>
  <Document id="615204022937632768">
    <relevance>false</relevance>
    <sentiment>neutral</sentiment>
    <Opinions/>
    <text>Wenn man aus Stau Staub macht und aus Bauarbeiten Baumarbeiten geht es eigentlich.</text>
  </Document>
  <Document id="949998980196458497">
    <relevance>false</relevance>
    <sentiment>neutral</sentiment>
    <Opinions/>
    <text>@SZ Der Typ hat offensichtlich irgend etwas am Kopf u ist sehbehindert</text>
  </Document>
  <Document id="995617424140591105">
    <relevance>true</relevance>
    <sentiment>neutral</sentiment>
    <Opinions>
      <Opinion category="GeneralBarrier#Main" polarity="neutral" from="113" to="137" target="Schwerbehindertengerecht" category_de="Allgemein_Barriere#Haupt"/>
    </Opinions>
    <text>RT @RollifahrerMike: Liebe @DB_Bahn, mal eine Frage:  Ist es eines Tages geplant den Bahnhof Köln Deutz komplett Schwerbehindertengerecht z…</text>
  </Document>
  <Document id="885937225455869954">
    <relevance>true</relevance>
    <sentiment>neutral</sentiment>
    <Opinions/>
    <text>Seit ich @DB_Bahn regelmäßig nutze habe ich wieder angefangen zu beten - zur heiligen Anzeigetafel und dem undeutlichen genuschel des bhf https://t.co/LqBh8cIghz</text>
  </Document>
  <Document id="741219556815982593">
    <relevance>true</relevance>
    <sentiment>neutral</sentiment>
    <Opinions/>
    <text>@DVBAG woher &quot;weiß&quot; die Bahn eigentlich, wann sie die Liniennamen und Endhalte für Sehbehinderte ansagen muss? #DVBThings</text>
  </Document>
  <Document id="629616645733007360">
    <relevance>true</relevance>
    <sentiment>negative</sentiment>
    <Opinions>
      <Opinion category="GroundLevelAccess#Main" polarity="negative" from="110" to="130" target="Ebenerdige Ausstiege" category_de="Stufenfrei_Hoehengleich#Haupt"/>
    </Opinions>
    <text>Ein behindertengerechter Bahnhof ist Braunschweig nicht wirklich. Nur Fahrstühle reichen da leider nicht aus. Ebenerdige Ausstiege fehlen!</text>
  </Document>
  <Document id="933340729618960384">
    <relevance>true</relevance>
    <sentiment>negative</sentiment>
    <Opinions>
      <Opinion category="InfoDisplay#Avaiability" polarity="negative" from="62" to="75" target="Anzeigetafeln" category_de="Infoanzeige#Betrieb"/>
    </Opinions>
    <text>@DB_Bahn ist der Wuppertaler hbf down oder wieso gibt's keine Anzeigetafeln?</text>
  </Document>
  <Document id="1080339518845321216">
    <relevance>false</relevance>
    <sentiment>neutral</sentiment>
    <Opinions/>
    <text>@faznet Ich kann den &quot;Atlantiker&quot; Schäuble nicht mehr sehen. Wie ist es überhaut möglich, dass in einem Rechtsstaat und Demokratie jemand in Amt und Würden ist, der (gelernter Finanzinspektor) Schwarzgeld von einem verurteilten Waffenlobbyisten Karl-Heinz Schreiben angenommen hatte? https://t.co/dwvfr01PFs</text>
  </Document>
  <Document id="952797388204371979">
    <relevance>true</relevance>
    <sentiment>neutral</sentiment>
    <Opinions/>
    <text>Montag. Alles trantütig. VVS: Lass uns mal auf die Anzeigetafel schreiben, dass die Bahn 20 min. Verspätung hat! Da werden die Leut wach!</text>
  </Document>
  <Document id="1011882589005713408">
    <relevance>false</relevance>
    <sentiment>neutral</sentiment>
    <Opinions/>
    <text>Hatte von dem Unfallgegner einen Unfall gehabt. Wurde darauf hingewiesen dass ich hörbehindert bin! Die Woche später erhielte ich 3 verpasste Anrufe. Hatte meinen Bekannte gebeten für mich anzurufen, und stellte fest dass die HDI war, trotzdem der Hilfe meines Bekannten haben die</text>
  </Document>
  <Document id="625648014254804993">
    <relevance>true</relevance>
    <sentiment>negative</sentiment>
    <Opinions>
      <Opinion category="SpaceMobilityGroups#Main" polarity="negative" from="110" to="124" target="Rollstuhlplatz" category_de="Platzangebot#Haupt"/>
    </Opinions>
    <text>Die Bahn möchte übrigens nicht dass ich Heimfahre &amp; hat mir deshalb gestern mitgeteilt dass in meinem ice der Rollstuhlplatz nicht frei ist</text>
  </Document>
  <Document id="823465078255190016">
    <relevance>false</relevance>
    <sentiment>neutral</sentiment>
    <Opinions/>
    <text>«Danke, es wird gleich grün» – Hier spricht das erste Lichtsignal der Schweiz https://t.co/zbzVZdLtAc #verkehr #sehbehinderung</text>
  </Document>
  <Document id="1001351223868522496">
    <relevance>true</relevance>
    <sentiment>neutral</sentiment>
    <Opinions/>
    <text>Ich würde ja vorschlagen, dass die S-Bahn in Berlin nur noch Durchsagen macht, wenn der Zugverkehr mal regelmäßig ist, aber ich will auch nicht, dass die Hälfte der Ansager ihren Job verliert.</text>
  </Document>
  <Document id="1080151379354812416">
    <relevance>false</relevance>
    <sentiment>neutral</sentiment>
    <Opinions/>
    <text>@zeitonline Das ist eben das Dilemma extremer Positionen. Wen diese durchgesetzt werden, muss eine Seite verlieren und die andere setzt ihren Willen durch. Nur funktioniert die Demokratie nicht nach dem &quot;The winner takes it all&quot;-Prinzip.</text>
  </Document>
  <Document id="610546685517897729">
    <relevance>false</relevance>
    <sentiment>neutral</sentiment>
    <Opinions/>
    <text>@SPIEGELONLINE &quot;sometimes the truth loves a blind spot&quot;.  Wie, Child watch this over and over again!</text>
  </Document>
  <Document id="607892162382995457">
    <relevance>false</relevance>
    <sentiment>neutral</sentiment>
    <Opinions/>
    <text>Autos wirbeln Staub auf und sorgen für Fehlalarm: Autos und Lastwagen haben am Wochenende auf der Autobahn 19 ... http://t.co/nB33O5F2fG</text>
  </Document>
  <Document id="1073242206880784384">
    <relevance>false</relevance>
    <sentiment>neutral</sentiment>
    <Opinions/>
    <text>Seit mehr als 20 Jahren lebt Ayse Ates in #Chemnitz. Doch Deutsche darf die Kurdin nicht werden. Jetzt entscheiden Richter über das Schicksal der stark sehbehinderten Frau.  https://t.co/fJY2DwgG5G https://t.co/gYfjLbwhe3</text>
  </Document>
  <Document id="628143349954936833">
    <relevance>true</relevance>
    <sentiment>positive</sentiment>
    <Opinions>
      <Opinion category="GeneralBarrier#Main" polarity="positive" from="28" to="40" target="barrierefrei" category_de="Allgemein_Barriere#Haupt"/>
    </Opinions>
    <text>Salzufler Bahnhof ist jetzt barrierefrei | LZ.de - Bad Salzuflen http://t.co/Bg2Gn9bEKj Mal was aus meiner Heimat zum Wochenstart . . .</text>
  </Document>
  <Document id="916642311345500160">
    <relevance>true</relevance>
    <sentiment>neutral</sentiment>
    <Opinions/>
    <text>@FlixBus Anzeigetafel sagt oben Gleis 13</text>
  </Document>
  <Document id="999686635456548864">
    <relevance>false</relevance>
    <sentiment>neutral</sentiment>
    <Opinions/>
    <text>Durchsage der @polizeiberlin die Straße zu verlassen https://t.co/WaglEIHCag</text>
  </Document>
  <Document id="879740415188054017">
    <relevance>true</relevance>
    <sentiment>negative</sentiment>
    <Opinions>
      <Opinion category="InfoAcoustic#Availability" polarity="negative" from="0" to="18" target="Lautsprecheranlage" category_de="Infodurchsage#Betrieb"/>
    </Opinions>
    <text>Lautsprecheranlage der Bahn beschädigt https://t.co/q29N5OPrMk #Presse-#Eifel, #PresseEifel https://t.co/MBIYOaDSmZ</text>
  </Document>
  <Document id="815805728044814336">
    <relevance>false</relevance>
    <sentiment>neutral</sentiment>
    <Opinions/>
    <text>Sie trennte nur eine Flügeltür, bald kam sie öfter rüber zum Film gucken. Wie aus Mitbewohnern ein Paar wurde. https://t.co/w9uvVytPGZ</text>
  </Document>
  <Document id="936853350540132352">
    <relevance>true</relevance>
    <sentiment>neutral</sentiment>
    <Opinions/>
    <text>Alter! Schwerhörigenwochen bei der Deutschen Bahn? Was schreien die alle so ins Mikrofon? #ohrenbluten</text>
  </Document>
  <Document id="1044607436643020801">
    <relevance>true</relevance>
    <sentiment>negative</sentiment>
    <Opinions>
      <Opinion category="InfoDisplay#BarrierOthers" polarity="negative" from="106" to="118" target="Anzeigetafel" category_de="Infoanzeige#Sonstiges_Barriere"/>
    </Opinions>
    <text>@DB_Bahn Hi, habt ihr Informationen zur RB 75 von Darmstadt nach Wiesbaden um 17:10. Eben einfach von der Anzeigetafel verschwunden...</text>
  </Document>
  <Document id="937390483986440192">
    <relevance>false</relevance>
    <sentiment>neutral</sentiment>
    <Opinions/>
    <text>@BILD Wenn Hörgeschädigte die Straße kreuzen?</text>
  </Document>
  <Document id="625889316066205696">
    <relevance>false</relevance>
    <sentiment>neutral</sentiment>
    <Opinions/>
    <text>2/2: In #Düsseldorf #Reisholz ist der #Aufzug und in Düsseldorf #Wehrhahn sind #Aufzug und #Rolltreppe defekt. (#MER)</text>
  </Document>
  <Document id="736494404924510210">
    <relevance>false</relevance>
    <sentiment>neutral</sentiment>
    <Opinions/>
    <text>In #Lichterfelde ist der akustische Signalgeber für Sehbehinderte defekt. Wir versuchen eine Lösung zu finden. #24hPolizei</text>
  </Document>
  <Document id="826005302625570816">
    <relevance>false</relevance>
    <sentiment>neutral</sentiment>
    <Opinions/>
    <text>Es ist nicht nur der beliebteste sondern auch wichtigste Parkplatz,  besonders für alte und gehbehinderte buerger. https://t.co/Df2Lp6j5n5</text>
  </Document>
  <Document id="606777621570043905">
    <relevance>false</relevance>
    <sentiment>neutral</sentiment>
    <Opinions/>
    <text>Schöner Beitrag über unsere Apps #CinemaConnect und #MobileConnect: Jeden Ton verstehen: http://t.co/41uYKrlgN4 #Hörbehinderung</text>
  </Document>
  <Document id="744846843641724928">
    <relevance>true</relevance>
    <sentiment>negative</sentiment>
    <Opinions>
      <Opinion category="Security#Main" polarity="negative" from="41" to="52" target="angegriffen" category_de="Sicherheit_Mensch#Haupt"/>
    </Opinions>
    <text>Stuttgart: Gehbehinderter (75) in S-Bahn angegriffen! #schauhin du SOLLST nicht erfahren wer so was macht: https://t.co/2uGjirvEwk</text>
  </Document>
  <Document id="910900621406023685">
    <relevance>false</relevance>
    <sentiment>neutral</sentiment>
    <Opinions/>
    <text>Unrechtsstaat: München verurteilt gehbehinderte Flaschensammlerin. https://t.co/y2nYIgGC3O</text>
  </Document>
  <Document id="850366340342968320">
    <relevance>false</relevance>
    <sentiment>neutral</sentiment>
    <Opinions/>
    <text>Sicherheitsstandards von Abhöranlagen waren auch mal besser *hust* https://t.co/O67uAr2ZDn</text>
  </Document>
  <Document id="1080188447862738944">
    <relevance>false</relevance>
    <sentiment>neutral</sentiment>
    <Opinions/>
    <text>Die Loch-Baustelle hat der TÜV abgenommen? Schwer zu glauben! #Tatort</text>
  </Document>
  <Document id="650259561144819712">
    <relevance>false</relevance>
    <sentiment>neutral</sentiment>
    <Opinions/>
    <text>Liebe #Wiesn-Besucher, bitte beachtet: Kinderwagen sind heute auf der Wiesn und der Oidn Wiesn nicht erlaubt. #Oktoberfest</text>
  </Document>
  <Document id="637173964150833152">
    <relevance>true</relevance>
    <sentiment>neutral</sentiment>
    <Opinions/>
    <text>@dumdidum @GastonStuttgart Die übliche Scheiße. Rollstuhlfahrer*nnen sind für Bahn und Gesellschaft immer noch Dummbehindis</text>
  </Document>
  <Document id="628126937647480832">
    <relevance>false</relevance>
    <sentiment>neutral</sentiment>
    <Opinions/>
    <text>Durch Kanada und Deutschland hatte es der trampende Roboter #Hitchbot geschafft – doch dann kam Amerika. http://t.co/ouRBryN6pn</text>
  </Document>
  <Document id="948127071531950080">
    <relevance>true</relevance>
    <sentiment>negative</sentiment>
    <Opinions>
      <Opinion category="GeneralBarrier#Main" polarity="negative" from="255" to="273" target="behindertengerecht" category_de="Allgemein_Barriere#Haupt"/>
    </Opinions>
    <text>Unfassbar! Das zu lesen macht mich stinkewütend. Meine Mama würde gerne einfach mal mit dem Zug fahren, aber ohne Planung geht da nichts und selbst dann klappt es, wie man an diesem Fall sieht, nicht immer. (Ganz abgesehen davon, dass unser Bahnhof nicht behindertengerecht ist.) https://t.co/oXKEa4pj18</text>
  </Document>
  <Document id="951024907445592064">
    <relevance>true</relevance>
    <sentiment>positive</sentiment>
    <Opinions>
      <Opinion category="Info#Barrier_Others" polarity="positive" from="5" to="8" target="App" category_de="Info_Sonstiges#Sonstiges_Barriere"/>
    </Opinions>
    <text>Neue App hilft Sehbehinderten in Bus und Bahn https://t.co/0jMHt8sD3t</text>
  </Document>
  <Document id="1079780703167041542">
    <relevance>false</relevance>
    <sentiment>neutral</sentiment>
    <Opinions/>
    <text>@zeitonline Keine lupenreine Demokratie ‼️</text>
  </Document>
  <Document id="705448881346232321">
    <relevance>false</relevance>
    <sentiment>neutral</sentiment>
    <Opinions/>
    <text>Suchbild! Mitarbeiter einer Kommune behauptet ich hätte die Straße verschmutzt #PapierStehtAberNoch #Seltsam https://t.co/E0StishRgg</text>
  </Document>
  <Document id="614009655740776449">
    <relevance>false</relevance>
    <sentiment>neutral</sentiment>
    <Opinions/>
    <text>@SPIEGELONLINE ach ich dachte die reden von mir. es geht schon wieder um diese kinderwagenschubsen</text>
  </Document>
  <Document id="662204247765876736">
    <relevance>false</relevance>
    <sentiment>neutral</sentiment>
    <Opinions/>
    <text>Die Stadt hat ihr letztes Hemd gegeben, nur mehr ist an Weihnachtsbeleuchtung für die Mariahilfer Straße nicht drin. https://t.co/jxdmh1W9Zs</text>
  </Document>
  <Document id="1080529670657986560">
    <relevance>true</relevance>
    <sentiment>neutral</sentiment>
    <Opinions/>
    <text>@ariakethama @DB_Bahn Exakt das Gleiche ist mir schon häufig passiert. Es ist leider so, dass die Bahn zwar für die Anzeigetafeln zuständig ist, aber dafür auch auf die Infos der Zuggesellschaften (bei mir die VIAS) angewiesen ist. Aber die @viasgmbh reagiert bei sowas nicht.</text>
  </Document>
  <Document id="857129916990713856">
    <relevance>true</relevance>
    <sentiment>neutral</sentiment>
    <Opinions/>
    <text>@DVBAG Voll verspätet, er hätte ja auch sagen können, dass die nächste gleich kommt. Allerdings so über die Lautsprecheranlage angeschnauzt werden?</text>
  </Document>
  <Document id="940177287881818112">
    <relevance>false</relevance>
    <sentiment>neutral</sentiment>
    <Opinions/>
    <text>@HansHubertus3 @WaywardKitten93 @AndiHoffi @daunddort @polizeiberlin Wenn der Weg vom Rollifahrer blockiert ist, &quot;hat er noch andere Wege zur Verfügung&quot; SAGT EIN POLIZIST. Dass er dabei einen Unfall haben kann &quot;erschließt sich nicht&quot; SAGT ER weiter. Menschen mit Sehbehinderung merken schon wenn da was steht!? #TagderMenschenrechte war gestern. https://t.co/2avsC9DUy3</text>
  </Document>
  <Document id="882492019989508100">
    <relevance>true</relevance>
    <sentiment>negative</sentiment>
    <Opinions>
      <Opinion category="InfoDisplay#Avaiability" polarity="negative" from="79" to="91" target="Anzeigetafel" category_de="Infoanzeige#Betrieb"/>
    </Opinions>
    <text>@DVBAG guten Morgen. An der Haltestelle Mosenstraße Richtung Laubegast ist die Anzeigetafel ausgefallen. Eine kleine Ecke wehrt sich noch 😉</text>
  </Document>
  <Document id="922743840402038784">
    <relevance>true</relevance>
    <sentiment>negative</sentiment>
    <Opinions>
      <Opinion category="InfoDisplay#Avaiability" polarity="negative" from="60" to="73" target="Anzeigetafeln" category_de="Infoanzeige#Betrieb"/>
    </Opinions>
    <text>@BVG_Kampagne Trotz der Bauarbeiten könnte man das über die Anzeigetafeln kommunizieren, statt diese abzuschalten und auf den Fahrplan zu verweisen.</text>
  </Document>
  <Document id="825987887065944064">
    <relevance>true</relevance>
    <sentiment>negative</sentiment>
    <Opinions>
      <Opinion category="ccidentsMobilityGroups#Main" polarity="negative" from="47" to="66" target="fiel ins Gleisbrett" category_de="Unfall#Haupt"/>
    </Opinions>
    <text>RT @EinAugenschmaus: Geschockt. Gehbehinderter fiel ins Gleisbrett am HBF HH ICE kommt. Leute springen rein und zerren ihn rechtzeitig raus…</text>
  </Document>
  <Document id="626097690028441600">
    <relevance>false</relevance>
    <sentiment>neutral</sentiment>
    <Opinions/>
    <text>Lach mich weg Jo mit mein Elektrorollstuhl auf der Autobahn hurra mit 6 km Lol http://t.co/iM2yvqTADC</text>
  </Document>
  <Document id="777441218280161280">
    <relevance>false</relevance>
    <sentiment>neutral</sentiment>
    <Opinions/>
    <text>Bauarbeiten an der Eichendorffschule https://t.co/oqsoogkRkj  #Augsburg #Haunstetten #Schule #Baustelle #Kran #Baukran  #behindertengerecht</text>
  </Document>
  <Document id="877600313867468800">
    <relevance>false</relevance>
    <sentiment>neutral</sentiment>
    <Opinions/>
    <text>Pannen-App für Gehörlose:Bei einem Verkehrsunfall oder einer Panne jederzeit.../  https://t.co/m1UOWkOgeT</text>
  </Document>
  <Document id="614846173006860288">
    <relevance>false</relevance>
    <sentiment>neutral</sentiment>
    <Opinions/>
    <text>Eine Katze als blinder Passagier, ein Drama mit einem Dachs und ein kämpferisches Kaninchen – die Webvideos der Woche http://t.co/HfSgtv3eIm</text>
  </Document>
  <Document id="694267567041581056">
    <relevance>false</relevance>
    <sentiment>neutral</sentiment>
    <Opinions/>
    <text>@polizeiberlin Mein Anwalt aus Berlin bescheid an Sacha Stelzer vom Rangsdorf hatte seine Mörder an anderen Gehörlosen</text>
  </Document>
  <Document id="1080156714522025984">
    <relevance>false</relevance>
    <sentiment>neutral</sentiment>
    <Opinions/>
    <text>Unterwegs im wunderschönen Holländerviertel - trotz kleiner Baustelle #potsdam2018 @ Potsdam, Germany https://t.co/mXbYp4ITVT</text>
  </Document>
  <Document id="1027249511025070080">
    <relevance>false</relevance>
    <sentiment>neutral</sentiment>
    <Opinions/>
    <text>@SPIEGELONLINE Warum nicht, wenn man auf dem rechten Augen ohnehin eine Sehschwäche hat.</text>
  </Document>
  <Document id="1079799129163907073">
    <relevance>false</relevance>
    <sentiment>neutral</sentiment>
    <Opinions/>
    <text>Kennen Sie die Eröffnungssequenz aus Casino Royale? Die, wo sie über die afrikanische Baustelle toben? Schauen Sie die nicht mit jemandem, der sein bisheriges, berufliches Leben auf Baustellen verbrachte. Vertrauen Sie mir.</text>
  </Document>
  <Document id="727531459045531648">
    <relevance>false</relevance>
    <sentiment>neutral</sentiment>
    <Opinions/>
    <text>INCEPTION *BAHNBRECHENDES KINO!* DVD NEU OVP mit Untertitel f. Hörgeschädigte https://t.co/sBZYqyzXBy</text>
  </Document>
  <Document id="1050659237951488000">
    <relevance>true</relevance>
    <sentiment>negative</sentiment>
    <Opinions>
      <Opinion category="GeneralBarrier#Main" polarity="negative" from="35" to="53" target="behindertengerecht" category_de="Allgemein_Barriere#Haupt"/>
    </Opinions>
    <text>Welche @BVG_Ubahn -Höfe noch nicht behindertengerecht ausgebaut sind und wann sich das ändern soll. #UBahn #Berlin  https://t.co/Zegz6rQjdi https://t.co/O47bgKMoEj</text>
  </Document>
  <Document id="606785665917980672">
    <relevance>false</relevance>
    <sentiment>neutral</sentiment>
    <Opinions/>
    <text>Let's Play Monster Hunter Freedom Unite [003/Blind/Deutsch] Großwildjäger: http://t.co/cTV5ibYBjL über @YouTube</text>
  </Document>
  <Document id="982260290413772801">
    <relevance>false</relevance>
    <sentiment>neutral</sentiment>
    <Opinions/>
    <text>#Schömberg: Die Bauarbeiten an den neuen, behindertengerechten Toiletten am Stausee-Kiosk haben begonnen. (bs) https://t.co/E3e7JCYRWB € https://t.co/TaUTjVavBv</text>
  </Document>
  <Document id="651501930695557120">
    <relevance>true</relevance>
    <sentiment>neutral</sentiment>
    <Opinions/>
    <text>In der Bahn blieb eine Dame mit ihrem Kinderwagen am Rollator einer älteren Dame hängen. Ihre Reaktion :&quot;Huch, Kollision der Generationen&quot;:D</text>
  </Document>
  <Document id="643108517231132672">
    <relevance>false</relevance>
    <sentiment>neutral</sentiment>
    <Opinions/>
    <text>Rollstuhlfahrer auf der Autobahn ... Okay ?</text>
  </Document>
  <Document id="656781119497588736">
    <relevance>false</relevance>
    <sentiment>neutral</sentiment>
    <Opinions/>
    <text>#Polizei #MTK Radfahrer bei Zusammenstoß mit Rollstuhl verletzt; #Kriftel Fahrradfahrer bei Verkehrsunfall verletzt https://t.co/6WeL5yqQTE</text>
  </Document>
  <Document id="646736722823397376">
    <relevance>false</relevance>
    <sentiment>neutral</sentiment>
    <Opinions/>
    <text>@rponline @WDR @EinAugenschmaus ...wenn Blinde an der Kostenschraube drehen, bleiben Gehörlose auf der Strecke.  #Fremdschämen #WDR</text>
  </Document>
  <Document id="1046464896723013632">
    <relevance>true</relevance>
    <sentiment>negative</sentiment>
    <Opinions>
      <Opinion category="InfoDisplay#BarrierOthers" polarity="negative" from="159" to="171" target="Anzeigetafel" category_de="Infoanzeige#Sonstiges_Barriere"/>
    </Opinions>
    <text>@DB_Bahn Was ist mit dem ICE 947 nach der Berlin und um 20.00 Uhr in Düsseldorf Flughafen halten sollten? Dort hat er nicht gehalten und ist plötzlich von der Anzeigetafel verschwunden?</text>
  </Document>
  <Document id="631434062113189888">
    <relevance>true</relevance>
    <sentiment>neutral</sentiment>
    <Opinions/>
    <text>@raulde Was mir eben aufgefallen ist eine Frau im Rollstuhl wollte eben am Alexanderplatz in die U-Bahn einsteigen kedoch der Fahrer 1/2</text>
  </Document>
  <Document id="1080064910917279744">
    <relevance>false</relevance>
    <sentiment>neutral</sentiment>
    <Opinions/>
    <text>@WDR Liebes @WDR Team, sie  benutzen als Titelfoto zu einem Polizeieinsatz gegen Unbekannt (!) das Bild friedlicher Demonstrant*innen. Das ist unpassend und trägt aktiv zum Framing „Klimaaktivisten = Straftäter“ bei. Bitte mehr Sorgfalt bei Meldungen zum #HambacherForst https://t.co/6SVSG0CLnK</text>
  </Document>
  <Document id="612259735950245888">
    <relevance>false</relevance>
    <sentiment>neutral</sentiment>
    <Opinions/>
    <text>Aufzug w_ow in #Frankfurt  #nowow2006 #StopWOW http://t.co/sQLRqP4ckY</text>
  </Document>
  <Document id="1014533658416484352">
    <relevance>true</relevance>
    <sentiment>negative</sentiment>
    <Opinions>
      <Opinion category="Info#Barrier_Others" polarity="negative" from="182" to="188" target="Scotty" category_de="Info_Sonstiges#Sonstiges_Barriere"/>
      <Opinion category="InfoDisplay#BarrierOthers" polarity="negative" from="197" to="210" target="Anzeigetafeln" category_de="Infoanzeige#Sonstiges_Barriere"/>
    </Opinions>
    <text>@unsereOEBB Ich bin eh schon im Zug ... irgendwo auf der Strecke.   Ich denke diese Info hat alle am Bahnsteig / in den Zügen gefehlt.  Techn. Gebrechen sind blöd aber unvermeidbar. Scotty und die Anzeigetafeln stimmten mal wieder nicht. Das macht das Pendeln und planen unnötig schwer.</text>
  </Document>
  <Document id="651438583358820352">
    <relevance>false</relevance>
    <sentiment>neutral</sentiment>
    <Opinions/>
    <text>Lagerhausstraße ab Kaiserwörthdamm in Richtung stadteinwärts, Vollsperrung durch verschmutzte Fahrbahn nach Verkehrsunfall</text>
  </Document>
  <Document id="654546976290263040">
    <relevance>false</relevance>
    <sentiment>neutral</sentiment>
    <Opinions/>
    <text>Autounfall: Frau verletzt, Kinderwagen am Boden : http://t.co/F1koUZU2Lu</text>
  </Document>
  <Document id="972797764026413056">
    <relevance>false</relevance>
    <sentiment>neutral</sentiment>
    <Opinions/>
    <text>RT @HannesSoltau: Eine kleine Leseempfehlung zum Sonntag. Meine Reportage über zwei großartige Menschen, die beweisen, dass Gehörlosigkeit…</text>
  </Document>
  <Document id="635805103962910721">
    <relevance>true</relevance>
    <sentiment>positive</sentiment>
    <Opinions>
      <Opinion category="GeneralBarrier#Main" polarity="positive" from="74" to="86" target="barrierefrei" category_de="Allgemein_Barriere#Haupt"/>
    </Opinions>
    <text>RT @rbbonline: Neue Studie: Die meisten Bahnhöfe der S-@SBahnBerlin sind #barrierefrei - bei #BVG sinds nur 2 von 3 http://t.co/ovXOMGXd2x</text>
  </Document>
  <Document id="1068817086183550976">
    <relevance>false</relevance>
    <sentiment>neutral</sentiment>
    <Opinions/>
    <text>und: In den Wohungungen über - und neben mir - da dort scheinbar nur Schwerhörige wohnen (bin ich jetzt fies? - Nö nur ehrlich, da es nervt)</text>
  </Document>
  <Document id="939882614114209792">
    <relevance>false</relevance>
    <sentiment>neutral</sentiment>
    <Opinions/>
    <text>RT @Pingaxx: Wenn man für die Theorieprüfung lernt und die Fragestellung lautet, was tust du wenn ein Sehbehinderter die Straße… </text>
  </Document>
  <Document id="644931649373908992">
    <relevance>false</relevance>
    <sentiment>neutral</sentiment>
    <Opinions/>
    <text>In der Straße haben schon Leute Halloween-Beleuchtung aufgehängt.  Es ist erst Mitte September. Haben die schon immer so früh angefangen?</text>
  </Document>
  <Document id="988425094270726145">
    <relevance>false</relevance>
    <sentiment>neutral</sentiment>
    <Opinions/>
    <text>Congratulations, Kate and William! At your next visit, it will have to be the &quot;#Kleinkindabteil&quot;, we guess. Best wishes to the #royalbaby! 🎉👍👶 https://t.co/3AKkOhKZfT</text>
  </Document>
  <Document id="765437966789423104">
    <relevance>false</relevance>
    <sentiment>neutral</sentiment>
    <Opinions/>
    <text>15 Millionen Menschen in Deutschland leiden unter Schwerhörigkeit: https://t.co/sOtcpuoRUH https://t.co/evxt5pO1pe</text>
  </Document>
  <Document id="1080094204808888321">
    <relevance>false</relevance>
    <sentiment>neutral</sentiment>
    <Opinions/>
    <text>Man sieht sich auch 2019 ...  auf der Straße ✊️   Nächste Station:  Sa 16.02. #AntiSIKO Proteste und Großdemo in München ☮   https://t.co/b5GXCLuqsZ https://t.co/hLQmkxSHF5</text>
  </Document>
  <Document id="671753616357765120">
    <relevance>false</relevance>
    <sentiment>neutral</sentiment>
    <Opinions/>
    <text>Weihnachtsbeleuchtung des Polizeipräsidiums München - Wir wünschen eine friedliche und besinnliche Weihnachtszeit https://t.co/tGJphvc5Fd</text>
  </Document>
  <Document id="612187227679010816">
    <relevance>false</relevance>
    <sentiment>neutral</sentiment>
    <Opinions/>
    <text>Der Aufzug Berliner Straße bewegt sich wieder. Es geht weiter in Richtung Katharinenkirche #nowow2006 #StopWOW #Frankfurt</text>
  </Document>
  <Document id="676373956908163072">
    <relevance>false</relevance>
    <sentiment>neutral</sentiment>
    <Opinions/>
    <text>Sind wieder eine Menge gehbehinderte Menschen unterwegs die auf ihrem Weg über die Straße noch schnell WhatsApp Nachrichten versenden müssen</text>
  </Document>
  <Document id="622316747895517184">
    <relevance>true</relevance>
    <sentiment>positive</sentiment>
    <Opinions>
      <Opinion category="GeneralBarrier#Main" polarity="positive" from="110" to="122" target="barrierefrei" category_de="Allgemein_Barriere#Haupt"/>
    </Opinions>
    <text>RT @mellubo1: @Gelbkopfamazone  ich erinnere mich noch, wie toll ich den Bahnhof fand, weil er sozusagen voll barrierefrei, alles ebenerdig…</text>
  </Document>
  <Document id="1078830614969806849">
    <relevance>false</relevance>
    <sentiment>neutral</sentiment>
    <Opinions/>
    <text>Der hier lebende (nicht &quot;mein&quot;) Kater verlor bei einem Unfall/einer Attacke durch #Jäger ein Auge. Seitdem ist er extrem ängstlich und hält #Silvester für Scheiße. Zum Glück ist er zunehmend schwerhörig, sodass wir allmählich mit allem Unbill Frieden machen können ... 😌</text>
  </Document>
  <Document id="1071827004184498177">
    <relevance>false</relevance>
    <sentiment>neutral</sentiment>
    <Opinions/>
    <text>Gut sehen - sicher ankommen 👀🚗🚌👓 Gerade für Kinder kann es gefährlich werden mit Sehschwäche. Nutzen Sie mit Ihren Kindern den kostenlosen Sehtest bei Optik Busch im Steinweg! Warnweste gratis. https://t.co/UXxJOD3hTa #Coburg #Einkaufen #Sehtest #Brille #Optiker #Verkehr https://t.co/ELuVYyR8VP</text>
  </Document>
  <Document id="1080346467804557312">
    <relevance>false</relevance>
    <sentiment>neutral</sentiment>
    <Opinions/>
    <text>Erneute Neuregelungen des Verkehrs werden an der Großbaustelle in der Großen Langgasse ab Donnerstag notwendig, wenn dort die nächste Bauphase beginnt https://t.co/Qp01MZkXhM</text>
  </Document>
  <Document id="616197379944005632">
    <relevance>true</relevance>
    <sentiment>positive</sentiment>
    <Opinions>
      <Opinion category="GeneralBarrier#Main" polarity="positive" from="94" to="106" target="barrierefrei" category_de="Allgemein_Barriere#Haupt"/>
    </Opinions>
    <text>@katrinlangensiepen Wir sind bereits dabei und bauen unser über 100 Jahre altes U-Bahn-System barrierefrei aus. 1/2 /as</text>
  </Document>
  <Document id="627439342328369152">
    <relevance>true</relevance>
    <sentiment>positive</sentiment>
    <Opinions>
      <Opinion category="Lift#Availability" polarity="positive" from="57" to="64" target="Aufzüge" category_de="Aufzug#Betrieb"/>
      <Opinion category="Escalator#Availability" polarity="positive" from="67" to="78" target="Fahrtreppen" category_de="Rolltreppe#Betrieb"/>
    </Opinions>
    <text>@Zugpendler Schlechtes Beispiel. Der Bahnhof hat nämlich Aufzüge &amp; Fahrtreppen, wodurch er nach S21-Gegner-Logik nicht barrierefrei ist. ;-)</text>
  </Document>
  <Document id="716995323734986752">
    <relevance>false</relevance>
    <sentiment>neutral</sentiment>
    <Opinions/>
    <text>Wer gehbehindert ist und sein Auto auf Sonderparkplätzen abstellen möchte, braucht einen Ausweis - und Ausdauer:  https://t.co/1lCAFyalHd</text>
  </Document>
  <Document id="621292377798541312">
    <relevance>false</relevance>
    <sentiment>neutral</sentiment>
    <Opinions/>
    <text>@ZeitZzeugin ist auch eine Autobahn, durchaus Kinderwagentauglich.</text>
  </Document>
  <Document id="1036102930070470657">
    <relevance>true</relevance>
    <sentiment>negative</sentiment>
    <Opinions>
      <Opinion category="InfoDisplay#Avaiability" polarity="negative" from="119" to="131" target="Anzeigetafel" category_de="Infoanzeige#Betrieb"/>
    </Opinions>
    <text>@DB_Bahn Muss man verstehen, wieso ein Zug grundlos ausfällt? Und warum man nicht mal informiert wird? Einfach auf der Anzeigetafel den nächsten Zug aufgezeigt, ohne mal Reisende zu informieren.  #Dresden #Trachau</text>
  </Document>
  <Document id="882347965758701568">
    <relevance>false</relevance>
    <sentiment>neutral</sentiment>
    <Opinions/>
    <text>das bleibt unfassbar und unmenschlich da nicht sofort zu reagieren und die Fahrbahn zu räumen ,sind die Menschen alle schwerhörig??? https://t.co/W4YMUylAck</text>
  </Document>
  <Document id="622000137582329856">
    <relevance>true</relevance>
    <sentiment>neutral</sentiment>
    <Opinions/>
    <text>@unge @raulde @MrTrashpack #frageinfach Wenn ihr im Bus/Bahn.. Leute seht, die im Rollstuhl sitzen, helft ihr ihnen dann, einzusteigen?</text>
  </Document>
  <Document id="816531574342774784">
    <relevance>true</relevance>
    <sentiment>negative</sentiment>
    <Opinions>
      <Opinion category="Security#Main" polarity="negative" from="7" to="15" target="schubsen" category_de="Sicherheit_Mensch#Haupt"/>
    </Opinions>
    <text>Männer schubsen gehbehinderte Frau auf Treppe von S-Bahnhof - niemand reagiert https://t.co/U9r7HBFPuQ via @focusonline</text>
  </Document>
  <Document id="1005434216694403072">
    <relevance>true</relevance>
    <sentiment>neutral</sentiment>
    <Opinions/>
    <text>@DB_Bahn Das ist nicht am zug sondern an der Anzeigetafel am Bahnsteig</text>
  </Document>
  <Document id="935923082212016130">
    <relevance>false</relevance>
    <sentiment>neutral</sentiment>
    <Opinions/>
    <text>@PolizeiHamburg Danke für die Information.  Hoffentlich machen eure Kollegen das In Schleswig-Holstein auch. Meine Mutter 81  ist dort im Seniorenheim, sie hat das Telefon DORO Secure 580IUP, Seniorenhandy, 1.8 Zoll, Silber/Schwarz. Sie kommt damit gut zurecht trotz Sehbehinderung.</text>
  </Document>
  <Document id="610816736846217217">
    <relevance>false</relevance>
    <sentiment>neutral</sentiment>
    <Opinions/>
    <text>#verkehr Stadtverkehr: Frankenschnellweg Feucht - Nürnberg: zwischen Südring und An den Rampen - STAU</text>
  </Document>
  <Document id="1030867416841158657">
    <relevance>false</relevance>
    <sentiment>neutral</sentiment>
    <Opinions/>
    <text>@kommentator ICH WEIß! Und Räumlichkeiten mit Flügeltüren, damit die Speisewagen da auch durch kommen.</text>
  </Document>
  <Document id="702736342631981056">
    <relevance>false</relevance>
    <sentiment>neutral</sentiment>
    <Opinions/>
    <text>07:04 Uhr - B14 - zwischen Backnang und Waldrems - verschmutzte und schmierige Fahrbahn in der Kurve - Danke Steffen</text>
  </Document>
  <Document id="654703804969979904">
    <relevance>true</relevance>
    <sentiment>negative</sentiment>
    <Opinions>
      <Opinion category="BarrierOthers#Main" polarity="negative" from="56" to="61" target="seufz" category_de="Sonstiges_Barriere#Haupt"/>
    </Opinions>
    <text>Tatsächlich war Ubahn mit Rollator richtig easypeasy....seufz.</text>
  </Document>
  <Document id="966687023749877760">
    <relevance>true</relevance>
    <sentiment>negative</sentiment>
    <Opinions>
      <Opinion category="InfoDisplay#Avaiability" polarity="negative" from="70" to="82" target="Anzeigetafel" category_de="Infoanzeige#Betrieb"/>
    </Opinions>
    <text>Hallo @KVV_GmbH ist es möglich, an der Haltestelle Mühlburg West eine Anzeigetafel zu installieren? Die S5 hat so viele Ausfälle und dort weiß nie jemand, was los ist bzw wann die nächste Bahn kommt.</text>
  </Document>
  <Document id="615535377177296897">
    <relevance>true</relevance>
    <sentiment>negative</sentiment>
    <Opinions>
      <Opinion category="GeneralBarrier#Main" polarity="negative" from="122" to="140" target="Behindertengerecht" category_de="Allgemein_Barriere#Haupt"/>
    </Opinions>
    <text>#Kernen:Senioren-Paar kritisiert Gefahr an  #S-Bahn in  #Rommelshausen, und Bushaltestelle  http://t.co/j1eKgK9vK1 #ÖPNV #Behindertengerecht</text>
  </Document>
  <Document id="616238829654122496">
    <relevance>false</relevance>
    <sentiment>neutral</sentiment>
    <Opinions/>
    <text>Auch tolle Hilfe wenn man mit Kinderwagen unterwegs ist. 👍 https://t.co/cBPMfezgEI</text>
  </Document>
  <Document id="820081546438840328">
    <relevance>false</relevance>
    <sentiment>neutral</sentiment>
    <Opinions/>
    <text>@BILD das Foto ist ein Beweis das Trump benachteiligt ist, anscheinend schwerhörig, dann gehört er wohl zur Quote(Behindert), also alles kla</text>
  </Document>
  <Document id="613999965157789696">
    <relevance>false</relevance>
    <sentiment>neutral</sentiment>
    <Opinions/>
    <text>Studie Verkehrssicherheit: Telefonieren auf der Autobahn sind 250 Meter im Blindflug http://t.co/e1T4X9bze0</text>
  </Document>
  <Document id="653301980090109953">
    <relevance>true</relevance>
    <sentiment>negative</sentiment>
    <Opinions>
      <Opinion category="ccidentsMobilityGroups#Main" polarity="negative" from="9" to="15" target="Unfall" category_de="Unfall#Haupt"/>
      <Opinion category="ccidentsMobilityGroups#Main" polarity="negative" from="46" to="66" target="stürzt ins Gleisbett" category_de="Unfall#Haupt"/>
    </Opinions>
    <text>Schwerer Unfall in Frankfurt: Rollstuhlfahrer stürzt ins Gleisbett http://t.co/WI6aEB8nO9 #nachrichten</text>
  </Document>
  <Document id="1079683547710017536">
    <relevance>false</relevance>
    <sentiment>neutral</sentiment>
    <Opinions/>
    <text>Auf der Baustelle...  On the constrution site... https://t.co/E7II3WEV9C</text>
  </Document>
  <Document id="652446155889090560">
    <relevance>true</relevance>
    <sentiment>negative</sentiment>
    <Opinions>
      <Opinion category="InfoAcoustic#Availability" polarity="negative" from="65" to="72" target="Ansagen" category_de="Infodurchsage#Betrieb"/>
    </Opinions>
    <text>Als #Sehbehinderter hat man es heute bei @DB_Bahn schwer: Keine #Ansagen über #Zugausfälle, #Verspätungen und #Gleisänderungen :-(</text>
  </Document>
  <Document id="720672409041428481">
    <relevance>true</relevance>
    <sentiment>neutral</sentiment>
    <Opinions>
      <Opinion category="GeneralBarrier#Main" polarity="neutral" from="74" to="92" target="behindertengerecht" category_de="Allgemein_Barriere#Haupt"/>
    </Opinions>
    <text>Oh duck Hessentag, auf einmal fällt den Leuten ein sie müssen den Bahnhof behindertengerecht gestalten.</text>
  </Document>
  <Document id="710029657756798976">
    <relevance>false</relevance>
    <sentiment>neutral</sentiment>
    <Opinions/>
    <text>Verkehrsmeldung bei @radioeins: &quot;Fahrbahn ist mit Keksen verschmutzt.&quot; Klarer Fall: Krümelmonster hat Fahrschule.</text>
  </Document>
  <Document id="903719825037545473">
    <relevance>false</relevance>
    <sentiment>neutral</sentiment>
    <Opinions/>
    <text>@feuerwehrffm Was ist mit gehbehinderten oder älteren Personen, die erst am Samstag so ein Flyer im Briefkasten finden? #Weltkriegsbombe #FFM #Westend</text>
  </Document>
  <Document id="713006754829897728">
    <relevance>false</relevance>
    <sentiment>neutral</sentiment>
    <Opinions/>
    <text>@zeitonline ausserdem ist für mich brüssel keine hauptstadt europas sondern ein islamistenverseuchter, verschmutzter kaff.</text>
  </Document>
  <Document id="645993726477770752">
    <relevance>false</relevance>
    <sentiment>neutral</sentiment>
    <Opinions/>
    <text>@BILD  Hörbehindertes Kind wird von der Krankenkasse in Stichgelassen. http://t.co/JEjplqfsBZ</text>
  </Document>
  <Document id="904242259255808000">
    <relevance>false</relevance>
    <sentiment>neutral</sentiment>
    <Opinions/>
    <text>Echt, krieg nix mit, weil @hrfernsehen inkompetent ist #Untertitel für Gehörlose anzubieten. #Weltkriegsbombe #fail Dafür 1/3 GEZ. Danke?! https://t.co/2ncoPuNSAt</text>
  </Document>
  <Document id="710768195733471233">
    <relevance>true</relevance>
    <sentiment>negative</sentiment>
    <Opinions>
      <Opinion category="BarrierOthers#Main" polarity="negative" from="22" to="35" target="Geldautomaten" category_de="Sonstiges_Barriere#Haupt"/>
    </Opinions>
    <text>hey @BerlinerSpk eure Geldautomaten am Bahnhof Zoo sind von sehbehinderten Menschen nicht barriefrei nutzbar. Macht was!</text>
  </Document>
  <Document id="607895276918067200">
    <relevance>false</relevance>
    <sentiment>neutral</sentiment>
    <Opinions/>
    <text>@SPIEGELONLINE Suche Brieftaube</text>
  </Document>
  <Document id="649499013998252032">
    <relevance>false</relevance>
    <sentiment>neutral</sentiment>
    <Opinions/>
    <text>Aviso, 5.10.: Pressetermin Rollstuhlrampen für die Mariahilfer Straße http://t.co/31BRrd3zjC #ots</text>
  </Document>
  <Document id="656585964689735680">
    <relevance>true</relevance>
    <sentiment>neutral</sentiment>
    <Opinions/>
    <text>Da hilft man ner Rollstuhlfahrerin in die/aus der U-Bahn und was hat man davon? Ne verstauchte Hand. -.-</text>
  </Document>
  <Document id="697513658126090240">
    <relevance>false</relevance>
    <sentiment>neutral</sentiment>
    <Opinions/>
    <text>Gegenüber von meinem Haus hat ein Auto gebrannt, in dem ein Gehbehinderter Mann saß und ich war halt irgendwie die erste an der Unfallstelle</text>
  </Document>
  <Document id="1031997518593306627">
    <relevance>true</relevance>
    <sentiment>positive</sentiment>
    <Opinions>
      <Opinion category="GeneralBarrier#Main" polarity="positive" from="75" to="104" target="behindertengerechten Zugängen" category_de="Allgemein_Barriere#Haupt"/>
    </Opinions>
    <text>@DAS_OSSI @BayKoru @wuerzburg_de - der Bahnhof wird derzeit saniert, inkl. behindertengerechten Zugängen - da die Straßenbahn auch die auf den Bergen gelegenen Stadtteile bedient hast du natürlich dementsprechend Berg- und Talfahrt - auch sonst wird Würzburg seit Jahren renoviert - ¯\_(ツ)_/¯</text>
  </Document>
  <Document id="672393209499279360">
    <relevance>true</relevance>
    <sentiment>neutral</sentiment>
    <Opinions/>
    <text>@DVBAG Die #DD2625 hat dauerhaft die Innenbeleuchtung eingeschaltet...vielleicht ist sie ja auf die dunkle Seite der Macht gewechselt... :D</text>
  </Document>
  <Document id="716325506455441408">
    <relevance>false</relevance>
    <sentiment>neutral</sentiment>
    <Opinions/>
    <text>Ein Verletzter nach Lkw-Unfall – Gülle verschmutzt Fahrbahn: Ravensburg (go)-. Ein verletzter Fahrzeuglenker s... https://t.co/KnJbmK6Jdv</text>
  </Document>
  <Document id="935943005290233857">
    <relevance>true</relevance>
    <sentiment>negative</sentiment>
    <Opinions>
      <Opinion category="InfoAcoustic#Availability" polarity="negative" from="31" to="49" target="Lautsprecheranlage" category_de="Infodurchsage#Betrieb"/>
    </Opinions>
    <text>Der Bahnhof Pratteln hat keine Lautsprecheranlage?  Die vielen Menschen wären wohl froh um klare Infos. #sbb @railinfo_sbb</text>
  </Document>
  <Document id="847113662473080832">
    <relevance>false</relevance>
    <sentiment>neutral</sentiment>
    <Opinions/>
    <text>@kiliankoe Nein, grundsätzlich nicht. ;-) Das ist eine Sonderfunktion für Sehbehinderte. /cl</text>
  </Document>
  <Document id="939950700875919361">
    <relevance>true</relevance>
    <sentiment>negative</sentiment>
    <Opinions>
      <Opinion category="GeneralBarrier#Main" polarity="negative" from="150" to="183" target="behindertengerechte Einrichtungen" category_de="Allgemein_Barriere#Haupt"/>
    </Opinions>
    <text>@Heester11 @raulde Alles bricht zusammen, wenn auch nur ein kleines Teilchen kaputt geht! Davon abgesehen: Nicht jeder Bahnhof / jede Haltestelle hat behindertengerechte Einrichtungen! Danke an den #ÖPNV / #Bahn!</text>
  </Document>
  <Document id="613008309138788352">
    <relevance>false</relevance>
    <sentiment>neutral</sentiment>
    <Opinions/>
    <text>#verkehr Stadtverkehr: Frankenschnellweg Nürnberg - Fürth: Dianaplatz bis zu den Rampen - STAU</text>
  </Document>
  <Document id="625708290018811904">
    <relevance>true</relevance>
    <sentiment>neutral</sentiment>
    <Opinions/>
    <text>Irgendwie sind die U-Bahn Rolltreppen in München 3 mal so lang wie in Köln.</text>
  </Document>
  <Document id="999673694644469761">
    <relevance>true</relevance>
    <sentiment>negative</sentiment>
    <Opinions>
      <Opinion category="InfoAcoustic#BarrierOthers" polarity="negative" from="98" to="107" target="Durchsage" category_de="Infodurchsage#Sonstiges_Barriere"/>
      <Opinion category="InfoAcoustic#BarrierOthers" polarity="negative" from="258" to="264" target="Ansage" category_de="Infodurchsage#Sonstiges_Barriere"/>
    </Opinions>
    <text>@Saschlander @DB_Bahn Das war nicht bescheuert. Meine Mutter bekam vor einigen Monaten im ICE die Durchsage, dass sie in (weiß nicht mehr wo) raus müssten. Schienenersatzverkehr bis (auch vergessen). Sie steigt also aus, sucht den Bus ... Ende vom Lied: Die Ansage war aus der Vorwoche und der ICE weg.</text>
  </Document>
  <Document id="1032901746488758272">
    <relevance>false</relevance>
    <sentiment>neutral</sentiment>
    <Opinions/>
    <text>RT @NichtmeinErnst: Ich bin so alt, wenn jemand sagt &quot;öööii Flügeltüren!&quot; renne ich aufgeregt in die Hände klatschend zum Fenster und dann…</text>
  </Document>
  <Document id="648509817368154112">
    <relevance>false</relevance>
    <sentiment>neutral</sentiment>
    <Opinions/>
    <text>Wohnungsbau an der Isnyer Straße geht voran: Ein Mehrfamilienhaus mit 14 barrierefreien Wohnungen und einer Ti... http://t.co/abEFkMQQpC</text>
  </Document>
  <Document id="658183940625334272">
    <relevance>false</relevance>
    <sentiment>neutral</sentiment>
    <Opinions/>
    <text>Der #Heidkopftunnel der #A38 ist seit der Nacht voll gesperrt. Grund ist eine Störung der Lautsprecheranlage. Umleitung ist ausgeschildert.</text>
  </Document>
  <Document id="644205724009168897">
    <relevance>false</relevance>
    <sentiment>neutral</sentiment>
    <Opinions/>
    <text>Unfall auf der B9 zwischen Weißenthurm und Kettig/Mülheim-Kärlich. Fahrbahn ist stark verschmutzt. Öl liegt auf... http://t.co/1bBeLpM45b</text>
  </Document>
  <Document id="624484618264276992">
    <relevance>false</relevance>
    <sentiment>neutral</sentiment>
    <Opinions/>
    <text>http://t.co/5qkj2aiMkz #Rollstuhlsport #Help #ThomasKrieg #Danke #Merci http://t.co/tp2N23GIJa</text>
  </Document>
  <Document id="1047036488888852480">
    <relevance>false</relevance>
    <sentiment>neutral</sentiment>
    <Opinions/>
    <text>Liebe es, dass direkt vor meinem Haus seit Monaten eine Baustelle ist und heute der Presslufthammer dran ist. Werde nur leicht schwerhörig, aber alles coolio.</text>
  </Document>
  <Document id="1080130322220703744">
    <relevance>false</relevance>
    <sentiment>neutral</sentiment>
    <Opinions/>
    <text>@marga_owski @SPIEGELONLINE Ich bin auch für die gleiche Bezahlung für Frauen und Männer, besonders: als Strassenbauer/*in, auf der Baustelle, Schlösser etc.</text>
  </Document>
  <Document id="1047815509864005632">
    <relevance>true</relevance>
    <sentiment>negative</sentiment>
    <Opinions>
      <Opinion category="InfoDisplay#Avaiability" polarity="negative" from="38" to="51" target="Anzeigetafeln" category_de="Infoanzeige#Betrieb"/>
    </Opinions>
    <text>@BVG_Bus Sind eigentlich mal digitale Anzeigetafeln für Busse jenseits vom Alexanderplatz Richtung Osten geplant? (Zb 200er Strecke Richtung Michelangelostr. Man wüsste gern, wie viele Busse noch ausfallen werden bis man lieber zu Fuß geht.</text>
  </Document>
  <Document id="843887906804719616">
    <relevance>true</relevance>
    <sentiment>neutral</sentiment>
    <Opinions/>
    <text>fünf polizisten und einen securitytyp 'braucht' es, um eine gehbehinderte obdachlose aus dem bahnhof zu treiben.</text>
  </Document>
  <Document id="897730052804284417">
    <relevance>true</relevance>
    <sentiment>neutral</sentiment>
    <Opinions/>
    <text>@DB_Bahn @RMVdialog Direkt an der ersten Anzeigetafel, wenn man vom Cinemaxx zum Bahnsteig gelangt!</text>
  </Document>
  <Document id="879685857732677633">
    <relevance>true</relevance>
    <sentiment>negative</sentiment>
    <Opinions>
      <Opinion category="InfoAcoustic#Availability" polarity="negative" from="8" to="26" target="Lautsprecheranlage" category_de="Infodurchsage#Betrieb"/>
    </Opinions>
    <text>POL-EU: Lautsprecheranlage der Bahn beschädigt https://t.co/S6fNiOKNPP</text>
  </Document>
  <Document id="1071225187092316160">
    <relevance>true</relevance>
    <sentiment>negative</sentiment>
    <Opinions>
      <Opinion category="ccidentsMobilityGroups#Main" polarity="negative" from="13" to="19" target="Unfall" category_de="Unfall#Haupt"/>
      <Opinion category="ccidentsMobilityGroups#Main" polarity="negative" from="177" to="184" target="stürzte" category_de="Unfall#Haupt"/>
    </Opinions>
    <text>Dramatischer Unfall am Freitagnachmittag in der Wiener U-Bahn-Station  Volkstheater: Ein etwa 70 Jahre alter - vermutlich sehbehinderter -  Mann, der auf Krücken unterwegs war, stürzte auf die Gleise: https://t.co/KF0rMRdmKo https://t.co/w45N1AxOIP</text>
  </Document>
  <Document id="1079695933825273856">
    <relevance>false</relevance>
    <sentiment>neutral</sentiment>
    <Opinions/>
    <text>@vossnacke Wir machen daraus eine &quot; feindliche Übernahme&quot;, wir warten bis die Aktien im Keller s... Ach Mist, andere Baustelle, Gerhard ich dagte doch, du sollst das nicht öffentlich machen...</text>
  </Document>
  <Document id="608719059593646081">
    <relevance>false</relevance>
    <sentiment>neutral</sentiment>
    <Opinions/>
    <text>Sich eine neue #Gewohnheit anzueignen ist nicht immer #einfach . Oder etwa doch? vom #Trampelpfad zur #Autobahn http://t.co/PR7nqtbKNx</text>
  </Document>
  <Document id="661263338064756736">
    <relevance>true</relevance>
    <sentiment>neutral</sentiment>
    <Opinions/>
    <text>@lokfuehrer_tim Na dann immer her damit. :D  Wir sind spätestens am Mittwoch am Bahnhof angekommen mit der jährl. Beleuchtungsgeschichte. ;)</text>
  </Document>
  <Document id="621986552802082816">
    <relevance>false</relevance>
    <sentiment>neutral</sentiment>
    <Opinions/>
    <text>Eine Frau stellt sich hinten auf den Kinderwagen und rollt darauf einen Hügel am Parkplatz runter 😂 #Badass</text>
  </Document>
  <Document id="616007114230755328">
    <relevance>false</relevance>
    <sentiment>neutral</sentiment>
    <Opinions/>
    <text>#LKW-#Fahrer #erblindet und sieht #Stauende nicht! http://t.co/qUquwYMi6k via @focusonline</text>
  </Document>
  <Document id="627867822023180288">
    <relevance>false</relevance>
    <sentiment>neutral</sentiment>
    <Opinions/>
    <text>@MannNamensBaer @VerkehrNRW Ich sagte ihnen doch..nicht mit dem Rollator auf die Autobahn 😳😂</text>
  </Document>
  <Document id="608958679631593472">
    <relevance>false</relevance>
    <sentiment>neutral</sentiment>
    <Opinions/>
    <text>Auf die A 672 verirrt: 87-Jähriger fährt mit Rollstuhl auf Autobahn http://t.co/oUG0USLnka</text>
  </Document>
  <Document id="639799198209019905">
    <relevance>false</relevance>
    <sentiment>neutral</sentiment>
    <Opinions/>
    <text>#verkehr Stadtverkehr: Nürnberg: Frankenschnellweg - STAU in beiden Richtungen an den Rampen</text>
  </Document>
  <Document id="615519812090003456">
    <relevance>false</relevance>
    <sentiment>neutral</sentiment>
    <Opinions/>
    <text>#StauB56: B56 Bonn Richtung Düren zwischen Konrad-Adenauer-Damm und Swisttal-Buschhoven 4 km Stau http://t.co/0MnITSEJdG</text>
  </Document>
  <Document id="901158198022897665">
    <relevance>true</relevance>
    <sentiment>negative</sentiment>
    <Opinions>
      <Opinion category="InfoDisplay#BarrierOthers" polarity="negative" from="16" to="28" target="Anzeigetafel" category_de="Infoanzeige#Sonstiges_Barriere"/>
      <Opinion category="Info#Barrier_Others" polarity="negative" from="51" to="54" target="App" category_de="Info_Sonstiges#Sonstiges_Barriere"/>
    </Opinions>
    <text>@BVG_Bus an der Anzeigetafel steht der nicht. Laut App soll der Bus aber kommen. Was stimmt nun? https://t.co/Skex9NViYy</text>
  </Document>
  <Document id="606808368896966656">
    <relevance>false</relevance>
    <sentiment>neutral</sentiment>
    <Opinions/>
    <text>Lets Play Metroid Prime (Blind) Part 38 -Woman in black-: http://t.co/ZReIo07ZbZ über @YouTube</text>
  </Document>
  <Document id="676354834363228160">
    <relevance>false</relevance>
    <sentiment>neutral</sentiment>
    <Opinions/>
    <text>B463 zwischen Winterlingen und Straßberg Unfall auf dem rechten Fahrstreifen, Gefahr durch verschmutzte Fahrbahn... https://t.co/YzdYrhCEYz</text>
  </Document>
  <Document id="607803187240779776">
    <relevance>false</relevance>
    <sentiment>neutral</sentiment>
    <Opinions/>
    <text>Intelligente Straßenbeleuchtung in Meerane: Neue Straßenlampen denken mit http://t.co/8y0RRfzP6R</text>
  </Document>
  <Document id="896992006785966084">
    <relevance>false</relevance>
    <sentiment>neutral</sentiment>
    <Opinions/>
    <text>#Chemnitz: Auto von Gehbehindertem angezündet https://t.co/O74yW8tzz7 https://t.co/uD8QzZiYPb</text>
  </Document>
  <Document id="609346800017899520">
    <relevance>true</relevance>
    <sentiment>neutral</sentiment>
    <Opinions/>
    <text>Durchsage im #ICE578 - 45min Verspätung wegen technischer Strecken-Störung UND wegen Passagieren in Wagen 1, die beim Halt geraucht haben.</text>
  </Document>
  <Document id="1080130564689219584">
    <relevance>false</relevance>
    <sentiment>neutral</sentiment>
    <Opinions/>
    <text>@Imkerin1 @bernd_richter @Umweltbundesamt &quot;Ein Verbot von Kachelöfen ist sicherlich auch sinnvoll, aber eine ganz andere Baustelle.&quot;  Das ist die mit dringlichste Baustelle, die wir momentan haben. Und nicht nur Kachelöfen gehören verboten, sämtliche Holz- und Kaminöfen und Festbrennstoffkessel.</text>
  </Document>
  <Document id="614353803962265600">
    <relevance>false</relevance>
    <sentiment>neutral</sentiment>
    <Opinions/>
    <text>[SAN] Telefonieren auf der Autobahn sind 250 Meter im Blindflug: Ablenkung am Steuer als Unfallursache wird… http://t.co/uiAU1198GC #ndh</text>
  </Document>
  <Document id="935906792651051008">
    <relevance>false</relevance>
    <sentiment>neutral</sentiment>
    <Opinions/>
    <text>@SPIEGELONLINE Die Entscheidungsgewalt liegt bei den Eltern. Aber da sie nach dem ersten Kind das gehörlos ist, überhaupt weiter Kinder gezeugt haben, zeugt von keinem ausgeprägtem Verantwortungsbewusstsein sondern eher von purem Egoismus.</text>
  </Document>
  <Document id="636831388730134528">
    <relevance>false</relevance>
    <sentiment>neutral</sentiment>
    <Opinions/>
    <text>POL-K: 150827-2-K/LEV Rollstuhlfahrer abgelenkt und beklaut - Zeugen gesucht http://t.co/QkVB0WwMpF #koeln #cgn #köln</text>
  </Document>
  <Document id="928168837106847744">
    <relevance>true</relevance>
    <sentiment>negative</sentiment>
    <Opinions>
      <Opinion category="InfoDisplay#Avaiability" polarity="negative" from="173" to="186" target="Anzeigetafeln" category_de="Infoanzeige#Betrieb"/>
    </Opinions>
    <text>@BVG_Kampagne @SBahnBerlin Nein, Blumberger Damm/Mehrower Allee Richtung Mehrower Allee. In Marzahn sind wir ja noch so mittelalterlich das es an den Bushaltestellen selten Anzeigetafeln gibt</text>
  </Document>
  <Document id="702126363885617152">
    <relevance>false</relevance>
    <sentiment>neutral</sentiment>
    <Opinions/>
    <text>Ich hab wirklich eine Sehschwäche. Wenigstens einen Vorteil muss man ja haben. ^^ https://t.co/sfPC1LSmjK</text>
  </Document>
  <Document id="642871585653690368">
    <relevance>true</relevance>
    <sentiment>neutral</sentiment>
    <Opinions/>
    <text>Rollstuhl Mobilitätstraining Flughafen Training: http://t.co/b4v3KnOE0X über @YouTube</text>
  </Document>
  <Document id="818449864686182400">
    <relevance>true</relevance>
    <sentiment>negative</sentiment>
    <Opinions>
      <Opinion category="Security#Main" polarity="negative" from="12" to="20" target="schubsen" category_de="Sicherheit_Mensch#Haupt"/>
    </Opinions>
    <text>M&amp;#228;nner schubsen gehbehinderte Frau auf Treppe von S&amp;#8211;Bahnhof &amp;#8211; niemand r.. https://t.co/1pxlRXBT4F #blogtraffic</text>
  </Document>
  <Document id="843418930060447745">
    <relevance>false</relevance>
    <sentiment>neutral</sentiment>
    <Opinions/>
    <text>@SPIEGELONLINE  mit 70 kann das schon mal passieren...Schwerhörigkeit nennt man das 👌🏻 oder einfach Senil?</text>
  </Document>
  <Document id="648221993351954433">
    <relevance>false</relevance>
    <sentiment>neutral</sentiment>
    <Opinions/>
    <text>@Buecherkinder es gibt nun an der Strupsmühle eine Umleitung #Klingenpfad. Nicht gerade barrierefrei, aber das ist der S eh nicht.</text>
  </Document>
  <Document id="1080211369935417344">
    <relevance>false</relevance>
    <sentiment>neutral</sentiment>
    <Opinions/>
    <text>RT @deutsch365: Gegen Kungeleien mit Peking: Demokratiebewegung in Hongkong geht zu Neujahr auf die Straße https://t.co/SautOQpq7d via @Chi…</text>
  </Document>
  <Document id="926077614640463873">
    <relevance>true</relevance>
    <sentiment>positive</sentiment>
    <Opinions>
      <Opinion category="GeneralBarrier#Main" polarity="positive" from="104" to="122" target="behindertengerecht" category_de="Allgemein_Barriere#Haupt"/>
    </Opinions>
    <text>@schnuri_ch Nein, gemäss unseren Infos wird der Bahnhof Siebnen-Wangen innerhalb der gesetzlichen Frist behindertengerecht umgebaut. /ks</text>
  </Document>
  <Document id="869087390052339712">
    <relevance>true</relevance>
    <sentiment>negative</sentiment>
    <Opinions>
      <Opinion category="BarrierOthers#Main" polarity="negative" from="132" to="137" target="Hilfe" category_de="Sonstiges_Barriere#Haupt"/>
    </Opinions>
    <text>@RailService @AndreasLuethi Als Sehbehinderte suche ich immer Direktzüge raus. Und immer wieder passieren dann genau solche Sachen. Hilfe am Bahnhof? Vergiss es!</text>
  </Document>
  <Document id="1079971791005720576">
    <relevance>true</relevance>
    <sentiment>neutral</sentiment>
    <Opinions/>
    <text>@MzudemOffiziell Lachkick in der Bahn</text>
  </Document>
  <Document id="1026527785349730305">
    <relevance>false</relevance>
    <sentiment>neutral</sentiment>
    <Opinions/>
    <text>Zwei Dinge heute gelernt: Rot-grün-Sehschwäche ist bei Radfahrern sehr weit verbreitet, und zur Gleichberechtigung gehört auch, dass Frauen genauso beschissen fahren wollen wie Männer... #Verkehr #Radfahrer</text>
  </Document>
  <Document id="973291397133557762">
    <relevance>true</relevance>
    <sentiment>negative</sentiment>
    <Opinions>
      <Opinion category="InfoAcoustic#Availability" polarity="negative" from="26" to="41" target="Stations-Ansage" category_de="Infodurchsage#Betrieb"/>
    </Opinions>
    <text>@BVG_Bus  Weshalb ist die Stations-Ansage im Bus so oft deaktiviert? Sehbehinderte Menschen sind darauf angewiesen.</text>
  </Document>
  <Document id="797791828590428160">
    <relevance>true</relevance>
    <sentiment>neutral</sentiment>
    <Opinions/>
    <text>RT @lizahmia: Meinem schwerhörigen Opa &quot;Ich hab dich lieb&quot; in den Hörer brüllen. In der Bahn wird gelacht. &quot;Euch hat keiner lieb!&quot; Und flo…</text>
  </Document>
  <Document id="649947597998817280">
    <relevance>true</relevance>
    <sentiment>neutral</sentiment>
    <Opinions/>
    <text>Mit Rollstuhl und Spezialbrille durch den Bahnhof: ein eindrücklicher Perspektivenwechsle für unsere Bauingenieure. http://t.co/Q8jEqwhaZm</text>
  </Document>
  <Document id="650332791507435520">
    <relevance>false</relevance>
    <sentiment>neutral</sentiment>
    <Opinions/>
    <text>@PolizeiMuenchen @Rock_N_Rollator durch n 100€ Schein???</text>
  </Document>
  <Document id="606802246911827968">
    <relevance>false</relevance>
    <sentiment>neutral</sentiment>
    <Opinions/>
    <text>RT @TheWolverous: ORI AND THE BLIND FOREST #21 ಠ益ಠ DER SUPERSPRUNG ツ Let's Play Ori And The Blind Forest: http://t.co/1Lg7SMzHW2 über @YouT…</text>
  </Document>
  <Document id="986825134987251712">
    <relevance>true</relevance>
    <sentiment>negative</sentiment>
    <Opinions>
      <Opinion category="InfoDisplay#BarrierOthers" polarity="negative" from="82" to="94" target="Anzeigetafel" category_de="Infoanzeige#Sonstiges_Barriere"/>
    </Opinions>
    <text>@DB_Bahn Den Zug 06:24 h von Duisburg Hbf Richtung Münster verpasst, weil auf der Anzeigetafel auf dem Bahnsteig stand, dass er Richtung Wesel fährt. Danke DB für diese vorbildliche Fahrgastinformation.</text>
  </Document>
  <Document id="622034574596440064">
    <relevance>false</relevance>
    <sentiment>neutral</sentiment>
    <Opinions/>
    <text>#verkehr Stadtverkehr: Nürnberg: Frankenschnellweg Fürth - Nürnberg - Zwischen Fürth-Ronhof und den Rampen // STAU</text>
  </Document>
  <Document id="1026813961226711040">
    <relevance>false</relevance>
    <sentiment>neutral</sentiment>
    <Opinions/>
    <text>Gehörlose in #NRW klagen über zu wenige Dolmetscher. Wir haben eine Dolmetscherin bei der Arbeit begleitet. https://t.co/r7Wy24JKKk</text>
  </Document>
  <Document id="1034743031155453952">
    <relevance>true</relevance>
    <sentiment>positive</sentiment>
    <Opinions>
      <Opinion category="InfoDisplay#Avaiability" polarity="positive" from="69" to="81" target="Anzeigetafel" category_de="Infoanzeige#Betrieb"/>
    </Opinions>
    <text>Die #SBB wollen im Bahnhof Luzern eine fast 100 Meter lange digitale Anzeigetafel einbauen. Das Projekt kostet dast 3 Millionen Franken. #DigitalSignage @sbbnews https://t.co/tN6rNSkSrG https://t.co/dHeJf4dxUU</text>
  </Document>
  <Document id="633966673557590016">
    <relevance>false</relevance>
    <sentiment>neutral</sentiment>
    <Opinions/>
    <text>@PeVauCe das glaube ich dir... Ich versuche gerade herauszufinden, ob da bald eine Anzeigetafel installiert wird.</text>
  </Document>
  <Document id="907171908642361345">
    <relevance>true</relevance>
    <sentiment>neutral</sentiment>
    <Opinions/>
    <text>Was hat neben den schreienden Kindern im Ruhebereich der Bahn gefehlt? Richtig: Schwerhörige Sachsen!</text>
  </Document>
  <Document id="1080047459617914881">
    <relevance>false</relevance>
    <sentiment>neutral</sentiment>
    <Opinions/>
    <text>Du bist die grösste Baustelle Europpas mit deinem Alkoholiker Junker u der Spinner aus Polen</text>
  </Document>
  <Document id="1080234659202637824">
    <relevance>false</relevance>
    <sentiment>neutral</sentiment>
    <Opinions/>
    <text>@unbequem @arnoxcao Ja NICHT meine Baustelle eure Probleme lasst einfach nur regelmäßig euren Insulin Haushalt checken ok</text>
  </Document>
  <Document id="647371516213100544">
    <relevance>false</relevance>
    <sentiment>neutral</sentiment>
    <Opinions/>
    <text>Die Börse im Beutel am Rollator war sein Begehr. Er fragte unbeholfen nach der Dosenaufschrift.Sie gab Auskunft, er war am Ziel.#pickpocket</text>
  </Document>
  <Document id="893438167466037249">
    <relevance>false</relevance>
    <sentiment>neutral</sentiment>
    <Opinions/>
    <text>@polizeiberlin Wie rufen/alarmieren Gehörlose die Polizei? #habdakeineahnung</text>
  </Document>
  <Document id="659161253034639360">
    <relevance>false</relevance>
    <sentiment>neutral</sentiment>
    <Opinions/>
    <text>#Fürstenfeldbruck : Neubau von Straßenbeleuchtungen in der Pucher Straße zwischen Hauptstraße und Jakob-Groß-S... https://t.co/SiRZERK7Va</text>
  </Document>
  <Document id="1004611190021083136">
    <relevance>true</relevance>
    <sentiment>neutral</sentiment>
    <Opinions>
      <Opinion category="TactileContrastOrientation#Main" polarity="neutral" from="80" to="105" target="leuchtende Bahnsteigkante" category_de="Taktil_Kontrastreich_Orientierung#Haupt"/>
    </Opinions>
    <text>@LMuellerin @DB_Presse @DBSV_Germany Es gibt ein Pilotprojekt in Stuttgart, die leuchtende Bahnsteigkante soll Auslastung und Position der Züge anzeigen (https://t.co/81paNpCa1f). Der DBSV plant dazu vor Ort eine Testbegehung und eine Umfrage unter sehbehinderten Menschen.</text>
  </Document>
  <Document id="1079906188991627266">
    <relevance>true</relevance>
    <sentiment>neutral</sentiment>
    <Opinions>
      <Opinion category="Demonstration#Main" polarity="neutral" from="26" to="48" target="Antipolizeigesetzdemos" category_de="Demo#Haupt"/>
      <Opinion category="Demonstration#Main" polarity="neutral" from="169" to="174" target="Demos" category_de="Demo#Haupt"/>
    </Opinions>
    <text>Wir blicken zurück auf: - Antipolizeigesetzdemos - Aktionen rund um den Hambacher Forst - Ende Gelände Großaktion (Blockade der RWE-Bahn) - zahlreiche antifaschistische Demos  #endegelände #nopolag #acab #1312 #antifa</text>
  </Document>
  <Document id="609716619166810112">
    <relevance>false</relevance>
    <sentiment>neutral</sentiment>
    <Opinions/>
    <text>In #Mitte helfen wir einem orientierungslosen Rollstuhlfahrer. #24hPolizei</text>
  </Document>
  <Document id="983902523055656960">
    <relevance>true</relevance>
    <sentiment>neutral</sentiment>
    <Opinions/>
    <text>@BVG_Tram Moin liebe BVG. Ich hab da ma so ne Idee wie ihr die Tram noch attraktiver macht: Lasst die Trams am Bahnhof sagen wer sie ist! In Potsdam zB sagt die Tram wenn sie sich öffnet &quot;Tram-92 nach Kirschalle&quot; für Sehbehinderte/Touris echt attraktiv! Oder? :-) 💁🏽</text>
  </Document>
  <Document id="701730240477978625">
    <relevance>false</relevance>
    <sentiment>neutral</sentiment>
    <Opinions/>
    <text>Wer auf dem rechten Auge sowieso eine Sehschwäche hat, rechts #Wahrnehmungsstörungen. #DeMaizière https://t.co/H5culRXLvC</text>
  </Document>
  <Document id="611190442189787136">
    <relevance>false</relevance>
    <sentiment>neutral</sentiment>
    <Opinions/>
    <text>RT @PolizeiBerlin_E: Kinderwagen in #Pankow rammt parkendes Motorrad - Motorrad verliert und stürtzt zu Boden #24hPolizei</text>
  </Document>
  <Document id="772482511029014529">
    <relevance>false</relevance>
    <sentiment>neutral</sentiment>
    <Opinions/>
    <text>Gehbehinderter querte Straße &quot;zu langsam&quot;, Opfer wird belangt. Justizirrsinn!  https://t.co/QRnah5iOEE</text>
  </Document>
  <Document id="639018776424521728">
    <relevance>false</relevance>
    <sentiment>neutral</sentiment>
    <Opinions/>
    <text>Spatenstich in Bramberg - am 1.9. konnte mit den Bauarbeiten für das &quot;barrierefreie,betreute Wohnen&quot; begonnen werden. http://t.co/CachhNfrcP</text>
  </Document>
  <Document id="619051565563965440">
    <relevance>false</relevance>
    <sentiment>neutral</sentiment>
    <Opinions/>
    <text>Swiss Chocolate Adventure im Verkehrshaus: Mit Verspätung für Rollstuhlfahrende zugänglich http://t.co/EAW3i3cwTe</text>
  </Document>
  <Document id="1080289989190135809">
    <relevance>false</relevance>
    <sentiment>neutral</sentiment>
    <Opinions/>
    <text>@SPIEGELONLINE Es gibt die einen die gegen die aktuellen Verhältnisse ruhig demonstrieren gehen, es gibt aber andere die nun auch mal #durchdrehen! Es ist schade, dass nun doch einige meinen, mit dem alten #Testament den heutigen Herausforderungen des #Islamismus besser entgegnen zu können! https://t.co/LzxVtjdiR0</text>
  </Document>
  <Document id="608978130850570240">
    <relevance>true</relevance>
    <sentiment>positive</sentiment>
    <Opinions>
      <Opinion category="InfoDisplay#Avaiability" polarity="positive" from="31" to="43" target="Anzeigetafel" category_de="Infoanzeige#Betrieb"/>
    </Opinions>
    <text>#news Bahnhof Bern erhält neue Anzeigetafel: In der Eingangshalle des Bahnhofs Bern wird eine neue Anzeigetafe... http://t.co/VXeBGxTYA2</text>
  </Document>
  <Document id="632205707564216320">
    <relevance>true</relevance>
    <sentiment>negative</sentiment>
    <Opinions>
      <Opinion category="SpaceMobilityGroups#Main" polarity="negative" from="30" to="38" target="Sitzbank" category_de="Platzangebot#Haupt"/>
    </Opinions>
    <text>#db Weit und breit nicht eine Sitzbank für einen Gehbehinderten am Gleis. Sparen, sparen, sparen. Bahnhof ist kein freundlicher Ort mehr....</text>
  </Document>
  <Document id="806980457913061376">
    <relevance>true</relevance>
    <sentiment>negative</sentiment>
    <Opinions>
      <Opinion category="ccidentsMobilityGroups#Main" polarity="negative" from="39" to="45" target="stürzt" category_de="Unfall#Haupt"/>
    </Opinions>
    <text>RT @HeikoKunert: Horror: Sehbehinderte stürzt zwischen U-Bahn und Gleis – Tolle Zeugen und unfassbare Gaffer https://t.co/fQx1exaXJp</text>
  </Document>
  <Document id="1028195307488796672">
    <relevance>true</relevance>
    <sentiment>negative</sentiment>
    <Opinions>
      <Opinion category="InfoDisplay#Avaiability" polarity="negative" from="24" to="36" target="Anzeigetafel" category_de="Infoanzeige#Betrieb"/>
    </Opinions>
    <text>@BVG_Tram : Ausfall der Anzeigetafel an der Haltestelle S+U-Bhf Pankow an der Haltestelle richtung Mitte.</text>
  </Document>
  <Document id="619493334709612544">
    <relevance>false</relevance>
    <sentiment>neutral</sentiment>
    <Opinions/>
    <text>@einpraegsam Parkplatz und Baggerrampe</text>
  </Document>
  <Document id="933259637297573888">
    <relevance>true</relevance>
    <sentiment>neutral</sentiment>
    <Opinions/>
    <text>@DB_Bahn Dann werde ich in Zukunft den Fahrplan bzw die Anzeigetafel grüßen um den Konflikt zu lösen.</text>
  </Document>
  <Document id="646285449527476224">
    <relevance>false</relevance>
    <sentiment>neutral</sentiment>
    <Opinions/>
    <text>Adieu, Au revoir, Arrivederci, sagte sie zum Schatz. Ciao sagte die Tasche neben dem Kinderwagen und verschwand mit den Dieben. #pickpocket</text>
  </Document>
  <Document id="654349220011474944">
    <relevance>false</relevance>
    <sentiment>neutral</sentiment>
    <Opinions/>
    <text>Schlumpf wurde uns aus Mirissa gebracht.... ...durch einen unbehandelten Unfall (?) ist er leider gehbehindert... http://t.co/yeZ4UsCOwD</text>
  </Document>
  <Document id="609023960001445888">
    <relevance>true</relevance>
    <sentiment>neutral</sentiment>
    <Opinions/>
    <text>Spielende Kinder im Gleis...unbestimmte Zeit... Durchsagen, die ich mag. #not #Bahn #München #Augsburg</text>
  </Document>
  <Document id="865587920996007940">
    <relevance>true</relevance>
    <sentiment>neutral</sentiment>
    <Opinions/>
    <text>Anschliessend den Sehbehinderten Vater vom Bhf abholen https://t.co/ZsEhjS6L8Y</text>
  </Document>
  <Document id="1077204641631424518">
    <relevance>true</relevance>
    <sentiment>negative</sentiment>
    <Opinions>
      <Opinion category="GroundLevelAccess#Main" polarity="negative" from="241" to="248" target="Treppen" category_de="Stufenfrei_Hoehengleich#Haupt"/>
    </Opinions>
    <text>@zwenn79 @nwnews Es gibt in Gütersloh kein DB Personal, das helfen könnte. Mitreisende kann klappen u. ist bei Koffern u. Kinderwagen einigermaßen realistisch. Aber Erwachsene mit Gehbehinderung und/oder Rolli wuchtet man nicht mal eben die Treppen rauf oder runter. Der Bhf ist einfach peinlich.</text>
  </Document>
  <Document id="642263604524281856">
    <relevance>true</relevance>
    <sentiment>neutral</sentiment>
    <Opinions/>
    <text>Sicher in Bus und Bahn: Rollatortag NRW am Detmolder Bahnhof http://t.co/I9wrCd5N5G http://t.co/qj77oC1ONv</text>
  </Document>
  <Document id="608973814215507969">
    <relevance>false</relevance>
    <sentiment>neutral</sentiment>
    <Opinions/>
    <text>87-Jähriger verirrt sich mit Rollstuhl auf Autobahn: Darmstadt - Ein 87 Jahre alter Mann bei Darmst... http://t.co/AkrfYIdOWf #Mühlheim</text>
  </Document>
  <Document id="1055351893336170496">
    <relevance>true</relevance>
    <sentiment>negative</sentiment>
    <Opinions>
      <Opinion category="GeneralBarrier#Main" polarity="negative" from="6" to="40" target="behindertengerechte Zugsgarnituren" category_de="Allgemein_Barriere#Haupt"/>
    </Opinions>
    <text>Nicht behindertengerechte Zugsgarnituren. Verstopfte Gänge. Keine Gepäcksfächen. Die S7 zum Flughafen ist der mit Abstand räudigste Zug des Landes. @unsereOEBB</text>
  </Document>
  <Document id="634080710438072320">
    <relevance>false</relevance>
    <sentiment>neutral</sentiment>
    <Opinions/>
    <text>@Totallangweilig Barrierefreien Zugang, und es ist von der Autobahn leicht zu erreichen.. aber gut, wenn man nichts draus macht..</text>
  </Document>
  <Document id="946121293061066753">
    <relevance>true</relevance>
    <sentiment>negative</sentiment>
    <Opinions>
      <Opinion category="InfoDisplay#BarrierOthers" polarity="negative" from="88" to="100" target="Anzeigetafel" category_de="Infoanzeige#Sonstiges_Barriere"/>
    </Opinions>
    <text>@DB_Bahn @aktuelle_stunde Gütersloh-&gt;Herford. Plan war der RE6, der fehlte aber auf der Anzeigetafel im Beitrag. Und irritiert bin ich über die ICs, die weiterhin im Fahrplan stehen.  (Und Abends zurück, Herford-&gt;Gütersloh)</text>
  </Document>
  <Document id="638626750696701952">
    <relevance>true</relevance>
    <sentiment>neutral</sentiment>
    <Opinions>
      <Opinion category="ccidentsMobilityGroups#Main" polarity="neutral" from="28" to="34" target="Gefahr" category_de="Unfall#Haupt"/>
    </Opinions>
    <text>Sind leise E-Fahrzeuge eine Gefahr für Sehbehinderte? Die neuen #eBusse der #BVG haben diese Diskussion entfacht: http://t.co/pIcvJbUjuN</text>
  </Document>
  <Document id="612256478993317888">
    <relevance>false</relevance>
    <sentiment>neutral</sentiment>
    <Opinions/>
    <text>Es wird keinen Aufzug außerhalb der Absperrung geben. #nowow2006 #StopWOW #Frankfurt</text>
  </Document>
  <Document id="825223339023204353">
    <relevance>true</relevance>
    <sentiment>negative</sentiment>
    <Opinions>
      <Opinion category="GeneralBarrier#Main" polarity="negative" from="75" to="93" target="behindertengerecht" category_de="Allgemein_Barriere#Haupt"/>
    </Opinions>
    <text>#Neusäß: #Stadträte fordern jetzt eine #Petition, weil ihr #Bahnhof nicht #behindertengerecht umgebaut wird, der... https://t.co/Sg6oGQlM91</text>
  </Document>
  <Document id="606834043938816000">
    <relevance>true</relevance>
    <sentiment>neutral</sentiment>
    <Opinions/>
    <text>@DB_Bahn #db Durchsage: &quot;die Suizid gefährdete Person bei Göppingen wurde nun eingefangen.&quot; solche Menschen werden also als Tiere behandelt?</text>
  </Document>
  <Document id="621972524188966912">
    <relevance>false</relevance>
    <sentiment>neutral</sentiment>
    <Opinions/>
    <text>ÜberLeben: Michelle Fallier leidet unter der Krankheit HMSN Typ1 und landete binnen zwei Jahren im Rollstuhl. http://t.co/tif77wUblh</text>
  </Document>
  <Document id="1028579535116222464">
    <relevance>true</relevance>
    <sentiment>negative</sentiment>
    <Opinions>
      <Opinion category="Info#Barrier_Others" polarity="neutral" from="24" to="36" target="DB Navigator" category_de="Info_Sonstiges#Sonstiges_Barriere"/>
      <Opinion category="InfoDisplay#Avaiability" polarity="negative" from="195" to="208" target="Anzeigetafeln" category_de="Infoanzeige#Betrieb"/>
    </Opinions>
    <text>@DB_Bahn Lese gerade im DB Navigator, dass es eine Großstörung zwischen Essen und Marl-Sinsen zwecks Bombenentschärfung gibt. Weshalb gibt es nicht schon in Münster am Bahnhof Ankündigung in den Anzeigetafeln? Warum wird man nicht per Verspätungsalarm informiert?</text>
  </Document>
  <Document id="672736804454408192">
    <relevance>false</relevance>
    <sentiment>neutral</sentiment>
    <Opinions/>
    <text>Die Weihnachtsbeleuchtung der Stadt Eislingen sieht aus, wie riesige leuchtende Unterhosen! https://t.co/aaD3EavFlW https://t.co/7G4p0eoIDh</text>
  </Document>
  <Document id="689861180303773696">
    <relevance>true</relevance>
    <sentiment>neutral</sentiment>
    <Opinions>
      <Opinion category="TactileContrastOrientation#Main" polarity="neutral" from="26" to="50" target="Linien für Sehbehinderte" category_de="Taktil_Kontrastreich_Orientierung#Haupt"/>
    </Opinions>
    <text>https://t.co/S9nYi1KOEh - Linien für Sehbehinderte im Bahnhof Löwenstrasse: BAV führt Neubeurteilung durch https://t.co/axZXssYPgh</text>
  </Document>
  <Document id="864448146096758784">
    <relevance>false</relevance>
    <sentiment>neutral</sentiment>
    <Opinions/>
    <text>@ridgessback Kein Bock is auch super für die Gehbehinderten, die den Parkplatz gebrauchen könnten. 🙄</text>
  </Document>
  <Document id="970755704402403328">
    <relevance>false</relevance>
    <sentiment>neutral</sentiment>
    <Opinions/>
    <text>@Nessi0071 Du darfst DU schreiben, okay? Die Schule war in der Dillinger Straße und neben der, in der ich war, war die Gehörlosenschule. ... Das war ein größeres Schulzentrum von vielen Schulen dort.</text>
  </Document>
  <Document id="685369219102457856">
    <relevance>false</relevance>
    <sentiment>neutral</sentiment>
    <Opinions/>
    <text>Ein gehbehinderter Asylbewerber wurde mit seinen beiden Töchtern auf offener Straße geschlagen.Der Schock sitzt tief https://t.co/mljJIY5uiG</text>
  </Document>
  <Document id="631090852648079361">
    <relevance>true</relevance>
    <sentiment>neutral</sentiment>
    <Opinions/>
    <text>Ich habe ein @YouTube-Video von @raulde positiv bewertet: http://t.co/q0GzrvonaC Mit dem Rollstuhl in Berlin U-Bahn fahren.</text>
  </Document>
  <Document id="611116862240387074">
    <relevance>false</relevance>
    <sentiment>neutral</sentiment>
    <Opinions/>
    <text>Nicht immer gleich operieren: Bei einer &quot;Blinddarmentzündung&quot; reichen oft Antibiotika, um die Patienten zu heilen. http://t.co/OdvQepOpjL</text>
  </Document>
  <Document id="998500969196523520">
    <relevance>false</relevance>
    <sentiment>neutral</sentiment>
    <Opinions/>
    <text>RT @freie_presse: #Stollberg: Hiesige Gymnasiasten und Sehbehinderte aus Chemnitz arbeiten zurzeit an einem gemeinsamen Projekt. Das Ziel:…</text>
  </Document>
  <Document id="609431360210608128">
    <relevance>false</relevance>
    <sentiment>neutral</sentiment>
    <Opinions/>
    <text>@Pendlomator 2/3 in T2 zu gehen, damit die Kollegen Sie in die Gepäckausgabe reinlassen. Die Info befindet sich unter der Rolltreppe ^IS</text>
  </Document>
  <Document id="870193196365750272">
    <relevance>false</relevance>
    <sentiment>neutral</sentiment>
    <Opinions/>
    <text>@SPIEGELONLINE Das neue SpOnLogo, was soll es bedeuten? Die Punkte ähneln Brailleschrift, das rote Dingens erinnert entfernt an Darth Vader.</text>
  </Document>
  <Document id="654495403711180800">
    <relevance>false</relevance>
    <sentiment>neutral</sentiment>
    <Opinions/>
    <text>#bz: Newsticker Berlin vom 15.10.: Kinderwagenbrand und BMW-Unfall http://t.co/zs3hNHrD3B #berlin</text>
  </Document>
  <Document id="943540510261678081">
    <relevance>true</relevance>
    <sentiment>negative</sentiment>
    <Opinions>
      <Opinion category="BarrierOthers#Main" polarity="negative" from="188" to="207" target="Fahrkartenautomaten" category_de="Sonstiges_Barriere#Haupt"/>
    </Opinions>
    <text>@WeylandFFM Da müssen Sie in #Frankfurt aber auch vorsichtig sein, wen Sie so ansprechen. Ich fahre ca.1-2 Mal pro Jahr #U-Bahn. Erstens habe ich als#Sehbehinderter Probleme mit den neuen Fahrkartenautomaten und außerdem ist das Publikum im ÖPNV oft grenzwertig. Besser# Fahrrad fahren.</text>
  </Document>
  <Document id="611506836815024128">
    <relevance>false</relevance>
    <sentiment>neutral</sentiment>
    <Opinions/>
    <text>#verkehr Stadtverkehr: Frankenschnellweg Fürth - Nürnberg: zwischen Westring und An den Rampen - STAU // in der Gegenrichtung: zwisch...</text>
  </Document>
  <Document id="611137218611146753">
    <relevance>true</relevance>
    <sentiment>positive</sentiment>
    <Opinions>
      <Opinion category="GeneralBarrier#Main" polarity="positive" from="69" to="81" target="barrierefrei" category_de="Allgemein_Barriere#Haupt"/>
    </Opinions>
    <text>Grafschafter Nachrichten, 17.06.2015  Bahnhof Bentheim soll komplett barrierefrei werden  Die Umgestaltung des... http://t.co/9Zbe6MZ2CW</text>
  </Document>
  <Document id="922718044081795072">
    <relevance>true</relevance>
    <sentiment>negative</sentiment>
    <Opinions>
      <Opinion category="InfoAcoustic#Availability" polarity="negative" from="59" to="78" target="lautsprecheranlagen" category_de="Infodurchsage#Betrieb"/>
    </Opinions>
    <text>@DB_Bahn Hmpf... danke für die info. =) #protipp: wenn ihr lautsprecheranlagen in die züge montiert, könnte man reisende informieren. ;)</text>
  </Document>
  <Document id="1080428975896387585">
    <relevance>false</relevance>
    <sentiment>neutral</sentiment>
    <Opinions/>
    <text>@matteshoh @joelkr_ Sollten jemals wieder Monarchisten oder Faschisten an die Macht kommen und Schwarz, Weiß, Rot hissen hoffe ich sehr darauf das die Revolution unter Schwarz Rot Gold euch wieder auf die Straße befördert. Patrioten sind Demokraten, viva Patria 🇩🇪🇩🇪🇩🇪</text>
  </Document>
  <Document id="739727802954600448">
    <relevance>true</relevance>
    <sentiment>neutral</sentiment>
    <Opinions>
      <Opinion category="GeneralBarrier#Main" polarity="neutral" from="90" to="109" target="behindertengerechte" category_de="Allgemein_Barriere#Haupt"/>
    </Opinions>
    <text>++ Overath -  So sieht der Bahnhof nach dem Umbau aus ++  Nach knapp zwei Jahren ist der „behindertengerechte“... https://t.co/MoPYMeSIzd</text>
  </Document>
  <Document id="749165544901865472">
    <relevance>false</relevance>
    <sentiment>neutral</sentiment>
    <Opinions/>
    <text>Liebe Saarbrücker Zeitung!Das ist Gehhilfe!Hofer ist nach Unfall gehbehindert!Gewollte Diskriminierung? @szaktuell https://t.co/0M7CH1sdIy</text>
  </Document>
  <Document id="1001862245410893826">
    <relevance>true</relevance>
    <sentiment>negative</sentiment>
    <Opinions>
      <Opinion category="InfoDisplay#Avaiability" polarity="negative" from="85" to="97" target="Anzeigetafel" category_de="Infoanzeige#Betrieb"/>
    </Opinions>
    <text>@DB_Bahn Ich bin von 9:05 bis 9:15 am Gleis gewesen, kein Zug und keine Infos an der Anzeigetafel</text>
  </Document>
  <Document id="607486186337255424">
    <relevance>true</relevance>
    <sentiment>neutral</sentiment>
    <Opinions/>
    <text>@zeitonlinesport @OliFritsch &quot;..hingerotzten Berliner S-Bahn-Durchsagen..&quot;?</text>
  </Document>
  <Document id="819858494518136837">
    <relevance>true</relevance>
    <sentiment>negative</sentiment>
    <Opinions>
      <Opinion category="SpaceMobilityGroups#Main" polarity="negative" from="70" to="75" target="Platz" category_de="Platzangebot#Haupt"/>
    </Opinions>
    <text>@BVG_Bus Ah! Ok. Für gehbehinderte Menschen nur leider schwierig, den Platz sicher zu erreichen. In der Regel fährt der Bus schon. 😑</text>
  </Document>
  <Document id="821356213166374914">
    <relevance>false</relevance>
    <sentiment>neutral</sentiment>
    <Opinions/>
    <text>Die aktuelle Verspätung wird präsentiert von den Automatiktüren. https://t.co/zbUAeZ7fUr</text>
  </Document>
  <Document id="1025997291348525057">
    <relevance>true</relevance>
    <sentiment>negative</sentiment>
    <Opinions>
      <Opinion category="InfoDisplay#Avaiability" polarity="negative" from="66" to="78" target="Anzeigetafel" category_de="Infoanzeige#Betrieb"/>
    </Opinions>
    <text>@VVS An der Haltestelle Degerloch Albstraße ist stadteinwärts die Anzeigetafel defekt #servicetweet</text>
  </Document>
  <Document id="615602990192459776">
    <relevance>true</relevance>
    <sentiment>neutral</sentiment>
    <Opinions/>
    <text>Angeblich stammte er von einem sehr bekanntem Dichter! Und auf der Anzeigetafel im Hofer Bahnhof konnte ich heute lesen, wir alle neigten...</text>
  </Document>
  <Document id="1080059131891994626">
    <relevance>true</relevance>
    <sentiment>negative</sentiment>
    <Opinions>
      <Opinion category="Demonstration#Main" polarity="negative" from="16" to="20" target="Demo" category_de="Demo#Haupt"/>
    </Opinions>
    <text>M1: wegen einer Demo wird die Linie zwischen Zionskirchplatz und U Oranienburger Tor umgeleitet. Die Umleitung erfolgt über die Trasse der Linie 12. #BVG</text>
  </Document>
  <Document id="640093800275251200">
    <relevance>false</relevance>
    <sentiment>neutral</sentiment>
    <Opinions/>
    <text>Video: Deutschland: Nacht- und Nebelaktion in Berlin – Rollstuhlfahrer besetzen Parkplätze http://t.co/LX6ce2Mjmj #verkehr #wohnen</text>
  </Document>
  <Document id="1009489022257901568">
    <relevance>false</relevance>
    <sentiment>neutral</sentiment>
    <Opinions/>
    <text>@SZ Kein Sexismus, eher schlechte Arbeit. Ich kann auch mit Ton vom Sehgeschädigtenkanal zurecht kommen. Ich brauch die Neumann  Bartels Bellas nicht.</text>
  </Document>
  <Document id="981246122218881024">
    <relevance>true</relevance>
    <sentiment>neutral</sentiment>
    <Opinions/>
    <text>Warte am Düsseldorfer Hbf auf Bahn nach Hause. In der Zwischenzeit obdachlosem Rollifahrer einen Fünfer für Schlafplatz gegeben und einen sehbehindertem Herrn bei zwei Gleiswechseln durchgeschleust. Nicht immer nach Politik rufen. Selbst was tun. Ist unsere Welt! 💃👊</text>
  </Document>
  <Document id="619155659569807360">
    <relevance>false</relevance>
    <sentiment>neutral</sentiment>
    <Opinions/>
    <text>#verkehr Stadtverkehr: Nürnberg: An den Rampen - STAU in beiden Richtungen</text>
  </Document>
  <Document id="694419482576580608">
    <relevance>false</relevance>
    <sentiment>neutral</sentiment>
    <Opinions/>
    <text>@FoxMcLoud @schinkentabak Im Millerntorstadion gibt es momentan technische Probleme mit der Lautsprecheranlage. Es wird daran gearbeitet.</text>
  </Document>
  <Document id="623903399243812864">
    <relevance>true</relevance>
    <sentiment>neutral</sentiment>
    <Opinions/>
    <text>@BVG_Ubahn @schwarzpuki da freuen sich endlich mal die schwerhörigen Menschen und dann wird es wieder leise 😨😢😊</text>
  </Document>
  <Document id="628875517354229760">
    <relevance>false</relevance>
    <sentiment>neutral</sentiment>
    <Opinions/>
    <text>A39: Bauarbeiten im Heidbergtunnel - Gesperrte Rampen im AK BS-Süd ab 08.08.2015 abends wieder frei.  http://t.co/6IQcEtPN7L via @BS_Verkehr</text>
  </Document>
  <Document id="706743978880843776">
    <relevance>false</relevance>
    <sentiment>neutral</sentiment>
    <Opinions/>
    <text>■ #A21 #Bargteheide Richtung #Kiel zwischen #Bad #Segeberg-Nord und #Schackendorf ist die Fahrbahn stark verschmutzt</text>
  </Document>
  <Document id="1080338533661970432">
    <relevance>false</relevance>
    <sentiment>neutral</sentiment>
    <Opinions/>
    <text>Duisburg: Moschee-Baustelle mit Beleidigungen beschmiert https://t.co/5KdTqK98Ag</text>
  </Document>
  <Document id="627434491057950720">
    <relevance>false</relevance>
    <sentiment>neutral</sentiment>
    <Opinions/>
    <text>@SZ Na ja, kein Land auf dieser Erde ist so schnell bereit seine Kulturelle Identität aufzugeben, wie es eben Deutschland gerade macht.</text>
  </Document>
  <Document id="609451158604808192">
    <relevance>false</relevance>
    <sentiment>neutral</sentiment>
    <Opinions/>
    <text>#24hPolizei #Mitte Ein Rollstuhlfahrer belästigt vor einem Wohnhaus Passanten. Wir kümmern uns.</text>
  </Document>
  <Document id="691327874679242754">
    <relevance>false</relevance>
    <sentiment>neutral</sentiment>
    <Opinions/>
    <text>Mit Witz und Tempo wird im heutigen #Tatort vom Scheitern der Kommunikation zwischen Gehörlosen und Hörenden erzählt https://t.co/xdK3xmAAhP</text>
  </Document>
  <Document id="782205677028671488">
    <relevance>false</relevance>
    <sentiment>neutral</sentiment>
    <Opinions/>
    <text>#Lesetipp: Die @WN_Redaktion berichtet unter dem Titel &quot;Baustelle #Ohr&quot; über das Thema #Schwerhörigkeit -&gt; https://t.co/9JDCNMwxrY</text>
  </Document>
  <Document id="928240734850961410">
    <relevance>true</relevance>
    <sentiment>negative</sentiment>
    <Opinions>
      <Opinion category="InfoDisplay#Avaiability" polarity="negative" from="81" to="93" target="Anzeigetafel" category_de="Infoanzeige#Betrieb"/>
    </Opinions>
    <text>@DB_Bahn nichtangezeigte Gleisänderung für IC2279 3 Min vor Abfahrt mit defekter Anzeigetafel. Nicht euer Ernst, oder?</text>
  </Document>
  <Document id="608945560540823552">
    <relevance>false</relevance>
    <sentiment>neutral</sentiment>
    <Opinions/>
    <text>87-Jähriger verirrt sich mit Elektro-Rollstuhl auf Autobahn - DIE WELT http://t.co/49hjl2HtOd | http://t.co/uO8IezzGcJ #news</text>
  </Document>
  <Document id="1022116980130828296">
    <relevance>true</relevance>
    <sentiment>neutral</sentiment>
    <Opinions/>
    <text>@DB_Bahn @Unschuldsjunge @eurobahn_info Ach so, die Bitte eines Fahrgastes um Anzeigetafeln am Bahnsteig ist keine &quot;servicerelevante Frage zum Personenverkehr&quot;. Wie konnte ich so dumm sein, das anzunehmen.</text>
  </Document>
  <Document id="1030006087267835904">
    <relevance>false</relevance>
    <sentiment>neutral</sentiment>
    <Opinions/>
    <text>Die taktilen Linien ermöglichen es Sehbehinderten, sich zu orientieren. https://t.co/6ZpSoNRcJH</text>
  </Document>
  <Document id="610079692503257088">
    <relevance>true</relevance>
    <sentiment>negative</sentiment>
    <Opinions>
      <Opinion category="InfoAcoustic#Availability" polarity="negative" from="72" to="82" target="Durchsagen" category_de="Infodurchsage#Betrieb"/>
    </Opinions>
    <text>@DB_Bahn total doof, dass hier kein Schaffner zu finden ist. Gibt keine Durchsagen, dass es nicht nach Kassel-W. Geht. Anzeigen stimmen auch</text>
  </Document>
  <Document id="697866093491326976">
    <relevance>false</relevance>
    <sentiment>neutral</sentiment>
    <Opinions/>
    <text>@SPIEGELONLINE Hier die Stellungnahme des Deutschen Gehörlosen-Bundes zur Fernsehsendung &quot;German's Next Topmodel&quot; https://t.co/tPJros0ujE</text>
  </Document>
  <Document id="611457268639494145">
    <relevance>true</relevance>
    <sentiment>neutral</sentiment>
    <Opinions>
      <Opinion category="Lift#Availability" polarity="neutral" from="32" to="38" target="Aufzug" category_de="Aufzug#Betrieb"/>
    </Opinions>
    <text>Hat irgendwer 'ne ahnung wo der Aufzug zum U-Bahnhof Frankfurter Allee in Berlin ist??? #fp</text>
  </Document>
  <Document id="902234291236728834">
    <relevance>false</relevance>
    <sentiment>neutral</sentiment>
    <Opinions/>
    <text>Wenn Menschen auf der Straße glauben, dass du eine Gehbehinderung hast, aber du in Wirklichkeit nur deine neuen Vans einläufst.</text>
  </Document>
  <Document id="1044963087588184065">
    <relevance>true</relevance>
    <sentiment>negative</sentiment>
    <Opinions>
      <Opinion category="InfoAcoustic#BarrierOthers" polarity="negative" from="36" to="54" target="Lautsprecheranlage" category_de="Infodurchsage#Sonstiges_Barriere"/>
    </Opinions>
    <text>Der Flughafen von Warschau hat eine Lautsprecheranlage, die definitiv von der Deutschen Bahn installiert und gewartet wird. #verstehhiernix</text>
  </Document>
  <Document id="917294817184567296">
    <relevance>false</relevance>
    <sentiment>neutral</sentiment>
    <Opinions/>
    <text>@DirkDiedrich Mehr Kreisel mehr Stau, mehr Ampel noch mehr Stau, mehr Hubschrauber-Eltern samt gehbehinderter Brut = Stillstand.... logisch.</text>
  </Document>
  <Document id="646330518225723392">
    <relevance>false</relevance>
    <sentiment>neutral</sentiment>
    <Opinions/>
    <text>#Blaulicht - Rollator Unfall - Überhöhte Geschwindigkeit und rücksichtsloses rollatoren führte zu einem Aufrollunfall http://t.co/5c4OjgQ0WZ</text>
  </Document>
  <Document id="624212199695777793">
    <relevance>true</relevance>
    <sentiment>positive</sentiment>
    <Opinions>
      <Opinion category="GeneralBarrier#Main" polarity="positive" from="17" to="31" target="Barrierefreier" category_de="Allgemein_Barriere#Haupt"/>
    </Opinions>
    <text>News #Rotenburg: Barrierefreier Bahnhof, aber: Behinderte kommen nicht in Fernverkehrszüge http://t.co/NNfAVRBqej #hna</text>
  </Document>
  <Document id="1079664795241119745">
    <relevance>false</relevance>
    <sentiment>neutral</sentiment>
    <Opinions/>
    <text>PAULA 11 nimmt eine Verfolgungsjagd auf, nach dem unbekannte Personen auf 1er Baustelle gesichtet werden , vor Ort stellen die Beamten ein Brennherd fest , können das brennende Plastik selbst löschen. Nach der aufregenden Jagd kann endlich ein 12j &amp; 15j gefasst werden.</text>
  </Document>
  <Document id="1014059270973870080">
    <relevance>true</relevance>
    <sentiment>negative</sentiment>
    <Opinions>
      <Opinion category="InfoDisplay#BarrierOthers" polarity="negative" from="22" to="35" target="Anzeigetafeln" category_de="Infoanzeige#Sonstiges_Barriere"/>
    </Opinions>
    <text>Erstaunlich auch: die Anzeigetafeln der S-Bahn können Fußballergebnisse quasi live anzeigen, aber präzise die nächste S-Bahn voraussagen geht nicht. 🤔 #SBahnStgt</text>
  </Document>
  <Document id="1080471990291570688">
    <relevance>false</relevance>
    <sentiment>neutral</sentiment>
    <Opinions/>
    <text>@SPIEGELONLINE Es stimmt schon. Der Deutsche demonstriert viel zu wenig. Was wäre das für ein Signal an #VW und #Wolfsburg, wenn mehr als 300.000 #Dieselgate Geschädigte zum Werk führen und dort über Stunden ein lautes Hupkonzert veranstalteten. Sich positionierten gegen den #Betrug ..! #Demo</text>
  </Document>
  <Document id="613681718520733699">
    <relevance>false</relevance>
    <sentiment>neutral</sentiment>
    <Opinions/>
    <text>Telefonieren auf der Autobahn sind 250 Meter im Blindflug / Studie im Auftrag von ADAC und ÖAMTC: Blick von der… http://t.co/dIaY6eyVtT</text>
  </Document>
  <Document id="608964560549212160">
    <relevance>false</relevance>
    <sentiment>neutral</sentiment>
    <Opinions/>
    <text>&quot;Er hat sich einfach verfahren&quot;: 87-Jähriger gerät mit #Rollstuhl auf die #Autobahn.  ... http://t.co/lStg6eoqTo</text>
  </Document>
  <Document id="994968484554698752">
    <relevance>false</relevance>
    <sentiment>neutral</sentiment>
    <Opinions/>
    <text>Laura Schwengber dolmetscht beim #ESC2018 die Musik für Gehörlose. Ein Gespräch darüber, wie man Klänge sichtbar macht. https://t.co/nGQtqqsB0Y</text>
  </Document>
  <Document id="712643789001588736">
    <relevance>false</relevance>
    <sentiment>neutral</sentiment>
    <Opinions/>
    <text>Hilfeleistung &quot;Fahrbahn mit Erdreich verschmutzt&quot; OT Dalbke https://t.co/tvlAVQi3cX</text>
  </Document>
  <Document id="672289721566015488">
    <relevance>true</relevance>
    <sentiment>negative</sentiment>
    <Opinions>
      <Opinion category="Lighting#Availability" polarity="negative" from="79" to="90" target="Beleuchtung" category_de="Beleuchtung#Betrieb"/>
    </Opinions>
    <text>Moin @SBahnBerlin &amp; @BVG_Ubahn ! Es ist dunkel im Bhf #Jungfernheide . Defekte Beleuchtung im Übergang zur U Bahn. Thx #berlin</text>
  </Document>
  <Document id="615794712364998656">
    <relevance>true</relevance>
    <sentiment>negative</sentiment>
    <Opinions>
      <Opinion category="Escalator#Availability" polarity="negative" from="34" to="44" target="Rolltreppe" category_de="Rolltreppe#Betrieb"/>
    </Opinions>
    <text>@gerdgerdgerdger erstmal muss die Rolltreppe Landungsbrücken runter zur s bahn fertig werden. Die gibt's schon länger @HVVStoerungen</text>
  </Document>
  <Document id="1040231823131987968">
    <relevance>true</relevance>
    <sentiment>neutral</sentiment>
    <Opinions/>
    <text>@DB_Bahn Hier am Hauptbahnhof läuft in der Überdachung zwischen Gleis 5 und Gleis 6 irgend ein Tier herum und macht dabei ganz schön Lärm. Man hat es kurz durch ne Spalte über einer Anzeigetafel gesehen. Schätze es ist ne Ratte oder etwas ähnliches.</text>
  </Document>
  <Document id="1049195810838204417">
    <relevance>true</relevance>
    <sentiment>negative</sentiment>
    <Opinions>
      <Opinion category="InfoDisplay#Avaiability" polarity="negative" from="84" to="96" target="Anzeigetafel" category_de="Infoanzeige#Betrieb"/>
    </Opinions>
    <text>Gibt's auch nen Grund warum die S9 nach Wuppertal Hbf 7 Minuten Verspätung hat? Die Anzeigetafel spuckt nichts aus. @DB_Bahn, guten Morgen nebenbei</text>
  </Document>
  <Document id="630730403381383168">
    <relevance>true</relevance>
    <sentiment>neutral</sentiment>
    <Opinions/>
    <text>Rollstuhlfahrer hat Probleme an der Bahn und ich biete Hilfe an. Werde angefaucht mit: Ich frage wenn ich Hilfe brauche. Auch nen tollen Tag</text>
  </Document>
  <Document id="971257888822919168">
    <relevance>true</relevance>
    <sentiment>negative</sentiment>
    <Opinions>
      <Opinion category="GeneralBarrier#Main" polarity="negative" from="50" to="90" target="behindertengerechte Einstiegshilfe.Grund" category_de="Allgemein_Barriere#Haupt"/>
    </Opinions>
    <text>#RB40 #Braunschweig(06:49)→#Helmstedt(07:22).Ohne behindertengerechte Einstiegshilfe.Grund : Fahrzeugstörung / anderes Fahrzeug.</text>
  </Document>
  <Document id="974356711791300608">
    <relevance>true</relevance>
    <sentiment>negative</sentiment>
    <Opinions>
      <Opinion category="InfoDisplay#BarrierOthers" polarity="negative" from="60" to="68" target="Anzeigen" category_de="Infoanzeige#Sonstiges_Barriere"/>
      <Opinion category="ConstructionSite#Main" polarity="negative" from="161" to="172" target="Bauarbeiten" category_de="Baustelle#Haupt"/>
    </Opinions>
    <text>@vgf_ffm wie stellt ihr sicher, dass auch Sehbehinderte die Anzeigen an U-Bahnsteigen erkennen? Gerade zufällig jemandem am Willy-Brandt-Platz geholfen, der die Bauarbeiten der U4+U5 nicht kannte. Warum wurde dort nicht einfach abgesperrt?</text>
  </Document>
  <Document id="797007276385193984">
    <relevance>false</relevance>
    <sentiment>neutral</sentiment>
    <Opinions/>
    <text>RT @malte_wicking: Tragisch: Lkw fährt sehbehinderten Rentner tot. Er hatte sich verlaufen. #Oberhausen https://t.co/2pRSD4oROv https://t.c…</text>
  </Document>
  <Document id="882651653664641025">
    <relevance>false</relevance>
    <sentiment>neutral</sentiment>
    <Opinions/>
    <text>@freie_presse Unverständlich,da ein Heimplatz im Ernstfall viel teurer wäre,falls die Herrschaften alters/behindertengerechten Wohnraum angewiesen wären.</text>
  </Document>
  <Document id="1032129068752400384">
    <relevance>true</relevance>
    <sentiment>negative</sentiment>
    <Opinions>
      <Opinion category="InfoDisplay#Avaiability" polarity="negative" from="20" to="33" target="Anzeigetafeln" category_de="Infoanzeige#Betrieb"/>
    </Opinions>
    <text>@DB_Bahn Werden die Anzeigetafeln im Bahnhof 716xx #Ludwigsburg irgendwann einmal repariert?</text>
  </Document>
  <Document id="862973123632803840">
    <relevance>true</relevance>
    <sentiment>negative</sentiment>
    <Opinions>
      <Opinion category="GeneralBarrier#Main" polarity="negative" from="106" to="120" target="Station nutzen" category_de="Allgemein_Barriere#Haupt"/>
    </Opinions>
    <text>@BVG_Ubahn @SBahnBerlin Warum denn das??? Ist doch kein Polizeieinsatz dort. Wie sollen Gehbehinderte die Station nutzen können???</text>
  </Document>
  <Document id="609114810047840256">
    <relevance>false</relevance>
    <sentiment>neutral</sentiment>
    <Opinions/>
    <text>Staubsauger 2000 W Bobby  mit Rechnung + Restgarantie: Köln | Hallo ich verkaufe für meine Freundin den   Stau... http://t.co/tnkt5Jhh3b</text>
  </Document>
  <Document id="631508927289643008">
    <relevance>true</relevance>
    <sentiment>neutral</sentiment>
    <Opinions/>
    <text>RT @barbaratoth: Vor u-Bahn Station wird ein erwachsener im Rollstuhl, geistig behindert, zum betteln &quot;gezwungen&quot;. Welche wiener Organisati…</text>
  </Document>
  <Document id="614379570662383616">
    <relevance>false</relevance>
    <sentiment>neutral</sentiment>
    <Opinions/>
    <text>Feuerwehreinsatz an der Frauenklinik #Gießen? Entwarnung: Staubentwicklung bei Bauarbeiten führte zu Anspringen der Brandmeldeanlage.</text>
  </Document>
  <Document id="1028279542614577153">
    <relevance>true</relevance>
    <sentiment>neutral</sentiment>
    <Opinions/>
    <text>jetzt mit sehschwäche zum flughafen ✌🏼✌🏼</text>
  </Document>
  <Document id="633961766863695872">
    <relevance>true</relevance>
    <sentiment>negative</sentiment>
    <Opinions>
      <Opinion category="InfoDisplay#Avaiability" polarity="negative" from="48" to="60" target="Anzeigetafel" category_de="Infoanzeige#Betrieb"/>
    </Opinions>
    <text>@BVG_Tram An der Michendorfer ist ja auch keine Anzeigetafel da kommt man sich dann schön blöd vor wenn einfach nichts kommt. Gute Besserung</text>
  </Document>
  <Document id="658655200002076672">
    <relevance>false</relevance>
    <sentiment>neutral</sentiment>
    <Opinions/>
    <text>PD Görlitz - Ist Ihr Auto winterfest? - Jetzt letzte Chance für kostenlosen Beleuchtungstest nutzen        https://t.co/FmFiwLquQV #Sachsen</text>
  </Document>
  <Document id="632309217060356096">
    <relevance>true</relevance>
    <sentiment>neutral</sentiment>
    <Opinions/>
    <text>Übrigens waren wir heute sozial und haben einem Mann in die Bahn geholfen der im Rollstuhl saß mhm.😂💗@pandanici @k___atha</text>
  </Document>
  <Document id="1080153062478659585">
    <relevance>false</relevance>
    <sentiment>neutral</sentiment>
    <Opinions/>
    <text>@Tagesspiegel Jeder einzelne dieser unfassbaren Anschläge, egal aus welcher Motivation, sind Angriffe auf UNSERE freiheitlich demokratische Grundordnung und gehören ver- und konsequent abgeurteilt! Gruselig, wenn versucht wird, solche Taten auch noch zu verteidigen...</text>
  </Document>
  <Document id="855063535122100224">
    <relevance>true</relevance>
    <sentiment>negative</sentiment>
    <Opinions>
      <Opinion category="InfoDisplay#BarrierOthers" polarity="negative" from="0" to="12" target="Anzeigetafel" category_de="Infoanzeige#Sonstiges_Barriere"/>
    </Opinions>
    <text>Anzeigetafel so: Gl. 12 - typ von @DB_Info so: gibt kein Gleis 12 - Bahnhof aber so: Brücke von Gl. 10 zu Gl.12 außerhalb vom Hbf MA - WTF!</text>
  </Document>
  <Document id="871268760254066688">
    <relevance>true</relevance>
    <sentiment>positive</sentiment>
    <Opinions>
      <Opinion category="TactileContrastOrientation#Main" polarity="positive" from="19" to="25" target="Stufen" category_de="Taktil_Kontrastreich_Orientierung#Haupt"/>
    </Opinions>
    <text>Wenigsten sind die Stufen f. Menschen m. #Sehbehinderung bei d. U-Bahn in #Stuttgart farblich markiert (schwacher Trost, leider) #Abenteuer https://t.co/yUYKJ6ouFO</text>
  </Document>
  <Document id="936666458259623936">
    <relevance>false</relevance>
    <sentiment>neutral</sentiment>
    <Opinions/>
    <text>Aktion &quot;Leser helfen&quot;: Eine Familie aus #Bernsbach benötigt ein neues Auto und die Eltern von Sten aus #Oberwiesenthal wünschen sich ein behindertengerechtes Bad https://t.co/rYkYRlI6ye</text>
  </Document>
  <Document id="655798572886044673">
    <relevance>false</relevance>
    <sentiment>neutral</sentiment>
    <Opinions/>
    <text>Vorsicht! Verschmutzte Fahrbahn in der Region Gardelegen auf der Straße  zwischen Lindstedt und Kassieck</text>
  </Document>
  <Document id="656564550125260800">
    <relevance>false</relevance>
    <sentiment>neutral</sentiment>
    <Opinions/>
    <text>Diese Dame (89) düste mit ihrem E-Rollstuhl über die Autobahn - mit kurioser Begründung. https://t.co/N3HIrHHy5K https://t.co/u2zyCyDnfK</text>
  </Document>
  <Document id="953518449145319424">
    <relevance>false</relevance>
    <sentiment>neutral</sentiment>
    <Opinions/>
    <text>@Dennyo218 @NightBerrys Die Durchsage soll Personen mit Sehbehinderung bei der Orientierung helfen und ist unserer Meinung durchaus sinnvoll. *sr</text>
  </Document>
  <Document id="859509615335223296">
    <relevance>false</relevance>
    <sentiment>neutral</sentiment>
    <Opinions/>
    <text>@FrankyB122 Ein*e Geh- oder Sehbehinderte*r hat schon erhebliche Probleme, dort die Straße zu überqueren. Und das ist nicht nur rücksichtslos.</text>
  </Document>
  <Document id="984493125774336000">
    <relevance>true</relevance>
    <sentiment>negative</sentiment>
    <Opinions>
      <Opinion category="InfoDisplay#BarrierOthers" polarity="negative" from="39" to="51" target="anzeigetafel" category_de="Infoanzeige#Sonstiges_Barriere"/>
    </Opinions>
    <text>@SBahnHamburg  Vor 5 min stand auf der anzeigetafel das in 5 min die bahn kommt. Jetzt stehen da immer noch 5min. Wieviel sek. Hat 1 min?</text>
  </Document>
  <Document id="1079993183411539968">
    <relevance>false</relevance>
    <sentiment>neutral</sentiment>
    <Opinions/>
    <text>#MEGATREND im #Bau: #3D-#Druck in Kombination mit #ECOCELL-#Schnellbausystem  Die für das #ECOCELL-#Schnellbausystem benötigten #Sonderbauteile können in einem #ECOCELL-#Container im #3Druck auf der #Baustelle gefertigt werden. #St…https://t.co/k0lHNeuQEM https://t.co/XY32zQjvbJ</text>
  </Document>
  <Document id="1018535273779654656">
    <relevance>false</relevance>
    <sentiment>neutral</sentiment>
    <Opinions/>
    <text>Der Schiri hat devinitiv heute eine Sehschwäche... #CroFra #WorldCupFinal #CRO #fra</text>
  </Document>
  <Document id="689118050306682880">
    <relevance>false</relevance>
    <sentiment>neutral</sentiment>
    <Opinions/>
    <text>Rührend kontraproduktiv: Ein junger Mann hat ner gehbehinderten Frau einfach so über die Straße geholfen. Sie ist vor Freude fast umgekippt.</text>
  </Document>
  <Document id="632401867377479680">
    <relevance>true</relevance>
    <sentiment>negative</sentiment>
    <Opinions>
      <Opinion category="GeneralBarrier#Main" polarity="negative" from="21" to="33" target="barrierefrei" category_de="Allgemein_Barriere#Haupt"/>
    </Opinions>
    <text>Dauerbaustelle statt barrierefrei - Seit zwei Jahren wird an den Abgängen zur U-Bahn-Station Miquelallee… http://t.co/FHX7zVbcdw #frankfurt</text>
  </Document>
  <Document id="614278500430835712">
    <relevance>true</relevance>
    <sentiment>negative</sentiment>
    <Opinions>
      <Opinion category="Lift#Availability" polarity="negative" from="42" to="48" target="Aufzug" category_de="Aufzug#Betrieb"/>
    </Opinions>
    <text>Infolge einer technischen Störung ist der Aufzug im Bahnhof Fürstenwalde Hausbahnsteig Gleis 1 außer Betrieb.</text>
  </Document>
  <Document id="607273254122844160">
    <relevance>true</relevance>
    <sentiment>neutral</sentiment>
    <Opinions/>
    <text>wenn ich Menschen auf Rolltreppen sehen will, fahre ich U-Bahn. #JuveFCB #UCLfinal</text>
  </Document>
  <Document id="862691578653159424">
    <relevance>false</relevance>
    <sentiment>neutral</sentiment>
    <Opinions/>
    <text>Unfall in Rheinland-Pfalz - Gehörloser stirbt nach Zusammenprall mit Feuerwehrwagen https://t.co/XgNEg4OUyT</text>
  </Document>
  <Document id="1080226405923864576">
    <relevance>false</relevance>
    <sentiment>neutral</sentiment>
    <Opinions/>
    <text>Diese unerwünschte linksextreme Merkel Politik lässt ausschließlich NUR Demos gegen „rächts“ organisieren? Naive Gutmenschen gehen gegen rächts auf die Straße und sehen durch ihre rosaroten Brillen aber nicht, dass GEWALT/TERROR/KRIMINALITÄT zu ca. 70% v. Clans/Ausländern kommt!</text>
  </Document>
  <Document id="859484639479685120">
    <relevance>true</relevance>
    <sentiment>neutral</sentiment>
    <Opinions/>
    <text>Sitze in der Bahn direkt hinterm Fahrer.  Wie so ne schwer gehbehinderte Omma im Bus! 😂</text>
  </Document>
  <Document id="911256130885533696">
    <relevance>false</relevance>
    <sentiment>neutral</sentiment>
    <Opinions/>
    <text>@PolizeiMuenchen Könnt ihr auch Gebärdensprache wie von gehörlosen 'gesprochen' aus verschiedenen Ländern?</text>
  </Document>
  <Document id="1079712459970281473">
    <relevance>false</relevance>
    <sentiment>neutral</sentiment>
    <Opinions/>
    <text>Die Baustelle der türkisch-islam. #MilliGörüş #Moschee in #Duisburg-Beeck wurde gestern mit solchen Parolen beschmiert. https://t.co/6PBaDoQNiJ https://t.co/rc8ti8m366</text>
  </Document>
  <Document id="910766262648819719">
    <relevance>false</relevance>
    <sentiment>neutral</sentiment>
    <Opinions/>
    <text>Schwerverbrecher bleiben frei ....Gehbehinderte Rentnerin sammelt eine Pfandflasche, nun geht es ihr an den Kragen https://t.co/nXh5h05wBe</text>
  </Document>
  <Document id="1014518076375748609">
    <relevance>true</relevance>
    <sentiment>negative</sentiment>
    <Opinions>
      <Opinion category="InfoDisplay#Avaiability" polarity="negative" from="215" to="227" target="Anzeigetafel" category_de="Infoanzeige#Betrieb"/>
    </Opinions>
    <text>@RMVdialog Es vergeht kein Tag an dem man sich nicht über die Straßenbahn, Sbahn oder Busse beschweren kann ... Die Straßenbahn Linie 21 fährt eh schon wie sie will und eine Info darüber warum die plötzlich von der Anzeigetafel verschwindet gibt es auch nicht...</text>
  </Document>
  <Document id="919575248076443649">
    <relevance>false</relevance>
    <sentiment>neutral</sentiment>
    <Opinions/>
    <text>@BrittaDN @OliverSenst Ich bin nicht wütend, empfinde auch keinen Hass, ich arbeite schon an den Stellschrauben aktiv mit, obwohl ich durch Unfall 100 Grad schwer gehbehindert bin, kommt es zum Bürgerkrieg bin ich auf der richtigen Seite abwarten wenn es scheppert dann richtig</text>
  </Document>
  <Document id="632103390386872321">
    <relevance>false</relevance>
    <sentiment>neutral</sentiment>
    <Opinions/>
    <text>Verbraucherschützer warnen vor dem neuen Update von @Microsoft: #Windows10 gleiche einer „privaten Abhöranlage“. http://t.co/zL37TvwGb2</text>
  </Document>
  <Document id="616545365731450880">
    <relevance>false</relevance>
    <sentiment>neutral</sentiment>
    <Opinions/>
    <text>PD Leipzig - Kinderwagen geht in Flammen auf/Räuber muss wieder abtreten/Krankenkassenkarte überführt Einbrecher         …</text>
  </Document>
  <Document id="840570233744154625">
    <relevance>true</relevance>
    <sentiment>positive</sentiment>
    <Opinions>
      <Opinion category="BarrierOthers#Main" polarity="positive" from="41" to="54" target="DB_Sicherheit" category_de="Sonstiges_Barriere#Haupt"/>
    </Opinions>
    <text>RT @bpol_b_einsatz: Immer hilfsbereit - #DB_Sicherheit geleitet Sehbehinderte aus der @SBahnBerlin ins #Olympiastadion. 👍 #bscbvb https://t…</text>
  </Document>
  <Document id="615527602401509376">
    <relevance>false</relevance>
    <sentiment>neutral</sentiment>
    <Opinions/>
    <text>@DirkKrampe Dorfpomeranze. Ist doch irgendwas, wo immer Stau ist.</text>
  </Document>
  <Document id="1032528324424286209">
    <relevance>true</relevance>
    <sentiment>positive</sentiment>
    <Opinions>
      <Opinion category="GeneralBarrier#Main" polarity="positive" from="56" to="74" target="behindertengerecht" category_de="Allgemein_Barriere#Haupt"/>
    </Opinions>
    <text>Die Stadtbahn der @uestra in #Hannover wird vollständig behindertengerecht – aber das gefällt nun auch wieder nicht jedem. #Linden #Limmer #limmern https://t.co/Plel8YhYTy</text>
  </Document>
  <Document id="617217997405560832">
    <relevance>false</relevance>
    <sentiment>neutral</sentiment>
    <Opinions/>
    <text>@zielpublikum Stau an den Rampen wie immer...Baustellen ...Erlangen das selbe ...heute nachmittag is nur &quot;Austausch&quot; =blabla dh wir gehen</text>
  </Document>
  <Document id="1079773388955152385">
    <relevance>false</relevance>
    <sentiment>neutral</sentiment>
    <Opinions/>
    <text>Ständig die selben Probleme, selber immer weniger im Wunsch-Bereich (nämlich Audioproduktion) tätig... Einige nervenaufreibende Außenstandorte und Themen, WIEDER einmal ein rausgezögerter Umbau des einen Ü-Wagens. Das ist alles nicht zufriedenstellend. Baustelle für's neue Jahr.</text>
  </Document>
  <Document id="725748711934951428">
    <relevance>false</relevance>
    <sentiment>neutral</sentiment>
    <Opinions/>
    <text>Cover zu meiner Single &quot;behindertengerechter Parkplatz&quot; feat #drake #keinniveauabercoolasfuck… https://t.co/mmw2YVUjBd</text>
  </Document>
  <Document id="626048595893047296">
    <relevance>false</relevance>
    <sentiment>neutral</sentiment>
    <Opinions/>
    <text>Chinesin stirbt bei Unfall auf Rolltreppe http://t.co/Qej09OObdm</text>
  </Document>
  <Document id="615189330479443968">
    <relevance>true</relevance>
    <sentiment>negative</sentiment>
    <Opinions>
      <Opinion category="InfoAcoustic#Availability" polarity="negative" from="13" to="34" target="Automatischen Ansagen" category_de="Infodurchsage#Betrieb"/>
    </Opinions>
    <text>@DB_Bahn Die Automatischen Ansagen in K-Ehrenfeld sind gestört.</text>
  </Document>
  <Document id="610326292412678145">
    <relevance>false</relevance>
    <sentiment>neutral</sentiment>
    <Opinions/>
    <text>Erst Frau Holle und dann kam auch schon der blutige Taubenkadaver geflogen. Schrecksekunde auf der Autobahn</text>
  </Document>
  <Document id="679046328014376960">
    <relevance>false</relevance>
    <sentiment>neutral</sentiment>
    <Opinions/>
    <text>Dicke Luft in #Italien: In vielen Städten ist die Luft so verschmutzt, dass Fahrverbote erlassen wurden. #Verkehr https://t.co/AwOE959jo1</text>
  </Document>
  <Document id="653334062195679232">
    <relevance>false</relevance>
    <sentiment>neutral</sentiment>
    <Opinions/>
    <text>Neue Meldung: Schwerer Unfall in Frankfurt: Rollstuhlfahrer stürzt ins Gleisbett http://t.co/snYAp3jD2q</text>
  </Document>
  <Document id="707329725920911360">
    <relevance>false</relevance>
    <sentiment>neutral</sentiment>
    <Opinions/>
    <text>RT @zeitonline: In politisch aufgeheizten Zeiten kann die Schwerhörigkeit von einem Problem zu einem Luxus werden. #Martenstein https://t.c…</text>
  </Document>
  <Document id="954317226135425024">
    <relevance>true</relevance>
    <sentiment>negative</sentiment>
    <Opinions>
      <Opinion category="Info#Barrier_Others" polarity="negative" from="63" to="79" target="DB-Navigator-App" category_de="Info_Sonstiges#Sonstiges_Barriere"/>
      <Opinion category="InfoDisplay#BarrierOthers" polarity="negative" from="117" to="129" target="Anzeigetafel" category_de="Infoanzeige#Sonstiges_Barriere"/>
    </Opinions>
    <text>@DB_Bahn Der ICE 1652 von Flughafen FRA nach Mainz wird in der DB-Navigator-App als pünktlich angezeigt, hier an der Anzeigetafel steht er als &quot;fällt aus&quot;.</text>
  </Document>
  <Document id="1080144622310092800">
    <relevance>false</relevance>
    <sentiment>neutral</sentiment>
    <Opinions/>
    <text>So wollen die Demokraten in Amerika den #Shutdown beenden.  https://t.co/nPJAQaZ5d5</text>
  </Document>
  <Document id="751525492591853568">
    <relevance>true</relevance>
    <sentiment>neutral</sentiment>
    <Opinions>
      <Opinion category="GeneralBarrier#Main" polarity="neutral" from="49" to="68" target="Behindertengerechte" category_de="Allgemein_Barriere#Haupt"/>
    </Opinions>
    <text>@LVB_direkt Klasse. Mal sehen, obs was bringt ;) Behindertengerechte Haltestelle wären auch der Burner.</text>
  </Document>
  <Document id="906035510388285440">
    <relevance>false</relevance>
    <sentiment>neutral</sentiment>
    <Opinions/>
    <text>Auto abgebrannt - Gehbehinderter muss draufzahlen https://t.co/cmqYKle6Av https://t.co/KkTKdBp8Cq</text>
  </Document>
  <Document id="664903495401607169">
    <relevance>false</relevance>
    <sentiment>neutral</sentiment>
    <Opinions/>
    <text>POL-RT: Bedrohung eines gehbehinderten Mannes, Auffahrunfall: Reutlingen (ots) - Gehbehinderter Ma... https://t.co/GOVr86Ezp4 #Reutlingen</text>
  </Document>
  <Document id="614554591464685568">
    <relevance>false</relevance>
    <sentiment>neutral</sentiment>
    <Opinions/>
    <text>RT @Liam_Feaviour: If there are still people blindly spouting women's footballers aren't skilled, turn this game on. Cos you're missing out…</text>
  </Document>
  <Document id="1080294151923617792">
    <relevance>false</relevance>
    <sentiment>neutral</sentiment>
    <Opinions/>
    <text>@faznet @PhilipPlickert War ja klar, dass nach so einem Tweet nur Scheisse kommt. Aber was will man erwarten. Die einen haben es nicht mit Zahlen und Fakten, die anderen verstehen das Thema Demographie nicht. Und der Rest ist einfach nur simple fremdenfeindlich.</text>
  </Document>
  <Document id="803051541229867008">
    <relevance>false</relevance>
    <sentiment>neutral</sentiment>
    <Opinions/>
    <text>Robert Remarque Grund arbeitet in Nordkorea mit Gehörlosen. Über seine Arbeit lesen Sie jetzt lesen mit #FAZplus: https://t.co/tV8vFw5Inj</text>
  </Document>
  <Document id="656683408010162176">
    <relevance>false</relevance>
    <sentiment>neutral</sentiment>
    <Opinions/>
    <text>In Österreich: Oma (89) düst mit Elektro-Rollstuhl über die Autobahn https://t.co/YDb2YMYNUH</text>
  </Document>
  <Document id="862423884603248640">
    <relevance>false</relevance>
    <sentiment>neutral</sentiment>
    <Opinions/>
    <text>@DriveNow_DE m dx 5825 parkt auf der sehbehinderten Markierung... kann euch leider keine pn schicken daher so...</text>
  </Document>
  <Document id="994969525308280832">
    <relevance>false</relevance>
    <sentiment>neutral</sentiment>
    <Opinions/>
    <text>@SZ Gehörlose haben beim ESC einen großen Vorteil. Sie müssen die &quot;Musik&quot; nicht hören.</text>
  </Document>
  <Document id="990953943197863936">
    <relevance>true</relevance>
    <sentiment>neutral</sentiment>
    <Opinions/>
    <text>Bei einer Demonstration haben in Spaichingen rund 180 Frauen, Männer und Kinder ihrem Unmut Luft gemacht: Seit einem Fahrplanwechsel können Menschen mit Gehbehinderung oder schwerem Gepäck keine Fernzüge mehr nutzen. https://t.co/HDUIDbmMwv</text>
  </Document>
  <Document id="1079847389832404992">
    <relevance>false</relevance>
    <sentiment>neutral</sentiment>
    <Opinions/>
    <text>@faznet @JuliaKloeckner Das Kreuz mit den &quot;deutschen&quot; Linien:  1. #Wölfe sollen friedlich leben dürfen, während 🐄+👫 vor ihnen geschützt werden! 2. Flutung der 🇪🇺 mit Islamisten wird die Demographie retten!  3. Vernichtung der 🇩🇪'en Autoindustrie wird den 🌍-Ø-Temeraturanstieg auf 1,5°C begrenzen!🤣</text>
  </Document>
  <Document id="621919350270918656">
    <relevance>true</relevance>
    <sentiment>negative</sentiment>
    <Opinions>
      <Opinion category="GeneralBarrier#Main" polarity="negative" from="53" to="65" target="barrierefrei" category_de="Allgemein_Barriere#Haupt"/>
    </Opinions>
    <text>Und schon ist der Nordbahnhof in #BadVilbel mit mehr barrierefrei... #bahn #fehlplanung #stoehr http://t.co/iti7OX827T</text>
  </Document>
  <Document id="862328353013071872">
    <relevance>false</relevance>
    <sentiment>neutral</sentiment>
    <Opinions/>
    <text>@BILD warum hat ihr so ne beschissen große Standard-Auflösung auf eurer Startseite, die meisten Leser sind nicht sehbehindert.</text>
  </Document>
  <Document id="609000726631723008">
    <relevance>false</relevance>
    <sentiment>neutral</sentiment>
    <Opinions/>
    <text>Das hat es noch nie gegeben,  das jemand mit einem Rollstuhl auf die Autobahn fährt!!!  Das ist Premiere!!! http://t.co/Y7Gi7SuDla</text>
  </Document>
  <Document id="1080180266000416768">
    <relevance>false</relevance>
    <sentiment>neutral</sentiment>
    <Opinions/>
    <text>@bkotzbeck Zu viele Baustellen auf den Autobahnen 🤣</text>
  </Document>
  <Document id="1045986458186723328">
    <relevance>true</relevance>
    <sentiment>neutral</sentiment>
    <Opinions>
      <Opinion category="Info#Barrier_Others" polarity="negative" from="47" to="50" target="App" category_de="Info_Sonstiges#Sonstiges_Barriere"/>
      <Opinion category="Info#Barrier_Others" polarity="positive" from="127" to="131" target="Plan" category_de="Info_Sonstiges#Sonstiges_Barriere"/>
      <Opinion category="InfoDisplay#BarrierOthers" polarity="positive" from="153" to="165" target="Anzeigetafel" category_de="Infoanzeige#Sonstiges_Barriere"/>
    </Opinions>
    <text>@DB_Bahn Hallo, nein es muss ein Fehler im der App/Datenbank sein. Bereits gestern wurde dort Gleis 1 angezeigt, der gedruckte Plan am Bahnsteig und die Anzeigetafel haben das korrekte Gleis angezeigt.</text>
  </Document>
  <Document id="707902391610429440">
    <relevance>false</relevance>
    <sentiment>neutral</sentiment>
    <Opinions/>
    <text>RT @AnettKirchner: Hilfe, mein Gullideckel ist weg! Woran sich #Sehbehinderte im Alltag orientieren #Steglitz #Zehlendorf @tagesspiegel htt…</text>
  </Document>
  <Document id="976803519993872384">
    <relevance>false</relevance>
    <sentiment>neutral</sentiment>
    <Opinions/>
    <text>Youngtimer-Messe Techno Classica - Riesen-Schwarm der Mercedes-Flügeltürer https://t.co/5S6Rx9H6fh</text>
  </Document>
  <Document id="652106326298898435">
    <relevance>false</relevance>
    <sentiment>neutral</sentiment>
    <Opinions/>
    <text>POL-MS: Rollstuhlfahrer bei Unfall schwer verletzt http://t.co/50rJXxW0cI</text>
  </Document>
  <Document id="1038360725683625985">
    <relevance>true</relevance>
    <sentiment>negative</sentiment>
    <Opinions>
      <Opinion category="InfoDisplay#Avaiability" polarity="negative" from="66" to="78" target="Anzeigetafel" category_de="Infoanzeige#Betrieb"/>
    </Opinions>
    <text>@RMVdialog @DB_Bahn Der Zug um 11 42 ist auch verspätet, Info auf Anzeigetafel fehlt</text>
  </Document>
  <Document id="645946477857087488">
    <relevance>false</relevance>
    <sentiment>neutral</sentiment>
    <Opinions/>
    <text>Wieder entwendeten Diebe ein Portemonnaie aus dem Rollator einer Supermarkt-Kundin. Die Berlinerin bermerkte es an der Kasse. #pickpocket</text>
  </Document>
  <Document id="624470298478411776">
    <relevance>true</relevance>
    <sentiment>neutral</sentiment>
    <Opinions/>
    <text>@BahnAnsagen : &quot;Sehr verehrte Fahrgäste ab morgen ist der S-Bahn Tunnel gesperrt [...] Die Bahnen halten dann irgendwo außerhalb [...]&quot;</text>
  </Document>
  <Document id="712629880094113792">
    <relevance>true</relevance>
    <sentiment>negative</sentiment>
    <Opinions>
      <Opinion category="Lift#Availability" polarity="negative" from="26" to="32" target="Aufzug" category_de="Aufzug#Betrieb"/>
    </Opinions>
    <text>Ein echter Evergreen: Der Aufzug am Bhf West in #Gladbeck #Ruhrgebiet #NRW ist mal wieder defekt https://t.co/TrMCSS1U3e</text>
  </Document>
  <Document id="1037223437947863041">
    <relevance>true</relevance>
    <sentiment>negative</sentiment>
    <Opinions>
      <Opinion category="Escalator#Availability" polarity="negative" from="0" to="10" target="Rolltreppe" category_de="Rolltreppe#Betrieb"/>
    </Opinions>
    <text>Rolltreppe am S-Bahnhof Heimfeld nun seit Mai defekt. Termine für Ersatzteillieferungen immer wieder verlängert. Nun Ende September. Wann schafft es @SBahnHamburg, Ersatzteile zu beschaffen? Interessiert dies @BAHarburg und Politik? @spdhh @GRUENE_Harburg @CDU_Hamburg https://t.co/7YkD9n1n4o</text>
  </Document>
  <Document id="1034866910003912704">
    <relevance>true</relevance>
    <sentiment>negative</sentiment>
    <Opinions>
      <Opinion category="Lift#Availability" polarity="negative" from="86" to="93" target="Aufzugs" category_de="Aufzug#Betrieb"/>
    </Opinions>
    <text>Wenn's mal wieder länger dauert... Ihr wisst schon.  In Berlin kann die Planung eines Aufzugs 20 Jahre dauern #Berlin #ÖPNV https://t.co/ALSr9nE4e0</text>
  </Document>
  <Document id="627462949196668928">
    <relevance>true</relevance>
    <sentiment>neutral</sentiment>
    <Opinions/>
    <text>RT @moinlabs: @BahnAnsagen @Ohrentier Kölner Fußball ist erstklassig? Die Bahn ist halt gedanklich noch in den Siebzigern...</text>
  </Document>
  <Document id="649662655427399680">
    <relevance>true</relevance>
    <sentiment>negative</sentiment>
    <Opinions>
      <Opinion category="Lift#Availability" polarity="negative" from="42" to="48" target="Aufzug" category_de="Aufzug#Betrieb"/>
    </Opinions>
    <text>Infolge einer technischen Störung ist der Aufzug im Bahnhof Jüterbog Bstg. 2 zur Zeit gestört.</text>
  </Document>
  <Document id="774805470611644416">
    <relevance>true</relevance>
    <sentiment>positive</sentiment>
    <text>Dresden Hbf: Aufzug zu Bstg 17 has changed state from INACTIVE to ACTIVE</text>
    <Opinions>
      <Opinion category="Lift#Availability" from="13" to="19" target="Aufzug" polarity="positive" category_de="Aufzug#Betrieb"/>
    </Opinions>
  </Document>
  <Document id="1046705152281980929">
    <relevance>true</relevance>
    <sentiment>negative</sentiment>
    <Opinions>
      <Opinion category="Lift#Availability" polarity="negative" from="0" to="6" target="Aufzug" category_de="Aufzug#Betrieb"/>
    </Opinions>
    <text>Aufzug am Hauptbahnhof wird gesperrt https://t.co/8yasi16KXx</text>
  </Document>
  <Document id="1005672905890557957">
    <relevance>true</relevance>
    <sentiment>negative</sentiment>
    <Opinions>
      <Opinion category="Lift#Availability" polarity="negative" from="26" to="32" target="Aufzug" category_de="Aufzug#Betrieb"/>
    </Opinions>
    <text>@DB_Bahn S-Bhf Haar, beim Aufzug an der Südseite geht die Tür IM UG nur halb auf. Wird wohl nicht lange dauern, bis wie schon öfters die Feuerwehr anrücken muss um Leute rauszuholen</text>
  </Document>
  <Document id="935887531656261634">
    <relevance>true</relevance>
    <sentiment>neutral</sentiment>
    <Opinions/>
    <text>Weil mir langweilig war hab ich die Weihnachtsbeleuchtung rausgekramt. Ein internationaler Flughafen ist nix dagegen!   Boeing 777 preisgünstig abzugeben. Gerne RT</text>
  </Document>
  <Document id="704633361004892160">
    <relevance>true</relevance>
    <sentiment>negative</sentiment>
    <Opinions>
      <Opinion category="Lift#Availability" polarity="negative" from="44" to="50" target="Aufzug" category_de="Aufzug#Betrieb"/>
    </Opinions>
    <text>Infolge einer technischer Störungen ist der Aufzug im Bahnhof Luckenwalde Bahnsteig 4 defekt.</text>
  </Document>
  <Document id="1085207337621770241">
    <relevance>false</relevance>
    <sentiment>neutral</sentiment>
    <Opinions/>
    <text>RT @PolizeiOFR: Beim Zurückbauen eines Krans von einer Baustelle in #Forchheim kippte dieser auf ein benachbartes Wohnhaus. Glücklicherweis…</text>
  </Document>
  <Document id="798823354761232384">
    <relevance>true</relevance>
    <sentiment>negative</sentiment>
    <Opinions>
      <Opinion category="InfoDisplay#Avaiability" polarity="negative" from="63" to="75" target="Anzeigetafel" category_de="Infoanzeige#Betrieb"/>
    </Opinions>
    <text>@SBahnBerlin wäre es möglich, dass der S #Friedenau  eine neue Anzeigetafel an Gleis 1 bekommt? Seit 4 Wochen ist die defekt.</text>
  </Document>
  <Document id="676813420826640384">
    <relevance>true</relevance>
    <sentiment>neutral</sentiment>
    <Opinions/>
    <text>Frau blockiert die komplette Rolltreppe, lässt mich auch auf Nachfrage nicht vorbei und ich verpasse die Bahn. Ohne fucking Worte.</text>
  </Document>
  <Document id="655694443895508993">
    <relevance>true</relevance>
    <sentiment>neutral</sentiment>
    <Opinions/>
    <text>@BlindeBotschaft bin in messe deutz also gleich am hbf wo bist du</text>
  </Document>
  <Document id="629599191942213632">
    <relevance>false</relevance>
    <sentiment>neutral</sentiment>
    <Opinions/>
    <text>Spatzen vermeiden Kampfansage - Holger Betz bleibt die Nummer eins http://t.co/CcMjBffHts</text>
  </Document>
  <Document id="643835514454417408">
    <relevance>true</relevance>
    <sentiment>neutral</sentiment>
    <Opinions/>
    <text>Verehrte Fahrgäste, aktuell haben wir 8 min Verspätung wegen Überholung durch einen sehr wichtigen Güterzug #Bahn #Ansage</text>
  </Document>
  <Document id="1005897921668304899">
    <relevance>true</relevance>
    <sentiment>neutral</sentiment>
    <Opinions/>
    <text>Hab innerhalb einer Woche jetzt schon 3x mitbekommen, dass es #Landungsbrücken auf der Rolltreppe von der S- zur U-Bahn zwischen sich zuvor fremden Männer zu Stress kam. Wegen Anrempeln oder was auch immer.  Weiß da jemand Genaueres?</text>
  </Document>
  <Document id="614333804854026240">
    <relevance>true</relevance>
    <sentiment>neutral</sentiment>
    <Opinions/>
    <text>&quot;Bitte lassen Sie aussteigen, bevor sie einsteigen&quot; muss man auch nur an der Stuttgarter U-Bahn durchsagen.</text>
  </Document>
  <Document id="614735346690052096">
    <relevance>true</relevance>
    <sentiment>neutral</sentiment>
    <Opinions/>
    <text>@DB_Bahn In diesem Moment kommt die durchsage, dass der Zug aufgrund der großen Verspätung in Duisburg endet. Wie komme ich nun zur Arbeit?</text>
  </Document>
  <Document id="777558978326855681">
    <relevance>true</relevance>
    <sentiment>negative</sentiment>
    <Opinions>
      <Opinion category="Lighting#Availability" polarity="negative" from="31" to="51" target="Bahnsteigbeleuchtung" category_de="Beleuchtung#Betrieb"/>
    </Opinions>
    <text>@DB_Bahn in Gröbenzell ist die Bahnsteigbeleuchtung defekt oder schaltet viel zu spät ein</text>
  </Document>
  <Document id="663778853588865024">
    <relevance>false</relevance>
    <sentiment>neutral</sentiment>
    <Opinions/>
    <text>Nach den Wahlen in #Burma feiert die Opposition. Doch so schnell scheint das Militär nicht aufzugeben. https://t.co/NDyuSbYxPz</text>
  </Document>
  <Document id="621938794233757696">
    <relevance>true</relevance>
    <sentiment>neutral</sentiment>
    <Opinions/>
    <text>#S-Bahn-Chaos S 45 kommt, alle steigen ein, nach fünf Minuten Ansage: Zug fährt zurück nach Schönefeld. Alle wieder raus.</text>
  </Document>
  <Document id="677775596852789248">
    <relevance>true</relevance>
    <sentiment>neutral</sentiment>
    <Opinions/>
    <text>wäre ja für installation einer fußgängerampel am neumarkt. weiß nie, wann bahn losfährt. fahrer bimmelt kurz &amp; fährt sofort los. @KVB_Info</text>
  </Document>
  <Document id="882945938368712705">
    <relevance>true</relevance>
    <sentiment>positive</sentiment>
    <Opinions>
      <Opinion category="Lighting#Availability" polarity="positive" from="79" to="90" target="Beleuchtung" category_de="Beleuchtung#Betrieb"/>
    </Opinions>
    <text>Okay Stromausfall in Neuss. Deswegen hat die Bahn auch keinen Strom (außer die Beleuchtung)</text>
  </Document>
  <Document id="711115812321501185">
    <relevance>true</relevance>
    <sentiment>neutral</sentiment>
    <Opinions/>
    <text>Links gehts zu den Gl. 1 &amp; 2 sowie zur S-Bahn via Aufzug, rechts zu den Gl. 1 &amp; 2 @icke2AIDA @matschlegel @DB_Bahn https://t.co/uqsJZlJzdM</text>
  </Document>
  <Document id="630316389665013760">
    <relevance>true</relevance>
    <sentiment>neutral</sentiment>
    <Opinions/>
    <text>&quot;Bitte alle aussteigen, die Türen sind kaputt!&quot; (@tcnokid) #Bahn #Ansage</text>
  </Document>
  <Document id="637323598047379457">
    <relevance>false</relevance>
    <sentiment>neutral</sentiment>
    <Opinions/>
    <text>@_CookieBar Manchmal dauert eine Fahrt bei uns länger als geplant, aber im Aufzug sollte das wirklich nicht passiert.</text>
  </Document>
  <Document id="771571684327329793">
    <relevance>true</relevance>
    <sentiment>negative</sentiment>
    <Opinions>
      <Opinion category="Lift#Availability" polarity="negative" from="32" to="38" target="Aufzug" category_de="Aufzug#Betrieb"/>
    </Opinions>
    <text>Seit Do. 1.9. um 19:03 ist der #Aufzug von S-Bahnstation Stgt Hbf (tief) zum Hbf oben außer Betrieb #SBahnStgt #VVS https://t.co/QASuD312Bx</text>
  </Document>
  <Document id="602029948161888257">
    <relevance>true</relevance>
    <sentiment>neutral</sentiment>
    <Opinions/>
    <text>@74tomj Fundservice im Bahnhof. 1.Stock (Stadt-Ebene) beim SBB Reisezentrum. Treffpunkt, hinter Anzeigetafel Rolltreppe hoch. Danke dir./kh</text>
  </Document>
  <Document id="762591552891912192">
    <relevance>true</relevance>
    <sentiment>positive</sentiment>
    <text>Zwickau (Sachs) Hbf: Aufzug zu Bstg 5/6 has changed state from INACTIVE to ACTIVE</text>
    <Opinions>
      <Opinion category="Lift#Availability" from="21" to="27" target="Aufzug" polarity="positive" category_de="Aufzug#Betrieb"/>
    </Opinions>
  </Document>
  <Document id="1004423050295726080">
    <relevance>true</relevance>
    <sentiment>negative</sentiment>
    <Opinions>
      <Opinion category="Lift#Availability" polarity="negative" from="40" to="47" target="Aufzüge" category_de="Aufzug#Betrieb"/>
    </Opinions>
    <text>@DB_Bahn @freiburg @Gruene_Freiburg Die Aufzüge stehen aber die meiste Zeit still, das Verbot macht aus meiner Sicht keinen Sinn. Im 🚲-Abteil appelliert die Bahn auch an die Vernunft der Reisenden, wieso nicht auch beim Aufzug? Oder einfach Schienen an den Treppen installieren, wie an Teilen des Bahnhofs bereits</text>
  </Document>
  <Document id="1356703348091719687">
    <relevance>false</relevance>
    <sentiment>neutral</sentiment>
    <Opinions/>
    <text>Ich ruf den Aufzug, bring mich rauf Zug.</text>
  </Document>
  <Document id="603857033264275456">
    <relevance>true</relevance>
    <sentiment>neutral</sentiment>
    <Opinions/>
    <text>&quot;Auf dem Streckenabschnitt vor uns werkelt unser Maulwurf, außerdem kommt uns ein Zug entgegen.&quot; (@couchtalknet) #Bahn #Ansage</text>
  </Document>
  <Document id="690069842452463617">
    <relevance>false</relevance>
    <sentiment>neutral</sentiment>
    <Opinions/>
    <text>#verkehr Stadtverkehr: Frankenschnellweg: Fürth - Nürnberg - STAU zwischen Nürnberg-Westring und An den Rampen</text>
  </Document>
  <Document id="1085125614275911681">
    <relevance>false</relevance>
    <sentiment>neutral</sentiment>
    <Opinions/>
    <text>RT @thomas_dettling: ■ Heute besichtigen die Projektleiter und ChangeMgr unseres #SCE Change-Projekts die Baustelle [500 Mio € Investition]…</text>
  </Document>
  <Document id="733133839573393409">
    <relevance>true</relevance>
    <sentiment>negative</sentiment>
    <Opinions>
      <Opinion category="Lift#Availability" polarity="negative" from="42" to="48" target="Aufzug" category_de="Aufzug#Betrieb"/>
    </Opinions>
    <text>Infolge einer technischen Störung ist der Aufzug im Bahnhof Berlin Lichterfelde Ost zum Gleis 4 gestört. #T2</text>
  </Document>
  <Document id="1007264369334513665">
    <relevance>true</relevance>
    <sentiment>negative</sentiment>
    <Opinions>
      <Opinion category="BarrierOthers#Main" polarity="negative" from="77" to="134" target="Rollstuhlfahrer absprechen die 1. Klasse nutzen zu wollen" category_de="Sonstiges_Barriere#Haupt"/>
    </Opinions>
    <text>@Fireball79 was nur beweist, dass diese offenbar nie Bahn fahren. oder einem Rollstuhlfahrer absprechen die 1. Klasse nutzen zu wollen.</text>
  </Document>
  <Document id="614112798210170880">
    <relevance>true</relevance>
    <sentiment>neutral</sentiment>
    <Opinions/>
    <text>Gottverdammt. Können sie ihre blöden U-Bahn Durchsagen bitte nicht alle 4 min. In mein Ohr schreien. Danke</text>
  </Document>
  <Document id="1024201089288155138">
    <relevance>true</relevance>
    <sentiment>neutral</sentiment>
    <Opinions/>
    <text>@BVG_Kampagne Um die Sicherheit ging es nicht, der Rollstuhlfahrer hat ja angeboten, statt der jungen Frau auszusteigen.  Bleibt also nur noch der inakzeptable Umgang des Busfahrers mit seinen Kunden. https://t.co/ArTD1HgPzW</text>
  </Document>
  <Document id="660110290172952576">
    <relevance>false</relevance>
    <sentiment>neutral</sentiment>
    <Opinions/>
    <text>Linien 15 und 16 wegen Vollsperrung der #A43 mit zum Teil erheblicher Verspätung laut Anzeigetafeln der @stadtwerke_ms #msverkehr</text>
  </Document>
  <Document id="1367224023139180544">
    <relevance>false</relevance>
    <sentiment>neutral</sentiment>
    <Opinions/>
    <text>Ich bin so Deutsch, ich mache einen Schulterblick bevor ich auf der Rolltreppe zum überholen nach links ausschere</text>
  </Document>
  <Document id="946048390810558466">
    <relevance>true</relevance>
    <sentiment>negative</sentiment>
    <Opinions>
      <Opinion category="Lift#Availability" polarity="negative" from="184" to="190" target="Aufzug" category_de="Aufzug#Betrieb"/>
      <Opinion category="Escalator#Availability" polarity="negative" from="196" to="206" target="Rolltreppe" category_de="Rolltreppe#Betrieb"/>
    </Opinions>
    <text>@DB_Info  Ich denke, es wäre nicht zuviel verlangt, Reisende rechtzeitig (!) über den Bahnsteigwechsel zu informieren, es gibt auch Gehbehinderte, die lange Zeit brauchen, zumal weder Aufzug noch Rolltreppe noch funktionierendes Koffertransportband vorhanden #Ulm 😤😤😠 #DB</text>
  </Document>
  <Document id="1026210473694388224">
    <relevance>true</relevance>
    <sentiment>neutral</sentiment>
    <Opinions/>
    <text>@TheBug0815 @czossi @TanteJay @piratenschlumpf Das Hauptgebäude des Flughafen Berlin Brandenburg .@fbb_corporate wird mit Beton ausgegossen um als Bodenanker für den Weltraumbahnhof genutzt werden können zu sollen 🤫 #piraten #weltraumaufzug  https://t.co/ClNIxszUqE</text>
  </Document>
  <Document id="661665357531324417">
    <relevance>true</relevance>
    <sentiment>negative</sentiment>
    <Opinions>
      <Opinion category="Escalator#Availability" polarity="negative" from="43" to="54" target="Rolltreppen" category_de="Rolltreppe#Betrieb"/>
    </Opinions>
    <text>Hallo Bahn: warten.Um die Skrillex kaputte Rolltreppen hochlaufen: Nope.</text>
  </Document>
  <Document id="985604092306305024">
    <relevance>true</relevance>
    <sentiment>neutral</sentiment>
    <Opinions/>
    <text>RT @BSchmeitzner: Das ist meta. Steige aus dem Zug aus, Berlin Hbf. Sehe an der Rolltreppe nach oben #WimWenders, wie er die Werbung für di…</text>
  </Document>
  <Document id="627487737889849344">
    <relevance>true</relevance>
    <sentiment>neutral</sentiment>
    <Opinions/>
    <text>Aber englische Ansagen machen, für die willkommenen nicht-deutschen Reisenden. @bahn #alltagsrassismus</text>
  </Document>
  <Document id="720230300396036096">
    <relevance>true</relevance>
    <sentiment>negative</sentiment>
    <Opinions>
      <Opinion category="Lift#Availability" polarity="negative" from="57" to="63" target="Aufzug" category_de="Aufzug#Betrieb"/>
    </Opinions>
    <text>17.04.2016 » U1, U2, U3, U8 » Trennung wegen Arbeiten am Aufzug in der Station “Schweizer Platz” https://t.co/EAw6wwJCrD</text>
  </Document>
  <Document id="811949278713278464">
    <relevance>true</relevance>
    <sentiment>neutral</sentiment>
    <Opinions/>
    <text>Wir sind hier in Bayern, wir haben hier Geld für Weihnachtsdeko- und beleuchtung in der Bahn 🎑</text>
  </Document>
  <Document id="1009713593938571265">
    <relevance>false</relevance>
    <sentiment>neutral</sentiment>
    <Opinions/>
    <text>@faznet Der östlichste Vorort von Amiland lädt zur Kutschfahrt ein. Halt den Entenschwanz fest, Trampel...</text>
  </Document>
  <Document id="1366491702555475969">
    <relevance>true</relevance>
    <sentiment>negative</sentiment>
    <Opinions>
      <Opinion category="InfoDisplay#BarrierOthers" polarity="negative" from="104" to="116" target="ANZEIGETAFEL" category_de="Infoanzeige#Sonstiges_Barriere"/>
    </Opinions>
    <text>DIGGGAAAA DA STEHT BAHN KOMMT IN 5MIN ICH WARTE 5 MIN UND DIE FUCKING BAHN VERSCHWINDET EINFWCH AUF DER ANZEIGETAFEL UND KOMMT NICHT WTFFF JUNGE</text>
  </Document>
  <Document id="1085108771205074944">
    <relevance>false</relevance>
    <sentiment>neutral</sentiment>
    <Opinions/>
    <text>An der Straßenbahnbaustelle auf der Luxemburger Straße hat eine Ersatz-Ampel eingerichtet, die bisher funktioniert hat. Seit ca. 10 bis 15 Minuten zeigt sie aber Dauerrot und auf der Luxemburger ist Megastau und Hupkonzert.</text>
  </Document>
  <Document id="925365371888128000">
    <relevance>true</relevance>
    <sentiment>negative</sentiment>
    <Opinions>
      <Opinion category="Ramp#Availability" polarity="negative" from="84" to="89" target="Rampe" category_de="Rampe#Betrieb"/>
    </Opinions>
    <text>@Munterbunt @fdp Was vergleichen Sie? Versuchen Sie mal, in Stockholm einen Bus mit Rampe zu finden oder in Paris U-Bahn zu fahren. Da ist D weiter.</text>
  </Document>
  <Document id="739693194284281856">
    <relevance>true</relevance>
    <sentiment>positive</sentiment>
    <Opinions>
      <Opinion category="SpaceMobilityGroups#Main" polarity="positive" from="25" to="34" target="Sitzplatz" category_de="Platzangebot#Haupt"/>
      <Opinion category="Escalator#Availability" polarity="positive" from="54" to="65" target="Rolltreppen" category_de="Rolltreppe#Betrieb"/>
    </Opinions>
    <text>Strahlend blauer Himmel, Sitzplatz in der SBahn, alle Rolltreppen funktionieren. Der Tag fängt viel zu gut an!</text>
  </Document>
  <Document id="1357061507884978180">
    <relevance>false</relevance>
    <sentiment>neutral</sentiment>
    <Opinions/>
    <text>Makler: &quot;Die Wohnung ist im 2.Stock und hat keinen Aufzug.&quot;  Endo: &quot;Egal.&quot;</text>
  </Document>
  <Document id="727166393624449024">
    <relevance>true</relevance>
    <sentiment>negative</sentiment>
    <Opinions>
      <Opinion category="Escalator#Availability" polarity="negative" from="56" to="66" target="Rolltreppe" category_de="Rolltreppe#Betrieb"/>
    </Opinions>
    <text>@DB_Bahn Montag, Berlin-Jungfernheide, Regio-Bahnsteig: Rolltreppe schon wieder &quot;out of order&quot;...hat ja auch mal drei Tage funktioniert 🙄 /2</text>
  </Document>
  <Document id="647498515476840448">
    <relevance>true</relevance>
    <sentiment>neutral</sentiment>
    <Opinions/>
    <text>Rolltreppen am Flughafen sind das Beste http://t.co/vroEw1fbjT</text>
  </Document>
  <Document id="990909360267235328">
    <relevance>true</relevance>
    <sentiment>neutral</sentiment>
    <Opinions/>
    <text>@Gelbkopfamazone &quot;Wir vermuten, dass sich die Bahn beim Zugang zur Siemensstraße inklusive dem dort notwendigen Gehweg bzw. einer Fußgängerampel verplant hat und jetzt diese erbärmlich schlechte Wegführung realisiert, um nicht noch weiter in Zeitverzug zu geraten.&quot; #S21</text>
  </Document>
  <Document id="1373704629750484994">
    <relevance>false</relevance>
    <sentiment>neutral</sentiment>
    <Opinions/>
    <text>@janboehm Wer mit @janboehm im Aufzug nach oben fährt, fährt mit ihm auch wieder nach unten.</text>
  </Document>
  <Document id="826690057335619588">
    <relevance>true</relevance>
    <sentiment>neutral</sentiment>
    <Opinions/>
    <text>Trampelmenschen filigranieren durch die Bahn wie Pusteblumen aus Giftbeton.</text>
  </Document>
  <Document id="1368999714650267648">
    <relevance>true</relevance>
    <sentiment>negative</sentiment>
    <Opinions>
      <Opinion category="InfoDisplay#BarrierOthers" polarity="negative" from="59" to="71" target="Anzeigetafel" category_de="Infoanzeige#Sonstiges_Barriere"/>
      <Opinion category="Info#Barrier_Others" polarity="negative" from="123" to="129" target="DB App" category_de="Info_Sonstiges#Sonstiges_Barriere"/>
      <Opinion category="InfoDisplay#BarrierOthers" polarity="negative" from="239" to="251" target="Anzeigetafel" category_de="Infoanzeige#Sonstiges_Barriere"/>
      <Opinion category="InfoDisplay#BarrierOthers" polarity="negative" from="264" to="270" target="DB App" category_de="Infoanzeige#Sonstiges_Barriere"/>
    </Opinions>
    <text>@siluxius Ich bin heute in einem Zug mitgefahren, der laut Anzeigetafel im Bahnhof gar nicht hätte halten sollen (laut der DB App aber schon, das Gleis wurde nur nicht angezeigt)   Und bei der Rückfahrt stand ne andere Abfahrtszeit an der Anzeigetafel, als in der DB App</text>
  </Document>
  <Document id="629244693243629568">
    <relevance>false</relevance>
    <sentiment>neutral</sentiment>
    <Opinions/>
    <text>@SZ Wisst ihr, warum die Rate bei Senioren so niedrig wird? Weil die v sich aus einfach nicht mehr fahren. Ihr zählt meinen blinden Opa mit.</text>
  </Document>
  <Document id="630643215352381441">
    <relevance>false</relevance>
    <sentiment>neutral</sentiment>
    <Opinions/>
    <text>Stau-Ansagen ab jetzt bitte immer so @1LIVE Ist der Montag gleich ein bisschen weniger schlimm</text>
  </Document>
  <Document id="624130481097961472">
    <relevance>true</relevance>
    <sentiment>neutral</sentiment>
    <Opinions/>
    <text>@feedmeupb4ugogo und in der U-Bahn. Und auf der Rolltreppe. Und überhaupt.</text>
  </Document>
  <Document id="611580326905782272">
    <relevance>true</relevance>
    <sentiment>neutral</sentiment>
    <Opinions/>
    <text>RT @berlineranja: @SBahnBerlin Liebe S-Bahn. Unsere Touris würden Ansagen den Flughafen betreffend gerne auch englisch hören oder lesen... …</text>
  </Document>
  <Document id="677441565317574656">
    <relevance>true</relevance>
    <sentiment>negative</sentiment>
    <Opinions>
      <Opinion category="Lift#Availability" polarity="negative" from="17" to="23" target="Aufzug" category_de="Aufzug#Betrieb"/>
    </Opinions>
    <text>#infotweet: Der #Aufzug zu #Gleis 7/8 im Hbf #Bochum, ist #defekt.</text>
  </Document>
  <Document id="731087807251382272">
    <relevance>true</relevance>
    <sentiment>negative</sentiment>
    <Opinions>
      <Opinion category="Escalator#Availability" polarity="negative" from="0" to="10" target="Rolltreppe" category_de="Rolltreppe#Betrieb"/>
    </Opinions>
    <text>Rolltreppe am Bahnhof ist kaputt. Sieht so aus als ob ich es heute nicht zur Arbeit schaffe.</text>
  </Document>
  <Document id="697388533867216896">
    <relevance>true</relevance>
    <sentiment>positive</sentiment>
    <text>Rostock Hbf: Aufzug zwischen Gleis 1/2 (Erdgeschoss) und 1.Untergeschoss und 2.Untergeschoss has changed state from INACTIVE to ACTIVE</text>
    <Opinions>
      <Opinion category="Lift#Availability" from="13" to="19" target="Aufzug" polarity="positive" category_de="Aufzug#Betrieb"/>
    </Opinions>
  </Document>
  <Document id="618860559283396609">
    <relevance>false</relevance>
    <sentiment>neutral</sentiment>
    <Opinions/>
    <text>Bauarbeiten am frühen morgen, Eingeschlossen im Aufzug und Referat vorbereiten...was für nen scheiß tag https://t.co/EioV1NmKY5</text>
  </Document>
  <Document id="605873508480991233">
    <relevance>true</relevance>
    <sentiment>positive</sentiment>
    <Opinions>
      <Opinion category="GeneralBarrier#Main" polarity="positive" from="69" to="85" target="Rollstuhlgerecht" category_de="Allgemein_Barriere#Haupt"/>
    </Opinions>
    <text>@bahajos @db_bahn Der Bahnhof ist eine einzige große Rampe. Immerhin Rollstuhlgerecht</text>
  </Document>
  <Document id="1034013470830862336">
    <relevance>true</relevance>
    <sentiment>negative</sentiment>
    <Opinions>
      <Opinion category="Lift#Availability" polarity="negative" from="99" to="105" target="Aufzug" category_de="Aufzug#Betrieb"/>
    </Opinions>
    <text>RT @evanvosberg: Das muss man sich mal vorstellen da will die Bahn in den nächsten 4 Jahren keinen Aufzug in der Yorckstraße bauen weil &gt; e…</text>
  </Document>
  <Document id="640177556784828418">
    <relevance>false</relevance>
    <sentiment>neutral</sentiment>
    <Opinions/>
    <text>Der Aufzug ist problemlos verlaufen. Twitter verabschiedet sich von der Veranstaltung.</text>
  </Document>
  <Document id="688415878283681792">
    <relevance>true</relevance>
    <sentiment>neutral</sentiment>
    <Opinions/>
    <text>@ronaldlaessig @felicitas131 richtig so, mir wird ja schon bange wenn die in dem Aufzug auf den Bahnhof marschieren + ich mittendrin</text>
  </Document>
  <Document id="810440026068807680">
    <relevance>true</relevance>
    <sentiment>neutral</sentiment>
    <Opinions/>
    <text>RT @TrampelFee: Am Bahnhof stehen mit einem großen Caramel Macchiato in der Hand und Depeche Mode auf den Ohren. Ein schöner Start für eine…</text>
  </Document>
  <Document id="1361934742472581120">
    <relevance>false</relevance>
    <sentiment>neutral</sentiment>
    <Opinions/>
    <text>#WSWHaltestelle, #WSW_Linie628 Ab dem 17.02.21, 07:51 wird die Haltestelle Hamburger Treppe in Richtung Hamburger Treppewegen einer Baustelle um 70 Meter entgegen der Fahrtrichtung  verlegt.  17.02.21 08:05</text>
  </Document>
  <Document id="1369164462884786177">
    <relevance>false</relevance>
    <sentiment>neutral</sentiment>
    <Opinions/>
    <text>Der scheiss aufzug ist grade auf der hälfte kurz angehalten ich glaube ich hätte nicht mal den not knopf gedrückt einfach an ort und stelle gepennt mal schauen was passiert</text>
  </Document>
  <Document id="712592647236390913">
    <relevance>true</relevance>
    <sentiment>positive</sentiment>
    <Opinions>
      <Opinion category="Escalator#Availability" polarity="positive" from="77" to="88" target="Rolltreppen" category_de="Rolltreppe#Betrieb"/>
    </Opinions>
    <text>Ab nächster Woche Dienstag bekommt der Bahnhof an der Aktienstraße zwei neue Rolltreppen. https://t.co/iPwDib0Wlk</text>
  </Document>
  <Document id="1366459784065597452">
    <relevance>false</relevance>
    <sentiment>neutral</sentiment>
    <Opinions/>
    <text>militante radfahrer und leute die nie eine rolltreppe benutzen gleiche menschen oder</text>
  </Document>
  <Document id="1040115102089920512">
    <relevance>true</relevance>
    <sentiment>neutral</sentiment>
    <Opinions/>
    <text>@MrGrinsekatz Auf dem weg zur S Bahn ist das bei mir auch so. 2 Obdachlose, einer pennt unter der S Bahn Brücke neben dem Aufzug, und da stinkt es auch immer weil die da hinpissen   Was für ein Beruf oder so aus mir wird steht nicht fest, aber es steht fest das ich net so ein hinpisser werde</text>
  </Document>
  <Document id="689693192174899200">
    <relevance>true</relevance>
    <sentiment>negative</sentiment>
    <Opinions>
      <Opinion category="InfoDisplay#BarrierOthers" polarity="negative" from="36" to="48" target="Anzeigetafel" category_de="Infoanzeige#Sonstiges_Barriere"/>
    </Opinions>
    <text>@BVG_Ubahn Jannowitzbrücke geht die Anzeigetafel der Ubahn wenn man von der SBahn kommt sehr ungenau. Also 4 min vor.</text>
  </Document>
  <Document id="673763370491744256">
    <relevance>false</relevance>
    <sentiment>neutral</sentiment>
    <Opinions/>
    <text>U and me. The way we roll. #ubahn #metro #rolltreppe #muc #munich #münchen #odeonsplatz #nofilter… https://t.co/fVkHJD8oLQ</text>
  </Document>
  <Document id="983063814605344768">
    <relevance>false</relevance>
    <sentiment>neutral</sentiment>
    <Opinions/>
    <text>@RampeRampensen Aber höchste Eisenbahn</text>
  </Document>
  <Document id="1372265455272988682">
    <relevance>true</relevance>
    <sentiment>negative</sentiment>
    <Opinions>
      <Opinion category="Lift#Tidiness" polarity="negative" from="91" to="97" target="Aufzug" category_de="Aufzug#Atmosphaere"/>
    </Opinions>
    <text>@oettingerpapi Erste Schritt Oxys drei Schritte weiter vollgepisst mit Blech in nem U-Bahn Aufzug 🤷‍♂️ einfach nicht machen gibt ungefährlichere Sachen um sich einen reinzuknüllern</text>
  </Document>
  <Document id="800029158030110720">
    <relevance>true</relevance>
    <sentiment>neutral</sentiment>
    <Opinions/>
    <text>Die Weihnachtsbeleuchtung geht schon mal. @ München Hauptbahnhof https://t.co/EAIArJyvfi</text>
  </Document>
  <Document id="697298967986573312">
    <relevance>true</relevance>
    <sentiment>neutral</sentiment>
    <Opinions>
      <Opinion category="Lift#Availability" polarity="negative" from="23" to="29" target="Aufzug" category_de="Aufzug#Betrieb"/>
      <Opinion category="Lift#Availability" polarity="positive" from="96" to="102" target="Aufzug" category_de="Aufzug#Betrieb"/>
    </Opinions>
    <text>In Rostock Hbf ist der Aufzug C1 zu den Bahnsteigen 3-7 zur defekt. Es gibt aber einen weiteren Aufzug, der funktioniert sogar :P  #T2</text>
  </Document>
  <Document id="711964078571323393">
    <relevance>true</relevance>
    <sentiment>negative</sentiment>
    <Opinions>
      <Opinion category="Escalator#Availability" polarity="negative" from="17" to="28" target="Rolltreppen" category_de="Rolltreppe#Betrieb"/>
    </Opinions>
    <text>Wiederholt ewige Rolltreppen Reparatur Bhf Potsdam. Als ob Rolltreppe neu erfunden werden muss. @DB_Info @DB_Bahn</text>
  </Document>
  <Document id="819930646583869441">
    <relevance>true</relevance>
    <sentiment>negative</sentiment>
    <Opinions>
      <Opinion category="Lighting#Availability" polarity="negative" from="76" to="96" target="Bahnsteigbeleuchtung" category_de="Beleuchtung#Betrieb"/>
    </Opinions>
    <text>RT @SBahnBerlin: Bitte am Bahnhof #Tiergarten vorsichtig sein! Dort ist die Bahnsteigbeleuchtung ausgefallen</text>
  </Document>
  <Document id="1015976244586926081">
    <relevance>true</relevance>
    <sentiment>neutral</sentiment>
    <Opinions/>
    <text>@TrampelFee Der betet bestimmt dafür, dass der Zug an seiner Station hält. Is ja nicht so selbstverständlich bei der Bahn. 😅</text>
  </Document>
  <Document id="1011271690041614336">
    <relevance>true</relevance>
    <sentiment>negative</sentiment>
    <Opinions>
      <Opinion category="Escalator#Availability" polarity="negative" from="30" to="40" target="Rolltreppe" category_de="Rolltreppe#Betrieb"/>
    </Opinions>
    <text>@BVG_Ubahn wisst ihr wann die Rolltreppe am Hermannplatz von der U7 zur U8 repariert ist? Das Schild sagt bis April 2018 😉</text>
  </Document>
  <Document id="613612322670686208">
    <relevance>true</relevance>
    <sentiment>negative</sentiment>
    <Opinions>
      <Opinion category="InfoAcoustic#Availability" polarity="negative" from="103" to="112" target="durchsage" category_de="Infodurchsage#Betrieb"/>
    </Opinions>
    <text>@streckenagent_M @DB_Bahn was is da in münchen los? Die s1 soll seit 10 minuten in 1 er da sein. Keine durchsage kein Info, nix?</text>
  </Document>
  <Document id="1026543468003225601">
    <relevance>true</relevance>
    <sentiment>neutral</sentiment>
    <Opinions/>
    <text>Der Flughafen von Split in Kroatien. Eine Britin möchte zusammen mit ihrem zehnjährigen behinderten Sohn heimwärts fliegen. Doch beim Boarding erfahren Mutter und der im Rollstuhl sitzende Junge ungeheuerliches: Er soll vor dem Flug seine Behinderung... https://t.co/0pOaXEoZnY</text>
  </Document>
  <Document id="675269549030113281">
    <relevance>false</relevance>
    <sentiment>neutral</sentiment>
    <Opinions/>
    <text>Neue Anzeigetafeln an den Straßen Richtung Breiholzer Fähre informieren über Ausfälle und Verspätungen https://t.co/T5s8993UEQ</text>
  </Document>
  <Document id="759516763008761856">
    <relevance>true</relevance>
    <sentiment>neutral</sentiment>
    <Opinions/>
    <text>@Pflaeumchen69 Hier ohne rauszufahren keine Chance.. Also vielleicht ein paar Sterne aber nicht mehr.Drecks Beleuchtung vom Bhf @AmelieHelen</text>
  </Document>
  <Document id="692023324193464321">
    <relevance>false</relevance>
    <sentiment>neutral</sentiment>
    <Opinions/>
    <text>nicht strafmuendig aber Ausschaffen heute mit Sippe! Diebische Kinder beim &quot;Rolltreppentrick&quot; erwischt https://t.co/SuaMbYqeVJ</text>
  </Document>
  <Document id="704243346638827520">
    <relevance>true</relevance>
    <sentiment>negative</sentiment>
    <Opinions>
      <Opinion category="Lift#Availability" polarity="negative" from="14" to="20" target="Aufzug" category_de="Aufzug#Betrieb"/>
    </Opinions>
    <text>Nürnberg Hbf, Aufzug zu Gleis 22/23 ist defekt. (10:53)</text>
  </Document>
  <Document id="1010189568107261952">
    <relevance>true</relevance>
    <sentiment>negative</sentiment>
    <Opinions>
      <Opinion category="Escalator#Availability" polarity="negative" from="160" to="171" target="Rolltreppen" category_de="Rolltreppe#Betrieb"/>
      <Opinion category="Lift#Availability" polarity="negative" from="210" to="216" target="Aufzug" category_de="Aufzug#Betrieb"/>
    </Opinions>
    <text>@RMVdialog @DB_Bahn an der Haltestelle Taunusanlage wurde vor wenigen Jahren mit Tamtam und Trara und monatelangen Sperrungen alles umgebaut.  Vor allem massiv Rolltreppen entfernt.  Jetzt ist seit MONATEN der Aufzug defekt und es passiert nichts.</text>
  </Document>
  <Document id="1029978591289851904">
    <relevance>true</relevance>
    <sentiment>negative</sentiment>
    <Opinions>
      <Opinion category="Lift#Availability" polarity="negative" from="36" to="42" target="Aufzug" category_de="Aufzug#Betrieb"/>
    </Opinions>
    <text>@KVBAG Wann wird eigentlich mal der Aufzug am Dom/Hbf zu Gleis 2 der Stadtbahn (Linie 16 und 18) repariert?</text>
  </Document>
  <Document id="644389930886668288">
    <relevance>true</relevance>
    <sentiment>neutral</sentiment>
    <Opinions/>
    <text>&quot;Unsere Weiterfahrt verzögert sich noch ein wenig, da vor uns ein anderer Zug schleicht&quot; #nordbahn #ansage #bahn</text>
  </Document>
  <Document id="810809213685563392">
    <relevance>false</relevance>
    <sentiment>neutral</sentiment>
    <Opinions/>
    <text>@MonikaHerrmann1 Fahrplan ist Fundi, Anzeigetafel ist Realo.</text>
  </Document>
  <Document id="672819707792203776">
    <relevance>true</relevance>
    <sentiment>negative</sentiment>
    <Opinions>
      <Opinion category="Lighting#Availability" polarity="negative" from="19" to="30" target="Beleuchtung" category_de="Beleuchtung#Betrieb"/>
    </Opinions>
    <text>@DB_Bahn Eine? Die Beleuchtung direkt an den Bahnsteigen ist komplett aus! Nur an der Hallendecke sind ein paar Funzeln.</text>
  </Document>
  <Document id="674823638286254080">
    <relevance>false</relevance>
    <sentiment>neutral</sentiment>
    <Opinions/>
    <text>Verkehrsunfall #A73 zwischen #Jansenbrücke und #AndenRampen. Diesel läuft aus! #Nürnberg</text>
  </Document>
  <Document id="1371567948876382208">
    <relevance>true</relevance>
    <sentiment>neutral</sentiment>
    <Opinions/>
    <text>Die @BVG_Kampagne hätte jetzt wenigstens zum Trollrappen auf den Rolltreppen aufgerufen. Aber dann vielleicht zum 130.?</text>
  </Document>
  <Document id="748256603472793602">
    <relevance>true</relevance>
    <sentiment>neutral</sentiment>
    <Opinions/>
    <text>gut, dass die anzeigetafel am bahnhof in #erkrath die bussteige anzeigt. die übersieht man sonst. https://t.co/rsHehTHuhp #rheinbahn #fb</text>
  </Document>
  <Document id="1053617091847356420">
    <relevance>true</relevance>
    <sentiment>negative</sentiment>
    <Opinions>
      <Opinion category="Lift#Availability" polarity="negative" from="20" to="35" target="Aufzugstörungen" category_de="Aufzug#Betrieb"/>
      <Opinion category="Lift#Availability" polarity="negative" from="41" to="56" target="Aufzugstörungen" category_de="Aufzug#Betrieb"/>
    </Opinions>
    <text>+++ Uns vorliegende Aufzugstörungen +++  Aufzugstörungen:  Stralsund Hbf, Gleis 3/4 + 5/6 (Umbauarbeiten)  Rostock Hbf, Gleis 3/7 (der zweite funktioniert) + 10/11  Neustadt(Dosse), zu Gleis 1  Berlin Ostkreuz,... https://t.co/dGzHwu5CT9</text>
  </Document>
  <Document id="753496252562759680">
    <relevance>true</relevance>
    <sentiment>neutral</sentiment>
    <Opinions>
      <Opinion category="Lift#Availability" polarity="neutral" from="78" to="84" target="Aufzug" category_de="Aufzug#Betrieb"/>
    </Opinions>
    <text>Wie kann man in U-Bahn Station Stephansplatz so Szenen verhindern? Man baut 2.Aufzug. Wer ist dagegen: @wienerlinien https://t.co/uYux7l0KkU</text>
  </Document>
  <Document id="661899558067314688">
    <relevance>true</relevance>
    <sentiment>negative</sentiment>
    <Opinions>
      <Opinion category="Lift#Availability" polarity="negative" from="13" to="19" target="Aufzug" category_de="Aufzug#Betrieb"/>
    </Opinions>
    <text>@SBahnBerlin Aufzug zu Gleis 4 ist außer Betrieb.</text>
  </Document>
  <Document id="698910827001339904">
    <relevance>true</relevance>
    <sentiment>negative</sentiment>
    <Opinions>
      <Opinion category="Lift#Availability" polarity="negative" from="24" to="30" target="Aufzug" category_de="Aufzug#Betrieb"/>
    </Opinions>
    <text>DBliftbot Nürnberg Hbf, Aufzug zu Gleis 22/23 ist defekt. (17:43) https://t.co/dlX8ZiPyCw https://t.co/rhBAhj2BWB</text>
  </Document>
  <Document id="735119583397437441">
    <relevance>true</relevance>
    <sentiment>neutral</sentiment>
    <Opinions/>
    <text>#nonazisbo am Sonntag abend entdeckte ich 2 harkenkreuze aus sprühkreide am hbf auf der Rolltreppe zum Boulevard https://t.co/9Ppw7il36r</text>
  </Document>
  <Document id="884438904673361920">
    <relevance>true</relevance>
    <sentiment>positive</sentiment>
    <Opinions>
      <Opinion category="Lighting#Availability" polarity="positive" from="43" to="54" target="Beleuchtung" category_de="Beleuchtung#Betrieb"/>
    </Opinions>
    <text>@DB_Info will Geld für Kuschelecken &amp; neue Beleuchtung in den S-Bahnen ausgeben. Die großen Pendlerprobleme eben. https://t.co/SRHHrBosGh</text>
  </Document>
  <Document id="1024900145987690496">
    <relevance>true</relevance>
    <sentiment>negative</sentiment>
    <Opinions>
      <Opinion category="Lift#Availability" polarity="negative" from="13" to="19" target="Aufzug" category_de="Aufzug#Betrieb"/>
    </Opinions>
    <text>@vgf_ffm Der Aufzug Bockenheimer Warte zwischen Gleis der U4 und U7U6 ist auch schon wieder defekt</text>
  </Document>
  <Document id="606026900549607424">
    <relevance>true</relevance>
    <sentiment>neutral</sentiment>
    <Opinions/>
    <text>@JustOneQuestie oh noes, ich muss die Bahn erwischen!!11 *auf volle Rolltreppe stell* °O°</text>
  </Document>
  <Document id="1027509318462197760">
    <relevance>true</relevance>
    <sentiment>negative</sentiment>
    <Opinions>
      <Opinion category="Lift#Barrier_Others" polarity="negative" from="30" to="36" target="Aufzug" category_de="Aufzug#Sonstiges_Barriere"/>
    </Opinions>
    <text>Fahrräder passen nicht in den Aufzug am Hauptbahnhof https://t.co/Vn76lCdp0P https://t.co/DFM14ka1l6</text>
  </Document>
  <Document id="758849948163067904">
    <relevance>true</relevance>
    <sentiment>negative</sentiment>
    <Opinions>
      <Opinion category="Lift#Availability" polarity="negative" from="51" to="57" target="Aufzug" category_de="Aufzug#Betrieb"/>
    </Opinions>
    <text>Infolge einer technischen Störung ist der Panorama Aufzug im Bahnhof Berlin- Lichtenberg zur Zeit gestört. #T2</text>
  </Document>
  <Document id="825827100137549825">
    <relevance>true</relevance>
    <sentiment>neutral</sentiment>
    <Opinions/>
    <text>@gniss_oR @AliCologne Da hat auch kein Staats TV drüber berichtet. Es stand auch kein Grüner am Flughafen seufzend vor der Anzeigetafel!</text>
  </Document>
  <Document id="679671510370496514">
    <relevance>true</relevance>
    <sentiment>neutral</sentiment>
    <Opinions/>
    <text>@Ogni77 Hallo, ICE 273 startet ab Hamburg Hbf. Grund ist eine zu hohe Verspätung des „Umlaufzuges“ (ICE 76) https://t.co/WU1TuD4ckm</text>
  </Document>
  <Document id="685361815304421377">
    <relevance>true</relevance>
    <sentiment>negative</sentiment>
    <Opinions>
      <Opinion category="InfoDisplay#BarrierOthers" polarity="negative" from="75" to="87" target="Anzeigetafel" category_de="Infoanzeige#Sonstiges_Barriere"/>
    </Opinions>
    <text>@uestra Warum wird beim &quot;eintakten&quot; die Zeit bis zur nächsten Bahn auf der Anzeigetafel mit 1 Minute angeben und 8 Minuten später kommt sie?</text>
  </Document>
  <Document id="1373928527884476419">
    <relevance>true</relevance>
    <sentiment>negative</sentiment>
    <Opinions>
      <Opinion category="InfoDisplay#Avaiability" polarity="negative" from="26" to="38" target="Anzeigetafel" category_de="Infoanzeige#Betrieb"/>
    </Opinions>
    <text>@KVBAG sind jetzt mit den Anzeigetafel?! Warum sind sie weg?!</text>
  </Document>
  <Document id="885509355759599617">
    <relevance>true</relevance>
    <sentiment>negative</sentiment>
    <Opinions>
      <Opinion category="Lighting#Availability" polarity="negative" from="92" to="103" target="Beleuchtung" category_de="Beleuchtung#Betrieb"/>
    </Opinions>
    <text>@DB_Bahn Im Tunnel von Mönchengladbach Hbf ist zwischen Gleis 5 und 6 seit einiger Zeit Dir Beleuchtung defekt.</text>
  </Document>
  <Document id="806183229720055810">
    <relevance>true</relevance>
    <sentiment>positive</sentiment>
    <Opinions>
      <Opinion category="Lighting#Availability" polarity="positive" from="11" to="31" target="Bahnsteigbeleuchtung" category_de="Beleuchtung#Betrieb"/>
    </Opinions>
    <text>#RB43,Die #Bahnsteigbeleuchtung in #Wanne-#Eickel funktioniert wieder.. Keine Einschränkungen. Züge verkehren auf dem Regelweg.</text>
  </Document>
  <Document id="684745010005340160">
    <relevance>false</relevance>
    <sentiment>neutral</sentiment>
    <Opinions/>
    <text>Es wurde geschippt. Dass bis zur Straße die 20fache Strecke allenfalls plattgetrampelt ist - geschenkt. https://t.co/6uCEyxsc3L</text>
  </Document>
  <Document id="772371677619585024">
    <relevance>true</relevance>
    <sentiment>neutral</sentiment>
    <Opinions>
      <Opinion category="Lift#Availability" polarity="negative" from="4" to="10" target="Aufzug" category_de="Aufzug#Betrieb"/>
      <Opinion category="Lift#Availability" polarity="positive" from="4" to="10" target="Aufzug" category_de="Aufzug#Betrieb"/>
    </Opinions>
    <text>Der Aufzug in Schwerin Hbf, Gleis 1/2 ist derzeit defekt. Die Reparatur ist veranlasst. #T2</text>
  </Document>
  <Document id="1025387945140912129">
    <relevance>true</relevance>
    <sentiment>neutral</sentiment>
    <Opinions/>
    <text>Das was @DB_Bahn und die @PolizeiHamburg da am #hamburg #hauptbahnhof zusammen abziehen und das Gleis so dämlich blockieren das die Menschen auf der Rolltreppe übereinander fallen weil oben Massen stehen die nicht auf das Gleis dürfen, grenzt so derbe an Vorsatz, da will man...🤬</text>
  </Document>
  <Document id="679073865935552516">
    <relevance>true</relevance>
    <sentiment>neutral</sentiment>
    <Opinions/>
    <text>Und dabei heirate ja nicht Rolltreppe zur U-Bahn, man hat was gehört.</text>
  </Document>
  <Document id="729330830389194754">
    <relevance>true</relevance>
    <sentiment>neutral</sentiment>
    <Opinions/>
    <text>@DB_Bahn Aufzug am Gleis 4, Fahrscheinautomat wurde gerade repariert, zweiter Automat ist von der S-Bahn cc @hannesrauhe</text>
  </Document>
  <Document id="1085048833913040901">
    <relevance>false</relevance>
    <sentiment>neutral</sentiment>
    <Opinions/>
    <text>Meine Beschreibung des #Brexit: Das Volk hat eine Baustelle aufgemacht, auf der immer noch nicht entschieden ist, ob man ein Hochhaus oder eine U-Bahn baut.</text>
  </Document>
  <Document id="1013833257836740608">
    <relevance>true</relevance>
    <sentiment>negative</sentiment>
    <Opinions>
      <Opinion category="Lift#Availability" polarity="negative" from="161" to="167" target="Aufzug" category_de="Aufzug#Betrieb"/>
    </Opinions>
    <text>@DB_Bahn Also habt ihr entweder nicht genug eskaliert oder das Problemist nicht klar. Die einzige Verbindung nach Offenbach fährt über Hbf und da gibt es keinen Aufzug. Also habt ihr da Leute hinzustellen. Warum passiert das nicht?</text>
  </Document>
  <Document id="745161722420297729">
    <relevance>true</relevance>
    <sentiment>neutral</sentiment>
    <Opinions/>
    <text>@BVG_Kampagne - Nein, es ist die Rolltreppe zur U8.</text>
  </Document>
  <Document id="642716181183492096">
    <relevance>false</relevance>
    <sentiment>neutral</sentiment>
    <Opinions/>
    <text>@tritanus Serpentinen oder Rampen mit Nachschiebeloks 💁BTW gibts bei der Autobahn auch keine Tunnel...</text>
  </Document>
  <Document id="793134253706010624">
    <relevance>true</relevance>
    <sentiment>neutral</sentiment>
    <Opinions/>
    <text>Dann schauen wir uns mal Adolfs Resterampe am Hbf an. #nobärgida #b3110</text>
  </Document>
  <Document id="952576323226161155">
    <relevance>false</relevance>
    <sentiment>neutral</sentiment>
    <Opinions/>
    <text>Frau sieht gehbehinderten Mann auf der Straße und weiß sofort, was zu tun ist https://t.co/0g7vBXBgDb via @focusonline</text>
  </Document>
  <Document id="692982976746012672">
    <relevance>true</relevance>
    <sentiment>negative</sentiment>
    <Opinions>
      <Opinion category="Lift#Availability" polarity="negative" from="45" to="51" target="Aufzug" category_de="Aufzug#Betrieb"/>
    </Opinions>
    <text>*SORRY* (H) Bad Godesberg Bhf -&gt; Hbf ist der Aufzug von der B-ebene runter zum Bahnsteig leider defekt über das Wochenende :-( ek* (09:09)</text>
  </Document>
  <Document id="1371535730288263169">
    <relevance>true</relevance>
    <sentiment>negative</sentiment>
    <Opinions>
      <Opinion category="Escalator#Availability" polarity="negative" from="55" to="65" target="Rolltreppe" category_de="Rolltreppe#Betrieb"/>
    </Opinions>
    <text>@DB_Bahn Hallo. S-Bahn Station Frankfurt Mühlberg: Die Rolltreppe zur Offenb. Landstr. ist mal wieder defekt. Warum wird die nicht mal ausgetauscht? Die funktionierende, runter zum Gleis ist ja mal erneuert worden. Obwohl die nie lange außer Betrieb war😐Seltsam.</text>
  </Document>
  <Document id="634234492106993664">
    <relevance>true</relevance>
    <sentiment>neutral</sentiment>
    <Opinions/>
    <text>@mecanhaztweet die Smartphone-Zombies kämen ohne diese Ansagen ja auch niemals wieder aus der Bahn raus. 😆</text>
  </Document>
  <Document id="1044660064097898496">
    <relevance>false</relevance>
    <sentiment>neutral</sentiment>
    <Opinions/>
    <text>@JotHapunkt Leider ist dies aus Sicherheitsgründen nicht möglich. Im aufzugebenden Gepäck geht es, allerdings musst du den Akku separat im Handgepäck transportieren und gegen Kurzschluss sichern. Viele Grüße, Oli</text>
  </Document>
  <Document id="775223556351356928">
    <relevance>true</relevance>
    <sentiment>negative</sentiment>
    <Opinions>
      <Opinion category="InfoDisplay#Avaiability" polarity="negative" from="49" to="61" target="Anzeigetafel" category_de="Infoanzeige#Betrieb"/>
    </Opinions>
    <text>@TheBouShow und es fängt schon wieder lustig an: Anzeigetafel des HBF ist kaputt und zeigt lauter lustige Sachen an 😒 nur nicht die Infos</text>
  </Document>
  <Document id="720177438869729280">
    <relevance>true</relevance>
    <sentiment>negative</sentiment>
    <Opinions>
      <Opinion category="Escalator#Availability" polarity="negative" from="16" to="26" target="Rolltreppe" category_de="Rolltreppe#Betrieb"/>
      <Opinion category="ccidentsMobilityGroups#Main" polarity="negative" from="27" to="34" target="brannte" category_de="Unfall#Haupt"/>
      <Opinion category="ccidentsMobilityGroups#Main" polarity="negative" from="66" to="76" target="Kleinbrand" category_de="Unfall#Haupt"/>
    </Opinions>
    <text>@AustriaDaily - Rolltreppe brannte: U-Bahn-Station evakuiert: Ein Kleinbrand hat heute Vor... https://t.co/7ak5MSLt5V #wien #vienna #news</text>
  </Document>
  <Document id="616958906129104896">
    <relevance>true</relevance>
    <sentiment>negative</sentiment>
    <Opinions>
      <Opinion category="Escalator#Availability" polarity="negative" from="49" to="59" target="Rolltreppe" category_de="Rolltreppe#Betrieb"/>
    </Opinions>
    <text>@DB_Bahn @RMVdialog @naja_xaoticca @Sancho_P Die Rolltreppe Offenbach Marktplatz ist ebenfalls defekt, sehe ich gerade.</text>
  </Document>
  <Document id="640921542583410688">
    <relevance>false</relevance>
    <sentiment>neutral</sentiment>
    <Opinions/>
    <text>FEUERWEHREINSATZ  KU 07.09 16:46 FW Wörgl - Aufzugstop  Person in Notlage - 6300 Wörgl:</text>
  </Document>
  <Document id="1364460092607889408">
    <relevance>false</relevance>
    <sentiment>neutral</sentiment>
    <Opinions/>
    <text>@03enoo Miese, bin seit halb 6 auf Arbeit.. und bin schon im Aufzug stecken geblieben</text>
  </Document>
  <Document id="1360561942461571080">
    <relevance>false</relevance>
    <sentiment>neutral</sentiment>
    <Opinions/>
    <text>@pemamai @Edelnickel habe auf der Pferderennbahn die Anzeigetafel bestückt .Das war damals noch manuell - Metallschilder die mit Kreidefarbe beschrieben wurden und für jedes Rennen neu gemacht werden mussten. Gab 40DM pro Renntag.  Hab mit 14 angefangen und das 3 Jahre gemacht. Tolle Erinnerung</text>
  </Document>
  <Document id="644906197057990656">
    <relevance>true</relevance>
    <sentiment>neutral</sentiment>
    <Opinions/>
    <text>Ein &quot;gern gemachter&quot; Trick in vollen Bahnhöfen und auf Rolltreppen. Aufpassen! https://t.co/cLenVqU0M3</text>
  </Document>
  <Document id="992350626435788800">
    <relevance>true</relevance>
    <sentiment>neutral</sentiment>
    <Opinions/>
    <text>Erstes Date: Sie: und arbeitest du noben dem Studium? Ich: Ja, ich arbeite am Flughafen bei der Assistant Special Force B12 Sie: Boa voll cool. Was machen die? Ich: Ich hole die Leute mit dem Rollstuhl vom Gate ab..  🚏#Köln</text>
  </Document>
  <Document id="662955438976180224">
    <relevance>false</relevance>
    <sentiment>neutral</sentiment>
    <Opinions/>
    <text>Bitte helfen Sie uns, dass die Versammlung friedlich ihren angestrebten Endplatz erreicht.Der Aufzug wartet derzeit in der Französischen Str</text>
  </Document>
  <Document id="687887918954889217">
    <relevance>false</relevance>
    <sentiment>neutral</sentiment>
    <Opinions/>
    <text>07:43 Uhr Geblitzt wird Horner Rampe stadtauswärts ca. 300m vor der autobahn. -Danke Rene</text>
  </Document>
  <Document id="667226195851915264">
    <relevance>true</relevance>
    <sentiment>negative</sentiment>
    <Opinions>
      <Opinion category="Escalator#Availability" polarity="negative" from="17" to="27" target="Rolltreppe" category_de="Rolltreppe#Betrieb"/>
    </Opinions>
    <text>Wenn morgens die Rolltreppe zur S-Bahn ausfällt, ist der Tag schon gelaufen.</text>
  </Document>
  <Document id="935237980863811584">
    <relevance>false</relevance>
    <sentiment>neutral</sentiment>
    <Opinions/>
    <text>Meine Idee um die Stadt Autofreier, aber nicht Autofrei zu bekommen wäre die Durchfahrt nur vom Ölmühlenparkplatz aus zuzulassen, als Einbahnstraße ab der Mitte quasi. Ampelumfahrer wären damit raus. Sanitätshaus/Apotheke aber von Gehbehinderten noch erreichbar. https://t.co/sPDjMkhl96</text>
  </Document>
  <Document id="617551831280013312">
    <relevance>true</relevance>
    <sentiment>negative</sentiment>
    <Opinions>
      <Opinion category="Lift#Availability" polarity="negative" from="30" to="36" target="Aufzug" category_de="Aufzug#Betrieb"/>
    </Opinions>
    <text>#Mönchengladbach Hbf ist der #Aufzug an Gleis 1 außer Betrieb.</text>
  </Document>
  <Document id="641637446367711232">
    <relevance>true</relevance>
    <sentiment>neutral</sentiment>
    <Opinions/>
    <text>wenn die Masse nach der Bahn die Rolltreppe nimmt könnte man meinen, die Treppe ist kaputt. #Frankfurt</text>
  </Document>
  <Document id="677393421926027264">
    <relevance>true</relevance>
    <sentiment>negative</sentiment>
    <Opinions>
      <Opinion category="Escalator#Availability" polarity="negative" from="4" to="14" target="Rolltreppe" category_de="Rolltreppe#Betrieb"/>
    </Opinions>
    <text>Die Rolltreppe am U-Bahn Eingang ist kaputt,die Dicke,statt die Treppen zu laufen,wechselt lieber die Straßenseite für die andere Rolltreppe</text>
  </Document>
  <Document id="869212753998819329">
    <relevance>true</relevance>
    <sentiment>negative</sentiment>
    <Opinions>
      <Opinion category="InfoDisplay#Avaiability" polarity="negative" from="81" to="94" target="Anzeigetafeln" category_de="Infoanzeige#Betrieb"/>
    </Opinions>
    <text>@SBahnBerlin Der Vorfall war ein Rückfall in alte Zeiten. Seit ü 2h geht nichts, Anzeigetafeln sind leer und 0 Infos obendrein. Guter Start in die Woche!</text>
  </Document>
  <Document id="1356307255491227651">
    <relevance>true</relevance>
    <sentiment>neutral</sentiment>
    <Opinions/>
    <text>Täglich müsse sie weiter auf der Baustelle arbeiten und gleichzeitig sei das ganze freizeitliche Sozialleben verboten. Die Milliarden bekämen Großkonzerne, wie die Lufthansa, die dann dennoch ihre Arbeiter:innen entlassen. „Enteignet die ganze Scheiße einfach“, rief sie wütend.</text>
  </Document>
  <Document id="676528671776186372">
    <relevance>false</relevance>
    <sentiment>neutral</sentiment>
    <Opinions/>
    <text>Aschaffenburg: Unfall im Aufzug - Frau stürzt mehr als fünf Meter in den Schacht -  https://t.co/KjFvbAKKb3</text>
  </Document>
  <Document id="661802794152660992">
    <relevance>false</relevance>
    <sentiment>neutral</sentiment>
    <Opinions/>
    <text>#verkehr Stadtverkehr: Frankenschnellweg Nürnberg - Fürth: zwischen Kreuz Nürnberg-Hafen und An den Rampen - STAU // IN DER GEGENRICH...</text>
  </Document>
  <Document id="650001999279325185">
    <relevance>true</relevance>
    <sentiment>neutral</sentiment>
    <Opinions/>
    <text>Ich werde den ganzen Tag über die horizontalen Rolltreppen am Flughafen fahren! Hui!</text>
  </Document>
  <Document id="762759783623589888">
    <relevance>true</relevance>
    <sentiment>negative</sentiment>
    <Opinions>
      <Opinion category="InfoDisplay#BarrierOthers" polarity="negative" from="8" to="21" target="Anzeigetafeln" category_de="Infoanzeige#Sonstiges_Barriere"/>
    </Opinions>
    <text>Auf den Anzeigetafeln am Flughafen steht unter Zielort bloß »Unbekannt« https://t.co/4WUWaycmKz</text>
  </Document>
  <Document id="669802340468326400">
    <relevance>true</relevance>
    <sentiment>neutral</sentiment>
    <Opinions/>
    <text>@DB_Bahn Ja, an der Rampe zur Unterführung. Danke ☺</text>
  </Document>
  <Document id="762204560488144900">
    <relevance>false</relevance>
    <sentiment>neutral</sentiment>
    <Opinions/>
    <text>Funktionsbausatz RhB-Bahnhof Davos-Monstein inklusive Hausbeleuchtungs-Startset. Das Vorbi... https://t.co/Auv3XtrQnU #news #bahnonline</text>
  </Document>
  <Document id="769490715470663681">
    <relevance>true</relevance>
    <sentiment>negative</sentiment>
    <Opinions>
      <Opinion category="InfoDisplay#BarrierOthers" polarity="negative" from="90" to="102" target="Anzeigetafel" category_de="Infoanzeige#Sonstiges_Barriere"/>
    </Opinions>
    <text>@SBahnBerlin wenn ihr keine Ahnung wann eure Züge fahren, schreibt es doch gleich auf die Anzeigetafel statt 20 min Bingo zu spielen #messe</text>
  </Document>
  <Document id="1072165233047654401">
    <relevance>true</relevance>
    <sentiment>negative</sentiment>
    <Opinions>
      <Opinion category="Escalator#Availability" polarity="negative" from="51" to="62" target="Rolltreppen" category_de="Rolltreppe#Betrieb"/>
    </Opinions>
    <text>RT @Lomismo7: @KVBAG Hallo Ihr Versager! 10% aller Rolltreppen im Arsch? Wieder auf den Linien 3, 4 und 12 in der Rushhour ne Bahn ausfalle…</text>
  </Document>
  <Document id="732686188356751360">
    <relevance>true</relevance>
    <sentiment>neutral</sentiment>
    <Opinions/>
    <text>@LunaLoveDE oberbarmen Bahnhof oder bin ich jetzt komplett blind 😂</text>
  </Document>
  <Document id="694144308123951104">
    <relevance>true</relevance>
    <sentiment>negative</sentiment>
    <Opinions>
      <Opinion category="Lift#Availability" polarity="negative" from="4" to="10" target="Aufzug" category_de="Aufzug#Betrieb"/>
    </Opinions>
    <text>Der Aufzug in Hamburg Hbf Gleis 5/6 ist derzeit defekt #T2</text>
  </Document>
  <Document id="662135292170735620">
    <relevance>true</relevance>
    <sentiment>negative</sentiment>
    <Opinions>
      <Opinion category="Lift#Availability" polarity="negative" from="42" to="48" target="Aufzug" category_de="Aufzug#Betrieb"/>
    </Opinions>
    <text>Infolge einer technischen Störung ist der Aufzug im Bahnhof Schwerin Mitte Bstg. 2 zur Zeit gestört.Die... https://t.co/BSFD7NKkJL</text>
  </Document>
  <Document id="665954629453291521">
    <relevance>true</relevance>
    <sentiment>negative</sentiment>
    <Opinions>
      <Opinion category="Lift#Availability" polarity="negative" from="42" to="56" target="Panoramaaufzug" category_de="Aufzug#Betrieb"/>
    </Opinions>
    <text>Infolge einer technischen Störung ist der Panoramaaufzug im Bahnhof Berlin-Lichtenberg außer Betrieb. Die... https://t.co/ReKS5zfDvQ</text>
  </Document>
  <Document id="691285629926252544">
    <relevance>true</relevance>
    <sentiment>negative</sentiment>
    <Opinions>
      <Opinion category="InfoDisplay#BarrierOthers" polarity="negative" from="63" to="75" target="Anzeigetafel" category_de="Infoanzeige#Sonstiges_Barriere"/>
    </Opinions>
    <text>@TenseApplewar @DB_Bahn Das ist bei uns hier oben auch so. Die Anzeigetafel zeigt nicht mal an das die Bahn nicht kommt.</text>
  </Document>
  <Document id="737684441057873922">
    <relevance>false</relevance>
    <sentiment>neutral</sentiment>
    <Opinions/>
    <text>@BILD Spezialklinik für Rolltreppenverletzungen???</text>
  </Document>
  <Document id="1360210618389843968">
    <relevance>false</relevance>
    <sentiment>neutral</sentiment>
    <Opinions/>
    <text>@DigitalerC @Inselkind16 &quot;Wer mit der Bild im Aufzug nach oben fährt, fährt mit ihr auch wieder nach unten.&quot; 5. Untergeschoss bitte.</text>
  </Document>
  <Document id="1373669594032959494">
    <relevance>false</relevance>
    <sentiment>neutral</sentiment>
    <Opinions/>
    <text>#COVID #France vom 20.3. (die Zahlen wurden gefunden). Rt 1,26 (+0,01). +35327 Fälle, Vorwochen 29975 und 23306.  Die Richtung wird deutlich. Das führt nach oben wie eine Rolltreppe. https://t.co/LqNdXNmSkG</text>
  </Document>
  <Document id="1085122211931979776">
    <relevance>false</relevance>
    <sentiment>neutral</sentiment>
    <Opinions/>
    <text>Es spricht Hauptgeschäftsführer Klaus-Richard Bergmann mit dem Vortrag: „Baustelle Zukunft - Auf dem Weg zu einer sicheren und attraktiven Branche“. Er betont, dass Investitionen in Sicherheit &amp; Gesundheit am Arbeitsplatz in Zeiten des Fachkräftemangels notwendiger denn je sind. https://t.co/lv57JfWgTg</text>
  </Document>
  <Document id="776862637707649028">
    <relevance>false</relevance>
    <sentiment>neutral</sentiment>
    <Opinions/>
    <text>@LadyGeekness Im #BER ist für die Beleuchtung schon mal gesorgt... Sogar dauerhaft...</text>
  </Document>
  <Document id="626436145031868417">
    <relevance>true</relevance>
    <sentiment>neutral</sentiment>
    <Opinions/>
    <text>@MVVBlog wenn es im Trommelfell weh tut hörst du Ansagen in einem alten U-Bahn Zug</text>
  </Document>
  <Document id="770595291263279104">
    <relevance>true</relevance>
    <sentiment>negative</sentiment>
    <text>Karlsruhe Hbf: Aufzug zu Gleis 13/14 has changed state from ACTIVE to INACTIVE</text>
    <Opinions>
      <Opinion category="Lift#Availability" from="15" to="21" target="Aufzug" polarity="negative" category_de="Aufzug#Betrieb"/>
    </Opinions>
  </Document>
  <Document id="1373701591468027905">
    <relevance>true</relevance>
    <sentiment>negative</sentiment>
    <Opinions>
      <Opinion category="Lift#Availability" polarity="negative" from="46" to="52" target="Aufzug" category_de="Aufzug#Betrieb"/>
    </Opinions>
    <text>An der Haltestelle Oberbarmen Bahnhof ist der Aufzug in Richtung Vohwinkel wegen eines technischen Defekts voraussichtlich bis 21.03.21 um 20:20 Uhr außer Betrieb.  21.03.21 19:22</text>
  </Document>
  <Document id="1002874573031952384">
    <relevance>true</relevance>
    <sentiment>negative</sentiment>
    <Opinions>
      <Opinion category="BarrierOthers#Main" polarity="neutral" from="20" to="35" target="Rollstuhl-Knopf" category_de="Sonstiges_Barriere#Haupt"/>
      <Opinion category="BarrierOthers#Main" polarity="negative" from="97" to="144" target="rührt sich der Fahrer nicht und glotzt nur blöd" category_de="Sonstiges_Barriere#Haupt"/>
    </Opinions>
    <text>Drücke mehrfach den Rollstuhl-Knopf in der Bahn. Vorm Einsteigen und vorm Aussteigen. Beide Male rührt sich der Fahrer nicht und glotzt nur blöd, als ich von außen an ihm vorbeifahre und wütend gestikuliere.</text>
  </Document>
  <Document id="657098665476104192">
    <relevance>true</relevance>
    <sentiment>negative</sentiment>
    <Opinions>
      <Opinion category="Escalator#Availability" polarity="negative" from="66" to="76" target="Rolltreppe" category_de="Rolltreppe#Betrieb"/>
    </Opinions>
    <text>@SBahnBerlin gibt es schon nen neuen Termin für für Reparatur der Rolltreppe am ostkreuz? Ist ja immernoch defekt....</text>
  </Document>
  <Document id="1076138203743219712">
    <relevance>true</relevance>
    <sentiment>negative</sentiment>
    <Opinions>
      <Opinion category="Ramp#Availability" polarity="negative" from="80" to="85" target="Rampe" category_de="Rampe#Betrieb"/>
    </Opinions>
    <text>Hat @StN_News schon über die überraschenden Bauarbeiten an der @SBahn_Stuttgart Rampe am Hbf berichtet? Oder wird das aus Rücksicht auf #s21 lieber nicht gemacht?</text>
  </Document>
  <Document id="1371354079025377282">
    <relevance>true</relevance>
    <sentiment>neutral</sentiment>
    <Opinions/>
    <text>@keraminon …und der rot gepflasterte Teil des Bürgersteigs („Fahrradweg“) wird geschickterweise genau an der Stelle auf die Fahrbahn geführt, an der der Aufzug zur U-Bahn die Sichtachse blockiert. Chapeau.</text>
  </Document>
  <Document id="711458319999827968">
    <relevance>true</relevance>
    <sentiment>negative</sentiment>
    <text>Nürnberg Hbf: Aufzug zu Gleis 12/13 has changed state from ACTIVE to TEST_INACTIVE</text>
    <Opinions>
      <Opinion category="Lift#Availability" from="14" to="20" target="Aufzug" polarity="negative" category_de="Aufzug#Betrieb"/>
    </Opinions>
  </Document>
  <Document id="601713290662813696">
    <relevance>true</relevance>
    <sentiment>neutral</sentiment>
    <Opinions/>
    <text>RT @BahnAnsagen: Im ICE: &quot;Der Besitzer des Rasenmähers in Wagen 7 bitte einmal dringend zu seinem Gepäck.&quot; (@OHollenstein) #Bahn #Ansage</text>
  </Document>
  <Document id="1372124784482471936">
    <relevance>true</relevance>
    <sentiment>neutral</sentiment>
    <Opinions/>
    <text>Außerdem hat Kiew die tiefste U-Bahn Station der Welt 👀  Die Station Arsenalna Es dauert mit der Rolltreppe ungefähr 5-10 Minuten um runter zu fahren.  #MetroMittwoch https://t.co/iC1iyVdsV8</text>
  </Document>
  <Document id="615172367736795136">
    <relevance>true</relevance>
    <sentiment>neutral</sentiment>
    <Opinions/>
    <text>Sitze am Flughafen und es kommt die Durchsage: &quot; Letzter Aufruf für Döner, Lamm und Bäcker! &quot; XD</text>
  </Document>
  <Document id="1055736823685758976">
    <relevance>true</relevance>
    <sentiment>neutral</sentiment>
    <Opinions/>
    <text>@le0nenrique @MahnwacheHambi Mit der Straßenbahn 7/nach Frechen Rathaus und von da aus mit Bus nach Kerpen-Horrem. Von da aus weiter durchschlagen mit Sbahn oder ggf. wieder mit Bus. Oder den Rest dann mit anderen Menschen auf dem Weg zum Hambi trampen. Ziemliche Gurkerei aber machbar.</text>
  </Document>
  <Document id="640995355782479872">
    <relevance>true</relevance>
    <sentiment>neutral</sentiment>
    <Opinions/>
    <text>Da hat sich wohl ein Fernzug-Führer in die SBAHN verirrt: Typische ICE Ansagen bin ich im Nahverkehr nicht gewohnt #überrascht</text>
  </Document>
  <Document id="684352595088019458">
    <relevance>true</relevance>
    <sentiment>negative</sentiment>
    <Opinions>
      <Opinion category="Escalator#Availability" polarity="negative" from="63" to="73" target="Rolltreppe" category_de="Rolltreppe#Betrieb"/>
    </Opinions>
    <text>Nach einem halben Jahr fällt der Stadt auf, dass am Bahnhof ne Rolltreppe kaputt ist jaa</text>
  </Document>
  <Document id="1018080439246913536">
    <relevance>true</relevance>
    <sentiment>negative</sentiment>
    <Opinions>
      <Opinion category="Lift#Availability" polarity="negative" from="193" to="199" target="Aufzug" category_de="Aufzug#Betrieb"/>
    </Opinions>
    <text>@FRlokal @fr Die vollreife &quot;Dame&quot; mit der Fuchsstola im HBF Hannover, die einen Rollifahrer, der sich mühte hier auszusteigen, fast die Rolltreppe hinunter schubste, sie hatte es &quot;eilig&quot;. (Der Aufzug war mal wieder kaputt)</text>
  </Document>
  <Document id="626844455333724161">
    <relevance>true</relevance>
    <sentiment>neutral</sentiment>
    <Opinions/>
    <text>Sehr geehrte Fahrgäste, wir erreichen gleich unser Ziel. Sie haben Anschluss an GAR NIX MEHR.  muhaha #Bahn #Ansage</text>
  </Document>
  <Document id="805639149642534915">
    <relevance>true</relevance>
    <sentiment>negative</sentiment>
    <Opinions>
      <Opinion category="Lighting#Availability" polarity="negative" from="60" to="71" target="Beleuchtung" category_de="Beleuchtung#Betrieb"/>
    </Opinions>
    <text>@SWBBusundBahn moin! Könnt ihr mal am bhf vilichmüldorf die Beleuchtung in gang bringen? Einiges flackert oder ist aus.</text>
  </Document>
  <Document id="809135980804526080">
    <relevance>true</relevance>
    <sentiment>neutral</sentiment>
    <Opinions>
      <Opinion category="InfoDisplay#Avaiability" polarity="neutral" from="102" to="117" target="Ankunft-Anzeige" category_de="Infoanzeige#Betrieb"/>
    </Opinions>
    <text>Bei der Ankunft in #SXF ist eine Anzeigetafel - nicht der Ankünfte, sondern der U-Bahn Abfahrten. Die Ankunft-Anzeige ist weiter weg.</text>
  </Document>
  <Document id="1071810699750465536">
    <relevance>true</relevance>
    <sentiment>negative</sentiment>
    <Opinions>
      <Opinion category="BarrierOthers#Main" polarity="negative" from="97" to="107" target="Warnstreik" category_de="Sonstiges_Barriere#Haupt"/>
    </Opinions>
    <text>@Micha11_hd @PRO_BAHN @DB_Info Ganz ehrlich? Ich befürche, als Rollstuhlfahrer hast Du bei einem Warnstreik der Bahn keine Chance :-(</text>
  </Document>
  <Document id="615524562999078912">
    <relevance>true</relevance>
    <sentiment>negative</sentiment>
    <Opinions>
      <Opinion category="InfoAcoustic#BarrierOthers" polarity="negative" from="44" to="53" target="Durchsage" category_de="Infodurchsage#Sonstiges_Barriere"/>
    </Opinions>
    <text>BVG:Achtung, Achtung es folgt eine wichtige Durchsage! Der chrrchrrz...ist ...chrrrrchrrrrz.. bitte nutzen sie den Scheinenersatzverkehr! 😯</text>
  </Document>
  <Document id="694172812643319808">
    <relevance>true</relevance>
    <sentiment>negative</sentiment>
    <Opinions>
      <Opinion category="Lighting#Availability" polarity="negative" from="47" to="58" target="Beleuchtung" category_de="Beleuchtung#Betrieb"/>
    </Opinions>
    <text>#köln kArnelval ‚Rheinenergie wird die defekte Beleuchtung in den Tunneln an Dom und Hauptbahnhof in Stand setzen‘ https://t.co/BJX6sLyHXd</text>
  </Document>
  <Document id="685473462928994304">
    <relevance>true</relevance>
    <sentiment>negative</sentiment>
    <Opinions>
      <Opinion category="Escalator#Availability" polarity="negative" from="39" to="49" target="Rolltreppe" category_de="Rolltreppe#Betrieb"/>
    </Opinions>
    <text>@Regio_NRW Wann wird egtl. die defekte Rolltreppe im HBF Mülheim Ruhr repariert?</text>
  </Document>
  <Document id="653905278677745664">
    <relevance>true</relevance>
    <sentiment>neutral</sentiment>
    <Opinions/>
    <text>@Der_alles_seher die Kollegen haben jetzt die Nase voll von Euch ANTIFANTEN und Deutschlandhasser. In Zukunft dann halt mit der Bahn/Trampen</text>
  </Document>
  <Document id="667655815130701824">
    <relevance>true</relevance>
    <sentiment>positive</sentiment>
    <Opinions>
      <Opinion category="InfoDisplay#Avaiability" polarity="positive" from="5" to="21" target="LED-Anzeigetafel" category_de="Infoanzeige#Betrieb"/>
    </Opinions>
    <text>Neue LED-Anzeigetafel für Bahnhof Basel SBB https://t.co/HTeu7ttL4u via @bahnONLINEch</text>
  </Document>
  <Document id="781087932870524929">
    <relevance>true</relevance>
    <sentiment>neutral</sentiment>
    <Opinions/>
    <text>Auf dem Weg nach Holland ohne Kennzeichen, Fahrbahn mit Öl verschmutzt, Busfahrer geflüchtet. Polizei sucht Zeugen in #Selfkant https://t.co/RKEd6a9YfX</text>
  </Document>
  <Document id="744807374406356992">
    <relevance>true</relevance>
    <sentiment>neutral</sentiment>
    <text>Mannheim Hbf: Aufzug zu Gleis 7/8 has changed state from INACTIVE to UNKNOWN</text>
    <Opinions>
      <Opinion category="Lift#Availability" from="14" to="20" target="Aufzug" polarity="neutral" category_de="Aufzug#Betrieb"/>
    </Opinions>
  </Document>
  <Document id="684242577676173312">
    <relevance>true</relevance>
    <sentiment>negative</sentiment>
    <Opinions>
      <Opinion category="Security#Main" polarity="negative" from="70" to="91" target="belästig u begrapscht" category_de="Sicherheit_Mensch#Haupt"/>
    </Opinions>
    <text>@femInsist @maurakami so oft wie ich in Bus/Bahn/auf Rolltreppen etc. belästig u begrapscht wurde staune ich über 50% ohne diese Erfahrung!</text>
  </Document>
  <Document id="1356386064873775110">
    <relevance>false</relevance>
    <sentiment>neutral</sentiment>
    <Opinions/>
    <text>Schön, dass das Spiel am Ende auch auf der Anzeigetafel noch was wurde #SPOBEN</text>
  </Document>
  <Document id="750059926035304448">
    <relevance>true</relevance>
    <sentiment>negative</sentiment>
    <Opinions>
      <Opinion category="Lift#Availability" polarity="negative" from="0" to="6" target="Aufzug" category_de="Aufzug#Betrieb"/>
    </Opinions>
    <text>Aufzug zwischen Empfangshalle Hbf Stuttgart und Hbf tief schon wieder außer Betrieb #SBahnStgt https://t.co/veeyPBc7vw</text>
  </Document>
  <Document id="755050160208678916">
    <relevance>true</relevance>
    <sentiment>positive</sentiment>
    <text>Karlsruhe Hbf: Aufzug zu Gleis 13/14 has changed state from UNKNOWN to ACTIVE</text>
    <Opinions>
      <Opinion category="Lift#Availability" from="15" to="21" target="Aufzug" polarity="positive" category_de="Aufzug#Betrieb"/>
    </Opinions>
  </Document>
  <Document id="875240623502237697">
    <relevance>true</relevance>
    <sentiment>negative</sentiment>
    <Opinions>
      <Opinion category="InfoDisplay#Avaiability" polarity="negative" from="47" to="60" target="Anzeigetafeln" category_de="Infoanzeige#Betrieb"/>
    </Opinions>
    <text>@DB_Bahn Es war halt schon auffällig, dass die Anzeigetafeln sowohl in Hamburg Hbf als auch im Bf Hamburg-Harburg zeitgleich ausgefallen waren.</text>
  </Document>
  <Document id="800046819359211520">
    <relevance>true</relevance>
    <sentiment>neutral</sentiment>
    <Opinions/>
    <text>Es gibt Momente, da schäme ich mich aus Bayern zu kommen. Zum Beispiel dann, wenn besoffene, bayrische Bauerntrampel in die Bahn einsteigen.</text>
  </Document>
  <Document id="790120101152456704">
    <relevance>true</relevance>
    <sentiment>negative</sentiment>
    <Opinions>
      <Opinion category="Lighting#Availability" polarity="negative" from="78" to="89" target="Beleuchtung" category_de="Beleuchtung#Betrieb"/>
    </Opinions>
    <text>@DB_Bahn Moin! Heute Morgen waren beide Uhren in Neuss Hbf auf Gleis 5/6 ohne Beleuchtung. Könnt ihr einen Elektriker schicken?</text>
  </Document>
  <Document id="1373694528121634826">
    <relevance>false</relevance>
    <sentiment>neutral</sentiment>
    <Opinions/>
    <text>@NurderK Der dude der versucht die Rolltreppe wieder hoch zu laufen 😂😂😂🤣</text>
  </Document>
  <Document id="990976857083441152">
    <relevance>true</relevance>
    <sentiment>neutral</sentiment>
    <Opinions/>
    <text>Schreiende und trampelnde Kinder in der Bahn von der Arbeit nach Hause nach ein paar Stunden Schlaf sind das beste Verhütungsmittel.</text>
  </Document>
  <Document id="848887057942499328">
    <relevance>true</relevance>
    <sentiment>neutral</sentiment>
    <Opinions/>
    <text>MUC Flughafen heut früh--mit besonderer Strassenbeleuchtung.. https://t.co/tYz4g4tCZg</text>
  </Document>
  <Document id="982296517632495621">
    <relevance>true</relevance>
    <sentiment>negative</sentiment>
    <Opinions>
      <Opinion category="Escalator#Availability" polarity="negative" from="0" to="10" target="Rolltreppe" category_de="Rolltreppe#Betrieb"/>
    </Opinions>
    <text>Rolltreppe am S-Bahnhof kaputt machen: ✅</text>
  </Document>
  <Document id="634046471613075457">
    <relevance>true</relevance>
    <sentiment>neutral</sentiment>
    <Opinions/>
    <text>@MrMoregame @HandIOfIBlood Deine Stimme passt perfekt für Bahnhof-Durchsagen.</text>
  </Document>
  <Document id="838681444817985536">
    <relevance>true</relevance>
    <sentiment>neutral</sentiment>
    <Opinions/>
    <text>Da stand grad ein Telefant neben mir in der Bahn – lautstark am telefonieren und dabei den anderen auf die Füße trampeln.   Man kennt es.</text>
  </Document>
  <Document id="691267717526110212">
    <relevance>true</relevance>
    <sentiment>neutral</sentiment>
    <Opinions/>
    <text>Am Bahnhof hängt ein Bild: Ein Zuzug ist ein Auszug mit einem Aufzug beim Einzug</text>
  </Document>
  <Document id="653520676234510336">
    <relevance>true</relevance>
    <sentiment>positive</sentiment>
    <Opinions>
      <Opinion category="InfoDisplay#Avaiability" polarity="positive" from="50" to="66" target="LED-Anzeigetafel" category_de="Infoanzeige#Betrieb"/>
    </Opinions>
    <text>Info24: Auch Zürich Hauptbahnhof erhält eine neue LED-Anzeigetafel http://t.co/OkTvbcqfia</text>
  </Document>
  <Document id="681883120241610752">
    <relevance>true</relevance>
    <sentiment>negative</sentiment>
    <Opinions>
      <Opinion category="InfoDisplay#Avaiability" polarity="negative" from="0" to="12" target="Anzeigetafel" category_de="Infoanzeige#Betrieb"/>
    </Opinions>
    <text>Anzeigetafel am Bahnhof in Baden ist kaputt... Giod job Baden-Baden!!</text>
  </Document>
  <Document id="731583030540836865">
    <relevance>true</relevance>
    <sentiment>neutral</sentiment>
    <Opinions/>
    <text>Da kommt man ans Sendlinger Tor. Steht oben U6 Klinikum 2 Min, geht zur Rolltreppe steht unten die U-Bahn und man bekommt sie grad no so!</text>
  </Document>
  <Document id="742616686252204032">
    <relevance>true</relevance>
    <sentiment>neutral</sentiment>
    <text>Mannheim Hbf: Aufzug zu Gleis 2/3 has changed state from ACTIVE to UNKNOWN</text>
    <Opinions>
      <Opinion category="Lift#Availability" from="14" to="20" target="Aufzug" polarity="neutral" category_de="Aufzug#Betrieb"/>
    </Opinions>
  </Document>
  <Document id="700562625126600704">
    <relevance>true</relevance>
    <sentiment>positive</sentiment>
    <Opinions>
      <Opinion category="Escalator#Availability" polarity="positive" from="67" to="78" target="Rolltreppen" category_de="Rolltreppe#Betrieb"/>
    </Opinions>
    <text>Spitzenleistung der @hochbahn !! Bereits nach zwei Tagen gehen die Rolltreppen Hbf U1 wieder. Top ;)</text>
  </Document>
  <Document id="984383818508525568">
    <relevance>true</relevance>
    <sentiment>negative</sentiment>
    <Opinions>
      <Opinion category="GeneralBarrier#Main" polarity="negative" from="32" to="53" target="behindertenfreundlich" category_de="Allgemein_Barriere#Haupt"/>
      <Opinion category="BarrierOthers#Main" polarity="negative" from="60" to="79" target="Straßenbahnfahrerin" category_de="Sonstiges_Barriere#Haupt"/>
    </Opinions>
    <text>Leider ist auch #Rostock nicht #behindertenfreundlich. Eine Straßenbahnfahrerin der @rsag_rostock hat vorhin versucht einen Menschen auf einem Elektrorollstuhl aus der Bahn zu werfen. Schön dass direkt 2 Menschen was dagegen gesagt haben.</text>
  </Document>
  <Document id="1044324782009995265">
    <relevance>true</relevance>
    <sentiment>neutral</sentiment>
    <Opinions/>
    <text>@laurasauria Statistisch gesehen ist es wahrscheinlicher, auf der Fahrt zum Flughafen draufzugehen - das beruhigt doch ^^</text>
  </Document>
  <Document id="679763488730935296">
    <relevance>true</relevance>
    <sentiment>negative</sentiment>
    <Opinions>
      <Opinion category="InfoDisplay#BarrierOthers" polarity="negative" from="36" to="48" target="Anzeigetafel" category_de="Infoanzeige#Sonstiges_Barriere"/>
      <Opinion category="InfoDisplay#BarrierOthers" polarity="negative" from="122" to="129" target="Anzeige" category_de="Infoanzeige#Sonstiges_Barriere"/>
    </Opinions>
    <text>@DB_Bahn Tat er, leider war auf der Anzeigetafel nur +20 Minuten, dann plötzlich ein anderer Zug und danach war gar keine Anzeige mehr da :/</text>
  </Document>
  <Document id="1085177546751336449">
    <relevance>false</relevance>
    <sentiment>neutral</sentiment>
    <Opinions/>
    <text>@justgroovy20th Denke ich auch. Ich hoffe sie haben ihn auf Schirm. Bayern fokussiert sich auf Odoi, BVB auf T. Hazard. Bleibt Gladbach, die für Hazard nen Nachfolger brauchen werden. Die sollten wir ausstechen können. Nur sollten wir es auch wirklich tun um endlich die Baustelle zu schließen</text>
  </Document>
  <Document id="641544419573932032">
    <relevance>true</relevance>
    <sentiment>neutral</sentiment>
    <Opinions/>
    <text>&quot;Bitte beachten Sie, dass dies ein Nichtraucherzug ist und zu viel Deo im Abteil den Feueralarm auslösen kann!&quot; (@schlummerm) #Bahn #Ansage</text>
  </Document>
  <Document id="1074948186375155712">
    <relevance>true</relevance>
    <sentiment>neutral</sentiment>
    <Opinions/>
    <text>Wenn ich vom Friseur komme, erschrecke ich mich mit schöner Regelmäßigkeit, wenn ich mich im Spiegel im Aufzug, im Fenster der U-Bahn oder in der Glastür des Büros sehe. Dann weiß ich, wie es anderen bei meinem Anblick gehen muss.</text>
  </Document>
  <Document id="774254446482190336">
    <relevance>true</relevance>
    <sentiment>neutral</sentiment>
    <Opinions/>
    <text>Bus verpasst. Von aggressivem Autofahrer vor roter Fußgängerampel angehupt worden. Bahn verpasst. Passt zum restlichen Tag. D:</text>
  </Document>
  <Document id="643746541140885504">
    <relevance>false</relevance>
    <sentiment>neutral</sentiment>
    <Opinions/>
    <text>S1 Wien Außenringautobahn zw. Schwechat und Mannswörth, Unfall mit Lkw, beide Fahrstreifen Richtung Vösendorf &amp; Rampe von A4 zur S1 gesperrt</text>
  </Document>
  <Document id="611569580608241664">
    <relevance>true</relevance>
    <sentiment>neutral</sentiment>
    <Opinions/>
    <text>Durchsage in der Bahn:  &quot;Ich bitte sie die Nutzung des Behindertenrufs zu untersagen!&quot;  Er kann dafür bestimmt Englisch. Fließend.</text>
  </Document>
  <Document id="724336147271409665">
    <relevance>true</relevance>
    <sentiment>neutral</sentiment>
    <Opinions/>
    <text>@drliesi jo, vom Hbf bis zur Rampe und retour in´s Schlesinger - und dann nach hause.</text>
  </Document>
  <Document id="1085134566304694272">
    <relevance>false</relevance>
    <sentiment>neutral</sentiment>
    <Opinions/>
    <text>#HOCHTIEF macht mit! Auch 2019 laden wir interessierte #Schülerinnen zum #GirlsDay ein Es geht zur #Baustelle #Lennetalbrücke @Hagen_Westfalen Anmeldung online: https://t.co/S4YdF5TOV7 @Der_GirlsDay @BMSFJ @UmweltNRW @BildungslandNRW @BMBF_Bund @Der_BDI @ICanBe https://t.co/hfAcFXXfh7</text>
  </Document>
  <Document id="603953094767030272">
    <relevance>true</relevance>
    <sentiment>negative</sentiment>
    <Opinions>
      <Opinion category="Lift#Tidiness" polarity="negative" from="53" to="59" target="Aufzug" category_de="Aufzug#Atmosphaere"/>
    </Opinions>
    <text>Es ist kalt und am Bahnhof hat gerade jmd hinter den Aufzug gekackt. Ok.  Also alles wie immer an Solinger Sbahn- Stationen.</text>
  </Document>
  <Document id="703121067041107968">
    <relevance>true</relevance>
    <sentiment>negative</sentiment>
    <Opinions>
      <Opinion category="Escalator#Availability" polarity="negative" from="45" to="56" target="Rolltreppen" category_de="Rolltreppe#Betrieb"/>
    </Opinions>
    <text>Der Tag kann ja nur beschissen werden. Beide Rolltreppen zur U-Bahn sind defekt.</text>
  </Document>
  <Document id="732600320312938496">
    <relevance>true</relevance>
    <sentiment>negative</sentiment>
    <Opinions>
      <Opinion category="Escalator#Availability" polarity="negative" from="21" to="31" target="Rolltreppe" category_de="Rolltreppe#Betrieb"/>
    </Opinions>
    <text>@DB_Bahn Und wieder: Rolltreppe Berlin-Jungfernheide Regio-Bahnsteig außer Betrieb...langsam wird es albern. Läuft die überhaupt noch Mal? 🤔</text>
  </Document>
  <Document id="718821780106977280">
    <relevance>true</relevance>
    <sentiment>neutral</sentiment>
    <Opinions/>
    <text>#momentderwoche Der asiatische Tourist, der mit dem Camcorder den Weg aus der S-Bahn und die Rolltreppe rauf für die Lieben daheim festhält.</text>
  </Document>
  <Document id="748539818100002816">
    <relevance>true</relevance>
    <sentiment>negative</sentiment>
    <Opinions>
      <Opinion category="Escalator#Availability" polarity="negative" from="47" to="58" target="Rolltreppen" category_de="Rolltreppe#Betrieb"/>
    </Opinions>
    <text>Jeden verdammten Tag sind im #Hauptbahnhof die Rolltreppen kaputt. https://t.co/Gbmds02A1G</text>
  </Document>
  <Document id="1046684445292597248">
    <relevance>true</relevance>
    <sentiment>negative</sentiment>
    <Opinions>
      <Opinion category="Lift#Availability" polarity="negative" from="21" to="36" target="Aufzugstörungen" category_de="Aufzug#Betrieb"/>
    </Opinions>
    <text>RT @BahninfoNordost: Aufzugstörungen:  - Stralsund Hbf, Gleis 3/4 &amp; 5/6  - Berlin Südkreuz, Gleis 5/6 (zu Gleis 11/12)  - Berlin Alexanderp…</text>
  </Document>
  <Document id="1367383040926834691">
    <relevance>false</relevance>
    <sentiment>neutral</sentiment>
    <Opinions/>
    <text>@lars_milestone Sind Bauarbeiten schon abgeschlossen ? oder steht die Großbaustelle noch..</text>
  </Document>
  <Document id="644056295176323072">
    <relevance>false</relevance>
    <sentiment>neutral</sentiment>
    <Opinions/>
    <text>Ooooaaarrr, die Leute, die links auf der Rolltreppe stehen, sind auch diejenigen, die auf der Autobahn immer in der Mitte fahren.</text>
  </Document>
  <Document id="716975929650716673">
    <relevance>true</relevance>
    <sentiment>positive</sentiment>
    <text>Leipzig Hbf: Aufzug zwischen Bstg 1/2 und Kleines Atrium has changed state from ACTIVE to TEST_ACTIVE</text>
    <Opinions>
      <Opinion category="Lift#Availability" from="13" to="19" target="Aufzug" polarity="positive" category_de="Aufzug#Betrieb"/>
    </Opinions>
  </Document>
  <Document id="708022011247902720">
    <relevance>true</relevance>
    <sentiment>negative</sentiment>
    <Opinions>
      <Opinion category="Lighting#Availability" polarity="negative" from="82" to="98" target="Beleuchtung.Züge" category_de="Beleuchtung#Betrieb"/>
    </Opinions>
    <text>#RE4.Erhöhte Vorsicht beim Ein-und Ausstieg in #Ennepetal. Ausgefallene Bahnsteig Beleuchtung.Züge bleiben zum Beleuchten kurze Zeit stehen.</text>
  </Document>
  <Document id="624952326919454721">
    <relevance>false</relevance>
    <sentiment>neutral</sentiment>
    <Opinions/>
    <text>@SZ zurecht.  Von der Layen produziert unbeiirt sich selbst und Erdoğan sichert seine blindwütige Macht.</text>
  </Document>
  <Document id="686665739294642177">
    <relevance>true</relevance>
    <sentiment>negative</sentiment>
    <Opinions>
      <Opinion category="Lift#Availability" polarity="negative" from="0" to="15" target="Aufzugstörungen" category_de="Aufzug#Betrieb"/>
    </Opinions>
    <text>Aufzugstörungen: Schwerin Mitte, Gleis 2 Neustrelitz Hbf, Gleis -- Berlin Gesundbrunnen, Gleis 3/4 Berlin... https://t.co/8Yun3h2KZ6</text>
  </Document>
  <Document id="683661003582640128">
    <relevance>false</relevance>
    <sentiment>neutral</sentiment>
    <Opinions/>
    <text>Mann stürzt auf Rolltreppe und bricht sich das Genick: Es ist nicht der einzige Unfall auf einer Rolltreppe an... https://t.co/dKmmBodspH</text>
  </Document>
  <Document id="666700926523174913">
    <relevance>true</relevance>
    <sentiment>negative</sentiment>
    <Opinions>
      <Opinion category="InfoDisplay#BarrierOthers" polarity="negative" from="43" to="55" target="Anzeigetafel" category_de="Infoanzeige#Sonstiges_Barriere"/>
    </Opinions>
    <text>Hey @SBahnHamburg es wäre hilfreich an der Anzeigetafel die info zu bekommen, dass die #S1 nur bis Hasselbrook fährt. Und nicht erst Vorort.</text>
  </Document>
  <Document id="1015966732350050304">
    <relevance>true</relevance>
    <sentiment>positive</sentiment>
    <Opinions>
      <Opinion category="Escalator#Availability" polarity="positive" from="124" to="135" target="Rolltreppen" category_de="Rolltreppe#Betrieb"/>
    </Opinions>
    <text>Bald wird das Versprechen endlich eingelöst und die Buslinie 10 bis zum Marktplatz fahren. Außerdem werden schon die ersten Rolltreppen eingebaut.  https://t.co/kAXtxlJvYH https://t.co/R329DgmTZe</text>
  </Document>
  <Document id="661826425595523072">
    <relevance>false</relevance>
    <sentiment>neutral</sentiment>
    <Opinions/>
    <text>Die Skrillex Kollege hat mich bis Siegburg mitfahren lassen aber wir standen ne Stunde im Stau: sondern darauf: vor den Aufzug geschrottet!</text>
  </Document>
  <Document id="711996325722591232">
    <relevance>true</relevance>
    <sentiment>negative</sentiment>
    <Opinions>
      <Opinion category="Lift#Availability" polarity="negative" from="13" to="19" target="Aufzug" category_de="Aufzug#Betrieb"/>
    </Opinions>
    <text>@foto_ls den Aufzug zur Ubahn haben sie aber sauber abgesperrt.... Mit Bollerwagen kein Durchkommen 😕</text>
  </Document>
  <Document id="1052557221798785024">
    <relevance>true</relevance>
    <sentiment>neutral</sentiment>
    <Opinions/>
    <text>Die Kreuzung vor dem Bahnhof Shibuya ist Weltweit für die Diagonalqueren, also die Kreuzung mit insgesamt 5 Zebrastreifen hat, bekannt. Hier werden die Fußgängerampeln alle gleichzeitig… https://t.co/jZm3zJsn34</text>
  </Document>
  <Document id="650706691340828672">
    <relevance>true</relevance>
    <sentiment>neutral</sentiment>
    <Opinions/>
    <text>@Seelenblind Wirklich so ! Ich sah aus als ob heute Nacht ein verspäteter Bahn Zug über mich gefahren wäre !</text>
  </Document>
  <Document id="635116904076738561">
    <relevance>false</relevance>
    <sentiment>neutral</sentiment>
    <Opinions/>
    <text>Ca 80 besorgten Bürger mit eindeutige Aufkleber u tattoo sammeln sich auf der real Parkplatz in #Heidenau. 16 Polizisten vor Ort . 1. Ansage</text>
  </Document>
  <Document id="619854943663620096">
    <relevance>true</relevance>
    <sentiment>negative</sentiment>
    <Opinions>
      <Opinion category="Escalator#Availability" polarity="negative" from="115" to="126" target="Rolltreppen" category_de="Rolltreppe#Betrieb"/>
    </Opinions>
    <text>Liebe #SBahn #muenchen, es interessiert euch nicht, ich sag es euch trotzdem: Seit einer Woche geht die hälfte der Rolltreppen am Hbf nicht!</text>
  </Document>
  <Document id="608245154370220032">
    <relevance>true</relevance>
    <sentiment>neutral</sentiment>
    <Opinions/>
    <text>Kumpel das neue gemeinsame Passwort &quot;ichbinschwul&quot; in der U-Bahn am Handy durchsagen. Der Blick der Leute. Göttlich und schrecklich zugleich</text>
  </Document>
  <Document id="724153427287248896">
    <relevance>true</relevance>
    <sentiment>neutral</sentiment>
    <Opinions/>
    <text>Wirtschaftspolitikern in Freiheit Bahn insoweit aufzugeben, wird in der Schöpfungsgeschichte mit.</text>
  </Document>
  <Document id="777004400585928704">
    <relevance>true</relevance>
    <sentiment>negative</sentiment>
    <Opinions>
      <Opinion category="Lift#Availability" polarity="negative" from="62" to="70" target="Aufzuges" category_de="Aufzug#Betrieb"/>
    </Opinions>
    <text>Da kommt am Morgen ganz große Freude auf. Dank eines defekten Aufzuges geht es heute mit der S-Bahn nach Köln! 😔</text>
  </Document>
  <Document id="623520357438353408">
    <relevance>false</relevance>
    <sentiment>neutral</sentiment>
    <Opinions/>
    <text>Menschen, die sich dumme Kommentare nicht verkneifen können... Geht spielen. Blinde Kuh oder so. Auf der Autobahn.</text>
  </Document>
  <Document id="639700429996204032">
    <relevance>true</relevance>
    <sentiment>neutral</sentiment>
    <Opinions/>
    <text>@MissSilek @f95 na klar :) Weiß noch nicht ob Bus oder Bahn, vielleicht schaffen wir es ja, uns auf ein farbenblindes Bierchen zu treffen :)</text>
  </Document>
  <Document id="804218164418609152">
    <relevance>true</relevance>
    <sentiment>negative</sentiment>
    <Opinions>
      <Opinion category="InfoDisplay#Avaiability" polarity="negative" from="0" to="12" target="anzeigetafel" category_de="Infoanzeige#Betrieb"/>
    </Opinions>
    <text>anzeigetafel auf bahnsteig u9 wäre hilfreich, damit man bei verspätungen des rings zum umfahren gleich wieder in die ubahn hüpfen kann. #S42</text>
  </Document>
  <Document id="985602141195853826">
    <relevance>true</relevance>
    <sentiment>neutral</sentiment>
    <Opinions/>
    <text>Das ist meta. Steige aus dem Zug aus, Berlin Hbf. Sehe an der Rolltreppe nach oben #WimWenders, wie er die Werbung für die restaurierte Fassung seines Filmes „Der Himmel über Berlin“ betrachtet. Draußen weht ein lauer Wind durch Berlin. Schutzengelwetter...</text>
  </Document>
  <Document id="1355935338120753153">
    <relevance>false</relevance>
    <sentiment>neutral</sentiment>
    <Opinions/>
    <text>Ich fahre nicht mit der Rolltreppe, denn ich lasse mich nicht vom System tragen</text>
  </Document>
  <Document id="622318159777894400">
    <relevance>false</relevance>
    <sentiment>neutral</sentiment>
    <Opinions/>
    <text>@DooMMasteR Es tut mir leid, aber ohne nähere Angaben kann ich die Rolltreppen nicht weitermelden. Welche meinen Sie? ^RA</text>
  </Document>
  <Document id="795521459791728640">
    <relevance>true</relevance>
    <sentiment>neutral</sentiment>
    <Opinions/>
    <text>Der Bahnhof Bern hat bei Gleis 3+4 schon Weihnachtsbeleuchtung. So toll. Danke @RailService</text>
  </Document>
  <Document id="1084442588265021445">
    <relevance>true</relevance>
    <sentiment>neutral</sentiment>
    <Opinions/>
    <text>@m_zielinski @weserkurier Trifft auf diese Haltestelle (Verkehrsinsel mit Fußgängerampel) nicht zu, Michael. Die Fußgänger sind häufig zu faul, die 20m zur Ampel zu gehen oder 10min auf die nächste Bahn zu warten.</text>
  </Document>
  <Document id="621708469293424640">
    <relevance>true</relevance>
    <sentiment>negative</sentiment>
    <Opinions>
      <Opinion category="InfoAcoustic#Availability" polarity="negative" from="24" to="30" target="Ansage" category_de="Infodurchsage#Betrieb"/>
    </Opinions>
    <text>Der Zug hat Verspätung. Ansage Fehlanzeige. Er kam pünktlich auf dem Bahnhof an und fährt einfach nicht wieder los. #Bahn</text>
  </Document>
  <Document id="709476302974296064">
    <relevance>true</relevance>
    <sentiment>neutral</sentiment>
    <Opinions/>
    <text>@lokfuehrer_tim aber gerade in Frankfurt Hbf essenziell, da immer noch wer die Rolltreppe runter gerannt kommt.</text>
  </Document>
  <Document id="1029633621035048961">
    <relevance>true</relevance>
    <sentiment>neutral</sentiment>
    <Opinions/>
    <text>RT @otbhh: Der Aufzug am Bahnhof #Rahlstedt: Ein Trauerspiel in bislang fünf Akten. Ohne Worte. Läuft seit Mitte Mai, Ende mehrfach angekün…</text>
  </Document>
  <Document id="681738472449769472">
    <relevance>false</relevance>
    <sentiment>neutral</sentiment>
    <Opinions/>
    <text>@SZ wen interessiert das?,was ist mit den vielen anderen opfern die vorher nicht im rampenlicht standen?,über die wird auch kein wort verl..</text>
  </Document>
  <Document id="984303484676857856">
    <relevance>true</relevance>
    <sentiment>negative</sentiment>
    <Opinions>
      <Opinion category="Escalator#Availability" polarity="negative" from="18" to="28" target="rolltreppe" category_de="Rolltreppe#Betrieb"/>
    </Opinions>
    <text>@wienerlinien die rolltreppe in der spittelau runter zur u4 ist immer noch ausser betrieb. wenn ihr vorhabt sie zu reparieren, würd ich sie zumindest mal absperren und einen techniker schicken. von sicherheitsverb. seh ich bisher nix, eher leute die sich runterschubsen wg. ubahn.</text>
  </Document>
  <Document id="632543578166833152">
    <relevance>true</relevance>
    <sentiment>neutral</sentiment>
    <Opinions/>
    <text>&quot;Die Bahn hat 25 min Verspätung. Grund: Verzögerungen.&quot;  #deutschebahn #facepalmdurchsagen #ach...</text>
  </Document>
  <Document id="1031879709498527744">
    <relevance>true</relevance>
    <sentiment>neutral</sentiment>
    <Opinions/>
    <text>@PoggenburgAndre Im Nahverkehr fahren Busse mit Werbung für Halal Produkte, die Zielgruppe muss hoch hier sein! Tier denen bei lebendigem Leibe ein Messer durch die Kehle gerammt wird, im Todeskampf zappeln und strampeln bis sie ausgeblutet sind.. Der Tierschutz ist bleibt stumm? Guten Appetit 🤮</text>
  </Document>
  <Document id="647060360558592000">
    <relevance>false</relevance>
    <sentiment>neutral</sentiment>
    <Opinions/>
    <text>#verkehr Stadtverkehr: Nürnberg: Frankenschnellweg - An den Rampen // STAU und stockender Verkehr in beiden Richtungen</text>
  </Document>
  <Document id="666530945370087425">
    <relevance>true</relevance>
    <sentiment>neutral</sentiment>
    <Opinions/>
    <text>Am nächsten Halt wechsel ich auf die S-Bahn. Das Bewegtbild vom Start wandert noch durch die digitalen Trampelpfade. https://t.co/3q4y0eQh26</text>
  </Document>
  <Document id="1011146013103575040">
    <relevance>true</relevance>
    <sentiment>negative</sentiment>
    <Opinions>
      <Opinion category="Escalator#Availability" polarity="negative" from="32" to="42" target="Rolltreppe" category_de="Rolltreppe#Betrieb"/>
    </Opinions>
    <text>@vgf_ffm Die nach oben führende Rolltreppe an der Haltestelle Westend, Ausgang Freiherr-vom-Stein-Straße ist defekt.</text>
  </Document>
  <Document id="718498853310308354">
    <relevance>true</relevance>
    <sentiment>neutral</sentiment>
    <Opinions/>
    <text>@BalkanJames Neu ist halt der Aufzug m. Bahn-Security. Früher waren es nur 4 Kontrolleure. Preisprobleme d. #VVS sind hausgemacht z.B. #S21</text>
  </Document>
  <Document id="865948485950087168">
    <relevance>true</relevance>
    <sentiment>negative</sentiment>
    <Opinions>
      <Opinion category="InfoAcoustic#Availability" polarity="negative" from="49" to="60" target="Ankündigung" category_de="Infodurchsage#Betrieb"/>
      <Opinion category="InfoDisplay#BarrierOthers" polarity="negative" from="66" to="78" target="Anzeigetafel" category_de="Infoanzeige#Sonstiges_Barriere"/>
      <Opinion category="Info#Barrier_Others" polarity="negative" from="91" to="102" target="DB_Info-App" category_de="Info_Sonstiges#Sonstiges_Barriere"/>
    </Opinions>
    <text>Kommst am Bahnhof 🚉 an + Anschlusszug fällt ohne Ankündigung aus. Anzeigetafel, @VVS- und @DB_Info-App widersprechen sich bzgl Alternativen😡</text>
  </Document>
  <Document id="1028630090710769664">
    <relevance>true</relevance>
    <sentiment>negative</sentiment>
    <Opinions>
      <Opinion category="Lift#Availability" polarity="negative" from="39" to="45" target="Aufzug" category_de="Aufzug#Betrieb"/>
    </Opinions>
    <text>RT @winterriot: Liebe @DB_Bahn, dieser Aufzug ist seit Mitte Mai außer Betrieb. Am Bahnhof #Rahlstedt gibt es Mütter und Väter, Kinder und…</text>
  </Document>
  <Document id="687510427203428352">
    <relevance>true</relevance>
    <sentiment>negative</sentiment>
    <Opinions>
      <Opinion category="Escalator#Availability" polarity="negative" from="40" to="50" target="Rolltreppe" category_de="Rolltreppe#Betrieb"/>
    </Opinions>
    <text>Dieser Moment, wenn bei Muskelkater die Rolltreppe an der #Bahn nicht funktioniert. Guten Morgen 😴</text>
  </Document>
  <Document id="646743653906542596">
    <relevance>true</relevance>
    <sentiment>neutral</sentiment>
    <Opinions/>
    <text>Liebe @DB_Bahn, dank eurer konsequent deutschen Ansagen im ICE 375 wurden internationale Gäste abgehängt was Verspätung u Anschlüsse angeht</text>
  </Document>
  <Document id="637519309183582208">
    <relevance>false</relevance>
    <sentiment>neutral</sentiment>
    <Opinions/>
    <text>@BILD @pwilhelmer @ibotrampe Vom Hauptbrandstifterkollektiv zur Heiligen Hure... Das kann nur das Deppenkollektiv der Bild. Widerlich</text>
  </Document>
  <Document id="1073531225271398401">
    <relevance>true</relevance>
    <sentiment>neutral</sentiment>
    <Opinions>
      <Opinion category="Lift#Availability" polarity="neutral" from="57" to="63" target="aufzug" category_de="Aufzug#Betrieb"/>
    </Opinions>
    <text>@oncer_soldier ja ist so ich muss immer beim Bahnhof zum aufzug gehen und wenn es keinen gibt muss ich treppen steigen</text>
  </Document>
  <Document id="1078694198298271744">
    <relevance>false</relevance>
    <sentiment>neutral</sentiment>
    <Opinions/>
    <text>@EmskirchneZoll Auf so mancher Großbaustelle rennen von denen min 10 Kolonnen rum und putzen die Wände richtig Scheiße</text>
  </Document>
  <Document id="629714309808017408">
    <relevance>true</relevance>
    <sentiment>neutral</sentiment>
    <Opinions/>
    <text>&quot;Wegen einer technischen Störung werden wir jetzt nach Ingolstadt zurücksetzen. Was dann wird, weiß ich leider nicht.&quot; #bahn #ansage</text>
  </Document>
  <Document id="1358094571213832203">
    <relevance>false</relevance>
    <sentiment>neutral</sentiment>
    <Opinions/>
    <text>@scfreiburg Ein Genuss, diese Anzeigetafel...</text>
  </Document>
  <Document id="671647298661781504">
    <relevance>true</relevance>
    <sentiment>neutral</sentiment>
    <Opinions/>
    <text>@mdeimann @NRWpunktDE Ab D'dorf Hbf Tram Nr. 719 Bstg. 8 bis Stadttor. Dann einmal um's Eck auf die große Strasse, Parkplatz, Rolltreppe</text>
  </Document>
  <Document id="933824597853687808">
    <relevance>true</relevance>
    <sentiment>neutral</sentiment>
    <Opinions/>
    <text>RT @RampeRampensen: Den Flughafen Berlin könnte glatt ich geplant haben.</text>
  </Document>
  <Document id="625233337834147840">
    <relevance>true</relevance>
    <sentiment>neutral</sentiment>
    <Opinions/>
    <text>Ich lese mir jetzt Tweets von Bahn-Ansagen durch. Rechnet mit einem Retweet-Spam.</text>
  </Document>
  <Document id="683951326775083008">
    <relevance>true</relevance>
    <sentiment>negative</sentiment>
    <text>Facility Berlin Anhalter Bahnhof / Aufzug zu Gleis 1/2 has changed state from ACTIVE to INACTIVE</text>
    <Opinions>
      <Opinion category="Lift#Availability" from="35" to="41" target="Aufzug" polarity="negative" category_de="Aufzug#Betrieb"/>
    </Opinions>
  </Document>
  <Document id="734667666624008192">
    <relevance>true</relevance>
    <sentiment>neutral</sentiment>
    <Opinions/>
    <text>Läuft durch den Bahnhof. Realisiert, dass Tasche im Zug vergessen. Sprintet durch Bhf zurück, trampelt durch Zug &amp; findet Tasche. ➡ Ich 💩</text>
  </Document>
  <Document id="704248382743773184">
    <relevance>true</relevance>
    <sentiment>positive</sentiment>
    <Opinions>
      <Opinion category="Lift#Availability" polarity="positive" from="14" to="20" target="Aufzug" category_de="Aufzug#Betrieb"/>
    </Opinions>
    <text>Nürnberg Hbf, Aufzug zu Gleis 22/23 ist wieder betriebsbereit. (11:13)</text>
  </Document>
  <Document id="703835479347572736">
    <relevance>true</relevance>
    <sentiment>negative</sentiment>
    <Opinions>
      <Opinion category="Lift#Availability" polarity="negative" from="16" to="22" target="Aufzug" category_de="Aufzug#Betrieb"/>
    </Opinions>
    <text>Heidelberg Hbf, Aufzug zu Bstg 9/10 ist defekt. (07:53)</text>
  </Document>
  <Document id="727082060809166848">
    <relevance>true</relevance>
    <sentiment>negative</sentiment>
    <Opinions>
      <Opinion category="Lift#Tidiness" polarity="negative" from="4" to="10" target="Aufzug" category_de="Aufzug#Atmosphaere"/>
    </Opinions>
    <text>Der Aufzug an der S-Bahn riecht nach Zivildienst.</text>
  </Document>
  <Document id="739432414196453376">
    <relevance>true</relevance>
    <sentiment>neutral</sentiment>
    <Opinions/>
    <text>Als die Busanzeigetafeln mich baten die UBahn zu nehemen, hätte ich doch vielleicht einfach die UBahn nehmen sollen https://t.co/gY4tkJNZwB</text>
  </Document>
  <Document id="661502881883815936">
    <relevance>false</relevance>
    <sentiment>neutral</sentiment>
    <Opinions/>
    <text>#verkehr Stadtverkehr: Frankenschnellweg Fürth - Nürnberg: zwischen Nürnberg-Westring und An den Rampen - STAU</text>
  </Document>
  <Document id="1070350648451977216">
    <relevance>true</relevance>
    <sentiment>neutral</sentiment>
    <Opinions/>
    <text>@RN_DORTMUND Tolle grüne Rampe aber interessant wäre vielleicht auch nen Konzept dass den kinderreichsten Stadteil mit dem HBF verbindet ohne dass der kürzeste Weg über den Straßenstrich führt. Aber hey tolle grüne Rampe</text>
  </Document>
  <Document id="1079125163097108481">
    <relevance>false</relevance>
    <sentiment>neutral</sentiment>
    <Opinions/>
    <text>@herr_baal Liebessiffigkeit... ach nee, das war wieder ne andere Baustelle...</text>
  </Document>
  <Document id="651818909008568320">
    <relevance>false</relevance>
    <sentiment>neutral</sentiment>
    <Opinions/>
    <text>Meine #Theorie des Tages: Leute, die auf #Rolltreppen links stehen, fahren auf Autobahnen auch IMMER auf der mittleren #Spur. #Bremser</text>
  </Document>
  <Document id="630990290984284160">
    <relevance>true</relevance>
    <sentiment>neutral</sentiment>
    <Opinions/>
    <text>RT @DerExperte: Bald ist Weihnachten \o/ &quot;@zeitschlag: Gerade kam die Ansage, dass eine S-Bahn 20 Minuten später kommt. &quot;Grund dafür sind S…</text>
  </Document>
  <Document id="727007603709104128">
    <relevance>true</relevance>
    <sentiment>positive</sentiment>
    <Opinions>
      <Opinion category="Escalator#Availability" polarity="positive" from="31" to="41" target="Rolltreppe" category_de="Rolltreppe#Betrieb"/>
    </Opinions>
    <text>Na wenigstens funktioniert die Rolltreppe am Bahnhof.</text>
  </Document>
  <Document id="705300242892197888">
    <relevance>true</relevance>
    <sentiment>negative</sentiment>
    <text>Dortmund Hbf: Aufzug zwischen Gleis 6/7 und Kleine Halle has changed state from INACTIVE to TEST_INACTIVE</text>
    <Opinions>
      <Opinion category="Lift#Availability" from="14" to="20" target="Aufzug" polarity="negative" category_de="Aufzug#Betrieb"/>
    </Opinions>
  </Document>
  <Document id="673914349992439809">
    <relevance>false</relevance>
    <sentiment>neutral</sentiment>
    <Opinions/>
    <text>#Augustusburg: Schrägaufzug ist vorerst gekippt https://t.co/t2tboDEMAo</text>
  </Document>
  <Document id="1054724833798434817">
    <relevance>true</relevance>
    <sentiment>neutral</sentiment>
    <Opinions/>
    <text>@Kittypunk7 RRG = ResteRampeGroßbaustelle 🤣 #Berlin #BER #RRG</text>
  </Document>
  <Document id="1370336163756654592">
    <relevance>true</relevance>
    <sentiment>neutral</sentiment>
    <Opinions/>
    <text>@de_rt_com Dann bau dir doch bei dir daheim eine Rolltreppe ein, dann hast du deinen Elektroantrieb, du Hohlblock. Oder bau die S-bahn von Echterdingen nach Bad Urach mit der du angeblich heim fährst. Phrasendrescher pharisäischer !!</text>
  </Document>
  <Document id="737650691175550976">
    <relevance>true</relevance>
    <sentiment>negative</sentiment>
    <Opinions>
      <Opinion category="Escalator#Availability" polarity="negative" from="62" to="72" target="Rolltreppe" category_de="Rolltreppe#Betrieb"/>
    </Opinions>
    <text>@BVG_Ubahn diesmal bin ich am Fran-Neumann-Platz, da geht die Rolltreppe zum Bus nicht &lt;- Wittenau III/3</text>
  </Document>
  <Document id="1372840161034272771">
    <relevance>false</relevance>
    <sentiment>neutral</sentiment>
    <Opinions/>
    <text>Würdet ihr in eine Wohnung im 7. Stock ziehen?  Aufzug geht bis 6. Etage.   Ich würd den Balkon in der Höhe niemals betreten. Nicht mal zum Wäscheaufhängen.</text>
  </Document>
  <Document id="1372623054044590086">
    <relevance>true</relevance>
    <sentiment>negative</sentiment>
    <Opinions>
      <Opinion category="InfoDisplay#BarrierOthers" polarity="negative" from="82" to="95" target="Anzeigetafeln" category_de="Infoanzeige#Sonstiges_Barriere"/>
    </Opinions>
    <text>@SBahnBerlin von welchem Gleis fährt denn nun der Pendelzug nach schöneweide? Die Anzeigetafeln sagen Gleis 4 und der Schaffner sagt Gleis 3. weit und breit ist kein Pendelzug zu sehen. Stehen hier schon fast 20 Minuten.</text>
  </Document>
  <Document id="662136371990151168">
    <relevance>true</relevance>
    <sentiment>negative</sentiment>
    <Opinions>
      <Opinion category="Lift#Availability" polarity="negative" from="32" to="38" target="Aufzug" category_de="Aufzug#Betrieb"/>
    </Opinions>
    <text>Am Bahnhof: Treppe gesperrt und Aufzug defekt. Geht bei euch überhaupt was #DB? Über die Schienen laufend getwittert...</text>
  </Document>
  <Document id="1079306135822368768">
    <relevance>false</relevance>
    <sentiment>neutral</sentiment>
    <Opinions/>
    <text>Polizeipräsidium Tuttlingen - Unbekannte versuchen in Bauwagen auf einer Baustelle in der Neuhauser Straße einzubrechen https://t.co/1HVKWVltWA</text>
  </Document>
  <Document id="782946129247924224">
    <relevance>true</relevance>
    <sentiment>neutral</sentiment>
    <Opinions/>
    <text>@RampeRampensen Filme streamen in der Bahn.</text>
  </Document>
  <Document id="770081908466323456">
    <relevance>true</relevance>
    <sentiment>positive</sentiment>
    <text>Nürnberg Hbf: Aufzug zu Gleis 16/17 has changed state from UNKNOWN to ACTIVE</text>
    <Opinions>
      <Opinion category="Lift#Availability" from="14" to="20" target="Aufzug" polarity="positive" category_de="Aufzug#Betrieb"/>
    </Opinions>
  </Document>
  <Document id="670122154147598336">
    <relevance>true</relevance>
    <sentiment>negative</sentiment>
    <Opinions>
      <Opinion category="Escalator#Availability" polarity="negative" from="19" to="29" target="Rolltreppe" category_de="Rolltreppe#Betrieb"/>
    </Opinions>
    <text>Tag 3 der defekten Rolltreppe Hbf. U1. Heute mal ganz nach Deutscher Art,es arbeitet nicht Einer daran! Danke @hochbahn</text>
  </Document>
  <Document id="626996340376141824">
    <relevance>true</relevance>
    <sentiment>negative</sentiment>
    <Opinions>
      <Opinion category="InfoAcoustic#BarrierOthers" polarity="negative" from="29" to="39" target="Zugansagen" category_de="Infodurchsage#Sonstiges_Barriere"/>
    </Opinions>
    <text>@SBahnBerlin - Echt lustig - Zugansagen S41 grandios falsch. Gestern auch schon. Blöd für Touristen</text>
  </Document>
  <Document id="631097918792056832">
    <relevance>true</relevance>
    <sentiment>neutral</sentiment>
    <Opinions/>
    <text>@BahnAnsagen  .... 15 Minuten später :&quot; aufgrund einer ungewollten LOCKABKOPPLUNG haben wir 12 Minuten Verspätung</text>
  </Document>
  <Document id="612267314239676416">
    <relevance>true</relevance>
    <sentiment>negative</sentiment>
    <Opinions>
      <Opinion category="InfoAcoustic#BarrierOthers" polarity="negative" from="68" to="77" target="Durchsage" category_de="Infodurchsage#Sonstiges_Barriere"/>
    </Opinions>
    <text>Verspätungsalarm in der DB-App meldet sich: +0 min. WTF? Kurz drauf Durchsage: 6 min verspätet. DB-App hat keinen Alarm mehr.   Ach, Bahn!</text>
  </Document>
  <Document id="805890554416558082">
    <relevance>true</relevance>
    <sentiment>negative</sentiment>
    <Opinions>
      <Opinion category="Lighting#Availability" polarity="negative" from="102" to="116" target="Notbeleuchtung" category_de="Beleuchtung#Betrieb"/>
    </Opinions>
    <text>RT @MarySheep: Der S Bahnhof Pankow-Heinersdorf wird ab jetzt mit der @SBahnBerlin wieder angefahren. Notbeleuchtung wurde hingestellt. #ne…</text>
  </Document>
  <Document id="617612699728543744">
    <relevance>true</relevance>
    <sentiment>neutral</sentiment>
    <Opinions/>
    <text>Hahahah nice Bahnansage gerade 😂 ich liebe Leute von der Bahn, die Humor haben</text>
  </Document>
  <Document id="1356728363784749056">
    <relevance>true</relevance>
    <sentiment>neutral</sentiment>
    <Opinions/>
    <text>@herbstzeit2018 @gtorges @BVG_Kampagne Nen Bus muss man doch rein lassen, konnte ja keiner damit rechnen, dass der dann in der einspurigen Baustelle an jeder Haltestelle anhält.🤣😬  ❤️an den Busfahrer.</text>
  </Document>
  <Document id="1004712094401486848">
    <relevance>true</relevance>
    <sentiment>negative</sentiment>
    <Opinions>
      <Opinion category="ConstructionSite#Main" polarity="negative" from="174" to="186" target="Baumaßnahmen" category_de="Baustelle#Haupt"/>
    </Opinions>
    <text>Wer kann, lieber mit #Fahrrad oder #Bus fahren 😉 Aktueller Eingang bzw. Zugang am U-Bahnhof #Wedding #U6 ist ein Trampelpfad auf dem Mittelstreifen der #Müllerstraße, wegen #Baumaßnahmen . Leider ohne Hinweisschild #weilwirdichlieben https://t.co/mhXxJcK35Y</text>
  </Document>
  <Document id="641093531118010368">
    <relevance>true</relevance>
    <sentiment>neutral</sentiment>
    <Opinions>
      <Opinion category="InfoAcoustic#Availability" polarity="neutral" from="53" to="59" target="Ansage" category_de="Infodurchsage#Betrieb"/>
    </Opinions>
    <text>@SBahnBerlin vielleicht sollte die Dame nicht nur ne Ansage zu Gleis 2 andauernd machen, sondern auch Gleis 1 #Greifswalder informieren!</text>
  </Document>
  <Document id="690067864812920832">
    <relevance>true</relevance>
    <sentiment>negative</sentiment>
    <Opinions>
      <Opinion category="Escalator#Availability" polarity="negative" from="15" to="25" target="Rolltreppe" category_de="Rolltreppe#Betrieb"/>
    </Opinions>
    <text>@SBahnBerlin : Rolltreppe Neukölln aufwärts zum dritten Mal diese Woche defekt!</text>
  </Document>
  <Document id="632617628591390720">
    <relevance>true</relevance>
    <sentiment>negative</sentiment>
    <Opinions>
      <Opinion category="InfoDisplay#Avaiability" polarity="negative" from="114" to="122" target="Anzeigen" category_de="Infoanzeige#Betrieb"/>
    </Opinions>
    <text>@DB_Bahn dann sollten Sie mal Ihrem Zugpersonal Bescheid geben für rechtzeitige Durchsagen. In K-WH funktionieren Anzeigen auch nicht.</text>
  </Document>
  <Document id="617262413868584960">
    <relevance>true</relevance>
    <sentiment>negative</sentiment>
    <Opinions>
      <Opinion category="InfoAcoustic#Availability" polarity="negative" from="121" to="127" target="Ansage" category_de="Infodurchsage#Betrieb"/>
    </Opinions>
    <text>&quot;Es dauert was länger. Sie können also ruhig aussteigen und eine rauchen.&quot; Menschen steigen aus. Bahn fährt ohne weitere Ansage weiter.</text>
  </Document>
  <Document id="726458080037212160">
    <relevance>false</relevance>
    <sentiment>neutral</sentiment>
    <Opinions/>
    <text>Bereits kurz nach dem Start wurde der Aufzug aufgrund des Abbrennes von Pyrotechnik angehalten. Es kam auch zu Böllerwürfen. #HH3004</text>
  </Document>
  <Document id="677733490943741954">
    <relevance>true</relevance>
    <sentiment>neutral</sentiment>
    <Opinions/>
    <text>Bah! Wer bitte scheißt aufm Bahnhof mitten auf die Treppe?! Und wer ist so blind und latscht da auch noch rein?! O.o</text>
  </Document>
  <Document id="1079320230348890113">
    <relevance>false</relevance>
    <sentiment>neutral</sentiment>
    <Opinions/>
    <text>Es gibt nur eine Baustelle, und das ist die  #groko selbst. Eine zögernde, zaudernde Koalition der Selbstzerfleischer, die die früher als Bundesrepublik Deutschland bekannte Erfolgsgeschichte endgültig ruiniert. Diese Regierung wird in die Geschichte eingehen.  #MerkelMussWeg</text>
  </Document>
  <Document id="834087733681324033">
    <relevance>true</relevance>
    <sentiment>neutral</sentiment>
    <Opinions/>
    <text>RT @ComeOnBaehr: Kunstprojekt: die Anzeigetafeln der BVG hacken und überall anzeigen lassen:  VIELLEICHT / IRGENDWANN</text>
  </Document>
  <Document id="805142081828253697">
    <relevance>true</relevance>
    <sentiment>negative</sentiment>
    <Opinions>
      <Opinion category="Lighting#Availability" polarity="negative" from="94" to="99" target="Licht" category_de="Beleuchtung#Betrieb"/>
      <Opinion category="Lighting#Availability" polarity="negative" from="104" to="118" target="Notbeleuchtung" category_de="Beleuchtung#Betrieb"/>
    </Opinions>
    <text>Ich mag das @YouTube-Video: https://t.co/rSkpFOB9JA Berliner S- Bahn BVG BR 475 Mitfahrt ohne Licht und Notbeleuchtung</text>
  </Document>
  <Document id="647437324826083329">
    <relevance>false</relevance>
    <sentiment>neutral</sentiment>
    <Opinions/>
    <text>@Exil_Inselette Sicher alles noch im Fluss... #baustelle #neuorganisation Und es gibt eine Fußgängerampel davor.</text>
  </Document>
  <Document id="1357300611121885187">
    <relevance>false</relevance>
    <sentiment>neutral</sentiment>
    <Opinions/>
    <text>@jessenphil Twittert der Chef, der im Büro Aufzug fährt.</text>
  </Document>
  <Document id="993909486292295680">
    <relevance>true</relevance>
    <sentiment>negative</sentiment>
    <Opinions>
      <Opinion category="BarrierOthers#Main" polarity="negative" from="149" to="178" target="Fahrer macht zu und fährt weg" category_de="Sonstiges_Barriere#Haupt"/>
    </Opinions>
    <text>@Florenturna @DVBAG Ganz nebenbei, gerade eben Freiberger Str. Ein Rollstuhlfahrer beeilt sich zur Bahn, Fahrer bemerkt ihn. Mann an Tür angekommen. Fahrer macht zu und fährt weg. Danke @DVBAG. Was mit euch los ist frag ich mich. Vor Entsetzen hab ich die Bahn auch gleich verpasst.</text>
  </Document>
  <Document id="689887739748179968">
    <relevance>true</relevance>
    <sentiment>neutral</sentiment>
    <Opinions/>
    <text>Diese schauspielerische Hochleistung, wenn man die U-Bahn Rolltreppe runterfällt aber NE, ALLES GUT, HAT NICHT WEH GETAN</text>
  </Document>
  <Document id="612852894887493632">
    <relevance>true</relevance>
    <sentiment>negative</sentiment>
    <Opinions>
      <Opinion category="InfoAcoustic#BarrierOthers" polarity="negative" from="0" to="9" target="Durchsage" category_de="Infodurchsage#Sonstiges_Barriere"/>
    </Opinions>
    <text>Durchsage am Bahnhof &quot;S12 nach Düren, Abfahrt 7:20 Uhr, fällt heute aus&quot;.  Die S12 ist dafür ziemlich pünktlich abgefahren.</text>
  </Document>
  <Document id="1366775512698339334">
    <relevance>false</relevance>
    <sentiment>neutral</sentiment>
    <Opinions/>
    <text>Nur noch sechs Tage bis Bochum zur feministischen Großbaustelle wird. Weitere Infos zur dezentralen Demo am 8.März folgen bald! 🚧 https://t.co/dFH6TchD6S</text>
  </Document>
  <Document id="1003754596748136449">
    <relevance>true</relevance>
    <sentiment>neutral</sentiment>
    <Opinions/>
    <text>Deutschlands wohl prominentesten #Trampelpfad findet man am #Reichstag: Er führt von der SW-Ecke des Paul-Löbe-Hauses (Fußachse von HBF kommend) über den Platz der Republik Richtung Brandenburger Tor bzw. provisorisches Besucherzentrum des Bundestages https://t.co/U0IZWCkquL</text>
  </Document>
  <Document id="687941769854607361">
    <relevance>true</relevance>
    <sentiment>positive</sentiment>
    <Opinions>
      <Opinion category="Lift#Availability" polarity="positive" from="24" to="30" target="Aufzug" category_de="Aufzug#Betrieb"/>
    </Opinions>
    <text>DBliftbot Nürnberg Hbf, Aufzug zu Gleis 22/23 ist wieder betriebsbereit. https://t.co/FyK4n19EC6 https://t.co/0axGVqZ6mo</text>
  </Document>
  <Document id="1355490908616216578">
    <relevance>true</relevance>
    <sentiment>neutral</sentiment>
    <Opinions>
      <Opinion category="ConstructionSite#Main" polarity="neutral" from="239" to="248" target="Baustelle" category_de="Baustelle#Haupt"/>
    </Opinions>
    <text>@DB_Bahn + @unsereOEBB: Bei vielen Zügen steht dabei, dass &quot;aufgrund der aktuellen Lage dieser Zug nicht täglich von XY nach Wien/Salzburg fährt&quot; und man auf die Verkehrstage achten solle. Das scheinen die Tage zu sein. Ist der Grund eine Baustelle? Corona?</text>
  </Document>
  <Document id="1359566643760889858">
    <relevance>true</relevance>
    <sentiment>neutral</sentiment>
    <Opinions/>
    <text>@SchanzenINI ich erinner mich immer noch, als ich einem Raucher mit Zigarette die Rolltreppe in S-Bahn Heimfeld hinterherfuhr, wurde mir vom Rauch richtig schlecht....</text>
  </Document>
  <Document id="674803257806467072">
    <relevance>false</relevance>
    <sentiment>neutral</sentiment>
    <Opinions/>
    <text>Neue LED-Anzeigetafel für Olten https://t.co/JsxFNubd3J #IT #Verkehr #News</text>
  </Document>
  <Document id="1075010186417500160">
    <relevance>true</relevance>
    <sentiment>neutral</sentiment>
    <Opinions/>
    <text>@ZynAltruist Äh...der Flughafen in Berlin wurde deswegen nicht fertig und in Tokio hat eine radioaktive Riesenechse die Börse plattgetrampelt.</text>
  </Document>
  <Document id="625562606133231616">
    <relevance>true</relevance>
    <sentiment>neutral</sentiment>
    <Opinions/>
    <text>RT @DB_Bahn: @dat_leth Ja, ein Triebwagen brannte. Wann und wie es genau weiter geht, steht leider noch nicht fest. Bitte daher auf Ansagen…</text>
  </Document>
  <Document id="612300884173803520">
    <relevance>true</relevance>
    <sentiment>neutral</sentiment>
    <Opinions/>
    <text>#nowow2006 durchsage in der bahn: u6/7 bedient wieder die Station Hauptwache</text>
  </Document>
  <Document id="619141669326356480">
    <relevance>true</relevance>
    <sentiment>negative</sentiment>
    <Opinions>
      <Opinion category="InfoAcoustic#Availability" polarity="negative" from="103" to="109" target="Ansage" category_de="Infodurchsage#Betrieb"/>
    </Opinions>
    <text>Hallo @RMVinfo &amp; @RMVdialog am Bhf FFM Mühlberg fahren weder die S1 (&gt;WI) noch die S2 (&gt;NDHSN) - keine Ansage am Gleis. Was ist da los?</text>
  </Document>
  <Document id="675770201997225984">
    <relevance>true</relevance>
    <sentiment>neutral</sentiment>
    <Opinions/>
    <text>Idioten am Bahnhof reißen Aufzugtüren während der Fahrt auf. Polizei am Telefon so: Wenn noch nichts kaputt ist können wir nichts machen.</text>
  </Document>
  <Document id="868574950172442624">
    <relevance>true</relevance>
    <sentiment>neutral</sentiment>
    <Opinions/>
    <text>Vor der Fahrt zum Flughafen noch schnell die Toilettenbeleuchtung inspizieren. https://t.co/gYQHQGV1A9</text>
  </Document>
  <Document id="683320250499121152">
    <relevance>false</relevance>
    <sentiment>neutral</sentiment>
    <Opinions/>
    <text>#verkehr Stadtverkehr: Frankenschnellweg: Fürth - Nürnberg - zwischen Kreuzung Rothenburger Straße und der Kreuzung An den Rampen // ...</text>
  </Document>
  <Document id="1051587780072153089">
    <relevance>true</relevance>
    <sentiment>negative</sentiment>
    <Opinions>
      <Opinion category="Escalator#Availability" polarity="negative" from="79" to="89" target="Rolltreppe" category_de="Rolltreppe#Betrieb"/>
    </Opinions>
    <text>So schön es war, ach! es währte nicht lang. @DB_Bahn @RMVdialog  Die nagelneue Rolltreppe an der S-Bahn OF-Ledermuseum, Ausgang Ost, ist mal wieder defekt. 🙈💩 https://t.co/wW19q7qsFv</text>
  </Document>
  <Document id="772023740821626881">
    <relevance>true</relevance>
    <sentiment>negative</sentiment>
    <Opinions>
      <Opinion category="Demonstration#Main" polarity="negative" from="24" to="30" target="Aufzug" category_de="Demo#Haupt"/>
    </Opinions>
    <text>RT @BVG_Bus: 197: wegen Aufzug fährt die Linie nicht zwischen Blumberger Damm/Eisenacher Straße und Spremberger Straße. #BVG</text>
  </Document>
  <Document id="826340101936529408">
    <relevance>true</relevance>
    <sentiment>negative</sentiment>
    <Opinions>
      <Opinion category="InfoDisplay#BarrierOthers" polarity="negative" from="71" to="83" target="Anzeigetafel" category_de="Infoanzeige#Sonstiges_Barriere"/>
    </Opinions>
    <text>@DVBAG Wie geht's der Linie 80 vom Flughafen in Richtung Omsewitz? Die Anzeigetafel am Infostand zeigt nichts dazu an...</text>
  </Document>
  <Document id="662300405796364288">
    <relevance>true</relevance>
    <sentiment>negative</sentiment>
    <Opinions>
      <Opinion category="ccidentsMobilityGroups#Main" polarity="negative" from="12" to="18" target="Unfall" category_de="Unfall#Haupt"/>
    </Opinions>
    <text>Tragischer #Unfall: Rollstuhlfahrerin stirbt durch Kollision mit Straßenbahn in #Frankfurt-Nied. https://t.co/zdhz9IX4pY</text>
  </Document>
  <Document id="747464552489619456">
    <relevance>true</relevance>
    <sentiment>negative</sentiment>
    <Opinions>
      <Opinion category="Lift#Availability" polarity="negative" from="42" to="48" target="Aufzug" category_de="Aufzug#Betrieb"/>
    </Opinions>
    <text>Infolge einer technischen Störung ist der Aufzug Bahnhof Trebbin zum Bstg. 1 zur Zeit gestört. #T2</text>
  </Document>
  <Document id="710124594875801600">
    <relevance>true</relevance>
    <sentiment>negative</sentiment>
    <Opinions>
      <Opinion category="Escalator#Availability" polarity="negative" from="73" to="84" target="Rolltreppen" category_de="Rolltreppe#Betrieb"/>
    </Opinions>
    <text>So lustig wenn Menschen am. Hbf einfach mal den notknopf drücken bei den Rolltreppen und das an beiden trolltreppen</text>
  </Document>
  <Document id="626440524170444800">
    <relevance>true</relevance>
    <sentiment>negative</sentiment>
    <Opinions>
      <Opinion category="InfoAcoustic#BarrierOthers" polarity="negative" from="6" to="24" target="bahnansagemenschis" category_de="Infodurchsage#Sonstiges_Barriere"/>
    </Opinions>
    <text>Liebe bahnansagemenschis. Ich bin mir relativ sicher dass es Düsseldorf Flughafen heißt. Nicht Pflukaven.  Herzlichst,  Jan  #Bahn #re2</text>
  </Document>
  <Document id="988669593005772800">
    <relevance>true</relevance>
    <sentiment>negative</sentiment>
    <Opinions>
      <Opinion category="Escalator#Availability" polarity="negative" from="50" to="60" target="Rolltreppe" category_de="Rolltreppe#Betrieb"/>
    </Opinions>
    <text>Liebe @DB_Bahn, bereits seit Wochen quietscht die Rolltreppe am Hamburger Hbf, Südsteg Gleis 13/14. Wollt ihr da nicht mal ran?</text>
  </Document>
  <Document id="744259558151970816">
    <relevance>false</relevance>
    <sentiment>neutral</sentiment>
    <Opinions/>
    <text>Ähnlich wie #BER Subunternehmer ist wohl für Beleuchtungskrimskram zuständig. Klappt NICHT. #StandWithOrlando</text>
  </Document>
  <Document id="872898957281767424">
    <relevance>true</relevance>
    <sentiment>neutral</sentiment>
    <Opinions/>
    <text>Antwort: ich hab kein Auto, fahre mit der Bahn, im Sommer trampe ich auch schon mal!</text>
  </Document>
  <Document id="862975451383443456">
    <relevance>true</relevance>
    <sentiment>neutral</sentiment>
    <Opinions/>
    <text>#kasselwilhelmshöhe mit Parkplatz statt Gebäude, KFZ-Rampen zu Gleisen und ohne Toiletten geplant. Was für ein obskures Menschenbild damals! https://t.co/mRzxPjk64b</text>
  </Document>
  <Document id="674142720764571648">
    <relevance>true</relevance>
    <sentiment>negative</sentiment>
    <Opinions>
      <Opinion category="Lift#Availability" polarity="negative" from="9" to="15" target="Aufzug" category_de="Aufzug#Betrieb"/>
    </Opinions>
    <text>@DB_Bahn Aufzug in Mühlheim/Main IMMER NOCH defekt!</text>
  </Document>
  <Document id="1006102061124149249">
    <relevance>true</relevance>
    <sentiment>neutral</sentiment>
    <Opinions>
      <Opinion category="BarrierOthers#Main" polarity="neutral" from="0" to="20" target="Behindertenparkplatz" category_de="Sonstiges_Barriere#Haupt"/>
    </Opinions>
    <text>Behindertenparkplatz: Saftige Busse für Rollstuhlfahrer https://t.co/9WiNEWUaoV #verkehr #sozialbetrug</text>
  </Document>
  <Document id="991071568234209287">
    <relevance>true</relevance>
    <sentiment>negative</sentiment>
    <Opinions>
      <Opinion category="Ramp#Barrier_Others" polarity="negative" from="98" to="103" target="Rampe" category_de="Rampe#Sonstiges_Barriere"/>
      <Opinion category="Ramp#Barrier_Others" polarity="negative" from="169" to="178" target="Rampe ist" category_de="Rampe#Sonstiges_Barriere"/>
    </Opinions>
    <text>@regina_kittler @BahnhofWuhletal Ich gebe ihnen gerne mal einen Rollstuhl zum schieben. 🤣  5x die Rampe #U_Elsterwerdaer_Platz (der Bahnhof ist der schlimmste 😡 - keine Rampe ist länger) rauf - Und sie werden diesen Bahnhof genau so hassen!   Alternativ können sie es auch gerne mit einem Rollator probieren.🤣</text>
  </Document>
  <Document id="723760990161113088">
    <relevance>true</relevance>
    <sentiment>negative</sentiment>
    <Opinions>
      <Opinion category="Escalator#Availability" polarity="negative" from="7" to="18" target="Rolltreppen" category_de="Rolltreppe#Betrieb"/>
    </Opinions>
    <text>Alle 4 Rolltreppen am #Hauptbahnhof defekt. #Nürnberg https://t.co/UkyTpbptSt</text>
  </Document>
  <Document id="1360948796902035457">
    <relevance>true</relevance>
    <sentiment>neutral</sentiment>
    <Opinions/>
    <text>Baustelle Bahn - Falsche Weichenstellung im Südwesten?  #S21 benötigt weitere 20 km Tunnelstrecke, um überhaupt den Deutschlandtakt bewältigen zu können. Für weitere Milliarden Euro zusätzlich zu den bereits anfallenden. https://t.co/56bxBdr256</text>
  </Document>
  <Document id="784748779408912384">
    <relevance>false</relevance>
    <sentiment>neutral</sentiment>
    <Opinions/>
    <text>@BILD den Gutmenschen welche immer noch saublöd und blind sind werden die Trümmer noch um die Ohren fliegen das ist gut so</text>
  </Document>
  <Document id="1042508814023569409">
    <relevance>true</relevance>
    <sentiment>negative</sentiment>
    <Opinions>
      <Opinion category="Lift#Availability" polarity="negative" from="12" to="18" target="Aufzug" category_de="Aufzug#Betrieb"/>
    </Opinions>
    <text>Derzeit ist Aufzug 5 an der Stadtbahnbrücke über den Hauptbahnhof aus technischen Gründen außer Betrieb.</text>
  </Document>
  <Document id="768713390864883716">
    <relevance>true</relevance>
    <sentiment>negative</sentiment>
    <text>Bremerhaven Hbf: Aufzug zu Bstg 4/5 has changed state from ACTIVE to INACTIVE</text>
    <Opinions>
      <Opinion category="Lift#Availability" from="17" to="23" target="Aufzug" polarity="negative" category_de="Aufzug#Betrieb"/>
    </Opinions>
  </Document>
  <Document id="637338066282278912">
    <relevance>true</relevance>
    <sentiment>neutral</sentiment>
    <Opinions/>
    <text>Bären im Yosemite, Löwen in Simbabwe? Alles für Warmduscher. Der neue Hit ist:  Linksstehen auf Rolltreppen  Auch ih Ihrem Bahnhof</text>
  </Document>
  <Document id="1000507680509882368">
    <relevance>true</relevance>
    <sentiment>neutral</sentiment>
    <Opinions/>
    <text>Die haben bei Civil War am Leipziger Flughafen gedreht omggg. Dort wo Spideyyy war, bin ich schon so oft lang gelaufen, ich sterbeee. Und Bucky ist auf der Rolltreppe gelandet, die ich schon so oft benutzt hab ahhh</text>
  </Document>
  <Document id="681405871298052096">
    <relevance>false</relevance>
    <sentiment>neutral</sentiment>
    <Opinions/>
    <text>ÖAMTC meldet: Autobahnknoten Vösendorf Unfall, rechter Fahrstreifen blockiert, Auf der Rampe Altmannsdorf… https://t.co/KESG6OHSOr</text>
  </Document>
  <Document id="1367443810733719555">
    <relevance>false</relevance>
    <sentiment>neutral</sentiment>
    <Opinions/>
    <text>@Alko_Toerti Rolltreppe im Einkaufszentrum :D</text>
  </Document>
  <Document id="1357958721213779968">
    <relevance>false</relevance>
    <sentiment>neutral</sentiment>
    <Opinions/>
    <text>Hab ich was verpasst!? Da waren 3 Wachen... oben sinds nur noch 2, wo is der Dude der mit Tiny den Aufzug hoch ist!? #TheExpanse</text>
  </Document>
  <Document id="683372085633236992">
    <relevance>false</relevance>
    <sentiment>neutral</sentiment>
    <Opinions/>
    <text>@SPIEGELONLINE &quot;Breaking Bad auf Deutsch&quot; dürfte so ähnlich ausfallen wie die Ähnlichkeit zwischen einem Trampeltier und einem Pferd.</text>
  </Document>
  <Document id="641125639744016384">
    <relevance>true</relevance>
    <sentiment>neutral</sentiment>
    <Opinions/>
    <text>#SichtVonObenDesTages  #08092015  #Frankfurt #Rolltreppenblues @ U-Bahnhof Alte Oper https://t.co/oHqZvJu1kJ</text>
  </Document>
  <Document id="671362125537927168">
    <relevance>true</relevance>
    <sentiment>neutral</sentiment>
    <Opinions/>
    <text>@5_nickels @platznehmen  vom HBF sind kleine Gruppen Richtung Innenstadt gelaufen ..auch der Rollstuhlfahrer mit dabei ( Legida Fan )</text>
  </Document>
  <Document id="682257486531944449">
    <relevance>true</relevance>
    <sentiment>neutral</sentiment>
    <Opinions/>
    <text>Wir: *sitzen auf der längsten Rolltreppe die ich je gesehen hab* Lynn: *schreit durch den ganzen Bahnhof* WIR SIND BEEHINDERT</text>
  </Document>
  <Document id="766632951144714240">
    <relevance>true</relevance>
    <sentiment>neutral</sentiment>
    <Opinions/>
    <text>@DB_Bahn Aufzug an Gleis 1</text>
  </Document>
  <Document id="752892074740113408">
    <relevance>false</relevance>
    <sentiment>neutral</sentiment>
    <Opinions/>
    <text>#Krawalle in #Rigaer Straße 94 - Das passiert, wenn man auf dem linken Auge blind ist. Politiker, schützt endlich eure Bürger! #Terror#Linke</text>
  </Document>
  <Document id="1085154016592572421">
    <relevance>false</relevance>
    <sentiment>neutral</sentiment>
    <Opinions/>
    <text>RT @Rainer_Wiedey: Bei Schäden: Generalunternehmer und Eigentümer haften auf der Baustelle | https://t.co/7KD0D6cVrX https://t.co/rbY1BNdgma</text>
  </Document>
  <Document id="716967629655826432">
    <relevance>true</relevance>
    <sentiment>positive</sentiment>
    <text>Halle (Saale) Hbf: Aufzug zu Gleis 6, Bstg 5/6 has changed state from ACTIVE to TEST_ACTIVE</text>
    <Opinions>
      <Opinion category="Lift#Availability" from="19" to="25" target="Aufzug" polarity="positive" category_de="Aufzug#Betrieb"/>
    </Opinions>
  </Document>
  <Document id="675709558296330243">
    <relevance>false</relevance>
    <sentiment>neutral</sentiment>
    <Opinions/>
    <text>https://t.co/SqTVPPisDC #nachrichten | Unfall in Aschaffenburg - Frau stürzt mit Einkaufswagen in Aufzugschacht</text>
  </Document>
  <Document id="668788820800888832">
    <relevance>true</relevance>
    <sentiment>negative</sentiment>
    <Opinions>
      <Opinion category="Lift#Availability" polarity="negative" from="32" to="38" target="Aufzug" category_de="Aufzug#Betrieb"/>
      <Opinion category="Lift#Availability" polarity="neutral" from="32" to="38" target="Aufzug" category_de="Aufzug#Betrieb"/>
    </Opinions>
    <text>Im Bahnhof Ludwigsfelde ist der Aufzug zu den Gleisen 2/4 defekt. Die Instandsetzung ist bereits veranlasst. #T2</text>
  </Document>
  <Document id="1366780905633816576">
    <relevance>false</relevance>
    <sentiment>neutral</sentiment>
    <Opinions/>
    <text>@stadioncheck Spontan fiel mir das Estádio Municipal in Braga ein, aber es hat sogar nur auf zwei Seiten eine Tribüne. Dafür steht auf der Felswand eine Anzeigetafel, falls das für das Kriterium „ausgebaut“ ausreicht.</text>
  </Document>
  <Document id="760845330636210176">
    <relevance>true</relevance>
    <sentiment>negative</sentiment>
    <text>Hagen Hbf: Aufzug zu Gleis 3-6 has changed state from UNKNOWN to INACTIVE</text>
    <Opinions>
      <Opinion category="Lift#Availability" from="11" to="17" target="Aufzug" polarity="negative" category_de="Aufzug#Betrieb"/>
    </Opinions>
  </Document>
  <Document id="999664157174784001">
    <relevance>true</relevance>
    <sentiment>neutral</sentiment>
    <Opinions/>
    <text>die trampeln, die mit rucksack am rücken in der ubahn sitzen und doof schauen, wenn man an ihnen ankommt.</text>
  </Document>
  <Document id="685814711888261120">
    <relevance>true</relevance>
    <sentiment>negative</sentiment>
    <Opinions>
      <Opinion category="Lift#Availability" polarity="negative" from="23" to="29" target="Aufzug" category_de="Aufzug#Betrieb"/>
    </Opinions>
    <text>In Hamburg Hbf ist der Aufzug Gl 7/8 bis vorraussichtlich 14.01.2016 ausser Betrieb. #T2</text>
  </Document>
  <Document id="748129872266944513">
    <relevance>true</relevance>
    <sentiment>negative</sentiment>
    <Opinions>
      <Opinion category="Escalator#Availability" polarity="negative" from="9" to="19" target="Rolltreppe" category_de="Rolltreppe#Betrieb"/>
    </Opinions>
    <text>Wenn die Rolltreppe mal wieder kaputt ist am S-Bahnhof https://t.co/zySmjGeZK2</text>
  </Document>
  <Document id="777138863710072832">
    <relevance>false</relevance>
    <sentiment>neutral</sentiment>
    <Opinions/>
    <text>RT @PolizeiHamburg: #Blankenese:Der Aufzug hat den ersten Zwischenkundgebungsort in der Bahnhofstraße erreicht. Redebeiträge laufen. Aktuel…</text>
  </Document>
  <Document id="629248631326015488">
    <relevance>false</relevance>
    <sentiment>neutral</sentiment>
    <Opinions/>
    <text>#This train is fourteen minutes late, I'm sorry&quot; #bahnAnsagen #Bahn</text>
  </Document>
  <Document id="724488230201122816">
    <relevance>true</relevance>
    <sentiment>negative</sentiment>
    <text>Bochum Hbf: Aufzug zwischen Gleis 5/6 und Erdgeschoss has changed state from UNKNOWN to INACTIVE</text>
    <Opinions>
      <Opinion category="Lift#Availability" from="12" to="18" target="Aufzug" polarity="negative" category_de="Aufzug#Betrieb"/>
    </Opinions>
  </Document>
  <Document id="703501700620009476">
    <relevance>true</relevance>
    <sentiment>neutral</sentiment>
    <Opinions/>
    <text>Hauptsache aus der U-Bahn drängeln, rennen um dann gemütlich auf der Rolltreppe zu stehen</text>
  </Document>
  <Document id="694138139405860864">
    <relevance>true</relevance>
    <sentiment>positive</sentiment>
    <Opinions>
      <Opinion category="InfoDisplay#Avaiability" polarity="positive" from="64" to="77" target="Anzeigetafeln" category_de="Infoanzeige#Betrieb"/>
    </Opinions>
    <text>Jo. Bahn hat eine &quot;Störung&quot;; bekommt keine Strom mehr, aber die Anzeigetafeln funktionieren noch... ISS KLAAAAAAR.</text>
  </Document>
  <Document id="674551667187036161">
    <relevance>true</relevance>
    <sentiment>neutral</sentiment>
    <Opinions/>
    <text>@ordinary_words Der ist wenn du am HBF reingehst und direkt die erste rechte Rolltreppe hochfährst und dann auf der linken Seite :3</text>
  </Document>
  <Document id="678880368674623488">
    <relevance>false</relevance>
    <sentiment>neutral</sentiment>
    <Opinions/>
    <text>Rolltreppenverkehrsordnung (RoVO): Links gehen, rechts stehen. Darüber hinaus vgl. Straße mit 2 Fahrspuren. (Rechtsfahrgebot,...)</text>
  </Document>
  <Document id="656796603324461056">
    <relevance>false</relevance>
    <sentiment>neutral</sentiment>
    <Opinions/>
    <text>STELLWERK aktuell wurde soeben publiziert! https://t.co/MZGI96oX3a Dank an @ibotrampe @ABSCIS @archstudium</text>
  </Document>
  <Document id="1365668104920064001">
    <relevance>false</relevance>
    <sentiment>neutral</sentiment>
    <Opinions/>
    <text>Ganz viel liebe für die Anzeigetafel von @sv98 gestern</text>
  </Document>
  <Document id="744794956640837632">
    <relevance>true</relevance>
    <sentiment>negative</sentiment>
    <Opinions>
      <Opinion category="Escalator#Availability" polarity="negative" from="82" to="93" target="Rolltreppen" category_de="Rolltreppe#Betrieb"/>
    </Opinions>
    <text>@DB_Bahn @DerExperte @never_everS21 könnte man auch bitte weitergeben, dass diese Rolltreppen gefühlt wöchentlich ausfallen?</text>
  </Document>
  <Document id="1076085104810831872">
    <relevance>true</relevance>
    <sentiment>negative</sentiment>
    <Opinions>
      <Opinion category="Ramp#Availability" polarity="negative" from="14" to="19" target="rampe" category_de="Rampe#Betrieb"/>
    </Opinions>
    <text>@earlybird445 rampe sbahn hbf stgt rep beduerftig eingl betrieb? Das zu whn. @zvw_redaktion @BILD_News</text>
  </Document>
  <Document id="864432883532001280">
    <relevance>true</relevance>
    <sentiment>negative</sentiment>
    <Opinions>
      <Opinion category="InfoDisplay#Avaiability" polarity="negative" from="67" to="80" target="Anzeigetafeln" category_de="Infoanzeige#Betrieb"/>
    </Opinions>
    <text>Tja, und jetzt stehe ich hier am Umstiegsbahnhof in der Pampa ohne Anzeigetafeln und der angekündigte Intercity taucht nicht auf...</text>
  </Document>
  <Document id="809091352336146432">
    <relevance>true</relevance>
    <sentiment>negative</sentiment>
    <Opinions>
      <Opinion category="InfoDisplay#BarrierOthers" polarity="negative" from="125" to="137" target="Anzeigetafel" category_de="Infoanzeige#Sonstiges_Barriere"/>
    </Opinions>
    <text>@DVBAG was ist denn mit der 9? Stand gerade am HBF Nord mit 1 Minute angeschlagen und verschwand dann ohne Kommentar von der Anzeigetafel!?</text>
  </Document>
  <Document id="1354133475968901124">
    <relevance>false</relevance>
    <sentiment>neutral</sentiment>
    <Opinions/>
    <text>In Deutschland gibt es Regeln ohne Ende und wir sind bekannt dafür jede noch so dumme Regel umzusetzen....  Aber wir bekommen es im Vergleich zu allen anderen Ländern dieser Erde nicht hin, auf der Rolltreppe rechts zu stehen und links zu gehen... 🙈</text>
  </Document>
  <Document id="724868019885891584">
    <relevance>true</relevance>
    <sentiment>neutral</sentiment>
    <Opinions/>
    <text>Ich wurde heute schon auf der Rolltreppe bei der U-Bahn schräg von hinten mit &quot;Na, haste geguckt? Gestern? Staffel 6?&quot; angequatscht. #GoT</text>
  </Document>
  <Document id="864386669092511744">
    <relevance>true</relevance>
    <sentiment>neutral</sentiment>
    <Opinions/>
    <text>Gelernt: Die Anzeigetafeln der Bahn sind frei im Web verfügbar und können auf jedem Monitor daheim angezeigt werden.</text>
  </Document>
  <Document id="690431400114257920">
    <relevance>true</relevance>
    <sentiment>negative</sentiment>
    <Opinions>
      <Opinion category="InfoDisplay#Avaiability" polarity="negative" from="74" to="87" target="Anzeigetafeln" category_de="Infoanzeige#Betrieb"/>
    </Opinions>
    <text>@Dennse Auf Gleis 3 Bonn Hbf haben sie vor einigen Wochen auch gleich die Anzeigetafeln für Züge abgebaut. FUD: Fear, Uncertainty &amp; Doubt ;)</text>
  </Document>
  <Document id="882164833097064448">
    <relevance>true</relevance>
    <sentiment>neutral</sentiment>
    <Opinions/>
    <text>DB 218 385-3 abgestellt an der alten Laderampe im/am Bhf Niebüll, dahi #trainpicsvol2de https://t.co/stg1TMmfOm https://t.co/DI2WYA4cZx</text>
  </Document>
  <Document id="682987731023192064">
    <relevance>true</relevance>
    <sentiment>negative</sentiment>
    <Opinions>
      <Opinion category="InfoDisplay#Avaiability" polarity="negative" from="25" to="37" target="Anzeigetafel" category_de="Infoanzeige#Betrieb"/>
    </Opinions>
    <text>@DB_Bahn Der untere Teil Anzeigetafel Gleis 3 bei C richtung Aufzug in Kassel-Wilhelmshöhe &quot;flackert&quot; und ist scheinbar in Partylaune.</text>
  </Document>
  <Document id="1044584365286543361">
    <relevance>false</relevance>
    <sentiment>neutral</sentiment>
    <Opinions/>
    <text>++Blutig gebissen &amp; geschändet!++ Ein an Widerlichkeit kaum zu überbietendes Verbrechen: Eine gehbehinderte, kleinwüchsige Frau wird von einem Nigerianer auf offener Straße vergewaltigt.  Der Täter infiziert sie mit Hepatitis B. #LtwHessen: 🗳️ #AfD! ➡️ https://t.co/BaPFDaWHBj https://t.co/vsRyEO5Tpt</text>
  </Document>
  <Document id="687541072709468161">
    <relevance>true</relevance>
    <sentiment>negative</sentiment>
    <Opinions>
      <Opinion category="Lighting#Availability" polarity="negative" from="116" to="127" target="Beleuchtung" category_de="Beleuchtung#Betrieb"/>
    </Opinions>
    <text>S-Bahn München #MVV - Als Fahrgast ist man schon froh, wenn die S-Bahn kommt und man einen Sitzplatz hat. Heizung + Beleuchtung? Unwichtig!</text>
  </Document>
  <Document id="653589934834614272">
    <relevance>true</relevance>
    <sentiment>neutral</sentiment>
    <Opinions/>
    <text>- &quot;Das ist Blindtext.&quot; Kunde: &quot;Können Sie mir den kürzesten Weg zum Bahnhof sagen?&quot;</text>
  </Document>
  <Document id="987971863757443072">
    <relevance>true</relevance>
    <sentiment>neutral</sentiment>
    <Opinions/>
    <text>Mit dem Rollstuhl über die Bahn skaten #wcmx https://t.co/QElmheWSx3</text>
  </Document>
  <Document id="1362798176588161034">
    <relevance>false</relevance>
    <sentiment>neutral</sentiment>
    <Opinions/>
    <text>Höhenretter befreien verletzten Bauarbeiter aus Moniereisen  Höhenretter der Feuerwehr haben am Freitag auf einer Großbaustelle in Essen einen Arbeiter gerettet,  der sich zwischen Moniereisen verfangen hatte. Der 32-Jährige sei in eine Grube  ...  https://t.co/IIcp3GuC1F</text>
  </Document>
  <Document id="668688705138376704">
    <relevance>true</relevance>
    <sentiment>positive</sentiment>
    <Opinions>
      <Opinion category="InfoDisplay#Avaiability" polarity="positive" from="9" to="21" target="Anzeigetafel" category_de="Infoanzeige#Betrieb"/>
    </Opinions>
    <text>Wow, die Anzeigetafel am Bahnhof ist seit &gt;4 Monaten wieder repariert. Jetzt kann ich endlich wieder sehen, dass sich der Zug verspätet...</text>
  </Document>
  <Document id="713096363471421440">
    <relevance>true</relevance>
    <sentiment>positive</sentiment>
    <text>Hagen Hbf: Aufzug zu Gleis 1/2 has changed state from TEST_ACTIVE to ACTIVE</text>
    <Opinions>
      <Opinion category="Lift#Availability" from="11" to="17" target="Aufzug" polarity="positive" category_de="Aufzug#Betrieb"/>
    </Opinions>
  </Document>
  <Document id="1071720105569148933">
    <relevance>true</relevance>
    <sentiment>negative</sentiment>
    <Opinions>
      <Opinion category="Lift#Availability" polarity="negative" from="69" to="79" target="Fahrstühle" category_de="Aufzug#Betrieb"/>
    </Opinions>
    <text>@DB_Bahn Hi, am Bahnhof Springe (S5 nach Hannover) funktionieren die Fahrstühle nicht. Gibt's da für Rollstuhlfahrer Lösungen, um nach Hannover zu kommen? Der GVH leitet mich diesbezüglich auch an Sie. Über Ihre Rückmeldung würde ich mich sehr freuen. =)</text>
  </Document>
  <Document id="617310460505890816">
    <relevance>true</relevance>
    <sentiment>negative</sentiment>
    <Opinions>
      <Opinion category="InfoAcoustic#BarrierOthers" polarity="negative" from="67" to="73" target="ansage" category_de="Infodurchsage#Sonstiges_Barriere"/>
    </Opinions>
    <text>@SBahnBerlin fährt die s1 richtung wannsee nicht? man versteht die ansage am s nordbahnhof quasi gar nicht!</text>
  </Document>
  <Document id="821065588000911361">
    <relevance>true</relevance>
    <sentiment>positive</sentiment>
    <Opinions>
      <Opinion category="Lighting#Availability" polarity="positive" from="21" to="32" target="Beleuchtung" category_de="Beleuchtung#Betrieb"/>
    </Opinions>
    <text>RT @SBahnBerlin: Die Beleuchtung auf dem Bahnhof #Blankenburg funktioniert wieder</text>
  </Document>
  <Document id="717710807476342784">
    <relevance>true</relevance>
    <sentiment>neutral</sentiment>
    <Opinions/>
    <text>@Benztown2005 die unendliche Geschichte des Ludwigsburger Aufzugs zur S-Bahn https://t.co/AzWqmAAatF</text>
  </Document>
  <Document id="634677696073699329">
    <relevance>true</relevance>
    <sentiment>negative</sentiment>
    <Opinions>
      <Opinion category="InfoAcoustic#Availability" polarity="negative" from="58" to="68" target="durchsagen" category_de="Infodurchsage#Betrieb"/>
    </Opinions>
    <text>@DB_Bahn Das war super gelöst von euch! Einfach mal nicht durchsagen, wie die beste Alternativverbindung nach Weimar ist #ice 787!!!!!!!!!</text>
  </Document>
  <Document id="635000546894737408">
    <relevance>true</relevance>
    <sentiment>negative</sentiment>
    <Opinions>
      <Opinion category="InfoAcoustic#BarrierOthers" polarity="negative" from="63" to="73" target="Durchsagen" category_de="Infodurchsage#Sonstiges_Barriere"/>
    </Opinions>
    <text>U-Bahn-fahrendes Queenchen fährt U-Bahn.  Suche Übersetzer für Durchsagen.</text>
  </Document>
  <Document id="696626067973476352">
    <relevance>true</relevance>
    <sentiment>negative</sentiment>
    <Opinions>
      <Opinion category="Lift#Availability" polarity="negative" from="16" to="22" target="Aufzug" category_de="Aufzug#Betrieb"/>
    </Opinions>
    <text>Heidelberg Hbf, Aufzug zu Bstg 4/5 ist defekt. (10:25)</text>
  </Document>
  <Document id="1012081194148737029">
    <relevance>true</relevance>
    <sentiment>negative</sentiment>
    <Opinions>
      <Opinion category="Escalator#Availability" polarity="negative" from="36" to="46" target="Rolltreppe" category_de="Rolltreppe#Betrieb"/>
    </Opinions>
    <text>Dafür ist seit über einem Monat die Rolltreppe am S-Bahnhof Heimfeld defekt. Kümmert das jemanden? @SBahnHamburg @BAHarburg https://t.co/MBEdnz2BWG</text>
  </Document>
  <Document id="662574439360561153">
    <relevance>true</relevance>
    <sentiment>positive</sentiment>
    <Opinions>
      <Opinion category="Escalator#Availability" polarity="positive" from="17" to="27" target="Rolltreppe" category_de="Rolltreppe#Betrieb"/>
    </Opinions>
    <text>@maz_potsdam Die Rolltreppe von der S-Bahn in den Bahnhof funktioniert wieder, das ist ja das spektakuläre! ;-)</text>
  </Document>
  <Document id="736060980229111808">
    <relevance>true</relevance>
    <sentiment>positive</sentiment>
    <Opinions>
      <Opinion category="Escalator#Availability" polarity="positive" from="8" to="18" target="rolltreppe" category_de="Rolltreppe#Betrieb"/>
      <Opinion category="GroundLevelAccess#Main" polarity="positive" from="68" to="82" target="treppensteigen" category_de="Stufenfrei_Hoehengleich#Haupt"/>
    </Opinions>
    <text>oh, die rolltreppe am hbf nord funktioniert wieder. heute also kein treppensteigen. kein schlechter anfang für diesen freitag.</text>
  </Document>
  <Document id="1078770811069186048">
    <relevance>false</relevance>
    <sentiment>neutral</sentiment>
    <Opinions/>
    <text>@thomaskowtsch Klingt ja nach Großbaustelle - viel Spass &amp; Erfolg!</text>
  </Document>
  <Document id="737693051381022720">
    <relevance>true</relevance>
    <sentiment>neutral</sentiment>
    <Opinions/>
    <text>@Mezgrman willst du dir einen bahnhof bauen ? so viele anzeigetafeln bei dir xD</text>
  </Document>
  <Document id="1368954566465761280">
    <relevance>false</relevance>
    <sentiment>neutral</sentiment>
    <Opinions/>
    <text>5 bis 40°C waschbar und bitte nicht den Aufzug.</text>
  </Document>
  <Document id="683354608878620672">
    <relevance>false</relevance>
    <sentiment>neutral</sentiment>
    <Opinions/>
    <text>@PolizeiSachsen Ist es möglich bei ihnen online eine Vermisstenanzeige aufzugeben?</text>
  </Document>
  <Document id="999535150802366464">
    <relevance>true</relevance>
    <sentiment>neutral</sentiment>
    <Opinions/>
    <text>@FrauBeng Man könnte auch großflächig plakatieren, das man aus Wagen drei am Flughafen als erstes an der Rolltreppe ist. Das müsste als Argument doch ziehen!</text>
  </Document>
  <Document id="1371811469323550730">
    <relevance>false</relevance>
    <sentiment>neutral</sentiment>
    <Opinions/>
    <text>@Peddaderdicke bitte Düsseldorf nicht vergessen . 2000 Menschen waren mindestens da und haben friedliche demonstriert. Nachher wurde  sogar noch ein Aufzug durchgeführt , den manche  Polizisten mit teils sehr aggressiven auftreten zum eskalieren bringen wollten.</text>
  </Document>
  <Document id="902913567762112512">
    <relevance>true</relevance>
    <sentiment>neutral</sentiment>
    <Opinions/>
    <text>Juhuuuuuuu es geht wieder in die Bahn - zum Spieleabend. Also erst im Zug rummaulen und dann wieder &quot;Pedal &amp; Pöbel&quot;. Oder Pamp &amp; Strampel</text>
  </Document>
  <Document id="627098226982813697">
    <relevance>true</relevance>
    <sentiment>neutral</sentiment>
    <Opinions/>
    <text>@germanwings gibt es bei #blindbooking einen Mindestaufenthalt? Oder theoretisch freitag 23uhr Abflug und next day Samstag 08uhr zurück?</text>
  </Document>
  <Document id="985811109000155136">
    <relevance>true</relevance>
    <sentiment>neutral</sentiment>
    <Opinions/>
    <text>@Muelheim_Ruhr @Radschnellweg1 Es darf vermutet werden, dass das Zählwerk z.Zt. noch deutlich tief stapelt, da der meiste Verkehr von der Rampe am Hbf nach Osten gehen dürfte.</text>
  </Document>
  <Document id="797119512600518656">
    <relevance>true</relevance>
    <sentiment>negative</sentiment>
    <Opinions>
      <Opinion category="Lighting#Availability" polarity="negative" from="33" to="53" target="Bahnsteigbeleuchtung" category_de="Beleuchtung#Betrieb"/>
    </Opinions>
    <text>#RB33 Aufgrund von ausgefallener Bahnsteigbeleuchtung können wir nicht in #Hochfeld Süd halten.</text>
  </Document>
  <Document id="699505469535219712">
    <relevance>true</relevance>
    <sentiment>negative</sentiment>
    <Opinions>
      <Opinion category="Escalator#Availability" polarity="negative" from="0" to="10" target="Rolltreppe" category_de="Rolltreppe#Betrieb"/>
    </Opinions>
    <text>Rolltreppe am Bhf #Stettbach seit mind. Freitag (wieder) defekt. Wurde doch grad erst revisioniert? Grüsse aus der S12 ;-) @RailService</text>
  </Document>
  <Document id="1367764643037450244">
    <relevance>false</relevance>
    <sentiment>neutral</sentiment>
    <Opinions/>
    <text>@No_Bore_Dom @Karl_Lauterbach @HerrTinnbart Hab altes Paar zu unserm Impfzentrum gebracht, OK, war nicht viel los, lt Anzeigetafel waren nur 91 zu Impfende zur gleichen Zeit da, aber Abstand (mit Bestuhlung!) ca 10m innerhalb der Schlangen, zwischen den Schlangen 8m, sämtlich Helfer mit med. FFP3, war positiv überrascht.</text>
  </Document>
  <Document id="806977347173908480">
    <relevance>true</relevance>
    <sentiment>negative</sentiment>
    <Opinions>
      <Opinion category="InfoDisplay#Avaiability" polarity="negative" from="40" to="53" target="Anzeigetafeln" category_de="Infoanzeige#Betrieb"/>
    </Opinions>
    <text>Stuttgarter! In Eurem Hbf tief sind die Anzeigetafeln ausgefallen!</text>
  </Document>
  <Document id="653515814402813952">
    <relevance>true</relevance>
    <sentiment>positive</sentiment>
    <Opinions>
      <Opinion category="InfoDisplay#Avaiability" polarity="positive" from="59" to="75" target="LED-Anzeigetafel" category_de="Infoanzeige#Betrieb"/>
    </Opinions>
    <text>Bessere Kundeninformation: Bahnhof Zürich erhält eine neue LED-Anzeigetafel.: Die SBB modernisiert ... http://t.co/Ax4sBBaQ0p #news #sbb</text>
  </Document>
  <Document id="1032246668484378625">
    <relevance>true</relevance>
    <sentiment>neutral</sentiment>
    <Opinions/>
    <text>@woksoll @cem_oezdemir Kneissl ist ein Landtrampel aus der Steiermark, in Amman, Jordanien aufgewachsen und kennt Wien maximal vom Flughafen Zwischenstopp</text>
  </Document>
  <Document id="1027126012260364288">
    <relevance>true</relevance>
    <sentiment>neutral</sentiment>
    <Opinions/>
    <text>RT @robin_urban: &quot;Kann ich ein Rollstuhltaxi zum Bahnhof bestellen?&quot; &quot;Ja, das ist kein Problem.&quot; &quot;Gut! Das ist so typisch, da will ich einm…</text>
  </Document>
  <Document id="629347443969290240">
    <relevance>true</relevance>
    <sentiment>neutral</sentiment>
    <Opinions/>
    <text>@BahnAnsagen in der S-Bahn: Hallo an alle die zugestiegen sind. Wir sind hier in der realen Welt. Ich versuche nun die Verspätung aufzuholen</text>
  </Document>
  <Document id="648943232735428608">
    <relevance>true</relevance>
    <sentiment>negative</sentiment>
    <Opinions>
      <Opinion category="Escalator#Availability" polarity="negative" from="37" to="47" target="Rolltreppe" category_de="Rolltreppe#Betrieb"/>
    </Opinions>
    <text>Hurra, an der seit &gt;1 Woche defekten Rolltreppe am S-Bhf Ohlsdorf wurde endlich was getan! Nu hamse einen &quot;Defekt&quot;-Aufkleber rangeklebt @hvv</text>
  </Document>
  <Document id="697384343799492609">
    <relevance>true</relevance>
    <sentiment>neutral</sentiment>
    <Opinions/>
    <text>@Mister_Knopf @ZottelderZub Ich stell mir gerade einen Zug mit Fernlicht, allen Türen offen, ohne Beleuchtung vor, der im Bahnhof gerade...</text>
  </Document>
  <Document id="1013409028335169536">
    <relevance>true</relevance>
    <sentiment>neutral</sentiment>
    <Opinions/>
    <text>RT @annalist: Radfahrer mal anders.  Sportlicher älterer Hipster auf Rennrad heizt Invalidenstraße am Hbf vorbei, Fußgängerampel ist grün.…</text>
  </Document>
  <Document id="684035452693786625">
    <relevance>true</relevance>
    <sentiment>negative</sentiment>
    <Opinions>
      <Opinion category="InfoDisplay#Avaiability" polarity="negative" from="56" to="68" target="Anzeigetafel" category_de="Infoanzeige#Betrieb"/>
    </Opinions>
    <text>@DB_Bahn Könnt ihr Bescheid geben, dass in Eichenau die Anzeigetafel auf Gleis 2 beidseitig komplett kaputt ist? https://t.co/sKTCd7R02M</text>
  </Document>
  <Document id="1365691792138592256">
    <relevance>false</relevance>
    <sentiment>neutral</sentiment>
    <Opinions/>
    <text>@CollinasErben meine Frage betrifft zwar nicht den Schiedsrichter, aber den vierten Offiziellen: warum ist dieser sich seit Corona zu Schade, die Anzeigetafel zu halten? Warum wird das seit Corona von den Mitarbeitern des jeweiligen Vereins übernommen?</text>
  </Document>
  <Document id="929446978488098816">
    <relevance>true</relevance>
    <sentiment>neutral</sentiment>
    <Opinions/>
    <text>@RampeRampensen @Marekita Hässlichster Bahnhof Deutschlands. Das ist ein Fakt.</text>
  </Document>
  <Document id="1371582009827602435">
    <relevance>true</relevance>
    <sentiment>negative</sentiment>
    <Opinions>
      <Opinion category="Escalator#Availability" polarity="negative" from="69" to="80" target="Rolltreppen" category_de="Rolltreppe#Betrieb"/>
    </Opinions>
    <text>@DB_Bahn ... und 129 Jahre Jahre später ist es eine Lotterie, ob die Rolltreppen am Fernbahnhof Frankfurt Flughafen, Hannover Hbf, Köln Hbf. funktionieren oder schwere Koffer doch hoch- und runter geschleppt werden müssen. Danke für diesen Alttagskitzel, @DB_Bahn</text>
  </Document>
  <Document id="1356565555008987142">
    <relevance>true</relevance>
    <sentiment>positive</sentiment>
    <Opinions>
      <Opinion category="Lift#Availability" polarity="positive" from="72" to="78" target="Aufzug" category_de="Aufzug#Betrieb"/>
    </Opinions>
    <text>Voerde setzt sich bei Betuwe-Ausbau durch: Friedrichsfeld kriegt seinen Aufzug für den Bahnhof https://t.co/3rDeroYBAY</text>
  </Document>
  <Document id="1082528116621406208">
    <relevance>true</relevance>
    <sentiment>neutral</sentiment>
    <Opinions/>
    <text>Ein verzogenes blag, das rumschreit, heult und mit Füßen trampelt, weil es einen bestimmten Sitzplatz in der Bahn nicht haben kann. 🤦‍♀️</text>
  </Document>
  <Document id="667789092776763392">
    <relevance>true</relevance>
    <sentiment>negative</sentiment>
    <Opinions>
      <Opinion category="Escalator#Availability" polarity="negative" from="36" to="47" target="Rolltreppen" category_de="Rolltreppe#Betrieb"/>
    </Opinions>
    <text>Kaum wird es kalt, geben die S-Bahn Rolltreppen den Geist auf: heute Bundesplatz und Westend</text>
  </Document>
  <Document id="704715699512610816">
    <relevance>true</relevance>
    <sentiment>neutral</sentiment>
    <Opinions/>
    <text>RT @BVG_Bus: 200: der Aufzug Tiergarten/ Potsdamer Platz ist für diese Linie beendet. #BVG</text>
  </Document>
  <Document id="1010864515813081088">
    <relevance>true</relevance>
    <sentiment>negative</sentiment>
    <Opinions>
      <Opinion category="Escalator#Barrier_Others" polarity="negative" from="85" to="95" target="Rolltreppe" category_de="Rolltreppe#Sonstiges_Barriere"/>
    </Opinions>
    <text>@raz0rback2 @RMVinfo @SBahnRheiNeckar @DB_Bahn 😖 Das ist immer noch die quietschende Rolltreppe? An welcher Haltestelle war das nochmal?  Ich kann es dann nur entsprechend an @db_bahn weiterleiten. Ich empfehle auch die 3S-Zentrale zur kontaktieren. /ch</text>
  </Document>
  <Document id="678790237557030912">
    <relevance>true</relevance>
    <sentiment>neutral</sentiment>
    <Opinions>
      <Opinion category="Lift#Availability" polarity="negative" from="42" to="48" target="Aufzug" category_de="Aufzug#Betrieb"/>
      <Opinion category="Lift#Availability" polarity="positive" from="42" to="48" target="Aufzug" category_de="Aufzug#Betrieb"/>
    </Opinions>
    <text>Infolge einer technischen Störung ist der Aufzug im Bahnhof Luckenwalde Bstg. 4 defekt. Die Instandsetzung ist bereits veranlasst #T2</text>
  </Document>
  <Document id="1355912292274229251">
    <relevance>false</relevance>
    <sentiment>neutral</sentiment>
    <Opinions/>
    <text>⚽️Wir verwandeln auch ihr Sportgelände in eine Fussballarena.⚽️ Jetzt die spielfreie Zeit nutzen.  Für weitere Infos einfach melden 👍 #solarbetriebene #Anzeigetafel #Spielstandanzeige #Werbung #Sponsoring #Marketing #Fussball  #Fussballarena #Stadionfeeling https://t.co/VjWZaC8Rh8</text>
  </Document>
  <Document id="606381788420820992">
    <relevance>true</relevance>
    <sentiment>negative</sentiment>
    <Opinions>
      <Opinion category="InfoDisplay#BarrierOthers" polarity="negative" from="4" to="21" target="Bahn-Anzeigetafel" category_de="Infoanzeige#Sonstiges_Barriere"/>
    </Opinions>
    <text>Die Bahn-Anzeigetafel hat mich angelogen. Keine Bohne für Bibbsch :( @UnfNUg</text>
  </Document>
  <Document id="705846848028872705">
    <relevance>true</relevance>
    <sentiment>negative</sentiment>
    <Opinions>
      <Opinion category="Lift#Availability" polarity="negative" from="20" to="26" target="Aufzug" category_de="Aufzug#Betrieb"/>
    </Opinions>
    <text>Rostock Hbf ist der Aufzug C 1 (Bstg.3) defekt. Der zweite Höhe Bahnsteig 7 geht #T2</text>
  </Document>
  <Document id="687907901046943744">
    <relevance>true</relevance>
    <sentiment>positive</sentiment>
    <Opinions>
      <Opinion category="Lift#Availability" polarity="positive" from="24" to="30" target="Aufzug" category_de="Aufzug#Betrieb"/>
    </Opinions>
    <text>DBliftbot Nürnberg Hbf, Aufzug zu Gleis 20/21 ist wieder betriebsbereit. https://t.co/kqyBfIPzHq https://t.co/bM2eAIbZnK</text>
  </Document>
  <Document id="1033745274353659906">
    <relevance>true</relevance>
    <sentiment>negative</sentiment>
    <Opinions>
      <Opinion category="Lift#Availability" polarity="negative" from="37" to="43" target="Aufzug" category_de="Aufzug#Betrieb"/>
    </Opinions>
    <text>Bahnhof in EU: nach 2 Wochen ist der Aufzug zu einem Gleis nicht repariert... Leider nichts Ungewöhnliches hier...</text>
  </Document>
  <Document id="640810416088739840">
    <relevance>false</relevance>
    <sentiment>neutral</sentiment>
    <Opinions/>
    <text>Wie geil ist das denn? Blinde #Gutmenschen beschleunigen das unausweichliche. Vielen Dank #ARD für diesen Aufruf! https://t.co/JSfBmuZNjm</text>
  </Document>
  <Document id="1374150508743626753">
    <relevance>false</relevance>
    <sentiment>neutral</sentiment>
    <Opinions/>
    <text>@Achilles_Hellas wie der eine die Rolltreppe wieder hoch geht hahahah</text>
  </Document>
  <Document id="1078769808274010112">
    <relevance>false</relevance>
    <sentiment>neutral</sentiment>
    <Opinions/>
    <text>@faiza_mustansar @Lovebomb11 @JazzyJxx @SeinU_NichtSein @Claratextet @MBreitenbach89 @MarkierStange @BolzAndrea @Paracleus @fred_lumma @AnJoBeQ @JaNuWatn @claudia_kade @welt @BinatulMahdi @rspctfl @masroor72658475 Hier geht es gerade um die Ablehnung homosexueller Gemeindemitglieder und deren Ausschluß von den Aktivitäten der Gemeinde. Da ist die Baustelle.</text>
  </Document>
  <Document id="988421996886347778">
    <relevance>true</relevance>
    <sentiment>neutral</sentiment>
    <Opinions/>
    <text>#SSB VVS | Unfall Hst. Hohensteinstraße.  Richtung City. Auto an/auf Bahnsteigrampe geprallt. Gesehen eben in gegenfahrender Stadtbahn. #u15 #u7</text>
  </Document>
  <Document id="611931401378754560">
    <relevance>true</relevance>
    <sentiment>negative</sentiment>
    <Opinions>
      <Opinion category="InfoAcoustic#BarrierOthers" polarity="negative" from="82" to="91" target="Durchsage" category_de="Infodurchsage#Sonstiges_Barriere"/>
    </Opinions>
    <text>@vag: was da los in der U2 in Hohe Marter? 500 Menschen in der Bahn verstehen die Durchsage auf dem Bahnsteig leider nicht...</text>
  </Document>
  <Document id="688958278261444609">
    <relevance>true</relevance>
    <sentiment>negative</sentiment>
    <Opinions>
      <Opinion category="Escalator#Availability" polarity="negative" from="43" to="53" target="Rolltreppe" category_de="Rolltreppe#Betrieb"/>
    </Opinions>
    <text>@DB_Bahn es sollte sich jemand zeitnah die Rolltreppe Duisburg hbf Gleis 3 und 4 Nord Eingang angucken. Brummt und steht.</text>
  </Document>
  <Document id="1007666581487456256">
    <relevance>true</relevance>
    <sentiment>negative</sentiment>
    <Opinions>
      <Opinion category="GroundLevelAccess#Main" polarity="negative" from="83" to="89" target="Treppe" category_de="Stufenfrei_Hoehengleich#Haupt"/>
      <Opinion category="Escalator#Availability" polarity="negative" from="95" to="105" target="Rolltreppe" category_de="Rolltreppe#Betrieb"/>
    </Opinions>
    <text>@DB_Presse @BahnAnsagen Atmen spontaner Gleiswechsel in der Minute der Abfahrt mit Treppe ohne Rolltreppe #dBahn #noservice #ic140 #Hannover</text>
  </Document>
  <Document id="638546245091463168">
    <relevance>true</relevance>
    <sentiment>negative</sentiment>
    <Opinions>
      <Opinion category="Lift#Availability" polarity="negative" from="39" to="45" target="Aufzug" category_de="Aufzug#Betrieb"/>
    </Opinions>
    <text>Im Bahnhof Cottbus ist auf Gleis 6 der Aufzug defekt #T2</text>
  </Document>
  <Document id="825080394609467392">
    <relevance>true</relevance>
    <sentiment>negative</sentiment>
    <Opinions>
      <Opinion category="Lighting#Availability" polarity="negative" from="50" to="64" target="Notbeleuchtung" category_de="Beleuchtung#Betrieb"/>
    </Opinions>
    <text>RT @HHAnonymous: S-Bahn Zug reboot. Licht, selbst Notbeleuchtung aus, Türen nicht bedienbar verschlossen. Wer designed solche Systeme? #jus…</text>
  </Document>
  <Document id="1079361287786774528">
    <relevance>false</relevance>
    <sentiment>neutral</sentiment>
    <Opinions/>
    <text>Zur Renovierung unseres Gartens waren wir mal auf der Suche nach einem Gärtner gewesen.   Wir kamen bereits nach kurzer Zeit in Kontakt mit einem Herren aus Portugal, der handwerklich auf unserer &quot;Baustelle&quot; wahre Wunder vollbracht hat.  Der Garten ist mittlerweile fertig.</text>
  </Document>
  <Document id="1085129228247543808">
    <relevance>false</relevance>
    <sentiment>neutral</sentiment>
    <Opinions/>
    <text>@MartinTriker @Nbg_steigt_ab @Auto_in_S Wenn es normalerweise für den Radverkehr freigegeben ist, ist es jetzt eine Vollsperrung für den Radverkehr (siehe oben: Ankündigung, Umleitung). Wie bei einer Baustelle.</text>
  </Document>
  <Document id="692958649375969280">
    <relevance>true</relevance>
    <sentiment>neutral</sentiment>
    <Opinions/>
    <text>Du bist#ranNFLsuechtig, wenn du am Bahnhof auf die Anzeigetafel schaust und dir denkst &quot;oh eine 2 minute warning&quot;</text>
  </Document>
  <Document id="701838713165324288">
    <relevance>true</relevance>
    <sentiment>negative</sentiment>
    <Opinions>
      <Opinion category="InfoDisplay#Avaiability" polarity="negative" from="12" to="25" target="anzeigetafeln" category_de="Infoanzeige#Betrieb"/>
    </Opinions>
    <text>@_td00_ die anzeigetafeln im HBF Stuttgart sind immer noch kaputt :/ :D</text>
  </Document>
  <Document id="1010137849486815234">
    <relevance>true</relevance>
    <sentiment>neutral</sentiment>
    <Opinions/>
    <text>.. gleich nochmal Mamataxi zum Bahnhof 🚉.. Dann ins Fitnessstudio... freistrampeln.. Kopf leer machen...</text>
  </Document>
  <Document id="1011580714284920832">
    <relevance>false</relevance>
    <sentiment>neutral</sentiment>
    <Opinions/>
    <text>&quot;Auf Zug wird gewartet...&quot;  &quot;Wir sind hier nicht aufm Bahnhof...&quot; &quot;Nee, ich meine, wenn Du in den 3. Stock willst...&quot; &quot;...?&quot; &quot;Aufzug wird gewartet!&quot; &quot;Achso...&quot;</text>
  </Document>
  <Document id="888113419366182912">
    <relevance>true</relevance>
    <sentiment>neutral</sentiment>
    <Opinions>
      <Opinion category="Lighting#Availability" polarity="neutral" from="27" to="38" target="Beleuchtung" category_de="Beleuchtung#Betrieb"/>
    </Opinions>
    <text>&quot;...das betrifft die Licht Beleuchtung...&quot; Sprecher im WDR zum Thema Reparatur der Elektrik der Kölner U-Bahn grade so.   Licht Beleuchtung.</text>
  </Document>
  <Document id="636433037799129088">
    <relevance>true</relevance>
    <sentiment>neutral</sentiment>
    <Opinions/>
    <text>Humorvolle Weckdurchsage der #Bahn: &quot;Guten Morgen. Aus unerklärlichen Gründen sind wir pünktlich.&quot; #nachtzug</text>
  </Document>
  <Document id="634392784108064768">
    <relevance>true</relevance>
    <sentiment>neutral</sentiment>
    <Opinions/>
    <text>wohl bemerkt: fertige #bahn-ansagen im zug(!) für störungen. die @DB_Bahn geht also grundsätzlich davon aus, dass es nicht läuft. m(</text>
  </Document>
  <Document id="1071070588058435587">
    <relevance>true</relevance>
    <sentiment>neutral</sentiment>
    <Opinions/>
    <text>Habe gerade eine obdachlose Frau im Rollstuhl zur U-Bahn geschoben. Ihr wurde alles geklaut und sie hat geweint und sich geschämt... Hab ihr noch 5€, ein Brötchen und ne Kippe geschenkt, sie hat sich sehr gefreut, aber ich bin jetzt ganz aufgelöst 😧</text>
  </Document>
  <Document id="744246171875614720">
    <relevance>true</relevance>
    <sentiment>neutral</sentiment>
    <Opinions/>
    <text>Ich liebe Zug fahren am Abend. Dunkle Wolken über den Städten, sanftes Rauschen der Bahn  und die langsam angehende Stadtbeleuchtung.</text>
  </Document>
  <Document id="725550299587465216">
    <relevance>true</relevance>
    <sentiment>negative</sentiment>
    <Opinions>
      <Opinion category="Lift#Availability" polarity="negative" from="64" to="70" target="Aufzug" category_de="Aufzug#Betrieb"/>
    </Opinions>
    <text>Wie immer:ORT @Regio_NRW: #RE2+#RE6.In #Düsseldorf Hbf defekter Aufzug auf Bahnsteig (cont) https://t.co/mp5BOri5hX</text>
  </Document>
  <Document id="661725740321361920">
    <relevance>true</relevance>
    <sentiment>negative</sentiment>
    <Opinions>
      <Opinion category="Escalator#Availability" polarity="negative" from="44" to="55" target="Rolltreppen" category_de="Rolltreppe#Betrieb"/>
    </Opinions>
    <text>Hallo Bahn; warten.Nope.Fucking die kaputte Rolltreppen hochlaufen; See The Light feat.</text>
  </Document>
  <Document id="973904713736388608">
    <relevance>false</relevance>
    <sentiment>neutral</sentiment>
    <Opinions/>
    <text>#PolizeiNRW #Köln #Leverkusen: Gehbehinderten Mann hinterrücks niedergestochen - Phantombild - Infos unter https://t.co/HNyzrcA2aC https://t.co/3j13cUs6xY</text>
  </Document>
  <Document id="1079503683577171968">
    <relevance>false</relevance>
    <sentiment>neutral</sentiment>
    <Opinions/>
    <text>Angebote für Wohnsitzlose fehlen und Menschen den Kältetod sterben, Autobahnbaustellen im Schneckentempo ausgebaut werden, weil Ausschreibungsprinzip und deswegen Millionen Arbeitnehmer im Stau stehen</text>
  </Document>
  <Document id="1069648117665013762">
    <relevance>true</relevance>
    <sentiment>negative</sentiment>
    <Opinions>
      <Opinion category="SpaceMobilityGroups#Main" polarity="negative" from="99" to="104" target="Platz" category_de="Platzangebot#Haupt"/>
    </Opinions>
    <text>@DB_Bahn mehrere Leute konnten gerade nicht in den re11 von Bochum nach Dortmund, da schlicht kein Platz mehr ist. Als gesunder Mensch konnte ich mich noch reinzwängen, Rollstuhlfahrer hätten keine Chance gehabt #Inklusion</text>
  </Document>
  <Document id="1360566822324559874">
    <relevance>false</relevance>
    <sentiment>neutral</sentiment>
    <Opinions/>
    <text>„Ich warte hier!“ sagte die Dame, die sich vor der Rolltreppe mit ihrem Einkaufswagen platziert hat, auf meine Nachfrage, ob sie weiß, dass sie im Weg steht 🙃</text>
  </Document>
  <Document id="875826838538530817">
    <relevance>true</relevance>
    <sentiment>neutral</sentiment>
    <Opinions/>
    <text>Bin selber vor ein paar Wochen fast vom Bus erwischt worden. Neue Ampelregelung war dem Fahrer unbekannt. Er achtete auf Fußgängerampel… https://t.co/lCWunzB7Uu</text>
  </Document>
  <Document id="675778513719398400">
    <relevance>false</relevance>
    <sentiment>neutral</sentiment>
    <Opinions/>
    <text>@PolizeiSachsen Was macht die Polizei weitab der Aufzugsstrecke mit Wasserwerfern? Deeskalation geht anders...</text>
  </Document>
  <Document id="626016819741085696">
    <relevance>true</relevance>
    <sentiment>neutral</sentiment>
    <Opinions/>
    <text>U-Bahn-Gang, weil es ein Parcour für den Alltag Blinder Leute is, und die sollen in so 'ne U-Bahn aus Sportmatratzen und so einsteigen 1/2</text>
  </Document>
  <Document id="740124177743642624">
    <relevance>true</relevance>
    <sentiment>neutral</sentiment>
    <Opinions/>
    <text>Ich bin heute Mehringdamm (Aufzug!) bis Ullsteinstr Ubahn mit dem Rad gefahren, weil der Tempelhofer Damm mir einfach zu gefährlich ist.</text>
  </Document>
  <Document id="682220736816263168">
    <relevance>true</relevance>
    <sentiment>neutral</sentiment>
    <Opinions/>
    <text>RT @_lama_Fr: Also ich meine so Selbstverständlichkeiten wie &quot;nicht den Ausstieg aus der Bahn versperren&quot; oder &quot;Rolltreppe - rechts stehen,…</text>
  </Document>
  <Document id="1023929728351326208">
    <relevance>true</relevance>
    <sentiment>negative</sentiment>
    <Opinions>
      <Opinion category="ccidentsMobilityGroups#Main" polarity="negative" from="52" to="61" target="überrollt" category_de="Unfall#Haupt"/>
    </Opinions>
    <text>Leichtsinniger Unfug! #bpol #Kassel ermittelt - Zug überrollt leeren Rollstuhl https://t.co/7RFeVvBRpv *ka</text>
  </Document>
  <Document id="991723473255858177">
    <relevance>true</relevance>
    <sentiment>negative</sentiment>
    <Opinions>
      <Opinion category="Ramp#Availability" polarity="negative" from="41" to="46" target="Rampe" category_de="Rampe#Betrieb"/>
    </Opinions>
    <text>100% VON HIER: Langwieriges Verfahren um Rampe im Bahnhof Davensberg https://t.co/PquzmqkoFN</text>
  </Document>
  <Document id="1358117217540448257">
    <relevance>false</relevance>
    <sentiment>neutral</sentiment>
    <Opinions/>
    <text>@TheCorsten Sie haben es tatsächlich noch geschafft. Ganz ohne Rolltreppe unfassbar😂🤣 https://t.co/NxsAayfRFM</text>
  </Document>
  <Document id="1368242332018081797">
    <relevance>true</relevance>
    <sentiment>negative</sentiment>
    <Opinions>
      <Opinion category="Lift#Tidiness" polarity="negative" from="44" to="50" target="Aufzug" category_de="Aufzug#Atmosphaere"/>
    </Opinions>
    <text>Wer ist eigentlich für die Reinigung an dem Aufzug am Mehringplatz zuständig? Da sieht es furchtbar aus.  @BVG_Kampagne Hallesches Tor ist das glaube. https://t.co/StHyW4e5fl</text>
  </Document>
  <Document id="643033057046437888">
    <relevance>true</relevance>
    <sentiment>neutral</sentiment>
    <Opinions/>
    <text>&quot;Verehrte Fahrgäste, bitte beachten Sie: Weil die S-Bahn vor uns her fährt, fahren wir etwas gemütlicher durch die Gegend.&quot; @BahnAnsagen</text>
  </Document>
  <Document id="683048340280467456">
    <relevance>false</relevance>
    <sentiment>neutral</sentiment>
    <Opinions/>
    <text>Warum Unfall? Weil so arschkrampen Steine von der Brücke auf Autos geworfen haben.  Diese Wichser gehören geschlachtet.</text>
  </Document>
  <Document id="1360904992014622725">
    <relevance>false</relevance>
    <sentiment>neutral</sentiment>
    <Opinions/>
    <text>@fgdynamo @sgd1953_podcast Mein erster Moment: 14.09.1985 - ich war 7 Jahre alt und erinnere mich noch, wie wir auf das 10. Tor gewartet haben, damit an der einstelligen manuellen Anzeigetafel 1:0 steht - allein bei den Torschützen bekommt man heute Gänsehaut @DynamoDresden #sgd1953 https://t.co/vokgQ1FAe6</text>
  </Document>
  <Document id="646932865394049025">
    <relevance>false</relevance>
    <sentiment>neutral</sentiment>
    <Opinions/>
    <text>Wir sollten mehr Pirouetten drehen. Aber nur an Fußgängerampeln, in Wartezimmern und in Speisewagen. Der Rest der Welt: No-Pirouette-Zone.</text>
  </Document>
  <Document id="635886527495716864">
    <relevance>true</relevance>
    <sentiment>neutral</sentiment>
    <Opinions/>
    <text>Finde das Bahn-Durchsagen-Bingo nicht mehr, das heute in meiner TL aufgetaucht ist. Bitte!!! #followerpower</text>
  </Document>
  <Document id="1079081955763863552">
    <relevance>false</relevance>
    <sentiment>neutral</sentiment>
    <Opinions/>
    <text>@Borchi28051 @IchBinE05773384 @KathrinAnna @Ende__Gelaende Oh heftig ich dachte nicht das es echt so extrem schlimm ist. Das hört sich ja nach einer Baustelle an die wenn es so weiter geht mind 50jahre dauert.</text>
  </Document>
  <Document id="1355126075714580485">
    <relevance>true</relevance>
    <sentiment>negative</sentiment>
    <Opinions>
      <Opinion category="ConstructionSite#Main" polarity="negative" from="0" to="5" target="Umbau" category_de="Baustelle#Haupt"/>
      <Opinion category="ConstructionSite#Main" polarity="negative" from="131" to="140" target="Baustelle" category_de="Baustelle#Haupt"/>
    </Opinions>
    <text>Umbau U-Bahnhof Sendlinger Tor: Bis 7. März wieder Einschränkungen auf den Linien U1/U2/U8 https://t.co/SOYdMw6wbu #MVG #Muenchen #Baustelle</text>
  </Document>
  <Document id="621614159910838272">
    <relevance>true</relevance>
    <sentiment>neutral</sentiment>
    <Opinions/>
    <text>RT @BahnAnsagen: &quot;Wir haben Köln mit Verspätung verlassen, da die Verkehrsleitung mir nicht gesagt hat, dass ich diesen Zug fahren darf.&quot; (…</text>
  </Document>
  <Document id="675639193691901952">
    <relevance>true</relevance>
    <sentiment>negative</sentiment>
    <Opinions>
      <Opinion category="Escalator#Availability" polarity="negative" from="92" to="102" target="Rolltreppe" category_de="Rolltreppe#Betrieb"/>
    </Opinions>
    <text>Der Zutritt zur Treppe wird versperrt von einer riesigen Infotafel die über den Ausfall der Rolltreppe 40m weiter informiert.  Bahn ey...</text>
  </Document>
  <Document id="894957620993372163">
    <relevance>true</relevance>
    <sentiment>neutral</sentiment>
    <Opinions/>
    <text>Hole jetzt gleich die Delegation des @FCBarcelona am Flughafen ab, anschließend Grillen bei @DirkKrampe. Danach ist alles möglich.</text>
  </Document>
  <Document id="1003362003182813184">
    <relevance>true</relevance>
    <sentiment>neutral</sentiment>
    <Opinions/>
    <text>Naaaaa... welcher noch fünftgrößte Flughafen Deutschlands könnte da gemeint sein @HamburgAirport - ich wette er lag an der entfernten Rolltreppe, die das einzige am Flughafen war dass Sinn gemacht hat. Von der S-Bahn direkt zur Security? Ein Unding! https://t.co/6o7UuXgSr0</text>
  </Document>
  <Document id="1003207588274634752">
    <relevance>true</relevance>
    <sentiment>negative</sentiment>
    <Opinions>
      <Opinion category="Lift#Availability" polarity="negative" from="31" to="44" target="Fahrradaufzug" category_de="Aufzug#Betrieb"/>
    </Opinions>
    <text>Offenbar hat die Feuerwehr den Fahrradaufzug am RS 1 stillgelegt, nachdem sie vor einigen Tagen Radler, die darin stecken geblieben waren, befreien musste. Viele Radler müssen jetzt ihr Rad die Treppe hinunter tragen. Sehr ärgerlich. Eine Umleitung am HBF ist ausgeschildert. https://t.co/9guQfYZ6j1</text>
  </Document>
  <Document id="669760342348681216">
    <relevance>true</relevance>
    <sentiment>negative</sentiment>
    <Opinions>
      <Opinion category="Escalator#Availability" polarity="negative" from="22" to="32" target="Rolltreppe" category_de="Rolltreppe#Betrieb"/>
    </Opinions>
    <text>Tag zwei der defekten Rolltreppe U1 Hbf.Wo tausende entlang müssen. @hochbahn In Brasilien schicken Sie ein Trupp rein und fertig an 1 Tag</text>
  </Document>
  <Document id="676385249765535744">
    <relevance>true</relevance>
    <sentiment>negative</sentiment>
    <Opinions>
      <Opinion category="Escalator#Availability" polarity="negative" from="73" to="83" target="Rolltreppe" category_de="Rolltreppe#Betrieb"/>
    </Opinions>
    <text>@vgf_ffm Wird es an einer der südlichen Treppen denn wenigstens mal eine Rolltreppe geben?</text>
  </Document>
  <Document id="633722077095268352">
    <relevance>true</relevance>
    <sentiment>neutral</sentiment>
    <Opinions/>
    <text>@DB_Bahn Bin ich blind oder gibt es wirklich keine gesonderte Entschädigung, wenn der Zielbahnhof gar nicht mehr angefahren wird?</text>
  </Document>
  <Document id="687346524586508289">
    <relevance>true</relevance>
    <sentiment>positive</sentiment>
    <Opinions>
      <Opinion category="Lift#Availability" polarity="positive" from="4" to="10" target="Aufzug" category_de="Aufzug#Betrieb"/>
    </Opinions>
    <text>Der Aufzug in Neustrelitz Hbf ist wieder in Betrieb! Wir danken für die Meldung via Twitter Rainer #T2</text>
  </Document>
  <Document id="647227894327066624">
    <relevance>false</relevance>
    <sentiment>neutral</sentiment>
    <Opinions/>
    <text>Immer verkrümmte ein Stern seine Bahn  die Schwerkraft konnte ich nicht ahnen der Ereignisse Tugend fix und fest wie  Blindgänger unerfahrn</text>
  </Document>
  <Document id="1024932702670217216">
    <relevance>false</relevance>
    <sentiment>neutral</sentiment>
    <Opinions/>
    <text>Meint ihr diese Form von Rassismus, wenn ein alter gehbehinderter Mann von 3 verschleierten Damen vom Gehweg auf die Straße gedrängt wird, nur weil die “Damen” kein Platz machen wollen und ihn komplett ignorieren?    metwo</text>
  </Document>
  <Document id="1025978493203443714">
    <relevance>true</relevance>
    <sentiment>neutral</sentiment>
    <Opinions/>
    <text>Ihre Majestäten vor Mittag Ankunft in Rishiri Flughafen Sapporo Okadama Flughafen Flughafen (Sapporo) zu einer speziellen Maschine. Ich stieg von der Rampe mit dem Symbol der Insel, Rishiri im Hintergrund, und winkte mit einem Lächeln auf den Flughafen zu denen, die ihn trafen. . https://t.co/wJbRQZndF8</text>
  </Document>
  <Document id="631858795975700481">
    <relevance>true</relevance>
    <sentiment>neutral</sentiment>
    <Opinions/>
    <text>Belehrungsdurchsagen in der S8 mal was neues. #bahn</text>
  </Document>
  <Document id="1365264862474035202">
    <relevance>true</relevance>
    <sentiment>negative</sentiment>
    <Opinions>
      <Opinion category="Lift#Availability" polarity="negative" from="27" to="33" target="Aufzug" category_de="Aufzug#Betrieb"/>
    </Opinions>
    <text>Unbekannte Täter haben den Aufzug am Bautzener Bahnhof beschädigt. Die Bahn reagierte schnell. (SZ+) https://t.co/Xypksj0Swn</text>
  </Document>
  <Document id="626845006368796672">
    <relevance>true</relevance>
    <sentiment>neutral</sentiment>
    <Opinions/>
    <text>Neulich bei der Deutschen Bahn http://t.co/4wXcgeK6sK via @webfailDE @BahnAnsagen</text>
  </Document>
  <Document id="664681638111113216">
    <relevance>true</relevance>
    <sentiment>negative</sentiment>
    <Opinions>
      <Opinion category="Ramp#Availability" polarity="negative" from="48" to="62" target="Rollstuhlrampe" category_de="Rampe#Betrieb"/>
    </Opinions>
    <text>@SBahnBerlin In #Ostkreuz Gleis 12 ist wohl die Rollstuhlrampe abhanden gekommen? https://t.co/84JkPlfwAh</text>
  </Document>
  <Document id="642032615592214528">
    <relevance>true</relevance>
    <sentiment>negative</sentiment>
    <Opinions>
      <Opinion category="Lift#Availability" polarity="negative" from="42" to="48" target="Aufzug" category_de="Aufzug#Betrieb"/>
    </Opinions>
    <text>Infolge einer technischen Störung ist der Aufzug am Gleis 2 im Bahnhof Schwerin Mitte zur Zeit gestört. #T2</text>
  </Document>
  <Document id="621914393119457281">
    <relevance>true</relevance>
    <sentiment>negative</sentiment>
    <Opinions>
      <Opinion category="InfoAcoustic#BarrierOthers" polarity="negative" from="32" to="39" target="ansagen" category_de="Infodurchsage#Sonstiges_Barriere"/>
    </Opinions>
    <text>@BVG_Ubahn warum müsst ihr eure ansagen auf dem Bahnhof so brüllen. Mann hat auf Jannowitzbrückd nichts verstanden.</text>
  </Document>
  <Document id="699122185101832192">
    <relevance>true</relevance>
    <sentiment>positive</sentiment>
    <Opinions>
      <Opinion category="Lift#Availability" polarity="positive" from="24" to="30" target="Aufzug" category_de="Aufzug#Betrieb"/>
    </Opinions>
    <text>DBliftbot Nürnberg Hbf, Aufzug zu Gleis 22/23 ist wieder betriebsbereit. (07:30) https://t.co/EAY8uVigub https://t.co/MuaiHlcfJG</text>
  </Document>
  <Document id="1069633481074987008">
    <relevance>true</relevance>
    <sentiment>neutral</sentiment>
    <Opinions/>
    <text>@FrauPe @mvg Es gibt in einigen Ländern sogar zwei farbige Rolltreppen so stehen und gehen drauf markiert ist. Auch auf Flughäfen hab ich das schon gesehen</text>
  </Document>
  <Document id="927218281831858177">
    <relevance>true</relevance>
    <sentiment>positive</sentiment>
    <Opinions>
      <Opinion category="Lighting#Availability" polarity="positive" from="103" to="123" target="Bahnsteigbeleuchtung" category_de="Beleuchtung#Betrieb"/>
    </Opinions>
    <text>💡#RB25+#S13/#S19. In #Köln #Frankfurter Straße wurde ein Euro in die Anlage geworfen. Die ausgefallene Bahnsteigbeleuchtung leuchtet wieder.</text>
  </Document>
  <Document id="647085901928103940">
    <relevance>true</relevance>
    <sentiment>negative</sentiment>
    <Opinions>
      <Opinion category="InfoAcoustic#Availability" polarity="negative" from="64" to="70" target="Ansage" category_de="Infodurchsage#Betrieb"/>
      <Opinion category="InfoDisplay#Avaiability" polarity="negative" from="78" to="85" target="Anzeige" category_de="Infoanzeige#Betrieb"/>
    </Opinions>
    <text>@DB_Bahn warum rührt sich der IC 2295 in Frankfurt nicht? Keine Ansage, keine Anzeige😞</text>
  </Document>
  <Document id="745171421056270340">
    <relevance>true</relevance>
    <sentiment>negative</sentiment>
    <Opinions>
      <Opinion category="Lift#Availability" polarity="negative" from="4" to="10" target="Aufzug" category_de="Aufzug#Betrieb"/>
    </Opinions>
    <text>Der Aufzug an der Schlägerstraße aufs Gleis stadteinwärts ist derzeit außer Betrieb. Bitte weichen Sie auf die Geibelstr. aus.Danke. ^cw</text>
  </Document>
  <Document id="640777665088196608">
    <relevance>false</relevance>
    <sentiment>neutral</sentiment>
    <Opinions/>
    <text>@faznet vielleicht sollten man im Vorfeld weniger Illusionen für die Ansprüche an Integration aufbauen und nichts blind versprechen.</text>
  </Document>
  <Document id="804610253463621632">
    <relevance>true</relevance>
    <sentiment>negative</sentiment>
    <Opinions>
      <Opinion category="InfoDisplay#BarrierOthers" polarity="negative" from="35" to="47" target="Anzeigetafel" category_de="Infoanzeige#Sonstiges_Barriere"/>
    </Opinions>
    <text>Zeit ist relativ - was für die BVG Anzeigetafel eine Minute ist, sind für die BVG Uhr neben der Anzeigetafel neun Minuten #weilwirdichlieben</text>
  </Document>
  <Document id="608554036552458240">
    <relevance>true</relevance>
    <sentiment>negative</sentiment>
    <Opinions>
      <Opinion category="InfoAcoustic#Availability" polarity="negative" from="29" to="38" target="Durchsage" category_de="Infodurchsage#Betrieb"/>
    </Opinions>
    <text>@hochbahn U1 Buchenkamp. 'Ne Durchsage wegen Verspätung oder so gab's auch nicht. Wie so oft!</text>
  </Document>
  <Document id="672846928057663489">
    <relevance>true</relevance>
    <sentiment>neutral</sentiment>
    <Opinions/>
    <text>Im Flughafen auf der Rolltreppe grüsst mich ein Fremder mit “Grüezi Bruder”. Alles normal hier 😅👍</text>
  </Document>
  <Document id="697082172482711552">
    <relevance>true</relevance>
    <sentiment>neutral</sentiment>
    <Opinions/>
    <text>@BlarryOfficial Das machte die Bahn tatsächlich sympathisch... @DirkKrampe @KLF_AC</text>
  </Document>
  <Document id="1366421105393688582">
    <relevance>false</relevance>
    <sentiment>neutral</sentiment>
    <Opinions/>
    <text>@trassenfahrer Dann hoffen wir mal, dass es in Liga 4 noch eine Anzeigetafel gibt.😃😃</text>
  </Document>
  <Document id="676450494567575552">
    <relevance>true</relevance>
    <sentiment>negative</sentiment>
    <Opinions>
      <Opinion category="InfoDisplay#BarrierOthers" polarity="negative" from="0" to="12" target="Anzeigetafel" category_de="Infoanzeige#Sonstiges_Barriere"/>
    </Opinions>
    <text>Anzeigetafel: 1 min  Die Bahn ist aber nicht zu sehen... unangenehm belastend</text>
  </Document>
  <Document id="627190811621523456">
    <relevance>true</relevance>
    <sentiment>neutral</sentiment>
    <Opinions/>
    <text>wie so ein Volldepp mal kurz ins Gleis springt, der Ansager aus vollem Hals nur noch ins Mikro brüllt und jetzt für meine Bahn gesperrt ist.</text>
  </Document>
  <Document id="684024728877699072">
    <relevance>true</relevance>
    <sentiment>negative</sentiment>
    <Opinions>
      <Opinion category="GeneralBarrier#Main" polarity="negative" from="0" to="16" target="Rollstuhlfahrern" category_de="Allgemein_Barriere#Haupt"/>
      <Opinion category="GroundLevelAccess#Main" polarity="negative" from="66" to="114" target="in die neuen „National-Express“-Züge zu gelangen" category_de="Stufenfrei_Hoehengleich#Haupt"/>
    </Opinions>
    <text>Rollstuhlfahrern ist es am Drensteinfurter Bahnhof nicht möglich, in die neuen „National-Express“-Züge zu gelangen. https://t.co/8sLi0tX9fI</text>
  </Document>
  <Document id="649103321005957120">
    <relevance>false</relevance>
    <sentiment>neutral</sentiment>
    <Opinions/>
    <text>Guten Morgen zusammen :-) Die Bauarbeiten in der Dorenburg gehen weiter. Bald wird dank eines Aufzuges der... http://t.co/gEZth30uuP</text>
  </Document>
  <Document id="633633500378361856">
    <relevance>false</relevance>
    <sentiment>neutral</sentiment>
    <Opinions/>
    <text>@v4sch Das Blind-Booking wird von Österreich aus voraussichtlich Ende Herbst verfügbar sein ;). Beste Grüße, JD</text>
  </Document>
  <Document id="1003310751002570753">
    <relevance>true</relevance>
    <sentiment>neutral</sentiment>
    <Opinions/>
    <text>Auf dem FRA mit 1h Verspätung am Gate A38 und noch 22 Minuten bis zum RailExpress an T06 😱  Gerannt, in 16 Min dort, warten auf Gepäck 35 Min, Rolltreppen mit vollem Gepäck runtersprinten und auf den verspäteten ICE aufspringen 😎  Bis ZWS kommen wir schon mal 🙄</text>
  </Document>
  <Document id="1085237211698786304">
    <relevance>false</relevance>
    <sentiment>neutral</sentiment>
    <Opinions/>
    <text>Veranstaltung „Baustelle Bühnen“ (@ Haus der Architektur Köln in Köln) https://t.co/s2ltb1vRmp</text>
  </Document>
  <Document id="1028184596683337728">
    <relevance>true</relevance>
    <sentiment>negative</sentiment>
    <Opinions>
      <Opinion category="Lift#Availability" polarity="negative" from="40" to="46" target="Aufzug" category_de="Aufzug#Betrieb"/>
      <Opinion category="Lift#Availability" polarity="negative" from="138" to="144" target="Aufzug" category_de="Aufzug#Betrieb"/>
    </Opinions>
    <text>Aufzüge:  Infolge Umbauarbeiten ist der Aufzug im Bahnhof Potsdam Hbf Bstg.1/3 ausser Betrieb.  Infolge einer technischen Störung ist der Aufzug im Bahnhof Trebbin Bstg. 1 und 2/4 ausser Betrieb.  Infolge einer... https://t.co/oWb9wRcbZp</text>
  </Document>
  <Document id="754800220513378304">
    <relevance>true</relevance>
    <sentiment>negative</sentiment>
    <Opinions>
      <Opinion category="InfoDisplay#BarrierOthers" polarity="negative" from="60" to="72" target="anzeigetafel" category_de="Infoanzeige#Sonstiges_Barriere"/>
    </Opinions>
    <text>@berlinlinienbus mittlerweile ist sogar die strecke aus der anzeigetafel raus, heisst das jetzt der bus fährt nicht? #line1203</text>
  </Document>
  <Document id="631839947817881600">
    <relevance>true</relevance>
    <sentiment>neutral</sentiment>
    <Opinions/>
    <text>&quot;Heut ISS was los.....erst wollte ich Brief zum Sozial. bringen, kam auf diese Bahnstrecke die Durchsage,  Bahn... http://t.co/OaSKXyJuAc</text>
  </Document>
  <Document id="1078965828626849792">
    <relevance>false</relevance>
    <sentiment>neutral</sentiment>
    <Opinions/>
    <text>@freeolezer0onee @FlorianQuellman baustelle</text>
  </Document>
  <Document id="663602937311051776">
    <relevance>false</relevance>
    <sentiment>neutral</sentiment>
    <Opinions/>
    <text>Kleinkind bei Rolltreppe zwei Finger abgetrennt: Schrecklicher Unfall am Samstag in einem Einkaufsze... https://t.co/6CDbZjDvjm @krone_at</text>
  </Document>
  <Document id="623544108699660288">
    <relevance>true</relevance>
    <sentiment>neutral</sentiment>
    <Opinions/>
    <text>Die kuriosesten und lustigsten Ansagen in der Bahn - TRAVELBOOK.de http://t.co/UwI7hgCxcg #s21</text>
  </Document>
  <Document id="721316610275938304">
    <relevance>true</relevance>
    <sentiment>negative</sentiment>
    <Opinions>
      <Opinion category="Lift#Availability" polarity="negative" from="0" to="6" target="Aufzug" category_de="Aufzug#Betrieb"/>
    </Opinions>
    <text>Aufzug Gl. 5/6 in Hamburg Hbf defekt. #T2</text>
  </Document>
  <Document id="633980360485957632">
    <relevance>false</relevance>
    <sentiment>neutral</sentiment>
    <Opinions/>
    <text>@SPIEGELONLINE super sache,hoffentlich ist es bald für alle Blinden erschwinglich indem die Kasse zahlt mit Eigenanteil.</text>
  </Document>
  <Document id="601720385789362178">
    <relevance>true</relevance>
    <sentiment>neutral</sentiment>
    <Opinions/>
    <text>&quot;Flight two two to Saint Petersburg&quot; - die Frau bei der Ansage am Moskauer Flughafen bemüht sich sehr, es verschieden zu betonen.</text>
  </Document>
  <Document id="680686942363725824">
    <relevance>false</relevance>
    <sentiment>neutral</sentiment>
    <Opinions/>
    <text>Trampelt da ne beschissene Blaskapelle durch meine Straße u. weckt mich. Wieso??!!!!?!?</text>
  </Document>
  <Document id="1054277861400559616">
    <relevance>true</relevance>
    <sentiment>negative</sentiment>
    <Opinions>
      <Opinion category="Escalator#Availability" polarity="negative" from="105" to="115" target="Rolltreppe" category_de="Rolltreppe#Betrieb"/>
    </Opinions>
    <text>#Mainz Auch vier Wochen nach Wasserschaden durch Sturm Fabienne ist im Hauptbahnhof , Ausgang West, eine Rolltreppe gesperrt. Was weiß @DB_Bahn https://t.co/SOmpkc2EsH</text>
  </Document>
  <Document id="655301484779802624">
    <relevance>true</relevance>
    <sentiment>negative</sentiment>
    <Opinions>
      <Opinion category="Escalator#Availability" polarity="negative" from="33" to="43" target="Rolltreppe" category_de="Rolltreppe#Betrieb"/>
    </Opinions>
    <text>@SBahnBerlin Seit Wochen ist die Rolltreppe am #ostkreuz von Gleis 8 zum #Ringbahnsteig defekt. Ist Besserung in Sicht und, wenn ja, wann?</text>
  </Document>
  <Document id="644045178706247680">
    <relevance>true</relevance>
    <sentiment>neutral</sentiment>
    <Opinions>
      <Opinion category="InfoAcoustic#BarrierOthers" polarity="neutral" from="114" to="120" target="Ansage" category_de="Infodurchsage#Sonstiges_Barriere"/>
    </Opinions>
    <text>RT @DB_Bahn: @bsterix Toll. -_- Da hat dann wohl jemand etwas geschlafen, wenn der Zug schon steht. Oder gilt die Ansage einem anderen Zug?…</text>
  </Document>
  <Document id="1070988121024749568">
    <relevance>true</relevance>
    <sentiment>neutral</sentiment>
    <Opinions/>
    <text>Für mehr:  Auf der Rolltreppe stehen, statt drängeln.  Aussteigen lassen, statt sofort in die Bahn drängeln.  Geduld statt nervig zu hupen.  Achtsamkeit im Alltag.   Respekt vor den Mitmenschen.</text>
  </Document>
  <Document id="618838016124186624">
    <relevance>false</relevance>
    <sentiment>neutral</sentiment>
    <Opinions/>
    <text>Er parkt auf Behindertenparkplatz ggü. Hält Freundin &quot;Parkplatz&quot; frei. Sie parkt, sieht Schild, fährt wieder weg. Auf dem Auge blind, Typ?</text>
  </Document>
  <Document id="1070963900420517888">
    <relevance>true</relevance>
    <sentiment>negative</sentiment>
    <Opinions>
      <Opinion category="ccidentsMobilityGroups#Main" polarity="negative" from="25" to="37" target="verunfallten" category_de="Unfall#Haupt"/>
    </Opinions>
    <text>Feuerwehr Hamburg rettet verunfallten Rollstuhlfahrer aus Gleisbett der U-Bahn https://t.co/Sfr9n5PYgB https://t.co/s64NowrcY0</text>
  </Document>
  <Document id="1079440961816670213">
    <relevance>false</relevance>
    <sentiment>neutral</sentiment>
    <Opinions/>
    <text>@fraglich @Shadownator2 Der hat scheinbar mehr als eine geistige Baustelle</text>
  </Document>
  <Document id="676866307632033793">
    <relevance>true</relevance>
    <sentiment>neutral</sentiment>
    <Opinions/>
    <text>Die Rhein Niers Bahn (RB33) kommt die Kohlscheider-Rampe hoch aus Duisburg #bahnbilderde https://t.co/uj5Zo4x8jL https://t.co/RdHGmVDzkv</text>
  </Document>
  <Document id="1085145615355523073">
    <relevance>false</relevance>
    <sentiment>neutral</sentiment>
    <Opinions/>
    <text>Rund um die Baustelle am #Molkenmarkt staut es sich - bis ... mindestens  Sommer https://t.co/rvZFdGcuWU</text>
  </Document>
  <Document id="989432250474393600">
    <relevance>true</relevance>
    <sentiment>negative</sentiment>
    <Opinions>
      <Opinion category="Escalator#Availability" polarity="negative" from="28" to="38" target="Rolltreppe" category_de="Rolltreppe#Betrieb"/>
    </Opinions>
    <text>Toll Danke das diese drecks Rolltreppe im Arsch ist. Ubahn weg toll!!! Das wenn man Termin hat und krank ist    Für das drrckspack ware es nicht so passiert, denn dann sind ja bewusste Störungen. Es fällt auf!!!</text>
  </Document>
  <Document id="687674599329378305">
    <relevance>false</relevance>
    <sentiment>neutral</sentiment>
    <Opinions/>
    <text>Scheiß Fahrradfahrer. Strampelt den fucking Hügel hoch und belegt den ganzen Fahrstreifen. DU HÄTTEST AUCH AUF DEM GEHWEG SCHIEBEN KÖNNEN!</text>
  </Document>
  <Document id="763865273187401728">
    <relevance>true</relevance>
    <sentiment>neutral</sentiment>
    <Opinions/>
    <text>Die Rhein Niers Bahn (RB33) kommt die Kohlscheider-Rampe hoch aus Duisburg #bahnbilderde https://t.co/dbtYzeOdlD https://t.co/WHzBnqA61S</text>
  </Document>
  <Document id="987784224542461957">
    <relevance>true</relevance>
    <sentiment>neutral</sentiment>
    <Opinions/>
    <text>@MatjesB @DschungleQueen Weil die #hvv die ältesten Züge auf der Strecke einsetzt die sie haben. So ne SBahn Resterampe</text>
  </Document>
  <Document id="676301691264884736">
    <relevance>true</relevance>
    <sentiment>negative</sentiment>
    <Opinions>
      <Opinion category="Lift#Availability" polarity="negative" from="24" to="30" target="Aufzug" category_de="Aufzug#Betrieb"/>
    </Opinions>
    <text>@DB_Bahn @Regio_NRW Der Aufzug in Düsseldorf Derendorf ist wieder defekt. Tür unten klemmt. Wann wird der mal richtig repariert?</text>
  </Document>
  <Document id="692236893971443712">
    <relevance>true</relevance>
    <sentiment>positive</sentiment>
    <Opinions>
      <Opinion category="Lift#Availability" polarity="positive" from="24" to="30" target="Aufzug" category_de="Aufzug#Betrieb"/>
    </Opinions>
    <text>DBliftbot Nürnberg Hbf, Aufzug zu Gleis 12/13 ist wieder betriebsbereit. (07:34) https://t.co/e070ZUHvJ7 https://t.co/jMAZuhqA0v</text>
  </Document>
  <Document id="625345945367150593">
    <relevance>false</relevance>
    <sentiment>neutral</sentiment>
    <Opinions/>
    <text>@SZ @SimonHurtz Die Gesellschaft war auf dem rechten Auge blind. Typen wie #Sarrazin aber auch Politiker, haben d. DENKE salonfähig gemacht.</text>
  </Document>
  <Document id="1085128290745155584">
    <relevance>true</relevance>
    <sentiment>negative</sentiment>
    <Opinions>
      <Opinion category="BarrierOthers#Main" polarity="negative" from="251" to="268" target="Bahnhofs-WC nutze" category_de="Sonstiges_Barriere#Haupt"/>
    </Opinions>
    <text>Wenn Ronald Pofalla @DB_Bahn Chef wird:   🔹erklärt Mängel für beendet 🔹die Zahl der Waggons werden für ausreichend erklärt 🔹Sitzplatzreservierungen gibt es nur noch für 1. Klasse 🔹Bordbistro werden für funktionstüchtig erklärt 🔹Rollstuhlfahrer müssen Bahnhofs-WC nutzen</text>
  </Document>
  <Document id="848883173161304064">
    <relevance>true</relevance>
    <sentiment>neutral</sentiment>
    <Opinions/>
    <text>die hoffnung geht zu fuss  die hoffnung strampelt auf dem rad  die hoffnung fährt mit der bahn   die hoffnung... https://t.co/D0W0B858fO</text>
  </Document>
  <Document id="731254941571002368">
    <relevance>true</relevance>
    <sentiment>neutral</sentiment>
    <Opinions/>
    <text>Ich bin mir sicher dass der Aufzug zum Keller am Bahnhof Alexanderplatz mein Todesgrund wird.</text>
  </Document>
  <Document id="647171484092338176">
    <relevance>true</relevance>
    <sentiment>positive</sentiment>
    <Opinions>
      <Opinion category="InfoDisplay#Avaiability" polarity="positive" from="41" to="53" target="Anzeigetafel" category_de="Infoanzeige#Betrieb"/>
    </Opinions>
    <text>Lego im Grossformat! Bald steht die neue Anzeigetafel im Bahnhof Luzern! @sbbnews http://t.co/i8auJH1v7B</text>
  </Document>
  <Document id="1078954819170254848">
    <relevance>false</relevance>
    <sentiment>neutral</sentiment>
    <Opinions/>
    <text>Allerlei Linktipps für Familien mit großen und kleinen Kindern  #Malvorlagen #Internet #Weihnachten #Basteln #Hocker #Lampe #Wohnen #Einrichten #Baustelle #Bauen #Kinder #Tipps #Bauherr #Basteln #Familie https://t.co/y3NNvZwdQ4</text>
  </Document>
  <Document id="750580984844812292">
    <relevance>false</relevance>
    <sentiment>neutral</sentiment>
    <Opinions/>
    <text>@faznet man hatte das Internet wo man selber nachgucken könnte was die EU ist anstatt blind der boulevard Zeitung zu vertrauen</text>
  </Document>
  <Document id="637604552045412352">
    <relevance>true</relevance>
    <sentiment>negative</sentiment>
    <Opinions>
      <Opinion category="InfoAcoustic#Availability" polarity="negative" from="78" to="84" target="Ansage" category_de="Infodurchsage#Betrieb"/>
      <Opinion category="InfoDisplay#BarrierOthers" polarity="negative" from="102" to="108" target="Anzeig" category_de="Infoanzeige#Sonstiges_Barriere"/>
    </Opinions>
    <text>@DB_Bahn und #S7 #Wolfratshausen rtg. München Hbf 14:44 fährt mal wieder ohne Ansage und mit falscher Anzeig vom falschen Gleis 2 statt 1 ab</text>
  </Document>
  <Document id="612629083227336705">
    <relevance>true</relevance>
    <sentiment>neutral</sentiment>
    <Opinions/>
    <text>Macht Olli nicht auch die englischen Durchsagen für die Deutsche Bahn? #sanftundsorgfaeltig</text>
  </Document>
  <Document id="722759095145664512">
    <relevance>true</relevance>
    <sentiment>positive</sentiment>
    <Opinions>
      <Opinion category="Lift#Availability" polarity="positive" from="21" to="27" target="Aufzug" category_de="Aufzug#Betrieb"/>
    </Opinions>
    <text>Germering: Bahn baut Aufzug ein https://t.co/qOYTvuFJzR #DieNachrichten #sueddeutsche</text>
  </Document>
  <Document id="682135256149942272">
    <relevance>true</relevance>
    <sentiment>neutral</sentiment>
    <Opinions/>
    <text>@TrampelFee Öffentlich, in der Bahn ohne Chance auf Flucht. Ohne Rücksicht auf Verluste des Hörorgans?</text>
  </Document>
  <Document id="1353626321927237633">
    <relevance>false</relevance>
    <sentiment>neutral</sentiment>
    <Opinions/>
    <text>@mtwirth Stimmt, wenn einen Leute auf der Rolltreppe überholen oder direkt hinter dir fahren, ist das viel sicherer</text>
  </Document>
  <Document id="771421791919153153">
    <relevance>true</relevance>
    <sentiment>negative</sentiment>
    <Opinions>
      <Opinion category="Lighting#Availability" polarity="negative" from="35" to="55" target="Bahnsteigbeleuchtung" category_de="Beleuchtung#Betrieb"/>
    </Opinions>
    <text>@DB_Info in Walsrode ist sämtliche Bahnsteigbeleuchtung außer Betrieb!</text>
  </Document>
  <Document id="623071795336359936">
    <relevance>true</relevance>
    <sentiment>neutral</sentiment>
    <Opinions/>
    <text>@BahnAnsagen Die Deutsche Bahn Spar-Angebote: Sie sparen an Comfort und die DB an Geld ☺️#pünktlich #verdpätung</text>
  </Document>
  <Document id="702973406669631489">
    <relevance>true</relevance>
    <sentiment>positive</sentiment>
    <Opinions>
      <Opinion category="Lift#Availability" polarity="positive" from="23" to="29" target="Aufzug" category_de="Aufzug#Betrieb"/>
    </Opinions>
    <text>Neuer Aufzug: Hof Hbf, Aufzug zu Gleis 1/2 ist wieder betriebsbereit. (22:47)</text>
  </Document>
  <Document id="999144728821149696">
    <relevance>true</relevance>
    <sentiment>negative</sentiment>
    <Opinions>
      <Opinion category="Escalator#Availability" polarity="negative" from="109" to="120" target="Rolltreppen" category_de="Rolltreppe#Betrieb"/>
    </Opinions>
    <text>Der Plan: 4 Stunden im Zug schlafen.  Die Realität: Zwei ältere Damen, die sich lautstark über den Mangel an Rolltreppen am Münchner Hbf bescheren und gleichzeitig ein Hustenkonzert geben.</text>
  </Document>
  <Document id="732917960835235841">
    <relevance>true</relevance>
    <sentiment>neutral</sentiment>
    <Opinions/>
    <text>Jessi fällt die UBahn Rolltreppe fast runter, weil sie zu schnell läuft und nicht hinsieht, wo sie auftritt 😂</text>
  </Document>
  <Document id="880547847950655492">
    <relevance>true</relevance>
    <sentiment>neutral</sentiment>
    <Opinions/>
    <text>Testet der Flughafen seine beleuchtung oder was ist da grad los?</text>
  </Document>
  <Document id="675664496308932610">
    <relevance>false</relevance>
    <sentiment>neutral</sentiment>
    <Opinions/>
    <text>Bitte verlasst die Blockade auf der angemeldeter Aufzugsstrecke. Wir hindern Euch nicht aufzustehen. #le1212 https://t.co/gtDQNBo3ci</text>
  </Document>
  <Document id="1003936007690113025">
    <relevance>true</relevance>
    <sentiment>negative</sentiment>
    <Opinions>
      <Opinion category="Escalator#Availability" polarity="negative" from="124" to="134" target="Rolltreppe" category_de="Rolltreppe#Betrieb"/>
    </Opinions>
    <text>RT @_MarcusArndt_: +++Skandal+++  Wegen des Stromausfalls am Hamburger Flughafen haben mehrere Menschen stundenlang auf der Rolltreppe ausg…</text>
  </Document>
  <Document id="676670746064744449">
    <relevance>true</relevance>
    <sentiment>neutral</sentiment>
    <Opinions/>
    <text>@seppini Das macht uns neugierig darauf, wo Sie Aufzug, Bus und Bahn fahren, da Ihnen &quot;öffentliches Musizieren&quot; anscheinend öfter begegnet.</text>
  </Document>
  <Document id="625738678992769024">
    <relevance>true</relevance>
    <sentiment>negative</sentiment>
    <Opinions>
      <Opinion category="InfoAcoustic#BarrierOthers" polarity="negative" from="24" to="30" target="Ansage" category_de="Infodurchsage#Sonstiges_Barriere"/>
    </Opinions>
    <text>@Lotterleben Die U-Bahn Ansage klingt immer wie &quot;U7 nach sudo. Nach sudo einsteigen bitte&quot;</text>
  </Document>
  <Document id="751437581959790592">
    <relevance>true</relevance>
    <sentiment>neutral</sentiment>
    <Opinions/>
    <text>@airberlinAssist Ich habe im März meinen Flug über Expedia gebucht. Nun erfahre ich DURCH ZUFALL, ein Gepäckstück aufzugeben kostet 15€. (1)</text>
  </Document>
  <Document id="685952671514255361">
    <relevance>true</relevance>
    <sentiment>negative</sentiment>
    <Opinions>
      <Opinion category="Escalator#Availability" polarity="negative" from="13" to="23" target="Rolltreppe" category_de="Rolltreppe#Betrieb"/>
    </Opinions>
    <text>Die schnelle Rolltreppe in der U-Bahn Rathaus ist besoffen auch immer so Nervenkitzel.</text>
  </Document>
  <Document id="824664326871060485">
    <relevance>true</relevance>
    <sentiment>negative</sentiment>
    <Opinions>
      <Opinion category="Lighting#Availability" polarity="negative" from="0" to="11" target="Beleuchtung" category_de="Beleuchtung#Betrieb"/>
    </Opinions>
    <text>Beleuchtung ausgefallen. Es ist Finster am Hauptbahnhof Bahnsteig #Chemnitz</text>
  </Document>
  <Document id="620895507901190144">
    <relevance>true</relevance>
    <sentiment>neutral</sentiment>
    <Opinions/>
    <text>locker meine klasse bekommt das gleich auch nicht hin dass man sich in der u bahn bei der rolltreppe rechts hinstellt und links geht boah</text>
  </Document>
  <Document id="619164602706829312">
    <relevance>true</relevance>
    <sentiment>negative</sentiment>
    <Opinions>
      <Opinion category="Info#Barrier_Others" polarity="negative" from="28" to="31" target="app" category_de="Info_Sonstiges#Sonstiges_Barriere"/>
      <Opinion category="InfoAcoustic#BarrierOthers" polarity="negative" from="87" to="93" target="ansage" category_de="Infodurchsage#Sonstiges_Barriere"/>
    </Opinions>
    <text>@DB_Bahn Warum steht in der app RE 1 17:21 von Düsseldorf fährt über Duisburg aber die ansage sagt nicht?</text>
  </Document>
  <Document id="1368148589898252291">
    <relevance>true</relevance>
    <sentiment>neutral</sentiment>
    <Opinions>
      <Opinion category="Lift#Availability" polarity="neutral" from="78" to="84" target="Aufzug" category_de="Aufzug#Betrieb"/>
    </Opinions>
    <text>@Juan_Polifka @RaphaelDittert Dazu bräuchte der Bahnhof in Wattenscheid einen Aufzug. Oder haben die mittlerweile einen?</text>
  </Document>
  <Document id="637508892809936896">
    <relevance>false</relevance>
    <sentiment>neutral</sentiment>
    <Opinions/>
    <text>@ibotrampe Danke.</text>
  </Document>
  <Document id="1085233825058353152">
    <relevance>false</relevance>
    <sentiment>neutral</sentiment>
    <Opinions/>
    <text>Nochmal #Annenstr.  #Mitte Die seit vielen Wochen an dem Zaun liegenden Fahrräder (siehe Bild rechts außen vom 10.01.19) sind die letzten Tage umgezogen. Sie liegen nun in der Baustelle neben einem Einkaufswagen voller Müll, der da auch schon ewig steht. #Mitte #Fahrrad = Frust https://t.co/mKwoOOphoI</text>
  </Document>
  <Document id="996817395510661120">
    <relevance>false</relevance>
    <sentiment>neutral</sentiment>
    <Opinions/>
    <text>@abendblatt Eine Behinderung am Hirn, erlaubt noch nicht auf dem behinderten Parkplatz zu parken. Dafür benötigt man ein AG &quot;außergewöhnlich gehbehindert&quot; Herr Wiese sollte es so sein das sie da geparkt haben dann sollten Sie etwas für ihre Wahrnehmung machen...</text>
  </Document>
  <Document id="1079142807602974720">
    <relevance>false</relevance>
    <sentiment>neutral</sentiment>
    <Opinions/>
    <text>Baden-Württemberg: Fünf 24-Stunden-Baustellen im Jahr 2019 sind ein guter Anfang. FDP-Bundestagsabgeordneter @c_jung77 wirbt für besseres Baustellenmanagement u schnellere Instandsetzungsarbeiten i Südwesten. #fdp #infrastruktur #verkehr @fdpbt @badentv TJ https://t.co/d2bdl4ZtPX https://t.co/ZI1d7Hzf2u</text>
  </Document>
  <Document id="837818084421402624">
    <relevance>false</relevance>
    <sentiment>neutral</sentiment>
    <Opinions/>
    <text>@PolizeiHamburg der letzte macht das Licht aus.. Und ich dachte, der BER und seine Dauerbeleuchtung wären in Berlin. 😜</text>
  </Document>
  <Document id="1357940864631341057">
    <relevance>true</relevance>
    <sentiment>negative</sentiment>
    <Opinions>
      <Opinion category="Lift#Availability" polarity="negative" from="63" to="69" target="Aufzug" category_de="Aufzug#Betrieb"/>
    </Opinions>
    <text>Heute oft gelesen: Wuppertaler Hauptbahnhof: Kommt endlich der Aufzug in die Südstadt? [WZ+] https://t.co/I3yqA3hVZP https://t.co/VKjppWFHcx</text>
  </Document>
  <Document id="1374126706395594753">
    <relevance>false</relevance>
    <sentiment>neutral</sentiment>
    <Opinions/>
    <text>@LandoLudwig @1men_crowd ja genauso wenig wie die aufzug sache lol</text>
  </Document>
  <Document id="676805256861364224">
    <relevance>true</relevance>
    <sentiment>negative</sentiment>
    <Opinions>
      <Opinion category="Lift#Availability" polarity="negative" from="88" to="94" target="Aufzug" category_de="Aufzug#Betrieb"/>
    </Opinions>
    <text>@DB_Bahn weil sich niemand im Bahnhof zuständig fühlt. In Erlangen Hauptbahnhof ist der Aufzug zu Gleis 2/3 defekt.</text>
  </Document>
  <Document id="1356962181645029377">
    <relevance>true</relevance>
    <sentiment>neutral</sentiment>
    <Opinions/>
    <text>(Ab Mai 2021 vom Fluhafen Memmingen nach Sarajevo) 3.2.2021 Memmingen. Am 20. Mai wird ein neues Flugziel auf der Anzeigetafel des Flughafen Memmingen erscheinen: An diesem Tag startet nämlich der  ... - auf My Bavaria - Das Bayern-Magazin - https://t.co/0v5nVhyEZO - #Allgäu https://t.co/nSz7efosR8</text>
  </Document>
  <Document id="995061194556952576">
    <relevance>true</relevance>
    <sentiment>neutral</sentiment>
    <Opinions/>
    <text>@TrampelFee Habe ich Nachbarsjungen für die Sommerferien versprochen. Einen Tag lang U-Bahn, Straßenbahn und Bus. Die Eltern halten mich für meschugge.</text>
  </Document>
  <Document id="765653981846798336">
    <relevance>true</relevance>
    <sentiment>neutral</sentiment>
    <text>Hannover Hbf: Aufzug zu Gleis 3/4 has changed state from INACTIVE to UNKNOWN</text>
    <Opinions>
      <Opinion category="Lift#Availability" from="14" to="20" target="Aufzug" polarity="neutral" category_de="Aufzug#Betrieb"/>
    </Opinions>
  </Document>
  <Document id="618061669101666304">
    <relevance>true</relevance>
    <sentiment>negative</sentiment>
    <Opinions>
      <Opinion category="InfoAcoustic#BarrierOthers" polarity="negative" from="52" to="58" target="Ansage" category_de="Infodurchsage#Sonstiges_Barriere"/>
    </Opinions>
    <text>Entweder es gibt jetzt durchsichtige Sbahn oder die Ansage war gerade totale Verarsche!</text>
  </Document>
  <Document id="1361644614973870080">
    <relevance>true</relevance>
    <sentiment>neutral</sentiment>
    <Opinions/>
    <text>@peterpatent @EckGre5 @ClausStrunz Ich treffe im Zug, der U-Bahn, im Supermarkt, im Baumarkt, selten irgendwelche Bekannten. Bei mir in der Arbeit arbeiten 700 Leute, ich fahre täglich 10x mit dem Aufzug. Da fahren immer andere Leute mit. Es gibt viele Produktionsunternehmen, da ist Home Office nicht möglich.</text>
  </Document>
  <Document id="712576779475689472">
    <relevance>true</relevance>
    <sentiment>negative</sentiment>
    <Opinions>
      <Opinion category="InfoDisplay#Avaiability" polarity="negative" from="4" to="17" target="Anzeigetafeln" category_de="Infoanzeige#Betrieb"/>
    </Opinions>
    <text>Die Anzeigetafeln der Bahn streiken hier schon weil sie sich dauernd ändern müssen.😂  Bahnchaos? Das ist ja mal ne Überraschung! #bohnjour60</text>
  </Document>
  <Document id="1078747142074888194">
    <relevance>false</relevance>
    <sentiment>neutral</sentiment>
    <Opinions/>
    <text>Neueste Videos :  28.12.2018 von Katys-Spy-Cam -&gt; Auf der Baustelle https://t.co/bzbpPlIsgw</text>
  </Document>
  <Document id="653890123625533440">
    <relevance>false</relevance>
    <sentiment>neutral</sentiment>
    <Opinions/>
    <text>@elba013 Ich find ja Pförtnerampeln geil. Stau dorthin verlagern, wo Abgase und Lärm weniger stören, Verkehrsfluss im Zentrum.</text>
  </Document>
  <Document id="740576857008001024">
    <relevance>true</relevance>
    <sentiment>negative</sentiment>
    <Opinions>
      <Opinion category="Escalator#Availability" polarity="negative" from="88" to="99" target="Rolltreppen" category_de="Rolltreppe#Betrieb"/>
    </Opinions>
    <text>Übrigens: Am Bahnhof Düsseldorf-Flughafen funktionieren an den Gleisen 4, 5 und 6 KEINE Rolltreppen. Aber ist ja egal, oder @Regio_NRW ?</text>
  </Document>
  <Document id="613702279036858368">
    <relevance>true</relevance>
    <sentiment>negative</sentiment>
    <Opinions>
      <Opinion category="InfoAcoustic#BarrierOthers" polarity="negative" from="27" to="37" target="Durchsagen" category_de="Infodurchsage#Sonstiges_Barriere"/>
    </Opinions>
    <text>@BVG_Ubahn @silvia56kb PS: Durchsagen im Zug unverständlich.</text>
  </Document>
  <Document id="691051284795936769">
    <relevance>false</relevance>
    <sentiment>neutral</sentiment>
    <Opinions/>
    <text>Diebische Kinder beim &quot;Rolltreppentrick&quot; erwischt https://t.co/P0no24oUdu</text>
  </Document>
  <Document id="995400416396443648">
    <relevance>true</relevance>
    <sentiment>neutral</sentiment>
    <Opinions/>
    <text>Anderes Paar. Die Fußgängerampel ist rot, eine Straßenbahn fährt heran. ER eilt noch herüber und macht einen SATZ, als die Bahn warnend klingelt. Sie bleibt klugerweise einfach stehen.</text>
  </Document>
  <Document id="621933388753174528">
    <relevance>true</relevance>
    <sentiment>neutral</sentiment>
    <Opinions/>
    <text>Die U-Bahn ist voll mit solchen Leuten. Ich habe Angst in Flammen aufzugehen sollten sie mich berühren: http://t.co/BduOMptEIS</text>
  </Document>
  <Document id="621360769830158337">
    <relevance>true</relevance>
    <sentiment>negative</sentiment>
    <Opinions>
      <Opinion category="Escalator#Availability" polarity="negative" from="58" to="69" target="Rolltreppen" category_de="Rolltreppe#Betrieb"/>
    </Opinions>
    <text>Auf dem Potsdamer Hauptbahnhof sind seit Wochen fast alle Rolltreppen defekt - kein Geld zum reparieren. Das liegt in #S21 und beim #BER</text>
  </Document>
  <Document id="983261085959639040">
    <relevance>true</relevance>
    <sentiment>negative</sentiment>
    <Opinions>
      <Opinion category="Escalator#Availability" polarity="negative" from="12" to="23" target="Rolltreppen" category_de="Rolltreppe#Betrieb"/>
    </Opinions>
    <text>Update: die Rolltreppen am Bahnhof funktionierten nicht, also war ich gezwungen die normale Treppe zu nutzen</text>
  </Document>
  <Document id="1363022102035632131">
    <relevance>true</relevance>
    <sentiment>negative</sentiment>
    <Opinions>
      <Opinion category="ConstructionSite#Main" polarity="negative" from="76" to="89" target="Großbaustelle" category_de="Baustelle#Haupt"/>
    </Opinions>
    <text>Muss jetzt für 30 min Präsentation nach Düsseldorf und natürlich ist wieder Großbaustelle und mein Zug fährt nicht durch   Ich bin müde ich hätte noch bis 8:30 Uhr pennen können normalerweise</text>
  </Document>
  <Document id="701153401766354944">
    <relevance>true</relevance>
    <sentiment>negative</sentiment>
    <Opinions>
      <Opinion category="Lift#Availability" polarity="negative" from="42" to="48" target="Aufzug" category_de="Aufzug#Betrieb"/>
    </Opinions>
    <text>Infolge einer technischen Störung ist der Aufzug im Bahnhof Potsdam Hbf Bstg. 1/3 zur Zeit außer Betrieb #T2</text>
  </Document>
  <Document id="616947120998887424">
    <relevance>false</relevance>
    <sentiment>neutral</sentiment>
    <Opinions/>
    <text>Der Elevador Lacerda ist ein Aufzug, der Ober- und Unterstadt von Salvador da Bahia verbindet. #FridayFunFacts http://t.co/ysNSTk66qE</text>
  </Document>
  <Document id="1005642086299906048">
    <relevance>true</relevance>
    <sentiment>neutral</sentiment>
    <Opinions/>
    <text>Event von heute 14:00 Uhr: Stadt-Krimi: Das dunkle Auge in Winterthur, Milchrampe beim Bahnhof Winterthur  #Schweiz #Event https://t.co/vRo6ZEpNCd</text>
  </Document>
  <Document id="699986172689444864">
    <relevance>true</relevance>
    <sentiment>positive</sentiment>
    <Opinions>
      <Opinion category="Lift#Availability" polarity="positive" from="16" to="22" target="Aufzug" category_de="Aufzug#Betrieb"/>
    </Opinions>
    <text>Heidelberg Hbf, Aufzug zu Bstg 7/8 ist wieder betriebsbereit. (16:57)</text>
  </Document>
  <Document id="666588554248773632">
    <relevance>true</relevance>
    <sentiment>neutral</sentiment>
    <Opinions/>
    <text>Ob man bei dem schönen Wetter die Bahnsteigbeleuchtung in #Dorstfeld braucht? #SBahn #Lokführer https://t.co/5y6KUoFCYn</text>
  </Document>
  <Document id="1020442888268853248">
    <relevance>true</relevance>
    <sentiment>negative</sentiment>
    <Opinions>
      <Opinion category="Security#Main" polarity="negative" from="161" to="173" target="eingestochen" category_de="Sicherheit_Mensch#Haupt"/>
    </Opinions>
    <text>@zeitonline Die #Zeit stärkt wieder #Rechts durch Verschleierung. Der brandstiftende &quot;Mann&quot;, der im Bus u.a. auf den wehrlosen Rollstuhlfahrer wieder und wieder eingestochen hat, ist geborener kurdischer Iraner.  Daran ändert ein Stück Papier einer deutschen Behörde nichts.</text>
  </Document>
  <Document id="716939939842285568">
    <relevance>true</relevance>
    <sentiment>positive</sentiment>
    <text>Berlin Anhalter Bahnhof: Aufzug zu Gleis 3/4 has changed state from ACTIVE to TEST_ACTIVE</text>
    <Opinions>
      <Opinion category="Lift#Availability" from="25" to="31" target="Aufzug" polarity="positive" category_de="Aufzug#Betrieb"/>
    </Opinions>
  </Document>
  <Document id="774170644330131456">
    <relevance>true</relevance>
    <sentiment>negative</sentiment>
    <Opinions>
      <Opinion category="InfoDisplay#Avaiability" polarity="negative" from="32" to="45" target="Anzeigetafeln" category_de="Infoanzeige#Betrieb"/>
    </Opinions>
    <text>How to Bahnhof lahm legen: Alle Anzeigetafeln aus schalten xD</text>
  </Document>
  <Document id="727166812077608960">
    <relevance>true</relevance>
    <sentiment>negative</sentiment>
    <Opinions>
      <Opinion category="Escalator#Availability" polarity="negative" from="114" to="133" target="Teilzeit-Rolltreppe" category_de="Rolltreppe#Betrieb"/>
    </Opinions>
    <text>@DB_Bahn ich mag Montage auch nicht so unbedingt, aber ich muss ja auch arbeiten...*Ironie off* Oder ist das eine Teilzeit-Rolltreppe?! 😂</text>
  </Document>
  <Document id="676436611450716160">
    <relevance>false</relevance>
    <sentiment>neutral</sentiment>
    <Opinions/>
    <text>Nach ihrem Horror-Unfall im Aufzug geht es der Frau jetzt besser. Sie stürzte 7 Meter in die Tiefe: https://t.co/BYVbeAXgZT #Aschaffenburg</text>
  </Document>
  <Document id="1027501571876245504">
    <relevance>true</relevance>
    <sentiment>negative</sentiment>
    <Opinions>
      <Opinion category="Lift#Availability" polarity="negative" from="63" to="69" target="Aufzug" category_de="Aufzug#Betrieb"/>
    </Opinions>
    <text>Stuttgart HBF sperrt 26 Tage in diesen heißen Sommerferien den Aufzug vom Gleis zur S-Bahn - ohne Gepäckwagen als Ersatz - ohne Gepäckservice - ohne Helfer #servicewueste #DB #DBStuttgart Unsoziales Orgamanagement ‼️ #kundenfeindlich ‼️</text>
  </Document>
  <Document id="1085185808712122368">
    <relevance>false</relevance>
    <sentiment>neutral</sentiment>
    <Opinions/>
    <text>@uncleheri Erstens: andere Baustelle. Gehört nicht miteinander vermischt. Zweitens: AfD &amp; Steinbach RTen? Und tschüss! /MS</text>
  </Document>
  <Document id="1361337530906533892">
    <relevance>true</relevance>
    <sentiment>negative</sentiment>
    <Opinions>
      <Opinion category="InfoDisplay#Avaiability" polarity="negative" from="4" to="16" target="Anzeigetafel" category_de="Infoanzeige#Betrieb"/>
    </Opinions>
    <text>Die Anzeigetafel an der Hauptwache  (Gleis 3) ist noch immer nicht &quot;repariert&quot;. Dies verwirrt sämtliche Fahrgäste kommend vom Rathenauplatz! https://t.co/Ew5gupYBJ4</text>
  </Document>
  <Document id="1357384636717027329">
    <relevance>false</relevance>
    <sentiment>neutral</sentiment>
    <Opinions/>
    <text>@cheeeweeepeee87 Cool, mit Smartphone als Anzeigetafel</text>
  </Document>
  <Document id="679797467013976064">
    <relevance>true</relevance>
    <sentiment>neutral</sentiment>
    <Opinions>
      <Opinion category="Ramp#Availability" polarity="neutral" from="0" to="6" target="Rampen" category_de="Rampe#Betrieb"/>
      <Opinion category="Ramp#Availability" polarity="neutral" from="46" to="52" target="Rampen" category_de="Rampe#Betrieb"/>
    </Opinions>
    <text>Rampen für Bahnhofstunnel geplant  (Gransee): Rampen fürBahnhofstunnelgeplant Der Fußgängertunnel am Bahnhof s... https://t.co/rSMnhDcK8g</text>
  </Document>
  <Document id="700754340022243333">
    <relevance>true</relevance>
    <sentiment>neutral</sentiment>
    <Opinions/>
    <text>Dann wollte er einfach zum nächsten Bahnhof mit Aufzug. Wenn er meint...</text>
  </Document>
  <Document id="635878740699017216">
    <relevance>true</relevance>
    <sentiment>neutral</sentiment>
    <Opinions/>
    <text>@DB_Bahn Hab die 3S Z. Immer informiert. Die haben dem Ansager auf die Füße getreten, dann wieder alles gut. Nächsten Abend das gleiche...</text>
  </Document>
  <Document id="617723379869724672">
    <relevance>true</relevance>
    <sentiment>negative</sentiment>
    <Opinions>
      <Opinion category="InfoAcoustic#Availability" polarity="negative" from="32" to="39" target="ansagen" category_de="Infodurchsage#Betrieb"/>
    </Opinions>
    <text>@DB_Bahn und das kann man nicht ansagen?? Stattdessen lieber 2x &quot;Der Zug fährt jetzt ein&quot; und nichts passiert :-(</text>
  </Document>
  <Document id="946454995427364865">
    <relevance>true</relevance>
    <sentiment>neutral</sentiment>
    <Opinions/>
    <text>363 020 und 541 015 haben den auf 387 m ü. Adria gelegenen Bahnhof Crnotice verlassen, und arbeiten sich die bis zu 25 ‰ Steigung der Koper-Rampe mit ihrem Kohlezug hinauf nach Prešnica, fotografiert am 10.07.2017  #bahnbilderde https://t.co/ch0tyjWoR1 https://t.co/H43bwgffnj</text>
  </Document>
  <Document id="620578353154818048">
    <relevance>false</relevance>
    <sentiment>neutral</sentiment>
    <Opinions/>
    <text>In einem Aufzug eines Gelsenkirchener Krankenhauses ist ein Toter entdeckt worden. Er lag dort offenbar mehrere Tage. http://t.co/Bbo1LqVcg8</text>
  </Document>
  <Document id="680050957602930689">
    <relevance>true</relevance>
    <sentiment>neutral</sentiment>
    <Opinions/>
    <text>@naedeley immernoch? Ohman. Fernbus? Trampen?</text>
  </Document>
  <Document id="688014784810364928">
    <relevance>true</relevance>
    <sentiment>positive</sentiment>
    <Opinions>
      <Opinion category="Escalator#Availability" polarity="positive" from="0" to="10" target="Rolltreppe" category_de="Rolltreppe#Betrieb"/>
    </Opinions>
    <text>Rolltreppe im Bahnhof Potsdam: Sie rollt wieder: Monatelang war sie außer Betrieb. In dieser Woche kam ein lan... https://t.co/DxVDmWDEyn</text>
  </Document>
  <Document id="1360954266941276160">
    <relevance>true</relevance>
    <sentiment>neutral</sentiment>
    <Opinions/>
    <text>... anderen zu Coronazeiten in einen Aufzug - oder läuft mehrere 100 m extra. Was für ein Service. So präsentiert sich eine offene, fortschrittliche, vorausdenkende Stadt #ulm bzw. ein ebensolches, kundenorientiertes Unternehmen wie die @DB_Bahn - NICHT</text>
  </Document>
  <Document id="616707503892467712">
    <relevance>true</relevance>
    <sentiment>neutral</sentiment>
    <Opinions/>
    <text>@QuerDenkender Bei der Bahn. Bwahahahahaha. Das will ich dann wirklich sehen! @BahnAnsagen @rheinzeitung @LarsWienand</text>
  </Document>
  <Document id="802558905062719488">
    <relevance>true</relevance>
    <sentiment>negative</sentiment>
    <Opinions>
      <Opinion category="Lighting#Availability" polarity="negative" from="56" to="76" target="Bahnsteigbeleuchtung" category_de="Beleuchtung#Betrieb"/>
    </Opinions>
    <text>#S3 + #S31 halten momentan nicht in Veddel. Ausfall der Bahnsteigbeleuchtung. Buslinie 13 fährt von Veddel nach Wilhelmsburg #hvv #sbahnhh</text>
  </Document>
  <Document id="1365078371751899137">
    <relevance>true</relevance>
    <sentiment>neutral</sentiment>
    <Opinions/>
    <text>Freunde, ich habe soeben vom Bund 24.783,19 € bekommen, um in meinem Garten eine zu steile Treppe (5 Stufen) und in meiner Garage einen kaputten Aufzug aufzubauen. Der Vorteil für die Bahn: Kein sog. Passagier wird sich darüber beschweren. https://t.co/8Or54OaExt</text>
  </Document>
  <Document id="1361414692837597193">
    <relevance>false</relevance>
    <sentiment>neutral</sentiment>
    <Opinions/>
    <text>Bielefelder, wenn sie auf die Anzeigetafel schauen #FCBDSC https://t.co/V0MATprDGF</text>
  </Document>
  <Document id="1354136222810185728">
    <relevance>true</relevance>
    <sentiment>neutral</sentiment>
    <Opinions/>
    <text>@nik_metz Seit 16 Jahren lebe ich hier und frage mich das JEDES VERFICKTE MAL in der UBahn. In Wien klebt an jeder Rolltreppe &quot;Rechts stehen, links gehen.&quot;</text>
  </Document>
  <Document id="807588555749003265">
    <relevance>true</relevance>
    <sentiment>negative</sentiment>
    <Opinions>
      <Opinion category="InfoDisplay#Avaiability" polarity="negative" from="17" to="29" target="Anzeigetafel" category_de="Infoanzeige#Betrieb"/>
    </Opinions>
    <text>@BVG_Tram - eine Anzeigetafel gibts an d. Haltestelle gar nicht. Ich rede von der APP - mal wieder keine Ahnung von NIX #weilwirgenervtsind</text>
  </Document>
  <Document id="1076209696674062337">
    <relevance>true</relevance>
    <sentiment>negative</sentiment>
    <Opinions>
      <Opinion category="Ramp#Availability" polarity="negative" from="41" to="59" target="S-Bahn-Tunnelrampe" category_de="Rampe#Betrieb"/>
    </Opinions>
    <text>⚠️Update⚠️ Dringliche Bauarbeiten an der S-Bahn-Tunnelrampe in Stuttgart Hbf Tief. Diese ist von 22 Uhr bis ca. 1.00 Uhr zum Teil gesperrt.  Die Linien #S4, #S5 und #S6 enden und beginnen Stuttgart Hbf. Oben.  Die Linien #S1, #S2, #S3 verkehren ohne Einschränkungen. #VVS #SBS</text>
  </Document>
  <Document id="1358010845993852928">
    <relevance>false</relevance>
    <sentiment>neutral</sentiment>
    <Opinions/>
    <text>@FCAugsburg Wäre das geil wenn das am Ende wirklich so auf der Anzeigetafel steht! #FCAWOB https://t.co/O7p1CH6zHK</text>
  </Document>
  <Document id="613275270968156160">
    <relevance>true</relevance>
    <sentiment>neutral</sentiment>
    <Opinions/>
    <text>Bahnhof-Durchsage: &quot;Alle Türen öffnen erst, wenn der 2. Zugteil angekoppelt ist.&quot; An jeder Türe steht ein Trottel und drückt.</text>
  </Document>
  <Document id="678991844076748800">
    <relevance>false</relevance>
    <sentiment>neutral</sentiment>
    <Opinions/>
    <text>FEUERWEHREINSATZ IL 21.12 17:52 FW Rum - Aufzugstop  Person in Notlage - 6063 Rum:</text>
  </Document>
  <Document id="676432504564379648">
    <relevance>false</relevance>
    <sentiment>neutral</sentiment>
    <Opinions/>
    <text>Sony Center: Hand in #Rolltreppe eingeklemmt #Berlin #Unfall https://t.co/HhBirGDo1P https://t.co/wxVbGIFmm4</text>
  </Document>
  <Document id="803263126074429440">
    <relevance>true</relevance>
    <sentiment>negative</sentiment>
    <Opinions>
      <Opinion category="InfoDisplay#BarrierOthers" polarity="negative" from="28" to="40" target="Anzeigetafel" category_de="Infoanzeige#Sonstiges_Barriere"/>
    </Opinions>
    <text>Dieser Moment, wenn auf der Anzeigetafel 27 min steht aber die bahn einfährt</text>
  </Document>
  <Document id="691966804353245184">
    <relevance>true</relevance>
    <sentiment>positive</sentiment>
    <Opinions>
      <Opinion category="Lift#Availability" polarity="positive" from="24" to="30" target="Aufzug" category_de="Aufzug#Betrieb"/>
    </Opinions>
    <text>DBliftbot Nürnberg Hbf, Aufzug zu Gleis 14/15 ist wieder betriebsbereit. (13:48) https://t.co/C9oIjkZ1en https://t.co/qjxmhdqh9n</text>
  </Document>
  <Document id="1079370446678777856">
    <relevance>false</relevance>
    <sentiment>neutral</sentiment>
    <Opinions/>
    <text>Die Baustelle am #A20-#Loch bei #Tribsees hatte keine spürbaren Auswirkungen auf den #Tourismus in #MV. Das schöne #Sommerwetter hat wohl als regulierender Faktor gegengesteuert. https://t.co/Lz6wsMUeaD</text>
  </Document>
  <Document id="877183807610335232">
    <relevance>true</relevance>
    <sentiment>negative</sentiment>
    <Opinions>
      <Opinion category="Lighting#Availability" polarity="negative" from="129" to="145" target="Innenbeleuchtung" category_de="Beleuchtung#Betrieb"/>
    </Opinions>
    <text>@DB_Bahn IRE 19018 von Stuttgart. Abfahrt ursprünglich 16:28. Kam verspätet. Dann über Altbau. Bis Mühlacker war der Waggon ohne Innenbeleuchtung</text>
  </Document>
  <Document id="1024598182532141057">
    <relevance>true</relevance>
    <sentiment>neutral</sentiment>
    <Opinions/>
    <text>Mit dem Aufzug zum Bahnsteig und dann am falschen Gleis stehen, weil alles seitenverkehrt ist. Bahn weg. So ein Tag ist das heute.</text>
  </Document>
  <Document id="1074646643327279104">
    <relevance>true</relevance>
    <sentiment>negative</sentiment>
    <Opinions>
      <Opinion category="InfoDisplay#Avaiability" polarity="negative" from="13" to="26" target="Anzeigentafel" category_de="Infoanzeige#Betrieb"/>
      <Opinion category="Escalator#Availability" polarity="negative" from="28" to="39" target="Rolltreppen" category_de="Rolltreppe#Betrieb"/>
    </Opinions>
    <text>Ausfälle von Anzeigentafel, Rolltreppen und Fahrkartenautomaten - am Hauptbahnhof in #Regensburg haben Stromschwankungen im Hausnetz für Probleme gesorgt. Der Zugverkehr war aber nicht betroffen:  https://t.co/PbkCfQrhPD</text>
  </Document>
  <Document id="611543905729953793">
    <relevance>true</relevance>
    <sentiment>negative</sentiment>
    <Opinions>
      <Opinion category="Security#Main" polarity="negative" from="35" to="45" target="Trickdiebe" category_de="Sicherheit_Mensch#Haupt"/>
    </Opinions>
    <text>Hinweis: &quot;Im Bahnhof sind zur Zeit Trickdiebe unterwegs, seien Sie besonders aufmerksam.&quot; #BerlinHbf(tief) @BahnAnsagen via Blech-Else</text>
  </Document>
  <Document id="996059607125643264">
    <relevance>true</relevance>
    <sentiment>neutral</sentiment>
    <Opinions/>
    <text>@DB_Bahn @lunexmoon Es rollen ja auch täglich haufenweise Menschen mit Rollstuhl durch die Gegend und lassen sich in Züge helfen, für die jemand anders vorgemeldet ist. Mache ich auch ständig, so kommt man mal an neue Orte 🤷‍♀️</text>
  </Document>
  <Document id="1005760751909396481">
    <relevance>true</relevance>
    <sentiment>negative</sentiment>
    <Opinions>
      <Opinion category="BarrierOthers#Main" polarity="neutral" from="85" to="119" target="Mobilitätsservicezentrale anmelden" category_de="Sonstiges_Barriere#Haupt"/>
      <Opinion category="BarrierOthers#Main" polarity="negative" from="172" to="247" target="keine Anmeldung nötig ist und auch spontane Fahrten problemlos möglich sind" category_de="Sonstiges_Barriere#Haupt"/>
    </Opinions>
    <text>Rollstuhlfahrer etc und Bahn ist auch so ein Thema. &quot;Reisen bitte im Vorfeld bei der Mobilitätsservicezentrale anmelden&quot; schön und gut. Ziel sollte es aber doch sein, dass keine Anmeldung nötig ist und auch spontane Fahrten problemlos möglich sind.</text>
  </Document>
  <Document id="636547435335151616">
    <relevance>true</relevance>
    <sentiment>neutral</sentiment>
    <Opinions/>
    <text>@laubnitz Durchsagen wurden am Bahnhof durchgeführt. Konzept (mit Alternativen) ist auch hier http://t.co/JaZk9QNxGg live ersichtlich. / nk</text>
  </Document>
  <Document id="716359364223901696">
    <relevance>true</relevance>
    <sentiment>neutral</sentiment>
    <text>Heidelberg Hbf: Aufzug zu Bstg 9/10 has changed state from UNKNOWN to TEST_UNKNOWN</text>
    <Opinions>
      <Opinion category="Lift#Availability" from="16" to="22" target="Aufzug" polarity="neutral" category_de="Aufzug#Betrieb"/>
    </Opinions>
  </Document>
  <Document id="713126890349965314">
    <relevance>true</relevance>
    <sentiment>negative</sentiment>
    <Opinions>
      <Opinion category="Lift#Availability" polarity="negative" from="42" to="48" target="Aufzug" category_de="Aufzug#Betrieb"/>
    </Opinions>
    <text>Infolge einer technischen Störung ist der Aufzug im Bahnhof Berlin Ostkreuz Gleis 1/2 zum Bstg. 13/14 gestört. #T2</text>
  </Document>
  <Document id="661909487037583360">
    <relevance>false</relevance>
    <sentiment>neutral</sentiment>
    <Opinions/>
    <text>Nope. Irgendein Nachbar hat mega den Aufzug geschrottet; standen ne Stunde im Stau sondern darauf.</text>
  </Document>
  <Document id="663605340513157120">
    <relevance>true</relevance>
    <sentiment>neutral</sentiment>
    <Opinions/>
    <text>7:30 Bahn liefert nur noch von ~25% der fahrenden Züge der #SBahnStgt Verspätungsdaten. @SBahnStgt Warner bald blind https://t.co/fgw1L5N45p</text>
  </Document>
  <Document id="746558166947725312">
    <relevance>true</relevance>
    <sentiment>negative</sentiment>
    <Opinions>
      <Opinion category="Escalator#Availability" polarity="negative" from="70" to="81" target="Rolltreppen" category_de="Rolltreppe#Betrieb"/>
    </Opinions>
    <text>Anscheinend fährt die Deutsche #Bahn bei Beschaffung und Wartung von #Rolltreppen die Strategie &quot;Hauptsache billig&quot; https://t.co/quvdgRl4o3</text>
  </Document>
  <Document id="631903784961224705">
    <relevance>true</relevance>
    <sentiment>negative</sentiment>
    <Opinions>
      <Opinion category="InfoAcoustic#Availability" polarity="negative" from="87" to="96" target="Durchsage" category_de="Infodurchsage#Betrieb"/>
    </Opinions>
    <text>@DB_Bahn Re 92975 Re 3535 von Nürnberg - Neukirchen Abfahrt. 20:33 fährt nicht?? Keine Durchsage kein Nichts Fahrgäste müssen  ja nix wissen</text>
  </Document>
  <Document id="606766534946529280">
    <relevance>true</relevance>
    <sentiment>positive</sentiment>
    <Opinions>
      <Opinion category="Lift#Availability" polarity="positive" from="71" to="77" target="Aufzug" category_de="Aufzug#Betrieb"/>
    </Opinions>
    <text>Arbeiten im Bahnhof Thayngen: Ausbau Hausbahnsteig und Vorarbeiten zum Aufzug am Mittelbahnsteig - Abbru... http://t.co/3djTlSJDDa #bahn</text>
  </Document>
  <Document id="636810790679506944">
    <relevance>true</relevance>
    <sentiment>neutral</sentiment>
    <Opinions/>
    <text>Durchsage in der S-Bahn: &quot;Der Mann mit dem blauen Rucksack, der gerade über die Gleise gelaufen ist: Sie dürfen wieder Aussteigen!&quot;</text>
  </Document>
  <Document id="671744426696441856">
    <relevance>true</relevance>
    <sentiment>negative</sentiment>
    <Opinions>
      <Opinion category="InfoDisplay#BarrierOthers" polarity="negative" from="91" to="103" target="Anzeigetafel" category_de="Infoanzeige#Sonstiges_Barriere"/>
    </Opinions>
    <text>Alter. Ich sehe meine Bahn seit 5 Minuten..  Wie sie an der verschissenen Ampel steht! Die Anzeigetafel steht seit 5 Minuten auf &quot;1&quot;!</text>
  </Document>
  <Document id="997273114982547456">
    <relevance>true</relevance>
    <sentiment>neutral</sentiment>
    <Opinions/>
    <text>@am0Reborn Ich helf Rollstuhlfahrern aus der Bahn, während sie fährt, so viel ist ein Leben nicht wert</text>
  </Document>
  <Document id="649630503256068096">
    <relevance>false</relevance>
    <sentiment>neutral</sentiment>
    <Opinions/>
    <text>@PolizeiHamburg Maienweg Ecke Am Hasenberge Fußgängerampel beschädigt (Gehäuse)</text>
  </Document>
  <Document id="684007700385009664">
    <relevance>true</relevance>
    <sentiment>positive</sentiment>
    <text>Facility Heidelberg Hbf / Aufzug zu Bstg 4/5 has changed state from TEST_ACTIVE to ACTIVE</text>
    <Opinions>
      <Opinion category="Lift#Availability" from="26" to="32" target="Aufzug" polarity="positive" category_de="Aufzug#Betrieb"/>
    </Opinions>
  </Document>
  <Document id="1009359008245874689">
    <relevance>true</relevance>
    <sentiment>negative</sentiment>
    <Opinions>
      <Opinion category="Lift#Availability" polarity="negative" from="20" to="26" target="Aufzug" category_de="Aufzug#Betrieb"/>
    </Opinions>
    <text>Besser nicht in den Aufzug an der Universität einsteigen. Der fährt einen nicht so wirklich zum Bahnsteig der S-Bahn Richtung Vaihingen sondern bleibt einfach stehen. Wenn man nach oben drückt kommt man aber wieder nach oben... @SBahn_Stuttgart https://t.co/BftzP1Se22</text>
  </Document>
  <Document id="1371738997576318978">
    <relevance>false</relevance>
    <sentiment>neutral</sentiment>
    <Opinions/>
    <text>Hi @fcunion, hier wird gerade im Hintergrund gearbeitet, dass @AwayDayJoe_ ein 8:0 auf die Anzeigetafel bekommt. Könnt ihr noch ein Trikot mit Autogrammen oben drauf packen. Ihr bekommt dafür den Wert meiner DK Gutscheine bis Saisonende. Deal?</text>
  </Document>
  <Document id="652119168804913152">
    <relevance>true</relevance>
    <sentiment>negative</sentiment>
    <Opinions>
      <Opinion category="Escalator#Availability" polarity="negative" from="0" to="11" target="Rolltreppen" category_de="Rolltreppe#Betrieb"/>
    </Opinions>
    <text>Rolltreppen von der Ubahn nach oben kaputt, keine Rolltreppe zum Gleis, schwere Tasche, rennen, und den Zug zu bekommen, fast kotzen...</text>
  </Document>
  <Document id="633726021972398080">
    <relevance>false</relevance>
    <sentiment>neutral</sentiment>
    <Opinions/>
    <text>Ich hab die Durchsage nicht verstanden,ich versteh nur Bahnhof. *höhö*</text>
  </Document>
  <Document id="638786819849617408">
    <relevance>true</relevance>
    <sentiment>negative</sentiment>
    <Opinions>
      <Opinion category="Escalator#Availability" polarity="negative" from="55" to="65" target="rolltreppe" category_de="Rolltreppe#Betrieb"/>
    </Opinions>
    <text>#hvv #altona bahnhof es is so peinlich. Weg zum busbh #rolltreppe nie(?) in betrieb. wer auch immer da das sagen hat: prädikat versager!!!</text>
  </Document>
  <Document id="665873733102542848">
    <relevance>true</relevance>
    <sentiment>negative</sentiment>
    <Opinions>
      <Opinion category="Lift#Availability" polarity="negative" from="42" to="48" target="Aufzug" category_de="Aufzug#Betrieb"/>
    </Opinions>
    <text>Infolge einer technischen Störung ist der Aufzug im Bahnhof Prenzlau Gleis 1 außer Betrieb. #T2</text>
  </Document>
  <Document id="1078624129027330049">
    <relevance>false</relevance>
    <sentiment>neutral</sentiment>
    <Opinions/>
    <text>Dieses Problem ist eines der wichtisten Baustellen dem sich das  Team &quot;Zukunft-Beruf&quot; im neuen Jahr stellen muss, auch im Landkreis  Oder-Spree wird es eine Reihe von Maßnahmen geben die sich  mit einem besseren Übergang in Ausbildung befassen wird. https://t.co/6W9YYPJOZX</text>
  </Document>
  <Document id="640916369614209025">
    <relevance>true</relevance>
    <sentiment>neutral</sentiment>
    <Opinions/>
    <text>Die Menschen drängeln in den Aufzug zur s bahn</text>
  </Document>
  <Document id="665811532517908480">
    <relevance>true</relevance>
    <sentiment>negative</sentiment>
    <Opinions>
      <Opinion category="InfoDisplay#Avaiability" polarity="negative" from="60" to="73" target="Anzeigetafeln" category_de="Infoanzeige#Betrieb"/>
    </Opinions>
    <text>@BVG_Tram an der Haltestelle Frankfurter Tor (M10) sind die Anzeigetafeln ausgefallen.</text>
  </Document>
  <Document id="686785294838984704">
    <relevance>true</relevance>
    <sentiment>negative</sentiment>
    <Opinions>
      <Opinion category="Lighting#Availability" polarity="negative" from="45" to="56" target="Beleuchtung" category_de="Beleuchtung#Betrieb"/>
    </Opinions>
    <text>@SBahnBerlin Wisst ihr woran der Ausfall der Beleuchtung am Bhf #SRB_Stadt liegt und wann sie wieder funktionieren wird? #S5</text>
  </Document>
  <Document id="680839672810090496">
    <relevance>true</relevance>
    <sentiment>negative</sentiment>
    <Opinions>
      <Opinion category="Lift#Tidiness" polarity="negative" from="43" to="49" target="Aufzug" category_de="Aufzug#Atmosphaere"/>
    </Opinions>
    <text>In der S-Bahn ein stinkender Penner und im Aufzug hat jemand geraucht. #DitisBerlin</text>
  </Document>
  <Document id="959770486375899136">
    <relevance>false</relevance>
    <sentiment>neutral</sentiment>
    <Opinions/>
    <text>@clarakruemel @renescholz76 @Vorstadtzauber Ich frage nach. Bzw weise eben darauf hin, daß das ein B-Parkplatz ist. Darauf kam bisher immer ein &quot;Ups, ich fahr dann mal weg.&quot;  Im übrigen ist der Parkplatz ja nur für schwer Gehbehinderte... Das sollte man dann auch sehen.</text>
  </Document>
  <Document id="630675862535434240">
    <relevance>true</relevance>
    <sentiment>neutral</sentiment>
    <Opinions>
      <Opinion category="InfoAcoustic#Availability" polarity="negative" from="39" to="48" target="Durchsage" category_de="Infodurchsage#Betrieb"/>
      <Opinion category="Info#Barrier_Others" polarity="positive" from="97" to="106" target="Navigator" category_de="Info_Sonstiges#Sonstiges_Barriere"/>
    </Opinions>
    <text>@DB_Info schade, dass in FFM Hbf keine Durchsage gemacht wird bzgl Ausfall des Halts vom ICE277. Navigator wohl die beste Infoquelle.</text>
  </Document>
  <Document id="655365147981185024">
    <relevance>true</relevance>
    <sentiment>neutral</sentiment>
    <Opinions/>
    <text>Verkehrshinweis! Ab jetzt Sperrungen aufgrund eines weiteren Aufzuges ab Neuen Markt in Richtung Hauptbahnhof. #hro1710</text>
  </Document>
  <Document id="686482271986139136">
    <relevance>true</relevance>
    <sentiment>neutral</sentiment>
    <text>Mannheim Hbf: Aufzug zu Gleis 4/5 has changed state from INACTIVE to UNKNOWN</text>
    <Opinions>
      <Opinion category="Lift#Availability" from="14" to="20" target="Aufzug" polarity="neutral" category_de="Aufzug#Betrieb"/>
    </Opinions>
  </Document>
  <Document id="659003016830324736">
    <relevance>false</relevance>
    <sentiment>neutral</sentiment>
    <Opinions/>
    <text>#verkehr Stadtverkehr: Frankenschnellweg: Fürth - Nürnberg - STAU, zwischen Nürnberg-Westring und Kreuzung an den Rampen</text>
  </Document>
  <Document id="983712836466638851">
    <relevance>true</relevance>
    <sentiment>neutral</sentiment>
    <Opinions>
      <Opinion category="BarrierOthers#Main" polarity="neutral" from="80" to="157" target="Genug Platz bis zur weißen Linie hat man auch mit dem Rollstuhl übrigens noch" category_de="Sonstiges_Barriere#Haupt"/>
    </Opinions>
    <text>@DB_Bahn Das sind beides Engstellen. Klar, auf der einen Seite sind die Gleise. Genug Platz bis zur weißen Linie hat man auch mit dem Rollstuhl übrigens noch.</text>
  </Document>
  <Document id="656026411937984512">
    <relevance>false</relevance>
    <sentiment>neutral</sentiment>
    <Opinions/>
    <text>@mittedeathsquad Sieh’s positiv: Linkssteher sind ein Zeichen dafür, dass die Rolltreppe funktioniert.</text>
  </Document>
  <Document id="690149229390598146">
    <relevance>false</relevance>
    <sentiment>neutral</sentiment>
    <Opinions/>
    <text>Kinderdiebe beim &quot;Rolltreppentrick&quot; erwischt https://t.co/83Iwl1JHI9</text>
  </Document>
  <Document id="625232946891489280">
    <relevance>true</relevance>
    <sentiment>neutral</sentiment>
    <Opinions/>
    <text>&quot;Wir sind nicht der Regional-Express, wir sind ein ICE nach München!&quot; (@achimh) #Bahn #Ansage</text>
  </Document>
  <Document id="722770615808237568">
    <relevance>false</relevance>
    <sentiment>neutral</sentiment>
    <Opinions/>
    <text>Rechts stehen, links stehen: Auf Londoner Rolltreppen soll nicht mehr gelaufen werden. https://t.co/XTRbvMMGbH</text>
  </Document>
  <Document id="624140705250865152">
    <relevance>true</relevance>
    <sentiment>neutral</sentiment>
    <Opinions/>
    <text>&quot;Wir erreichen alle Haltestellen im Zeitplan. Aber gewöhnen Sie sich nicht daran!&quot; (@Kleinosoph) #Bahn #Ansage</text>
  </Document>
  <Document id="800335410723438592">
    <relevance>true</relevance>
    <sentiment>neutral</sentiment>
    <Opinions/>
    <text>@Janwaldsied Der Flug dauert nur zwei Jahre. Stimmt. Die Startrampe allerdings soll auf dem #BER errichtet werden @MonikaHerrmann1</text>
  </Document>
  <Document id="737280326028910592">
    <relevance>true</relevance>
    <sentiment>neutral</sentiment>
    <Opinions/>
    <text>Fast die Station verpennt, dann falsche Rolltreppe und Ubahn fährt vor der Nase weg.  GEIL!</text>
  </Document>
  <Document id="641181069212020736">
    <relevance>true</relevance>
    <sentiment>neutral</sentiment>
    <Opinions/>
    <text>@nadnoennas Die Übergabe findet in der Unterführung am Bahnhof statt, beim blinden Akkordionspieler! *konspirativ umschau* :D</text>
  </Document>
  <Document id="674688729253027842">
    <relevance>false</relevance>
    <sentiment>neutral</sentiment>
    <Opinions/>
    <text>H0 Bahnhof Maienfeld mit Hausbeleuchtungs-Startset https://t.co/3vw8e0owic via @bahnONLINEch</text>
  </Document>
  <Document id="769387999490703360">
    <relevance>true</relevance>
    <sentiment>neutral</sentiment>
    <Opinions/>
    <text>Die Rhein Niers Bahn (RB33) kommt die Kohlscheider-Rampe hoch aus Duisburg #bahnbilderde https://t.co/iRRZbXn5PF https://t.co/3a7xjN1TRI</text>
  </Document>
  <Document id="1356997536683347971">
    <relevance>true</relevance>
    <sentiment>neutral</sentiment>
    <Opinions>
      <Opinion category="ConstructionSite#Main" polarity="neutral" from="41" to="52" target="Bauarbeiten" category_de="Baustelle#Haupt"/>
      <Opinion category="ConstructionSite#Main" polarity="neutral" from="135" to="144" target="Baustelle" category_de="Baustelle#Haupt"/>
    </Opinions>
    <text>Informationen der Deutschen Bahn AG über Bauarbeiten auf der Donaubahn zwischen Ulm Hbf und Herrlingen vom 25. bis 28. Februar 2021   #Baustelle #Zug #Bahnverkehr #Bus #Bahnhof #DeutscheBahn #Information #Pressemitteilung #Busverkehr #Wochenblatt  https://t.co/kGKIRBcbrt https://t.co/p2D1hry98C</text>
  </Document>
  <Document id="771698703283449856">
    <relevance>true</relevance>
    <sentiment>negative</sentiment>
    <Opinions>
      <Opinion category="Lighting#Availability" polarity="negative" from="63" to="77" target="Notbeleuchtung" category_de="Beleuchtung#Betrieb"/>
    </Opinions>
    <text>Am Bahnhof #Jena-West fahren wieder Züge ein. Doch es gibt nur Notbeleuchtung &amp; kein Dach: https://t.co/IgQbEmeCVB https://t.co/iTdIhmSFa0</text>
  </Document>
  <Document id="958659831119994880">
    <relevance>true</relevance>
    <sentiment>neutral</sentiment>
    <Opinions/>
    <text>1/3 #Bauarbeiten an der #S-Bahnrampe. Die Linie #S3 verkehrt ab dem 23.2.2018 20Uhr bis 25.2.2018 Betriebsschluss, nur zwischen #Backnang und #BadCannstatt Gleis 2 und zwischen #S-Vaihingen bzw #Flughafen/Messe und #StgtHbf tief, ab StgtHbf tief wird die Linie S3 zur #S6</text>
  </Document>
  <Document id="1014235745907822592">
    <relevance>true</relevance>
    <sentiment>neutral</sentiment>
    <Opinions/>
    <text>@Enigma424 Aus aktueller Häufung von Anlässen. Dass Leute nicht mehr zügig in die U-Bahn einsteigen können, weil sie durchgehend aufs Handy glotzen, ist die Steigerung von direkt am Ende der Rolltreppe erst Mal stehen bleiben.</text>
  </Document>
  <Document id="739322413863702528">
    <relevance>true</relevance>
    <sentiment>neutral</sentiment>
    <Opinions/>
    <text>RT @GanzGenau900: Ich würde das Katapult gerne mit zum Hbf nehmen und da alle wegfeuern die am Rolltreppenende einfach stehen bleiben! http…</text>
  </Document>
  <Document id="1052627001171951624">
    <relevance>true</relevance>
    <sentiment>negative</sentiment>
    <Opinions>
      <Opinion category="Security#Main" polarity="negative" from="64" to="72" target="schubste" category_de="Sicherheit_Mensch#Haupt"/>
      <Opinion category="Lift#Availability" polarity="negative" from="236" to="243" target="Aufzüge" category_de="Aufzug#Betrieb"/>
    </Opinions>
    <text>@Thetruewitch Eine mit einer alten Fuchsstola betuchte Reisende schubste einen Rollstuhlfahrer in Hannover beinahe die Rolltreppe hinunter, als dieser versuchte, aus dem Rolli auszusteigen und zu Fuß die Rolltreppe zu benutzen .... die Aufzüge im HBF Hannoversind des öfteren kaputt.</text>
  </Document>
  <Document id="690466127730872322">
    <relevance>true</relevance>
    <sentiment>negative</sentiment>
    <Opinions>
      <Opinion category="Lift#Availability" polarity="negative" from="22" to="28" target="Aufzug" category_de="Aufzug#Betrieb"/>
    </Opinions>
    <text>Düsseldorf Flughafen, Aufzug zu Bstg 4/5 ist defekt.</text>
  </Document>
  <Document id="1015974575966998529">
    <relevance>true</relevance>
    <sentiment>neutral</sentiment>
    <Opinions/>
    <text>. @berlinairport #EZY5551 steht als pünktlich an der Tafel. Schalter sagt 10 Minuten, Gate sagt 40 Minuten,  @easyJet_DE sagt über 2 Stunden später. Lieber trampen oder Bahn?</text>
  </Document>
  <Document id="1363180744479297542">
    <relevance>false</relevance>
    <sentiment>neutral</sentiment>
    <Opinions/>
    <text>Mr. 1 zu 0 @woodyinho bitte auf die Anzeigetafel #Derby</text>
  </Document>
  <Document id="1003206521491263488">
    <relevance>true</relevance>
    <sentiment>neutral</sentiment>
    <Opinions>
      <Opinion category="GroundLevelAccess#Main" polarity="positive" from="103" to="126" target="niveaugleichen Einstieg" category_de="Stufenfrei_Hoehengleich#Haupt"/>
      <Opinion category="Ramp#Availability" polarity="neutral" from="132" to="137" target="Rampe" category_de="Rampe#Betrieb"/>
    </Opinions>
    <text>@DB_Bahn Das ist für spontane Reisen aber eher ungeeignet zumal es ja Doppelstockwagen gibt, die einen niveaugleichen Einstieg ohne Rampe bei 76cm ermöglichen. Das ist also in keiner Weise nachvollziehbar, es so wie hier zu machen: https://t.co/KbcgW6INLU</text>
  </Document>
  <Document id="1023005267603189760">
    <relevance>true</relevance>
    <sentiment>negative</sentiment>
    <Opinions>
      <Opinion category="Lift#Availability" polarity="negative" from="43" to="49" target="Aufzug" category_de="Aufzug#Betrieb"/>
      <Opinion category="Escalator#Availability" polarity="negative" from="58" to="68" target="Rolltreppe" category_de="Rolltreppe#Betrieb"/>
    </Opinions>
    <text>Das ist eine bodenlose Unverschämtheit:Der Aufzug UND die Rolltreppe zu Gleis 7 am Hbf @stadtdortmund sind defekt.Ja soll man mit dem Rad fliegen oder was, @Regio_NRW Und über 1 Std.später zuhause 2.30 Uhr NACHTS!,weil über 60 Min Verspätung!Oberleitungsschaden war 12 Std.vorher!</text>
  </Document>
  <Document id="1000333143197585408">
    <relevance>true</relevance>
    <sentiment>neutral</sentiment>
    <Opinions/>
    <text>Hab heute eine neue Dimensikn von Langeweile entdeckt. Bin dann am Bahnhof die Rolltreppe rauf und runter gefahren. Rauf aufm rechten, runter aufm linken Fuß. Is erstaunlich anstrengend wenn sich der Boden unterm Fuß bewegt 😅</text>
  </Document>
  <Document id="697570786220109824">
    <relevance>true</relevance>
    <sentiment>neutral</sentiment>
    <Opinions/>
    <text>Den U-Bahn Fahrer fragen, ob er die Beleuchtung etwas runter drehen könnte.</text>
  </Document>
  <Document id="690139993952641024">
    <relevance>true</relevance>
    <sentiment>positive</sentiment>
    <Opinions>
      <Opinion category="Lift#Availability" polarity="positive" from="24" to="30" target="Aufzug" category_de="Aufzug#Betrieb"/>
    </Opinions>
    <text>DBliftbot Nürnberg Hbf, Aufzug zu Gleis 12/13 ist wieder betriebsbereit. https://t.co/wtX7OoAvgT https://t.co/aKrl07XDBL</text>
  </Document>
  <Document id="616128635578228737">
    <relevance>true</relevance>
    <sentiment>neutral</sentiment>
    <Opinions/>
    <text>@BVG_Ubahn Durchsage im Zug:Durch eine äußerst seltene Verkettung glücklicher Umstände werden wir unser Ziel unerwartet plangemäß erreichen.</text>
  </Document>
  <Document id="626720088134004736">
    <relevance>true</relevance>
    <sentiment>neutral</sentiment>
    <Opinions/>
    <text>Dieser Ansager hat jetzt 4 mal hintereinander gesagt das der Zug 5 Minuten Verspätung hat JA WIR WISSEN ES JETZT</text>
  </Document>
  <Document id="1069576177315078144">
    <relevance>true</relevance>
    <sentiment>neutral</sentiment>
    <Opinions/>
    <text>sitz in der bahn: irgendwer schreit mehrmals &quot;hallo, hallo!&quot; - ich hab kp wieso, bahn fährt los und im vorbeifahren seh ich, dass es ein rollstuhlfahrer, der nur rein wollte... ich hätte es so gern eher mitbekommen -.-</text>
  </Document>
  <Document id="806513855530762240">
    <relevance>true</relevance>
    <sentiment>neutral</sentiment>
    <Opinions/>
    <text>Zum G20 Gipfel kann Trump trampen vom Flughafen in die Stadt,mal sehen wie es gefällt.</text>
  </Document>
  <Document id="603839308349440000">
    <relevance>true</relevance>
    <sentiment>negative</sentiment>
    <Opinions>
      <Opinion category="Lighting#Availability" polarity="negative" from="30" to="53" target="Haltestellenbeleuchtung" category_de="Beleuchtung#Betrieb"/>
    </Opinions>
    <text>@BVG_Bus muss die BVG für die Haltestellenbeleuchtung eig. selber zahlen oder übernimmt das #wall?!</text>
  </Document>
  <Document id="635560108735471616">
    <relevance>true</relevance>
    <sentiment>neutral</sentiment>
    <Opinions/>
    <text>Durchsagen werden übrigens überbewertet. #Bahn #LastTweet</text>
  </Document>
  <Document id="681042367382700033">
    <relevance>true</relevance>
    <sentiment>negative</sentiment>
    <Opinions>
      <Opinion category="Escalator#Availability" polarity="negative" from="66" to="76" target="Rolltreppe" category_de="Rolltreppe#Betrieb"/>
    </Opinions>
    <text>@BVG_Ubahn @Powerbenz500 Was wird zuerst fertig? Der BER oder die Rolltreppe? 😂😂</text>
  </Document>
  <Document id="747433063920054272">
    <relevance>false</relevance>
    <sentiment>neutral</sentiment>
    <Opinions/>
    <text>@vgf_ffm Stark verschmutzte Sitze im Wagen 629B.</text>
  </Document>
  <Document id="912990700697980928">
    <relevance>true</relevance>
    <sentiment>neutral</sentiment>
    <Opinions/>
    <text>Wenn die Fußgängerampel vor dem Hauptbahnhof von 6 Autospuren, 4 Bahntrassen, 2 Radspuren und 0 Fußgängerwartefläche eingezingelt ist...</text>
  </Document>
  <Document id="654667238914416640">
    <relevance>true</relevance>
    <sentiment>neutral</sentiment>
    <Opinions>
      <Opinion category="BarrierOthers#Main" polarity="neutral" from="67" to="86" target="Sicherheitstraining" category_de="Sonstiges_Barriere#Haupt"/>
    </Opinions>
    <text>&quot;Und jetzt sind wir im Gleisbett &quot; - die @BVG_Ubahn hat Blinde zum Sicherheitstraining geladen http://t.co/92Q2j4yve1 http://t.co/ii23A7GK3r</text>
  </Document>
  <Document id="840959755522846721">
    <relevance>true</relevance>
    <sentiment>positive</sentiment>
    <Opinions>
      <Opinion category="Lighting#Availability" polarity="positive" from="76" to="87" target="Beleuchtung" category_de="Beleuchtung#Betrieb"/>
    </Opinions>
    <text>Die Unterführung an der S-Bahn Bochum Ehrenfeld bekommt demnächst eine neue Beleuchtung https://t.co/42KPUVh3Hj #boEhrenfeld #Bochum https://t.co/csKZdFfWDT</text>
  </Document>
  <Document id="1370726184762404872">
    <relevance>true</relevance>
    <sentiment>negative</sentiment>
    <Opinions>
      <Opinion category="Escalator#Availability" polarity="negative" from="76" to="86" target="Rolltreppe" category_de="Rolltreppe#Betrieb"/>
    </Opinions>
    <text>Alltag ist spannend.  Gerade das erste mal den Notaushebel gezogen für eine Rolltreppe an der U-Bahn Haltestelle, weil ein Typ mit Fahrrad sich so krass da hinlegt hat, dass er kopfüber (im Fahrrad verkeilt) hochgezogen wurde.</text>
  </Document>
  <Document id="1369757229914718208">
    <relevance>false</relevance>
    <sentiment>neutral</sentiment>
    <Opinions/>
    <text>@Lars8081 Er meinte, das Tor von PSG wäre &quot;unverdient&quot;. Die Frage stellt sich eigentlich nicht; Paris hat ein Tor geschossen, Punkt. &quot;Verdient&quot; bedeutet nix im Fussball. Am Ende bleibt nur, was auf der Anzeigetafel geschrieben ist.</text>
  </Document>
  <Document id="650591417304117248">
    <relevance>false</relevance>
    <sentiment>neutral</sentiment>
    <Opinions/>
    <text>In New York ist ein Aufzug mit offener Tür in den Keller gerauscht und hat einen Mann zerquetscht. (hol) http://t.co/IkShl48Qp8</text>
  </Document>
  <Document id="641922139097047040">
    <relevance>false</relevance>
    <sentiment>neutral</sentiment>
    <Opinions/>
    <text>Plauener Stadt-Galerie: Tödlicher Unfall auf der Rolltreppe http://t.co/F9lyAnUKPX</text>
  </Document>
  <Document id="1083684829374365697">
    <relevance>true</relevance>
    <sentiment>neutral</sentiment>
    <Opinions/>
    <text>@BVG_Kampagne @carliciousde So hat man zumindest nie mehr das Problem einer verschmutzten Unterhose, wenn man dringend aufs Klo muss und der Bus mal wieder nicht kommt. 😁</text>
  </Document>
  <Document id="774524369565577216">
    <relevance>true</relevance>
    <sentiment>negative</sentiment>
    <Opinions>
      <Opinion category="Lift#Availability" polarity="negative" from="25" to="31" target="Aufzug" category_de="Aufzug#Betrieb"/>
    </Opinions>
    <text>Seit ca. 10 Uhr ist der #Aufzug zu Bstg 1 ; Zugang Terminal 3 am #Flughafen  #Stuttgart außer Betrieb #SBahnStgt #VVS</text>
  </Document>
  <Document id="818864324328366080">
    <relevance>true</relevance>
    <sentiment>neutral</sentiment>
    <Opinions/>
    <text>Die meisten U-Bahn-Haltestellen intuitiv an Kacheln oder Beleuchtung erkennen, sich oberirdisch aber jahrelang verlaufen. Ich kann's noch.</text>
  </Document>
  <Document id="661051590221148160">
    <relevance>true</relevance>
    <sentiment>negative</sentiment>
    <Opinions>
      <Opinion category="Escalator#Availability" polarity="negative" from="24" to="34" target="Rolltreppe" category_de="Rolltreppe#Betrieb"/>
    </Opinions>
    <text>#VVS und jetzt noch die Rolltreppe aus. Stuttgart HiTech Standort, das war mal. Blamage #S21 Baustelle</text>
  </Document>
  <Document id="715804569725440000">
    <relevance>true</relevance>
    <sentiment>neutral</sentiment>
    <Opinions/>
    <text>Retweeted Wiener Linien (@wienerlinien):  Ab heute Helmpflicht auf Rolltreppen. Radarkontrollen gegen Temposünder... https://t.co/PBPcyrfBzm</text>
  </Document>
  <Document id="736190748320763908">
    <relevance>true</relevance>
    <sentiment>negative</sentiment>
    <Opinions>
      <Opinion category="Lift#Availability" polarity="negative" from="53" to="59" target="Aufzug" category_de="Aufzug#Betrieb"/>
    </Opinions>
    <text>Infolge Umbauarbeiten ist im Bahnhof Luckenwalde der Aufzug Gleis 4 gestört. #T2</text>
  </Document>
  <Document id="1008614242709393414">
    <relevance>true</relevance>
    <sentiment>neutral</sentiment>
    <Opinions/>
    <text>@ShakRiet @CSU Was hat die #CSU mit einer Rolltreppe im Bahnhof zu tun? Damit hat ja nicht mal die regierende Münchner #SPD zu tun. 😎</text>
  </Document>
  <Document id="651408191784419328">
    <relevance>true</relevance>
    <sentiment>negative</sentiment>
    <Opinions>
      <Opinion category="Lift#Availability" polarity="negative" from="42" to="48" target="Aufzug" category_de="Aufzug#Betrieb"/>
    </Opinions>
    <text>Infolge einer technischen Störung ist der Aufzug im Bahnhof Schwerin Mitte Bstg. 2 gestört. #T2</text>
  </Document>
  <Document id="686449154600636416">
    <relevance>true</relevance>
    <sentiment>negative</sentiment>
    <Opinions>
      <Opinion category="Escalator#Availability" polarity="negative" from="20" to="30" target="Rolltreppe" category_de="Rolltreppe#Betrieb"/>
    </Opinions>
    <text>#Montag morgen, die Rolltreppe zur U-Bahn geht nicht. 🌀</text>
  </Document>
  <Document id="694651929276911616">
    <relevance>true</relevance>
    <sentiment>negative</sentiment>
    <Opinions>
      <Opinion category="Escalator#Availability" polarity="negative" from="57" to="67" target="Rolltreppe" category_de="Rolltreppe#Betrieb"/>
    </Opinions>
    <text>Toll! Jetzt hab ich auch noch die S-Bahn verpasst! Doofe Rolltreppe! 😡😡😡</text>
  </Document>
  <Document id="1077571801671258112">
    <relevance>false</relevance>
    <sentiment>neutral</sentiment>
    <Opinions/>
    <text>Auto hält 2. Reihe um gehbehinderte Person aussteigen zu lassen und hilft ihr ins Haus. Rentner im SUV kommt entgegen, merkt dass seine Kiste zu breit ist um vorbei zu kommen und hupt die halbe Straße zusammen. Muss wohl diese christliche Nächstenliebe an Weihnachten sein....</text>
  </Document>
  <Document id="740106925841473536">
    <relevance>true</relevance>
    <sentiment>neutral</sentiment>
    <Opinions/>
    <text>@DB_Bahn ich habe gerade im Berliner Hbf zu Unrecht einen Mann (Haustechnik?) angemeckert. Er rollte mit Gerät im Aufzug zu den S Bahnen. &gt;</text>
  </Document>
  <Document id="1356987332453351426">
    <relevance>true</relevance>
    <sentiment>neutral</sentiment>
    <Opinions/>
    <text>Am 20. Mai 2021 wird ein neues Flugziel auf der Anzeigetafel des Flughafen Memmingen erscheinen: An diesem Tag startet nämlich der erste Flug nach Sarajevo. Die Hauptstadt von Bosnien und Herzegowina erweitert das dicht geknüpfte Netz an osteuropäischen  https://t.co/MvQnysyKlt https://t.co/Fcz4QA0Ssp</text>
  </Document>
  <Document id="1026860388564922370">
    <relevance>true</relevance>
    <sentiment>neutral</sentiment>
    <Opinions/>
    <text>ugh ich hasse wenn ich 1 ubahn verpasse weil sich vor mir leute auf der rolltreppe breitmachen und demonstrativ nicht platz machen wenn man vorbeiwill 🙄</text>
  </Document>
  <Document id="1085157497818746881">
    <relevance>false</relevance>
    <sentiment>neutral</sentiment>
    <Opinions/>
    <text>Seit 4 Monaten hab ich eine Baustelle in der Straße. Sseit dem Aufreißen des Straßenbelages passiert dort original nichts mehr. Heute plötzlich zwei rauchende Männer mit Helm, die über das weitere Vorgehen beraten. Der Bagger läuft sich warm.</text>
  </Document>
  <Document id="635060460035948544">
    <relevance>true</relevance>
    <sentiment>negative</sentiment>
    <Opinions>
      <Opinion category="InfoDisplay#Avaiability" polarity="negative" from="72" to="80" target="Anzeigen" category_de="Infoanzeige#Betrieb"/>
      <Opinion category="InfoAcoustic#Availability" polarity="negative" from="88" to="98" target="Durchsagen" category_de="Infodurchsage#Betrieb"/>
    </Opinions>
    <text>@DB_Bahn Wo bleibt die Bahn nach Emmerich? Köln Mülheim ab 13:39. Keine Anzeigen, keine Durchsagen. Nichts. Wollt ihr mich verarschen?!</text>
  </Document>
  <Document id="1372577349762441216">
    <relevance>false</relevance>
    <sentiment>neutral</sentiment>
    <Opinions/>
    <text>Schaue gerade die Teenager werden Mütter Folge von letzter Woche nach. Ich weine schon wieder vor lachen. 😂  Normale Menschen mit so einer Anzeigetafel: Lache, Liebe, Lebe. + Irgendwas total romantisches hat.  Bei Teenager werden Mütter: https://t.co/90BJ1wxkHv</text>
  </Document>
  <Document id="764070548011876352">
    <relevance>true</relevance>
    <sentiment>negative</sentiment>
    <text>Lörrach Hbf: Aufzug zu Bstg 2 has changed state from ACTIVE to INACTIVE</text>
    <Opinions>
      <Opinion category="Lift#Availability" from="13" to="19" target="Aufzug" polarity="negative" category_de="Aufzug#Betrieb"/>
    </Opinions>
  </Document>
  <Document id="952565484830019600">
    <relevance>false</relevance>
    <sentiment>neutral</sentiment>
    <Opinions/>
    <text>Autofahrerin beweist großes Herz - Frau sieht gehbehinderten Mann auf der Straße und weiß sofort, was zu tun ist https://t.co/0nDQvCcVrl</text>
  </Document>
  <Document id="1372660707926421504">
    <relevance>false</relevance>
    <sentiment>neutral</sentiment>
    <Opinions/>
    <text>@___Jeannette__ @Kachelmann @DasErste @robsonte @FabienneHurst Bei uns in der Firma fährt kein Mann mehr alleine Aufzug mit einer Frau. Komplimente machen (Bsp.: &quot;Das Kleid steht Dir sehr gut&quot;) ist untersagt. Bei Personalgesprächen bleibt zur Sicherheit immer die Tür auf. Ich halte immer mindestens 4 Meter Abstand (auch vor Corona).</text>
  </Document>
  <Document id="651697759737749504">
    <relevance>true</relevance>
    <sentiment>neutral</sentiment>
    <Opinions/>
    <text>Stimmungsvolle Aufzugsmusik, wenn man so will. Aber für den Slice of Life Anime (und zum mit-der-Bahn-zur-Arbeit-Fahren) perfekt. #Animespam</text>
  </Document>
  <Document id="1084878908443504641">
    <relevance>false</relevance>
    <sentiment>neutral</sentiment>
    <Opinions/>
    <text>@DerNephias @Moondye7 Es war ultra sonnig und auf der Schnellstraße kam nach der Kruve plötzlich ne Baustelle die ich durch die Sonne nicht gesehen habe. Aus reflex nach Links gezogen in die Leiplanke und dann in die Baustelle. Und Airbag hatte sich net ausgelöst.</text>
  </Document>
  <Document id="604341781489131520">
    <relevance>true</relevance>
    <sentiment>neutral</sentiment>
    <Opinions/>
    <text>Süß der Bahn Fahrer hat gerade eine ansage gemacht. Das er es toll findet das wir da sind und das wir ein schönes Wochenende haben sollen. ❤</text>
  </Document>
  <Document id="651789183518830592">
    <relevance>false</relevance>
    <sentiment>neutral</sentiment>
    <Opinions/>
    <text>#verkehr Stadtverkehr:: Frankenschnellweg Fürth - Nürnberg - STAU zwischen Fürth-Poppenreuth und An den Rampen</text>
  </Document>
  <Document id="844614058611539968">
    <relevance>true</relevance>
    <sentiment>negative</sentiment>
    <Opinions>
      <Opinion category="InfoDisplay#BarrierOthers" polarity="negative" from="64" to="76" target="Anzeigetafel" category_de="Infoanzeige#Sonstiges_Barriere"/>
    </Opinions>
    <text>Wenn deine U-Bahn so spät kommt dass sie nichtmal Platz auf der Anzeigetafel hat.. 😒 #stuttgart</text>
  </Document>
  <Document id="684456036389023744">
    <relevance>true</relevance>
    <sentiment>negative</sentiment>
    <Opinions>
      <Opinion category="Lift#Availability" polarity="negative" from="61" to="67" target="Aufzug" category_de="Aufzug#Betrieb"/>
    </Opinions>
    <text>Im Hauptbahnhof #Saarbrücken sind am Vormittag 5 Personen im Aufzug zu den Gleisen stecken geblieben. Feuerwehr befreite sie #Saarland</text>
  </Document>
  <Document id="983606764879908865">
    <relevance>true</relevance>
    <sentiment>negative</sentiment>
    <Opinions>
      <Opinion category="ccidentsMobilityGroups#Main" polarity="negative" from="48" to="71" target="Rollstuhlfahrer umfällt" category_de="Unfall#Haupt"/>
    </Opinions>
    <text>Liebe @bvg Wenn Straßenbahn scharf abbremst und Rollstuhlfahrer umfällt, kann die Bahn dann nicht stehen bleiben oder müssen die Mitmenschen bei Ruckelfahrt aufhelfen? (M8 Nr. 9010 soeben bei Einfahrt in Rosa Luxemburg Platz)</text>
  </Document>
  <Document id="674081767477911552">
    <relevance>false</relevance>
    <sentiment>neutral</sentiment>
    <Opinions/>
    <text>Wäre mal wieder Zeit für einen neuen Zettel in #Tornesch. Bin gespannt wann der #Aufzug wieder geht. https://t.co/dWTAT2ZY6v</text>
  </Document>
  <Document id="739708086261321728">
    <relevance>false</relevance>
    <sentiment>neutral</sentiment>
    <Opinions/>
    <text>Es geht in die 2. Hälfte der Verlängerung. #Rolltreppe https://t.co/P3EXWRP2ju https://t.co/SrsEA5XkKF</text>
  </Document>
  <Document id="766152896924835840">
    <relevance>true</relevance>
    <sentiment>negative</sentiment>
    <Opinions>
      <Opinion category="InfoDisplay#Avaiability" polarity="negative" from="7" to="19" target="Anzeigetafel" category_de="Infoanzeige#Betrieb"/>
    </Opinions>
    <text>S-Bahn Anzeigetafel: Zug kommt in 8 Minuten. Wartet 2 Minuten, Zug kommt.  HALLO BAHN, KANN MAN NICHT MAL IN RUHE EINEN TWEET SCHREIBEN?</text>
  </Document>
  <Document id="1372280125140664325">
    <relevance>true</relevance>
    <sentiment>negative</sentiment>
    <Opinions>
      <Opinion category="Escalator#Availability" polarity="negative" from="72" to="82" target="rolltreppe" category_de="Rolltreppe#Betrieb"/>
    </Opinions>
    <text>was wird wohl schneller passieren? dass corona vorbei ist oder dass die rolltreppe am ostkreuz repariert wird?? @SBahnBerlin</text>
  </Document>
  <Document id="661269904197328896">
    <relevance>true</relevance>
    <sentiment>negative</sentiment>
    <Opinions>
      <Opinion category="Lift#Tidiness" polarity="negative" from="88" to="94" target="Aufzug" category_de="Aufzug#Atmosphaere"/>
    </Opinions>
    <text>Asoziale Menschen am Bahnhof Teil 102356: Mitten im geschlossenen Bahnhofsgebäude(!) im Aufzug(!!) rauchen.</text>
  </Document>
  <Document id="684306712417939457">
    <relevance>true</relevance>
    <sentiment>negative</sentiment>
    <Opinions>
      <Opinion category="Escalator#Availability" polarity="negative" from="0" to="10" target="Rolltreppe" category_de="Rolltreppe#Betrieb"/>
    </Opinions>
    <text>Rolltreppe in der U-Bahn kaputt. Aufzug in der Firma kaputt.  Wie so ein Montag.</text>
  </Document>
  <Document id="654605159314489345">
    <relevance>true</relevance>
    <sentiment>neutral</sentiment>
    <Opinions/>
    <text>Heute Morgen auf dem Weg zur U-Bahn...  http://t.co/gCPyb87WPN  #StarWars #Rolltreppe</text>
  </Document>
  <Document id="655372250925965312">
    <relevance>true</relevance>
    <sentiment>neutral</sentiment>
    <Opinions/>
    <text>Da fährt man die Rolltreppe der Ubahn-Station hoch und landet mitten in ner AfD Demo. Schmöchtedasnicht.</text>
  </Document>
  <Document id="620591774554157056">
    <relevance>false</relevance>
    <sentiment>neutral</sentiment>
    <Opinions/>
    <text>In Gelsenkirchen liegt ein Toter acht Tage lang in einem defekten Aufzug: .faz.net/-gup-85nd4</text>
  </Document>
  <Document id="646228199316303872">
    <relevance>true</relevance>
    <sentiment>negative</sentiment>
    <Opinions>
      <Opinion category="Escalator#Availability" polarity="negative" from="27" to="38" target="Rolltreppen" category_de="Rolltreppe#Betrieb"/>
    </Opinions>
    <text>Liebe @evag_de! Werden die Rolltreppen am Hbf wohl irgendwann repariert? Ansonsten würde ich mein Abo im Fitnessstudio kündigen.</text>
  </Document>
  <Document id="713996329983324160">
    <relevance>true</relevance>
    <sentiment>negative</sentiment>
    <Opinions>
      <Opinion category="Lift#Availability" polarity="negative" from="42" to="48" target="Aufzug" category_de="Aufzug#Betrieb"/>
    </Opinions>
    <text>Infolge einer technischen Störung ist der Aufzug im Bahnhof Berlin-Staaken Gleis 1/2 defekt #T2</text>
  </Document>
  <Document id="635823782633021440">
    <relevance>true</relevance>
    <sentiment>neutral</sentiment>
    <Opinions/>
    <text>S-Bahn-Ansage heute mit Ergänzung &quot;Und bitte vergessen Sie beim Aussteigen Ihre Regenschirme nicht!&quot; #allesklar</text>
  </Document>
  <Document id="669787778922639360">
    <relevance>false</relevance>
    <sentiment>neutral</sentiment>
    <Opinions/>
    <text>#verkehr Stadtverkehr: Frankenschnellweg: Fürth - Nürnberg - STAU zwischen Nürnberg/Fürth und An den Rampen // IN DER GEGENRICHTUNG S...</text>
  </Document>
  <Document id="705429791642505218">
    <relevance>true</relevance>
    <sentiment>neutral</sentiment>
    <Opinions/>
    <text>Wieder mal verpasse ich dank eines Aufzuges eine Bahn. Es ist ja nicht möglich einmal ohne Zeitdruck zu einem Termin zukommen.</text>
  </Document>
  <Document id="1361424961068560388">
    <relevance>false</relevance>
    <sentiment>neutral</sentiment>
    <Opinions/>
    <text>Das ist vermutlich der schlimmste Aufzug in der gesamten Reihe</text>
  </Document>
  <Document id="1360583052955631620">
    <relevance>true</relevance>
    <sentiment>neutral</sentiment>
    <Opinions/>
    <text>@wallgmbh auch am U Bhf Rüdesheimer Platz hat ein rassistisches Plakat die Werbung in der Anzeigetafel ersetzt. Bitte kümmert euch darum!! @BerlingegenNazi</text>
  </Document>
  <Document id="755046451726680069">
    <relevance>true</relevance>
    <sentiment>neutral</sentiment>
    <text>Mainz Hbf: Aufzug zu Gleis 2/3 has changed state from ACTIVE to UNKNOWN</text>
    <Opinions>
      <Opinion category="Lift#Availability" from="11" to="17" target="Aufzug" polarity="neutral" category_de="Aufzug#Betrieb"/>
    </Opinions>
  </Document>
  <Document id="681833929788289025">
    <relevance>true</relevance>
    <sentiment>neutral</sentiment>
    <Opinions/>
    <text>Ich habe ein @YouTube-Video positiv bewertet: https://t.co/6xQKEROhNw Eisenbahn aus Slowenien: Die Koperrampe am 19 und 20 Dezmeber</text>
  </Document>
  <Document id="1026733567680937985">
    <relevance>true</relevance>
    <sentiment>negative</sentiment>
    <Opinions>
      <Opinion category="Lift#Availability" polarity="negative" from="101" to="107" target="Aufzug" category_de="Aufzug#Betrieb"/>
    </Opinions>
    <text>Hallo @BVG_Ubahn, Ist es euer Ernst, dass es am U-Bahnhof Bayerischer Platz (Umsteigebahnhof) keinen Aufzug gibt? #Steinzeit, #ditisberlin</text>
  </Document>
  <Document id="1085195783312273409">
    <relevance>false</relevance>
    <sentiment>neutral</sentiment>
    <Opinions/>
    <text>🗓️ Nicht verpassen! Am 24.01.2019 stellen namhafte Unternehmen aus Bau und Handwerk in Regensburg ihre Nachwuchs- und Imagearbeit vor. Außerdem könnt Ihr im Innovationscontainer die Baustelle der Zukunft erleben. ➡️Anmeldung unter: https://t.co/eSqkYs6Z4H</text>
  </Document>
  <Document id="1009687280070615040">
    <relevance>true</relevance>
    <sentiment>neutral</sentiment>
    <Opinions/>
    <text>Ixh verpasse gerade meine bahn weil die Autos zum 3. Mal grün bekommen ohne das die fußgängerampel einmal umgesprungen ist.....</text>
  </Document>
  <Document id="617743531701104640">
    <relevance>true</relevance>
    <sentiment>neutral</sentiment>
    <Opinions/>
    <text>&quot;Unser Zug besitzt leider keine Klimaanlage. Wir wünschen angenehmes Schwitzen.&quot; (@TenTiek) #Bahn #Ansage #Hitze</text>
  </Document>
  <Document id="736234539543089153">
    <relevance>true</relevance>
    <sentiment>negative</sentiment>
    <Opinions>
      <Opinion category="Escalator#Availability" polarity="neutral" from="16" to="36" target="Rolltreppenreparatur" category_de="Rolltreppe#Betrieb"/>
      <Opinion category="Escalator#Availability" polarity="negative" from="68" to="79" target="Rolltreppen" category_de="Rolltreppe#Betrieb"/>
    </Opinions>
    <text>Bald schnellere Rolltreppenreparatur in S-Bahn-Stationen? - Defekte Rolltreppen in S-Bahn-Stationen sollen künf... https://t.co/Yy3Og14G0M</text>
  </Document>
  <Document id="608679572050210816">
    <relevance>true</relevance>
    <sentiment>neutral</sentiment>
    <Opinions/>
    <text>S11: Jetzt Durchsage: Person stand in Gleisnähe! Hm, kam wohl von der Autobahn nebendran.. Kein Benzin mehr vielleicht. @Blickch @ginsig</text>
  </Document>
  <Document id="1039481066480914432">
    <relevance>true</relevance>
    <sentiment>neutral</sentiment>
    <Opinions/>
    <text>RT @Tasso2000: Die Rampe am Gleis 17. Bahnhof Grunewald. Von hier deportierten die Nazis Zehntausende Berliner Juden. Fast alle wurden ermo…</text>
  </Document>
  <Document id="740166624309809153">
    <relevance>true</relevance>
    <sentiment>neutral</sentiment>
    <Opinions/>
    <text>Redemption Cemetery 7 - #001 - Ein ganz normaler Tag in der U-Bahn - LiveLP HD Blind Hard: https://t.co/btqcJUbPEy via @YouTube</text>
  </Document>
  <Document id="657076503251951616">
    <relevance>true</relevance>
    <sentiment>neutral</sentiment>
    <Opinions/>
    <text>Ab wieviel Metern Rolltreppe braucht es keine U-Bahn mehr? &gt;&gt; bum going places. https://t.co/eUowo2kVkH</text>
  </Document>
  <Document id="748487385302859776">
    <relevance>true</relevance>
    <sentiment>neutral</sentiment>
    <Opinions/>
    <text>@uestra Fußgängerampel Linden-Fischerhof, wenn Bahn einfährt springt die Ampel schon nicht mehr um ;)</text>
  </Document>
  <Document id="1004057837478301696">
    <relevance>true</relevance>
    <sentiment>neutral</sentiment>
    <Opinions/>
    <text>@deltasig @kleiner_Komet_ Kommt halt drauf an, wo man hin will und ob mit oder ohne Auto. Letzteres geht am HBF grad gar nicht. Wir holen mit Auto jemand gehbehinderten nach Beuel ab. Dafür ist Bonn UN Campus perfekt. Aber Öffis sind auch viele da. Ist ja direkt hinter @bundeskunsthall</text>
  </Document>
  <Document id="713084032205135872">
    <relevance>true</relevance>
    <sentiment>positive</sentiment>
    <text>Flughafen München Besucherpark: Aufzug zwischen Bstg 1 und Brücke has changed state from ACTIVE to TEST_ACTIVE</text>
    <Opinions>
      <Opinion category="Lift#Availability" from="32" to="38" target="Aufzug" polarity="positive" category_de="Aufzug#Betrieb"/>
    </Opinions>
  </Document>
  <Document id="1074554735527641090">
    <relevance>true</relevance>
    <sentiment>negative</sentiment>
    <Opinions>
      <Opinion category="GroundLevelAccess#Main" polarity="negative" from="200" to="208" target="Steigung" category_de="Stufenfrei_Hoehengleich#Haupt"/>
    </Opinions>
    <text>@AnitaWorks9698 @KirstenKirsten Wir haben mal eine ziemlich neu gebaute Schule angeschaut, die an den Bahnhof mit einer Fußgängerbrücke angebunden war. Die Brücke hatte auf einer Seite so eine enorme Steigung - unmöglich mit einem Rollstuhl befahrbar. &gt;</text>
  </Document>
  <Document id="799375436568367104">
    <relevance>true</relevance>
    <sentiment>neutral</sentiment>
    <Opinions/>
    <text>@tifftxff zertrampel in der ubahn einen rentner</text>
  </Document>
  <Document id="818749472977145856">
    <relevance>true</relevance>
    <sentiment>neutral</sentiment>
    <Opinions/>
    <text>Weihnachtsbeleuchtung wird abgehängt: Bahnen werden umgeleitet #Kassel #extratip https://t.co/crUbGyAQpg</text>
  </Document>
  <Document id="753115761191686144">
    <relevance>true</relevance>
    <sentiment>negative</sentiment>
    <Opinions>
      <Opinion category="Lift#Availability" polarity="negative" from="14" to="20" target="Aufzug" category_de="Aufzug#Betrieb"/>
    </Opinions>
    <text>„Versprochene Aufzug zur U-Bahn kommt nicht, weil niemand die Kosten tragen will. Behindertenverbände sind empört.&quot; https://t.co/l1ShYz0NC6</text>
  </Document>
  <Document id="632192889938931712">
    <relevance>true</relevance>
    <sentiment>neutral</sentiment>
    <Opinions/>
    <text>@DB_Bahn heute hat die Ansage/Anzeige &quot;umgekehrte Reihung&quot; bei IC2054 geklappt! \o/</text>
  </Document>
  <Document id="1000158959918026752">
    <relevance>true</relevance>
    <sentiment>neutral</sentiment>
    <Opinions/>
    <text>@Lyntarius Trampen günstig keine cerspätung wie bahn</text>
  </Document>
  <Document id="1079277338389635072">
    <relevance>false</relevance>
    <sentiment>neutral</sentiment>
    <Opinions/>
    <text>Sonntagmorgen 8 Uhr. Aus der Krankenhausküche weht der Duft von Kohl. Der Wind hat über Nacht das Dixieklo an der Baustelle gegenüber umgekippt und den Inhalt der seit 1 Woche nicht abgeholten gelben Säcke in der Siedlung verteilt. Ich fahr nach Hause.</text>
  </Document>
  <Document id="619855307896918016">
    <relevance>true</relevance>
    <sentiment>negative</sentiment>
    <Opinions>
      <Opinion category="Escalator#Availability" polarity="negative" from="83" to="94" target="Rolltreppen" category_de="Rolltreppe#Betrieb"/>
    </Opinions>
    <text>Liebe #SBahn #muenchen, es interessiert euch nicht, ich sag es euch trotzdem: Zwei Rolltreppen am Isartor defekt!</text>
  </Document>
  <Document id="818200641306771456">
    <relevance>true</relevance>
    <sentiment>neutral</sentiment>
    <Opinions/>
    <text>@FrauWolf Vielleicht bauen die ja eine Raketenabschussrampe und kein Bahnhof :)</text>
  </Document>
  <Document id="653515258670116864">
    <relevance>true</relevance>
    <sentiment>positive</sentiment>
    <Opinions>
      <Opinion category="InfoDisplay#Avaiability" polarity="positive" from="59" to="75" target="LED-Anzeigetafel" category_de="Infoanzeige#Betrieb"/>
    </Opinions>
    <text>Bessere Kundeninformation: Bahnhof Zürich erhält eine neue LED-Anzeigetafel. http://t.co/TD7Ads4yYW</text>
  </Document>
  <Document id="645665107691835393">
    <relevance>true</relevance>
    <sentiment>neutral</sentiment>
    <Opinions/>
    <text>@DB_Bahn Die Ansage im Zug lautete aber Baurabeiten und Ihre eigene „Stellwerkstörung“, aber lassen wir das. (1/2)</text>
  </Document>
  <Document id="617364414711382016">
    <relevance>true</relevance>
    <sentiment>neutral</sentiment>
    <Opinions/>
    <text>RT @olle_Meia: &quot;Fresse haltn, Fensta uff!&quot;  Morgens in der S-Bahn sind klare Ansagen notwendig.</text>
  </Document>
  <Document id="1353027551762014208">
    <relevance>false</relevance>
    <sentiment>neutral</sentiment>
    <Opinions/>
    <text>&quot;Auf der Anzeigetafel steht, dass mein Bus erst in fünf Minuten kommt, also setze ich mich neben eine jungen Frau, die gerade mit dem Handy telefoniert, auf die Plastikbank.&quot;  Mein schönes falsches Leben von Hilary Freeman   #Buchbeginn @Buchbeginn https://t.co/9vOSroUVhG</text>
  </Document>
  <Document id="635537795340214272">
    <relevance>false</relevance>
    <sentiment>neutral</sentiment>
    <Opinions/>
    <text>@PolizeiSachsen traurig, dass #antira den Schutz der Flüchtlinge übernehmen muss! aber klar die linken sind ja böse - rechts ist man blind!</text>
  </Document>
  <Document id="685113537308561408">
    <relevance>true</relevance>
    <sentiment>positive</sentiment>
    <text>Bonn Hbf: Aufzug zwischen Gleis 1 und Tunnel (Nord) has changed state from ACTIVE to TEST_ACTIVE</text>
    <Opinions>
      <Opinion category="Lift#Availability" from="10" to="16" target="Aufzug" polarity="positive" category_de="Aufzug#Betrieb"/>
    </Opinions>
  </Document>
  <Document id="823421291634065409">
    <relevance>true</relevance>
    <sentiment>negative</sentiment>
    <Opinions>
      <Opinion category="InfoDisplay#BarrierOthers" polarity="negative" from="73" to="85" target="ANZEIGETAFEL" category_de="Infoanzeige#Sonstiges_Barriere"/>
    </Opinions>
    <text>ICH WERD AGGRESSIV WIESO VERSCHWINDET DIE DRECKS BAHN EINFACH SO VON DER ANZEIGETAFEL OBWOHL SIE IN 2 MINUTEN DA WÄRE IHR HUNDE</text>
  </Document>
  <Document id="1353097070887006208">
    <relevance>true</relevance>
    <sentiment>neutral</sentiment>
    <Opinions/>
    <text>ich bleib im suff am tresen kleben wenn ich die ganze nacht durchpeppe/ denn ich bin auf allen ebenen daneben wie inzest auf der hbf rolltreppe/</text>
  </Document>
  <Document id="939059640750477312">
    <relevance>true</relevance>
    <sentiment>negative</sentiment>
    <Opinions>
      <Opinion category="GeneralBarrier#Main" polarity="negative" from="187" to="200" target="problematisch" category_de="Allgemein_Barriere#Haupt"/>
    </Opinions>
    <text>Ob #S21 oder irgend ein anderer #Bahnhof: Bahnhöfe und dien #DeutscheBahn haben einen Versorgungsauftrag. Mobilität muß für alle funktionieren. In #Darmstadt könnte das für Gehbehinderte problematisch werden:  https://t.co/qFxeZ1KHid</text>
  </Document>
  <Document id="1359379920506486789">
    <relevance>true</relevance>
    <sentiment>negative</sentiment>
    <Opinions>
      <Opinion category="InfoDisplay#Avaiability" polarity="negative" from="62" to="74" target="Anzeigetafel" category_de="Infoanzeige#Betrieb"/>
    </Opinions>
    <text>1h am #Bahnsteig auf den #IC 94 gewartet. Ohne #Info auf der #Anzeigetafel noch in der #Navigator App. #Verspätung alle 10 min erhöht, sodass man nicht mal d.Bahnsteig verlassen konnte um sich aufzuwärmen! Folgender #iCE fällt auch aus! @DB_Bahn @PRO_BAHN @DB_Kritik @MDRAktuell</text>
  </Document>
  <Document id="1354057570038784000">
    <relevance>true</relevance>
    <sentiment>neutral</sentiment>
    <Opinions/>
    <text>Rolltreppe zur S-Bahn hoch voll, alle stehen und halten trotzdem ausreichend Abstand zueinander und ein Typ geht die Rolltreppe hoch und rempelt alle im Vorbeigehen an. Ich sage als Einzige, das er doch gleich die Treppe nehmen kann und er rastet aus und betitelt mich als F****.</text>
  </Document>
  <Document id="1359383185067552770">
    <relevance>true</relevance>
    <sentiment>negative</sentiment>
    <Opinions>
      <Opinion category="InfoDisplay#BarrierOthers" polarity="negative" from="51" to="63" target="anzeigetafel" category_de="Infoanzeige#Sonstiges_Barriere"/>
    </Opinions>
    <text>ich hasse es, wenn im bus der falsche plan auf der anzeigetafel ist bin jetzt 5 stationen früher ausgestiegen und warte auf den nächsten bus</text>
  </Document>
  <Document id="1076558310722207744">
    <relevance>true</relevance>
    <sentiment>neutral</sentiment>
    <Opinions/>
    <text>wenn man wissen will, was der #Rolltreppen-Planer vom #BER #Berlin vorher gemacht hat, sollte man sich vielleicht mal das #EKZ #HamburgerMeile in #Hamburg ansehen!? 🙈😂 #Mundsburg https://t.co/SS3cgeFewu</text>
  </Document>
  <Document id="683993012431540224">
    <relevance>true</relevance>
    <sentiment>negative</sentiment>
    <Opinions>
      <Opinion category="Lift#Availability" polarity="negative" from="0" to="6" target="Aufzug" category_de="Aufzug#Betrieb"/>
    </Opinions>
    <text>Aufzug am Bahnhof Oranienburg blieb stecken: Eineinhalb Stunden lang war ein Paar mit seinem zw... https://t.co/VpLi07eVOz @SPIEGELONLINE</text>
  </Document>
  <Document id="738572648800718849">
    <relevance>true</relevance>
    <sentiment>negative</sentiment>
    <Opinions>
      <Opinion category="InfoDisplay#Avaiability" polarity="negative" from="21" to="33" target="Anzeigetafel" category_de="Infoanzeige#Betrieb"/>
    </Opinions>
    <text>In der SBahn ist die Anzeigetafel für die nächste Haltestelle ausgefallen.Ich werde nicht zur Arbeit finden.</text>
  </Document>
  <Document id="627103716219424768">
    <relevance>true</relevance>
    <sentiment>neutral</sentiment>
    <Opinions/>
    <text>@germanwings habe es gerade auf der Webseite gefunden, sorry und Danke für die Info. Dann kann der nächste #BlindBooking Trip ja kommen :-)</text>
  </Document>
  <Document id="695953685596266496">
    <relevance>true</relevance>
    <sentiment>negative</sentiment>
    <Opinions>
      <Opinion category="Lift#Barrier_Others" polarity="negative" from="11" to="17" target="Aufzug" category_de="Aufzug#Sonstiges_Barriere"/>
    </Opinions>
    <text>@VVS #Otis Aufzug am Bahnsteig 1 im Bahnhof #Leinfelden quietscht beim Fahren. Bitte warten bevor er ausfällt #SBahnStgt</text>
  </Document>
  <Document id="988045916451033089">
    <relevance>true</relevance>
    <sentiment>neutral</sentiment>
    <Opinions/>
    <text>#Wohnungen 14913 #Jüterbog Zentrum 386 EUR 2  Rollstuhlgerechte 2 Raum Wohnung Nähe Bahnhof Jüterbog https://t.co/ySYs0ltl7F #immobilien Deutschland https://t.co/f11Z4bSjki</text>
  </Document>
  <Document id="650340846995406848">
    <relevance>false</relevance>
    <sentiment>neutral</sentiment>
    <Opinions/>
    <text>Mein Tag in NL:  Stau Autobahn Stau Landstraße Stau Stadt Stau Parkhaus Stau Café Stau in Hose Stau Toilette Stau Laden Stau Rolltreppe St..</text>
  </Document>
  <Document id="1359795047814881280">
    <relevance>false</relevance>
    <sentiment>neutral</sentiment>
    <Opinions/>
    <text>Hat jemand Infos zu Möglichkeiten den #CO2-fußabdruck im Haushalt transparent zu machen? (z. B. Anzeigetafel an Heizkörpern, Wasserhahn, usw.?) #Klimaschutz #CO2footprint</text>
  </Document>
  <Document id="958105865176911873">
    <relevance>true</relevance>
    <sentiment>neutral</sentiment>
    <Opinions/>
    <text>@focusonline Wenn ich CDU nur lese und alte Menschen am Bahnhof Flaschen sammeln sehe, oder den Trampel Merkel sehe dreht es mir den Magen um!</text>
  </Document>
  <Document id="732363525604184064">
    <relevance>false</relevance>
    <sentiment>neutral</sentiment>
    <Opinions/>
    <text>https://t.co/mdfxVDeXWg Rolltreppe brutal mann verliert fuß nach unfall china handwerk sicherheit #video #Frisuren https://t.co/zQHWl2TLt2</text>
  </Document>
  <Document id="619540973245366272">
    <relevance>true</relevance>
    <sentiment>neutral</sentiment>
    <Opinions/>
    <text>WAS IST EIGENTLICH MIT DIESEM BAHN ANSAGER LOS? SCHREIEN SIE MICH GEFÄLLIGST NICHT AN. ICH BIN EMPFINDLICH!</text>
  </Document>
  <Document id="711808009035517952">
    <relevance>true</relevance>
    <sentiment>negative</sentiment>
    <Opinions>
      <Opinion category="InfoDisplay#Avaiability" polarity="negative" from="42" to="54" target="Anzeigetafel" category_de="Infoanzeige#Betrieb"/>
    </Opinions>
    <text>@SBahnBerlin In Lichterfelde West ist die Anzeigetafel am Gleis 2 z.T. kaputt. https://t.co/IIaJqmlqDe</text>
  </Document>
  <Document id="691571697712009216">
    <relevance>true</relevance>
    <sentiment>neutral</sentiment>
    <Opinions/>
    <text>Trennungsschmerz über Verlorenes,das mir nie gehörte.Links stehende Trottel auf Rolltreppe.Nach Urin Stinkende in der Bahn.Datenvolumen alle</text>
  </Document>
  <Document id="980941385627992064">
    <relevance>true</relevance>
    <sentiment>positive</sentiment>
    <Opinions>
      <Opinion category="Ramp#Availability" polarity="positive" from="89" to="94" target="Rampe" category_de="Rampe#Betrieb"/>
    </Opinions>
    <text>@KVBAG Mir ist gestern aufgefallen, dass es auf der Deutz-Kalker Str. vor der Arena eine Rampe in einen U-Bahn Tunnel gibt, an der die 3 und 4 vorbeifahren. Diese wird aber planmäßig von keiner Linie genutzt. Was verbindet dieser Tunnel und wohin führt er?</text>
  </Document>
  <Document id="674865303608811520">
    <relevance>true</relevance>
    <sentiment>neutral</sentiment>
    <Opinions/>
    <text>Heute besonders viel Hass auf Egoist_innen, die bei einfahrenden Zügen die Rolltreppe blockieren, weil es offenbar nicht ihre Bahn ist. &gt;:(</text>
  </Document>
  <Document id="1014730392044298240">
    <relevance>true</relevance>
    <sentiment>negative</sentiment>
    <Opinions>
      <Opinion category="Lift#Availability" polarity="negative" from="49" to="55" target="Aufzug" category_de="Aufzug#Betrieb"/>
    </Opinions>
    <text>@antenne Wie wäre es damit, endlich wieder einen Aufzug zum S-Bahnsteig zu bauen, damit dieser auch für mobilitätseingeschränkte Personen zugänglich und die S-Bahn somit auch für diese nutzbar ist?!</text>
  </Document>
  <Document id="793123477188448257">
    <relevance>true</relevance>
    <sentiment>negative</sentiment>
    <Opinions>
      <Opinion category="Lighting#Availability" polarity="negative" from="32" to="43" target="Beleuchtung" category_de="Beleuchtung#Betrieb"/>
    </Opinions>
    <text>Im #Halloween Zug?! S-Bahn ohne Beleuchtung #Frankfurt... https://t.co/bbdiRjqOYG</text>
  </Document>
  <Document id="643944333335400450">
    <relevance>false</relevance>
    <sentiment>neutral</sentiment>
    <Opinions/>
    <text>FEUERWEHREINSATZ IL 16.09 01:24 FW Hall/Tirol - Aufzugstop  Person in Notlage - 6060 Hall/Tirol:</text>
  </Document>
  <Document id="686120518190153729">
    <relevance>false</relevance>
    <sentiment>neutral</sentiment>
    <Opinions/>
    <text>POL-WOB: Fallersleben, Westrampe: Verkehrsunfall vermutlich auf Grund von Glätte  Fallersleben, 09.01.2016,… https://t.co/O49sCe9klz</text>
  </Document>
  <Document id="1044684177684254722">
    <relevance>true</relevance>
    <sentiment>neutral</sentiment>
    <Opinions>
      <Opinion category="Ramp#Barrier_Others" polarity="neutral" from="77" to="82" target="Rampe" category_de="Rampe#Sonstiges_Barriere"/>
    </Opinions>
    <text>@DB_Bahn @DummlichTV Sie haben aber schon gelesen, dass der Herr eine eigene Rampe dabei hatte und die DB von der Haftung entbunden hätte?  Im  Übrigen ist es dabei egal, ob man für die Fahrt bezahlt oder &quot;frei&quot;  fährt, nachdem man das Beiblatt bezahlt hat. Rollstuhlfahrer sind  Fahrgäste. Punkt.</text>
  </Document>
  <Document id="1040595802652114946">
    <relevance>true</relevance>
    <sentiment>neutral</sentiment>
    <Opinions/>
    <text>@_die_sara 😱 Ihr habt nicht an jeder U-Bahn einen Aufzug?!? So uncool München auch sein mag - manchmal habe ich das Gefühl, es gewinnt im Vergleich doch.</text>
  </Document>
  <Document id="717756777354412033">
    <relevance>true</relevance>
    <sentiment>negative</sentiment>
    <Opinions>
      <Opinion category="Escalator#Availability" polarity="negative" from="26" to="44" target="Rolltreppenproblem" category_de="Rolltreppe#Betrieb"/>
    </Opinions>
    <text>Hat die Deutsche Bahn ein Rolltreppenproblem, einen verprellten Lieferanten oder Schwächen im Qualitätsmanagement??? https://t.co/2hvUI8XH38</text>
  </Document>
  <Document id="1364633047899987970">
    <relevance>false</relevance>
    <sentiment>neutral</sentiment>
    <Opinions/>
    <text>@Kaardl Man kann die Zeit auf der Rolltreppe nutzen 🤯💡</text>
  </Document>
  <Document id="633892835796885504">
    <relevance>true</relevance>
    <sentiment>negative</sentiment>
    <Opinions>
      <Opinion category="InfoAcoustic#Availability" polarity="negative" from="9" to="19" target="Durchsagen" category_de="Infodurchsage#Betrieb"/>
    </Opinions>
    <text>@DB_Bahn Durchsagen wären schön. Auch die ca. 30 anderen Personen am Bahngleis wären bestimmt interessiert.</text>
  </Document>
  <Document id="640603301420118016">
    <relevance>true</relevance>
    <sentiment>negative</sentiment>
    <Opinions>
      <Opinion category="InfoAcoustic#Availability" polarity="negative" from="83" to="89" target="Ansage" category_de="Infodurchsage#Betrieb"/>
    </Opinions>
    <text>@DB_Bahn Wie kann es sein, dass man im IC 2034 von Bremen nach OL sitzt &amp; es keine Ansage gibt, wie und ob es überhaupt weiter geht?</text>
  </Document>
  <Document id="612225794585313280">
    <relevance>false</relevance>
    <sentiment>neutral</sentiment>
    <Opinions/>
    <text>#Presse bitte folgt den Ansagen der Communicatoren vor Ort!  #nowow2006 #StopWOW #Frankfurt</text>
  </Document>
  <Document id="623838359480332288">
    <relevance>false</relevance>
    <sentiment>neutral</sentiment>
    <Opinions/>
    <text>Achtung, Blitzeiswarnung in Schleswig-Holstein. (Für blinde Nutzer: Parkplatz-Warnschild; offenes Cabrio, 30°C) http://t.co/FpqfDNHYwU</text>
  </Document>
  <Document id="1002193493832368130">
    <relevance>true</relevance>
    <sentiment>neutral</sentiment>
    <Opinions/>
    <text>RT @houelle_beck: Gestern sah ich auf dem U-Bahnhof einen verzweifelten älteren Mann mit seiner schwerbehinderten Frau im Rollstuhl. Der Fa…</text>
  </Document>
  <Document id="740858653289402368">
    <relevance>true</relevance>
    <sentiment>neutral</sentiment>
    <Opinions>
      <Opinion category="Lift#Availability" polarity="neutral" from="25" to="31" target="Aufzug" category_de="Aufzug#Betrieb"/>
    </Opinions>
    <text>@Nachtgedacht Gibt einen Aufzug in Neukölln der direkt vom S-Bahn-Bahnsteig zum U-Bahn-Bahnsteig fährt.</text>
  </Document>
  <Document id="633937782046609408">
    <relevance>true</relevance>
    <sentiment>neutral</sentiment>
    <Opinions/>
    <text>&quot;An die Primark-Tüten-Besitzer: Nehmen Sie bitte alle Kleiderbügel, Etiketten und Tüten beim Ausstieg mit!&quot; (@Master_Schnief) #Bahn #Ansage</text>
  </Document>
  <Document id="686473092407930880">
    <relevance>true</relevance>
    <sentiment>negative</sentiment>
    <Opinions>
      <Opinion category="Escalator#Availability" polarity="negative" from="57" to="68" target="Rolltreppen" category_de="Rolltreppe#Betrieb"/>
    </Opinions>
    <text>@DB_Bahn Am Hauptbahnhof leider das gleiche Thema. Beide Rolltreppen sind dort kaputt. Von und zur S-Bahn.</text>
  </Document>
  <Document id="639920847852060672">
    <relevance>true</relevance>
    <sentiment>neutral</sentiment>
    <Opinions/>
    <text>@germanwings Ich habe den Blind Booking Tarif gebucht und meine Miles&amp;More Karte angegeben. Flugnummern 4U7037 &amp; 4U7038.</text>
  </Document>
  <Document id="805840580894924800">
    <relevance>true</relevance>
    <sentiment>positive</sentiment>
    <Opinions>
      <Opinion category="Lighting#Availability" polarity="positive" from="7" to="27" target="Bahnsteigbeleuchtung" category_de="Beleuchtung#Betrieb"/>
    </Opinions>
    <text>#RB43 #Bahnsteigbeleuchtung in #Wanne-#Eickel funktioniert wieder. Die Züge können dort wieder halten.</text>
  </Document>
  <Document id="689076942235152384">
    <relevance>true</relevance>
    <sentiment>positive</sentiment>
    <Opinions>
      <Opinion category="Lift#Availability" polarity="positive" from="24" to="30" target="Aufzug" category_de="Aufzug#Betrieb"/>
    </Opinions>
    <text>DBliftbot Nürnberg Hbf, Aufzug zu Gleis 14/15 ist wieder betriebsbereit. https://t.co/PJZuynd3T0 https://t.co/wxo0pFlr9n</text>
  </Document>
  <Document id="622708991391596544">
    <relevance>true</relevance>
    <sentiment>neutral</sentiment>
    <Opinions/>
    <text>RT @BahnAnsagen: In der Bahn in Dortmund: &quot;Der Döner bleibt draußen!&quot; (@Trzinkabel) #Bahn #Ansage</text>
  </Document>
  <Document id="669013037433692160">
    <relevance>true</relevance>
    <sentiment>neutral</sentiment>
    <Opinions/>
    <text>und als @_DeenisTJ_ bei einer Bahn Station eine riesen Treppe rauf kletern wollte bis er merkte das wir ( @xSelinB ) im Aufzug sind 😂😂🎀3/3</text>
  </Document>
  <Document id="638966641318068224">
    <relevance>true</relevance>
    <sentiment>negative</sentiment>
    <Opinions>
      <Opinion category="Escalator#Availability" polarity="negative" from="27" to="38" target="Rolltreppen" category_de="Rolltreppe#Betrieb"/>
    </Opinions>
    <text>@BerlinHajo der Einbau von Rolltreppen ist leider erst möglich, wenn die Arbeiten an der S21 direkt unter der Haltestelle abgeschlossen sind</text>
  </Document>
  <Document id="1044462724938452992">
    <relevance>true</relevance>
    <sentiment>neutral</sentiment>
    <Opinions>
      <Opinion category="Lift#Barrier_Others" polarity="neutral" from="23" to="29" target="Aufzug" category_de="Aufzug#Sonstiges_Barriere"/>
    </Opinions>
    <text>Wie man in #Peking zum Aufzug in der U-Bahn findet. Definitiv auch nötig und eine Idee für Frankfurts @vgf_ffm, die @DB_Bahn und andere Städte... Sehr gute Wegeleitung. https://t.co/vqjbBadZvb</text>
  </Document>
  <Document id="626393654211403776">
    <relevance>false</relevance>
    <sentiment>neutral</sentiment>
    <Opinions/>
    <text>Redemption Cemetery 5 - Ein Bahnhof, ein Unfall - #008 - LiveLP HD Blind Hard: http://t.co/oiuFmcFnMm via @YouTube</text>
  </Document>
  <Document id="982472055055704064">
    <relevance>true</relevance>
    <sentiment>neutral</sentiment>
    <Opinions/>
    <text>Event von heute 14:00 Uhr: Stadt-Krimi: Die Glasspur in Winterthur, Milchrampe beim Bahnhof Winterthur  #Schweiz #Event https://t.co/Ucsb5LkNME</text>
  </Document>
  <Document id="1359751017630433282">
    <relevance>true</relevance>
    <sentiment>neutral</sentiment>
    <Opinions/>
    <text>⏳#Unity4J Mahnwache via @FreeAssange_eu⏳  Mahnwache für Julian Assange #Stuttgart  Jeden Donnerstag  Nächster Termin 11.2.2021  17 - 19 Uhr  Haltestelle Stadtmitte Rolltreppe Königstrasse Stuttgart  Bitte bzgl Termin nachfragen👇🏼  https://t.co/0j3nobqNUL https://t.co/NLkLNPRF9O https://t.co/5X1CVs1KwI</text>
  </Document>
  <Document id="694094495529463808">
    <relevance>true</relevance>
    <sentiment>neutral</sentiment>
    <Opinions/>
    <text>@inachis_ Rechts stehen, links gehen. Rolltreppenregel. Besonders wichtig beim Umsteigen in Bf und Hbf.</text>
  </Document>
  <Document id="657111781731618816">
    <relevance>true</relevance>
    <sentiment>negative</sentiment>
    <Opinions>
      <Opinion category="Escalator#Availability" polarity="negative" from="4" to="14" target="Rolltreppe" category_de="Rolltreppe#Betrieb"/>
    </Opinions>
    <text>Die Rolltreppe zur U12 Richtung Ruhleben ist am Bahnhof Möckernbrücke mal wieder ausgeschaltet/defekt. @BVG_Ubahn</text>
  </Document>
  <Document id="896771132950491136">
    <relevance>true</relevance>
    <sentiment>neutral</sentiment>
    <Opinions/>
    <text>@NielsAnnen @PolizeiHamburg Liebe Polizei, bei der U-Bahn Station Hagendeel lässt die SPD Ihren Müll unerlaubt liegen und verschmutzt das Stadtbild ungemein. Grüße ma</text>
  </Document>
  <Document id="737340236221448192">
    <relevance>false</relevance>
    <sentiment>neutral</sentiment>
    <Opinions/>
    <text>SCHRECKLICHER UNFALL AUF EINER ROLLTREPPE https://t.co/lLh3JDhaFe https://t.co/3EROJeNJwF</text>
  </Document>
  <Document id="927579318959661058">
    <relevance>true</relevance>
    <sentiment>negative</sentiment>
    <Opinions>
      <Opinion category="Lighting#Availability" polarity="negative" from="5" to="25" target="Bahnsteigbeleuchtung" category_de="Beleuchtung#Betrieb"/>
    </Opinions>
    <text>#S8, Bahnsteigbeleuchtung in #Schwelm West ausgefallen. Züge halten länger zum Ausleuchten am Bahnsteig. Vorsicht beim Ein-/ Ausstieg.</text>
  </Document>
  <Document id="697381852546523136">
    <relevance>true</relevance>
    <sentiment>negative</sentiment>
    <Opinions>
      <Opinion category="Lift#Availability" polarity="negative" from="13" to="19" target="Aufzug" category_de="Aufzug#Betrieb"/>
    </Opinions>
    <text>Rostock Hbf, Aufzug zwischen Gleis 1/2 (Erdgeschoss) und 1.Untergeschoss und 2.Untergeschoss ist defekt. (12:28)</text>
  </Document>
  <Document id="665150861774049280">
    <relevance>true</relevance>
    <sentiment>neutral</sentiment>
    <Opinions/>
    <text>gute tat des tages: für eine im rollstuhl sitzende rentnerin über den halben bahnhof gerannt, um ihre karte zu entwerten.</text>
  </Document>
  <Document id="632221321506738176">
    <relevance>true</relevance>
    <sentiment>negative</sentiment>
    <Opinions>
      <Opinion category="InfoAcoustic#Availability" polarity="negative" from="46" to="53" target="Ansagen" category_de="Infodurchsage#Betrieb"/>
    </Opinions>
    <text>@DB_Info – Was ist auf Hbf #Erfurt los? Keine Ansagen, warum Züge nicht fahren oder verspätet.</text>
  </Document>
  <Document id="918398674736164864">
    <relevance>true</relevance>
    <sentiment>neutral</sentiment>
    <Opinions/>
    <text>@AfD_Bayern Frage:Familiennachzug Wie werden denn die Familien ankommen?Per Bus ,Bahn im Flieger?Auf Trampelpfaden? Mit Pass oder ohne... Ach , ich hab nochn Teddybär!</text>
  </Document>
  <Document id="629956061001334784">
    <relevance>true</relevance>
    <sentiment>negative</sentiment>
    <Opinions>
      <Opinion category="InfoAcoustic#BarrierOthers" polarity="negative" from="53" to="59" target="Ansage" category_de="Infodurchsage#Sonstiges_Barriere"/>
    </Opinions>
    <text>@DB_Bahn wenn ihr in KK (KölnHbf) auf Gleis 6/7 eine Ansage auf französisch macht,würde ich mich freuen wenn die gleiche nochmal auf deutsch</text>
  </Document>
  <Document id="739690774049239040">
    <relevance>true</relevance>
    <sentiment>negative</sentiment>
    <Opinions>
      <Opinion category="Lift#Availability" polarity="negative" from="27" to="40" target="Aufzugstörung" category_de="Aufzug#Betrieb"/>
    </Opinions>
    <text>@DB_Bahn @dl2doc @VVS Wenn Aufzugstörung am Hbf schon bekannt ist, warum wurde sie dann nicht unter https://t.co/ahdFIrcnKr veröffentlicht?</text>
  </Document>
  <Document id="1356596918206496771">
    <relevance>false</relevance>
    <sentiment>neutral</sentiment>
    <Opinions/>
    <text>@livekeepgoing @reverend_mayhem @Dagobert95 nö, finds nur persönlich hässlich, Geschmacksfrage und komische Agentur (Anzeigetafel auch so cool 90er font). Wenn dich das aufregt, naja..</text>
  </Document>
  <Document id="627818961883807745">
    <relevance>true</relevance>
    <sentiment>neutral</sentiment>
    <Opinions/>
    <text>Das war mit Abstand die motivierteste Ansage, die wir je gehört haben in der Bahn. Wie son Hörspiel! Super!</text>
  </Document>
  <Document id="977567797743153152">
    <relevance>false</relevance>
    <sentiment>neutral</sentiment>
    <Opinions/>
    <text>RT @ddhilfe: Fährt jemand am 29.03. gegen 8 Uhr von Duisburg (Hamborn) nach Essen mit dem PKW und kann eine gehbehinderte Seniorin (75), mi…</text>
  </Document>
  <Document id="648130613707440129">
    <relevance>true</relevance>
    <sentiment>neutral</sentiment>
    <Opinions/>
    <text>S-Bahn fahren &amp;  Brunnen angucken in der Innenstadt. Außerdem: Fahrstühle &amp; Rolltreppen.  Mit Kinderaugen wird Alltag zum Abenteuer.</text>
  </Document>
  <Document id="691996085678653440">
    <relevance>true</relevance>
    <sentiment>negative</sentiment>
    <Opinions>
      <Opinion category="Lift#Availability" polarity="negative" from="42" to="48" target="Aufzug" category_de="Aufzug#Betrieb"/>
    </Opinions>
    <text>Infolge einer technischen Störung ist der Aufzug im Bahnhof Ludwigsfelde Bahnsteig 2/4 zur Zeit außer Betrieb #T2</text>
  </Document>
  <Document id="754027230091702273">
    <relevance>true</relevance>
    <sentiment>neutral</sentiment>
    <Opinions/>
    <text>@FrauKoralle Echt? Aber die können ja nicht U-Bahn oder Aufzug fahren...</text>
  </Document>
  <Document id="1049220896332898304">
    <relevance>true</relevance>
    <sentiment>negative</sentiment>
    <Opinions>
      <Opinion category="Lift#Availability" polarity="negative" from="19" to="31" target="Aufzug-Ärger" category_de="Aufzug#Betrieb"/>
      <Opinion category="Lift#Availability" polarity="negative" from="122" to="129" target="Aufzüge" category_de="Aufzug#Betrieb"/>
    </Opinions>
    <text>Hammer der Woche – Aufzug-Ärger am Grünstadter Bahnhof: Die Bürger in Grünstadt sind sauer: Seit Jahren funktionieren die Aufzüge am Bahnhof nicht. Sie bleiben immer wieder stecken oder sind ganz defekt. https://t.co/ynFauKITHm https://t.co/S4IOxxYXsv</text>
  </Document>
  <Document id="632856403422658560">
    <relevance>true</relevance>
    <sentiment>negative</sentiment>
    <Opinions>
      <Opinion category="InfoAcoustic#Availability" polarity="negative" from="93" to="102" target="Durchsage" category_de="Infodurchsage#Betrieb"/>
    </Opinions>
    <text>@DB_Bahn @eurobahn_info der ERB89878 sollte seit 30 Minuten eingefahren sein. Ist aber keine Durchsage gekommen. Wo ist er?</text>
  </Document>
  <Document id="738709886696099841">
    <relevance>true</relevance>
    <sentiment>negative</sentiment>
    <Opinions>
      <Opinion category="Lift#Availability" polarity="negative" from="10" to="16" target="Aufzug" category_de="Aufzug#Betrieb"/>
    </Opinions>
    <text>#RE2 #RE6 Aufzug Gl. 9/10 #Düsseldorf Hbf defekt. Ggf. bitte frühzeitig Bahnhofs-/Zugpersonal ansprechen. Alternativ #RE1 / #RE5 &lt;&gt;#Duisburg</text>
  </Document>
  <Document id="1078937965164982273">
    <relevance>false</relevance>
    <sentiment>neutral</sentiment>
    <Opinions/>
    <text>Für einen kritischen Beobachter der Baustelle keine Überraschung:  #Istanbul #Erdogan #BER #Experimentierkasten #Rastatt #A20 #S21 #A7_Brücke #Hochmoselbrücke #Belttunnel https://t.co/1n7XfHxl9D</text>
  </Document>
  <Document id="768119477569552384">
    <relevance>true</relevance>
    <sentiment>negative</sentiment>
    <text>Recklinghausen Hbf: Aufzug zu Gleis 2/4 has changed state from ACTIVE to INACTIVE</text>
    <Opinions>
      <Opinion category="Lift#Availability" from="20" to="26" target="Aufzug" polarity="negative" category_de="Aufzug#Betrieb"/>
    </Opinions>
  </Document>
  <Document id="656469717222334467">
    <relevance>true</relevance>
    <sentiment>neutral</sentiment>
    <Opinions/>
    <text>Das Rascheln der Anzeigetafel im Zürcher Hauptbahnhof ist Geschichte https://t.co/1EFAk0V5xa https://t.co/Bq7HBnrX0k</text>
  </Document>
  <Document id="1001020125020147712">
    <relevance>true</relevance>
    <sentiment>negative</sentiment>
    <Opinions>
      <Opinion category="Escalator#Availability" polarity="negative" from="27" to="37" target="Rolltreppe" category_de="Rolltreppe#Betrieb"/>
    </Opinions>
    <text>@vvs Schon bekannt das die Rolltreppe im Bahnhof Filderstadt defekt ist?</text>
  </Document>
  <Document id="663882596896677888">
    <relevance>true</relevance>
    <sentiment>neutral</sentiment>
    <Opinions/>
    <text>Der Flügelschlag eines Schmetterlings kann dramatische Folgen haben. Darum sieht Stuttgart nach dem Elefantentrampeln der Bahn so aus. #S21</text>
  </Document>
  <Document id="782644289184657408">
    <relevance>true</relevance>
    <sentiment>negative</sentiment>
    <Opinions>
      <Opinion category="Lighting#Availability" polarity="negative" from="22" to="42" target="Bahnsteigbeleuchtung" category_de="Beleuchtung#Betrieb"/>
    </Opinions>
    <text>RT @Regio_NRW: #RB51 #Bahnsteigbeleuchtung in #Legden ist ausgefallen. Züge halten zur Beleuchtung etwas länger am Bahnsteig. 💡</text>
  </Document>
  <Document id="1372825511639007234">
    <relevance>false</relevance>
    <sentiment>neutral</sentiment>
    <Opinions/>
    <text>@PolitinC im Aufzug?</text>
  </Document>
  <Document id="697010505601454081">
    <relevance>true</relevance>
    <sentiment>positive</sentiment>
    <Opinions>
      <Opinion category="Lift#Availability" polarity="positive" from="16" to="22" target="Aufzug" category_de="Aufzug#Betrieb"/>
    </Opinions>
    <text>Heidelberg Hbf, Aufzug zu Bstg 7/8 ist wieder betriebsbereit. (11:53)</text>
  </Document>
  <Document id="661580596846698497">
    <relevance>false</relevance>
    <sentiment>neutral</sentiment>
    <Opinions/>
    <text>&quot;Go West&quot;  mitgröhlen und dabei im Stau an der Fußgängerampel stehen.  Geh halt weiter Pfosten, ich verdiene ja auch nicht mein Geld damit..</text>
  </Document>
  <Document id="731058820491948032">
    <relevance>true</relevance>
    <sentiment>negative</sentiment>
    <Opinions>
      <Opinion category="InfoDisplay#BarrierOthers" polarity="negative" from="121" to="134" target="Anzeigetafeln" category_de="Infoanzeige#Sonstiges_Barriere"/>
    </Opinions>
    <text>@SWBBusundBahn ollenhauerstr.  Bahn kam dann, aber wieso muss man erstmal auf Twitter schauen was los ist, ihr habt doch Anzeigetafeln</text>
  </Document>
  <Document id="617952544883666944">
    <relevance>true</relevance>
    <sentiment>neutral</sentiment>
    <Opinions/>
    <text>#S21 aggressiv: mit 2 Rädern + Gepäck den Aufzug zur S-Bahn benutzen und den Zorn der ganzen Warteschlange abbekommen, weils länger dauert</text>
  </Document>
  <Document id="663992239891357696">
    <relevance>true</relevance>
    <sentiment>negative</sentiment>
    <Opinions>
      <Opinion category="Ramp#Barrier_Others" polarity="negative" from="53" to="58" target="Rampe" category_de="Rampe#Sonstiges_Barriere"/>
    </Opinions>
    <text>Wir haben 2015 und für einen Rollstuhl muss man eine Rampe an die S-Bahn legen. @VVS @sbahn_chaos_de</text>
  </Document>
  <Document id="987012951738548224">
    <relevance>true</relevance>
    <sentiment>positive</sentiment>
    <Opinions>
      <Opinion category="BarrierOthers#Main" polarity="positive" from="0" to="9" target="Busfahrer" category_de="Sonstiges_Barriere#Haupt"/>
    </Opinions>
    <text>Busfahrer fährt an der Haltestelle kurz an, hält dann an, öffnet nochmals die Türen und ruft einem Herrn im Rollstuhl zu: &quot;Wollten Sie mitfahren?&quot; Doch dieser verneint. Also geht's weiter...  So geht es, Freunde! Mitmenschlichkeit! @BVG_Kampagne #101er #ditisberlin #Danke #BVG</text>
  </Document>
  <Document id="1355851757738487814">
    <relevance>false</relevance>
    <sentiment>neutral</sentiment>
    <Opinions/>
    <text>Neue Anzeigetafel im Clarholzer Holzhofstadion https://t.co/HCQNdkojes</text>
  </Document>
  <Document id="1020162080865910784">
    <relevance>true</relevance>
    <sentiment>negative</sentiment>
    <Opinions>
      <Opinion category="Security#Main" polarity="negative" from="108" to="115" target="schubst" category_de="Sicherheit_Mensch#Haupt"/>
    </Opinions>
    <text>Nur Dumme im Frankfurter Hbf unterwegs heute? Ein Typ rempelt alle Leute auf der Rolltreppe zur B-Ebene an, schubst eine Frau auf der Rolltreppe, drückt unten auf den Nothalt und die Leute fallen fast hin. Er rennt weg. Kann man den per Kamera nicht identifizieren? @DB_Bahn</text>
  </Document>
  <Document id="690560077372203008">
    <relevance>true</relevance>
    <sentiment>positive</sentiment>
    <Opinions>
      <Opinion category="Lift#Availability" polarity="positive" from="24" to="30" target="Aufzug" category_de="Aufzug#Betrieb"/>
    </Opinions>
    <text>DBliftbot Nürnberg Hbf, Aufzug zu Gleis 1 ist wieder betriebsbereit. https://t.co/04svnbbBDM https://t.co/gDosszJhs5</text>
  </Document>
  <Document id="1359617667100008453">
    <relevance>true</relevance>
    <sentiment>negative</sentiment>
    <Opinions>
      <Opinion category="ConstructionSite#Main" polarity="negative" from="58" to="67" target="Baustelle" category_de="Baustelle#Haupt"/>
    </Opinions>
    <text>@Sheatle1 @LVB_direkt Vermutlich erst ab Samstag wenn die Baustelle Hermann-Liebmann wieder weg ist/sein soll, die Umleitung über die Nebenstraßen wird nicht geräumt und es ist mit Auto schon schwer dort durch zu kommen ohne stecken zu bleiben 🤷🏼‍♂️</text>
  </Document>
  <Document id="1084920302986035200">
    <relevance>false</relevance>
    <sentiment>neutral</sentiment>
    <Opinions/>
    <text>@Dr_MedBall @juligrimson Naja, links vor dem Mandalay Bay ist schon eine ewige Baustelle, wo mal ein Riesenrad hin sollte. Neben dem Konzertplatz. Das halb bebaute Gelände steht zum Verkauf.</text>
  </Document>
  <Document id="1361934751670673409">
    <relevance>false</relevance>
    <sentiment>neutral</sentiment>
    <Opinions/>
    <text>#WSWHaltestelle, #WSW_Linie607 Ab dem 17.02.21, 07:50 wird die Haltestelle Hamburger Treppe in Richtung Hamburger Treppewegen einer Baustelle um 70 Meter entgegen der Fahrtrichtung  verlegt.  17.02.21 08:05</text>
  </Document>
  <Document id="623046408069844992">
    <relevance>false</relevance>
    <sentiment>neutral</sentiment>
    <Opinions/>
    <text>@faznet Ganz im Sinne von Zschäpe. Darf man sowieso nicht mehr rauslassen. Die Ehrenmörder warten schon. ZURECHT. Auf dem Auge bin ich blind</text>
  </Document>
  <Document id="1078952703991140352">
    <relevance>false</relevance>
    <sentiment>neutral</sentiment>
    <Opinions/>
    <text>@gelsen @TimSchmuckall Das Raubtierhaus ist doch eine Baustelle... was hast du da am Kopf? 😉 Drei 🐼 am Morgen. 👍🏻</text>
  </Document>
  <Document id="1068996327940468736">
    <relevance>true</relevance>
    <sentiment>negative</sentiment>
    <Opinions>
      <Opinion category="Lift#Availability" polarity="negative" from="40" to="46" target="Aufzug" category_de="Aufzug#Betrieb"/>
    </Opinions>
    <text>@RecumbentTravel muß gerade schmunzeln: Aufzug Gleis 5 in Magdeburg Hbf gestört. Okay, der Bahnsteig ist aber wegen Umbau seit Monaten ungenutzt.</text>
  </Document>
  <Document id="604959539260178432">
    <relevance>true</relevance>
    <sentiment>neutral</sentiment>
    <Opinions/>
    <text>RT @BahnAnsagen: &quot;Bei Fragen helfen Ihnen die Kollegen von der Bahn - blau-rote Uniform, gequältes Lächeln - sicher gerne weiter.&quot; (@JohDie…</text>
  </Document>
  <Document id="799617450576904193">
    <relevance>true</relevance>
    <sentiment>negative</sentiment>
    <Opinions>
      <Opinion category="InfoDisplay#BarrierOthers" polarity="negative" from="74" to="86" target="Anzeigetafel" category_de="Infoanzeige#Sonstiges_Barriere"/>
    </Opinions>
    <text>Bahn wird angezeigt, die Minuten laufen ab, die Bahn verschwindet von der Anzeigetafel. Im 10 min Takt. Dritte Schleife jetzt.  Will heim!</text>
  </Document>
  <Document id="1030006289227767808">
    <relevance>true</relevance>
    <sentiment>negative</sentiment>
    <Opinions>
      <Opinion category="Security#Main" polarity="negative" from="44" to="53" target="überfährt" category_de="Sicherheit_Mensch#Haupt"/>
    </Opinions>
    <text>RT @dnn_online: Aggressiver Rollstuhlfahrer überfährt Frau im Bahnhof Pirna - gesucht werden auch Zeugen aus der S-Bahn #Dresden-#Pirna bzw…</text>
  </Document>
  <Document id="633658065963905024">
    <relevance>false</relevance>
    <sentiment>neutral</sentiment>
    <Opinions/>
    <text>@SPIEGELONLINE @FlorianGathmann #Merkel muß erst durch Umfragen ermitteln lassen was der Wähler hören will!Und das sind keine klaren Ansagen</text>
  </Document>
  <Document id="1071729588248678400">
    <relevance>true</relevance>
    <sentiment>neutral</sentiment>
    <Opinions/>
    <text>@42yx3 @neubauer_maria Nach dem Verhalten der Münchner auf Rolltreppen und dem Flughafen FJS ist Nürnberg das Drittbeste an Bayern.</text>
  </Document>
  <Document id="1358126489393324033">
    <relevance>false</relevance>
    <sentiment>neutral</sentiment>
    <Opinions/>
    <text>Verpeilung 2.0: Gehe einkaufen und setze beim Betreten des Centers meine Mütze ab. Halte sie kurz in der Hand. Nächste Szene: Verlasse den Laden und frag mich, wo meine Mütze ist. Hab null Ahnung oder Erinnerung, finde sie in diesem Moment am Ende der Rolltreppe aufm Geländer. 🥴</text>
  </Document>
  <Document id="923974586076749825">
    <relevance>true</relevance>
    <sentiment>neutral</sentiment>
    <Opinions/>
    <text>Falls Ihr euch wundert, warum die Bahnen mit Türbeleuchtung nicht fahren: MVG hat Probleme mit U-Bahn-Typ C2 #ufff  https://t.co/jj5QeosxJD</text>
  </Document>
  <Document id="645841937673646080">
    <relevance>true</relevance>
    <sentiment>neutral</sentiment>
    <Opinions/>
    <text>Wenn Leute super zu Fuß sind, aber mit Aufzug fahren, auf der Straße aussteigen und man deshalb U-Bahn verpasst #genervt #supermontag</text>
  </Document>
  <Document id="1047762868396089345">
    <relevance>true</relevance>
    <sentiment>negative</sentiment>
    <Opinions>
      <Opinion category="Ramp#Availability" polarity="negative" from="91" to="96" target="rampe" category_de="Rampe#Betrieb"/>
    </Opinions>
    <text>@MezkerWinkler @HerrGrinsel er hat doch letztens wieder bei der bahn rumgemacht weil seine rampe nicht aus purem gold war oä und dann bilder gepostet wo n bahnmitarbeiter zu sehen war, der damit überhaupt nix zu tun hatte. dieser abgebrochene glas-hobbit</text>
  </Document>
  <Document id="780501949061828608">
    <relevance>true</relevance>
    <sentiment>neutral</sentiment>
    <Opinions>
      <Opinion category="Ramp#Availability" polarity="neutral" from="15" to="20" target="Rampe" category_de="Rampe#Betrieb"/>
    </Opinions>
    <text>100% von hier: Rampe für Bahnhof Davensberg in Sicht - Planung soll starten https://t.co/P05DYU1pea</text>
  </Document>
  <Document id="661323092300587010">
    <relevance>false</relevance>
    <sentiment>neutral</sentiment>
    <Opinions/>
    <text>Jetzt noch ne, Stunde im Stau.Leute, die kaputte Rolltreppen hochlaufen.</text>
  </Document>
  <Document id="717009649225056256">
    <relevance>true</relevance>
    <sentiment>positive</sentiment>
    <text>Hagen Hbf: Aufzug zu Gleis 3-6 has changed state from ACTIVE to TEST_ACTIVE</text>
    <Opinions>
      <Opinion category="Lift#Availability" from="11" to="17" target="Aufzug" polarity="positive" category_de="Aufzug#Betrieb"/>
    </Opinions>
  </Document>
  <Document id="678901635918241792">
    <relevance>true</relevance>
    <sentiment>negative</sentiment>
    <Opinions>
      <Opinion category="Escalator#Availability" polarity="negative" from="22" to="32" target="Rolltreppe" category_de="Rolltreppe#Betrieb"/>
    </Opinions>
    <text>Fast einen Monat ist #Rolltreppe im Hbf. kaputt. Was soll das? Geduld ist zu Ende. Armutszeugnis für @LH_Potsdam  @PNN_de @marion_kaufmann</text>
  </Document>
  <Document id="884773063895764992">
    <relevance>true</relevance>
    <sentiment>neutral</sentiment>
    <Opinions/>
    <text>2,5 km von der S-Bahn bis zum Hotel und jetzt sind wir da. Die über uns trampeln und Bohren</text>
  </Document>
  <Document id="727417028684992512">
    <relevance>true</relevance>
    <sentiment>negative</sentiment>
    <text>Mannheim Hbf: Aufzug zu Gleis 4/5 has changed state from ACTIVE to INACTIVE</text>
    <Opinions>
      <Opinion category="Lift#Availability" from="14" to="20" target="Aufzug" polarity="negative" category_de="Aufzug#Betrieb"/>
    </Opinions>
  </Document>
  <Document id="1085199389008818176">
    <relevance>false</relevance>
    <sentiment>neutral</sentiment>
    <Opinions/>
    <text>#STAU jetzt ab Potsdamer Platz über Leipziger Straße bis zur #Baustelle auf dem #Mühlendamm in #Mitte +30 Min! Auf den #Umfahrungen ebenfalls mind. 15 Min mehr einplanen! https://t.co/eNNztBpsTx</text>
  </Document>
  <Document id="770194151447072768">
    <relevance>true</relevance>
    <sentiment>neutral</sentiment>
    <text>Saarlouis Hbf: Aufzug zu Gleis 1 has changed state from INACTIVE to UNKNOWN</text>
    <Opinions>
      <Opinion category="Lift#Availability" from="15" to="21" target="Aufzug" polarity="neutral" category_de="Aufzug#Betrieb"/>
    </Opinions>
  </Document>
  <Document id="769450259554537472">
    <relevance>true</relevance>
    <sentiment>positive</sentiment>
    <Opinions>
      <Opinion category="Ramp#Availability" polarity="positive" from="47" to="52" target="Rampe" category_de="Rampe#Betrieb"/>
    </Opinions>
    <text>Berner Zeitung: Der neuen behindertengerechten Rampe beim Bahnhof Huttwil musste der Bahnd... https://t.co/nVHUfUlFC4 #news #bahnonline</text>
  </Document>
  <Document id="1049179094628352002">
    <relevance>true</relevance>
    <sentiment>negative</sentiment>
    <Opinions>
      <Opinion category="InfoDisplay#BarrierOthers" polarity="negative" from="69" to="90" target="Gleisabfahrtsanzeigen" category_de="Infoanzeige#Sonstiges_Barriere"/>
    </Opinions>
    <text>@BVG_Ubahn Guten Morgen! Können sie sich bitte darum kümmern das die Gleisabfahrtsanzeigen am Alex, für die U5 wieder der Realität entsprechen... Bin gestern schon Rolltreppe runter und wieder hoch, runter und wieder hoch und nochmal runter.. und das ganze heute erneut...</text>
  </Document>
  <Document id="1006247349197434880">
    <relevance>true</relevance>
    <sentiment>negative</sentiment>
    <Opinions>
      <Opinion category="Security#Main" polarity="negative" from="55" to="66" target="Taschenraub" category_de="Sicherheit_Mensch#Haupt"/>
    </Opinions>
    <text>RT @houelle_beck: Bitte RT!  #Berlin #PrenzlauerBerg   Taschenraub am U-Bhf. #SchönhauserAllee  Täter gesucht.  Opfer war eine gehbehindert…</text>
  </Document>
  <Document id="1363096033245429760">
    <relevance>true</relevance>
    <sentiment>negative</sentiment>
    <Opinions>
      <Opinion category="Lift#Barrier_Others" polarity="negative" from="30" to="41" target="Aufzugboden" category_de="Aufzug#Sonstiges_Barriere"/>
      <Opinion category="Lift#Tidiness" polarity="negative" from="142" to="148" target="Aufzug" category_de="Aufzug#Atmosphaere"/>
    </Opinions>
    <text>@DB_Bahn Die Stahlplatten vom Aufzugboden korrodieren sogar schon langsam weg und ich erlebe kaum Tage (an denen ich mit Gepäck komme) wo der Aufzug nicht innen nass ist.</text>
  </Document>
  <Document id="1364496546335756288">
    <relevance>false</relevance>
    <sentiment>neutral</sentiment>
    <Opinions/>
    <text>@eckpfosten Moin. Sogar mit richtigem Ergebnis auf der Anzeigetafel 😆</text>
  </Document>
  <Document id="732328089640939520">
    <relevance>true</relevance>
    <sentiment>negative</sentiment>
    <Opinions>
      <Opinion category="Lift#Availability" polarity="negative" from="0" to="6" target="Aufzug" category_de="Aufzug#Betrieb"/>
    </Opinions>
    <text>Aufzug in Schwerin Hbf Gleis 3/4 defekt. #T2</text>
  </Document>
  <Document id="769247924161159168">
    <relevance>true</relevance>
    <sentiment>neutral</sentiment>
    <Opinions/>
    <text>Beleuchtung in der Vorhalle im Bahnhof von Helsinki #finnland #helsinki #bahnhof #leuchten… https://t.co/QyJDZM1dqI</text>
  </Document>
  <Document id="712031688390549504">
    <relevance>true</relevance>
    <sentiment>neutral</sentiment>
    <Opinions/>
    <text>@CarolaKatz ich auch, sogar fast nur. Aber StraBa + U-Bahn rein/raus, Rolltreppe hoch/runter... Ich empfinde d KiWa da als Ballast. Wenn //</text>
  </Document>
  <Document id="604171962500431872">
    <relevance>true</relevance>
    <sentiment>negative</sentiment>
    <Opinions>
      <Opinion category="InfoDisplay#BarrierOthers" polarity="negative" from="84" to="96" target="Anzeigetafel" category_de="Infoanzeige#Sonstiges_Barriere"/>
    </Opinions>
    <text>@AndieKatze sie war auch leer, also sollte sie wohl auch nicht aufgehen aber an der Anzeigetafel stand die Bahn ganz normal dran 😄</text>
  </Document>
  <Document id="935567281656082433">
    <relevance>true</relevance>
    <sentiment>neutral</sentiment>
    <Opinions/>
    <text>Freiburg Hauptbahnhof Nacht Beleuchtung - Blick von der Stadtbahnbrücke: https://t.co/QPI9ZKGynY über @YouTube</text>
  </Document>
  <Document id="643527312831594496">
    <relevance>true</relevance>
    <sentiment>negative</sentiment>
    <Opinions>
      <Opinion category="Lift#Availability" polarity="negative" from="33" to="42" target="Fahrstuhl" category_de="Aufzug#Betrieb"/>
      <Opinion category="Escalator#Availability" polarity="negative" from="17" to="27" target="Rolltreppe" category_de="Rolltreppe#Betrieb"/>
    </Opinions>
    <text>Back in Hamburg. Rolltreppe aus. Fahrstuhl aus. Bahn in zehn Minuten. Die feinen Unterschiede zwischen Stadt und Metropole.</text>
  </Document>
  <Document id="771248596268101632">
    <relevance>true</relevance>
    <sentiment>positive</sentiment>
    <text>Dessau Hbf: Aufzug zu Bstg 3/4 has changed state from INACTIVE to ACTIVE</text>
    <Opinions>
      <Opinion category="Lift#Availability" from="12" to="18" target="Aufzug" polarity="positive" category_de="Aufzug#Betrieb"/>
    </Opinions>
  </Document>
  <Document id="1371108980173463552">
    <relevance>false</relevance>
    <sentiment>neutral</sentiment>
    <Opinions/>
    <text>Frankfurt ist überhaupt nicht auf dem Platz bisher, das sollte man auf der Anzeigetafel dann auch bald sehen hoffentlich. #RBLSGE</text>
  </Document>
  <Document id="736715222057095168">
    <relevance>true</relevance>
    <sentiment>neutral</sentiment>
    <Opinions/>
    <text>Einsatz 4: Torkelnde Saufnase stürzt auf S-Bahnhof die Rolltreppe herab. Kopfplatzwunde. Stiffnek dran und ab in die Klinik. #RTW</text>
  </Document>
  <Document id="684019780161040384">
    <relevance>true</relevance>
    <sentiment>negative</sentiment>
    <text>Facility Nürnberg Hbf / Aufzug zu Gleis 12/13 has changed state from ACTIVE to INACTIVE</text>
    <Opinions>
      <Opinion category="Lift#Availability" from="24" to="30" target="Aufzug" polarity="negative" category_de="Aufzug#Betrieb"/>
    </Opinions>
  </Document>
  <Document id="824981228537397248">
    <relevance>true</relevance>
    <sentiment>neutral</sentiment>
    <Opinions/>
    <text>@TrampelFee In meiner Bahn riecht es nach Frikadelle ... mag aber nicht tauschen 😋</text>
  </Document>
  <Document id="751039418430029825">
    <relevance>true</relevance>
    <sentiment>negative</sentiment>
    <Opinions>
      <Opinion category="InfoDisplay#Avaiability" polarity="negative" from="120" to="133" target="Anzeigetafeln" category_de="Infoanzeige#Betrieb"/>
    </Opinions>
    <text>@DB_Bahn Pasing nachts um ca. 0:45 während der Stammstreckenbaustelle... HBF war bescheiden beschildert und die meisten Anzeigetafeln aus</text>
  </Document>
  <Document id="666528697546113024">
    <relevance>true</relevance>
    <sentiment>negative</sentiment>
    <Opinions>
      <Opinion category="InfoDisplay#BarrierOthers" polarity="negative" from="92" to="104" target="Anzeigetafel" category_de="Infoanzeige#Sonstiges_Barriere"/>
    </Opinions>
    <text>im Berliner Hbf wird grad der riesen Weihnachtsbaum aufgestellt. Und zwar direkt(!) vor die Anzeigetafel. Wer denkt sich bitte sowas aus? 👀</text>
  </Document>
  <Document id="712125657673834496">
    <relevance>true</relevance>
    <sentiment>negative</sentiment>
    <Opinions>
      <Opinion category="Lift#Availability" polarity="negative" from="51" to="57" target="Aufzug" category_de="Aufzug#Betrieb"/>
    </Opinions>
    <text>Achtung: Infolge einer technischen Störung ist der Aufzug im Bahnhof Berlin Zoologischer Garten Gleis 3/4 gestört. #SK</text>
  </Document>
  <Document id="654922557947256832">
    <relevance>true</relevance>
    <sentiment>negative</sentiment>
    <Opinions>
      <Opinion category="Escalator#Availability" polarity="negative" from="41" to="51" target="Rolltreppe" category_de="Rolltreppe#Betrieb"/>
    </Opinions>
    <text>Verschlafen Kein Frühstück Bahn verpasst Rolltreppe kaputt Bis 18:30 im Büro sein müssen Regen.</text>
  </Document>
  <Document id="634036236601180160">
    <relevance>true</relevance>
    <sentiment>neutral</sentiment>
    <Opinions/>
    <text>@JochenBlind @BVG Vier? Wir haben neulich sieben gezählt!!</text>
  </Document>
  <Document id="1354186966577934336">
    <relevance>true</relevance>
    <sentiment>neutral</sentiment>
    <Opinions/>
    <text>Letzte Samstag Flughafen Köln. Nur 4 Flüge auf der Anzeigetafel, für den ganzen Tag, davon zwei eigentlich schon nächste Tag, da um 1:05 und 1:15. Also das so viele reisen, kann dort jedenfalls nicht sein.</text>
  </Document>
  <Document id="1006126527304650752">
    <relevance>true</relevance>
    <sentiment>negative</sentiment>
    <Opinions>
      <Opinion category="ccidentsMobilityGroups#Main" polarity="negative" from="78" to="86" target="gefallen" category_de="Unfall#Haupt"/>
    </Opinions>
    <text>#bpol https://t.co/HaY8MXfglP BPOL NRW: Mit Rollstuhl vom Bahnsteig ins Gleis gefallen -Schlimmeres konnte durch Reisende verhindert werden-</text>
  </Document>
  <Document id="626416965003907072">
    <relevance>false</relevance>
    <sentiment>neutral</sentiment>
    <Opinions/>
    <text>@BILD DAS SIEHT DOCH EIN BLINDES HUHN DASS ES SICH HIER UM DDR FREUND VON BEIDEN HANDELT! UNTERLASSEN SIE SIEGLNDE RAUNIG ZU FORDERN! KREBS!</text>
  </Document>
  <Document id="1027785652128165888">
    <relevance>true</relevance>
    <sentiment>negative</sentiment>
    <Opinions>
      <Opinion category="Escalator#Availability" polarity="negative" from="91" to="101" target="Rolltreppe" category_de="Rolltreppe#Betrieb"/>
    </Opinions>
    <text>@DB_Bahn Nur zur Info: Nach viermaliger Information, die sie weitergeben wollten, ist die #Rolltreppe an Gleis 9/10 in #Deutz nach zwei Wochen immer noch nicht in Betrieb.  Ich wünschte mir wirklich mal eine belastbare Aussage ...</text>
  </Document>
  <Document id="900255973381738496">
    <relevance>true</relevance>
    <sentiment>neutral</sentiment>
    <Opinions/>
    <text>Liebe Teen-Arschkrampen in der Bahn. Nehmt eure verfickten Rucksäcke ab, dann haben alle mehr Platz und kommen besser durch #gamescom2017</text>
  </Document>
  <Document id="883187617671630848">
    <relevance>true</relevance>
    <sentiment>negative</sentiment>
    <Opinions>
      <Opinion category="Lighting#Availability" polarity="negative" from="25" to="44" target="Tunnelbeleuchtungen" category_de="Beleuchtung#Betrieb"/>
    </Opinions>
    <text>RT @DB_Info: Ausfall der Tunnelbeleuchtungen zwischen Frankfurt Flugh. Fernb.  und Siegburg/Bonn. Züge werden am Bahnsteig zurückgehalten.</text>
  </Document>
  <Document id="655984378439442433">
    <relevance>true</relevance>
    <sentiment>negative</sentiment>
    <Opinions>
      <Opinion category="Escalator#Availability" polarity="negative" from="81" to="92" target="Rolltreppen" category_de="Rolltreppe#Betrieb"/>
      <Opinion category="Lift#Availability" polarity="negative" from="100" to="109" target="Fahrstuhl" category_de="Aufzug#Betrieb"/>
    </Opinions>
    <text>@DB_Bahn #1 Es ist ja nett eine Antwort zu bekommen.. Aber so?! Da kleben an den Rolltreppen und am Fahrstuhl ja schon &quot;DB defekt&quot; Schilder.</text>
  </Document>
  <Document id="1374042832579739656">
    <relevance>true</relevance>
    <sentiment>negative</sentiment>
    <Opinions>
      <Opinion category="Escalator#Availability" polarity="negative" from="68" to="78" target="Rolltreppe" category_de="Rolltreppe#Betrieb"/>
    </Opinions>
    <text>@RMVdialog @DB_Bahn wenn man an der Hauptwache wochenlang die große Rolltreppe in der Mitte stillgelegt wg Renovierung   wäre es schön, wenn man die anderen wenigstens am Laufen halten würde.  Das einzige was hier noch funktioniert sind die TÄGLICHEN Pendlerbelästigungskontrollen</text>
  </Document>
  <Document id="652506342050037760">
    <relevance>true</relevance>
    <sentiment>neutral</sentiment>
    <Opinions/>
    <text>Unfall in China: Vierjähriger von Rolltreppen-Handlauf zerquetscht http://t.co/yngUTN83Kw</text>
  </Document>
  <Document id="1079526556861530112">
    <relevance>false</relevance>
    <sentiment>neutral</sentiment>
    <Opinions/>
    <text>I liked a @YouTube video https://t.co/7GW2DCvL5E Bombe auf der Baustelle gesichtet! Kampfmittelräumdienst im Einsatz! | Die</text>
  </Document>
  <Document id="644188934084276224">
    <relevance>true</relevance>
    <sentiment>neutral</sentiment>
    <Opinions/>
    <text>#BlindDate Wo kann ich Pissen???: Gar nicht so einfach, doch der nette Typ am Bahnhof hatte ne gute... http://t.co/cx5a0kopJw #LiveStrip</text>
  </Document>
  <Document id="678149020779433984">
    <relevance>true</relevance>
    <sentiment>negative</sentiment>
    <Opinions>
      <Opinion category="Escalator#Availability" polarity="negative" from="43" to="54" target="Rolltreppen" category_de="Rolltreppe#Betrieb"/>
    </Opinions>
    <text>Verdammte #SBahn: Rosenheimer Platz, alle #Rolltreppen stehen, Senioren, Familien quälen sich über die Treppe. Ein #Skandal!</text>
  </Document>
  <Document id="944625673217429509">
    <relevance>false</relevance>
    <sentiment>neutral</sentiment>
    <Opinions/>
    <text>@bikepunx147 Das ist richtig. Aber um berechtigt auf so einem Parkplatz stehen zu dürfen, braucht man das Merkzeichen &quot;a G&quot; für außergewöhnlich Gehbehindert.  Und das kann man tatsächlich sehen.</text>
  </Document>
  <Document id="1369350616003338250">
    <relevance>false</relevance>
    <sentiment>neutral</sentiment>
    <Opinions/>
    <text>@AerniWyss @egiammaria @kanton_bern Finde auch, dass sie es super gemacht haben, auch mit dieser Anzeigetafel. Das hätte man sicher auch mit Schulen in jüngeren Kids machen können, es sensibilisiert.</text>
  </Document>
  <Document id="1366278468888125442">
    <relevance>false</relevance>
    <sentiment>neutral</sentiment>
    <Opinions/>
    <text>Love it: „Wir glauben an den Osterhasen“, schreibt das Cine Center auf seine historische Anzeigetafel. Bis Wiens Kinos wieder aufsperren dürfen, setzen sie mit humorvollen Sprüchen, Filmzitaten und Durchhalteparolen ein Lebenszeichen. #wienliebe  https://t.co/DnXJfcia9f</text>
  </Document>
  <Document id="1069858342368088066">
    <relevance>true</relevance>
    <sentiment>neutral</sentiment>
    <Opinions>
      <Opinion category="Lift#Availability" polarity="neutral" from="120" to="126" target="Aufzug" category_de="Aufzug#Betrieb"/>
    </Opinions>
    <text>Ernsthaft??? Müssen wir jetzt diese Poller vor den Rolltreppen so wie am Flughafen einführen? Zwei Meter weiter war der Aufzug. #Berlin #morning #commute https://t.co/mLQIrwOZ3i</text>
  </Document>
  <Document id="712999804511645696">
    <relevance>true</relevance>
    <sentiment>negative</sentiment>
    <Opinions>
      <Opinion category="Escalator#Availability" polarity="negative" from="0" to="11" target="Rolltreppen" category_de="Rolltreppe#Betrieb"/>
      <Opinion category="Lift#Availability" polarity="negative" from="16" to="23" target="Aufzüge" category_de="Aufzug#Betrieb"/>
    </Opinions>
    <text>Rolltreppen und Aufzüge am HBF #Mainz häufig außer Betrieb. Woran liegt es? https://t.co/r7MndVqUMx</text>
  </Document>
  <Document id="703938112255303680">
    <relevance>false</relevance>
    <sentiment>neutral</sentiment>
    <Opinions/>
    <text>Zwickau: K-Pop-Fans wagen sich ins Rampenlicht https://t.co/3gviI5b9hQ</text>
  </Document>
  <Document id="1023879246803021825">
    <relevance>true</relevance>
    <sentiment>negative</sentiment>
    <Opinions>
      <Opinion category="BarrierOthers#Main" polarity="negative" from="68" to="105" target="Rollstuhlfahrer aus dem Bus zu lassen" category_de="Sonstiges_Barriere#Haupt"/>
    </Opinions>
    <text>Nur mal so in den Raum gestellt,wenn ein Fahrer sich weigert, einen Rollstuhlfahrer aus dem Bus zu lassen, welcher Straftatbestand könnte hier greifen?</text>
  </Document>
  <Document id="603307231556272129">
    <relevance>true</relevance>
    <sentiment>neutral</sentiment>
    <Opinions/>
    <text>RT @BahnAnsagen: &quot;Bitte entschuldigen Sie die Verzögerung, aber es gibt Menschen, die denken, die S-Bahn fährt mit offenen Türen.&quot; (BA-Clas…</text>
  </Document>
  <Document id="683639325494521857">
    <relevance>true</relevance>
    <sentiment>positive</sentiment>
    <text>Facility &lt;unknown station&gt; / Aufzug zu Gleis 1 ; Ausgang Straße has changed state from ACTIVE to TEST_ACTIVE</text>
    <Opinions>
      <Opinion category="Lift#Availability" from="29" to="35" target="Aufzug" polarity="positive" category_de="Aufzug#Betrieb"/>
    </Opinions>
  </Document>
  <Document id="1079149237223464960">
    <relevance>false</relevance>
    <sentiment>neutral</sentiment>
    <Opinions/>
    <text>@Pablaer Den gleichen Weg wird er im Januar nehmen. Nur die Baustelle im Hintergrund ist mittlerweile fertig</text>
  </Document>
  <Document id="605687058615660545">
    <relevance>true</relevance>
    <sentiment>negative</sentiment>
    <Opinions>
      <Opinion category="Lift#Availability" polarity="negative" from="42" to="48" target="Aufzug" category_de="Aufzug#Betrieb"/>
    </Opinions>
    <text>Infolge einer technischen Störung ist der Aufzug im Bahnhof Berlin Friedrichstrasse Gleis 11/12 bis 05.06.15 außer Betrieb.</text>
  </Document>
  <Document id="1355863411209474052">
    <relevance>true</relevance>
    <sentiment>negative</sentiment>
    <Opinions>
      <Opinion category="Lift#Availability" polarity="negative" from="29" to="35" target="Aufzug" category_de="Aufzug#Betrieb"/>
    </Opinions>
    <text>Im #Wormser #Bahnhof ist ein Aufzug kaputt Geokoordinaten nach Gauß-Krüger 3453606,1719999998 5499997,8600000003 https://t.co/QoKBKQCT8L</text>
  </Document>
  <Document id="628177378594942977">
    <relevance>true</relevance>
    <sentiment>neutral</sentiment>
    <Opinions/>
    <text>Morgen gibt's die #Bahn-Ansage des Monats Juli. Bis dahin zählen alle Likes, RT, Favs, +1 und jedes Teilen! #Facebook, #Twitter #GooglePlus.</text>
  </Document>
  <Document id="731128081340059648">
    <relevance>false</relevance>
    <sentiment>neutral</sentiment>
    <Opinions/>
    <text>@ein_flummi im Chocolat Darmstädter Marktplatz und dann neben dem Extrablatt die Straße rein da bei den Rolltreppen</text>
  </Document>
  <Document id="809265039349792769">
    <relevance>true</relevance>
    <sentiment>neutral</sentiment>
    <Opinions/>
    <text>Wenn man am Flughafen neidisch auf die Anzeigetafeln der anderen starrt, hat man wohl das falsche Reiseziel.</text>
  </Document>
  <Document id="1021644334897287168">
    <relevance>true</relevance>
    <sentiment>negative</sentiment>
    <Opinions>
      <Opinion category="Escalator#Availability" polarity="negative" from="21" to="31" target="Rolltreppe" category_de="Rolltreppe#Betrieb"/>
      <Opinion category="Lift#Availability" polarity="negative" from="34" to="43" target="Fahrstuhl" category_de="Aufzug#Betrieb"/>
    </Opinions>
    <text>@BVG_Ubahn @Fl0range Rolltreppe u Fahrstuhl zur S-Bahn sind jetzt gesperrt. Hoffentlich wissen @SBahnBerlin &amp; @BVG_Ubahn wer nun zuständig ist...</text>
  </Document>
  <Document id="1030459788663107585">
    <relevance>true</relevance>
    <sentiment>neutral</sentiment>
    <Opinions/>
    <text>@AnsorgerLa @BVG_Kampagne Ist aber tatsächlich Berlin. Alexanderplatz, Zwischengeschoss über der U5, wenn man mal die Treppe statt der Rolltreppe Richtung S-Bahn nutzt.</text>
  </Document>
  <Document id="699853066812715008">
    <relevance>true</relevance>
    <sentiment>negative</sentiment>
    <Opinions>
      <Opinion category="Lift#Availability" polarity="negative" from="16" to="22" target="Aufzug" category_de="Aufzug#Betrieb"/>
    </Opinions>
    <text>Heidelberg Hbf, Aufzug zu Bstg 2/3 ist defekt. (08:08)</text>
  </Document>
  <Document id="712718983418540032">
    <relevance>true</relevance>
    <sentiment>negative</sentiment>
    <Opinions>
      <Opinion category="Lighting#Availability" polarity="negative" from="80" to="100" target="Bahnsteigbeleuchtung" category_de="Beleuchtung#Betrieb"/>
    </Opinions>
    <text>#RE4, der Halt #Ennepetal wird bis Betriebsschluss nicht angefahren. Grund: die Bahnsteigbeleuchtung ist ausgefallen.</text>
  </Document>
  <Document id="723858123388280832">
    <relevance>true</relevance>
    <sentiment>neutral</sentiment>
    <Opinions/>
    <text>Dank nem Idioten der die Grundregel der Rolltreppe nicht kennt meine U-Bahn verpasst</text>
  </Document>
  <Document id="629170232775606272">
    <relevance>true</relevance>
    <sentiment>neutral</sentiment>
    <Opinions/>
    <text>Wir sitzen am Bahnhof. *Typ macht ne normale Ansage* 2 Minuten später: &quot;Achtung Probeansage: 1,2,3,4. Ende.&quot; Sinn?! :D</text>
  </Document>
  <Document id="1362433387051560968">
    <relevance>true</relevance>
    <sentiment>positive</sentiment>
    <Opinions>
      <Opinion category="Lift#Availability" polarity="positive" from="11" to="17" target="Aufzug" category_de="Aufzug#Betrieb"/>
    </Opinions>
    <text>Infotweet: Aufzug am S-Bahnhof Zuffenhausen seit heute wieder in Betrieb</text>
  </Document>
  <Document id="627891922670104576">
    <relevance>true</relevance>
    <sentiment>neutral</sentiment>
    <Opinions/>
    <text>Wir sagen Heute extra immer zu Früh die nächste Haltestelle an, damit die SmartphonZombies mehr Zeit zum reagieren haben. #Bahn #Ansage</text>
  </Document>
  <Document id="619077358570610688">
    <relevance>true</relevance>
    <sentiment>neutral</sentiment>
    <Opinions/>
    <text>In der S-Bahn: &quot;Jetzt wollen wir die Kuh mal fliegen lassen. Das heißt für Sie: sitzenbleiben oder festhalten!&quot; (@Chris_R42) #Bahn #Ansage</text>
  </Document>
  <Document id="675419487743643649">
    <relevance>true</relevance>
    <sentiment>negative</sentiment>
    <Opinions>
      <Opinion category="InfoDisplay#BarrierOthers" polarity="negative" from="51" to="63" target="Anzeigetafel" category_de="Infoanzeige#Sonstiges_Barriere"/>
    </Opinions>
    <text>@DB_Bahn @DB_Info was ist los mit ic2215??? An der Anzeigetafel steht 50 min Verspätung, aber es ist über 1 st!!!!</text>
  </Document>
  <Document id="803533513328914434">
    <relevance>true</relevance>
    <sentiment>negative</sentiment>
    <Opinions>
      <Opinion category="InfoDisplay#BarrierOthers" polarity="negative" from="29" to="41" target="ANZEIGETAFEL" category_de="Infoanzeige#Sonstiges_Barriere"/>
    </Opinions>
    <text>ICH KOMME AM BAHNHOF AN, DIE ANZEIGETAFEL IM GEBÄUDE SAGT NIX, GEHE AUFS GLEIS UND DA STEHT MEIN ZUG FÄLLT AUS?!</text>
  </Document>
  <Document id="623219936224235521">
    <relevance>true</relevance>
    <sentiment>neutral</sentiment>
    <Opinions/>
    <text>@BahnAnsagen Dank SZ auf Bahn Ansage gestoßen - wunderbar!</text>
  </Document>
  <Document id="644241173880684544">
    <relevance>true</relevance>
    <sentiment>neutral</sentiment>
    <Opinions/>
    <text>Rampensäue und Wachküsser gesucht. Heute war Tag der offenen Tür im Bahnhof Zeitz. http://t.co/0ScQ6y55Z4</text>
  </Document>
  <Document id="617337789147951104">
    <relevance>true</relevance>
    <sentiment>negative</sentiment>
    <Opinions>
      <Opinion category="InfoAcoustic#Availability" polarity="negative" from="67" to="73" target="Ansage" category_de="Infodurchsage#Betrieb"/>
    </Opinions>
    <text>Die S-Bahn fällt aus. Die Regionalbahn auch. Auf dem Bahnhof keine Ansage oben. Der Infostand ist zu. http://t.co/AhYJK5zYxk</text>
  </Document>
  <Document id="1353827988014555136">
    <relevance>false</relevance>
    <sentiment>neutral</sentiment>
    <Opinions/>
    <text>Man muss erst zum Friseur wenn man bei Benutzung einer Rolltreppe gefahr läuft skalpiert zu werden!   Alte Bauernweisheit   #lifehack #infotweet</text>
  </Document>
  <Document id="685510964498853888">
    <relevance>true</relevance>
    <sentiment>negative</sentiment>
    <Opinions>
      <Opinion category="Lighting#Availability" polarity="negative" from="70" to="81" target="Beleuchtung" category_de="Beleuchtung#Betrieb"/>
    </Opinions>
    <text>@DB_Bahn Im Bahnhof Barnten Treppenaufgang Gl. 2/3 ist eine Röhre der Beleuchtung defekt.</text>
  </Document>
  <Document id="1361021587852587011">
    <relevance>true</relevance>
    <sentiment>neutral</sentiment>
    <Opinions/>
    <text>In Hamburger Bahnhof: 4,69 Promille! Betrunkener stürzt Rolltreppe hinunter https://t.co/zgSFNG8hjG https://t.co/uBOGB2F3p4</text>
  </Document>
  <Document id="968230243730325505">
    <relevance>true</relevance>
    <sentiment>neutral</sentiment>
    <Opinions/>
    <text>@DB_Bahn @Doreen_Trampe Es gibt in Berlin keine Großraumstörung, wodurch es erhebliche Verzögerungen gibt. So schreibt ihr. In Berlin sind alle S-Bahnen pünktlich.</text>
  </Document>
  <Document id="727793855605657600">
    <relevance>true</relevance>
    <sentiment>negative</sentiment>
    <Opinions>
      <Opinion category="ConstructionSite#Main" polarity="negative" from="3" to="14" target="Bauarbeiten" category_de="Baustelle#Haupt"/>
      <Opinion category="Escalator#Availability" polarity="negative" from="75" to="86" target="Rolltreppen" category_de="Rolltreppe#Betrieb"/>
    </Opinions>
    <text>1y Bauarbeiten und U-Bf Turmstraße ist immer noch eine Falle für alle, die Rolltreppen brauchen.. #weilwirdichlieben https://t.co/CT9DtRjyHk</text>
  </Document>
  <Document id="726000395374465024">
    <relevance>true</relevance>
    <sentiment>negative</sentiment>
    <Opinions>
      <Opinion category="Lift#Availability" polarity="negative" from="42" to="48" target="Aufzug" category_de="Aufzug#Betrieb"/>
    </Opinions>
    <text>Infolge einer technischen Störung ist der Aufzug im Bahnhof Königs Wusterhausen Bstg. 2/3 getsört. #T2</text>
  </Document>
  <Document id="664078957973741568">
    <relevance>false</relevance>
    <sentiment>neutral</sentiment>
    <Opinions/>
    <text>@pastewka der Wecker, die Ohrfeige, der Aufzug, der Unfall und der große Kessler. :D #Pastewka</text>
  </Document>
  <Document id="636744591262113793">
    <relevance>false</relevance>
    <sentiment>neutral</sentiment>
    <Opinions/>
    <text>#BlindDate Die Anhalterin: Als ich letztens auf der #Autobahn unterwegs war, hatte ich plötzlich ei... http://t.co/yFtyhki1IG #LiveStrip</text>
  </Document>
  <Document id="631752709763371008">
    <relevance>true</relevance>
    <sentiment>neutral</sentiment>
    <Opinions/>
    <text>@SBahnBerlin s42 schönhauser allee ist ein Personenschaden Laut Durchsage am ostkreuz da fährt momentan nix</text>
  </Document>
  <Document id="981057720789987328">
    <relevance>true</relevance>
    <sentiment>negative</sentiment>
    <Opinions>
      <Opinion category="Escalator#Availability" polarity="negative" from="44" to="55" target="Rolltreppen" category_de="Rolltreppe#Betrieb"/>
    </Opinions>
    <text>Warum genau hat der Bochumer Hbf eigentlich Rolltreppen, wenn die nie funktionieren?  #Bochum @bochum_de</text>
  </Document>
  <Document id="836991246484795392">
    <relevance>true</relevance>
    <sentiment>neutral</sentiment>
    <Opinions/>
    <text>Ist auch super, die Fußgängerampel zwischen Hauptbahnhof und Tramhaltestelle. Ständig rennen Menschen über Rot und der Bahn hinterher.</text>
  </Document>
  <Document id="989939752798507009">
    <relevance>true</relevance>
    <sentiment>negative</sentiment>
    <Opinions>
      <Opinion category="InfoAcoustic#Availability" polarity="negative" from="244" to="251" target="Ansagen" category_de="Infodurchsage#Betrieb"/>
    </Opinions>
    <text>@DB_Bahn Solche Ersatzteile sollte man immer verfügbar haben. Was mache ich jetzt als Rollstuhlfahrer wenn ich dort aussteige? Auf den nächsten Zug warten, ne Station weiter fahren und dann mit dem Bus (wenn der fährt) wieder zurück? Nicht mal Ansagen im Zug oder am Bahnsteig. ⛔</text>
  </Document>
  <Document id="807253393609818112">
    <relevance>true</relevance>
    <sentiment>negative</sentiment>
    <Opinions>
      <Opinion category="Lighting#Availability" polarity="negative" from="60" to="71" target="beleuchtung" category_de="Beleuchtung#Betrieb"/>
    </Opinions>
    <text>@FlixBus_DE  Linie 338 Köln-Berlin: Keine Belüftung,  keine beleuchtung, zu warm, kein fließend Wasser auf der Toilette und kein BIER!</text>
  </Document>
  <Document id="745228655840923648">
    <relevance>true</relevance>
    <sentiment>positive</sentiment>
    <Opinions>
      <Opinion category="Lift#Availability" polarity="positive" from="72" to="78" target="Aufzug" category_de="Aufzug#Betrieb"/>
    </Opinions>
    <text>Aufzug, Bahnhofsuhr oder Fahrkartenautomat? Heute funktioniert hier der Aufzug, dafür sind Uhr und Fahrkartenautomat defekt. Abenteuer Bahn.</text>
  </Document>
  <Document id="633231548179980288">
    <relevance>true</relevance>
    <sentiment>neutral</sentiment>
    <Opinions/>
    <text>Ich bin so müde, die Ansagenfrau in der Bahn soll ihre Klappe halten.</text>
  </Document>
  <Document id="1078755716956127233">
    <relevance>false</relevance>
    <sentiment>neutral</sentiment>
    <Opinions/>
    <text>@dniknennos @Talymiau Aber wieso Baustelle mehr, wenn es Dich die Situation so belastet? Die Baustelle reduziert sich um Deine Verantwortung für eine weitere Person.</text>
  </Document>
  <Document id="773045805619961856">
    <relevance>true</relevance>
    <sentiment>negative</sentiment>
    <Opinions>
      <Opinion category="Lift#Availability" polarity="negative" from="15" to="31" target="Aufzug-Reparatur" category_de="Aufzug#Betrieb"/>
    </Opinions>
    <text>100% von hier: Aufzug-Reparatur im Coesfelder Bahnhof verzögert sich - in drei Wochen soll er funktionieren https://t.co/aCd1EBLixv</text>
  </Document>
  <Document id="711539917499867142">
    <relevance>true</relevance>
    <sentiment>neutral</sentiment>
    <Opinions/>
    <text>Pünktliche Züge sucht man heute auf den Anzeigetafeln vergeblich 😑 #bahnfrust (@ Köln Hauptbahnhof) https://t.co/6xi7hI8BEa</text>
  </Document>
  <Document id="1085175921584291841">
    <relevance>false</relevance>
    <sentiment>neutral</sentiment>
    <Opinions/>
    <text>API-TH: A 4 Richtung Dresden nach Unfall in Baustelle gesperrtAutobahnpolizeiinspektion [Newsroom]Gotha (ots) &amp;#8211; Auf der A 4 Richtung Dresden isthttp://bit.ly/2FsBm8y</text>
  </Document>
  <Document id="1372982538428354570">
    <relevance>false</relevance>
    <sentiment>neutral</sentiment>
    <Opinions/>
    <text>@StZ_NEWS Demnächst ist Rolltreppe angesagt.</text>
  </Document>
  <Document id="898920839411892224">
    <relevance>true</relevance>
    <sentiment>neutral</sentiment>
    <Opinions/>
    <text>Mein Bruder feiert Geburtstag und ist bowlen Nice Bahn mit Beleuchtung https://t.co/YMJ1psM98o</text>
  </Document>
  <Document id="1079364353982382081">
    <relevance>false</relevance>
    <sentiment>neutral</sentiment>
    <Opinions/>
    <text>dom baustelle ?????? deshalb der nahme ??????? ........... hehehe</text>
  </Document>
  <Document id="1025033009504894981">
    <relevance>true</relevance>
    <sentiment>neutral</sentiment>
    <Opinions/>
    <text>Also doch.1000!Angehörige von Flüchtlingen dürfenJEDEN MONAT zu uns nachziehen.Schauen wir mal, wo wir die noch alle unterbringen wollen!Das heißt, Wohnungsknappheit spitzt sich  zu.Und am Hamburg Hauptbahnhof trampeln wir uns jetzt schon auf die Füsse. https://t.co/eShYsRuVjb</text>
  </Document>
  <Document id="745342142034378753">
    <relevance>true</relevance>
    <sentiment>neutral</sentiment>
    <text>Nürnberg Hbf: Aufzug zu Gleis 22/23 has changed state from INACTIVE to UNKNOWN</text>
    <Opinions>
      <Opinion category="Lift#Availability" from="14" to="20" target="Aufzug" polarity="neutral" category_de="Aufzug#Betrieb"/>
    </Opinions>
  </Document>
  <Document id="626391192067043328">
    <relevance>true</relevance>
    <sentiment>neutral</sentiment>
    <Opinions/>
    <text>@DB_Bahn Er stand online auf der Seite. Der Zug fährt jeden Tag,hatte dann 50-60 min Verspätung,laut Ansage,und ich hab den anderen genommen</text>
  </Document>
  <Document id="1355795159234064384">
    <relevance>false</relevance>
    <sentiment>neutral</sentiment>
    <Opinions/>
    <text>Warum heißt es Aufzug und nicht Hubraum?</text>
  </Document>
  <Document id="663837829798207489">
    <relevance>false</relevance>
    <sentiment>neutral</sentiment>
    <Opinions/>
    <text>Um es nochmal aufzugreifen.. Tragödie &amp; Unfall &amp; so. 👿👿👿 #WildIsland</text>
  </Document>
  <Document id="610791472267440128">
    <relevance>true</relevance>
    <sentiment>neutral</sentiment>
    <Opinions/>
    <text>RT @stoltenberg: @Blumi147 und ich dachte immer humor sei ein zentrales einstellungskriterium bei der bahn ag? @BahnAnsagen @haufeingo</text>
  </Document>
  <Document id="1022334428587216896">
    <relevance>true</relevance>
    <sentiment>neutral</sentiment>
    <Opinions/>
    <text>Ich weiß, das klingt widersprüchlich, aber wenn am Flughafen das Priority Boarding aufgerufen wird (und das nicht Leute im Rollstuhl oder so sind), krieg ich ein bisschen Lust auf Klassenkampf. #gegendiebourgeoisie</text>
  </Document>
  <Document id="712711660725735424">
    <relevance>true</relevance>
    <sentiment>negative</sentiment>
    <Opinions>
      <Opinion category="Lighting#Availability" polarity="negative" from="24" to="44" target="Bahnsteigbeleuchtung" category_de="Beleuchtung#Betrieb"/>
    </Opinions>
    <text>#RE13 Aufgrund defekter Bahnsteigbeleuchtung entfällt bei Zug 20091 (Abf Ennepetal 19:47 Uhr, Ri Hamm) der Halt in Ennepetal.</text>
  </Document>
  <Document id="676302711965556736">
    <relevance>true</relevance>
    <sentiment>negative</sentiment>
    <Opinions>
      <Opinion category="Lift#Availability" polarity="negative" from="29" to="35" target="Aufzug" category_de="Aufzug#Betrieb"/>
    </Opinions>
    <text>14 x i.diesem Jahr blieb der Aufzug im #Bahnhof #Emsdetten stecken. #Feuerwehr musste Samstagnacht erneut ausrücken. https://t.co/wxZIfHd8dg</text>
  </Document>
  <Document id="613393758869168128">
    <relevance>true</relevance>
    <sentiment>negative</sentiment>
    <Opinions>
      <Opinion category="InfoAcoustic#Availability" polarity="negative" from="86" to="96" target="Durchsagen" category_de="Infodurchsage#Betrieb"/>
      <Opinion category="InfoDisplay#Avaiability" polarity="negative" from="102" to="110" target="Anzeigen" category_de="Infoanzeige#Betrieb"/>
    </Opinions>
    <text>@DB_Info Ihr macht es spannend - sitze in der S-Bahn und es geht nicht weiter - keine Durchsagen oder Anzeigen #bahnabenteuer</text>
  </Document>
  <Document id="1005481558957051905">
    <relevance>true</relevance>
    <sentiment>neutral</sentiment>
    <Opinions/>
    <text>Warum ich meine Frankfurter liebe, Teil 2: Eine Gruppe #schlagdenballlang Brudis am Hauptbahnhof so 🎶Wir holen den DFB-Pokal und wir werden Deutscher Meister🎶 - und alle auf der Rolltreppe lächeln. #pokalsieger #SGE</text>
  </Document>
  <Document id="641367294342402048">
    <relevance>true</relevance>
    <sentiment>neutral</sentiment>
    <Opinions/>
    <text>@lufthansa Hi, ab welcher Uhrzeit ist es in Jeddah möglich, das Gepäck für den LH Flug nach Frankfurt Gepäck aufzugeben ?</text>
  </Document>
  <Document id="697440003681611776">
    <relevance>true</relevance>
    <sentiment>neutral</sentiment>
    <Opinions/>
    <text>Ich fahr jz Rolltreppe am Bhf weil mir lw is und aufn Zug warten muss</text>
  </Document>
  <Document id="1365410794582790146">
    <relevance>false</relevance>
    <sentiment>neutral</sentiment>
    <Opinions/>
    <text>@lappenjammer Aufzug, aber kein Klo - Äh ja..die richtigen Prioritäten setzen.. so wichtig..</text>
  </Document>
  <Document id="1362006485530800130">
    <relevance>true</relevance>
    <sentiment>negative</sentiment>
    <Opinions>
      <Opinion category="ConstructionSite#Main" polarity="negative" from="21" to="30" target="Baustelle" category_de="Baustelle#Haupt"/>
      <Opinion category="ConstructionSite#Main" polarity="negative" from="92" to="101" target="Baustelle" category_de="Baustelle#Haupt"/>
    </Opinions>
    <text>Mittagspause und die Baustelle 🚧 an der u-bahn station Augsburger Str u3 hat immer noch die Baustelle ... fyi.! heißt Richtung Wittenbergplatz ist kein aussteigen möglich 🙃 https://t.co/Fo7bE19WSa</text>
  </Document>
  <Document id="630974924216238080">
    <relevance>true</relevance>
    <sentiment>negative</sentiment>
    <Opinions>
      <Opinion category="InfoAcoustic#Availability" polarity="negative" from="132" to="139" target="ansagen" category_de="Infodurchsage#Betrieb"/>
    </Opinions>
    <text>Schön! früh um halb acht mit lauter anderen Doedeln in der stickigen U-Bahn sitzen und nicht weiterkönnen.Kann mal bitte jemand was ansagen?</text>
  </Document>
  <Document id="1024663180642017280">
    <relevance>true</relevance>
    <sentiment>negative</sentiment>
    <Opinions>
      <Opinion category="BarrierOthers#Main" polarity="negative" from="57" to="175" target="Busfarer erlebt, der eine Rollstuhlfahrerin fragte,warum sie immer um kurz vor 8,wenn der Bus voll ist,mitfahren müsse" category_de="Sonstiges_Barriere#Haupt"/>
    </Opinions>
    <text>Unbedingt lesen:  https://t.co/wLdyM7Rvel  Ich hab einen Busfarer erlebt, der eine Rollstuhlfahrerin fragte,warum sie immer um kurz vor 8,wenn der Bus voll ist,mitfahren müsse. Dass sie zur Arbeit muss,wie alle anderen auch,kam ihm nicht in den Sinn. Aber...sind nicht alle so 🙏</text>
  </Document>
  <Document id="819609334845992961">
    <relevance>false</relevance>
    <sentiment>neutral</sentiment>
    <Opinions/>
    <text>Bei der Beleuchtung wird der #BER ganz neidisch und schämt sich 😂 https://t.co/GhNsmLNIHh</text>
  </Document>
  <Document id="638332195665543168">
    <relevance>false</relevance>
    <sentiment>neutral</sentiment>
    <Opinions/>
    <text>Ich habe ein Video zu einer @YouTube-Playlist hinzugefügt: http://t.co/g5FPpGeevx Mark of the Ninja Part 40: U-Bahn [Blind]</text>
  </Document>
  <Document id="1036532873363431430">
    <relevance>true</relevance>
    <sentiment>negative</sentiment>
    <Opinions>
      <Opinion category="Escalator#Availability" polarity="negative" from="9" to="19" target="Rolltreppe" category_de="Rolltreppe#Betrieb"/>
    </Opinions>
    <text>@DB_Bahn Rolltreppe in Lu'hafen Mitte Gleis 2/3 defekt, desweiteren belästigt ein extrem stinkender Obdachloser seit gestern auf Gleis 2/3 die Fahrgäste durch seinen Geruch und indem er Reisende nach Geld oder Zigaretten an der Rolltreppe frägt und einen nicht gehen lässt!</text>
  </Document>
  <Document id="646062177338716160">
    <relevance>true</relevance>
    <sentiment>neutral</sentiment>
    <Opinions/>
    <text>@TerrorFrettchen @Lilith_Xoo @GlowTimeHD Naja flughafen ist jetzt aber hochgegriffen xD das ist eher ein Flugplatz oder ne abschussrampe :D</text>
  </Document>
  <Document id="621916682840371200">
    <relevance>true</relevance>
    <sentiment>neutral</sentiment>
    <Opinions/>
    <text>7 Mädels treffen sich mit großen Koffern am Flughafen und wo stellt sich die Gruppe hin? Na direkt vor die Rolltreppe. #PendlerTweet</text>
  </Document>
  <Document id="720869768543088640">
    <relevance>true</relevance>
    <sentiment>neutral</sentiment>
    <Opinions/>
    <text>Realer Irrsinn: Dauerbeleuchtung am Lehrter Bahnhof | extra 3 | NDR https://t.co/AZQaA6FkC9 via @YouTube</text>
  </Document>
  <Document id="1025082246682890240">
    <relevance>true</relevance>
    <sentiment>neutral</sentiment>
    <Opinions/>
    <text>@DB_Bahn Die Automatennummer habe ich leider nicht. Notfalls wäre ich morgen früh wieder da und könnte die Ihnen durchgeben. Der Automat steht an Gleis 1 neben dem Aufzug und dem Abgang zur Unterführung. :)</text>
  </Document>
  <Document id="994996935340720130">
    <relevance>true</relevance>
    <sentiment>neutral</sentiment>
    <Opinions/>
    <text>RT @c_bisanz: Beim rausgehen auf der Rolltreppe ruft er jemanden an und sagt: &quot;Alter, so ein Wichser hat sich vor die U-Bahn geworfen, natü…</text>
  </Document>
  <Document id="647762650269663232">
    <relevance>false</relevance>
    <sentiment>neutral</sentiment>
    <Opinions/>
    <text>RT @morgenpost: Licht geht nicht aus, Rolltreppen zu kurz: Mit diesen Hiobsbotschaften wurde #BER berühmt. http://t.co/B0n3zJGAOK http://t.…</text>
  </Document>
  <Document id="639768542427148288">
    <relevance>true</relevance>
    <sentiment>neutral</sentiment>
    <Opinions>
      <Opinion category="Lift#Availability" polarity="neutral" from="40" to="46" target="Aufzug" category_de="Aufzug#Betrieb"/>
    </Opinions>
    <text>@DB_Bahn dort gibt es jeweils nur einen Aufzug</text>
  </Document>
  <Document id="699496848558579712">
    <relevance>true</relevance>
    <sentiment>negative</sentiment>
    <Opinions>
      <Opinion category="Lift#Availability" polarity="negative" from="40" to="46" target="Aufzug" category_de="Aufzug#Betrieb"/>
    </Opinions>
    <text>Infolge Modernisierungsarbeiten ist der Aufzug im Bahnhof Berlin Hohenschönhausen zum Gleis 4 außer Betrieb. #T2</text>
  </Document>
  <Document id="637602455405133824">
    <relevance>true</relevance>
    <sentiment>negative</sentiment>
    <Opinions>
      <Opinion category="InfoAcoustic#Availability" polarity="negative" from="80" to="86" target="Ansage" category_de="Infodurchsage#Betrieb"/>
    </Opinions>
    <text>@DB_Bahn Wo ist die #S7 ab Wolfratshausen (Rtg. München Hbf. hoch) 14:24? Keine Ansage und kein Zug vorhanden!</text>
  </Document>
  <Document id="1023865930651185153">
    <relevance>false</relevance>
    <sentiment>neutral</sentiment>
    <Opinions/>
    <text>#Rollstuhlbasketball WM vom 16.-26.8. in HH. Rahmenprogramm mit vielen Highlights u.a.: Carrera Bahn mit Augensteuerung am Infostand der Gesetzlichen Unfallversicherungen. Check it out: https://t.co/nE6rKBHxpA</text>
  </Document>
  <Document id="1085108052616011776">
    <relevance>false</relevance>
    <sentiment>neutral</sentiment>
    <Opinions/>
    <text>@MamaMausBlog Ich ärgere mich ganz oft über mich selber, mit meinem ewigen „man müsste mal“. Aber ehrlich gesagt, fehlt mir am Ende des Tages ganz oft auch einfach die Kraft für noch eine Baustelle.</text>
  </Document>
  <Document id="794406099772436480">
    <relevance>true</relevance>
    <sentiment>neutral</sentiment>
    <Opinions/>
    <text>Wäre ich heute mit dem Auto zur Arbeit gefahren, hätte ich kratzen müssen. So aber auch, sonst wäre ich blind zum Bahnhof gefahren.</text>
  </Document>
  <Document id="611916934209212416">
    <relevance>true</relevance>
    <sentiment>neutral</sentiment>
    <Opinions/>
    <text>@DB_Bahn Der Lokführer ergänzte die Ansage von der Zugbegleiterin. Streckensperrung durch Bundespolizei Grund: Suizidgefährdete Person 2/2</text>
  </Document>
  <Document id="626083792541847552">
    <relevance>true</relevance>
    <sentiment>neutral</sentiment>
    <Opinions/>
    <text>#Bahnansage: &quot;Die kompetenten Vollidioten der DB Netz AG haben angewiesen, auch noch die zweite Bahn vor uns durchzulassen ...&quot; @BahnAnsagen</text>
  </Document>
  <Document id="687907897792196609">
    <relevance>true</relevance>
    <sentiment>negative</sentiment>
    <Opinions>
      <Opinion category="Lift#Availability" polarity="negative" from="24" to="30" target="Aufzug" category_de="Aufzug#Betrieb"/>
    </Opinions>
    <text>DBliftbot Nürnberg Hbf, Aufzug zu Gleis 20/21 ist defekt. https://t.co/SEUyZKYweE https://t.co/RaNmPeFXdm</text>
  </Document>
  <Document id="761659221150732288">
    <relevance>true</relevance>
    <sentiment>neutral</sentiment>
    <Opinions/>
    <text>Ihr schaut jetzt alle Blind Guardian während ich mich von 'nem besoffenen Kerl in der Bahn entferne, wa?</text>
  </Document>
  <Document id="638266754339336192">
    <relevance>true</relevance>
    <sentiment>negative</sentiment>
    <Opinions>
      <Opinion category="InfoAcoustic#Availability" polarity="negative" from="32" to="38" target="Ansage" category_de="Infodurchsage#Betrieb"/>
    </Opinions>
    <text>@BVG_Tram Info in den Zügen via Ansage wäre nicht schlecht.  Ich habs gestern in meiner gemacht... 😉</text>
  </Document>
  <Document id="618375415887998976">
    <relevance>true</relevance>
    <sentiment>neutral</sentiment>
    <Opinions/>
    <text>RT @BahnAnsagen: &quot;Wenn Ihr Zug ein paar Minuten Verspätung hat, können Sie sich freuen, dann ist er nämlich definitiv unterwegs!&quot; (Jenny Be…</text>
  </Document>
  <Document id="1009023585015484416">
    <relevance>true</relevance>
    <sentiment>neutral</sentiment>
    <Opinions/>
    <text>@THEMlDNlGHTKlDS geht mit S oder U Bahn, du musst Oberbilk aussteigen und dann noch zu fuß. Ubahn stationen sind im HBF die Rolltreppen runter also nicht die Bahnen draußen nehmen. Ich weiß dass die S1 und S6 Oberbilk hält, bei UBahn musst du nachgucken</text>
  </Document>
  <Document id="667578932099551232">
    <relevance>false</relevance>
    <sentiment>neutral</sentiment>
    <Opinions/>
    <text>#verkehr Stadtverkehr: Frankenschnellweg: Fürth - Nürnberg - STAU zwischen Jansenbrücke und An den Rampen</text>
  </Document>
  <Document id="1078697620250550272">
    <relevance>false</relevance>
    <sentiment>neutral</sentiment>
    <Opinions/>
    <text>Mr. Deal Maker #Trump kümmert sich um eine neue schmutzige Baustelle. Prinzip: Tit for Tat! 👍👍👍</text>
  </Document>
  <Document id="1027392326690398209">
    <relevance>true</relevance>
    <sentiment>negative</sentiment>
    <Opinions>
      <Opinion category="Lift#Availability" polarity="negative" from="42" to="48" target="Aufzug" category_de="Aufzug#Betrieb"/>
    </Opinions>
    <text>Infolge einer technischen Störung ist der Aufzug im Bahnhof Berlin Gesundbrunnen Bstg. 7/8 ausser Betrieb.</text>
  </Document>
  <Document id="605308074463772672">
    <relevance>true</relevance>
    <sentiment>negative</sentiment>
    <Opinions>
      <Opinion category="InfoAcoustic#BarrierOthers" polarity="negative" from="101" to="108" target="ansagen" category_de="Infodurchsage#Sonstiges_Barriere"/>
    </Opinions>
    <text>Liebe Deutsche Bahn, Ihre Kunden wären weniger sauer, wenn sie die ungefähr korrekte Verspätungszeit ansagen würden und nicht beschönigen.</text>
  </Document>
  <Document id="805298034938671104">
    <relevance>true</relevance>
    <sentiment>negative</sentiment>
    <Opinions>
      <Opinion category="Info#Barrier_Others" polarity="negative" from="59" to="66" target="bahn.de" category_de="Info_Sonstiges#Sonstiges_Barriere"/>
      <Opinion category="InfoDisplay#BarrierOthers" polarity="negative" from="85" to="97" target="Anzeigetafel" category_de="Infoanzeige#Sonstiges_Barriere"/>
    </Opinions>
    <text>@DB_Bahn Erklaerung zu Frage bzgl #EN459: 07:08 h +30 laut bahn.de; 07:38 h +30 laut Anzeigetafel im Bahnhof #Verwirrung</text>
  </Document>
  <Document id="662272635640877056">
    <relevance>true</relevance>
    <sentiment>neutral</sentiment>
    <Opinions/>
    <text>Ich mag Busfahrer die die Tür vorne zu lassen wenn sie einen Rollstuhlfahrer rein oder raus lassen. Das ist viel weniger Gefährlich #BVG 1/2</text>
  </Document>
  <Document id="634342011349434368">
    <relevance>false</relevance>
    <sentiment>neutral</sentiment>
    <Opinions/>
    <text>@SZ @thwedmann @Schwenkenbecher Danke für den Bericht! Jetzt gibt's für mich auch keine Ausrede mehr, Kampfansage an die Bequemlichkeit.</text>
  </Document>
  <Document id="617937717297573888">
    <relevance>true</relevance>
    <sentiment>negative</sentiment>
    <Opinions>
      <Opinion category="Escalator#Availability" polarity="negative" from="13" to="24" target="Rolltreppen" category_de="Rolltreppe#Betrieb"/>
    </Opinions>
    <text>@DB_Bahn Die Rolltreppen zu Gleis 1,sowie zu Gleis 2/3 sind defekt . Bahnhof Ludwigshafen Mitte</text>
  </Document>
  <Document id="663399694828072960">
    <relevance>true</relevance>
    <sentiment>negative</sentiment>
    <Opinions>
      <Opinion category="Lift#Availability" polarity="negative" from="8" to="15" target="Aufzüge" category_de="Aufzug#Betrieb"/>
      <Opinion category="Escalator#Availability" polarity="negative" from="20" to="31" target="Rolltreppen" category_de="Rolltreppe#Betrieb"/>
      <Opinion category="Lift#Availability" polarity="negative" from="69" to="76" target="Aufzüge" category_de="Aufzug#Betrieb"/>
      <Opinion category="Escalator#Availability" polarity="negative" from="81" to="92" target="Rolltreppen" category_de="Rolltreppe#Betrieb"/>
    </Opinions>
    <text>Kaputte Aufzüge und Rolltreppen am Hbf: Wirklich Verlass ist auf die Aufzüge und Rolltreppen im Potsd... https://t.co/aGi83YNDA3 #Potsdam</text>
  </Document>
  <Document id="1085213259878318083">
    <relevance>false</relevance>
    <sentiment>neutral</sentiment>
    <Opinions/>
    <text>POL-DEL: Landkreis Wesermarsch: Container auf Baustelle aufgebrochen +++  25-Jähriger unter Drogeneinfluss unterwegs https://t.co/Qi29LtfqXb #ots</text>
  </Document>
  <Document id="1044957329400180736">
    <relevance>true</relevance>
    <sentiment>negative</sentiment>
    <Opinions>
      <Opinion category="Lift#Availability" polarity="negative" from="0" to="15" target="Aufzugstörungen" category_de="Aufzug#Betrieb"/>
    </Opinions>
    <text>Aufzugstörungen:  Stralsund Hbf, Gleis 3/4 &amp; 5/6 Berlin Hbf, Gleis 3/4 zu den Gleisen 11/12, 13/14, 15/16 Berlin-Alexanderplatz, Gleis 1/2 Berlin-Gesundbrunnen, Gleis 9/10 Berlin-Potsdamer Platz, Gleis 3/4... https://t.co/TSOjjNSjzh</text>
  </Document>
  <Document id="651613936874332160">
    <relevance>true</relevance>
    <sentiment>negative</sentiment>
    <Opinions>
      <Opinion category="Lift#Availability" polarity="negative" from="4" to="10" target="Aufzug" category_de="Aufzug#Betrieb"/>
    </Opinions>
    <text>Der Aufzug am Marienplatz ist immer noch defekt. Ansonsten störungsfreier Verkehr bei der #SBahn #München. Da ist noch Potential.</text>
  </Document>
  <Document id="674729921474875392">
    <relevance>true</relevance>
    <sentiment>neutral</sentiment>
    <Opinions/>
    <text>Community Treffen:Wo:Dortmund (Treffen HBF,Anzeigetafel),Wann:20.12.(Sonntag), Uhrzeit:15 Uhr (30 min warten für Nachtzügler) Freuen uns~</text>
  </Document>
  <Document id="666678333434908672">
    <relevance>true</relevance>
    <sentiment>neutral</sentiment>
    <Opinions/>
    <text>Ab 20:30 Umleitung der Trams über &quot;Scheidemannpl.&quot; und &quot;Lutherpl.&quot;, da Weihnachtsbeleuchtung auf der Königsstr. angebracht wird.</text>
  </Document>
  <Document id="829755744052449280">
    <relevance>true</relevance>
    <sentiment>negative</sentiment>
    <Opinions>
      <Opinion category="InfoDisplay#Avaiability" polarity="negative" from="49" to="61" target="Anzeigetafel" category_de="Infoanzeige#Betrieb"/>
    </Opinions>
    <text>@uestra Linie 123 Richtung Peiner Straße ist die Anzeigetafel vorne defekt</text>
  </Document>
  <Document id="1028892314138238976">
    <relevance>true</relevance>
    <sentiment>negative</sentiment>
    <Opinions>
      <Opinion category="Lift#Availability" polarity="negative" from="0" to="6" target="Aufzug" category_de="Aufzug#Betrieb"/>
    </Opinions>
    <text>Aufzug Gleis 6 am Bahnhof Düsseldorf Flughafen defekt.</text>
  </Document>
  <Document id="1042003189325869056">
    <relevance>true</relevance>
    <sentiment>neutral</sentiment>
    <Opinions/>
    <text>@H_Augustin @EichlerHagen @sachsenanhalt @mzwebde Okay. Um Missverständnisse zu vermeiden: ich meine nicht die Polizeipräsenz insgesamt, sondern, dass der Aufzug rechts bspw. über weite Strecken seitlich nicht dicht begleitet wurde, dass rechte Gruppen im Bhf auftauchten ohne Kenntnis der Polizei usw usf. Ging gut, war Glück.</text>
  </Document>
  <Document id="606421909916553216">
    <relevance>true</relevance>
    <sentiment>negative</sentiment>
    <Opinions>
      <Opinion category="Escalator#Availability" polarity="negative" from="59" to="69" target="Rolltreppe" category_de="Rolltreppe#Betrieb"/>
      <Opinion category="Lift#Availability" polarity="negative" from="83" to="89" target="Aufzug" category_de="Aufzug#Betrieb"/>
    </Opinions>
    <text>@DB_Bahn Verspätung, Anschluss verpasst, Drehkreuz zu eng, Rolltreppe kaputt, kein Aufzug verfügbar Gratulation! Super Werbung für Fernbusse</text>
  </Document>
  <Document id="1076873589297741824">
    <relevance>true</relevance>
    <sentiment>neutral</sentiment>
    <Opinions/>
    <text>Auffahrunfall zweier Trams in #Graz bei der Rampe aus der NVD Hauptbahnhof Richtung Westen. Zwei Variobahnen beteiligt. #GrazLinien</text>
  </Document>
  <Document id="1049934614897352704">
    <relevance>true</relevance>
    <sentiment>negative</sentiment>
    <Opinions>
      <Opinion category="Ramp#Availability" polarity="negative" from="73" to="87" target="Rollstuhlrampe" category_de="Rampe#Betrieb"/>
    </Opinions>
    <text>RT @MasterOtenko: Bei den Renovierungsarbeiten des Bhf Lohhofs wurde die Rollstuhlrampe zugunsten einer kürzeren Treppe entfernt- Rollstuhl…</text>
  </Document>
  <Document id="931491796831612928">
    <relevance>true</relevance>
    <sentiment>neutral</sentiment>
    <Opinions/>
    <text>Die Bahn ist nach wie vor pünktlich unterwegs. Aber am Nebentisch läuft inzwischen Scooter. Vielleicht steige ich einfach in Mannheim aus und warte auf @DirkKrampe. #lasttweet #VfBBVB</text>
  </Document>
  <Document id="1355803933323763717">
    <relevance>false</relevance>
    <sentiment>neutral</sentiment>
    <Opinions/>
    <text>Heute 13.00 live: @stbnhckr mit @apfeltalk @sascha_p @LousyPennies . #MicrosoftTeams Tipps zur Outlook Integration und Erinnerungen an vergessene Chats geben @eggers_alex und ich. @ChristianSpanik löst das &quot;Aufzug Drama&quot;  https://t.co/AOCRvYc888 https://t.co/zdCVYBvzBf</text>
  </Document>
  <Document id="678940818728615936">
    <relevance>false</relevance>
    <sentiment>neutral</sentiment>
    <Opinions/>
    <text>Aktuelle Entscheidung des VG #Dresden ! Antrag von #Pegida für einen Aufzug durch die Dresdner Neustadt wurde abgelehnt. #dd2112</text>
  </Document>
  <Document id="984785706089369600">
    <relevance>true</relevance>
    <sentiment>negative</sentiment>
    <Opinions>
      <Opinion category="BarrierOthers#Main" polarity="negative" from="116" to="139" target="sitze hier im Rollstuhl" category_de="Sonstiges_Barriere#Haupt"/>
    </Opinions>
    <text>@DB_Bahn Zum Mitschreiben: Strom ausgefallen. Türen verriegelt (!). ALLE Passagiere haben den Zug verlassen und ich sitze hier im Rollstuhl und will heute nach München.</text>
  </Document>
  <Document id="734668171836293120">
    <relevance>true</relevance>
    <sentiment>negative</sentiment>
    <Opinions>
      <Opinion category="Lift#Availability" polarity="negative" from="42" to="48" target="Aufzug" category_de="Aufzug#Betrieb"/>
    </Opinions>
    <text>Infolge einer technischen Störung ist der Aufzug im Bahnhof Potsdam Park Sannssouci zum Bstg 1 gestört. #T2</text>
  </Document>
  <Document id="864345348537368577">
    <relevance>true</relevance>
    <sentiment>negative</sentiment>
    <Opinions>
      <Opinion category="InfoDisplay#Avaiability" polarity="negative" from="4" to="17" target="Anzeigetafeln" category_de="Infoanzeige#Betrieb"/>
    </Opinions>
    <text>Die Anzeigetafeln am Limburger Hbf funktionieren übrigens immer noch nicht. Ein Hoch auf Windows 98! \o/</text>
  </Document>
  <Document id="1025807478620073984">
    <relevance>true</relevance>
    <sentiment>negative</sentiment>
    <Opinions>
      <Opinion category="Lift#Availability" polarity="negative" from="0" to="6" target="Aufzug" category_de="Aufzug#Betrieb"/>
    </Opinions>
    <text>Aufzug im Bahnhof ist kaputt. Schon Vorfreude+</text>
  </Document>
  <Document id="1071169655576895489">
    <relevance>true</relevance>
    <sentiment>neutral</sentiment>
    <Opinions/>
    <text>lustig, dass erst heute am 7. Dezember die Kramperl mitsamt Nikolaus am HBF in Wien waren. Ich frag mich nur, ob das wegen der @unsereOEBB ist oder weil der @sebastiankurz die Balkanrute geschlossen hatte</text>
  </Document>
  <Document id="981582226096836608">
    <relevance>true</relevance>
    <sentiment>negative</sentiment>
    <Opinions>
      <Opinion category="SpaceMobilityGroups#Main" polarity="negative" from="55" to="60" target="Platz" category_de="Platzangebot#Haupt"/>
      <Opinion category="SpaceMobilityGroups#Main" polarity="negative" from="134" to="143" target="Sitzplatz" category_de="Platzangebot#Haupt"/>
    </Opinions>
    <text>Menschen, die nicht aufstehen, oder noch nicht mal den Platz neben sich freimachen, wenn ein offensichtlich gehbehinderter Mann einen Sitzplatz in der vollen Bahn sucht. Hauptsache, die Tasche hat es bequem.  #Rücksicht</text>
  </Document>
  <Document id="1008429540560048129">
    <relevance>false</relevance>
    <sentiment>neutral</sentiment>
    <Opinions/>
    <text>@TrampelFee -Halbes Dutzend Manolo Blahnik -Halskette &amp; Ring von Bulgari -Ein Dutzend Hermes Tücher   -vollflächen Induktions Kochfeld -Corvette Cabrio -Kompetente Handwerker die Haus/Baustelle Ordnungsgemäß  &amp; fachgerecht zuende bringen  -neue Brüste -Bauch absaugung -Weltfrieden</text>
  </Document>
  <Document id="633314212920623104">
    <relevance>true</relevance>
    <sentiment>neutral</sentiment>
    <Opinions/>
    <text>@janboeh @BahnAnsagen aar bei mir gestern auch so. Aus 15 wurden 30 und aus 30 wurden 35 Minuten Verspätung</text>
  </Document>
  <Document id="690308140764655618">
    <relevance>true</relevance>
    <sentiment>neutral</sentiment>
    <Opinions/>
    <text>#Lanz fern der Realität. Alles paletti? Wohl noch nie Bus Bahn gefahren? Leute, die nicht am täglichen Leben teilnehmen sind blind und dumm!</text>
  </Document>
  <Document id="1071326168467550209">
    <relevance>true</relevance>
    <sentiment>negative</sentiment>
    <Opinions>
      <Opinion category="Lift#Availability" polarity="negative" from="0" to="6" target="Aufzug" category_de="Aufzug#Betrieb"/>
      <Opinion category="Lift#Availability" polarity="negative" from="35" to="41" target="Aufzug" category_de="Aufzug#Betrieb"/>
      <Opinion category="Lift#Availability" polarity="negative" from="92" to="98" target="Aufzug" category_de="Aufzug#Betrieb"/>
      <Opinion category="Lift#Availability" polarity="negative" from="147" to="153" target="Aufzug" category_de="Aufzug#Betrieb"/>
      <Opinion category="Lift#Availability" polarity="negative" from="208" to="214" target="Aufzug" category_de="Aufzug#Betrieb"/>
    </Opinions>
    <text>Aufzug U Uhlandstr. außer Betrieb. Aufzug U Kurfürstendamm ZE - Bahnsteig U9 außer Betrieb. Aufzug S+U Rathaus Steglitz ZE - Straße außer Betrieb. Aufzug Walther-Schreiber-Platz Bahnsteig - ZE außer Betrieb. Aufzug Schloßstr. nicht vorhanden.</text>
  </Document>
  <Document id="1354175248086794241">
    <relevance>false</relevance>
    <sentiment>neutral</sentiment>
    <Opinions/>
    <text>Powerbreak-Fazit: Gutes Spiel der Joker, was durch das 3:6 auf der Anzeigetafel wieder gespiegelt wird. Jetzt ist es aber wichtig keine leichtsinnigen Fehler zu begehen oder die Falken auf irgendeine Weise zu unterschätzen. Noch 11:53 auf der Uhr. #hnfesv</text>
  </Document>
  <Document id="647294576164737024">
    <relevance>true</relevance>
    <sentiment>neutral</sentiment>
    <Opinions/>
    <text>&quot;Welche ist für mich derzeit die günstigste Verbindung von A nach B zu kommen?&quot;  &quot;Trampen?!&quot;  Ich liebe diesen Schalterbeamten der Bahn.</text>
  </Document>
  <Document id="777136942098030593">
    <relevance>false</relevance>
    <sentiment>neutral</sentiment>
    <Opinions/>
    <text>#Blankenese:Der Aufzug hat den ersten Zwischenkundgebungsort in der Bahnhofstraße erreicht. Redebeiträge laufen. Aktuell ca. 280 Teilnehmer.</text>
  </Document>
  <Document id="615785703318777856">
    <relevance>true</relevance>
    <sentiment>negative</sentiment>
    <Opinions>
      <Opinion category="InfoAcoustic#BarrierOthers" polarity="negative" from="45" to="55" target="Durchsagen" category_de="Infodurchsage#Sonstiges_Barriere"/>
    </Opinions>
    <text>@DB_Info Schön dass in Do-Kirchderne falsche Durchsagen gemacht werden und die 3-S-Zentrale nicht abnimmt. An wen kann ich mich wenden?!</text>
  </Document>
  <Document id="646041554306600961">
    <relevance>false</relevance>
    <sentiment>neutral</sentiment>
    <Opinions/>
    <text>Frankreich ist, wenn man lieber 6km läuft als den Parkplatz aufzugeben.</text>
  </Document>
  <Document id="1373706066266054656">
    <relevance>true</relevance>
    <sentiment>positive</sentiment>
    <Opinions>
      <Opinion category="Lift#Availability" polarity="positive" from="46" to="52" target="Aufzug" category_de="Aufzug#Betrieb"/>
    </Opinions>
    <text>An der Haltestelle Oberbarmen Bahnhof ist der Aufzug in Richtung Vohwinkel wieder in Betrieb. 21.03.21 19:40</text>
  </Document>
  <Document id="636783977257414656">
    <relevance>true</relevance>
    <sentiment>neutral</sentiment>
    <Opinions/>
    <text>Lustige Versprecher bei Bahn-Ansagen. http://t.co/DjtphuWV4k</text>
  </Document>
  <Document id="1367582900695269379">
    <relevance>false</relevance>
    <sentiment>neutral</sentiment>
    <Opinions/>
    <text>bleibt euer Kopf auch eine ewige Baustelle?</text>
  </Document>
  <Document id="1355636004816904193">
    <relevance>true</relevance>
    <sentiment>negative</sentiment>
    <Opinions>
      <Opinion category="InfoDisplay#Avaiability" polarity="negative" from="163" to="175" target="Anzeigetafel" category_de="Infoanzeige#Betrieb"/>
    </Opinions>
    <text>@fxckjulia @ooobeezy Thank god für google maps. Hätte in Sydney sonst null Plan gehabt wo ich immer aussteigen muss. Verstehe nicht warum es nicht in jedem Bus ne Anzeigetafel gibt.</text>
  </Document>
  <Document id="733346203669278720">
    <relevance>true</relevance>
    <sentiment>negative</sentiment>
    <Opinions>
      <Opinion category="Escalator#Availability" polarity="negative" from="55" to="65" target="Rolltreppe" category_de="Rolltreppe#Betrieb"/>
    </Opinions>
    <text>Immer wieder schön, am Bhf Ramersdorf vor der defekten Rolltreppe zu stehen. Immer wieder, immer wieder, immer wieder.... @SWBBusundBahn</text>
  </Document>
  <Document id="1365685909920894986">
    <relevance>true</relevance>
    <sentiment>neutral</sentiment>
    <Opinions>
      <Opinion category="Escalator#Availability" polarity="neutral" from="44" to="54" target="rolltreppe" category_de="Rolltreppe#Betrieb"/>
    </Opinions>
    <text>was erwarte ich im hbf auch wenn ich auf ne rolltreppe gehe, dass die funktioniert</text>
  </Document>
  <Document id="661964321069625344">
    <relevance>true</relevance>
    <sentiment>negative</sentiment>
    <Opinions>
      <Opinion category="InfoDisplay#BarrierOthers" polarity="negative" from="85" to="97" target="Anzeigetafel" category_de="Infoanzeige#Sonstiges_Barriere"/>
    </Opinions>
    <text>@DB_Bahn Hallo, stehe in Hamburg-Dammtor und der RE 21078 wurde kommentarlos von der Anzeigetafel gelöscht. Warum?</text>
  </Document>
  <Document id="1021366757808922625">
    <relevance>false</relevance>
    <sentiment>neutral</sentiment>
    <Opinions/>
    <text>RT @polizeiberlin: Im Mai retteten Witali &amp; Marcel von unserem #A16 einen gehbehinderten Mann vom Balkon seiner brennenden Wohnung im #Pren…</text>
  </Document>
  <Document id="714829566896947200">
    <relevance>true</relevance>
    <sentiment>neutral</sentiment>
    <Opinions/>
    <text>Gerade wieder bestätigt: Das ist der beste Soundtrack, wenn du die Rolltreppe aus der U-Bahn hochfährst. - hört... https://t.co/3SSHXpSdmt</text>
  </Document>
  <Document id="1015228980633460737">
    <relevance>true</relevance>
    <sentiment>neutral</sentiment>
    <Opinions/>
    <text>Gut Ding will Weile haben. Ich seh mir die Sache nochmal in vier Jahren an, wenn der Rheydter Bahnhof saniert ist und ich mit meinem bepackten Fahrrad im Aufzug nach oben fahren kann, laut Herrn Neuß von PRO BAHN 😉 https://t.co/p9NPjixwT3</text>
  </Document>
  <Document id="725291071626948608">
    <relevance>true</relevance>
    <sentiment>negative</sentiment>
    <Opinions>
      <Opinion category="Lift#Availability" polarity="negative" from="0" to="15" target="Aufzugstörungen" category_de="Aufzug#Betrieb"/>
    </Opinions>
    <text>Aufzugstörungen in MV: Schwerin Mitte: Gleis 2 Rostock Hbf: Gleis 3 (Alternative Gleis 7) #T2</text>
  </Document>
  <Document id="697322846800998400">
    <relevance>true</relevance>
    <sentiment>negative</sentiment>
    <text>Berlin Anhalter Bahnhof: Aufzug zu Gleis 3/4 has changed state from INACTIVE to TEST_INACTIVE</text>
    <Opinions>
      <Opinion category="Lift#Availability" from="25" to="31" target="Aufzug" polarity="negative" category_de="Aufzug#Betrieb"/>
    </Opinions>
  </Document>
  <Document id="1357233820953681921">
    <relevance>true</relevance>
    <sentiment>neutral</sentiment>
    <Opinions>
      <Opinion category="ConstructionSite#Main" polarity="neutral" from="22" to="31" target="Baustelle" category_de="Baustelle#Haupt"/>
    </Opinions>
    <text>@SBahnBerlin 3 Wochen Baustelle.</text>
  </Document>
  <Document id="635426567548706816">
    <relevance>true</relevance>
    <sentiment>neutral</sentiment>
    <Opinions/>
    <text>Liebe @DB_Bahn die Ansage in Bottrop HbF verkündet in Dauerschleife das Ausfallen eines Zuges der vor zwei Stunden fuhr. #infotweet #bahn</text>
  </Document>
  <Document id="1079060738596093953">
    <relevance>false</relevance>
    <sentiment>neutral</sentiment>
    <Opinions/>
    <text>@ralf_jack 😂 genau - wird jeder beliebige Onkel eines Nachbarn bestätigen, der auch schon mal an einer Baustelle vorbeigelaufen ist und weiß: die haben alle keine Ahnung!</text>
  </Document>
  <Document id="688269445316251649">
    <relevance>true</relevance>
    <sentiment>neutral</sentiment>
    <text>Nürnberg Hbf: Aufzug zu Gleis 12/13 has changed state from ACTIVE to UNKNOWN</text>
    <Opinions>
      <Opinion category="Lift#Availability" from="14" to="20" target="Aufzug" polarity="neutral" category_de="Aufzug#Betrieb"/>
    </Opinions>
  </Document>
  <Document id="1039741295974141952">
    <relevance>true</relevance>
    <sentiment>negative</sentiment>
    <Opinions>
      <Opinion category="Escalator#Availability" polarity="negative" from="53" to="63" target="Rolltreppe" category_de="Rolltreppe#Betrieb"/>
      <Opinion category="Escalator#Availability" polarity="negative" from="166" to="176" target="Rolltreppe" category_de="Rolltreppe#Betrieb"/>
    </Opinions>
    <text>@BVG_Ubahn Guten morgen, bitte die aufwärts führende Rolltreppe Ausgang Am Nordgraben im U-Bahnhof Rathaus Reinickendorf wieder in Betrieb nehmen lassen, danke 😉 Die Rolltreppe ist seit gestern früh außer Betrieb 😣</text>
  </Document>
  <Document id="672064852253392897">
    <relevance>true</relevance>
    <sentiment>negative</sentiment>
    <Opinions>
      <Opinion category="Escalator#Availability" polarity="negative" from="37" to="48" target="Rolltreppen" category_de="Rolltreppe#Betrieb"/>
    </Opinions>
    <text>@zischek Für Tram/Bus brauchts keine Rolltreppen. Bei Zug und S-Bahn sind sie  zu kurz. Uns fehlt die Übung! Oder das Überrannt-Werden...</text>
  </Document>
  <Document id="633750685939425281">
    <relevance>true</relevance>
    <sentiment>negative</sentiment>
    <Opinions>
      <Opinion category="InfoAcoustic#Availability" polarity="negative" from="45" to="54" target="durchsage" category_de="Infodurchsage#Betrieb"/>
    </Opinions>
    <text>... weil die nicht mal meinen sie müssten ne durchsage machen dass boarding is und sitzen 6 Stunden am flughafen völlig verzweifelt...</text>
  </Document>
  <Document id="1085190086981869568">
    <relevance>false</relevance>
    <sentiment>neutral</sentiment>
    <Opinions/>
    <text>Was ist wichtiger auf einer Baustelle als die Sicherheit? Richtig: Nix! Darum hört die Worte von... https://t.co/TeYtvCKfSl</text>
  </Document>
  <Document id="683224773703413760">
    <relevance>true</relevance>
    <sentiment>neutral</sentiment>
    <Opinions>
      <Opinion category="Lift#Availability" polarity="positive" from="34" to="40" target="Aufzug" category_de="Aufzug#Betrieb"/>
      <Opinion category="Lift#Availability" polarity="negative" from="65" to="77" target="Schrägaufzug" category_de="Aufzug#Betrieb"/>
    </Opinions>
    <text>U &quot;Schweizer Platz&quot;: Erster neuer Aufzug in Betrieb, Arbeiten am Schrägaufzug laufen noch. Mehr: https://t.co/VauyGKPXDH *bec.</text>
  </Document>
  <Document id="978714475044966401">
    <relevance>false</relevance>
    <sentiment>neutral</sentiment>
    <Opinions/>
    <text>@_RunningGag_ Ich habe gerade so &quot;Alarm für Cobra 11&quot;-Vorstellungen im Kopf. Massenkarambolage, ein Auto nutzt seinen Vordermann als Rampe und hebt ab, dabei fliegt ein Bibliotheksausweis durch die zersplitterte Heckscheibe. Frag ihn, ob's so war. 😃</text>
  </Document>
  <Document id="606452379555381248">
    <relevance>true</relevance>
    <sentiment>negative</sentiment>
    <Opinions>
      <Opinion category="InfoDisplay#BarrierOthers" polarity="negative" from="58" to="70" target="Anzeigetafel" category_de="Infoanzeige#Sonstiges_Barriere"/>
    </Opinions>
    <text>&quot;Fährt die U-Bahn wirklich zum Hauptbahnhof?&quot;  &quot;Nein, die Anzeigetafel möchte die Menschen absichtlich verwirren.&quot;</text>
  </Document>
  <Document id="631196555119300608">
    <relevance>true</relevance>
    <sentiment>neutral</sentiment>
    <Opinions/>
    <text>Ich feier die bahnansage von der bahn~ @StrongiStrongs</text>
  </Document>
  <Document id="1370522087367057409">
    <relevance>false</relevance>
    <sentiment>neutral</sentiment>
    <Opinions/>
    <text>@LuisenstadtFoto @P4F_Leipzig @Modelamong @NABU_Leipzig @OmasForFuture @XRLeipzig @BUND_Leipzig Da fiel wohl manche Arbeitskraft und einiges Material vom LKW, was eigentlich zur Großbaustelle Berlin 1987 sollte ;)</text>
  </Document>
  <Document id="911273451217965057">
    <relevance>true</relevance>
    <sentiment>neutral</sentiment>
    <Opinions/>
    <text>@nedfuller U-Bahn HH-Straße, Richtung HH Meile, links neben der Brückenrampe ist das &quot;Up&quot;, da müsste es Bier geben.</text>
  </Document>
  <Document id="967736228236980224">
    <relevance>true</relevance>
    <sentiment>neutral</sentiment>
    <Opinions/>
    <text>@Dirk176 @DianasBuchwelt @techniker67 @TorstenScheer @fcmmicha @KerstineKi @LennartBirth @KEMOffiziell @wortwicht @RaReiHE @haufic17 @Tombolamusikant @ersatzbank @xian_md @Nur_der_FCM @Rodensleber @ROstfriese @trampeltoni @tinaritter05 Ick bin sogar so entspannt am 25.03...ick könnte schon ab 6 Uhr auf'n Kaffee bei MäcBlöd auf'n HBF auf euch alle warten 🤓</text>
  </Document>
  <Document id="1373019215402262533">
    <relevance>false</relevance>
    <sentiment>neutral</sentiment>
    <Opinions/>
    <text>@Monableibt Oder am Kröpcke mit der Rolltreppe spazieren fahren.</text>
  </Document>
  <Document id="1355519769689120772">
    <relevance>false</relevance>
    <sentiment>neutral</sentiment>
    <Opinions/>
    <text>@rotweissetrikot Der Blick des Fans im Stadion, wenn es auf der Anzeigetafel aufleuchtet.</text>
  </Document>
  <Document id="620112306513539072">
    <relevance>true</relevance>
    <sentiment>neutral</sentiment>
    <Opinions/>
    <text>Im RE nach HY: Autom. Ansage des nächsten Bhf, Schaffner kommt vorbei: &quot;So ein Schnattersack, nimmt uns die ganze #Arbeit weg!&quot; #DB</text>
  </Document>
  <Document id="1078864069061427200">
    <relevance>false</relevance>
    <sentiment>neutral</sentiment>
    <Opinions/>
    <text>Rechtswähler auf der Baustelle</text>
  </Document>
  <Document id="1003778066395684865">
    <relevance>true</relevance>
    <sentiment>negative</sentiment>
    <Opinions>
      <Opinion category="Lift#Availability" polarity="negative" from="151" to="158" target="Aufzüge" category_de="Aufzug#Betrieb"/>
      <Opinion category="Escalator#Availability" polarity="negative" from="160" to="171" target="Rolltreppen" category_de="Rolltreppe#Betrieb"/>
    </Opinions>
    <text>Und ihr glaubt nach #Hamburgairport doch nicht, daß bei #BER oder #S21 nach der kleinsten Störung noch irgendetwas funktionieren wird! Schon gar keine Aufzüge, Rolltreppen oder Rauchverzehrer. #ham</text>
  </Document>
  <Document id="604665621943590912">
    <relevance>true</relevance>
    <sentiment>neutral</sentiment>
    <Opinions/>
    <text>@raulde 😂 Den Rollstuhl hast Du Dir doch nur besorgt, damit Du umsonst Bahn fahren kannst 😈 // @kiewaeldchen</text>
  </Document>
  <Document id="643695121037402113">
    <relevance>true</relevance>
    <sentiment>neutral</sentiment>
    <Opinions/>
    <text>Super Fußgängerampel 👎😤 7 s grün Straße massiv uneben+Gleis  entweder renn und stolper oder guck nach unten und komm erst bei rot drüben an</text>
  </Document>
  <Document id="629332101993734144">
    <relevance>true</relevance>
    <sentiment>neutral</sentiment>
    <Opinions/>
    <text>@regio_nrw / Blinde Kuh 🐮 zum Ferienende?</text>
  </Document>
  <Document id="1007156445299859456">
    <relevance>true</relevance>
    <sentiment>negative</sentiment>
    <Opinions>
      <Opinion category="Escalator#Availability" polarity="negative" from="99" to="110" target="Rolltreppen" category_de="Rolltreppe#Betrieb"/>
    </Opinions>
    <text>@abendblatt Tja und die @SBahnHamburg verspricht viel und hält wenig.  S Bahn Reeperbahn seit März Rolltreppen defekt. Reparaturen werden seit Monaten verschoben Neuer Boden der aussieht wie Dreck.  @SBahnHamburg bekommt die nicht sauber. https://t.co/HBYUHu7PRn</text>
  </Document>
  <Document id="698573463938822148">
    <relevance>true</relevance>
    <sentiment>negative</sentiment>
    <Opinions>
      <Opinion category="Lighting#Availability" polarity="negative" from="41" to="52" target="Beleuchtung" category_de="Beleuchtung#Betrieb"/>
    </Opinions>
    <text>@DB_Bahn Danke! Zumindest die kaputte(?) Beleuchtung ist ja am Bahnhofsgebäude angebracht - das gehört bestimmt zur DB.</text>
  </Document>
  <Document id="683414554362122240">
    <relevance>true</relevance>
    <sentiment>neutral</sentiment>
    <Opinions/>
    <text>@MissesVlog Aso U-Bahn, ich dachte es wäre die nächste Rolltreppe zum nobelsten Club :D Wäre mal ein Service haha Dann mal Prost ;)</text>
  </Document>
  <Document id="1072154525245628416">
    <relevance>true</relevance>
    <sentiment>positive</sentiment>
    <Opinions>
      <Opinion category="Lift#Availability" polarity="positive" from="54" to="60" target="Aufzug" category_de="Aufzug#Betrieb"/>
    </Opinions>
    <text>Seit heute können Reisende am Bahnhof Zittau auch per Aufzug von einem Gleis zum anderen gelangen - und damit über ein Jahr später als geplant. https://t.co/gevEMPsFuW</text>
  </Document>
  <Document id="1371881268586156034">
    <relevance>true</relevance>
    <sentiment>neutral</sentiment>
    <Opinions/>
    <text>hab ne phobie vor bahn, zug und aufzug übergängen</text>
  </Document>
  <Document id="628177469313576960">
    <relevance>true</relevance>
    <sentiment>neutral</sentiment>
    <Opinions/>
    <text>Auf einen Klick zu @ZEITjUNG? Die haben sich ihr Best-of @BahnAnsagen zusammengestellt, und zwar hier: http://t.co/soHSyRicSn #Bahn #Ansagen</text>
  </Document>
  <Document id="636441706720808960">
    <relevance>true</relevance>
    <sentiment>neutral</sentiment>
    <Opinions/>
    <text>Unsere neue Schulklingel klingt wie auf dem Bhf.Als würde danach direkt ne Ansage kommen like:'RE346 nach Dresden heute von Gleis 2' lol</text>
  </Document>
  <Document id="1032682241401466882">
    <relevance>true</relevance>
    <sentiment>neutral</sentiment>
    <Opinions/>
    <text>Die Menschen im neuen Arbeitsgebäude sind alle sehr höflich, im Aufzug wird gegrüßt und verabschiedet. Eben im Aufzug der S Bahn Haltestelle automatisch Tschüss gesagt. Ich nehme an der Mitfahren denkt jetzt ich wolle ihn heiraten, oder Sex,oder beides.</text>
  </Document>
  <Document id="1362740463086764043">
    <relevance>false</relevance>
    <sentiment>neutral</sentiment>
    <Opinions/>
    <text>Die Leute verlernen anscheinend wie man normal stufen geht, sobald die Rolltreppe nicht mehr geht</text>
  </Document>
  <Document id="1371578968739045378">
    <relevance>true</relevance>
    <sentiment>neutral</sentiment>
    <Opinions/>
    <text>@DB_Bahn &quot;langsamer als ein Aufzug&quot; ist aber nur richtig, bis man am Berliner Hbf in den Aufzug steigt😂</text>
  </Document>
  <Document id="1360726993009061892">
    <relevance>false</relevance>
    <sentiment>neutral</sentiment>
    <Opinions/>
    <text>@_Hemmschuh @zugkatze @gruenversiffter @K1ngdaKa88 @cycletux Du bekommst ab jetzt jedes Mal ein Bild von nem Schild oder ner Anzeigetafel, wenn ich da bin</text>
  </Document>
  <Document id="754665772635545600">
    <relevance>true</relevance>
    <sentiment>neutral</sentiment>
    <Opinions/>
    <text>Okay. Ich bin frustriert. Ich frag noch 3 Leute, dann fahr ich mit der Bahn nach Bonn. #trampen #hitchhiking</text>
  </Document>
  <Document id="1054405888201625600">
    <relevance>true</relevance>
    <sentiment>negative</sentiment>
    <Opinions>
      <Opinion category="Escalator#Availability" polarity="negative" from="55" to="65" target="Rolltreppe" category_de="Rolltreppe#Betrieb"/>
    </Opinions>
    <text>Unfassbar: Alkoholverbot und schon wieder eine kaputte Rolltreppe am Regensburger Hauptbahnhof https://t.co/6Hxpt60hIS</text>
  </Document>
  <Document id="1032634721480728576">
    <relevance>true</relevance>
    <sentiment>neutral</sentiment>
    <Opinions>
      <Opinion category="Lift#Tidiness" polarity="neutral" from="28" to="41" target="U-Bahn-Aufzug" category_de="Aufzug#Atmosphaere"/>
    </Opinions>
    <text>Woran erkennt man, dass der U-Bahn-Aufzug gereinigt wurde? - Es riecht nach Klosteinen O.o</text>
  </Document>
  <Document id="1353608249396895749">
    <relevance>true</relevance>
    <sentiment>neutral</sentiment>
    <Opinions/>
    <text>@tabacha @HVVStoerungen @GRUENE_Hamburg Erste Gelegenheit schon verpennt: Mit Baustelle war #B73 schon 1-spurig f KFZ. Hatte sich f Monate gut eingespielt. Hätte gleich 1 Fahrspur für #Radverkehr komplett geöffnet werden können. (nicht mein erster Tweet mit dieser Idee) cc @BAHarburg @spdhh @SPDHHHarburg @GSchittek</text>
  </Document>
  <Document id="707496036885921792">
    <relevance>true</relevance>
    <sentiment>positive</sentiment>
    <Opinions>
      <Opinion category="InfoDisplay#Avaiability" polarity="positive" from="41" to="54" target="Anzeigetafeln" category_de="Infoanzeige#Betrieb"/>
    </Opinions>
    <text>Leipziger Hauptbahnhof erhält erweiterte Anzeigetafeln https://t.co/YnFjmPhLWl #leipzig #mephisto</text>
  </Document>
  <Document id="672071739820679168">
    <relevance>true</relevance>
    <sentiment>negative</sentiment>
    <Opinions>
      <Opinion category="InfoDisplay#Avaiability" polarity="negative" from="8" to="21" target="Anzeigetafeln" category_de="Infoanzeige#Betrieb"/>
    </Opinions>
    <text>Bei den Anzeigetafeln am Flughafen Nürnberg gibt es noch Verbesserungsmöglichkeiten... Danke für ein tolles #fwk15 https://t.co/KlPihPnfo6</text>
  </Document>
  <Document id="1355797651409805319">
    <relevance>false</relevance>
    <sentiment>neutral</sentiment>
    <Opinions/>
    <text>Diese Anzeigetafel vergisst man wohl nie!</text>
  </Document>
  <Document id="675708712468783104">
    <relevance>false</relevance>
    <sentiment>neutral</sentiment>
    <Opinions/>
    <text>Unfall in Aschaffenburg - Frau stürzt mit Einkaufswagen in Aufzugschacht</text>
  </Document>
  <Document id="694778119480315904">
    <relevance>true</relevance>
    <sentiment>neutral</sentiment>
    <Opinions/>
    <text>RT @lucagallo: @DB_Bahn Warum werden Ausfälle der #rb48 von #nationalexpress nicht im DB Navigator angezeigt? Die Anzeigetafel am Bahnsteig…</text>
  </Document>
  <Document id="616113993527242752">
    <relevance>true</relevance>
    <sentiment>neutral</sentiment>
    <Opinions/>
    <text>Ich freue mich einfach so sehr auf Berlin. Meine liebsten Menschen, die Stadtrandlichter, die S-Bahn Durchsagen. Einfach alles.</text>
  </Document>
  <Document id="677940519499116544">
    <relevance>true</relevance>
    <sentiment>negative</sentiment>
    <Opinions>
      <Opinion category="Escalator#Availability" polarity="negative" from="49" to="59" target="Rolltreppe" category_de="Rolltreppe#Betrieb"/>
    </Opinions>
    <text>#weilwirdichlieben weil an 365 Tagen im Jahr die Rolltreppe an der U/S Neukölln nicht funktioniert [LE]</text>
  </Document>
  <Document id="617932548862296064">
    <relevance>true</relevance>
    <sentiment>negative</sentiment>
    <Opinions>
      <Opinion category="InfoAcoustic#Availability" polarity="negative" from="64" to="70" target="Ansage" category_de="Infodurchsage#Betrieb"/>
    </Opinions>
    <text>@DB_Bahn gibt es ein Update zu ICE 944 vom Berlin Ostbhf? Keine Ansage auf dem Bahnsteig nur der nächste Zug kommt nun?</text>
  </Document>
  <Document id="618842862654988288">
    <relevance>true</relevance>
    <sentiment>neutral</sentiment>
    <Opinions/>
    <text>Ich habe grade fast einen Spagat an der Rolltreppe der U-Bahn Station gemacht, das war peinlich.</text>
  </Document>
  <Document id="1372805166483836928">
    <relevance>false</relevance>
    <sentiment>neutral</sentiment>
    <Opinions/>
    <text>Komme in der Firma an, Treppe frisch gestrichen soll nicht benutzt werden am Aufzug steht defekt - geh ich halt wieder und suchte Serien 🤷‍♀️</text>
  </Document>
  <Document id="1022490870732476416">
    <relevance>true</relevance>
    <sentiment>neutral</sentiment>
    <Opinions/>
    <text>@forschungstorte Ich rege mich im Pott nur auf, in zu engen ubahn gleisen Personen die auf handy starren, Rolltreppen mittig stehend etc …</text>
  </Document>
  <Document id="688473942567288832">
    <relevance>true</relevance>
    <sentiment>neutral</sentiment>
    <Opinions/>
    <text>Die 85 von der Uni zum Hauptbahnhof ist gerade vergleichbar mit dem Saufzug bei How I met your mother.</text>
  </Document>
  <Document id="720195959926472704">
    <relevance>true</relevance>
    <sentiment>negative</sentiment>
    <Opinions>
      <Opinion category="Escalator#Availability" polarity="negative" from="28" to="51" target="Rolltreppen-Technologie" category_de="Rolltreppe#Betrieb"/>
    </Opinions>
    <text>Man sollte meinen, dass die Rolltreppen-Technologie mittlerweile beherrschbar ist. Eine Ausnahme: der Hbf #Potsdam https://t.co/6LENMnnnKu</text>
  </Document>
  <Document id="620597655287152644">
    <relevance>true</relevance>
    <sentiment>neutral</sentiment>
    <Opinions/>
    <text>@AngryCowNinja Ansagen bei der Bahn waren schon immer ein Ding für sich xD</text>
  </Document>
  <Document id="1370017499375357952">
    <relevance>false</relevance>
    <sentiment>neutral</sentiment>
    <Opinions/>
    <text>Ich habe heute geträumt ich konnte auf einer Anzeigetafel den Puls von jedem Menschen sehen..  Leute ihr solltet echt ein wenig auf eure Gesundheit achten 👀 🙈</text>
  </Document>
  <Document id="670643655003254784">
    <relevance>false</relevance>
    <sentiment>neutral</sentiment>
    <Opinions/>
    <text>Nicht für die Bühne gemacht sein, wenn man beim Überqueren der Straße im gleißenden Licht der Fußgängerampel Lampenfieber bekommt.</text>
  </Document>
  <Document id="635173583359225856">
    <relevance>false</relevance>
    <sentiment>neutral</sentiment>
    <Opinions/>
    <text>@SZ Auch blinde Hühner finden mal Körner. Die nächste Abreibung wartet schon auf die Hanseaten. Vielleicht gleich am nächsten Spieltag ... 😁</text>
  </Document>
  <Document id="1354776154834694149">
    <relevance>false</relevance>
    <sentiment>neutral</sentiment>
    <Opinions/>
    <text>@BHNNKMP Habe es - dummerweise wieder mit FFP2 - geschafft, sowohl runter als auch hoch wieder zu kommen. Allerdings oben dann kurz vor dem Umfallen.   Der ist sicher nur ein paar Stunden down. Nicht mehr der jüngste Aufzug.</text>
  </Document>
  <Document id="646059573460271104">
    <relevance>false</relevance>
    <sentiment>neutral</sentiment>
    <Opinions/>
    <text>@consertum Aber keine Rolltreppe für ihn. 😉 Eine gute Idee, der #BER als Altenheim für alle Verantwortlichen. So wie er jetzt ist!</text>
  </Document>
  <Document id="604751571092676608">
    <relevance>true</relevance>
    <sentiment>neutral</sentiment>
    <Opinions/>
    <text>“Aber egal wie Assi man ist, die Ansage sagt immer noch sehr geehrte Fahrgäste. Das find ich schön” - Geschichten aus der U-Bahn</text>
  </Document>
  <Document id="789186981196468224">
    <relevance>true</relevance>
    <sentiment>negative</sentiment>
    <Opinions>
      <Opinion category="Lighting#Availability" polarity="negative" from="0" to="8" target="Blackout" category_de="Beleuchtung#Betrieb"/>
      <Opinion category="Lighting#Availability" polarity="negative" from="31" to="45" target="Notbeleuchtung" category_de="Beleuchtung#Betrieb"/>
    </Opinions>
    <text>Blackout im ICE kurz vor Köln. Notbeleuchtung. Batterie-Reset. Stillstand auf offener #Bahn-Strecke. Mal was Neues. https://t.co/mmCculmRTP</text>
  </Document>
  <Document id="748473301186543620">
    <relevance>false</relevance>
    <sentiment>neutral</sentiment>
    <Opinions/>
    <text>@tagesspiegel Geht doch! Danke für euren Beitrag gestern #unsereRolltreppe https://t.co/YPfBJHB2iA</text>
  </Document>
  <Document id="667469130375761920">
    <relevance>true</relevance>
    <sentiment>negative</sentiment>
    <Opinions>
      <Opinion category="InfoDisplay#BarrierOthers" polarity="negative" from="42" to="59" target="Bahn.Anzeigetafel" category_de="Infoanzeige#Sonstiges_Barriere"/>
    </Opinions>
    <text>Bahn kam doch.Verstehe einer die Deutsche Bahn.Anzeigetafel sagt Zug fällt aus.Bahn APP genau das selbe.Hauptsache Dosenbier im der Hand.</text>
  </Document>
  <Document id="801820997166960640">
    <relevance>true</relevance>
    <sentiment>negative</sentiment>
    <Opinions>
      <Opinion category="Lighting#Availability" polarity="negative" from="81" to="101" target="Bahnsteigbeleuchtung" category_de="Beleuchtung#Betrieb"/>
    </Opinions>
    <text>#RE8,#RB27 Züge halten zum Beleuchten etwas länger in #Bad #Honnef 🕯 Grund: Die #Bahnsteigbeleuchtung ist ausgefallen.</text>
  </Document>
  <Document id="650710055344545792">
    <relevance>true</relevance>
    <sentiment>neutral</sentiment>
    <Opinions/>
    <text>Wie du in den S-Bahn-Aufzug hineinrufst, so schallt es heraus.</text>
  </Document>
  <Document id="683384351606702080">
    <relevance>false</relevance>
    <sentiment>neutral</sentiment>
    <Opinions/>
    <text>FEUERWEHREINSATZ IL 02.01 20:27 FW Rum - Aufzugstop  Person in Notlage - 6063 Rum:</text>
  </Document>
  <Document id="638992956008046593">
    <relevance>true</relevance>
    <sentiment>negative</sentiment>
    <Opinions>
      <Opinion category="InfoAcoustic#Availability" polarity="negative" from="13" to="19" target="Ansage" category_de="Infodurchsage#Betrieb"/>
    </Opinions>
    <text>Automatische Ansage in der Bahn : &quot;Wir erreichen Sedlitz Ost Komma Anschlusstext.&quot;</text>
  </Document>
  <Document id="742311624040689665">
    <relevance>true</relevance>
    <sentiment>neutral</sentiment>
    <Opinions/>
    <text>Die Stadt verschmutzt mit der Rathausbaustelle vor ihren Fenstern auf 200m die Straße mit Schlamm und Lehmbrocken. Sog. &quot;Bauaufsicht&quot;. #S21</text>
  </Document>
  <Document id="614749413232263168">
    <relevance>true</relevance>
    <sentiment>negative</sentiment>
    <Opinions>
      <Opinion category="InfoAcoustic#Availability" polarity="negative" from="67" to="77" target="Durchsagen" category_de="Infodurchsage#Betrieb"/>
    </Opinions>
    <text>Bei der #Bahn geht gar nichts mehr. Stehen in Altenessen und keine Durchsagen. Perfekt organisiert. #RiL</text>
  </Document>
  <Document id="989153507545665537">
    <relevance>true</relevance>
    <sentiment>neutral</sentiment>
    <Opinions/>
    <text>RT @doppelgrau: @Wetter_Muelheim @TramViaMuelheim @adfc_ob_mh @Muelheim_Ruhr @WDR Wobei am HBF sicher darüber streiten kann, ob die Rampe a…</text>
  </Document>
  <Document id="1008666927475167232">
    <relevance>true</relevance>
    <sentiment>neutral</sentiment>
    <Opinions>
      <Opinion category="Escalator#Availability" polarity="neutral" from="42" to="52" target="Rolltreppe" category_de="Rolltreppe#Betrieb"/>
    </Opinions>
    <text>Im Bhf Lichtenberg wird seit 1 Woche eine Rolltreppe gebaut- immer mal so 1,5 Std. täglich (bei 8 Std. wäre es viel zu schnell fertig), gut, dass Adolf Hennecke und Frieda Hockauf das nicht mehr erleben müssen</text>
  </Document>
  <Document id="884901419328950272">
    <relevance>true</relevance>
    <sentiment>neutral</sentiment>
    <Opinions/>
    <text>Beleuchtung der Behelfbrücke - Lampen am Bad Godesberger Bahnhof brennen durchgehend #Bonn https://t.co/nufTmau1zV https://t.co/z5fUNOqzLx</text>
  </Document>
  <Document id="771401952936783872">
    <relevance>true</relevance>
    <sentiment>negative</sentiment>
    <Opinions>
      <Opinion category="Ramp#Availability" polarity="negative" from="29" to="34" target="Rampe" category_de="Rampe#Betrieb"/>
    </Opinions>
    <text>Was wirklich fehlt, ist eine Rampe beim bisherigen Bahnhof zur Industriestraße/ Jägerallee hin. Im Moment müssen... https://t.co/u4WVipe4Ce</text>
  </Document>
  <Document id="690123626008440833">
    <relevance>true</relevance>
    <sentiment>negative</sentiment>
    <Opinions>
      <Opinion category="Lift#Availability" polarity="negative" from="14" to="20" target="Aufzug" category_de="Aufzug#Betrieb"/>
    </Opinions>
    <text>Arnstadt Hbf, Aufzug zu Bstg 2/3 ist defekt.</text>
  </Document>
  <Document id="1006163676099948544">
    <relevance>true</relevance>
    <sentiment>negative</sentiment>
    <Opinions>
      <Opinion category="Lift#Availability" polarity="negative" from="32" to="40" target="Aufzügen" category_de="Aufzug#Betrieb"/>
      <Opinion category="Lift#Availability" polarity="negative" from="51" to="59" target="Aufzügen" category_de="Aufzug#Betrieb"/>
    </Opinions>
    <text>Ganz zu schweigen von fehlenden Aufzügen, defekten Aufzügen oder der irrwitzigen Annahme in 10 min mit dem Aufzug am Berlin Hbf vom ICE (unten) zum Regionalzug (oben) zu kommen. @DB_Bahn https://t.co/jmLBKuDpVe</text>
  </Document>
  <Document id="1357007063688314888">
    <relevance>true</relevance>
    <sentiment>neutral</sentiment>
    <Opinions/>
    <text>@HerrFriederich @Regio_NRW Fahr doch einfach nur Rolltreppe https://t.co/iW4yOc2uoO</text>
  </Document>
  <Document id="896451283682553856">
    <relevance>true</relevance>
    <sentiment>neutral</sentiment>
    <Opinions>
      <Opinion category="Ramp#Availability" polarity="neutral" from="138" to="143" target="Rampe" category_de="Rampe#Betrieb"/>
    </Opinions>
    <text>@Regio_NRW @swishfilet Anforderung des Zugbegleiters über den Rufknopf aus dem Mehrzweckabteil für die Ausstiegshilfe von Rollstühlen per Rampe...?</text>
  </Document>
  <Document id="1019233920234205184">
    <relevance>true</relevance>
    <sentiment>positive</sentiment>
    <Opinions>
      <Opinion category="Lift#Availability" polarity="positive" from="26" to="33" target="Aufzugs" category_de="Aufzug#Betrieb"/>
    </Opinions>
    <text>Rasche Instandsetzung des Aufzugs am S-Bahnhof Rosenheimer Platz https://t.co/OJOoydGRM4</text>
  </Document>
  <Document id="649150758424846336">
    <relevance>true</relevance>
    <sentiment>neutral</sentiment>
    <Opinions/>
    <text>Berlins längste Rolltreppe befindet sich am U Bahnhof Gesundbrunnen.   #infotweet</text>
  </Document>
  <Document id="616860420922589184">
    <relevance>true</relevance>
    <sentiment>neutral</sentiment>
    <Opinions/>
    <text>RT @Busfahrer_Andre: Das kann jeder Blinde lesen. Ständig diese Fragen, wohin ich fahre. Auch an der Endstelle. 😏 #BVG #weilwirdichlieben h…</text>
  </Document>
  <Document id="636262564469583872">
    <relevance>true</relevance>
    <sentiment>neutral</sentiment>
    <Opinions/>
    <text>jedes Mal, wenn im Bahnhof eine Durchsage gemacht wird, in der Köln erwähnt wird, bekomme ich plötzlich Gänsehaut. wow.</text>
  </Document>
  <Document id="779666950888751104">
    <relevance>true</relevance>
    <sentiment>neutral</sentiment>
    <Opinions/>
    <text>Vorhin nen zweiten kleinen Koffer gekauft und beschlossen ihn am Flughafen aufzugeben....15€ sind da noch ok 🙈</text>
  </Document>
  <Document id="1042686435256619009">
    <relevance>true</relevance>
    <sentiment>negative</sentiment>
    <Opinions>
      <Opinion category="Lift#Availability" polarity="negative" from="57" to="63" target="Aufzug" category_de="Aufzug#Betrieb"/>
      <Opinion category="Escalator#Availability" polarity="negative" from="68" to="78" target="Rolltreppe" category_de="Rolltreppe#Betrieb"/>
    </Opinions>
    <text>RT @alles_b: Hallo @DBBahn, am S-Bahnhof Schöneberg sind Aufzug und Rolltreppe kaputt und ich würds ja rasch selbst machen, kann aber gerad…</text>
  </Document>
  <Document id="1362733167417810952">
    <relevance>false</relevance>
    <sentiment>neutral</sentiment>
    <Opinions/>
    <text>1928 wurde es ein letztes Mal erweitert, z.B. mit der ersten elektrischen Rolltreppe der Stadt. Im selben Jahr starb Heynemann Freudenberg. Der Umbau trieb die Firma 1930 in den Konkurs, wahrscheinlich u.a., da in Zeiten der Wirtschaftskrise die Kaufkraft gesunken war.</text>
  </Document>
  <Document id="656812661259304960">
    <relevance>false</relevance>
    <sentiment>neutral</sentiment>
    <Opinions/>
    <text>Fraport #Job der Woche: Mechatroniker/Elektriker (m/w) für Aufzugs- und Fahranlagentechnik. Bewerbung unter: https://t.co/VYc41s4omy</text>
  </Document>
  <Document id="710843130615078913">
    <relevance>true</relevance>
    <sentiment>neutral</sentiment>
    <Opinions/>
    <text>RT @DerSchwenki: @DirkKrampe Im Gegenzug stellt Flughafen sicher, dass #rolexkalle beim export teurer Uhren nicht mehr aufgehalten wird.</text>
  </Document>
  <Document id="986589905802481665">
    <relevance>true</relevance>
    <sentiment>neutral</sentiment>
    <Opinions/>
    <text>Ich lese Belltower News Artikel in bahn und mein trans binäres*+ Kind (3,75) sagt dann &quot;Afd ist scheisse&quot;. Ich war so Stolz, dass ich geweint habe. Alle haben geklatscht. Ein typ im Rollstuhl konnte wieder laufen.</text>
  </Document>
  <Document id="921198117961248769">
    <relevance>true</relevance>
    <sentiment>neutral</sentiment>
    <Opinions/>
    <text>@Polizei_Ffm Schade das der Hbf ffm durch kriminelle verschmutzt wird. Dieser tolle Hbf hat es nicht verdient so behandelt zu werden.</text>
  </Document>
  <Document id="763651114042548224">
    <relevance>true</relevance>
    <sentiment>negative</sentiment>
    <Opinions>
      <Opinion category="InfoDisplay#BarrierOthers" polarity="negative" from="54" to="66" target="Anzeigetafel" category_de="Infoanzeige#Sonstiges_Barriere"/>
    </Opinions>
    <text>In Dortmund #Dorstfeld ist an der Wittener Straße die Anzeigetafel der Haltestelle mit 'Anti-Antifa'-Aufklebern beklebt worden. #nonazisdo</text>
  </Document>
  <Document id="1079087131161587715">
    <relevance>false</relevance>
    <sentiment>neutral</sentiment>
    <Opinions/>
    <text>Ich mag das @YouTube-Video: https://t.co/xI6R6FpdnX CATERPILLAR 345D KOMATSU BAGGER ABBRUCH EINER BRÜCKE BAUSTELLE CCH HAMBURG</text>
  </Document>
  <Document id="839172522264379392">
    <relevance>true</relevance>
    <sentiment>neutral</sentiment>
    <Opinions>
      <Opinion category="ConstructionSite#Main" polarity="neutral" from="81" to="92" target="Bauarbeiten" category_de="Baustelle#Haupt"/>
    </Opinions>
    <text>Ich mag das @YouTube-Video von @drgraveurre: https://t.co/MJVdKLuQou Velbert ZOB Bauarbeiten in Rising World 2017 Straßenbeleuchtung</text>
  </Document>
  <Document id="796662813670408192">
    <relevance>true</relevance>
    <sentiment>negative</sentiment>
    <Opinions>
      <Opinion category="Info#Barrier_Others" polarity="negative" from="119" to="122" target="App" category_de="Info_Sonstiges#Sonstiges_Barriere"/>
      <Opinion category="InfoDisplay#BarrierOthers" polarity="negative" from="123" to="136" target="Anzeigetafeln" category_de="Infoanzeige#Sonstiges_Barriere"/>
    </Opinions>
    <text>@SWBBusundBahn wollte am HBF 606 ri Ramersd um 10:20 nehmen-die kam dann 10 Min später zusamm. mit 607. Keine Infos in App&amp;Anzeigetafeln 😒</text>
  </Document>
  <Document id="993820328018268160">
    <relevance>true</relevance>
    <sentiment>neutral</sentiment>
    <Opinions>
      <Opinion category="BarrierOthers#Main" polarity="neutral" from="209" to="224" target="Ersatzrollstuhl" category_de="Sonstiges_Barriere#Haupt"/>
    </Opinions>
    <text>@Lufthansa_DE Eine letzte Frage, liebe @Lufthansa_DE: sehe ich es richtig, dass ich in FRA den Self Bag Drop Automaten nutzen kann und meinen Rollstuhl (nicht faltbar) erst am Gate abgeben muss und dort einen Ersatzrollstuhl erhalte?</text>
  </Document>
  <Document id="698410182817226752">
    <relevance>true</relevance>
    <sentiment>negative</sentiment>
    <Opinions>
      <Opinion category="Lift#Availability" polarity="negative" from="64" to="70" target="Aufzug" category_de="Aufzug#Betrieb"/>
    </Opinions>
    <text>RT @Hosenmatz82: Das kommt davon, wenn es es in der Bahn keinen Aufzug gibt  #keinfahrstuhlbild https://t.co/hMOcbDn2Vp</text>
  </Document>
  <Document id="697483270129373184">
    <relevance>true</relevance>
    <sentiment>negative</sentiment>
    <Opinions>
      <Opinion category="Escalator#Availability" polarity="negative" from="12" to="22" target="Rolltreppe" category_de="Rolltreppe#Betrieb"/>
    </Opinions>
    <text>Gibt es die Rolltreppe am Bhf Neukölln eigentlich auch in funktionsfähig?  @SBahnBerlin #sameshitdifferentday</text>
  </Document>
  <Document id="1366449950817726465">
    <relevance>false</relevance>
    <sentiment>neutral</sentiment>
    <Opinions/>
    <text>Alle reden vom sozialen Aufstieg aber was ist mit dem sozialen Abstieg.. vom 4. OG ohne Aufzug direkt ins Hochparterre rein 🤤</text>
  </Document>
  <Document id="623751699178618880">
    <relevance>true</relevance>
    <sentiment>negative</sentiment>
    <Opinions>
      <Opinion category="Escalator#Availability" polarity="negative" from="47" to="57" target="Rolltreppe" category_de="Rolltreppe#Betrieb"/>
    </Opinions>
    <text>@DB_Info @Regio_NRW Ich werde #Hellseher. Die #Rolltreppe am #wehrhahn #düsseldorf hat exakt 1 Tag gehalten. http://t.co/ayKN7G1PpI</text>
  </Document>
  <Document id="725929662237446145">
    <relevance>true</relevance>
    <sentiment>negative</sentiment>
    <Opinions>
      <Opinion category="Escalator#Availability" polarity="negative" from="84" to="95" target="Rolltreppen" category_de="Rolltreppe#Betrieb"/>
    </Opinions>
    <text>Natoll. Ich hab' die SBahn doch mit bekommen. Jetzt muss ich doch zu Sport. Und die Rolltreppen wollen heute auch alle Streiken ?</text>
  </Document>
  <Document id="635407321787682816">
    <relevance>false</relevance>
    <sentiment>neutral</sentiment>
    <Opinions/>
    <text>RT @welt: Heidenau (Sachsen): Wo sich blindwütiger Hass freie Bahn bricht http://t.co/VH56DnZN55 http://t.co/OBAUQ5Uo8O</text>
  </Document>
  <Document id="677894768177868803">
    <relevance>false</relevance>
    <sentiment>neutral</sentiment>
    <Opinions/>
    <text>Nicht immer wenn die Rolltreppe stoppt, ist es ein technischer Fehler. Also aufpassen auf Taschendiebe! Augen... https://t.co/XaxC4rUNcP</text>
  </Document>
  <Document id="620626150851768320">
    <relevance>true</relevance>
    <sentiment>neutral</sentiment>
    <Opinions/>
    <text>Waahh, wieso kommt die Ansage zur Verspätung der Ringbahn erst nachdem alle anderen Züge, die man hätte nehmen können, durch sind? #sbahn</text>
  </Document>
  <Document id="637549246930141184">
    <relevance>false</relevance>
    <sentiment>neutral</sentiment>
    <Opinions/>
    <text>RT @EinAugenschmaus: @savange99 Es gibt auch eine Rampe zur Unterführung, die hat man aber soviel ich weiß, auch im Zuge der Bauarbeiten zu…</text>
  </Document>
  <Document id="999642833949732864">
    <relevance>true</relevance>
    <sentiment>neutral</sentiment>
    <Opinions/>
    <text>@Flixbus fahren Ihre Busse immer bei Rot? Man sieht die Fußgängerampel auf Grün springen, als der Bus seinerseits über Rot fuhr und damit die Sicht auf entgegenkommende Radler versperrte. Das hätte hinterm Bus auch anders ausgehen können. Erlebe ich hier regelmäßig. https://t.co/DgRcIhapAE</text>
  </Document>
  <Document id="686572063990112256">
    <relevance>true</relevance>
    <sentiment>negative</sentiment>
    <Opinions>
      <Opinion category="Escalator#Availability" polarity="negative" from="29" to="39" target="Rolltreppe" category_de="Rolltreppe#Betrieb"/>
    </Opinions>
    <text>@SBahnBerlin schön, dass die Rolltreppe in #Rostkreuz am S3 Gleis mal wieder wegen wetterbedingten Signalstörungen defekt zu sein scheint.</text>
  </Document>
  <Document id="753570913468178432">
    <relevance>true</relevance>
    <sentiment>negative</sentiment>
    <Opinions>
      <Opinion category="InfoDisplay#BarrierOthers" polarity="negative" from="55" to="67" target="Anzeigetafel" category_de="Infoanzeige#Sonstiges_Barriere"/>
    </Opinions>
    <text>@BVG_Tram  Ich steh hier am Rosenthaler Platz und laut Anzeigetafel wurde der SEV für die M8 auf heute vorverlegt. Weiß der SEV das auch?</text>
  </Document>
  <Document id="1362868104108404738">
    <relevance>false</relevance>
    <sentiment>neutral</sentiment>
    <Opinions/>
    <text>@englisch98 Mit Aufzug?</text>
  </Document>
  <Document id="1373258840330895361">
    <relevance>true</relevance>
    <sentiment>positive</sentiment>
    <Opinions>
      <Opinion category="Lift#Availability" polarity="positive" from="70" to="76" target="Aufzug" category_de="Aufzug#Betrieb"/>
    </Opinions>
    <text>#WSW_Schwebebahn; #WSW_Linie60 An der Haltestelle Alter Markt ist der Aufzug in Richtung Vohwinkel wieder in Betrieb. 20.03.21 14:03</text>
  </Document>
  <Document id="629663496368717824">
    <relevance>true</relevance>
    <sentiment>neutral</sentiment>
    <Opinions/>
    <text>Ich könnte schwören, dass der S-Bahn-Ansager gerade Jannoschwitzbrücke gesagt hat.</text>
  </Document>
  <Document id="903549528166584320">
    <relevance>true</relevance>
    <sentiment>neutral</sentiment>
    <Opinions>
      <Opinion category="Lighting#Availability" polarity="positive" from="92" to="103" target="Beleuchtung" category_de="Beleuchtung#Betrieb"/>
      <Opinion category="Lighting#Availability" polarity="negative" from="92" to="103" target="Beleuchtung" category_de="Beleuchtung#Betrieb"/>
    </Opinions>
    <text>@DB_Bahn viele Grüße aus Wagen 14 des IC2300, der seit Augsburg ohne Heizung unterwegs ist. Beleuchtung geht seit kurzem erst wieder.</text>
  </Document>
  <Document id="672689692530352128">
    <relevance>true</relevance>
    <sentiment>neutral</sentiment>
    <Opinions>
      <Opinion category="BarrierOthers#Main" polarity="neutral" from="37" to="83" target="Rollstuhlfahrer der gerne S-Bahn fahren möchte" category_de="Sonstiges_Barriere#Haupt"/>
    </Opinions>
    <text>@DB_Bahn Aber was macht denn nun ein Rollstuhlfahrer der gerne S-Bahn fahren möchte?</text>
  </Document>
  <Document id="1085444545419100160">
    <relevance>false</relevance>
    <sentiment>neutral</sentiment>
    <Opinions/>
    <text>Noch so ne Baustelle... https://t.co/0FRX5c1u3T</text>
  </Document>
  <Document id="679017363652526080">
    <relevance>true</relevance>
    <sentiment>negative</sentiment>
    <Opinions>
      <Opinion category="InfoDisplay#BarrierOthers" polarity="negative" from="15" to="27" target="Anzeigetafel" category_de="Infoanzeige#Sonstiges_Barriere"/>
    </Opinions>
    <text>#Bahn halbiert Anzeigetafel in #Eisenach, um Tafel im #Erfurt-er Hbf größer zu machen. https://t.co/rfm2wo9e0y https://t.co/01sn08Iec1</text>
  </Document>
  <Document id="763674222824714240">
    <relevance>true</relevance>
    <sentiment>negative</sentiment>
    <Opinions>
      <Opinion category="Lift#Availability" polarity="negative" from="77" to="84" target="Aufzugs" category_de="Aufzug#Betrieb"/>
    </Opinions>
    <text>Welche Genehmigungen vom Senat fehlen denn noch, @cjgaebler, für den Bau des Aufzugs am U-Bahnhof Bayerischer Platz? https://t.co/uXdmtpLm91</text>
  </Document>
  <Document id="1353342947174051844">
    <relevance>false</relevance>
    <sentiment>neutral</sentiment>
    <Opinions/>
    <text>Keine Tore nach dem ersten Drittel auf der Anzeigetafel in der Partie gegen die Grizzlys Wolfsburg. Das Drittelergebnis präsentiert Kutterfisch-Zentrale GmbH. #WIRsindBHV https://t.co/H6VnPwpYgW</text>
  </Document>
  <Document id="1085360954379063302">
    <relevance>false</relevance>
    <sentiment>neutral</sentiment>
    <Opinions/>
    <text>3 uhr morgens und ich denk darüber nach ob burhan rollstuhltricks auf skateboard bahn machen kann</text>
  </Document>
  <Document id="659641381258985473">
    <relevance>true</relevance>
    <sentiment>negative</sentiment>
    <Opinions>
      <Opinion category="Lift#Availability" polarity="negative" from="27" to="33" target="Aufzug" category_de="Aufzug#Betrieb"/>
      <Opinion category="Lift#Availability" polarity="negative" from="101" to="107" target="Aufzug" category_de="Aufzug#Betrieb"/>
    </Opinions>
    <text>Am Hauptbahnhof in Bottrop Aufzug steht seit Monaten still! https://t.co/sXNSI0xnwi   #Hauptbahnhof #Aufzug #Bottrop</text>
  </Document>
  <Document id="601808813050695680">
    <relevance>true</relevance>
    <sentiment>neutral</sentiment>
    <Opinions/>
    <text>@DB_Bahn der Schaffner aus dem #ICE727 ist sehr freundlich, witzig und toll! Und macht schöne Ansagen!</text>
  </Document>
  <Document id="607906196297793536">
    <relevance>true</relevance>
    <sentiment>neutral</sentiment>
    <Opinions/>
    <text>“Es sind organisierte Bettel-Gruppe im Bahnhof unterwegs, seien sie Vorsichtig” Durchsage Hbf FF/Main - gehts noch?</text>
  </Document>
  <Document id="648532439065866244">
    <relevance>true</relevance>
    <sentiment>negative</sentiment>
    <Opinions>
      <Opinion category="InfoDisplay#BarrierOthers" polarity="negative" from="70" to="82" target="Anzeigetafel" category_de="Infoanzeige#Sonstiges_Barriere"/>
    </Opinions>
    <text>@SWBBusundBahn wenn die defekte bahn dann um depot is kann jemand die Anzeigetafel danebenlegen...sie zeigt seit 20 min &quot;in 5 Min&quot; an....</text>
  </Document>
  <Document id="725607354302078976">
    <relevance>true</relevance>
    <sentiment>negative</sentiment>
    <text>Aschaffenburg Hbf: Aufzug zwischen Gleis 7/8 und Tunnel has changed state from ACTIVE to INACTIVE</text>
    <Opinions>
      <Opinion category="Lift#Availability" from="19" to="25" target="Aufzug" polarity="negative" category_de="Aufzug#Betrieb"/>
    </Opinions>
  </Document>
  <Document id="966652876629176320">
    <relevance>true</relevance>
    <sentiment>neutral</sentiment>
    <Opinions/>
    <text>@1A_Entrepreneur würd mit dir ~shredden~ gehn gleich da hinter bahnhof bei diese eine rampe mit der stange neben dran i sags wies is</text>
  </Document>
  <Document id="741591703749074944">
    <relevance>true</relevance>
    <sentiment>neutral</sentiment>
    <Opinions/>
    <text>Paris! Von hier müsste es noch gut eine Stunde sein, wenn denn gleich ein Zug fährt vom Nord-Bahnhof @DirkKrampe https://t.co/3AdFImmQNn</text>
  </Document>
  <Document id="983686379333914624">
    <relevance>true</relevance>
    <sentiment>negative</sentiment>
    <Opinions>
      <Opinion category="BarrierOthers#Main" polarity="negative" from="27" to="35" target="Nicht-WC" category_de="Sonstiges_Barriere#Haupt"/>
    </Opinions>
    <text>Bahnhof Tulln! Der Weg zum Nicht-WC ist gezählte 530 Schritte und endet hier! Auch für Rollstuhlfahrer! Danke ÖBB https://t.co/7NXV0fmQOC</text>
  </Document>
  <Document id="1015448063438180352">
    <relevance>true</relevance>
    <sentiment>negative</sentiment>
    <Opinions>
      <Opinion category="Escalator#Tidiness" polarity="negative" from="8" to="18" target="Rolltreppe" category_de="Rolltreppe#Atmosphaere"/>
    </Opinions>
    <text>Auf der Rolltreppe am #Hauptbahnhof Die Blutspuren der letzten Nacht #wtf #MUC #München @ München Hauptbahnhof https://t.co/dfSuqNIwyw</text>
  </Document>
  <Document id="1077616384719441921">
    <relevance>true</relevance>
    <sentiment>neutral</sentiment>
    <Opinions/>
    <text>IslamistischerTerror in Straßburg Geköpfte Tramper inMarokko Messermorde+Vergewaltigungen en masse gesicherte Weihnachtsmärkte Gesperrte Flughäfen Bahnanschlag mit IS-Flagge..  ..aber das Thema Islamismus interessiert keinen mehr..  Ists bequem in Ihrer Filterblase,Herr #Kubicki?</text>
  </Document>
  <Document id="780558881407770624">
    <relevance>true</relevance>
    <sentiment>negative</sentiment>
    <text>Osnabrück Hbf: Aufzug zwischen Gleis 4/5 und Tunnel has changed state from ACTIVE to INACTIVE</text>
    <Opinions>
      <Opinion category="Lift#Availability" from="15" to="21" target="Aufzug" polarity="negative" category_de="Aufzug#Betrieb"/>
    </Opinions>
  </Document>
  <Document id="1073628419869552640">
    <relevance>true</relevance>
    <sentiment>negative</sentiment>
    <Opinions>
      <Opinion category="Ramp#Availability" polarity="negative" from="19" to="33" target="rampensperrung" category_de="Rampe#Betrieb"/>
    </Opinions>
    <text>gefolgt von s-bahn rampensperrung dann ab januar immer wieder</text>
  </Document>
  <Document id="617456285110411264">
    <relevance>true</relevance>
    <sentiment>neutral</sentiment>
    <Opinions/>
    <text>@andreapetkovic ich hab' doch wirklich hinter dir auf der rolltreppe am flughafen gestanden und dich nicht erkannt. wie peinlich</text>
  </Document>
  <Document id="1007314215516934144">
    <relevance>true</relevance>
    <sentiment>neutral</sentiment>
    <Opinions/>
    <text>Man sollte die Herrschaften  einen rosa Strampelanzug anziehen und sie kurz und bündig Richtung Flughafen schleifen. Mit ihrer Sippschaft. https://t.co/n9uIj1BE0R</text>
  </Document>
  <Document id="603117402885337088">
    <relevance>true</relevance>
    <sentiment>neutral</sentiment>
    <Opinions>
      <Opinion category="Ramp#Availability" polarity="neutral" from="67" to="72" target="Rampe" category_de="Rampe#Betrieb"/>
    </Opinions>
    <text>Kann man den Bahnhof nicht auf die andere Seite verlegen,mit einer Rampe am Busbahnhof und Stern anbinden ? Statt Unterhalts teuren Aufzug?</text>
  </Document>
  <Document id="1360959829838331905">
    <relevance>true</relevance>
    <sentiment>neutral</sentiment>
    <Opinions/>
    <text>35-Jährige fällt mit 4, 7 Promille Rolltreppe hinunter  Im wahrsten Wortsinn sturzbetrunken ist ein 35-Jähriger im Bahnhof Hamburg-Altona eine Rolltreppe hinabgefallen. Der Mann,  bei dem laut Polizei bei einem Atemalkoholtest „der auch  ...  https://t.co/WxC9R1xg8B</text>
  </Document>
  <Document id="695625997622894592">
    <relevance>true</relevance>
    <sentiment>neutral</sentiment>
    <Opinions/>
    <text>Ein kleines Einhorn hat die Rolltreppe versperrt und ich hab deswegen die Ubahn verpasst. Aber das ist okay.</text>
  </Document>
  <Document id="989628954960171009">
    <relevance>true</relevance>
    <sentiment>neutral</sentiment>
    <Opinions/>
    <text>Wirklich schönen Abend gehabt, aber wegen eigener dummheit nachher entweder trampen (nachts bei kaum verkehr) oder ewig weit laufen (WIRKLICH weit) oder 4 std hbf chilln (in nem naziloch). Ufffff.</text>
  </Document>
  <Document id="1365568679975546881">
    <relevance>false</relevance>
    <sentiment>neutral</sentiment>
    <Opinions/>
    <text>@Senfrock Ein Freundenfest, das mit 5:0 auf der Anzeigetafel endet. https://t.co/lVl1OJkV6F</text>
  </Document>
  <Document id="656379404239654912">
    <relevance>false</relevance>
    <sentiment>neutral</sentiment>
    <Opinions/>
    <text>■  Vorsicht bitte in #Hamburg auf der #B5 Bergedorfer Straße stadteinwärts zwischen Horner Rampe und Schurzallee-Nord liegt ...</text>
  </Document>
  <Document id="935419583577640961">
    <relevance>true</relevance>
    <sentiment>neutral</sentiment>
    <Opinions/>
    <text>Der Witz des Tages! Kultursenator von Berlin ist begeistert, das Berliner für die Weihnachtsbeleuchtung Unter den Linden gespendet haben. Hat ein Radiosender in kurzer Zeit geschafft und vielleicht sollte der Sender einen Aufruf starten Wer macht den Flughafen schnell fertig!?</text>
  </Document>
  <Document id="1019667468569268224">
    <relevance>true</relevance>
    <sentiment>negative</sentiment>
    <Opinions>
      <Opinion category="Lift#Availability" polarity="negative" from="140" to="149" target="Fahrstuhl" category_de="Aufzug#Betrieb"/>
    </Opinions>
    <text>@SBahnBerlin wann bekommt der Bahnhof Insbrucker Platz (nahe August Vicktoia Klinkum ) eine Alternative  zum ständig nicht funktionierenden Fahrstuhl?  Zweiter Ausgang oder Rolltreppe? ??</text>
  </Document>
  <Document id="1356142027235356672">
    <relevance>true</relevance>
    <sentiment>negative</sentiment>
    <Opinions>
      <Opinion category="Lift#Availability" polarity="negative" from="6" to="12" target="Aufzug" category_de="Aufzug#Betrieb"/>
    </Opinions>
    <text>Moin, Aufzug in celle zu gleis 6/7 ist außer Betrieb. @DBRegio_NDS @DB_Bahn</text>
  </Document>
  <Document id="1353790667923869696">
    <relevance>false</relevance>
    <sentiment>neutral</sentiment>
    <Opinions/>
    <text>Will auch so Aufzug Spiegel Bilder mit ihr</text>
  </Document>
  <Document id="1361934202397224962">
    <relevance>true</relevance>
    <sentiment>neutral</sentiment>
    <Opinions>
      <Opinion category="ConstructionSite#Main" polarity="neutral" from="168" to="184" target="U-Bahn-Baustelle" category_de="Baustelle#Haupt"/>
    </Opinions>
    <text>Endstation #Rudow? Nix da. @madlen_hapunkt nennt alle konkreten #Neukölln-Infos zum Millionen-Projekt #U7-Verlängerung zum BER: Trasse, Zahlen, Kiez-Fakten ... und die U-Bahn-Baustelle Hermannplatz ist natürlich auch Thema. ➡️ https://t.co/HzgXbQguIv https://t.co/NbepdJILnR</text>
  </Document>
  <Document id="709459093417828352">
    <relevance>true</relevance>
    <sentiment>negative</sentiment>
    <Opinions>
      <Opinion category="InfoDisplay#BarrierOthers" polarity="negative" from="47" to="59" target="Anzeigetafel" category_de="Infoanzeige#Sonstiges_Barriere"/>
    </Opinions>
    <text>@BVG_Bus warum schreiben Sie das nicht auf die Anzeigetafel? Schliesslich ist der TXL zum Flughafen betroffen (Touristen, Geschäftsleute)!</text>
  </Document>
  <Document id="613379395844227073">
    <relevance>true</relevance>
    <sentiment>negative</sentiment>
    <Opinions>
      <Opinion category="InfoAcoustic#BarrierOthers" polarity="negative" from="23" to="33" target="Durchsagen" category_de="Infodurchsage#Sonstiges_Barriere"/>
    </Opinions>
    <text>Die englischsprachigen Durchsagen am Bahnhof könnte sich die #ÖBB echt oft sparen. Verstehen ws. nicht einmal Muttersprachler_innen.</text>
  </Document>
  <Document id="1362420173618216962">
    <relevance>false</relevance>
    <sentiment>neutral</sentiment>
    <Opinions/>
    <text>In 4️⃣ Schritten zum smarten Einlass:  1️⃣ BesucherIn klingelt an der Tür 2️⃣ BewohnerIn begrüßt den Besuch per Videoübertragung auf dem Smartphone 3️⃣ BewohnerIn öffnet per Smartphone die Haustür 4️⃣ Der Aufzug holt den Gast ab &amp; bringt ihn automatisch zur Zieletage #digitalisierung https://t.co/Cm3lo5KIhd</text>
  </Document>
  <Document id="744376454784360448">
    <relevance>true</relevance>
    <sentiment>negative</sentiment>
    <Opinions>
      <Opinion category="Escalator#Availability" polarity="negative" from="49" to="59" target="Rolltreppe" category_de="Rolltreppe#Betrieb"/>
    </Opinions>
    <text>@BVG_Ubahn auf der Residenzstr. Würde wieder die Rolltreppe 2 Zwangs gestopt. -&gt; Wittenau</text>
  </Document>
  <Document id="1049268071674859520">
    <relevance>true</relevance>
    <sentiment>negative</sentiment>
    <Opinions>
      <Opinion category="Lift#Tidiness" polarity="negative" from="130" to="136" target="Aufzug" category_de="Aufzug#Atmosphaere"/>
    </Opinions>
    <text>@blanchedubleu Das geht mir genau so. Thunfisch Salat im ICE am anderen Ende des Wagons - muss ich Wagon wechseln.  Frikadelle im Aufzug in irgendeiner Tasche - in die Hand oder Schal atmen.  U-Bahn im Sommer? Nur schwer zu ertragen.  Usw. #HSP</text>
  </Document>
  <Document id="1352915493720649728">
    <relevance>true</relevance>
    <sentiment>neutral</sentiment>
    <Opinions/>
    <text>Mit den Alltagsmasken habe ich das ja irgendwie hinbekommen, aber wie ich mich so im ÖPNV sicher bewegen soll, bleibt unklar. Ich habe kaum die Tür vom Zug gefunden. Anzeigetafel lesen: Unmöglich.   Und wie kaufe ich jetzt überhaupt ein? 🙁 https://t.co/knkY2HqjRd</text>
  </Document>
  <Document id="605334713402814464">
    <relevance>true</relevance>
    <sentiment>negative</sentiment>
    <Opinions>
      <Opinion category="Lift#Availability" polarity="negative" from="4" to="10" target="Aufzug" category_de="Aufzug#Betrieb"/>
    </Opinions>
    <text>Die Aufzug an der U- oder S-Bahnstation ist defekt? Eine Mail-Aktion in München soll die Bahn unter Druck setzen. http://t.co/Xwr4L22axd</text>
  </Document>
  <Document id="985595847193845762">
    <relevance>true</relevance>
    <sentiment>neutral</sentiment>
    <Opinions/>
    <text>@Schiri Nee, nur die Rolltreppe von der Rotenwaldstraße runter zur S-Bahn Schwabstraße</text>
  </Document>
  <Document id="760845370712809472">
    <relevance>true</relevance>
    <sentiment>positive</sentiment>
    <text>Frankfurt am Main Flughafen Fernbahnhof: Aufzug zu Gleis 4/5 Richtung MZ has changed state from UNKNOWN to ACTIVE</text>
    <Opinions>
      <Opinion category="Lift#Availability" from="41" to="47" target="Aufzug" polarity="positive" category_de="Aufzug#Betrieb"/>
    </Opinions>
  </Document>
  <Document id="634359885367480320">
    <relevance>true</relevance>
    <sentiment>negative</sentiment>
    <Opinions>
      <Opinion category="InfoAcoustic#BarrierOthers" polarity="negative" from="65" to="71" target="Ansage" category_de="Infodurchsage#Sonstiges_Barriere"/>
    </Opinions>
    <text>@DB_Bahn irgendwie hat er jetzt doch gewartet, zwar entgegen der Ansage, aber umso erfreulicher. ☺️</text>
  </Document>
  <Document id="808554528702398464">
    <relevance>true</relevance>
    <sentiment>neutral</sentiment>
    <Opinions/>
    <text>Sichtverhältnisse aktuell: Beleuchtung der Seestrasse vom Bhf aus nicht sichtbar.</text>
  </Document>
  <Document id="990928005584310274">
    <relevance>true</relevance>
    <sentiment>negative</sentiment>
    <Opinions>
      <Opinion category="Lift#Availability" polarity="negative" from="24" to="30" target="Aufzug" category_de="Aufzug#Betrieb"/>
    </Opinions>
    <text>Rollstuhlfahrer klagt / Aufzug am Papenburger Bahnhof wieder lahmgelegt / Via @noz_de  https://t.co/zPKOaAFUpq</text>
  </Document>
  <Document id="690259769408540673">
    <relevance>true</relevance>
    <sentiment>negative</sentiment>
    <Opinions>
      <Opinion category="Escalator#Availability" polarity="negative" from="90" to="108" target="Rolltreppenführund" category_de="Rolltreppe#Betrieb"/>
    </Opinions>
    <text>@DB_Bahn Vielen Dank für den schnellen Support. Es passiert leider nur so häufig. Und die Rolltreppenführund in beide Richtungen wäre toll!</text>
  </Document>
  <Document id="1079295672107651072">
    <relevance>false</relevance>
    <sentiment>neutral</sentiment>
    <Opinions/>
    <text>@weltherrscher @onlinecomics Wenn man das ordentlich gelernt hat, hat der Kieferorthopäde eine hübsche Baustelle.</text>
  </Document>
  <Document id="999605531907063808">
    <relevance>false</relevance>
    <sentiment>neutral</sentiment>
    <Opinions/>
    <text>@Bernd_Buc @SM100d @signora_capp Wenn jem. schon Kinderficker, wie Cohn-Bendit unterst. und Steinewerfer wie Joschka Fischer, dann kann man auch erwarten, dass eine *friedliche* Feier von Leuten, die gegen @OFC_offiziell Fans u @sv98 Fans mit Gewalt auf die Straße gehen, vor gehbehinderten Frauen geschützt wird.</text>
  </Document>
  <Document id="728550461423366144">
    <relevance>true</relevance>
    <sentiment>neutral</sentiment>
    <Opinions/>
    <text>Pünktlichkeit S-Bahn bei 97,4%; Aufzugsverfügbarkeit bei 97,5%: das+mehr im #VBBLand Qualitätsbericht für März: https://t.co/RU2MEBlYJ0 /bkö</text>
  </Document>
  <Document id="1363991877024968710">
    <relevance>false</relevance>
    <sentiment>neutral</sentiment>
    <Opinions/>
    <text>Für Hunde ist jeder aufzug ein stargate</text>
  </Document>
  <Document id="1363501140327989250">
    <relevance>false</relevance>
    <sentiment>neutral</sentiment>
    <Opinions/>
    <text>1550 Nachdem die Baustelle besichtigt wurde, macht sich die Demo jetzt wieder los #hal2102 #keineA143 https://t.co/jxpP6bNklM</text>
  </Document>
  <Document id="818340210555650048">
    <relevance>true</relevance>
    <sentiment>neutral</sentiment>
    <Opinions/>
    <text>Die Beleuchtung beim Bahnhof ist einfach so geil</text>
  </Document>
  <Document id="689461454240526342">
    <relevance>true</relevance>
    <sentiment>neutral</sentiment>
    <Opinions/>
    <text>JAH: wegen touri hurensohn der auf Rolltreppe links stehen bleibt bahn verpasst. Toll, jetzt muss ich 2 min warten.. https://t.co/DTvWbPUb73</text>
  </Document>
  <Document id="927639620745158656">
    <relevance>true</relevance>
    <sentiment>negative</sentiment>
    <Opinions>
      <Opinion category="Ramp#Availability" polarity="negative" from="108" to="113" target="Rampe" category_de="Rampe#Betrieb"/>
    </Opinions>
    <text>Da möchte man nach einem langen Tag im Büro nur mit der #Bahn von Bochum nach Essen nach Hause. Aber 1. Zug Rampe defekt 2. Tür defekt.</text>
  </Document>
  <Document id="802539354967011328">
    <relevance>true</relevance>
    <sentiment>neutral</sentiment>
    <Opinions/>
    <text>Ich hab doch nicht etwa Glück 🍀. Die Anzeigetafel der DB hier in Kölle zeigt jede Menge Zugausfälle an, meiner fährt 🤗🙏</text>
  </Document>
  <Document id="624521447243968512">
    <relevance>true</relevance>
    <sentiment>negative</sentiment>
    <Opinions>
      <Opinion category="InfoAcoustic#BarrierOthers" polarity="negative" from="24" to="36" target="Bahn-Ansagen" category_de="Infodurchsage#Sonstiges_Barriere"/>
    </Opinions>
    <text>Wie gut, dass man diese Bahn-Ansagen immer so gut versteht. Nicht. #kauderwelsch #keinwortverstanden</text>
  </Document>
  <Document id="624602623358861312">
    <relevance>true</relevance>
    <sentiment>neutral</sentiment>
    <Opinions/>
    <text>Berlin kann Flughafen eben einfach nicht: SMS von Airline mit Verspätungsansage kam lange bevor am Flughafen irgendwas angezeigt wurde #fail</text>
  </Document>
  <Document id="619493186956693506">
    <relevance>true</relevance>
    <sentiment>positive</sentiment>
    <Opinions>
      <Opinion category="InfoAcoustic#Availability" polarity="positive" from="5" to="12" target="Ansagen" category_de="Infodurchsage#Betrieb"/>
    </Opinions>
    <text>Neue Ansagen in Bus und Bahn: Ab nächster Woche, zum großen Fahrplanwechsel der Magdeburger Verkehrsbetriebe G... http://t.co/3CEbrrtWJZ</text>
  </Document>
  <Document id="1002594378328739842">
    <relevance>true</relevance>
    <sentiment>negative</sentiment>
    <Opinions>
      <Opinion category="Lift#Availability" polarity="negative" from="61" to="67" target="Aufzug" category_de="Aufzug#Betrieb"/>
    </Opinions>
    <text>@Kachelmann sagt: Gewitter wenn Schuhe kommen Flughafen ohne Aufzug. Dann Grützi!</text>
  </Document>
  <Document id="760882740661280769">
    <relevance>true</relevance>
    <sentiment>neutral</sentiment>
    <Opinions>
      <Opinion category="Lift#Availability" polarity="neutral" from="54" to="60" target="Aufzug" category_de="Aufzug#Betrieb"/>
    </Opinions>
    <text>@BVG_Ubahn gibt es am Halleschen Tor auf der U6 einen Aufzug?</text>
  </Document>
  <Document id="629344136190128129">
    <relevance>true</relevance>
    <sentiment>neutral</sentiment>
    <Opinions/>
    <text>@herr_mess @ancgreek @BahnAnsagen und im Auto hättest Du nicht lesen können und der Stau wäre auch garantiert. ;-)</text>
  </Document>
  <Document id="1084697516392751104">
    <relevance>true</relevance>
    <sentiment>neutral</sentiment>
    <Opinions/>
    <text>Da wird man morgens in der U-Bahn fast von einem Rollstuhlfahrer umgefahren 😑</text>
  </Document>
  <Document id="771394632534069249">
    <relevance>true</relevance>
    <sentiment>negative</sentiment>
    <Opinions>
      <Opinion category="Lift#Availability" polarity="negative" from="10" to="16" target="Aufzug" category_de="Aufzug#Betrieb"/>
    </Opinions>
    <text>19:03 Der Aufzug von der S-Bahn Station Stuttgart Hbf (tief) nach Hbf oben (kleine Schalterhalle) meldet &quot;außer Betrieb&quot; #SBahnStgt #VVS</text>
  </Document>
  <Document id="1366377314485997570">
    <relevance>true</relevance>
    <sentiment>neutral</sentiment>
    <Opinions/>
    <text>Ich wünschte erneut,der #coronavirus würde die Menschheit dahinraffen. Dann müsste man sich nicht über so viel Unvernunft ärgern: schlampige @DB_Bahn -Politik.Grade,dass es in den Aufzug gepasst hat.E-Motor kaputt.Gestern abend zockt das Saxophon. Es ist nur noch zum Weinen./1</text>
  </Document>
  <Document id="1352633690136981517">
    <relevance>false</relevance>
    <sentiment>neutral</sentiment>
    <Opinions/>
    <text>Hab mir gerade sehr schmerzhaft den eh schon schmerzenden Arm angeschlagen, als ich einem Typen ausgewichen bin, der am unteren Absatz der Rolltreppe EINFACH STEHEN GEBLIEBEN IST. Was zur Hölle ist mit den Menschen los!? Wie kann man so dumm sein!?</text>
  </Document>
  <Document id="1078656706886946818">
    <relevance>false</relevance>
    <sentiment>neutral</sentiment>
    <Opinions/>
    <text>@Mr_Empty_hier Och wir haben hier Edelsteine (von der Baustelle nebenan), edle Hölzer, seltenes Geriet, usw. usw.</text>
  </Document>
  <Document id="774080158617579521">
    <relevance>true</relevance>
    <sentiment>negative</sentiment>
    <Opinions>
      <Opinion category="Lift#Availability" polarity="negative" from="47" to="53" target="Aufzug" category_de="Aufzug#Betrieb"/>
    </Opinions>
    <text>Seit Do. 8.9. 11 Uhr ist am Flughafen Stgt der Aufzug zu Bstg 1 (Zugang Terminal 3) außer Betrieb #SBahnStgt #VVS https://t.co/eVmgEDPqGq</text>
  </Document>
  <Document id="690443742621339648">
    <relevance>true</relevance>
    <sentiment>positive</sentiment>
    <Opinions>
      <Opinion category="Escalator#Availability" polarity="positive" from="28" to="39" target="Rolltreppen" category_de="Rolltreppe#Betrieb"/>
    </Opinions>
    <text>München: MVG kauft 102 neue Rolltreppen - München - Süddeutsche.de https://t.co/BWya8qken0 via @SZ</text>
  </Document>
  <Document id="632208626497798144">
    <relevance>true</relevance>
    <sentiment>neutral</sentiment>
    <Opinions/>
    <text>@SBahnBerlin Monatskarte als Handy-Ticket wäre mal ´ne Ansage...</text>
  </Document>
  <Document id="688365403253387265">
    <relevance>true</relevance>
    <sentiment>neutral</sentiment>
    <Opinions/>
    <text>@anked 1.als Kind auf der Rolltreppe in der Ubahn 2. Am Ubhf Alexanderplatz beim Warten auf die Ubahn.</text>
  </Document>
  <Document id="694522851353890816">
    <relevance>true</relevance>
    <sentiment>negative</sentiment>
    <Opinions>
      <Opinion category="BarrierOthers#Main" polarity="negative" from="57" to="112" target="Rollstuhldude es endlich geschafft hatte, &quot;einzusteigen" category_de="Sonstiges_Barriere#Haupt"/>
    </Opinions>
    <text>Letztens musste meine s-Bahn 10 Minuten warten, bis so 1 Rollstuhldude es endlich geschafft hatte, &quot;einzusteigen&quot;.  #behindernisse</text>
  </Document>
  <Document id="993815966705487872">
    <relevance>false</relevance>
    <sentiment>neutral</sentiment>
    <Opinions/>
    <text>Brandenburg an der Havel, Altstadt, Wilhelm- Weitling- Straße -  Tatzeit: Montag, 07.05.2018, 07:00 Uhr – 14:00 Uhr -    Eine gehbehinderter 47-... https://t.co/Lqqe5DcyJo</text>
  </Document>
  <Document id="1021778436254253061">
    <relevance>true</relevance>
    <sentiment>negative</sentiment>
    <Opinions>
      <Opinion category="Escalator#Availability" polarity="negative" from="79" to="90" target="Rolltreppen" category_de="Rolltreppe#Betrieb"/>
    </Opinions>
    <text>Jetzt kenne ich meine persönliche Vorhölle: Ich muss für alle Ewigkeit kaputte Rolltreppen runterlaufen um noch eine U-Bahn zu erwischen und alle Leute gehen auf der Rolltreppe -1 km/h (&amp; hören nichts wenn man freundlich fragt) und die U-Bahn fährt mir vor der Nase weg.</text>
  </Document>
  <Document id="1363158305141579776">
    <relevance>false</relevance>
    <sentiment>neutral</sentiment>
    <Opinions/>
    <text>@Carina_Hold Zur Erklärung. Christian Streich ist Trainer des SC Freiburg. Ich bin Fan und Mitglied des FC Bayern München. Das erste Tor hat übrigens nicht gezählt, wurde aber im Endergebnis auf der Anzeigetafel aufgeführt.</text>
  </Document>
  <Document id="707902383486066688">
    <relevance>true</relevance>
    <sentiment>negative</sentiment>
    <Opinions>
      <Opinion category="Lift#Availability" polarity="negative" from="0" to="14" target="Aufzugsstörung" category_de="Aufzug#Betrieb"/>
    </Opinions>
    <text>Aufzugsstörung am Bahnhof Bornholmer Straße Gleis 1 und 2</text>
  </Document>
  <Document id="742631279561179136">
    <relevance>true</relevance>
    <sentiment>neutral</sentiment>
    <text>Castrop-Rauxel Hbf: Aufzug zwischen Gleis 2/3 und Erdgeschoss has changed state from INACTIVE to UNKNOWN</text>
    <Opinions>
      <Opinion category="Lift#Availability" from="20" to="26" target="Aufzug" polarity="neutral" category_de="Aufzug#Betrieb"/>
    </Opinions>
  </Document>
  <Document id="641589246885789696">
    <relevance>true</relevance>
    <sentiment>neutral</sentiment>
    <Opinions/>
    <text>Zug nach Essen. Ansage “Nächste Station Essen Hauptbahnhof”. Fahrgast “nam jam Essen” 🙈</text>
  </Document>
  <Document id="664516823610691585">
    <relevance>true</relevance>
    <sentiment>neutral</sentiment>
    <Opinions/>
    <text>@bertriebel @mfk_frankfurt Der Marlboro-Cowboy hing doch ewig als Leuchtfigur in der Haupthalle des Hbf über der Rolltreppe.</text>
  </Document>
  <Document id="1370012068246650881">
    <relevance>true</relevance>
    <sentiment>neutral</sentiment>
    <Opinions/>
    <text>#AbleismTellsMe bei #KVGstade nicht nur mangelnde #Bartierefteiheit aber auch #Ableismus Es heißt immer mal die Busse warten auf verspäteten Regional Bahn. Warten aber nur auf wer schnell auf Beine ist. Wenn Du Zeit für Aufzug nehmen brauchst, pech. Keine 2 min hat Bus gewartet</text>
  </Document>
  <Document id="692063944652013568">
    <relevance>true</relevance>
    <sentiment>positive</sentiment>
    <text>Düsseldorf Flughafen: Aufzug zu Gleis 1 has changed state from ACTIVE to TEST_ACTIVE</text>
    <Opinions>
      <Opinion category="Lift#Availability" from="22" to="28" target="Aufzug" polarity="positive" category_de="Aufzug#Betrieb"/>
    </Opinions>
  </Document>
  <Document id="936737520250966016">
    <relevance>true</relevance>
    <sentiment>neutral</sentiment>
    <Opinions/>
    <text>wenn man s1 haltestelle verpasst die bahn anfährt an ampel halten muss DU NOCH AUSSTEIGEN KANNST + an fußgängerampel grün hast dange @ leben</text>
  </Document>
  <Document id="628215402552786944">
    <relevance>false</relevance>
    <sentiment>neutral</sentiment>
    <Opinions/>
    <text>Im @Dialogmuseum als blinder Passagier in ein unsichtbares Land reisen. http://t.co/l5rUqOwkZW #Fraportsponsoring http://t.co/PpkvpTWDkJ</text>
  </Document>
  <Document id="643984737414062080">
    <relevance>true</relevance>
    <sentiment>neutral</sentiment>
    <Opinions/>
    <text>Die Abfahrtsansage an der S Bahn ist um diese Zeit einfach nur ein Schlag in die Fresse und demotiviert nur noch mehr.</text>
  </Document>
  <Document id="697002195837984768">
    <relevance>true</relevance>
    <sentiment>negative</sentiment>
    <Opinions>
      <Opinion category="Lift#Availability" polarity="negative" from="16" to="22" target="Aufzug" category_de="Aufzug#Betrieb"/>
    </Opinions>
    <text>Heidelberg Hbf, Aufzug zu Bstg 7/8 ist defekt. (11:20)</text>
  </Document>
  <Document id="676773882926338048">
    <relevance>true</relevance>
    <sentiment>neutral</sentiment>
    <Opinions/>
    <text>Männer, die Frauen umrennen &amp; auf die Füße trampeln,  um in der Bahn einen Sitzplatz zu ergattern, wohnen mit 50 noch bei Mutti. Süß.</text>
  </Document>
  <Document id="1079540866782511110">
    <relevance>false</relevance>
    <sentiment>neutral</sentiment>
    <Opinions/>
    <text>#Hennigsdorf – Kabeldiebstahl von Baustelle https://t.co/j7Ay3HVoqq https://t.co/ggZ7N5fV3j</text>
  </Document>
  <Document id="774541504303988737">
    <relevance>true</relevance>
    <sentiment>negative</sentiment>
    <Opinions>
      <Opinion category="InfoDisplay#BarrierOthers" polarity="negative" from="93" to="106" target="Anzeigetafeln" category_de="Infoanzeige#Sonstiges_Barriere"/>
    </Opinions>
    <text>@DB_Bahn der Fernverkehr wurde da komplett vergessen und es gibt auch keinen Hinweis auf den Anzeigetafeln. Und man wartet und wartet....</text>
  </Document>
  <Document id="634657557211160576">
    <relevance>true</relevance>
    <sentiment>neutral</sentiment>
    <Opinions/>
    <text>&quot;Wir sind heute 2 Minuten zu früh. Die haben wir bei der nächsten Verspätung gut bei Ihnen!&quot; (@felix_unterwegs) #Bahn #Ansage</text>
  </Document>
  <Document id="1078919155011723264">
    <relevance>false</relevance>
    <sentiment>neutral</sentiment>
    <Opinions/>
    <text>Es ist interessant wie schnell die bei Karls n neuen Themenbereich bzw ne Manufaktur hochziehen können. Ich mein war im April da und da war nix zu sehen von einer Baustelle oder ähnliches und im November ist das dann schon alles komplett fertig.</text>
  </Document>
  <Document id="766145771477540864">
    <relevance>true</relevance>
    <sentiment>neutral</sentiment>
    <Opinions/>
    <text>Schöner Sprint durch den Dortmunder Bahnhof zur Anzeigetafel und dann zum anderen Ende des Bahnhofs &gt;&gt;&gt;&gt; Zug gerade noch bekommen ^^</text>
  </Document>
  <Document id="648035582652907520">
    <relevance>true</relevance>
    <sentiment>negative</sentiment>
    <Opinions>
      <Opinion category="Escalator#Availability" polarity="negative" from="112" to="122" target="Rolltreppe" category_de="Rolltreppe#Betrieb"/>
    </Opinions>
    <text>HBF Bochum. Die Rolltreppe zur uBahn. Die länger ist, als ne Treppe zu einem tibetanischen Gebetsschrein. Diese Rolltreppe ist aus. #bs #fu</text>
  </Document>
  <Document id="978256934271946752">
    <relevance>true</relevance>
    <sentiment>negative</sentiment>
    <Opinions>
      <Opinion category="Ramp#Availability" polarity="negative" from="81" to="86" target="Rampe" category_de="Rampe#Betrieb"/>
      <Opinion category="Ramp#Availability" polarity="neutral" from="193" to="198" target="Rampe" category_de="Rampe#Betrieb"/>
    </Opinions>
    <text>@DB_Bahn Danke für dieRückmeldung! Leider haben nicht alle Züge eine integrierte Rampe oder wird nicht immer von Triebführer eingesetzt. Würde mich um Weitergabe der Bitte um Aufstellung einer Rampe auf Gleis 1 freuen!</text>
  </Document>
  <Document id="622712486668730372">
    <relevance>true</relevance>
    <sentiment>neutral</sentiment>
    <Opinions/>
    <text>RT @BahnAnsagen: &quot;Als Grund für die Verspätung habe ich hohes Fahrgastaufkommen, Türstörung, Überholung durch Fernverkehr und Notarzteinsat…</text>
  </Document>
  <Document id="1367463456148979716">
    <relevance>false</relevance>
    <sentiment>neutral</sentiment>
    <Opinions/>
    <text>wer ne rolltreppe nicht runter rollt benutzt sie eindeutig falsch</text>
  </Document>
  <Document id="716142454991425537">
    <relevance>true</relevance>
    <sentiment>neutral</sentiment>
    <Opinions>
      <Opinion category="Ramp#Availability" polarity="neutral" from="87" to="92" target="Rampe" category_de="Rampe#Betrieb"/>
    </Opinions>
    <text>Weiß jemand, ob es für die Fahrräder im Bahnhof an der großen Treppe zur Vorhalle eine Rampe gibt? #Magdeburg</text>
  </Document>
  <Document id="779282394872446976">
    <relevance>true</relevance>
    <sentiment>negative</sentiment>
    <Opinions>
      <Opinion category="InfoDisplay#Avaiability" polarity="negative" from="57" to="69" target="Anzeigetafel" category_de="Infoanzeige#Betrieb"/>
    </Opinions>
    <text>Ok... entweder der Bus hat 8 Minuten Verspätung oder die Anzeigetafel spinnt.</text>
  </Document>
  <Document id="622802056991113216">
    <relevance>false</relevance>
    <sentiment>neutral</sentiment>
    <Opinions/>
    <text>RT @KerstinMackay: Selbstreflexion schadet nicht.  #Griechenland-Politik: Der blinde Fleck der deutschen Weltoffenheit http://t.co/DPOwrAhJ…</text>
  </Document>
  <Document id="706843145439416323">
    <relevance>true</relevance>
    <sentiment>negative</sentiment>
    <Opinions>
      <Opinion category="Lift#Availability" polarity="negative" from="42" to="48" target="Aufzug" category_de="Aufzug#Betrieb"/>
    </Opinions>
    <text>Infolge einer technischen Störung ist der Aufzug im Bahnhof Berlin Friedrichstraße Gleis 1/2 gestört. #T2</text>
  </Document>
  <Document id="661908749637013504">
    <relevance>false</relevance>
    <sentiment>neutral</sentiment>
    <Opinions/>
    <text>das haben politiker mit ihren umplanungen verzapft. da waren die rolltreppen schon fertig. https://t.co/jPfcTROj64</text>
  </Document>
  <Document id="703931631111954432">
    <relevance>true</relevance>
    <sentiment>neutral</sentiment>
    <Opinions/>
    <text>Ehemalige Verladerampe der Straßenbahn Frankfurt/Oder zur Eisenbahn https://t.co/t6kpteCGTN via @YouTube</text>
  </Document>
  <Document id="621923695561453568">
    <relevance>true</relevance>
    <sentiment>negative</sentiment>
    <Opinions>
      <Opinion category="InfoAcoustic#BarrierOthers" polarity="negative" from="105" to="112" target="ansagen" category_de="Infodurchsage#Sonstiges_Barriere"/>
    </Opinions>
    <text>@unsereOEBB sitzen seit einer stunde zwischen wien und kritzendorf im zug fest! dauernd&quot;noch 20 minuten&quot; ansagen! unkoordiniert #epicfail</text>
  </Document>
  <Document id="719516502198718464">
    <relevance>true</relevance>
    <sentiment>negative</sentiment>
    <Opinions>
      <Opinion category="Lift#Availability" polarity="negative" from="17" to="23" target="Aufzug" category_de="Aufzug#Betrieb"/>
    </Opinions>
    <text>Am 12.4. ist der Aufzug am Gleis stadteinwärts am Altenbekener Damm von 6 bis 18 Uhr leider außer Betrieb. Wir bitten um Verständnis. ^cw</text>
  </Document>
  <Document id="1085219959062650881">
    <relevance>false</relevance>
    <sentiment>neutral</sentiment>
    <Opinions/>
    <text>Land in Sicht.... Dafür musste ich aber erstmal den Praktikanten von der Baustelle schmeissen.  Schade, das sowas nötig ist. Aber Boykott kann ich grad mal nicht gebrauchen.</text>
  </Document>
  <Document id="740894584239165440">
    <relevance>true</relevance>
    <sentiment>negative</sentiment>
    <Opinions>
      <Opinion category="Escalator#Availability" polarity="negative" from="15" to="25" target="Rolltreppe" category_de="Rolltreppe#Betrieb"/>
    </Opinions>
    <text>@BVG_Ubahn die Rolltreppe 1 auf Residenzstr. -&gt; Grünrockweg wurde wieder mutwillig gestopt.</text>
  </Document>
  <Document id="1034383626517897216">
    <relevance>true</relevance>
    <sentiment>negative</sentiment>
    <Opinions>
      <Opinion category="Lift#Availability" polarity="negative" from="49" to="55" target="Aufzug" category_de="Aufzug#Betrieb"/>
    </Opinions>
    <text>Panne am Bahnhof in Ditzingen: Kinder bleiben in Aufzug stecken https://t.co/gUfyjui4Tq https://t.co/mMsa3nXeMO</text>
  </Document>
  <Document id="760171314816684032">
    <relevance>true</relevance>
    <sentiment>neutral</sentiment>
    <Opinions/>
    <text>@SBahnStgt @earlybird445 Aufzug in Waiblingen am Gleis 1 https://t.co/YWvww8Nr6O</text>
  </Document>
  <Document id="1360855048889245698">
    <relevance>false</relevance>
    <sentiment>neutral</sentiment>
    <Opinions/>
    <text>Genau so möchte ich Wohnen. Für mich bitte eine der Penthousewohnungen mit eigenem Dachgarten, mit Vorrangschaltung im Aufzug und eigener Tiefgarage. so 180-220m² würden genügen.</text>
  </Document>
  <Document id="690428476596342784">
    <relevance>true</relevance>
    <sentiment>positive</sentiment>
    <Opinions>
      <Opinion category="Lift#Availability" polarity="positive" from="25" to="31" target="Aufzug" category_de="Aufzug#Betrieb"/>
    </Opinions>
    <text>Berlin Anhalter Bahnhof, Aufzug zu Gleis 3/4 ist wieder betriebsbereit.</text>
  </Document>
  <Document id="715187758915043328">
    <relevance>true</relevance>
    <sentiment>neutral</sentiment>
    <Opinions/>
    <text>@NWB_NRW Ich wollte von Paderborn nach Bielefeld fahren und habe kurz vor der Abfahrt auf der Anzeigetafel gesehen, dass die Bahn ausfällt.</text>
  </Document>
  <Document id="657444499577307136">
    <relevance>true</relevance>
    <sentiment>neutral</sentiment>
    <Opinions/>
    <text>@Sternenrot Ich war spätestens am Bahnhof fit. Wenn 2 Dutzend Halbwüchsige dich beim Einsteigen zertrampeln wollen wird man wach. ;)</text>
  </Document>
  <Document id="910784530889535489">
    <relevance>true</relevance>
    <sentiment>neutral</sentiment>
    <Opinions>
      <Opinion category="Lighting#Availability" polarity="neutral" from="51" to="62" target="Beleuchtung" category_de="Beleuchtung#Betrieb"/>
    </Opinions>
    <text>Gemeindevertreter beraten am Montag über eine neue Beleuchtung im Tunnel am Bahnhof Mönchehof https://t.co/q9EGRZyZ16 #kslive #kassel</text>
  </Document>
  <Document id="1362899399593123842">
    <relevance>true</relevance>
    <sentiment>neutral</sentiment>
    <Opinions/>
    <text>🌠  23.55 h, Zitat Sternendimension ,Die Bushaltestelle ist ein Ort der Wunder. Die starken Kräfte von der Baustelle helfen den Menschen am Bahnhof. Hoffentlich macht der Netto am 09.03. auf.'</text>
  </Document>
  <Document id="1024775320027779072">
    <relevance>true</relevance>
    <sentiment>neutral</sentiment>
    <Opinions/>
    <text>@mittelfinger Schade: hätten die in ihrem Aufzug am Bahnhof geklatscht und begrüßt, der ein oder andere Flüchtling wäre sicher zurückgeflüchtet</text>
  </Document>
  <Document id="735698286145769472">
    <relevance>true</relevance>
    <sentiment>negative</sentiment>
    <Opinions>
      <Opinion category="Lift#Availability" polarity="negative" from="52" to="58" target="Aufzug" category_de="Aufzug#Betrieb"/>
    </Opinions>
    <text>Guten Morgen am S-Bahnhof Bornholmer Straße ist der Aufzug am Gleis1/2 defekt</text>
  </Document>
  <Document id="935457769901215744">
    <relevance>true</relevance>
    <sentiment>neutral</sentiment>
    <Opinions/>
    <text>Die Bahn gibt ihr #Pünktlichkeitsziel auf. Das ist in sich schon so skurril, da muss man nimmer drauf rumtrampeln.</text>
  </Document>
  <Document id="666864970571849728">
    <relevance>true</relevance>
    <sentiment>neutral</sentiment>
    <Opinions/>
    <text>Die Schwerkraft ist mit heute zu schwer.  Ich nehm am Bahnhof die Rolltreppe xD</text>
  </Document>
  <Document id="687887876701446144">
    <relevance>false</relevance>
    <sentiment>neutral</sentiment>
    <Opinions/>
    <text>07:41 Uhr - Blitzer - Horner Rampe - Richtung Billbrook - Kur vor der Brücke (B5 Auffährt) - 50 km/h erlaubt - Danke Uschi</text>
  </Document>
  <Document id="1025410996381184000">
    <relevance>true</relevance>
    <sentiment>negative</sentiment>
    <Opinions>
      <Opinion category="Lift#Availability" polarity="negative" from="44" to="50" target="Aufzug" category_de="Aufzug#Betrieb"/>
    </Opinions>
    <text>Bei Sommerhitze: Würzburg: Acht Personen in Aufzug am Hauptbahnhof eingeschlossen https://t.co/reUabdPOKg https://t.co/1A9PMKqOuU</text>
  </Document>
  <Document id="684025064715595777">
    <relevance>true</relevance>
    <sentiment>positive</sentiment>
    <text>Facility Düsseldorf Flughafen / Aufzug zu Bstg 4/5 has changed state from TEST_ACTIVE to ACTIVE</text>
    <Opinions>
      <Opinion category="Lift#Availability" from="32" to="38" target="Aufzug" polarity="positive" category_de="Aufzug#Betrieb"/>
    </Opinions>
  </Document>
  <Document id="1359570174966390784">
    <relevance>true</relevance>
    <sentiment>neutral</sentiment>
    <Opinions/>
    <text>@DB_Bahn Um mal deinen Ton aufzugreifen: Eure Aussagen kann auch kein Kunde prüfen, daher bringt uns eure „Info“ nichts. Ihr wisst ja sicherlich, wie das abläuft. Könnt euch ja bei weiteren Beschwerden einen unfreundlichen Tweet leisten. 😉</text>
  </Document>
  <Document id="729703441656893440">
    <relevance>true</relevance>
    <sentiment>negative</sentiment>
    <Opinions>
      <Opinion category="Escalator#Availability" polarity="negative" from="51" to="61" target="Rolltreppe" category_de="Rolltreppe#Betrieb"/>
    </Opinions>
    <text>@DB_Bahn Berlin-Jungfernheide Regio-Bahnsteig: die Rolltreppe ist wieder defekt 🤔 die macht wirklich Teilzeit 😂 wie wäre mal ein Tausch?! 👍🏻</text>
  </Document>
  <Document id="671299160843411456">
    <relevance>false</relevance>
    <sentiment>neutral</sentiment>
    <Opinions/>
    <text>@PolizeiDortmund p.s. Die regennassen Rolltreppen in Dortmund stellen eine Gefahr dar, man sollte mal über Dächer nachdenken :)</text>
  </Document>
  <Document id="616272999621206016">
    <relevance>false</relevance>
    <sentiment>neutral</sentiment>
    <Opinions/>
    <text>RT @SPIEGEL_Sport: Hiddink-Nachfolger: Blind wird Nationaltrainer der Niederlande... http://t.co/L3WaUNMsNt</text>
  </Document>
  <Document id="1370100763612041231">
    <relevance>false</relevance>
    <sentiment>neutral</sentiment>
    <Opinions/>
    <text>@ladysternhimmel Derzeit nicht finanzierbar. Dazu bräuchte man einen kostengünstigen Weltraum-Aufzug. Mit dem sollte man allerdings nicht in der nächsten Zeit rechnen</text>
  </Document>
  <Document id="1026767647067840512">
    <relevance>true</relevance>
    <sentiment>negative</sentiment>
    <Opinions>
      <Opinion category="Lift#Availability" polarity="negative" from="132" to="138" target="aufzug" category_de="Aufzug#Betrieb"/>
    </Opinions>
    <text>ach schilda. bäume fällen, teure 'citytrees' austellen, sich an restkelchen versuchen, aber nicht mal einen funktionierenden s-bahn aufzug hinbekommen</text>
  </Document>
  <Document id="716974417067290624">
    <relevance>true</relevance>
    <sentiment>positive</sentiment>
    <text>Hamburg Hbf: Aufzug zu Gleis 1/2 ; Ausgang Post has changed state from ACTIVE to TEST_ACTIVE</text>
    <Opinions>
      <Opinion category="Lift#Availability" from="13" to="19" target="Aufzug" polarity="positive" category_de="Aufzug#Betrieb"/>
    </Opinions>
  </Document>
  <Document id="655175696172654592">
    <relevance>true</relevance>
    <sentiment>neutral</sentiment>
    <Opinions/>
    <text>@BVG_Kampagne Könnt ihr nicht mal was gegen die lästigen Linkssteher auf euren Rolltreppen unternehmen?</text>
  </Document>
  <Document id="648351690215849985">
    <relevance>true</relevance>
    <sentiment>negative</sentiment>
    <Opinions>
      <Opinion category="Lift#Availability" polarity="negative" from="42" to="48" target="Aufzug" category_de="Aufzug#Betrieb"/>
    </Opinions>
    <text>Infolge einer technischen Störung ist der Aufzug am Gleis 1 im Bahnhof Eberswalde gestört. #T2</text>
  </Document>
  <Document id="1079129941600620545">
    <relevance>false</relevance>
    <sentiment>neutral</sentiment>
    <Opinions/>
    <text>@Cyclops54019522 Klar. Und diese Typen jammern dann, weil es  keine Frauen gibt die sich treffen wollen. Aber gut... Nicht meine Baustelle 😎😂</text>
  </Document>
  <Document id="737303593859026945">
    <relevance>true</relevance>
    <sentiment>negative</sentiment>
    <Opinions>
      <Opinion category="Escalator#Availability" polarity="negative" from="61" to="72" target="Rolltreppen" category_de="Rolltreppe#Betrieb"/>
    </Opinions>
    <text>Gibt es #BER-Schockbilder dazu? Offene Kabelstränge, defekte Rolltreppen, lose Betonplatten &amp; menschenleere Hallen? https://t.co/3XQ7Ogl5ZU</text>
  </Document>
  <Document id="927586527206666241">
    <relevance>true</relevance>
    <sentiment>negative</sentiment>
    <Opinions>
      <Opinion category="Lighting#Availability" polarity="negative" from="41" to="61" target="Bahnsteigbeleuchtung" category_de="Beleuchtung#Betrieb"/>
    </Opinions>
    <text>Retweeted Deutsche Bahn (@DB_Info):  Die Bahnsteigbeleuchtung in #Schwelm West ist ausgefallen:... https://t.co/yunBT0LA3L</text>
  </Document>
  <Document id="633307728786665472">
    <relevance>true</relevance>
    <sentiment>neutral</sentiment>
    <Opinions/>
    <text>@BahnAnsagen You are doing it wrong: Warp-Antrieb funktioniert genau _anders_ rum ;-) RE: https://t.co/8qEaCpXF7J #Bahn #Hannover @Oernie2</text>
  </Document>
  <Document id="677855486276984832">
    <relevance>true</relevance>
    <sentiment>negative</sentiment>
    <Opinions>
      <Opinion category="Lift#Availability" polarity="negative" from="42" to="48" target="Aufzug" category_de="Aufzug#Betrieb"/>
    </Opinions>
    <text>Infolge einer technischen Störung ist der Aufzug im Bahnhof Berlin Alexanderplatz Bstg. 1/2 defekt. #T2</text>
  </Document>
  <Document id="620486503043604480">
    <relevance>true</relevance>
    <sentiment>positive</sentiment>
    <Opinions>
      <Opinion category="InfoAcoustic#Availability" polarity="positive" from="10" to="17" target="Ansagen" category_de="Infodurchsage#Betrieb"/>
    </Opinions>
    <text>Die neuen Ansagen in der Bahn find ich allerdings fein.</text>
  </Document>
  <Document id="994836170474446849">
    <relevance>true</relevance>
    <sentiment>neutral</sentiment>
    <Opinions/>
    <text>@PostelGert Der von der Natur Bevorzugte begreift vor allem, dass man auf der überfüllten Rolltreppe am Hbf nicht links stehenbleibt und blöd in die Gegend guckt, während hinter einem schon eilige Füße trampeln. Wie kann man nur so wenig wahrnehmen?!</text>
  </Document>
  <Document id="804696791832809472">
    <relevance>true</relevance>
    <sentiment>neutral</sentiment>
    <Opinions/>
    <text>@RailService Am Bahnhof Zürich Flughafen ist die Festbeleuchtung fast zu auffällig ;-) https://t.co/I6GjD5okP7</text>
  </Document>
  <Document id="677809678684827648">
    <relevance>false</relevance>
    <sentiment>neutral</sentiment>
    <Opinions/>
    <text>ASFINAG: Einladung Foto/Filmtermin Eröffnung Rampe Anschlussstelle Salzburg/Hagenau (A 1 West Autobahn)… https://t.co/HLIu75EhTq #ots #bot</text>
  </Document>
  <Document id="871740443767312384">
    <relevance>true</relevance>
    <sentiment>neutral</sentiment>
    <Opinions/>
    <text>Am Bahnhof sind viele Kinder welche in stark verschmutzte Kleider gewandet sind unterwegs....die Pfingstlager sind wohl bereits fertig</text>
  </Document>
  <Document id="646970336441987072">
    <relevance>false</relevance>
    <sentiment>neutral</sentiment>
    <Opinions/>
    <text>da stehen die richtigen im Rampenlicht :-) https://t.co/fbl8tmh9pr</text>
  </Document>
  <Document id="641638198859419648">
    <relevance>true</relevance>
    <sentiment>neutral</sentiment>
    <Opinions/>
    <text>Dänische Bahn stoppt Zugverkehr von und nach Deutschland Die Saat von Anders Fogh scheint aufzugehen. http://t.co/JKDOBPezBh @SPIEGELONLINE</text>
  </Document>
  <Document id="637584855677595648">
    <relevance>true</relevance>
    <sentiment>negative</sentiment>
    <Opinions>
      <Opinion category="Lift#Barrier_Others" polarity="negative" from="4" to="10" target="Aufzug" category_de="Aufzug#Sonstiges_Barriere"/>
    </Opinions>
    <text>Der Aufzug am Lenneper Bahnhof sorgt weiter für Zündstoff. Immer wieder ärgern sich Bahngäste darüber, dass er... http://t.co/n3uyyIYWVj</text>
  </Document>
  <Document id="670872978020769792">
    <relevance>false</relevance>
    <sentiment>neutral</sentiment>
    <Opinions/>
    <text>@thomaskrampe Good morning and welcome at our Airport. ^TI</text>
  </Document>
  <Document id="654295850202476545">
    <relevance>false</relevance>
    <sentiment>neutral</sentiment>
    <Opinions/>
    <text>#verkehr Stadtverkehr: Frankenschnellweg Nürnberg - Fürth: - STAU zwischen Kreuz Nürnberg-Hafen und An den Rampen, im weiteren Verlau...</text>
  </Document>
  <Document id="613612359643492352">
    <relevance>true</relevance>
    <sentiment>neutral</sentiment>
    <Opinions/>
    <text>Zeit zwischen Zugdurchsage und &quot;witzigem&quot; Sänkju - Kommentar: &lt;0 #bahn #Durchsage</text>
  </Document>
  <Document id="618412584643993600">
    <relevance>true</relevance>
    <sentiment>negative</sentiment>
    <Opinions>
      <Opinion category="InfoAcoustic#BarrierOthers" polarity="negative" from="50" to="66" target="VerwirrteAnsagen" category_de="Infodurchsage#Sonstiges_Barriere"/>
    </Opinions>
    <text>@DB_Info wann kommt denn der ICE 650 in Köln an? #VerwirrteAnsagen #Bahnchaos</text>
  </Document>
  <Document id="734744072599044096">
    <relevance>true</relevance>
    <sentiment>negative</sentiment>
    <Opinions>
      <Opinion category="InfoDisplay#Avaiability" polarity="negative" from="69" to="81" target="Anzeigetafel" category_de="Infoanzeige#Betrieb"/>
    </Opinions>
    <text>Spart der Bhf in #Bremen gerade an Strom oder warum sind ständig die Anzeigetafel aus? Oder ist das Taktik die Verspätungen zu vertuschen?</text>
  </Document>
  <Document id="745859368554467328">
    <relevance>true</relevance>
    <sentiment>negative</sentiment>
    <Opinions>
      <Opinion category="InfoDisplay#BarrierOthers" polarity="negative" from="115" to="128" target="Anzeigetafeln" category_de="Infoanzeige#Sonstiges_Barriere"/>
    </Opinions>
    <text>@DB_Bahn Das stimmt nicht! Alle Fahrgäste mussten mit dem Bus zum Bhf Sanssouci. Bitte mehr Informationen auf den  Anzeigetafeln in Echtzeit</text>
  </Document>
  <Document id="1358946718042255363">
    <relevance>true</relevance>
    <sentiment>neutral</sentiment>
    <Opinions/>
    <text>⏳#Unity4J Mahnwache via @FreeAssange_eu⏳  Mahnwache für Julian Assange #Stuttgart  Jeden Donnerstag  Nächster Termin 11.2.2021  17 - 19 Uhr  Haltestelle Stadtmitte Rolltreppe Königstrasse Stuttgart  Bitte bzgl Termin nachfragen👇🏼  https://t.co/0j3nobqNUL https://t.co/NLkLNPRF9O https://t.co/lhY6ykvdrD</text>
  </Document>
  <Document id="688985528952352768">
    <relevance>false</relevance>
    <sentiment>neutral</sentiment>
    <Opinions/>
    <text>@Ernstwielustig Hallo, das tut uns leid! Eine Übersicht mit den stillstehenden Rolltreppen finden Sie hier: https://t.co/W16ot3Ewib *sr</text>
  </Document>
  <Document id="768089530108903424">
    <relevance>true</relevance>
    <sentiment>negative</sentiment>
    <text>Hamburg Airport (Flughafen): Aufzug zwischen Bstg und Vorplatz (Süd) has changed state from ACTIVE to INACTIVE</text>
    <Opinions>
      <Opinion category="Lift#Availability" from="29" to="35" target="Aufzug" polarity="negative" category_de="Aufzug#Betrieb"/>
    </Opinions>
  </Document>
  <Document id="629745192892002304">
    <relevance>true</relevance>
    <sentiment>neutral</sentiment>
    <Opinions/>
    <text>@SBahnBerlin @BahnAnsagen  https://t.co/b1sRNGxSZ0</text>
  </Document>
  <Document id="1373989252795629569">
    <relevance>false</relevance>
    <sentiment>neutral</sentiment>
    <Opinions/>
    <text>@GNetzer Damals in Leipzig gesehen. Das Zentralstadion war ziemlich voll, das Bild vom Spiel auf der Anzeigetafel dafür umso kleiner. Aber das Tor von Klose, der Zettel, Kahn und Lehmann - alles legendär. Beim Elfmeterschießen war ich gefühlt dem Herzinfarkt nah.</text>
  </Document>
  <Document id="1356169536018518018">
    <relevance>false</relevance>
    <sentiment>neutral</sentiment>
    <Opinions/>
    <text>@mkampHB 20.12.2009. Mit Chucks und -18 Grad (laut Anzeigetafel) 1:2 in Hamburg verloren. Gab bessere Tage.</text>
  </Document>
  <Document id="628498360182407168">
    <relevance>true</relevance>
    <sentiment>neutral</sentiment>
    <Opinions/>
    <text>*Bahn-Ansage: Nächste Station=Düsseldorf-Hellerhof* Phil: Waren wir schon am dunklen Hof?</text>
  </Document>
  <Document id="721841966376468480">
    <relevance>true</relevance>
    <sentiment>negative</sentiment>
    <Opinions>
      <Opinion category="Lift#Availability" polarity="negative" from="102" to="108" target="Aufzug" category_de="Aufzug#Betrieb"/>
    </Opinions>
    <text>Einsatz Nr. 09/2016 | 18.04.2016 | 00:35 Uhr | Bahnhof Aumühle | Notfall Tür verschlossen | Person in Aufzug | https://t.co/4RaPRx4K9r</text>
  </Document>
  <Document id="1359790976391380995">
    <relevance>false</relevance>
    <sentiment>neutral</sentiment>
    <Opinions/>
    <text>10.04 Uhr: ELW und HLF von der Wache 9 fahren zu &quot;Person im Aufzug eingeschlossen&quot;. Bleiben sie ruhig, wir sind gleich da.  #112live #München112</text>
  </Document>
  <Document id="755081754940235776">
    <relevance>true</relevance>
    <sentiment>negative</sentiment>
    <Opinions>
      <Opinion category="Lift#Barrier_Others" polarity="negative" from="44" to="54" target="Aufzugtüre" category_de="Aufzug#Sonstiges_Barriere"/>
    </Opinions>
    <text>@DB_Info und so ist das aktuell  &quot;verwirrte Aufzugtüre am Bahnhof Haar&quot; auf YouTube an - https://t.co/o19w0pjBc7</text>
  </Document>
  <Document id="989777763296006144">
    <relevance>true</relevance>
    <sentiment>neutral</sentiment>
    <Opinions/>
    <text>RT @TrampelFee: Wenn der Bruder bei der Bahn arbeitet und sein Gesicht merkwürdig verzieht, weil der Zug, in dem ihr euch befindet, komisch…</text>
  </Document>
  <Document id="686918896193015808">
    <relevance>true</relevance>
    <sentiment>negative</sentiment>
    <Opinions>
      <Opinion category="Escalator#Availability" polarity="negative" from="45" to="56" target="Rolltreppen" category_de="Rolltreppe#Betrieb"/>
    </Opinions>
    <text>@BVG_Ubahn am Bahnhof Residenzstr wurden die Rolltreppen abgeschaltet. Bitte wieder in Betrieb nehmen. Danke</text>
  </Document>
  <Document id="1372872530286018562">
    <relevance>false</relevance>
    <sentiment>neutral</sentiment>
    <Opinions/>
    <text>@strafraumeck @newtons_apfel @eppinghovener Und dann noch eine Anzeigetafel von https://t.co/CXiMhzQLLd https://t.co/ldfV8djhUG</text>
  </Document>
  <Document id="613400027604643840">
    <relevance>true</relevance>
    <sentiment>negative</sentiment>
    <Opinions>
      <Opinion category="InfoAcoustic#BarrierOthers" polarity="negative" from="40" to="49" target="Durchsage" category_de="Infodurchsage#Sonstiges_Barriere"/>
    </Opinions>
    <text>Hach liebe bahn, slapstick könnt ihr! - Durchsage: zug steht bereit (ein zug am gleis fähr gleichzeitig zum ausrangieren los)</text>
  </Document>
  <Document id="725224246285312000">
    <relevance>true</relevance>
    <sentiment>negative</sentiment>
    <Opinions>
      <Opinion category="Lift#Availability" polarity="negative" from="15" to="21" target="Aufzug" category_de="Aufzug#Betrieb"/>
    </Opinions>
    <text>Reparatur: Der Aufzug der Station &quot;Marienstraße&quot; zum Gleis in Ri. stadtauswärts kann bis vorauss. FR, 29. April, nicht genutzt werden.^jm</text>
  </Document>
  <Document id="1017159667544481792">
    <relevance>true</relevance>
    <sentiment>neutral</sentiment>
    <Opinions/>
    <text>@Ansuchi find ich richtig nervig im Aufzug oder wenn die gegenüber sitzen in der bahn</text>
  </Document>
  <Document id="1354052337799737351">
    <relevance>true</relevance>
    <sentiment>negative</sentiment>
    <Opinions>
      <Opinion category="ConstructionSite#Main" polarity="negative" from="14" to="26" target="Baumaßnahmen" category_de="Baustelle#Haupt"/>
      <Opinion category="ConstructionSite#Main" polarity="negative" from="31" to="41" target="U-Bahn-Bau" category_de="Baustelle#Haupt"/>
    </Opinions>
    <text>Vorbereitende Baumaßnahmen zum U-Bahn-Bau U2/#U5.  Landesgerichtsstr.-Universitätsstr.-&quot;2er-Linie&quot;: Gleisverschwenkung.  Für Autofahrer großteils gesperrt.   Vermessung mit Masken, Gleisarb.eiter im Rudel nicht.  #Bauprojekt #WienerLinien #Wien #coronavirusat #baustelle https://t.co/UIJN6URo7T</text>
  </Document>
  <Document id="760936116094660608">
    <relevance>true</relevance>
    <sentiment>neutral</sentiment>
    <Opinions/>
    <text>Schön wenn man seinen Namen auf der Anzeigetafel im Flughafen entdeckt #muscat #muscattraveltime… https://t.co/SnBgcaNjMw</text>
  </Document>
  <Document id="667012223424978945">
    <relevance>false</relevance>
    <sentiment>neutral</sentiment>
    <Opinions/>
    <text>@_Mr_NoName_ die Nachbarn 😂 trampeln bis nachts um 12 rum, denen ihre Schuhe stinken, mein Parkplatz wird andauernd zugeparkt ... 😂😂😂</text>
  </Document>
  <Document id="670326294685593600">
    <relevance>true</relevance>
    <sentiment>negative</sentiment>
    <Opinions>
      <Opinion category="Escalator#Availability" polarity="negative" from="38" to="49" target="Rolltreppen" category_de="Rolltreppe#Betrieb"/>
    </Opinions>
    <text>@DB_direkt Seit mind. Montag sind die Rolltreppen von und zu Gleis 1+2 im Karlsruher Hauptbahnhof außer Betrieb. Warum und wie lange noch?</text>
  </Document>
  <Document id="720139487695736832">
    <relevance>true</relevance>
    <sentiment>negative</sentiment>
    <Opinions>
      <Opinion category="Lift#Availability" polarity="negative" from="42" to="48" target="Aufzug" category_de="Aufzug#Betrieb"/>
    </Opinions>
    <text>Infolge einer technischen Störung ist der Aufzug im Bahnhof Magdeburg Hbf Bstg. 6 zur Zeit außer Betrieb. #T2</text>
  </Document>
  <Document id="1079330879401590785">
    <relevance>false</relevance>
    <sentiment>neutral</sentiment>
    <Opinions/>
    <text>Der Verkehr soll so wenig wie möglich beeinträchtigt werden: Unter anderem ist an der A8 am Dreieck Karlsruhe eine 24-Stunden-Baustelle geplant. https://t.co/dY9uc0fqta https://t.co/DPfMon2qGy</text>
  </Document>
  <Document id="690044942715084800">
    <relevance>true</relevance>
    <sentiment>negative</sentiment>
    <Opinions>
      <Opinion category="Escalator#Availability" polarity="negative" from="26" to="37" target="Rolltreppen" category_de="Rolltreppe#Betrieb"/>
    </Opinions>
    <text>@DB_Bahn Jetzt sind beide Rolltreppen defekt. 😢 Vom Bahnsteig runter und hoch zum Bahnsteig. Gleis 5 Bonn Hbf ☝</text>
  </Document>
  <Document id="737338904290951169">
    <relevance>true</relevance>
    <sentiment>negative</sentiment>
    <Opinions>
      <Opinion category="Lift#Availability" polarity="negative" from="35" to="41" target="Aufzug" category_de="Aufzug#Betrieb"/>
      <Opinion category="Escalator#Availability" polarity="negative" from="50" to="60" target="Rollbänder" category_de="Rolltreppe#Betrieb"/>
    </Opinions>
    <text>@DB_Bahn Jetzt sind sogar noch der Aufzug und die Rollbänder zu Gleis 4/5 dazugekommen. Geht da immer das gleiche Teil kaputt?</text>
  </Document>
  <Document id="647323393306570752">
    <relevance>true</relevance>
    <sentiment>neutral</sentiment>
    <Opinions/>
    <text>Es ist #Wiesn, wenn der Sbahnfahrer seine Ansage mit: &quot;Meine Damen &amp; Herren, hier spricht ihr Lokführer von der Front&quot; anfängt #Bahn #Ansage</text>
  </Document>
  <Document id="1003565641918484480">
    <relevance>true</relevance>
    <sentiment>neutral</sentiment>
    <Opinions>
      <Opinion category="BarrierOthers#Main" polarity="neutral" from="0" to="46" target="Informationen der DB über Reisen mit Rollstuhl" category_de="Sonstiges_Barriere#Haupt"/>
    </Opinions>
    <text>Informationen der DB über Reisen mit Rollstuhl: https://t.co/PtkUVCUCLb</text>
  </Document>
  <Document id="620119939857448960">
    <relevance>true</relevance>
    <sentiment>neutral</sentiment>
    <Opinions/>
    <text>@SBahnBerlin Gestern wieder eine strapaziöse S-Bahn Tour mit S5 erlebt. Auf Warschauer Str.eine Ansage, deren Ton einem die Schuhe auszog.</text>
  </Document>
  <Document id="616844199141486592">
    <relevance>true</relevance>
    <sentiment>neutral</sentiment>
    <Opinions/>
    <text>Wenn du das Drama von fremden Menschen stalken willst, und ihre Stimmen von der S-Bahn Ansage übertönt werden &lt;&lt;&lt;&lt;</text>
  </Document>
  <Document id="1085140361972994048">
    <relevance>false</relevance>
    <sentiment>neutral</sentiment>
    <Opinions/>
    <text>Im Frühjahr geht es los, dann wir die Baustelle &quot;Klostergärten&quot; mit Leben und Arbeit erfüllt und die Grundsteinlegung wird folgen.</text>
  </Document>
  <Document id="1010160890493259777">
    <relevance>true</relevance>
    <sentiment>neutral</sentiment>
    <Opinions/>
    <text>@LaVieVagabonde Heißt du warst nie im Urlaub mit Auto, Schiff, Bahn oder Flugzeug?  Man müsst mal rechnen was mehr pro Kopf die Umwelt verschmutzt. Ein Flugzeug mit Hunderten Passagieren oder ein Auto mit 4 Personen das die gleichen KM zurück legt... Wär mal interessant :D</text>
  </Document>
  <Document id="633578513208053760">
    <relevance>true</relevance>
    <sentiment>neutral</sentiment>
    <Opinions/>
    <text>»Lassen Sie mich durch, ich bin Ar... Jurist!« #BahnAnsagen https://t.co/S6q5n1Yku9</text>
  </Document>
  <Document id="1044627533210284032">
    <relevance>true</relevance>
    <sentiment>negative</sentiment>
    <Opinions>
      <Opinion category="Escalator#Availability" polarity="negative" from="9" to="19" target="Rolltreppe" category_de="Rolltreppe#Betrieb"/>
    </Opinions>
    <text>Wäre die Rolltreppe am S-Bhf #Friedrichstraße Arbeitnehmerin, wäre sie sicher Mitglied der @IGMetall und hätte dieses Jahr 8 Tage zusätzlich frei #rolltreppewiedermalkaputt @BVG_Kampagne</text>
  </Document>
  <Document id="1368585321609302024">
    <relevance>false</relevance>
    <sentiment>neutral</sentiment>
    <Opinions/>
    <text>Nach 20 gespielten Minuten steht eine 3-Tore-Führung für den TVB auf der Anzeigetafel - 7:10!🔝#gostuttgart #weiterso #handball #bundesliga https://t.co/CcAOH1lb6I</text>
  </Document>
  <Document id="809373054501588992">
    <relevance>true</relevance>
    <sentiment>negative</sentiment>
    <Opinions>
      <Opinion category="InfoDisplay#Avaiability" polarity="negative" from="14" to="26" target="Anzeigetafel" category_de="Infoanzeige#Betrieb"/>
    </Opinions>
    <text>Die ratternde Anzeigetafel im Bahnhof #StGallen ist weg. Doch, sie könnte bald wieder auftauchen. https://t.co/833v06LPPD https://t.co/Bkmtf0EFUN</text>
  </Document>
  <Document id="611945903721742336">
    <relevance>true</relevance>
    <sentiment>neutral</sentiment>
    <Opinions/>
    <text>Grade in der UBahn ne Durchsage: &quot;Durchsage an den Fahrer. Bitte die Pilztaste drücken und lösen&quot; Atompilz? Raus aus der Bahn nach 2:10 Std.</text>
  </Document>
  <Document id="675706187426324480">
    <relevance>false</relevance>
    <sentiment>neutral</sentiment>
    <Opinions/>
    <text>Unfall in Aschaffenburg - Frau stürzt mit Einkaufswagen in Aufzugschacht https://t.co/th8smK6hrJ</text>
  </Document>
  <Document id="688966207853228032">
    <relevance>true</relevance>
    <sentiment>negative</sentiment>
    <Opinions>
      <Opinion category="Escalator#Availability" polarity="negative" from="94" to="105" target="Rolltreppen" category_de="Rolltreppe#Betrieb"/>
    </Opinions>
    <text>@DB_Bahn @DB_Info @DB_direkt Zugverkehr heute morgen BN - K unterirdisch unpünktlich, mehrere Rolltreppen in BN außer Betrieb #fail</text>
  </Document>
  <Document id="1009664738953920512">
    <relevance>true</relevance>
    <sentiment>neutral</sentiment>
    <Opinions/>
    <text>Ich renn morgens um dann am bhf genüsslich und ohne zu hetzen mit dem aufzug zu fahren...👌🏽 #bahnhof #ultimativefäulnis</text>
  </Document>
  <Document id="1079175612827398149">
    <relevance>false</relevance>
    <sentiment>neutral</sentiment>
    <Opinions/>
    <text>MUSEUM ENGIADINAIS ST.MORITZ: &quot;HARTMANN – ARCHITEKTUR EINER FAMILIE&quot; Mehr: https://t.co/WLsJLHTDqJ Bild: Baustelle des Kurhauses Castell in Zuoz um 1912  #HartmannMuseum #HartmannArchitekten #EngadinerMuseum #MuseumEgiadinais #CHcultura @CHcultura ∆cultura +cultura https://t.co/jApYntkA3s</text>
  </Document>
  <Document id="1076443551658098690">
    <relevance>false</relevance>
    <sentiment>neutral</sentiment>
    <Opinions/>
    <text>@FlorianKrampe Sorry to hear that. However, I would like to reassure you that our crew observe all on board service regulations. I will forward your feedback regarding the bus to our service provider in Dusseldorf. Lea</text>
  </Document>
  <Document id="643088855785172992">
    <relevance>true</relevance>
    <sentiment>neutral</sentiment>
    <Opinions/>
    <text>Ich habe ein @YouTube-Video von @assicheggah positiv bewertet: http://t.co/oPRg95QVJv Zug Villach Hauptbahnhof #003 Infovideo Ansage</text>
  </Document>
  <Document id="1076083499898191872">
    <relevance>true</relevance>
    <sentiment>negative</sentiment>
    <Opinions>
      <Opinion category="Escalator#Availability" polarity="negative" from="128" to="138" target="Rolltreppe" category_de="Rolltreppe#Betrieb"/>
    </Opinions>
    <text>RT @LucasGerrits: Am U-Bahnhof Nauener Platz haben ältere Menschen, Eltern mit Kinderwägen usw. seit jeher Probleme, weil weder Rolltreppe…</text>
  </Document>
  <Document id="1000746278567993346">
    <relevance>true</relevance>
    <sentiment>neutral</sentiment>
    <Opinions/>
    <text>Auf Gleis 15 und 16 des HBF wird dringend Support benötigt. Nehmt einfach den Aufzug hoch  #b2705</text>
  </Document>
  <Document id="1078952835797213184">
    <relevance>false</relevance>
    <sentiment>neutral</sentiment>
    <Opinions/>
    <text>@FAZ_RheinMain Ich frage mich derzeit, welche Höhe die Bäume auf der brach liegenden Baustelle der Verbindung A66/A661 noch werden, die man zugunsten des Kaiserlei hinten angestellt hat.</text>
  </Document>
  <Document id="1044588976844296193">
    <relevance>false</relevance>
    <sentiment>neutral</sentiment>
    <Opinions/>
    <text>RT @STOPPStaatsfunk: @AfD &quot;Eine gehbehinderte, kleinwüchsige Frau wird von einem Nigerianer auf offener Straße vergewaltigt. Der Täter infi…</text>
  </Document>
  <Document id="714821711313641472">
    <relevance>true</relevance>
    <sentiment>positive</sentiment>
    <Opinions>
      <Opinion category="InfoDisplay#Avaiability" polarity="positive" from="44" to="57" target="Anzeigetafeln" category_de="Infoanzeige#Betrieb"/>
    </Opinions>
    <text>Cool. Hab grad in MA Hbf erstmals die neuen Anzeigetafeln der @DB_Bahn gesehen. Kannt ich bisher nur vom Hörensagen! https://t.co/rWB5nLFdDG</text>
  </Document>
  <Document id="1352702332245573632">
    <relevance>false</relevance>
    <sentiment>neutral</sentiment>
    <Opinions/>
    <text>#BMGBVB wieso gibt es eigentlich einen Schiedsrichter auf dem Platz? Ein VAR der über die Anzeigetafel kommuniziert, wurde es bei der aktuellen Auslegung der vergangenen Spieltage auch tun #VFBBMG #gräfe #brych #fohlenelf</text>
  </Document>
  <Document id="675011041395363841">
    <relevance>false</relevance>
    <sentiment>neutral</sentiment>
    <Opinions/>
    <text>Der Demoaufzug #1012ffm hat den Willy-Brandt-Platz passiert.Gerade findet eine Kundgebung auf der Berlinerstr.statt https://t.co/o0d7HyqEeN</text>
  </Document>
  <Document id="666604403617607681">
    <relevance>true</relevance>
    <sentiment>negative</sentiment>
    <Opinions>
      <Opinion category="Escalator#Availability" polarity="negative" from="32" to="43" target="Rolltreppen" category_de="Rolltreppe#Betrieb"/>
    </Opinions>
    <text>Heute ist wohl Tag der kaputten Rolltreppen an den U-Bahn Haltestellen in Essen</text>
  </Document>
  <Document id="615872727673630721">
    <relevance>true</relevance>
    <sentiment>negative</sentiment>
    <Opinions>
      <Opinion category="InfoAcoustic#Availability" polarity="negative" from="93" to="102" target="Durchsage" category_de="Infodurchsage#Betrieb"/>
    </Opinions>
    <text>@DB_Bahn Wieso fährt der RE 4967 kurz vor Darmstadt wieder zurück Richtung Frankfurt??? Ohne Durchsage oder sonst irgendwas.....</text>
  </Document>
  <Document id="1360977603138625537">
    <relevance>true</relevance>
    <sentiment>neutral</sentiment>
    <Opinions/>
    <text>@Christian_Huber Stell dich an nem Bahnhof oder so ans Ende einer Rolltreppe, gleiches Gefühl nur schlechtere Musik</text>
  </Document>
  <Document id="727583857302749184">
    <relevance>true</relevance>
    <sentiment>negative</sentiment>
    <Opinions>
      <Opinion category="Escalator#Availability" polarity="negative" from="20" to="30" target="Rolltreppe" category_de="Rolltreppe#Betrieb"/>
    </Opinions>
    <text>@flughafen Muenchen Rolltreppe im neuen Terminal seit 6 Tagen defekt.Gschlamperter Service.</text>
  </Document>
  <Document id="640595302404255744">
    <relevance>true</relevance>
    <sentiment>negative</sentiment>
    <Opinions>
      <Opinion category="InfoAcoustic#Availability" polarity="negative" from="54" to="61" target="Ansagen" category_de="Infodurchsage#Betrieb"/>
    </Opinions>
    <text>@DB_Bahn immer noch Chaos in OL. Am ZOB gibt es keine Ansagen. Die SEV-Busse sind nicht zu erkennen.</text>
  </Document>
  <Document id="992483291314913280">
    <relevance>true</relevance>
    <sentiment>negative</sentiment>
    <Opinions>
      <Opinion category="Security#Main" polarity="negative" from="104" to="126" target="Rollstuhl verschwunden" category_de="Sicherheit_Mensch#Haupt"/>
    </Opinions>
    <text>RT @freie_presse: Als Andreas Plischek in #Freiberg aus dem Zug stieg, war sein am Bahnhof abgestellter Rollstuhl verschwunden. Was aber wi…</text>
  </Document>
  <Document id="686470347680526337">
    <relevance>true</relevance>
    <sentiment>negative</sentiment>
    <Opinions>
      <Opinion category="Escalator#Availability" polarity="negative" from="22" to="32" target="Rolltreppe" category_de="Rolltreppe#Betrieb"/>
    </Opinions>
    <text>@DB_Bahn @DB_Info die Rolltreppe am Bahnhof Alexanderplatz von unten nach oben geht nicht.</text>
  </Document>
  <Document id="1000683468358082560">
    <relevance>true</relevance>
    <sentiment>neutral</sentiment>
    <Opinions/>
    <text>Bahnhof, jetzt. Ein Kind übt schießen mit einem Plastikgewehr, auf mich, die Mutter will auch mal. Links neben mir eine Frau im Rollstuhl, mit einem blauen Bein, das andere fehlt. Rechts der Mann mit Demenz, der immer auf den Bus wartet. Ich warte mit ihm. Bald bin ich zuhause.</text>
  </Document>
  <Document id="638962879182540800">
    <relevance>true</relevance>
    <sentiment>negative</sentiment>
    <Opinions>
      <Opinion category="InfoAcoustic#Availability" polarity="negative" from="100" to="107" target="Ansagen" category_de="Infodurchsage#Betrieb"/>
    </Opinions>
    <text>@SBahnBerlin was ist auf der #S25 bei Lankwitz los? Zug steht seit 10min im Bahnhof Lankwitz, keine Ansagen, keine Info</text>
  </Document>
  <Document id="652634602993901568">
    <relevance>true</relevance>
    <sentiment>positive</sentiment>
    <Opinions>
      <Opinion category="Lift#Availability" polarity="positive" from="0" to="6" target="Aufzug" category_de="Aufzug#Betrieb"/>
    </Opinions>
    <text>Aufzug am Bahnhof: Vertrag unterzeichnet: Germering - Jetzt ist es endlich fix: Der Germeringer Bahnhof bekomm... http://t.co/7juviDsdlk</text>
  </Document>
  <Document id="675968442005118976">
    <relevance>false</relevance>
    <sentiment>neutral</sentiment>
    <Opinions/>
    <text>Unfall in Aschaffenburg - Frau stürzt mit Einkaufswagen in Aufzugschacht: Als eine Frau in Aschaf... https://t.co/wEAXG5KMgh #Nachrichten</text>
  </Document>
  <Document id="699164347973689344">
    <relevance>true</relevance>
    <sentiment>neutral</sentiment>
    <Opinions/>
    <text>@iheartfrankfurt Für die Rolltreppen in der U-Bahn ist die @vgf_ffm zuständig. In den S-Bahnhöfen kümmert sich die @DB_Bahn darum. Gruß /mn</text>
  </Document>
  <Document id="623486458704343040">
    <relevance>true</relevance>
    <sentiment>negative</sentiment>
    <Opinions>
      <Opinion category="Lift#Availability" polarity="negative" from="10" to="16" target="Aufzug" category_de="Aufzug#Betrieb"/>
    </Opinions>
    <text>Leonberg: Aufzug wegen eines technischen Problems mindestens 4 Monate außer Betrieb #Bahn #Service  http://t.co/mdpeVjyeDt</text>
  </Document>
  <Document id="602067631638781952">
    <relevance>true</relevance>
    <sentiment>neutral</sentiment>
    <Opinions/>
    <text>RT @J_ulian: Manche Menschen brechen sich lieber auf der Rolltreppe das Genick, als einfach 3 Minuten auf die nächste U-Bahn zu warten.</text>
  </Document>
  <Document id="1368428031640010755">
    <relevance>true</relevance>
    <sentiment>neutral</sentiment>
    <Opinions/>
    <text>Der Aufzug rauscht durch ins zwölfte Untergeschoss, wo die Toten leben. Fährt horizontal weiter, eine U-Bahn in der Nacht. Nächster Halt Frankfurter Allee.  Aufwachen: draußen Krähenkonzert, die Silhouetten der Bäume.</text>
  </Document>
  <Document id="1373292947035336708">
    <relevance>false</relevance>
    <sentiment>neutral</sentiment>
    <Opinions/>
    <text>Bei @ManCity wird die Anzeigetafel schon mal auf 2-stellig eingestellt für das Spiel gegen @BVB  Das war ein absoluter Rückschritt in alte Zeiten und hatte nach dem Tor rein gar nichts mehr mit Fußball zu tun. Grauenhaft!  #KOEBVB</text>
  </Document>
  <Document id="826500464741122049">
    <relevance>false</relevance>
    <sentiment>neutral</sentiment>
    <Opinions/>
    <text>Die @Polizei_PP_NB rückt von der Ansage ab, dass nicht auf Straße ausgewichen werden darf, empfiehlt aber Rad stehen zu lassen #lasttweet</text>
  </Document>
  <Document id="730692202381357056">
    <relevance>false</relevance>
    <sentiment>neutral</sentiment>
    <Opinions/>
    <text>@zeitonline ...war doch so klar! Das passiert mit Ansage! Vielleicht gewollt...!? Man weiß es nicht...</text>
  </Document>
  <Document id="1046432805809532928">
    <relevance>false</relevance>
    <sentiment>neutral</sentiment>
    <Opinions/>
    <text>@faznet @Benninghoff_M Politisches Desaster und erschütternder Scherbenhaufen mit Ansage durch d politischen Mainstream. Die Kritiker des Moscheebaus wurde pauschal als Nazis und Rassisten abqualifiziert, „Aktivisten“ &amp;‘Vertretern von VDU, SPD und Grünenkonnte die Ditib Moschee nicht groß genug werden</text>
  </Document>
  <Document id="1026447103818719233">
    <relevance>false</relevance>
    <sentiment>neutral</sentiment>
    <Opinions/>
    <text>RT @TspSport: Zehnkampf-Legende Frank #Busemann vor der #LeichtathletikEM mit klaren Ansagen: https://t.co/Qrj2t6w4tB #Berlin2018 #European…</text>
  </Document>
  <Document id="902975245958643712">
    <relevance>false</relevance>
    <sentiment>neutral</sentiment>
    <Opinions/>
    <text>Ich bin es echt leid. Die durchbohren ne Telekom- Hauptleitung nach Ansage und winden sich aus dem Schadenersatz raus @wundw ist echt übel https://t.co/gmQvxVFxQ8</text>
  </Document>
  <Document id="860362235176251393">
    <relevance>false</relevance>
    <sentiment>neutral</sentiment>
    <Opinions/>
    <text>@tagesspiegel Ein letztes populistisches Aufbäumen für die 5% Hürde?😂😂😂😂😂😂😂😂 Wirkt irgendwie wie eine Ansage für Rot/Grün auf Volker Beck Niveau....</text>
  </Document>
  <Document id="969485244930895874">
    <relevance>false</relevance>
    <sentiment>neutral</sentiment>
    <Opinions/>
    <text>Das #Feuerwehrmuseum_Berlin wird barrierefrei! In der Zeit der Bauarbeiten bleibt das Museum voraussichtlich vom 5. März bis 31. Juli 2018 geschlossen. Geplante Veranstaltungen, wie #Musik_im_Museum finden aber statt. https://t.co/TTmJhXAvg3</text>
  </Document>
  <Document id="958333733119123456">
    <relevance>false</relevance>
    <sentiment>neutral</sentiment>
    <Opinions/>
    <text>@gritgernhardt @Elfefantin @nfskiberlin @roteskreuz_de Hallo aus #Berlin: Sehr hilfreich ist die Datenbach von Mobidat barriefrei leben in deiner Stadt. Dort sind auch #barrierefrei|e Hotels gelistet. Dazu viel Nützliches für den Berlinbesuch. Gute Reise! https://t.co/3DXkYL43HH</text>
  </Document>
  <Document id="928342273238192128">
    <relevance>false</relevance>
    <sentiment>neutral</sentiment>
    <Opinions/>
    <text>Laage hat seinen Bürgermeister. Sicher macht er in den 8Jahren Regentschaft nicht die Augen zu. Mit den Bürgern und für die Bürger. Mehr sozial Denken und Handeln! Ein barrierefreies Laage auf der Straße bis zum Internet- das sollte sein. Lutz.haensel@web.de https://t.co/5sSNdBoucP</text>
  </Document>
  <Document id="910771876213006336">
    <relevance>false</relevance>
    <sentiment>neutral</sentiment>
    <Opinions/>
    <text>RT @Barrierefrei_Ma: Durch einen Unfall verlor Jochen beide Füße und einen Arm. Lange Zeit ist er an den Rollstuhl gebunden - doch... http…</text>
  </Document>
  <Document id="862613274084474880">
    <relevance>false</relevance>
    <sentiment>neutral</sentiment>
    <Opinions/>
    <text>.@Der_Bundesplatz als #Yimby-Initiative: #Bundesallee als Autobahn durchschneidet Volkspark, andere Seite nicht barrierefrei erreichbar. https://t.co/bGr2AYQwnd</text>
  </Document>
  <Document id="866948214494298112">
    <relevance>false</relevance>
    <sentiment>neutral</sentiment>
    <Opinions/>
    <text>@oktogramm @b_m_zimmermann @rolandemmerich Nach der Verfilmung unseres Drehbuchs zu &quot;Independence Train&quot;, Aliens gibt es auf der Strecke ja genug, wird er barrierefrei saniert.</text>
  </Document>
  <Document id="848823263094603776">
    <relevance>false</relevance>
    <sentiment>neutral</sentiment>
    <Opinions/>
    <text>@Zugschlus Kann ich so jetzt nicht nachvollziehen. Parkplätze an der Straße und die Filiale ist barrierefrei zu erreichen. Viele Grüße</text>
  </Document>
  <Document id="1031521113334067200">
    <relevance>false</relevance>
    <sentiment>neutral</sentiment>
    <Opinions/>
    <text>@Skeedair @silbermund @freehippiegirl Wir haben gerade nachgefragt und die Fahrt ist leider nicht barrierefrei zugängig.</text>
  </Document>
  <Document id="993575266327941120">
    <relevance>false</relevance>
    <sentiment>neutral</sentiment>
    <Opinions/>
    <text>Am Freitag tagte der Ausschuss für Gleichstellung und #Integration in #Lichtenberg zum Thema &quot;inklusives Wohnen&quot;. Barrierefreier Wohnraum wird im Bezirk zwar dringend benötigt, doch die Umsetzung ist schwierig, schreibt Paul Lufter im @tspleute. https://t.co/bgWZ9g4cpb</text>
  </Document>
  <Document id="1021039723370950657">
    <relevance>false</relevance>
    <sentiment>neutral</sentiment>
    <Opinions/>
    <text>@stuttgart_stadt und die Umleitung des Fußverkehrs hier über den Radschutzstreifen... da wurde der Radverkehr (und Barrierefreiheit) wieder komplett vergessen, oder? Das einzige, das hier beachtet wurde scheint, dass der Autoverkehr ungestört weiter fließen soll. #Waldeck https://t.co/HUIxw1d9sD</text>
  </Document>
  <Document id="1022823054173528064">
    <relevance>true</relevance>
    <sentiment>negative</sentiment>
    <Opinions>
      <Opinion category="Lift#Availability" polarity="negative" from="6" to="13" target="Aufzüge" category_de="Aufzug#Betrieb"/>
      <Opinion category="Ramp#Availability" polarity="negative" from="21" to="36" target="Rollstuhlrampen" category_de="Rampe#Betrieb"/>
      <Opinion category="GeneralBarrier#Main" polarity="negative" from="83" to="99" target="Barrierefreiheit" category_de="Allgemein_Barriere#Haupt"/>
    </Opinions>
    <text>Keine Aufzüge, keine Rollstuhlrampen und erst recht keine Blindenleitsysteme - die Barrierefreiheit am Rastatter Bahnhof lässt bekanntlich zu Wünschen übrig. Weil bis zur Sanierung 2020... https://t.co/sAI812nC5i</text>
  </Document>
  <Document id="1007556409188409351">
    <relevance>true</relevance>
    <sentiment>neutral</sentiment>
    <Opinions>
      <Opinion category="GeneralBarrier#Main" polarity="neutral" from="28" to="44" target="Barrierefreiheit" category_de="Allgemein_Barriere#Haupt"/>
    </Opinions>
    <text>„Bürgeranwalt“ am 16. Juni: Barrierefreiheit in der U-Bahn? https://t.co/otkSGoSv1x https://t.co/1iP3sB9JBT</text>
  </Document>
  <Document id="990881492049059840">
    <relevance>true</relevance>
    <sentiment>neutral</sentiment>
    <Opinions>
      <Opinion category="GeneralBarrier#Main" polarity="neutral" from="61" to="77" target="Barrierefreiheit" category_de="Allgemein_Barriere#Haupt"/>
      <Opinion category="Demonstration#Main" polarity="neutral" from="36" to="49" target="Demonstration" category_de="Demo#Haupt"/>
    </Opinions>
    <text>Am 28.04.2018 unterstützten wir die Demonstration zum Motto &quot;Barrierefreiheit&quot; am Spaichinger Bahnhof (BaWü), zu der Bündnis90/Die Grünen aufgerufen hatten. Das Thema liegt uns sehr am Herzen -... https://t.co/dVmCWvlOaU</text>
  </Document>
  <Document id="984070741107838977">
    <relevance>true</relevance>
    <sentiment>negative</sentiment>
    <Opinions>
      <Opinion category="GeneralBarrier#Main" polarity="negative" from="76" to="92" target="Barrierefreiheit" category_de="Allgemein_Barriere#Haupt"/>
    </Opinions>
    <text>Besonders Lob für Fahrer der U-Bahn 2277 U2 der @wienerlinien der mangelnde Barrierefreiheit durch Engagement wettmacht</text>
  </Document>
  <Document id="981868268402151425">
    <relevance>true</relevance>
    <sentiment>neutral</sentiment>
    <Opinions>
      <Opinion category="GeneralBarrier#Main" polarity="neutral" from="188" to="204" target="Barrierefreiheit" category_de="Allgemein_Barriere#Haupt"/>
    </Opinions>
    <text>Wie #inklusiv ist #NRW? Jahresempfang des @SoVD_NRW am 12. April um 10 Uhr in der VHS #Düsseldorf am HBF. Hier eine herzliche Einladung an alle Medienschaffenden. https://t.co/HZB92qRbiv #Barrierefreiheit #Teilhabe #Inklusion #BRK #Behinderung #Soziales</text>
  </Document>
  <Document id="972346953458741248">
    <relevance>true</relevance>
    <sentiment>negative</sentiment>
    <Opinions>
      <Opinion category="GeneralBarrier#Main" polarity="negative" from="55" to="71" target="Barrierefreiheit" category_de="Allgemein_Barriere#Haupt"/>
    </Opinions>
    <text>So, dann heute mal vollkommen verschlafen die fehlende Barrierefreiheit der Bahn genießen.</text>
  </Document>
  <Document id="971677429134577665">
    <relevance>true</relevance>
    <sentiment>negative</sentiment>
    <Opinions>
      <Opinion category="GeneralBarrier#Main" polarity="negative" from="1" to="17" target="Barrierefreiheit" category_de="Allgemein_Barriere#Haupt"/>
      <Opinion category="Lift#Availability" polarity="negative" from="74" to="81" target="Aufzüge" category_de="Aufzug#Betrieb"/>
      <Opinion category="Lift#Availability" polarity="negative" from="138" to="145" target="Aufzüge" category_de="Aufzug#Betrieb"/>
    </Opinions>
    <text>#Barrierefreiheit: Fehlanzeige! Am Bonner Hauptbahnhof fallen ständig die Aufzüge aus, in Bad Godesberg sind viele Monate nach Einbau die Aufzüge noch gar nicht in Betrieb genommen #Bonn #barrierefrei nicht https://t.co/S3fR2YHGb7 https://t.co/c8vosc7dvG</text>
  </Document>
  <Document id="945893926753525766">
    <relevance>true</relevance>
    <sentiment>negative</sentiment>
    <Opinions>
      <Opinion category="GeneralBarrier#Main" polarity="negative" from="226" to="242" target="Barrierefreiheit" category_de="Allgemein_Barriere#Haupt"/>
    </Opinions>
    <text>Im gesamten Hauptbahnhof #Muenchen gibt es außerhalb der Gleisanlagen nur diese eine Sitzbank. Der schmucklose Wartesaal ist im 1.OG ist schwer zu finden. Und so sitzen alt wie jung auf Koffern und Rucksäcken und träumen von #Barrierefreiheit. https://t.co/1y6jLrqfpO</text>
  </Document>
  <Document id="931244515922448385">
    <relevance>true</relevance>
    <sentiment>positive</sentiment>
    <Opinions>
      <Opinion category="GeneralBarrier#Main" polarity="positive" from="30" to="46" target="Barrierefreiheit" category_de="Allgemein_Barriere#Haupt"/>
    </Opinions>
    <text>Rat beschließt den Ausbau der Barrierefreiheit im Stadtbahn-Bahnhof #Bermuda3eck / #Musikforum in #Bochum unter anderem mit taktilem Leitsystem; Umsetzung 2019 (Hauptbahnhof mit U35 und 302/310 für 2018 geplant), Kosten rund 100.000 Euro #ratbo</text>
  </Document>
  <Document id="913000934015369217">
    <relevance>false</relevance>
    <sentiment>neutral</sentiment>
    <Opinions/>
    <text>Danke für die Initiative - bitte weiter unterstützten für mehr Barrierefreiheit! 2. Lift ist so wichtig https://t.co/8qsSRXdUNK</text>
  </Document>
  <Document id="920255906545324033">
    <relevance>true</relevance>
    <sentiment>negative</sentiment>
    <Opinions>
      <Opinion category="GeneralBarrier#Main" polarity="negative" from="74" to="90" target="barrierefreiheit" category_de="Allgemein_Barriere#Haupt"/>
    </Opinions>
    <text>Barrierefreier Ausbau der oberirdischen Bahnhöfe der U5 in weiter Ferne. #barrierefreiheit #cdu #bvv #bvg #mahe... https://t.co/8ZDYryh3l5</text>
  </Document>
  <Document id="908533678652968960">
    <relevance>true</relevance>
    <sentiment>positive</sentiment>
    <Opinions>
      <Opinion category="GeneralBarrier#Main" polarity="positive" from="34" to="50" target="Barrierefreiheit" category_de="Allgemein_Barriere#Haupt"/>
    </Opinions>
    <text>Nahverkehr im Eichsfeld setzt auf Barrierefreiheit https://t.co/5znzNZagBt</text>
  </Document>
  <Document id="909086249511718921">
    <relevance>true</relevance>
    <sentiment>positive</sentiment>
    <Opinions>
      <Opinion category="GeneralBarrier#Main" polarity="positive" from="9" to="25" target="Barrierefreiheit" category_de="Allgemein_Barriere#Haupt"/>
    </Opinions>
    <text>Für mehr Barrierefreiheit: Bauarbeiten an der Haltestelle Tullastraße beginnen | ka-news https://t.co/huJmR7p63b https://t.co/Y4Nq5gikrB</text>
  </Document>
  <Document id="910438186719072256">
    <relevance>true</relevance>
    <sentiment>positive</sentiment>
    <Opinions>
      <Opinion category="GeneralBarrier#Main" polarity="positive" from="54" to="70" target="Barrierefreiheit" category_de="Allgemein_Barriere#Haupt"/>
    </Opinions>
    <text>U-Bahn-Haltestelle #Meiendorf'er Weg: Bauarbeiten für Barrierefreiheit haben begonnen https://t.co/5iLEiuKiQw #Rahlstedt #Volksdorf #HVV</text>
  </Document>
  <Document id="899922813339021312">
    <relevance>true</relevance>
    <sentiment>negative</sentiment>
    <Opinions>
      <Opinion category="GeneralBarrier#Main" polarity="negative" from="56" to="72" target="Barrierefreiheit" category_de="Allgemein_Barriere#Haupt"/>
    </Opinions>
    <text>Bahnhof Starnberg: Tausende Pendler jeden Tag, aber von Barrierefreiheit keine Spur. Mit unserem... https://t.co/vta6g5bzRC</text>
  </Document>
  <Document id="883958673923592192">
    <relevance>false</relevance>
    <sentiment>neutral</sentiment>
    <Opinions/>
    <text>@PolizeiHamburg @MaikKantrowicz Wenn es geht, bitte mit #Untertitel , #Barrierefreiheit</text>
  </Document>
  <Document id="849168135517335552">
    <relevance>false</relevance>
    <sentiment>neutral</sentiment>
    <Opinions/>
    <text>RT @TspLeute: Wichtiges Thema #Barrierefreiheit: Was muss verbessert werden in Berlin? #Checkpoint @LorenzMaroldt https://t.co/1SEaguJpYd</text>
  </Document>
  <Document id="837970683581906947">
    <relevance>false</relevance>
    <sentiment>neutral</sentiment>
    <Opinions/>
    <text>Von wegen Barrierefreiheit... 😕 https://t.co/L4TWKZxDjD</text>
  </Document>
  <Document id="796111759924985857">
    <relevance>false</relevance>
    <sentiment>neutral</sentiment>
    <Opinions/>
    <text>@chinkelmann Help! Finde Beschluss vom 30.5.14 nicht, wo Bezirk Altona Barrierefreiheit f. Westeingang gefordert hat https://t.co/ytoNPxqkSs</text>
  </Document>
  <Document id="753576284995854336">
    <relevance>false</relevance>
    <sentiment>neutral</sentiment>
    <Opinions/>
    <text>Die @TUBerlin braucht sowas nicht ...wir brauchen Barrierefreiheit! Jetzt! #AufzugFürERPl https://t.co/2RbqHCfEgD</text>
  </Document>
  <Document id="745896635889258496">
    <relevance>false</relevance>
    <sentiment>neutral</sentiment>
    <Opinions/>
    <text>Barrierefreiheit im Personenbeförderungsverkehr: #Taxi-Fahrer fordern gleiche Auflagen für #Ridesharer: https://t.co/qhN6bbH8Z2.</text>
  </Document>
  <Document id="734366145092943872">
    <relevance>false</relevance>
    <sentiment>neutral</sentiment>
    <Opinions/>
    <text>Die Bundesfachstelle für #Barrierefreiheit zeigt die ersten Lebenszeichen, Leiter wird schon mal gesucht https://t.co/lc2lF6pQvZ</text>
  </Document>
  <Document id="730799940964909056">
    <relevance>false</relevance>
    <sentiment>neutral</sentiment>
    <Opinions/>
    <text>#Barrierefreiheit, wie sie sich die Große Koalition vorstellt. Mit Hürden. (nd) https://t.co/fIJnKXJaTU</text>
  </Document>
  <Document id="1002276593623027713">
    <relevance>false</relevance>
    <sentiment>neutral</sentiment>
    <Opinions/>
    <text>@MixeD47 Lieber Baustelle als Büro. :-)</text>
  </Document>
  <Document id="1003660378478448641">
    <relevance>false</relevance>
    <sentiment>neutral</sentiment>
    <Opinions/>
    <text>Egal. Umziehen, ins Auto und auf auf zur Baustelle. \0~</text>
  </Document>
  <Document id="1052244186190241793">
    <relevance>false</relevance>
    <sentiment>neutral</sentiment>
    <Opinions/>
    <text>@Aitheena Ohje bei mir hat die Baustelle gestern begonnen und geht voraussichtlich bis 19. Nov. T.T</text>
  </Document>
  <Document id="651400483505090560">
    <relevance>false</relevance>
    <sentiment>neutral</sentiment>
    <Opinions/>
    <text>RT @martinromanczyk: #dpa-reporter.@georg_ismar 304 Tage vor Beginn der Sommerspiele in Rio auf der Baustelle Olympiastadion @dpa http://t.…</text>
  </Document>
  <Document id="653943078307409921">
    <relevance>false</relevance>
    <sentiment>neutral</sentiment>
    <Opinions/>
    <text>soo, nächste Baustelle. *schulterzuck*</text>
  </Document>
  <Document id="656923301403586560">
    <relevance>false</relevance>
    <sentiment>neutral</sentiment>
    <Opinions/>
    <text>when you can't go anywhere with your car because the whole city is baustelle https://t.co/kShKR9HBSG ich liebe diesen Tumblr. ❤️😂</text>
  </Document>
  <Document id="669608776157290498">
    <relevance>false</relevance>
    <sentiment>neutral</sentiment>
    <Opinions/>
    <text>@t_zimmermann Baustelle: Am Anfang plant man sich nen Wolf, stellt fest: Klappt nicht. Also Wochenziele, ... 1/x</text>
  </Document>
  <Document id="695231128848982016">
    <relevance>false</relevance>
    <sentiment>neutral</sentiment>
    <Opinions/>
    <text>Büro Ausblicke heute so. Wilhelmsruh wird zu Großbaustelle. https://t.co/IVeBQG49PD</text>
  </Document>
  <Document id="736750653205254144">
    <relevance>false</relevance>
    <sentiment>neutral</sentiment>
    <Opinions/>
    <text>Baustelle. Presslufthammer. 4 Uhr morgens...</text>
  </Document>
  <Document id="741558003657244673">
    <relevance>false</relevance>
    <sentiment>neutral</sentiment>
    <Opinions/>
    <text>Auf der Zugspitz-Baustelle. #Zugspitze https://t.co/u4hhgPZEb4 https://t.co/4OdQld3dr4</text>
  </Document>
  <Document id="780095349511839745">
    <relevance>false</relevance>
    <sentiment>neutral</sentiment>
    <Opinions/>
    <text>Ich mag das @YouTube-Video: https://t.co/pjORbBPEhU FREERUNNING AUF EINER BAUSTELLE | SHOX</text>
  </Document>
  <Document id="854929747306041346">
    <relevance>false</relevance>
    <sentiment>neutral</sentiment>
    <Opinions/>
    <text>Neu bei FT: Für Jetzt wird es ungemütlich / Baustelle Deutsche Bank / Frankreichs Börsenschreck #handelsblatt https://t.co/DVfrKrm4HZ</text>
  </Document>
  <Document id="867674930422394880">
    <relevance>false</relevance>
    <sentiment>neutral</sentiment>
    <Opinions/>
    <text>#Twittergate 😕😲 Noch ist nicht aller Tage Abend.... #Baustelle 🚦🚧🚫</text>
  </Document>
  <Document id="886181825487523840">
    <relevance>false</relevance>
    <sentiment>neutral</sentiment>
    <Opinions/>
    <text>Neues in Bubenreuth: Waldweg in Bubenreuth durch Baustelle abgegraben - Nordbayern.de https://t.co/dTEIlmOHgM</text>
  </Document>
  <Document id="983383794634973184">
    <relevance>false</relevance>
    <sentiment>neutral</sentiment>
    <Opinions/>
    <text>ist schon schön aber doch um Jahre zu spät. Eh die sich alle gefunden haben sind die Baustellen Autobahn und B2 und an den Brücken von #Bernau beendet. was meint Ihr? https://t.co/D1TCeqedCm</text>
  </Document>
  <Document id="993793684272533505">
    <relevance>false</relevance>
    <sentiment>neutral</sentiment>
    <Opinions/>
    <text>POL-MA: Heidelberg: Diebstahl von Baustelle – hoher Schaden Polizei sucht Zeugen https://t.co/KmDyx2ygHT</text>
  </Document>
  <Document id="882855873684488192">
    <relevance>false</relevance>
    <sentiment>neutral</sentiment>
    <Opinions/>
    <text>Hat Fahrern in der Nähe geholfen, mit der Meldung baustelle auf B1, Vechelde mit @waze - Fahre Sozial. https://t.co/hW2O3NUn3j</text>
  </Document>
  <Document id="777205698321145856">
    <relevance>false</relevance>
    <sentiment>neutral</sentiment>
    <Opinions/>
    <text>Defekter Beleuchtungskörper löst Feuerwehreinsatz in Wels-Innenstadt aus https://t.co/MO84501860</text>
  </Document>
  <Document id="768087412526288896">
    <relevance>true</relevance>
    <sentiment>neutral</sentiment>
    <Opinions/>
    <text>Flughafen Karlsruhe / Baden-Baden setzt auf LED-Beleuchtung https://t.co/c0CD7V0Gqz</text>
  </Document>
  <Document id="765544719371862016">
    <relevance>true</relevance>
    <sentiment>neutral</sentiment>
    <Opinions/>
    <text>@siggivoelkl BERLIN Hauptbahnhof, oberes Deck, wo weniger los ist, die Deckenbeleuchtung, umgedreht!</text>
  </Document>
  <Document id="760101445966372864">
    <relevance>false</relevance>
    <sentiment>neutral</sentiment>
    <Opinions/>
    <text>Mehringer Straße in Salzbergen erhält durchgehendes Beleuchtungskabel Gleichzeitig Sanierung der Radwege Im... https://t.co/LHv3WJbggh</text>
  </Document>
  <Document id="735834400911331328">
    <relevance>true</relevance>
    <sentiment>neutral</sentiment>
    <Opinions/>
    <text>Achtung Bahn-Fans: Geniesst 53 Minuten #Gotthard-Durchfahrt - in 360° und mit Beleuchtung. #srfgotthard #vr360 https://t.co/8H4dnoQ1GF ^vb</text>
  </Document>
  <Document id="736369746099220480">
    <relevance>false</relevance>
    <sentiment>neutral</sentiment>
    <Opinions/>
    <text>Neuer Teil der See und der Straßenbeleuchtung, die an einem dicken, schwarzen Kabel über der Straße hängt.</text>
  </Document>
  <Document id="737376929657937920">
    <relevance>false</relevance>
    <sentiment>neutral</sentiment>
    <Opinions/>
    <text>Umleitungen während der Schlossbeleuchtung https://t.co/F4NC7ZBcvO</text>
  </Document>
  <Document id="737821479736336385">
    <relevance>false</relevance>
    <sentiment>neutral</sentiment>
    <Opinions/>
    <text>01:46 Uhr - Die Straßenbeleuchtung in der Ludwig Erhard str ist ausgefallen - Ab Hausnummer 1 bis hoch zu... https://t.co/Hzt8FNo9i3</text>
  </Document>
  <Document id="728665593696628736">
    <relevance>false</relevance>
    <sentiment>neutral</sentiment>
    <Opinions/>
    <text>Bei einem der Hochhäuser an der St.Petersburger Straße ist gerade Treppenhausbeleuchtungsdisko, sehr cool 😀 #Dresden</text>
  </Document>
  <Document id="731200510116696065">
    <relevance>true</relevance>
    <sentiment>negative</sentiment>
    <Opinions>
      <Opinion category="Lighting#Availability" polarity="negative" from="6" to="22" target="Wagonbeleuchtung" category_de="Beleuchtung#Betrieb"/>
    </Opinions>
    <text>Keine Wagonbeleuchtung #bahn #pisser #versager #s21 #subventionsbetrug</text>
  </Document>
  <Document id="724161105438724096">
    <relevance>false</relevance>
    <sentiment>neutral</sentiment>
    <Opinions/>
    <text>Bildbearbeitung: Das Magazin &quot;Docma&quot; zeigt, wie man die Beleuchtung bei Fotos auch nachträglich noch anpassen kann. https://t.co/8PQEpBfb9V</text>
  </Document>
  <Document id="721291086111576064">
    <relevance>true</relevance>
    <sentiment>neutral</sentiment>
    <Opinions/>
    <text>#nachobengeschaut (Flughafen-Beleuchtungs-Geometrie) https://t.co/D2vuDpnDPe</text>
  </Document>
  <Document id="722378600192851969">
    <relevance>false</relevance>
    <sentiment>neutral</sentiment>
    <Opinions/>
    <text>@ddreudnitz @muehsam dafür haben sie hier in München seit 25 Jahren weder Gehweg, Straße noch Beleuchtung saniert :(</text>
  </Document>
  <Document id="718333047775621121">
    <relevance>false</relevance>
    <sentiment>neutral</sentiment>
    <Opinions/>
    <text>POL-KLE: Unfallflucht / Straßenbeleuchtungsmast beschädigt https://t.co/FRpErWy7eW</text>
  </Document>
  <Document id="719819952555954176">
    <relevance>false</relevance>
    <sentiment>neutral</sentiment>
    <Opinions/>
    <text>Beleuchtungseinsatz nach Verkehrsunfall THW Cuxhaven unterstützt die polizeiliche Verkehrsunfallaufnahme durch... https://t.co/GswDeXPN6X</text>
  </Document>
  <Document id="709350944258072576">
    <relevance>false</relevance>
    <sentiment>neutral</sentiment>
    <Opinions/>
    <text>Information zum Beleuchtungsbau auf dem Parkplatz Belmsdorfer Straße: Da die für die Bauarbeiten benötigte Fläche... https://t.co/vS0vdC0xdJ</text>
  </Document>
  <Document id="706755226230001664">
    <relevance>false</relevance>
    <sentiment>neutral</sentiment>
    <Opinions/>
    <text>@Wui_Toi Oder halt nur da wo es sinnvoll ist! An Ampeln, Bahnübergängen, da wo man halt warten muss ;) &quot;Straßenbeleuchtung&quot; passt da super!</text>
  </Document>
  <Document id="702138457594994691">
    <relevance>true</relevance>
    <sentiment>neutral</sentiment>
    <Opinions/>
    <text>Einigen ist ja der Tiefbahnhof zu grau und trist. Hier mal ein etwas anderes Beleuchtungskonzept: https://t.co/kyraOseAS3 ;-) #Berlin #Hbf</text>
  </Document>
  <Document id="702417415100108800">
    <relevance>false</relevance>
    <sentiment>neutral</sentiment>
    <Opinions/>
    <text>Endlich wird zwischen der GC-500 und der Autobahn GC-1 im Bereich #ElVeril eine Straßenbeleuchtung installiert: https://t.co/YnUS0kM5A2</text>
  </Document>
  <Document id="700428637447811072">
    <relevance>false</relevance>
    <sentiment>neutral</sentiment>
    <Opinions/>
    <text>Dank neuer Beleuchtung lebe ich nun auf einer Großbaustelle. Lautstärke der Gespräche in der Unterführung ist auch nach Bauarbeiter-Manier.</text>
  </Document>
  <Document id="697511881146241024">
    <relevance>false</relevance>
    <sentiment>neutral</sentiment>
    <Opinions/>
    <text>RT @Light_Building: #LED-Lampen sparen Kosten und viel CO2 bei Straßenbeleuchtung https://t.co/tkSkSiq9ce #straße #licht</text>
  </Document>
  <Document id="694953712855298048">
    <relevance>true</relevance>
    <sentiment>neutral</sentiment>
    <Opinions/>
    <text>Unbekanntes Lichtobjekt... #Berlin #Hauptbahnhof #Bahn #DB #berlinhbf #licht #beleuchtung… https://t.co/TGAfmpmdzS</text>
  </Document>
  <Document id="686918273015791617">
    <relevance>false</relevance>
    <sentiment>neutral</sentiment>
    <Opinions/>
    <text>@AustriaDaily - Weihnachtsbeleuchtung stark beschädigt: In der Kärntner Straße und am Grab... https://t.co/7RD9dtDhP7 #wien #vienna #news</text>
  </Document>
  <Document id="687276202785124354">
    <relevance>true</relevance>
    <sentiment>neutral</sentiment>
    <Opinions>
      <Opinion category="Lighting#Availability" polarity="neutral" from="58" to="72" target="Notbeleuchtung" category_de="Beleuchtung#Betrieb"/>
    </Opinions>
    <text>Ich weiß nicht, ob es es beruhigend finden soll, dass die Notbeleuchtung funktioniert oder beunruhigend, dass sie gerade an ist. #s2</text>
  </Document>
  <Document id="687642982808432640">
    <relevance>true</relevance>
    <sentiment>neutral</sentiment>
    <Opinions/>
    <text>Beleuchtung #Wientalterasse scheint Thema zu sein. Am #Nordbahnhof gibt's in Gstettn den A1-Parkplatz (300 Autos) detto festlich beleuchtet</text>
  </Document>
  <Document id="605990732973895680">
    <relevance>true</relevance>
    <sentiment>positive</sentiment>
    <Opinions>
      <Opinion category="Lighting#Availability" polarity="positive" from="42" to="53" target="Beleuchtung" category_de="Beleuchtung#Betrieb"/>
    </Opinions>
    <text>@DB_Bahn Ich vermute nur nicht aktiv - da Beleuchtung an war. Ich bin HBH ausgestiegen - Danke trotzdem 😄</text>
  </Document>
  <Document id="680104442054610944">
    <relevance>false</relevance>
    <sentiment>neutral</sentiment>
    <Opinions/>
    <text>Weihnachtsbeleuchtung - #Hamburg glänzt zum Fest https://t.co/Zcg3hVI1uw https://t.co/MSY40fCoUX</text>
  </Document>
  <Document id="673580833870110720">
    <relevance>true</relevance>
    <sentiment>neutral</sentiment>
    <Opinions/>
    <text>♣ https://t.co/WW8RVO525X ➲ https://t.co/95bz4MrPAQ #forex #info #finance #usa #RT #cz #Zürcher Hauptbahnhof: Neue Beleuchtung für Kunst …</text>
  </Document>
  <Document id="676443229726908416">
    <relevance>false</relevance>
    <sentiment>neutral</sentiment>
    <Opinions/>
    <text>Biege in meine Straße ein. Blaue Blinklichter vor mir - gleich mal gucken, was los ist. Oh, es ist nur die Balkonbeleuchtung vom Nachbarn.</text>
  </Document>
  <Document id="677031062082580481">
    <relevance>true</relevance>
    <sentiment>neutral</sentiment>
    <Opinions/>
    <text>Kurioses Versagen der Deutschen Bahn: Diese Bahnhofs&amp;#8211;Beleuchtung brennt seit Jahren https://t.co/EB12jSWJbg #blogtraffic</text>
  </Document>
  <Document id="663745558780223488">
    <relevance>true</relevance>
    <sentiment>neutral</sentiment>
    <Opinions/>
    <text>#BER wird nicht fertig, dafür gibts das Sixpack von @RafaelNadal für @TommyHilfiger mit Festbeleuchtung in #Tegel 😜👍 https://t.co/yqjnTpu2Ql</text>
  </Document>
  <Document id="665059861185601536">
    <relevance>false</relevance>
    <sentiment>neutral</sentiment>
    <Opinions/>
    <text>Guten Morgen von der Hohe Straße (bereits mit angebrachter Weihnachtsbeleuchtung) #Carlstadt #Düsseldorf https://t.co/GbC2KNWMzO</text>
  </Document>
  <Document id="668820663889764352">
    <relevance>true</relevance>
    <sentiment>neutral</sentiment>
    <Opinions/>
    <text>Gruss aus der Raucherpause 😊😊 #weihnachtsbeleuchtung #Potsdam #bahnhof ⭐⭐⭐⭐⭐ https://t.co/ryHe3qHF2P</text>
  </Document>
  <Document id="668832915409805312">
    <relevance>true</relevance>
    <sentiment>negative</sentiment>
    <Opinions>
      <Opinion category="Lighting#Availability" polarity="negative" from="30" to="41" target="Beleuchtung" category_de="Beleuchtung#Betrieb"/>
    </Opinions>
    <text>#RE11, in #Nordbögge ist die #Beleuchtung am #Bahnsteig ausgefallen. Vorsicht beim Ein und Aussteigen!!!</text>
  </Document>
  <Document id="670119491355975680">
    <relevance>false</relevance>
    <sentiment>neutral</sentiment>
    <Opinions/>
    <text>@achtertag aber ich lauf 'ne straße lang, die nicht mal 'ne richtige beleuchtung hat und da ist es nicht so toll, nach 5m nichts mehr zu</text>
  </Document>
  <Document id="670207187969527808">
    <relevance>false</relevance>
    <sentiment>neutral</sentiment>
    <Opinions/>
    <text>@ha75 Zum fairport-Gedanken passt, dass wir unsere Weihnachtsbeleuchtung auf umweltfreundliche LED-Lampen umgestellt haben.</text>
  </Document>
  <Document id="670372016382431232">
    <relevance>false</relevance>
    <sentiment>neutral</sentiment>
    <Opinions/>
    <text>Der eine Lehrer will mit mir alle meine 5 fehlenden Sonderfahrten machen. Also Autobahn-, Überland-, Beleuchtungsfahrt.</text>
  </Document>
  <Document id="670876503257796608">
    <relevance>false</relevance>
    <sentiment>neutral</sentiment>
    <Opinions/>
    <text>@HEAGmobilo stadtauswärts ist die Hintergrundbeleuchtung des Bildschirms ausgefallen. Mit einer Taschenlampe könnte ich meine...</text>
  </Document>
  <Document id="1034403220578357248">
    <relevance>false</relevance>
    <sentiment>neutral</sentiment>
    <Opinions/>
    <text>@zeitonline Viele fragen sich? Wer nicht blind durch die Straßen läuft muß sich nicht fragen. https://t.co/Y83vRiIBb8</text>
  </Document>
  <Document id="1036858308408295425">
    <relevance>false</relevance>
    <sentiment>neutral</sentiment>
    <Opinions/>
    <text>@Tagesspiegel @Ralf_Stegner (Un)schön, ja diskriminierend, dass die Behindertengruppe blinder Menschen, wieder einmal für Propaganda herhalten muss.</text>
  </Document>
  <Document id="1042374897907974144">
    <relevance>false</relevance>
    <sentiment>neutral</sentiment>
    <Opinions/>
    <text>@PolizeiSachsen Da fällt einem nichts mehr zu ein... “Wir haben seit 20 Jahren....” bla bla bla. Sächsische Politik und Polizei ist auf dem rechten Auge einfach blind. Alles Andere würde bedeuten, dass man dort außerordentlich dumm ist und das glaube ich nicht.</text>
  </Document>
  <Document id="1015100020788514816">
    <relevance>false</relevance>
    <sentiment>neutral</sentiment>
    <Opinions/>
    <text>@zeitonline Auf dem rechten Auge ist man blind. Deswegen!</text>
  </Document>
  <Document id="1019106184048074753">
    <relevance>false</relevance>
    <sentiment>neutral</sentiment>
    <Opinions/>
    <text>RT @LaMissBehave: Kleine Impression vom Balkon: So schaut mein Dorf um diese Uhrzeit aus. Da ich kleine Lust auf ein Blind Date mit Nac…</text>
  </Document>
  <Document id="995191264860688384">
    <relevance>false</relevance>
    <sentiment>neutral</sentiment>
    <Opinions/>
    <text>@zeitonline Haltung sollte man aber mal überdenken,statt blind weitermachen!</text>
  </Document>
  <Document id="989855877988483072">
    <relevance>false</relevance>
    <sentiment>neutral</sentiment>
    <Opinions/>
    <text>@faznet Nur bei den gehirngewaschenen Demokraten die blind Ihrer wahren Königin der kriminellen Clinton-Bagage herrennen hat auch Merkle noch Anerkennung.. Bei allen anderen ist sie nur ein Zeichen der gescheiterten Neo-Liberalen Replacement-Politik der globalen Elite und der EU.</text>
  </Document>
  <Document id="991550892208947200">
    <relevance>false</relevance>
    <sentiment>neutral</sentiment>
    <Opinions/>
    <text>@BILD Kann man nur unterschreiben. Leider zu wenig Chancen genutzt. Bei 39!!! Torschüssen, muss mehr reingehen. Zwei Eigentore und ein blinder Schiri waren auch nicht hilfreich. Großartiges Spiel....schlechte Madrilenen....riesen Bayern! #ServusJupp</text>
  </Document>
  <Document id="985544569306664960">
    <relevance>false</relevance>
    <sentiment>neutral</sentiment>
    <Opinions/>
    <text>RT @F_von_Steiner: Natürlich ist es reiner Zufall, dass der LKW-Fahrer die `blinden Passagiere´ erst 'bemerkt', als sie endlich das Ziellan…</text>
  </Document>
  <Document id="982498913902039040">
    <relevance>false</relevance>
    <sentiment>neutral</sentiment>
    <Opinions/>
    <text>@SPIEGELONLINE Ach was? Und was macht sie? In ihrem blinden Ehrgeiz macht sie die SPD immer mehr kaputt.</text>
  </Document>
  <Document id="981146180301279232">
    <relevance>false</relevance>
    <sentiment>neutral</sentiment>
    <Opinions/>
    <text>@Cathmessy @diana19631e @jochen_rohrberg @2018_AfDwaehlen @AfDimBundestag @AFDHHMITTE @AfD_Bv_HH_Nord @AFDtrischi @AfDwirkt Vielleicht gehen sie mal 2 Meter weiter weg von ihrer Haustür! Und Aucen auf! Ich traue mich als Frau nicht mehr Nachts auf die Straße um auszugehen! Unfassbar wie blind manche sind nur um nicht einzugestehen wie es wirklich ist! Und wo sehen sie bösartige Gesinnung bei d AFD?</text>
  </Document>
  <Document id="973597395090100224">
    <relevance>false</relevance>
    <sentiment>neutral</sentiment>
    <Opinions/>
    <text>es ist wieder einer dieser tage wo man blind über die straße läuft beinahe von lkw überfahren wird und sich denkt ~ schade ~</text>
  </Document>
  <Document id="973832094324576256">
    <relevance>true</relevance>
    <sentiment>neutral</sentiment>
    <Opinions/>
    <text>Bahn erstattet Anzeige: #Fremdenfeindliche Flyer in Fernzügen | https://t.co/LSUjx46ofI https://t.co/cKOopI3uUz ... Nein - es sind nicht alles Arbeits u. Sozialemigranten, aber ein verdammt großer Teil ... weil wir zu blind waren !</text>
  </Document>
  <Document id="938699164313116672">
    <relevance>false</relevance>
    <sentiment>neutral</sentiment>
    <Opinions/>
    <text>@SZ Wohnen alle RennRadler im Ötztal ? Blockiert ein 18mm Rennradreifen garnicht unter der Scheibenbremse? Ich denke vor allem das Menschen(Vorausschauend fahren) Räder fahren und nicht blind wie ein Pfeil auf ein Hinderniss zusteuern.</text>
  </Document>
  <Document id="946467396113633282">
    <relevance>false</relevance>
    <sentiment>neutral</sentiment>
    <Opinions/>
    <text>@polizeiberlin wer sichert eigentlich die silvesterfeier am brandenburger toor ab? wüsste nämlich gern, ob es möglich ist, dort als blinder, ohne begleitung aber mit blindenstock aufs gelende zu kommen.</text>
  </Document>
  <Document id="900457591691780097">
    <relevance>false</relevance>
    <sentiment>neutral</sentiment>
    <Opinions/>
    <text>@zeitonline Ach ja, Rhinozerosse sind auch fast blind, potent aber blind, kein guter deal. Lasst den Tieren ihre Hörner.</text>
  </Document>
  <Document id="892411894602096641">
    <relevance>false</relevance>
    <sentiment>neutral</sentiment>
    <Opinions/>
    <text>@zeitonline Dobrindt... blind oder dumm...er kann es sich aussuchen.</text>
  </Document>
  <Document id="896452773302210561">
    <relevance>true</relevance>
    <sentiment>neutral</sentiment>
    <Opinions/>
    <text>Let´s Play Rush for Gold: Alaska - 28 - Bahnhof nochmal groß umbauen [German/BLIND]: https://t.co/haF7r8LI31 über @YouTube</text>
  </Document>
  <Document id="881846261292388353">
    <relevance>false</relevance>
    <sentiment>neutral</sentiment>
    <Opinions/>
    <text>Fanino ist und bleibt ein blinder Geisterfahrer Schwarzfahrer und aus sein eigenen Risiko zum blinden Passagier für seine Verantwortung an</text>
  </Document>
  <Document id="881880929375068161">
    <relevance>false</relevance>
    <sentiment>neutral</sentiment>
    <Opinions/>
    <text>@SPIEGELONLINE Der Glaube macht selig, die Hoffnung macht blind</text>
  </Document>
  <Document id="883747557737988098">
    <relevance>false</relevance>
    <sentiment>neutral</sentiment>
    <Opinions/>
    <text>@PolizeiHamburg @ralphruthe Liest denn keiner Eure Antworten. Ich helfe euch. Nein nicht Blind! Knalltrauma!! Bitte lesen :)</text>
  </Document>
  <Document id="885392752527147008">
    <relevance>false</relevance>
    <sentiment>neutral</sentiment>
    <Opinions/>
    <text>Sachsen ist Rechts blind! https://t.co/7AoKdXKGRE</text>
  </Document>
  <Document id="888886213645672448">
    <relevance>false</relevance>
    <sentiment>neutral</sentiment>
    <Opinions/>
    <text>@SPIEGELONLINE Ist doch klar, mit dem linken Auge sieht man besser, wenn das rechte Blind ist.</text>
  </Document>
  <Document id="854323292563546117">
    <relevance>false</relevance>
    <sentiment>neutral</sentiment>
    <Opinions/>
    <text>@SPIEGELONLINE @marga_owski Okay, okay… Aber auch Liebe kann blind machen… https://t.co/DMO8eOPCUt</text>
  </Document>
  <Document id="857343107985272832">
    <relevance>false</relevance>
    <sentiment>neutral</sentiment>
    <Opinions/>
    <text>Die ostdeutsche Polizei war wieder einmal auf dem rechten Auge blind. Unfallopfer verhöhnt. #Cottbus #NaziGermany https://t.co/gq26GuIVId</text>
  </Document>
  <Document id="858921456868184065">
    <relevance>false</relevance>
    <sentiment>neutral</sentiment>
    <Opinions/>
    <text>Wenn der T5 Überholende glaubt, blind wieder nach rechts zu ziehen, weiche ich halt nach der Einspurstrecke zurück auf den Pannenstreifen.</text>
  </Document>
  <Document id="864908377511612416">
    <relevance>false</relevance>
    <sentiment>neutral</sentiment>
    <Opinions/>
    <text>@zeitonline @philipptacer @lugreven 3 Tage seit der LTW und schon wird kritisiert, dass die FDP nicht blind &quot;hier&quot; schreit? Diese Prozesse brauchen aus guten Gründen Zeit.</text>
  </Document>
  <Document id="871289213345554432">
    <relevance>false</relevance>
    <sentiment>neutral</sentiment>
    <Opinions/>
    <text>@SPIEGELONLINE Junge das hat man als blinder mit Krückstock gewusst was da wieder abgeht... 🙄</text>
  </Document>
  <Document id="873269145172942848">
    <relevance>false</relevance>
    <sentiment>neutral</sentiment>
    <Opinions/>
    <text>@SPIEGELONLINE Vielleicht sollten wir den Amis nicht blind folgen. Also ich Kämpfe dafpr</text>
  </Document>
  <Document id="1053718560554528769">
    <relevance>false</relevance>
    <sentiment>neutral</sentiment>
    <Opinions/>
    <text>@sbherrmannovic @faznet Der Mann ist die Null Nummer schlechthin.... am besten ist das Blind Date mit seinen Wählern... einfach zu heiß wie der Stau mit 100 Sachen an ihm vorbeizieht.. is auch doof so ein mobiler Stau... und Charisma... alter Schlappe... 😉🙄</text>
  </Document>
  <Document id="850648911517765632">
    <relevance>false</relevance>
    <sentiment>neutral</sentiment>
    <Opinions/>
    <text>@Enddarm @sebh1995 Im Osten geht man ungestört mit hasserfüllten und blinden Vorurteilen auf die Straße und behaupt man werde 'islamisiert' - nicht alle, ich w</text>
  </Document>
  <Document id="846101168992505856">
    <relevance>true</relevance>
    <sentiment>neutral</sentiment>
    <Opinions/>
    <text>RT @Dagobert95: Die Bahn ist eh weg. #Blind</text>
  </Document>
  <Document id="847396312941158400">
    <relevance>true</relevance>
    <sentiment>neutral</sentiment>
    <Opinions/>
    <text>@rihsdiamxnd Blind Booking Flüge sind immer Direktflüge. Liebe Grüße, LS</text>
  </Document>
  <Document id="1080871700533858304">
    <relevance>false</relevance>
    <sentiment>neutral</sentiment>
    <Opinions/>
    <text>@BILD Herzlichen Dank an die blinden und weltfremden Idioten in 🇩🇪und der EU die 🇧🇬und 🇷🇴 die teilweise noch 3te Welt Niveau hatten ,in die EU geholt haben.🖕🏽</text>
  </Document>
  <Document id="1028682721252585472">
    <relevance>false</relevance>
    <sentiment>neutral</sentiment>
    <Opinions/>
    <text>@SPIEGELONLINE Wen wundert Maaßens Nähe zur AfD noch?? Das der Verfassungsschutz auf dem rechten Auge ziemlich blind ist, ist doch spätestens seit dem NSU eine Tatsache.</text>
  </Document>
  <Document id="673993415940374528">
    <relevance>false</relevance>
    <sentiment>neutral</sentiment>
    <Opinions/>
    <text>Die bitteren Vorfälle, die in Frankreich durch blinden Terrorismus... #Bombendrohung part1: https://t.co/4ZNa7wonW8 https://t.co/UPoqL3YQ4W</text>
  </Document>
  <Document id="674071932187238400">
    <relevance>false</relevance>
    <sentiment>neutral</sentiment>
    <Opinions/>
    <text>Die bitteren Vorfälle, die in Frankreich durch blinden Terrorismus... #Bombendrohung part1: https://t.co/9o63LsvDwW https://t.co/SBWyV5iU5I</text>
  </Document>
  <Document id="674084977181462529">
    <relevance>false</relevance>
    <sentiment>neutral</sentiment>
    <Opinions/>
    <text>Die bitteren Vorfälle, die in Frankreich durch blinden Terrorismus... #Bombendrohung part1: https://t.co/BzNCvIQg4f https://t.co/4xpTAg1JfW</text>
  </Document>
  <Document id="674105247892041728">
    <relevance>false</relevance>
    <sentiment>neutral</sentiment>
    <Opinions/>
    <text>Die bitteren Vorfälle, die in Frankreich durch blinden Terrorismus... #Bombendrohung part1: https://t.co/BzNCvIQg4f https://t.co/atGzpIR0S6</text>
  </Document>
  <Document id="1031418869997613057">
    <relevance>false</relevance>
    <sentiment>neutral</sentiment>
    <Opinions/>
    <text>@BILD manchmal ist die Justiz total blind</text>
  </Document>
  <Document id="888662153271627776">
    <relevance>false</relevance>
    <sentiment>neutral</sentiment>
    <Opinions/>
    <text>Würden die Leute auf der Autobahn bei einer lauten Durchsage &quot;Die Rettungsgasse ist Lava&quot; endlich Mal eine #rettungsgasse bilden? 🤔 @ADAC</text>
  </Document>
  <Document id="846296178824265728">
    <relevance>false</relevance>
    <sentiment>neutral</sentiment>
    <Opinions/>
    <text>RT @Janine_Wissler: Gut gelaunter Fahrer verabschiedet sich per Durchsage in Feierabend: &quot;Genießt das Frühlingswetter,was ihr auch tut,es w…</text>
  </Document>
  <Document id="986620713787383808">
    <relevance>true</relevance>
    <sentiment>neutral</sentiment>
    <Opinions/>
    <text>frau mit kinderwagen steigt ein, plötzlich tönt &quot;put me up, put me down / put my feedback on the ground / put me up, take my heart / and make me happy&quot; aus dem smartphone. party! #90er #bahn #cocojamboo</text>
  </Document>
  <Document id="976080954912595968">
    <relevance>false</relevance>
    <sentiment>neutral</sentiment>
    <Opinions/>
    <text>#PolizeiNRW #Bonn Am Freitag gegen 18:40 Uhr sollen mehrere Personen in Bonn-Castell randaliert haben. Gegenüber der ARAL-Tankstelle Römerstraße warfen sie Gegenstände auf die Fahrbahn, eine Frau mit Kinderwagen wurde verletzt. Wir suchen Zeugen https://t.co/43ocKja9Fw https://t.co/Pt9FmAu9Ex</text>
  </Document>
  <Document id="966583933524684800">
    <relevance>false</relevance>
    <sentiment>neutral</sentiment>
    <Opinions/>
    <text>An der engsten Stelle auf dem Weg zur Kita hatte ich die Wahl durch den größten Hundehaufen des Jahres zu waten oder aber samt Kinderwagen auf die Straße auszuweichen. Hunde in der Innenstadt. So schön.</text>
  </Document>
  <Document id="967065059305410561">
    <relevance>true</relevance>
    <sentiment>neutral</sentiment>
    <Opinions/>
    <text>Eben musste ich so dringend an der U-Bahn pinkeln, ich habe mehrere Frauen mit Kinderwagen vorbeiziehen lassen. Äh, nein verehrte Damen, kein #metoo - nur eine übervolle schwule Blase.</text>
  </Document>
  <Document id="1074028292146110464">
    <relevance>false</relevance>
    <sentiment>neutral</sentiment>
    <Opinions/>
    <text>RT @sweeper76: Liebe SUV-Fahrer. Diese Parkplätze mit aufgedruckter Frau und Kinderwagen sind breiter, damit Eltern ihre Kinder leichter ei…</text>
  </Document>
  <Document id="928540457411448832">
    <relevance>true</relevance>
    <sentiment>neutral</sentiment>
    <Opinions/>
    <text>Hab mich grad in der Bahn mit ner Mitte Muddi über ihren Kinderwagen unterhalten bitte abknallen!</text>
  </Document>
  <Document id="926638251649130497">
    <relevance>true</relevance>
    <sentiment>neutral</sentiment>
    <Opinions/>
    <text>@IchBinNein Hab vor Wochen mal eine Frau gesehen die ne Gans im Kinderwagen in der U-Bahn rumgefahren hat oO</text>
  </Document>
  <Document id="884768282959589377">
    <relevance>false</relevance>
    <sentiment>neutral</sentiment>
    <Opinions/>
    <text>Ich bin gerade an 9 auf der Straße entsorgten alten Kinderwagen vorbei gelaufen. Es sah aus wie ein gruseliger Friedhof für Kinderwagen.</text>
  </Document>
  <Document id="878262216381911041">
    <relevance>true</relevance>
    <sentiment>neutral</sentiment>
    <Opinions/>
    <text>Betrunkene Familie streiten sich in der Bahn darüber, wer den Pfeffi austrinken darf. Daneben steht ihr Kinderwagen. #datissoberlin</text>
  </Document>
  <Document id="829770826715115523">
    <relevance>true</relevance>
    <sentiment>neutral</sentiment>
    <Opinions/>
    <text>@hochbahn @RollerUndIch schnelle Einigung gut, Sicherheit auch gut, Kinderwagen noch nie gesichert in Bus/Bahn gesehen, Verbote keine Lösung</text>
  </Document>
  <Document id="815113346039091200">
    <relevance>false</relevance>
    <sentiment>neutral</sentiment>
    <Opinions/>
    <text>#Chemnitz: Kinderwagen abgebrannt - 15 Personen vorrübergehend evakuiert https://t.co/7vKiy97nqn</text>
  </Document>
  <Document id="811478358919966720">
    <relevance>true</relevance>
    <sentiment>neutral</sentiment>
    <Opinions/>
    <text>Der Säugling in seinem schaffellgefütterten Kinderwagen, der neugierig-staunend die Mitreisenden in der S-Bahn mustert.</text>
  </Document>
  <Document id="780499787137318912">
    <relevance>true</relevance>
    <sentiment>neutral</sentiment>
    <Opinions/>
    <text>Im Zug Mails bearbeiten, am Bahnhof TelKo mit dem Präsidium der @FDPHessen und dann noch das Video von der #Kinderwagendemo checken.</text>
  </Document>
  <Document id="742114202282799104">
    <relevance>false</relevance>
    <sentiment>neutral</sentiment>
    <Opinions/>
    <text>@Polizei_Ffm Wie man hier in der Heisterstraße gut sehen kann. Kinderwagen und Rollstühle kamen da nicht mehr durch. https://t.co/DOucprZpSV</text>
  </Document>
  <Document id="731105280424087552">
    <relevance>true</relevance>
    <sentiment>neutral</sentiment>
    <Opinions/>
    <text>Ich bin jetzt nur gerade ausgezuckt ... Frau rennt mit Kinderwagen bei Rot über die Straße zur Straßenbahn ... – schockiert</text>
  </Document>
  <Document id="707250988785254400">
    <relevance>true</relevance>
    <sentiment>neutral</sentiment>
    <Opinions/>
    <text>Sorry, mit Alkohol und Kinderwagen an der U-Bahn stehen, geht garnicht!!! Wenn Feier den Frauentag zu Hause! #HH #ohneworte</text>
  </Document>
  <Document id="1029496663109525506">
    <relevance>true</relevance>
    <sentiment>neutral</sentiment>
    <Opinions/>
    <text>@die_zeitenwende Erkennbare weiße -oft alte- Cis-Männer haben sich gefälligst unterzuordnen. Die Weiber (ausländischer Herkunft) dürfen gerne den Hintereingang nutzen. Mit Kinderwagen und Bauchkugel. Schon eine Weile so am Bhf Wannsee. DIE fragt niemand nach einer Fahrkarte.</text>
  </Document>
  <Document id="1037801556626817024">
    <relevance>false</relevance>
    <sentiment>neutral</sentiment>
    <Opinions/>
    <text>@Polizei_Ffm Es ist nicht Bürgernähe, wenn man Kontrollen ankündigt, sondern absolute, brutale Bürgerferne. Ferne von Schulkindern, Senioren, Kinderwagen-Müttern. Es wäre schön, wenn auch die Polizei merken würde, dass die Mehrzahl der Bürger sich der autogerechten Stadt abgewandt hat.</text>
  </Document>
  <Document id="1011158238279151616">
    <relevance>false</relevance>
    <sentiment>neutral</sentiment>
    <Opinions/>
    <text>Heute Morgen waren bei allen #Gehweg- und #Eckenparker n in meiner Straße die Scheibenwischer hochgeklappt. Scheint also einige mehr anzupissen, dass man als Fußgänger, Rolli oder mit Kinderwagen kaum mehr durchkommt #RuntervomGehweg #Leipzig</text>
  </Document>
  <Document id="1012290969687986176">
    <relevance>false</relevance>
    <sentiment>neutral</sentiment>
    <Opinions/>
    <text>#Mainz #Finthen #Mutter mit #Kinderwagen angefahren https://t.co/1lgVaTn7RX</text>
  </Document>
  <Document id="1013492911219068931">
    <relevance>true</relevance>
    <sentiment>neutral</sentiment>
    <Opinions/>
    <text>U-Bahn. Alle wollen einsteigen, eine Schwangere unter ihnen, alle versuchen an ihr vorbeizukommen, um sich schnell zu setzen und starren aufs Handy. Niemand steht auf. Mehrfach auch als Verhalten ggü Menschen mit Kinderwagen erlebt. Was ist eigtl falsch mit euch?!? #Solidarität</text>
  </Document>
  <Document id="1015228553141608448">
    <relevance>true</relevance>
    <sentiment>neutral</sentiment>
    <Opinions/>
    <text>Am Bahnhof sitzt ein junges Mädel mit ihrem Kind im Kinderwagen. Das Kind sich will ganz offensichtlich mit ihr beschäftigen. Statt das zu tun, hat sie Kopfhörer drin und hängt am Handy -.-</text>
  </Document>
  <Document id="1000023831568842757">
    <relevance>false</relevance>
    <sentiment>neutral</sentiment>
    <Opinions/>
    <text>@mcclane Wir nehmen den Dunantring mit auf unsere Liste auf. Die Fahrzeuge hier wurden nicht abgeschleppt, da die Restbreite des Gehwegs für bspw. Rollstühle oder Kinderwagen ausreichend war. Wäre das nicht gegeben, hätten wir die Fahrzeuge abschleppen lassen können. *ck</text>
  </Document>
  <Document id="704361140432846849">
    <relevance>true</relevance>
    <sentiment>neutral</sentiment>
    <Opinions/>
    <text>@Volker_Dohr ich sehe auch so häufig alte Frauen mit Rollator in die Bahn sprinten.</text>
  </Document>
  <Document id="673130291704283136">
    <relevance>true</relevance>
    <sentiment>neutral</sentiment>
    <Opinions/>
    <text>@Rock_N_Rollator alles, was vom Bahnhof Kassel-Wilhelmshöhe ablenkt, ist gute Werbung für Kassel. Alles.</text>
  </Document>
  <Document id="668444753437028353">
    <relevance>false</relevance>
    <sentiment>neutral</sentiment>
    <Opinions/>
    <text>Rollatorfahrer nach Unfall gestorben Extra-Tipp am Sonntag 47 Krefeld https://t.co/wxNu37jmSQ</text>
  </Document>
  <Document id="661548800021045248">
    <relevance>true</relevance>
    <sentiment>neutral</sentiment>
    <Opinions/>
    <text>RT @Rock_N_Rollator: Airport Kassel: 3700 Flüchtlinge von Calden ausgeflogen https://t.co/UAr6cxC59P Damit ihr wisst, wozu Calden einen Flu…</text>
  </Document>
  <Document id="934777900146020353">
    <relevance>true</relevance>
    <sentiment>neutral</sentiment>
    <Opinions/>
    <text>Wenn man in SH Leuten mit Rollator die Fahrstuhltür offen hält: Lächeln, Danke. Wenn man es in NRW tut: Schweigen, kein Blickkontakt aber sich dann in der leeren S-Bahn direkt neben dich pflanzen. 😑👌🏻</text>
  </Document>
  <Document id="926477908771733505">
    <relevance>false</relevance>
    <sentiment>neutral</sentiment>
    <Opinions/>
    <text>Schreck zum Wochenende: Muttern (leichtfüßig mit dem Rollator unterwegs) wird von Frau mit E-Rolli umgefahren und begeht Fahrerflucht.</text>
  </Document>
  <Document id="926504092263952384">
    <relevance>false</relevance>
    <sentiment>neutral</sentiment>
    <Opinions/>
    <text>@RenateBergmann Bin für 'ne Rollator-Spur auf der Fahrbahn und Rolatoren-Schnellwege. 😁</text>
  </Document>
  <Document id="923903516883804160">
    <relevance>false</relevance>
    <sentiment>neutral</sentiment>
    <Opinions/>
    <text>#Oranienburg – Die Geschädigte war gestern gegen 11.45 Uhr mit ihrem Rollator in der Berliner Straße unterwegs.... https://t.co/4Z4QQBStp6</text>
  </Document>
  <Document id="906483557614399489">
    <relevance>true</relevance>
    <sentiment>neutral</sentiment>
    <Opinions/>
    <text>#Mainz Verkehrsunfall zwischen Straßenbahn und PKW, 3 Personen verletzt; Fahrrad vs Rollator; Mann schlägt Passanten https://t.co/FIkunZHC2o</text>
  </Document>
  <Document id="899999882328539136">
    <relevance>false</relevance>
    <sentiment>neutral</sentiment>
    <Opinions/>
    <text>Wenn auf einer befahrenen Straße beide Spuren einfach anhalten, damit eine alte Dame mit Rollator queren kann. Es gibt doch gute Menschen. ❤</text>
  </Document>
  <Document id="897754004582785024">
    <relevance>false</relevance>
    <sentiment>neutral</sentiment>
    <Opinions/>
    <text>POL-UL: (UL) Langenau – Auto rammt Rollator / Mit leichten Verletzungen überstand ein Rentner am Dienstag einen… https://t.co/a13poQWb7c</text>
  </Document>
  <Document id="897866577525211137">
    <relevance>false</relevance>
    <sentiment>neutral</sentiment>
    <Opinions/>
    <text>@zeitonline Der soll mit dem Rollator durch die Gegend Düsen und uns nicht Nerven der Kauz.</text>
  </Document>
  <Document id="898216353575968770">
    <relevance>false</relevance>
    <sentiment>neutral</sentiment>
    <Opinions/>
    <text>Mit Rollator auf dem Weg zur Autobahn https://t.co/R0a0AOR9Aq</text>
  </Document>
  <Document id="887253432519806976">
    <relevance>true</relevance>
    <sentiment>neutral</sentiment>
    <Opinions/>
    <text>RT @Berlin_de_News: Von der Sonnenbrille bis zum Rollator: Morgen könnt ihr bei der BVG alles möglich ersteigern, was andere... https://t.c…</text>
  </Document>
  <Document id="887746551942131713">
    <relevance>true</relevance>
    <sentiment>neutral</sentiment>
    <Opinions/>
    <text>@misskleinparis Sie hat ihren Rollator an die letzte freie Fahrradstelle in der Bahn angeschlossen und ich steh' mit meinem Fahrrad daneben und sie guckt1/2</text>
  </Document>
  <Document id="890559945871167488">
    <relevance>false</relevance>
    <sentiment>neutral</sentiment>
    <Opinions/>
    <text>EILMELDUNG!: Auf der Pfarrer-Karl-Straße versucht eine Rentnerin mit Rollator die Straße zu überqueren, es gibt Verzögerungen von bis zu 30m</text>
  </Document>
  <Document id="856437241534713856">
    <relevance>false</relevance>
    <sentiment>neutral</sentiment>
    <Opinions/>
    <text>Rentner mit Rollator auf offener Straße beklaut: Salzgitter-Bad. Am Samstagnachmittag… https://t.co/pylZ7T81gK</text>
  </Document>
  <Document id="860791310713626624">
    <relevance>false</relevance>
    <sentiment>neutral</sentiment>
    <Opinions/>
    <text>Rollator-Parkplatz: Mieterin durfte Gehhilfe neben der Haustür abstellen https://t.co/wBOEPeVOfW #Extremnews #abstellen #durfte</text>
  </Document>
  <Document id="863374789955600385">
    <relevance>false</relevance>
    <sentiment>neutral</sentiment>
    <Opinions/>
    <text>Rentner verliert Kontrolle über Rollator und rast in Menschenmenge https://t.co/KemreSrjhN #DerPostillon #Kontrolle #Menschenmenge</text>
  </Document>
  <Document id="849566525501657089">
    <relevance>false</relevance>
    <sentiment>neutral</sentiment>
    <Opinions/>
    <text>Hab eben ne Oma mit Rollator gesehen, die die Straße als erstes überquert hatte, als die Ampel auf grün schaltete. Die war locker auf Speed.</text>
  </Document>
  <Document id="842996928015224832">
    <relevance>false</relevance>
    <sentiment>neutral</sentiment>
    <Opinions/>
    <text>Hannover - 85-jährige Frau, welche zudem auf einen Rollator angewiesen ist, auf offener Straße niedergestochen... https://t.co/2lms5untns</text>
  </Document>
  <Document id="846653659744227328">
    <relevance>false</relevance>
    <sentiment>neutral</sentiment>
    <Opinions/>
    <text>VERKEHRSUNFALL | St. Gallen + Betagte Dame mit Rollator übersehen + Gute Besserung 💐 ____________________... https://t.co/dAOTONXELt</text>
  </Document>
  <Document id="834380316181676033">
    <relevance>false</relevance>
    <sentiment>neutral</sentiment>
    <Opinions/>
    <text>@PolizeiHamburg in Bergedorf werden anscheinend immer wieder Senioren/innen mit Rollatoren bestohlen, da bräuchte es wohl mehr Zivilstreifen</text>
  </Document>
  <Document id="824335448730456071">
    <relevance>true</relevance>
    <sentiment>neutral</sentiment>
    <Opinions/>
    <text>@treasurecheeest *dich mit dem Rollator anstubs* Aus der Bahn! Rentner-Wettrennen!! XDDD</text>
  </Document>
  <Document id="821033327973060608">
    <relevance>false</relevance>
    <sentiment>neutral</sentiment>
    <Opinions/>
    <text>POL-UL: (UL) Erbach – Mit Rollator vor den Lkw / Schwere Verletzungen erlitt ein Rentner am Montag bei einem Unfall… https://t.co/2ZX9WcIY1i</text>
  </Document>
  <Document id="816574047056183296">
    <relevance>true</relevance>
    <sentiment>neutral</sentiment>
    <Opinions/>
    <text>bin dafür, dass jede Oma zukünftig am Hbf überprüft wird, bevor sie mit dem Rollator unkontrolliert in die Menge rast #racialprofiling</text>
  </Document>
  <Document id="816943274778853376">
    <relevance>true</relevance>
    <sentiment>neutral</sentiment>
    <Opinions/>
    <text>Menschen, die uns in der Bahn helfen wollen: - Menschen mit Migrationshintergrund - Mütter - Omis mit Rollator</text>
  </Document>
  <Document id="809396865858998272">
    <relevance>false</relevance>
    <sentiment>neutral</sentiment>
    <Opinions/>
    <text>Wenn irgendwelche Kinder in deiner Straße mit einem Rollator fahren: https://t.co/qM7BN3qQg8</text>
  </Document>
  <Document id="806396890187255812">
    <relevance>true</relevance>
    <sentiment>neutral</sentiment>
    <Opinions/>
    <text>Der Großteil der Verspätungen im öpnv werden durch Rollatoren verursacht.</text>
  </Document>
  <Document id="800984645450027009">
    <relevance>true</relevance>
    <sentiment>neutral</sentiment>
    <Opinions/>
    <text>Morgens in der UBahn in einer Ecke, bedrängt von Rollatoren und Kinderwagen</text>
  </Document>
  <Document id="793363339523096576">
    <relevance>false</relevance>
    <sentiment>neutral</sentiment>
    <Opinions/>
    <text>UN: #Kamen - Frau bei #Verkehrsunfall verstorben - #LKW überfährt Frau mit #Rollator - https://t.co/BSBKwp6NCY #Tödlich #Unna https://t.co/EPdrOMtaDk</text>
  </Document>
  <Document id="787987920112222208">
    <relevance>false</relevance>
    <sentiment>neutral</sentiment>
    <Opinions/>
    <text>Renter auf dem Eltern-Kind-Parkplatz- Hätten die wenigstens n Rollator ausgepackt würde ich das ja noch verstehen....</text>
  </Document>
  <Document id="780383606749495296">
    <relevance>false</relevance>
    <sentiment>neutral</sentiment>
    <Opinions/>
    <text>POL-DEL: Landkreis Oldenburg: Verkehrsunfall zwischen Rollator-Fußgänger und PKW in… https://t.co/paSfqVBz8Q #Polizei #NSachsen</text>
  </Document>
  <Document id="770631462743707649">
    <relevance>true</relevance>
    <sentiment>neutral</sentiment>
    <Opinions/>
    <text>Das Muttchen von heute früh fährt auch meine Feierabend-Bahn. Die kann wohl nur Rollator.</text>
  </Document>
  <Document id="760048502911229952">
    <relevance>false</relevance>
    <sentiment>neutral</sentiment>
    <Opinions/>
    <text>@NekoBlablaa Glückwunsch!!! Fahr nicht zu schnell und pass auf Omis auf wenn sie die Straße mit ihren Rollator-Ferraris überqueren 8D</text>
  </Document>
  <Document id="760215104604561408">
    <relevance>false</relevance>
    <sentiment>neutral</sentiment>
    <Opinions/>
    <text>@PolizeipresseBW ich warte noch auf Entschuldigung mit dem Rollator auf die Straße musste weil Kollegen Essen waren https://t.co/PdqLhcms6S</text>
  </Document>
  <Document id="745783622502879233">
    <relevance>false</relevance>
    <sentiment>neutral</sentiment>
    <Opinions/>
    <text>@PietSmiet @Br4mm3n @kessemak2 @Brosator @JayPietsmiet @MikkelMachts #TotalVerzockt Rollator Parkplatz :) https://t.co/2SiYKW6eUc</text>
  </Document>
  <Document id="735395224369926144">
    <relevance>true</relevance>
    <sentiment>neutral</sentiment>
    <Opinions/>
    <text>Wann lernen es Leute eigentlich, dass man Sbahntüren nicht aufhalten sollte? Rollator in der Sbahn, Omi draußen.</text>
  </Document>
  <Document id="984358462439280640">
    <relevance>false</relevance>
    <sentiment>neutral</sentiment>
    <Opinions/>
    <text>Gestern parkte ich gedanklich 2x ohne Rollstuhlparkausweis auf einem entspr. Parkplatz. Glücklicherweise kein Knöllchen bekommen</text>
  </Document>
  <Document id="982321617085849600">
    <relevance>false</relevance>
    <sentiment>neutral</sentiment>
    <Opinions/>
    <text>RT @Tagesspiegel: Aus Protest gegen den &quot;extrem empathielosen&quot; @jensspahn lief der Vater eines behinderten Sohnes mitsamt dessen Rollstuhl…</text>
  </Document>
  <Document id="973953445588856832">
    <relevance>false</relevance>
    <sentiment>neutral</sentiment>
    <Opinions/>
    <text>@BILD Wahrscheinlich spendet er an Behinderte im Rollstuhl.</text>
  </Document>
  <Document id="976382549055475712">
    <relevance>true</relevance>
    <sentiment>neutral</sentiment>
    <Opinions/>
    <text>@SWBBusundBahn @gabonn Ein ganz einfacher Rollstuhl, sogar sehr schmal. Linie 608 oder 609, Uhrzeit gestern abend ca 4min bevor der tweet von mir kam. Abfahrt am Hbf Bonn. Aber das dürfte auch auf Grund der KFZ-Nummer auf dem Bild und der Busnr. nachvollziehbar sein</text>
  </Document>
  <Document id="951447696644198400">
    <relevance>false</relevance>
    <sentiment>neutral</sentiment>
    <Opinions/>
    <text>@polizeiberlin Wie sieht das eigentlich mit Alkohol im E-Rollstuhl aus? Wir haben einen Kunden der immer ziemlich angeschickert durch den Laden heizt . Und uns manchmal fast über den Haufen fährt .</text>
  </Document>
  <Document id="951520381818503168">
    <relevance>true</relevance>
    <sentiment>neutral</sentiment>
    <Opinions/>
    <text>@TobiD01 Habe mich auch das erste Mal mit Kinderwagen in die SBahn getraut. Was soll ich sagen: Ich trage den Kleinen lieber wieder. Nacken hin oder her. Wie es Rollstuhlfahrern erst gehen muss. Geht gar nicht.</text>
  </Document>
  <Document id="956205300574507011">
    <relevance>false</relevance>
    <sentiment>neutral</sentiment>
    <Opinions/>
    <text>@Pringlesflame Das ist genauso gut wie n Rollstuhlfahrer ist auf der Straße was sollte man machen? Einfach dran vorbei fahren</text>
  </Document>
  <Document id="932618473146142726">
    <relevance>false</relevance>
    <sentiment>neutral</sentiment>
    <Opinions/>
    <text>@Designersmuschi Bekannter von mir war auch Sportler, Boxen und Motorradfahrer. Bei einem Autounfall wurde er als Beifahrer schwer verletzt, jetzt im Rollstuhl, kann nur die Hände leicht bewegen, reicht gerade um den Rollstuhl mit Joystick zu steuern.</text>
  </Document>
  <Document id="919191402126422017">
    <relevance>false</relevance>
    <sentiment>neutral</sentiment>
    <Opinions/>
    <text>Nachbarn die den Rollstuhlfahrer ein Parkplatz vor der Tür wegnehmen. Was stimmt mit denen nicht ?</text>
  </Document>
  <Document id="900490486246502400">
    <relevance>false</relevance>
    <sentiment>neutral</sentiment>
    <Opinions/>
    <text>Wenn 2 Menschen eine Frau davon im Rollstuhl sitzt und sich auf der Straße streiten, dann beobachtet man die Situation und greift Notf. ein</text>
  </Document>
  <Document id="880677488430592001">
    <relevance>false</relevance>
    <sentiment>neutral</sentiment>
    <Opinions/>
    <text>Rollstuhlfahrerin nach Unfall schwer verletzt | Blaulichtreport… https://t.co/pPSwqkjSuQ #Saarland</text>
  </Document>
  <Document id="878578488151859201">
    <relevance>false</relevance>
    <sentiment>neutral</sentiment>
    <Opinions/>
    <text>„Wernesgrüner Schienen-Express“: Tourismus-Bahn nimmt Waggon für Rollstuhlfahrer in Betrieb https://t.co/tdRzzzcwX4 https://t.co/GHZmmFQr3o</text>
  </Document>
  <Document id="855344810026315776">
    <relevance>true</relevance>
    <sentiment>neutral</sentiment>
    <Opinions/>
    <text>@wathzmann @volksstimme_md @Ottostadt aus Solidarität mit Rollstuhlfahrern und Kinderwagen verzichte ich gerne auf eine Treppe. In Mülheim Hbf ist Rolltreppe/Lift kombiniert</text>
  </Document>
  <Document id="855955648328192000">
    <relevance>false</relevance>
    <sentiment>neutral</sentiment>
    <Opinions/>
    <text>RT @ma_030963: Horror-Unfall in Berlin - Rollstuhlfahrer von Auto erfasst – tot! https://t.co/YdrqBdkFT8</text>
  </Document>
  <Document id="865619062365278209">
    <relevance>false</relevance>
    <sentiment>neutral</sentiment>
    <Opinions/>
    <text>Unfall mit Rollstuhl auf Rolltreppe. Kann mir jemand erklären warum 1 so wichtiger Aufzug 1 Monat gewartet wird? https://t.co/rAWcTY1X8E</text>
  </Document>
  <Document id="852518906237472768">
    <relevance>false</relevance>
    <sentiment>neutral</sentiment>
    <Opinions/>
    <text>Nach dem #Unfall mit einem #Rollstuhlfahrer fuhr der #BMW einfach weiter: https://t.co/BiUkQrjBvH #Wiesbaden #Polizei #Unfallflucht</text>
  </Document>
  <Document id="826089111681376256">
    <relevance>false</relevance>
    <sentiment>neutral</sentiment>
    <Opinions/>
    <text>#Leipzig: Rabiater Rollstuhlfahrer verletzt 85-Jährige https://t.co/tgir8SWdGf</text>
  </Document>
  <Document id="791054590938669056">
    <relevance>false</relevance>
    <sentiment>neutral</sentiment>
    <Opinions/>
    <text>@XBERG161 Wie lang sitzt du eigentlich schon im Rollstuhl? Seit deiner Geburt oder hattest du einen Unfall?</text>
  </Document>
  <Document id="786485936553156609">
    <relevance>true</relevance>
    <sentiment>positive</sentiment>
    <Opinions>
      <Opinion category="Lift#Availability" polarity="positive" from="27" to="40" target="Rollstuhllift" category_de="Aufzug#Betrieb"/>
    </Opinions>
    <text>Der Allegra hat auch einen Rollstuhllift. Der Speisewagen ist etwas tief gelegt. 😜 #REBEReise https://t.co/ILqnKktarS</text>
  </Document>
  <Document id="783602322924449792">
    <relevance>false</relevance>
    <sentiment>neutral</sentiment>
    <Opinions/>
    <text>Retweeted Rollingplanet (@rollingplanet1): Sieben Jahre nach Unfall auf Behindertenparkplatz: Rollstuhlfahrerin... https://t.co/SlSBrNu6bV</text>
  </Document>
  <Document id="760415550015176704">
    <relevance>true</relevance>
    <sentiment>negative</sentiment>
    <Opinions>
      <Opinion category="Lift#Availability" polarity="negative" from="26" to="33" target="Aufzüge" category_de="Aufzug#Betrieb"/>
    </Opinions>
    <text>Bahnhof Ostkreuz: Kaputte Aufzüge erschweren Rollstuhlfahrern den Zugang (via @berlinerzeitung) https://t.co/lUUzEebLSy</text>
  </Document>
  <Document id="745988787562483712">
    <relevance>false</relevance>
    <sentiment>neutral</sentiment>
    <Opinions/>
    <text>@hapemathys Wer nach einen Unfall baut &amp; im Rollstuhl sitzt, wird weniger stigmatisiert als Depressive. Warum? @rentapwha @Die_Kehrseite</text>
  </Document>
  <Document id="660321213416280064">
    <relevance>false</relevance>
    <sentiment>neutral</sentiment>
    <Opinions/>
    <text>REGIONEWS Neuerlicher Zeugenaufruf zu Unfall mit Rollstuhlfahrerin in Völs bei Innsbruck: Auf dem Parkplatz de... https://t.co/THmbPdL9Ho</text>
  </Document>
  <Document id="825266580808404992">
    <relevance>false</relevance>
    <sentiment>neutral</sentiment>
    <Opinions/>
    <text>@SPIEGELONLINE so blind und taub waren die deutschen auch mal und wir wissen wo das endete. Erdogan ist Hitler 2.0</text>
  </Document>
  <Document id="813731204717547520">
    <relevance>false</relevance>
    <sentiment>neutral</sentiment>
    <Opinions/>
    <text>@zeitonline der ist nicht nur Taub sondern auch blind,auch einen pseudo christlich angehauchten Radikalen will keiner</text>
  </Document>
  <Document id="816903392857649153">
    <relevance>true</relevance>
    <sentiment>neutral</sentiment>
    <Opinions/>
    <text>Steh am Hbf und check Twitter. Währenddessen wird mein Finger taub...mit Handschuhe schreibt es sich halt nicht gut.</text>
  </Document>
  <Document id="819185954644697088">
    <relevance>true</relevance>
    <sentiment>neutral</sentiment>
    <Opinions/>
    <text>Die kiffen um sich taub zu machen, damit der Unterricht nicht mehr so langweilig ist. Schüler so unter sich in der S-Bahn. Wem melden?</text>
  </Document>
  <Document id="791613202589163520">
    <relevance>true</relevance>
    <sentiment>neutral</sentiment>
    <Opinions/>
    <text>@__Frenzy__ @AdAstra_98 Ich hab mal auf mein Handy geglubscht und saß in ner anderen Bahn. Die Anzeige war falsch. Musik machte mich taub...</text>
  </Document>
  <Document id="780188546183356416">
    <relevance>false</relevance>
    <sentiment>neutral</sentiment>
    <Opinions/>
    <text>@faznet ins Mittelalter Herr Tauber aber sie scheinen wohl taub zu sein für die heutige Gesellschaft! Deshalb verkacken die alten Parteien!😐</text>
  </Document>
  <Document id="1044329079812640768">
    <relevance>false</relevance>
    <sentiment>neutral</sentiment>
    <Opinions/>
    <text>Ratzi ist traurig. Doggie hört nichts mehr. Komplett taub. Seit ein paar Tagen. Doggie war immer Freigänger. Weil er super gut verstanden hat. Jetzt muss er leider an die Leine, damit er nicht auf die Straße läuft. Tja, wenn man alt wird.... https://t.co/kILPpjuUww</text>
  </Document>
  <Document id="727245547384524801">
    <relevance>true</relevance>
    <sentiment>neutral</sentiment>
    <Opinions/>
    <text>Am vergangenen Samstag (30.04.2016) kam es gegen 18:30 Uhr in einem Regionalexpress bei Lauda-Königshofen offenbar zu einer ... # Mein Taub…</text>
  </Document>
  <Document id="1033391129796984832">
    <relevance>true</relevance>
    <sentiment>neutral</sentiment>
    <Opinions/>
    <text>@Bruugar Guten Hunger, ich werd mal heim humpeln (blöde Schuhe, nach 12 Stunden sbahn sind die Füße taub x.x )</text>
  </Document>
  <Document id="642214151369150464">
    <relevance>false</relevance>
    <sentiment>neutral</sentiment>
    <Opinions/>
    <text>@faznet @CSU Leider ist die Furzgurke #Merkel nicht nur dumm, sondern auch taub &amp; blind: MERKEL MUSS WEG #Pegida.</text>
  </Document>
  <Document id="1042879763570929664">
    <relevance>false</relevance>
    <sentiment>neutral</sentiment>
    <Opinions/>
    <text>@SPIEGELONLINE @ToniTWildgrube Alles kein Grund für @BMI_Bund und @BfV_Bund die Nazis der #AfD bundesweit zu beobachten. Spurenleser, blind und taub!</text>
  </Document>
  <Document id="1016276983095971840">
    <relevance>false</relevance>
    <sentiment>neutral</sentiment>
    <Opinions/>
    <text>Auf der Baustelle nebenan läuft die ganze Zeit ein Sender mit Musik der 60er. Ich werd taub.</text>
  </Document>
  <Document id="1016400008722120705">
    <relevance>false</relevance>
    <sentiment>neutral</sentiment>
    <Opinions/>
    <text>@BILD Jetzt wird mir klar warum manche Paare bei der Vereinigung zu schreien, die Vagina ist taub.</text>
  </Document>
  <Document id="1016707111030525953">
    <relevance>false</relevance>
    <sentiment>neutral</sentiment>
    <Opinions/>
    <text>Neuester tiefpunkt beim Radfahren in der @stadtdortmund: von den wartenden Autofahrern taub gehupt werden, weil hier jemand mitten auf der Straße parkt und man vorbei will. https://t.co/JmQAf8qbnT</text>
  </Document>
  <Document id="1002187825809448968">
    <relevance>false</relevance>
    <sentiment>neutral</sentiment>
    <Opinions/>
    <text>RT @VIZ_Berlin: Ab ca. 17:30 Uhr kommt es aufgrund einer #Fronleichnamsprozession in #Mitte vom #Gendarmenmarkt über Markgrafenstraße, Taub…</text>
  </Document>
  <Document id="1082885569796026368">
    <relevance>false</relevance>
    <sentiment>neutral</sentiment>
    <Opinions/>
    <text>RT @morningpapergal: Ich habe ein Kilo Zucker auf dem Küchenboden verteilt sehe komplett aus wie ein Unfall bin immer noch taub auf einem O…</text>
  </Document>
  <Document id="985794365682528256">
    <relevance>true</relevance>
    <sentiment>neutral</sentiment>
    <Opinions/>
    <text>Wie macht man sich 50 #Berliner zu Todfeinden? a) links auf der Rolltreppe stehen &amp; sich taub stellen b) @DIEZEIT in der Ubahn ohne Faltsystem lesen c) „Die kenne gaa niggs hie, nitemol Fußball“, und dann: „ganz schee frech, jungah Mann!“ Unsere Rache wird furchtbar sein.</text>
  </Document>
  <Document id="977968676530991106">
    <relevance>false</relevance>
    <sentiment>neutral</sentiment>
    <Opinions/>
    <text>@BILD Interessant : ist es gegen Juden ist der Aufschrei groß.... Ist es gegen Christen und deutsche ist man stumm und taub! Afd wählen Linksruck stoppen und asylinvasion stoppen. Kein sonderstatus nur weil man Jude ist!</text>
  </Document>
  <Document id="968561613497360385">
    <relevance>true</relevance>
    <sentiment>neutral</sentiment>
    <Opinions/>
    <text>Vorhin am Alex musste ein Tramfahrer ein paar mal hupen, weil 2 Tauben sich partout geweigert haben von den Schienen zu weichen. Nach ein paar &quot;huuup&quot; sind sie dann genervt weg gewatschelt! Gibt wohl Tierfreunde bei der #bvg #tauben #weilwirdichlieben #alex #berlin #nofucksgiven</text>
  </Document>
  <Document id="938485549521924096">
    <relevance>false</relevance>
    <sentiment>neutral</sentiment>
    <Opinions/>
    <text>@SZ Der Herr vom Verfassungsschutz war vermutlich blind und taub vor Liebe. Sehr glaubhaft.</text>
  </Document>
  <Document id="940485479308431360">
    <relevance>true</relevance>
    <sentiment>neutral</sentiment>
    <Opinions/>
    <text>S-Bahn türen gehen auf und dich glotzen einfach zwei tauben an. The hell they doin in there??</text>
  </Document>
  <Document id="941999953177726976">
    <relevance>true</relevance>
    <sentiment>neutral</sentiment>
    <Opinions/>
    <text>Sind jetzt am Flughafen am Ziel angekommen \o/ Ich bin immer noch taub von der Landung, aber hier mal ein Auschnitt des Ausblicks den ich hatte :D https://t.co/760RsifKPx</text>
  </Document>
  <Document id="951006379464110081">
    <relevance>false</relevance>
    <sentiment>neutral</sentiment>
    <Opinions/>
    <text>@zeitonline Diese Behinderte Linke die randalieren ggn G20 aber für Wichtigen Themen &amp; Problemen sind die Stumm , Taub ,und Blind , von mir aus Lebenslang wäre besser .</text>
  </Document>
  <Document id="951811709081092096">
    <relevance>true</relevance>
    <sentiment>neutral</sentiment>
    <Opinions/>
    <text>Junge Dame, die Linie endet hier! &quot;Äh .. was?&quot; &quot;Sie müssen aussteigen! Wir sind am Hauptbahnhof!&quot; &quot;Oh .. huch!&quot; Der Moment, wenn ein Buch dich blind und taub für die Außenwelt macht.</text>
  </Document>
  <Document id="931212122037645312">
    <relevance>true</relevance>
    <sentiment>neutral</sentiment>
    <Opinions/>
    <text>@glaubstenicht Ja, sicha. Für Männer ist es doch total peinlich, wenn sich ein 15jähriges Mädchen bei einem sexuellen Übergriff einmischt. Und dann noch selbst angegriffen wird. Waren die Männer in der Bahn taub und blind? Oder was war da los? Warum half niemand?</text>
  </Document>
  <Document id="933156110990827521">
    <relevance>false</relevance>
    <sentiment>neutral</sentiment>
    <Opinions/>
    <text>#MainTauberKreis https://t.co/kHIkapFzeY https://t.co/7NLhjtY07L Glück hatte der Fahrer eines Sprinters auf der A81 Richtung Stuttgart zwischen der Anschlussstelle Boxberg und der Anschlussstelle Osterburken. #Main-Tauber-Kreis #MainTauberKreis # Täglich | Aktuell | Mein Taub…</text>
  </Document>
  <Document id="928338628216000512">
    <relevance>false</relevance>
    <sentiment>neutral</sentiment>
    <Opinions/>
    <text>Stummfilm Wenn Regentropfen zu einer Bassdrum werden und du nach Fluchtpunkten suchst Der Kopf wird so laut und zugleich Taub immer wieder zucken Gedanken wie Blitzte das Herz brennt und brennt aus.wohin auf Straße ? Vor dein Haus ? ins Theater ?</text>
  </Document>
  <Document id="912442196078538752">
    <relevance>false</relevance>
    <sentiment>neutral</sentiment>
    <Opinions/>
    <text>@SPIEGELONLINE Zu Spät Gesehn ????? Bureau's eingeschaltet fur Markt Untersuchung,Spionen! Lobbyisten! Und noch sind die Taub und Blind! Erkennen Nichts!</text>
  </Document>
  <Document id="912562449399865344">
    <relevance>false</relevance>
    <sentiment>neutral</sentiment>
    <Opinions/>
    <text>@zeitonline Es fehlt: Islamistischer Terror. Es sei denn, Sie sind auf beiden Ohren taub. Hamas Sprecher:</text>
  </Document>
  <Document id="888015946274791424">
    <relevance>false</relevance>
    <sentiment>neutral</sentiment>
    <Opinions/>
    <text>@BILD Urgend was stimmt nicht mit dem DE Politik , alles was dennen nicht passt ist BÖSE , außer Israel , da sind die leider Taub und Blind .</text>
  </Document>
  <Document id="878732626613469184">
    <relevance>false</relevance>
    <sentiment>neutral</sentiment>
    <Opinions/>
    <text>@zeitonline Wenn man Phrasen zu lange drischt kommt nur taubes Stroh raus</text>
  </Document>
  <Document id="856076680573702144">
    <relevance>false</relevance>
    <sentiment>neutral</sentiment>
    <Opinions/>
    <text>Wie arbeitet ein gehörloser Forscher? Der Physiker Ingo Barth ist taub und kennt die Hürden, aber auch die Chancen https://t.co/SIUFk56cPY</text>
  </Document>
  <Document id="838859316987838464">
    <relevance>false</relevance>
    <sentiment>neutral</sentiment>
    <Opinions/>
    <text>https://t.co/Hv6b8f1Ql0 #ist da das Polizei WC??? # Leute auf der Straße sind mir egal!! denn wenn ich Pissen mus… https://t.co/iwJEv2kPlH</text>
  </Document>
  <Document id="707237813591343106">
    <relevance>false</relevance>
    <sentiment>neutral</sentiment>
    <Opinions/>
    <text>RT @tagesspiegel: Am #Weltfrauentag demonstrieren Schüler in #Berlin für saubere Toiletten. Weltweit leiden Frauen unter dreckigen WCs http…</text>
  </Document>
  <Document id="999657422674415617">
    <relevance>false</relevance>
    <sentiment>neutral</sentiment>
    <Opinions/>
    <text>Auf unserer Baustelle ist schon einiges zu erkennen. In der Mitte läuft der Flur, hinten links Fahrstuhl und WCs. Vorne links Versorgungsräume, rechts, wo jetzt der Kran steht, große Teile des Archivs. In den nächsten zwei Wochen kommt die Kellerdecke oben drauf. https://t.co/ffte7U9Ld7</text>
  </Document>
  <Document id="731431798333419520">
    <relevance>false</relevance>
    <sentiment>neutral</sentiment>
    <Opinions/>
    <text>Retweeted Markus Walloschek (@electrozwerg): @TLZnews ihr schreibt über Restaurant und? Beh. Parkplatz? WC?... https://t.co/9kAQBAB7Y8</text>
  </Document>
  <Document id="674302818333814784">
    <relevance>false</relevance>
    <sentiment>neutral</sentiment>
    <Opinions/>
    <text>#huren #sextreffen Autobahn Rastplatz WC: Bei ein Stop auf einem Autobahn Rastplatz WC war... https://t.co/lSfH4zcwpB #seitensprung #date</text>
  </Document>
  <Document id="765285088636628992">
    <relevance>false</relevance>
    <sentiment>neutral</sentiment>
    <Opinions/>
    <text>RT @faznet: Mit einem speziellen WC kann aus Urin geeignetes Düngemittel hergestellt werden. https://t.co/TxjsTv4UhY</text>
  </Document>
  <Document id="971482910267146241">
    <relevance>false</relevance>
    <sentiment>neutral</sentiment>
    <Opinions/>
    <text>@lilly_blaudszun Solange das Autobahn WC 3km Luftlinie von hier höheren Datendurchsatz hat als unser Gewerbegebiet (danke für 16er Privatkunden DSL, immerhin), ist für die Firmen hier Breitband noch vorrangig 😉</text>
  </Document>
  <Document id="737540470935457794">
    <relevance>false</relevance>
    <sentiment>neutral</sentiment>
    <Opinions/>
    <text>Stadt zahlt 175000 Euro für ein WC: Am Parkplatz Fähranleger wird eine neue Toilette gebaut Be... https://t.co/plTmU3JnYI via @NNNonline</text>
  </Document>
  <Document id="1022186890315931652">
    <relevance>false</relevance>
    <sentiment>neutral</sentiment>
    <Opinions/>
    <text>Autobahn - Klos. Ein lukratives Geschäft. Es gibt tatsächlich Länder, da sind die WCs kostenlos! #AktenzeichenXY</text>
  </Document>
  <Document id="1046327910783741953">
    <relevance>false</relevance>
    <sentiment>neutral</sentiment>
    <Opinions/>
    <text>@GameOvermeier Gestern Leute auf der Straße gesehen mit einem langen Holzbrett und einem WC 🤔😄 #didisberlin</text>
  </Document>
  <Document id="712432696366997504">
    <relevance>false</relevance>
    <sentiment>neutral</sentiment>
    <Opinions/>
    <text>AnnaANAL: Normal stehe ich ja nicht so auf diese schmudeligen WC´s an der Autobahn, trotzdem blieb mir nix anderes… https://t.co/D4jAqBC7iQ</text>
  </Document>
  <Document id="715452353164476416">
    <relevance>false</relevance>
    <sentiment>neutral</sentiment>
    <Opinions/>
    <text>Die meisten Meetings sind doch wie Durchfall auf der Autobahn. Du möchtest ganz dringend aussteigen, aber das nächste WC kommt erst in 20km.</text>
  </Document>
  <Document id="674274851536936961">
    <relevance>false</relevance>
    <sentiment>neutral</sentiment>
    <Opinions/>
    <text>Neuer Download: &quot;Autobahn Rastplatz WC&quot; von naturalchris https://t.co/VDRJJm2wyb https://t.co/5EJNqr0w6o</text>
  </Document>
  <Document id="683245520534515712">
    <relevance>false</relevance>
    <sentiment>neutral</sentiment>
    <Opinions/>
    <text>Sacht ma, gibt's hier nirgends nen Parkplatz mit WC?! 😳 ICH MUSS MAL!</text>
  </Document>
  <Document id="1023610734499037184">
    <relevance>false</relevance>
    <sentiment>neutral</sentiment>
    <Opinions/>
    <text>#sanifair WC an der Autobahn darf was kosten -- vom Oberverwaltungsgericht Koblenz umfassend geklärt. -- LEGAL TRIBUNE: https://t.co/qLOshFL8Xw</text>
  </Document>
  <Document id="1043602348147453953">
    <relevance>false</relevance>
    <sentiment>neutral</sentiment>
    <Opinions/>
    <text>Kovac nach Bayern-Sieg - Ego-Ansage an Ribéry https://t.co/TXL0V3nGy6</text>
  </Document>
  <Document id="657184756652769280">
    <relevance>false</relevance>
    <sentiment>neutral</sentiment>
    <Opinions/>
    <text>#ERROR!</text>
  </Document>
  <Document id="1029740877449715712">
    <relevance>false</relevance>
    <sentiment>neutral</sentiment>
    <Opinions/>
    <text>@BILD Ich finde das in Ordnung😉er hat Recht die meisten Kinder sind heutzutage schlecht erzogen🤨die tanzen ihren Eltern auf der Nase rum. Schuld sind aber die Eltern da sie mit Ihrer fragwürdigen Erziehung &quot; möchtest du das, wollen wir das&quot;🤨komplett daneben liegen. Ansage und fertig</text>
  </Document>
  <Document id="1018163307008708616">
    <relevance>false</relevance>
    <sentiment>neutral</sentiment>
    <Opinions/>
    <text>Ihre komische Demo dürfen die hier ohnehin nicht machen,es ist hier kein öffentlicher Platz, zwar ne öffentliche Straße aber kein Öffentlicher Platz. Uuuuuuund die dürfen keine öffentliche Straßendemo machen hier weil dafür bräuchten sie erstmal ein Platz und alles Klare Ansage</text>
  </Document>
  <Document id="1019242249950060545">
    <relevance>false</relevance>
    <sentiment>neutral</sentiment>
    <Opinions/>
    <text>@SZ Ich streite nicht! Ich erteile Ansagen!</text>
  </Document>
  <Document id="982147140343361538">
    <relevance>false</relevance>
    <sentiment>neutral</sentiment>
    <Opinions/>
    <text>Der Handelsstreit zwischen #China und den #USA spitzt sich weiter zu: Auf die Androhung weiterer Strafzölle reagiert die chinesische Regierung mit der Kampfansage, sie werde &quot;um jeden Preis bis zum Ende gehen&quot;. https://t.co/Z2RzH7pe6S</text>
  </Document>
  <Document id="940141397830787072">
    <relevance>false</relevance>
    <sentiment>neutral</sentiment>
    <Opinions/>
    <text>@viv0333 @Klostifan1981 Ruf Umleitung zur zeitansage kann doch einstellen 😃</text>
  </Document>
  <Document id="935162698849050624">
    <relevance>false</relevance>
    <sentiment>neutral</sentiment>
    <Opinions/>
    <text>@faznet Umweltverbrechen mit Ansage. Politiker gehorchen den Lobbyisten. Tierwelt vor der Ausrottung.</text>
  </Document>
  <Document id="927190149095714816">
    <relevance>false</relevance>
    <sentiment>neutral</sentiment>
    <Opinions/>
    <text>@SPIEGELONLINE Ansage an @BILD</text>
  </Document>
  <Document id="863297094890782720">
    <relevance>false</relevance>
    <sentiment>neutral</sentiment>
    <Opinions/>
    <text>Das erklärt die nicht funktionierenden Anzeigetafeln…https://t.co/e8MPnj6aIv</text>
  </Document>
  <Document id="1013335970488438784">
    <relevance>false</relevance>
    <sentiment>neutral</sentiment>
    <Opinions/>
    <text>@Der_Postillon 10km Stu vor der Anzeigetafel, die über 3km Stau uf der A67 informiert....</text>
  </Document>
  <Document id="1014524023244328961">
    <relevance>false</relevance>
    <sentiment>neutral</sentiment>
    <Opinions/>
    <text>🌏 Das „Q“-Phänomen: Ein einzelner Buchstabe erscheint in den USA immer öfter auf Plakaten und Anzeigetafeln in der Nähe von Autobahnen, auf T-Shirts bei Trump-Reden und hat sich zu einer Internet-Sensation bei vielen Konservativen in den Vereinigten… https://t.co/Oocyu2XoCc ET https://t.co/aoVGmPFncl</text>
  </Document>
  <Document id="1018828387241136128">
    <relevance>false</relevance>
    <sentiment>neutral</sentiment>
    <Opinions/>
    <text>Aktuell: &quot;Polizei Karlsruhe: (CW) Nagold - Filmreifes Scrabble Spiel&quot; Nagold (ots) - Zwei Männer, im Alter von 25 und 26 Jahren, funktionierten Montagfrüh die Anzeigetafel eines Kinos in der Freudenstädter Straße zu einem Spielbrett um. Nicht schlecht st… https://t.co/3jdjdg6vPu</text>
  </Document>
  <Document id="1002473770324553728">
    <relevance>false</relevance>
    <sentiment>neutral</sentiment>
    <Opinions/>
    <text>@l8mal Die Integrierte Verkehrsleitzentrale greift dutzendfach am Tag in den Verkehr ein (Ampelschaltungen, Anzeigetafel, Geschwindigkeiten) und vermeidet so weiteren Stau im Kessel.</text>
  </Document>
  <Document id="943132575450763264">
    <relevance>false</relevance>
    <sentiment>neutral</sentiment>
    <Opinions/>
    <text>Auf der A2 im Landkreis Börde sind alle elektronischen Anzeigetafeln ausgefallen. Grund: Ein schwerer Verkehrsunfall in der Nacht. https://t.co/Odz26LKTvZ</text>
  </Document>
  <Document id="898953721903693825">
    <relevance>false</relevance>
    <sentiment>neutral</sentiment>
    <Opinions/>
    <text>Was steckt dahinter? - Schalke schwärzt Werner auf der Anzeigetafel! https://t.co/A6NiCP9Q2S</text>
  </Document>
  <Document id="888056682772910080">
    <relevance>false</relevance>
    <sentiment>neutral</sentiment>
    <Opinions/>
    <text>Jeder, der die Anzeigetafeln auf Autobahnen bedient, ist ein Huan.</text>
  </Document>
  <Document id="996755499281518593">
    <relevance>false</relevance>
    <sentiment>neutral</sentiment>
    <Opinions/>
    <text>RT @zeitonline: Haben Sie in den vergangenen zwölf Monaten darüber nachgedacht, den Lehrerberuf aufzugeben? @zeitonline fragt die #Lehrer,…</text>
  </Document>
  <Document id="991261738770235393">
    <relevance>false</relevance>
    <sentiment>neutral</sentiment>
    <Opinions/>
    <text>#ffm0105 Der Aufzug ist mittlerweile auf dem #Römerberg angekommen.</text>
  </Document>
  <Document id="991357017313902597">
    <relevance>false</relevance>
    <sentiment>neutral</sentiment>
    <Opinions/>
    <text>Die Teilnehmer des Aufzugs haben sich nun in Bewegung gesetzt und erreichen gleich den Steindamm. #StGeorg #1MaiHH #VerkehrHH https://t.co/RS8RcMe1yM</text>
  </Document>
  <Document id="973254541293572096">
    <relevance>false</relevance>
    <sentiment>neutral</sentiment>
    <Opinions/>
    <text>Der Aufzug mit ca. 250 Teilnehmern erreicht die Kreuzung Stephansplatz / Esplanade. Es kommt zu kurzzeitigen Straßensperrungen. #HH1203 #verkehrhh https://t.co/LHELItoOrn</text>
  </Document>
  <Document id="975028194301669377">
    <relevance>false</relevance>
    <sentiment>neutral</sentiment>
    <Opinions/>
    <text>Der Aufzug vom #Gänsemarkt ist jetzt in der #Schanzenstraße. Über die Altonaer Straße geht der Marschweg dann in die Straße Schulterblatt. Hier ist eine weitere Zwischenkundgebung geplant. #HH1703</text>
  </Document>
  <Document id="975799661272403968">
    <relevance>false</relevance>
    <sentiment>neutral</sentiment>
    <Opinions/>
    <text>19:20 Pegida beginnt jetzt mit dem Aufzug über die Wilsdruffer Straße Richtung Pirnaischen Platz, dann weiter am Rathaus entlang über die Seestraße zum Altmarkt zurück. Dort soll dann Andre Poggenburg (AfD Sachsen-Anhalt) sprechen. #dd1903 #NOPEGIDA</text>
  </Document>
  <Document id="972725166240419840">
    <relevance>false</relevance>
    <sentiment>neutral</sentiment>
    <Opinions/>
    <text>@BILD Ich habe den Wortbeitrag gelesen. Er hat bei fast allem Recht. Stichworte: &quot;Kohorte&quot; und &quot;Gewaltenteilung&quot;. Normalerweise wäre es Aufgabe der deutschen Medien, diese Punkte aufzugreifen. Tun sie aber nicht. Es wird über den einen fragwürdigen Satz diskutiert. (&quot;95 Prozent&quot;).</text>
  </Document>
  <Document id="959947752678612993">
    <relevance>false</relevance>
    <sentiment>neutral</sentiment>
    <Opinions/>
    <text>RT @freie_presse: Vor Jahren erhob die #NPD in #Sachsen Immobilienerwerb zur Strategie. Jetzt scheint die Ernte aufzugehen. 25 rechtsextrem…</text>
  </Document>
  <Document id="960140490359427072">
    <relevance>true</relevance>
    <sentiment>positive</sentiment>
    <text>RT @aufzugswaechter: Mannheim Hbf: Nicht Reisendenrelevant has changed state from INACTIVE to ACTIVE</text>
    <Opinions>
      <Opinion category="Lift#Availability" from="4" to="19" target="aufzugswaechter" polarity="positive" category_de="Aufzug#Betrieb"/>
    </Opinions>
  </Document>
  <Document id="942763859164704768">
    <relevance>false</relevance>
    <sentiment>neutral</sentiment>
    <Opinions/>
    <text>#HeldenDesAlltags: zwei tapfere Umzugshelfer, die gut gelaunt einen Wohnungsumzug im 4. OG ohne Aufzug durchziehen. Und on top heute noch zwölf Stunden auf der Straße verbringen.</text>
  </Document>
  <Document id="953556783049728000">
    <relevance>false</relevance>
    <sentiment>neutral</sentiment>
    <Opinions/>
    <text>@SPIEGELONLINE Abartig und Krank was da abgeht. Die linksgrüne Richterschaft scheint sich ja richtig daran aufzugeilen einen Greis zu foltern.</text>
  </Document>
  <Document id="955448434194083840">
    <relevance>false</relevance>
    <sentiment>neutral</sentiment>
    <Opinions/>
    <text>@KevinJunior98 Es wurde ein Aufzug (Demonstration) in der Innenstadt angemeldet (ab 17 Uhr). *tg</text>
  </Document>
  <Document id="913762500017049600">
    <relevance>false</relevance>
    <sentiment>neutral</sentiment>
    <Opinions/>
    <text>Der (vielleicht) letzte #Aufzugstweet der Woche. Noch eine Zigarette, dann geht's heim. Oder in den Stau. Je nach dem. Bis dann. #DenkAnDich https://t.co/7ckEgUGQNe</text>
  </Document>
  <Document id="924280701691707394">
    <relevance>false</relevance>
    <sentiment>neutral</sentiment>
    <Opinions/>
    <text>@RalfFRA Stimmt. Wir sind aktuell von Bockenheim in Richtung Konstablerwache unterwegs und begleiten einen Aufzug. *kk</text>
  </Document>
  <Document id="909098319191744512">
    <relevance>false</relevance>
    <sentiment>neutral</sentiment>
    <Opinions/>
    <text>PD Goerlitz - Versammlung mit Aufzug ohne nennenswerte Störungen https://t.co/3C0jPxm4Xn</text>
  </Document>
  <Document id="879393959012913153">
    <relevance>true</relevance>
    <sentiment>negative</sentiment>
    <text>RT @aufzugswaechter: Essen Hbf: ELEVATOR 10431306 has changed state from ACTIVE to INACTIVE</text>
    <Opinions>
      <Opinion category="Lift#Availability" from="4" to="19" target="aufzugswaechter" polarity="negative" category_de="Aufzug#Betrieb"/>
    </Opinions>
  </Document>
  <Document id="881768471859736576">
    <relevance>false</relevance>
    <sentiment>neutral</sentiment>
    <Opinions/>
    <text>@aufzugswaechter Perfekt!</text>
  </Document>
  <Document id="884053342753886208">
    <relevance>false</relevance>
    <sentiment>neutral</sentiment>
    <Opinions/>
    <text>@sennovi Moin. Der Aufzug ist bereits am Endgebungskundort Schloßmühlendamm/Sand angekommen. Einsatzende ist noch unbekannt.*sfr</text>
  </Document>
  <Document id="848142390103871488">
    <relevance>false</relevance>
    <sentiment>neutral</sentiment>
    <Opinions/>
    <text>Der Demo-Aufzug ist jetzt an der Berliner Straße angekommen. Einige Teilnehmer sind vermummt. Auch das solltet ihr lassen.</text>
  </Document>
  <Document id="845328692800897024">
    <relevance>false</relevance>
    <sentiment>neutral</sentiment>
    <Opinions/>
    <text>Aufzug beendet - Sperrungen Heeper Str / August-Bebel-Str. aufgehoben. Verkehrslage dort dürfte sich zeitnah wieder entspannen.</text>
  </Document>
  <Document id="806855797602942976">
    <relevance>false</relevance>
    <sentiment>neutral</sentiment>
    <Opinions/>
    <text>@FrogmasterL @CansuOezdemir 2/2 umgeleitet oder etwaige Störer des Aufzuges ferngehalten werden #Infotweet #OSZEHAM16 #Hamburg #Polizei</text>
  </Document>
  <Document id="791275080726802432">
    <relevance>false</relevance>
    <sentiment>neutral</sentiment>
    <Opinions/>
    <text>Mit dem Aufzug mitten auf die Straße. Kann man so machen, ist dann aber halt Mist. https://t.co/c1AjJze2M7</text>
  </Document>
  <Document id="781477031670349824">
    <relevance>true</relevance>
    <sentiment>neutral</sentiment>
    <text>Köln/Bonn Flughafen: Aufzug zu Gleis 3/4 (Süd) has changed state from ACTIVE to UNKNOWN</text>
    <Opinions>
      <Opinion category="Lift#Availability" from="21" to="27" target="Aufzug" polarity="neutral" category_de="Aufzug#Betrieb"/>
    </Opinions>
  </Document>
  <Document id="781477778956902400">
    <relevance>true</relevance>
    <sentiment>neutral</sentiment>
    <text>Kaiserslautern Hbf: Aufzug zwischen Bstg und Tunnel has changed state from ACTIVE to UNKNOWN</text>
    <Opinions>
      <Opinion category="Lift#Availability" from="20" to="26" target="Aufzug" polarity="neutral" category_de="Aufzug#Betrieb"/>
    </Opinions>
  </Document>
  <Document id="768094311632216064">
    <relevance>true</relevance>
    <sentiment>negative</sentiment>
    <text>Mannheim Hbf: Aufzug zu Gleis 9/10 has changed state from ACTIVE to INACTIVE</text>
    <Opinions>
      <Opinion category="Lift#Availability" from="14" to="20" target="Aufzug" polarity="negative" category_de="Aufzug#Betrieb"/>
    </Opinions>
  </Document>
  <Document id="760231501854310400">
    <relevance>true</relevance>
    <sentiment>negative</sentiment>
    <text>Nürnberg Hbf: Aufzug zu Gleis 20/21 has changed state from ACTIVE to INACTIVE</text>
    <Opinions>
      <Opinion category="Lift#Availability" from="14" to="20" target="Aufzug" polarity="negative" category_de="Aufzug#Betrieb"/>
    </Opinions>
  </Document>
  <Document id="760910978838065152">
    <relevance>true</relevance>
    <sentiment>neutral</sentiment>
    <text>Hamburg Hbf: Aufzug zu Gleis 11/12 (Nord) has changed state from ACTIVE to UNKNOWN</text>
    <Opinions>
      <Opinion category="Lift#Availability" from="13" to="19" target="Aufzug" polarity="neutral" category_de="Aufzug#Betrieb"/>
    </Opinions>
  </Document>
  <Document id="755046373498744833">
    <relevance>true</relevance>
    <sentiment>neutral</sentiment>
    <text>Dessau Hbf: Aufzug zu Bstg 3/4 has changed state from ACTIVE to UNKNOWN</text>
    <Opinions>
      <Opinion category="Lift#Availability" from="12" to="18" target="Aufzug" polarity="neutral" category_de="Aufzug#Betrieb"/>
    </Opinions>
  </Document>
  <Document id="755048411922067457">
    <relevance>true</relevance>
    <sentiment>neutral</sentiment>
    <text>Mainz Hbf: Aufzug zu Gleis 1 (Nord) ; Ausgang Nord has changed state from ACTIVE to UNKNOWN</text>
    <Opinions>
      <Opinion category="Lift#Availability" from="11" to="17" target="Aufzug" polarity="neutral" category_de="Aufzug#Betrieb"/>
    </Opinions>
  </Document>
  <Document id="752489264932282368">
    <relevance>false</relevance>
    <sentiment>neutral</sentiment>
    <Opinions/>
    <text>POL-K: 160711-4-K Trio raubt Mann in Aufzug aus https://t.co/nqvvXqzixe #koeln #cgn #köln</text>
  </Document>
  <Document id="1043525764371697666">
    <relevance>false</relevance>
    <sentiment>neutral</sentiment>
    <Opinions/>
    <text>#Demosamstag #Rostock Der angemeldete Aufzug hat sich vom Rathaus in Richtung Steintor in Bewegung gesetzt. #hro2209</text>
  </Document>
  <Document id="1027980029282738176">
    <relevance>false</relevance>
    <sentiment>neutral</sentiment>
    <Opinions/>
    <text>Die #Ju_Air wird wieder fliegen. Einige Menschen sehen darin ein Problem. Was sonst aber sollte die Ju Air tun, nach dem tragischen Unfall? Jede Airline macht weiter nach einem Flugzeugabsturz. Alles aufzugeben wäre das falscheste, was man jetzt tun könnte.</text>
  </Document>
  <Document id="1031086647423774720">
    <relevance>false</relevance>
    <sentiment>neutral</sentiment>
    <Opinions/>
    <text>Die Lobbyisten- Falle EUROPÄISCHEN UNION❗ Die Verantwortung der EU - und das seltsame Schweigen der Medien. Die EU hat Italien gezwungen, die Verwaltung der Autobahnen aufzugeben um es dem privaten Sektor zu... https://t.co/UlCvoFwsAd</text>
  </Document>
  <Document id="668476574161874945">
    <relevance>false</relevance>
    <sentiment>neutral</sentiment>
    <Opinions/>
    <text>#polizei #köln #leverkusen PRO NRW Aufzug trotz Gegenprotest - Infos unter https://t.co/2pLQlOnF5c</text>
  </Document>
  <Document id="1035165247466819593">
    <relevance>false</relevance>
    <sentiment>neutral</sentiment>
    <Opinions/>
    <text>@hasenbraut1 Für uns als Social Media Team ist es schwer nachzuvollziehen, was genau passiert ist. Wir möchten Sie daher bitten, sich direkt an das nächste Revier zu wenden oder online eine Anzeige aufzugeben: https://t.co/EI77qsnklR *je</text>
  </Document>
  <Document id="1010549312688918529">
    <relevance>false</relevance>
    <sentiment>neutral</sentiment>
    <Opinions/>
    <text>Die Spitze des Aufzugs befindet sich jetzt an der Unterführung Breisacher Straße #CSD #Freiburg</text>
  </Document>
  <Document id="1011661131025395712">
    <relevance>false</relevance>
    <sentiment>neutral</sentiment>
    <Opinions/>
    <text>Huhu ihr Lieben. Wir sind wieder gesund daheim gelandet. Fahrt hat ein bisschen länger gedauert weil öfter kleine Staus waren. Hab jetzt sogar schon das meiste aus dem Auto geräumt (so ein Aufzug ist schon fein). #Urlaub #Ungarn #wiederdaheim😭</text>
  </Document>
  <Document id="1021292088162508805">
    <relevance>false</relevance>
    <sentiment>neutral</sentiment>
    <Opinions/>
    <text>@masulemi Ofen ist eher noch leichter als Spülmaschine. Dank Wägelchen und Aufzug sollte das aber wirklich machbar sein, wenn du die Stufen vom Parkplatz zur Haustür geschafft hast.</text>
  </Document>
  <Document id="916361152732565505">
    <relevance>false</relevance>
    <sentiment>neutral</sentiment>
    <Opinions/>
    <text>Als barrierefrei zugesagt. VorOrt:Parkplatz im Gras,2km entfernt für Rolli unmöglich. Enttäuschte Heimfahrt Mir fällt kein # dazu ein https://t.co/CoTbMwpiRz</text>
  </Document>
  <Document id="1054381477721530368">
    <relevance>false</relevance>
    <sentiment>neutral</sentiment>
    <Opinions/>
    <text>Aufgepasst! ⚠️ Als nächste Station für unsere barrierefreie #Fotobox haben wir das Cityfest #Oberhausen auserkoren. Also wer kreative Erinnerungsfotos schießen möchte, sollte am Samstag, 27. Oktober, von 10 bis 18 Uhr auf der Markstraße, Ecke Lothringer Straße vorbeischauen! #lvr https://t.co/QBojbnAGBx</text>
  </Document>
  <Document id="714831132110561281">
    <relevance>false</relevance>
    <sentiment>neutral</sentiment>
    <Opinions/>
    <text>@Florian_Leclerc Ohne Baustelle gibt es aber auch keinen barrierefreien Zugang - und der tut nun wirklich Not.</text>
  </Document>
  <Document id="1054778515705475077">
    <relevance>true</relevance>
    <sentiment>neutral</sentiment>
    <Opinions>
      <Opinion category="GeneralBarrier#Main" polarity="neutral" from="28" to="40" target="Barrierefrei" category_de="Allgemein_Barriere#Haupt"/>
    </Opinions>
    <text>Einfach reisen für alle: DB Barrierefrei' - https://t.co/Fy2efdAFZM</text>
  </Document>
  <Document id="705041257056247808">
    <relevance>false</relevance>
    <sentiment>neutral</sentiment>
    <Opinions/>
    <text>#Künstlerische #Intervention visualisiert Bedürfnis nach #barrierefreiem #carsharing https://t.co/bIz17BruVS https://t.co/jS0fVGgDYW</text>
  </Document>
  <Document id="703046670146142208">
    <relevance>false</relevance>
    <sentiment>neutral</sentiment>
    <Opinions/>
    <text>Bauarbeiten in Nachterstedt abgeschlossen - Rathaus endlich barrierefrei: Die Bauarbeiten sind endlich abgesch... https://t.co/9q6NLcd4T2</text>
  </Document>
  <Document id="702465712951070721">
    <relevance>false</relevance>
    <sentiment>neutral</sentiment>
    <Opinions/>
    <text>RT @Tsp_Spandau: Fast 100 neue Projekte: So will #Spandau barrierefrei werden. https://t.co/YzYMHpazHs #berlin</text>
  </Document>
  <Document id="692656038248587264">
    <relevance>false</relevance>
    <sentiment>neutral</sentiment>
    <Opinions/>
    <text>Die wichtigere Botschaft ist: #Riem wird barrierefrei! https://t.co/twruXkPfXX</text>
  </Document>
  <Document id="671746075854774272">
    <relevance>false</relevance>
    <sentiment>neutral</sentiment>
    <Opinions/>
    <text>@bender_21 Nö. Aber eine Info: Es ist geplant Ernst-Reuter-Platz nächstes Jahr und Mohrenstr. 2017/18 barrierefrei auszubauen.</text>
  </Document>
  <Document id="672062874618064896">
    <relevance>false</relevance>
    <sentiment>neutral</sentiment>
    <Opinions/>
    <text>@SZ @hyperboleTV barrierefrei!</text>
  </Document>
  <Document id="659322782203953152">
    <relevance>false</relevance>
    <sentiment>neutral</sentiment>
    <Opinions/>
    <text>Auf unserer Anlage tut sich was: Die Bauarbeiten rund um den neuen barrierefreien Aufgang zur Terrasse und der... https://t.co/vNF83g1kHE</text>
  </Document>
  <Document id="1034394600063070216">
    <relevance>true</relevance>
    <sentiment>positive</sentiment>
    <Opinions>
      <Opinion category="GeneralBarrier#Main" polarity="positive" from="151" to="163" target="barrierefrei" category_de="Allgemein_Barriere#Haupt"/>
    </Opinions>
    <text>Ja, ich weiss... 😔 es ist eine Schande ! Die Verträge mit der @deutschebahncom sind geschlossen - 2020/2021 soll der Bahnhof endlich umgebaut werden - barrierefrei (!) - Wir als Stadt werden uns auch engagieren und das Umfeld komplett aus- und umbauen. Projekt: #DieMobileMitte</text>
  </Document>
  <Document id="1035817166367535104">
    <relevance>true</relevance>
    <sentiment>positive</sentiment>
    <Opinions>
      <Opinion category="GeneralBarrier#Main" polarity="positive" from="21" to="33" target="barrierefrei" category_de="Allgemein_Barriere#Haupt"/>
      <Opinion category="Lift#Availability" polarity="positive" from="41" to="47" target="Aufzug" category_de="Aufzug#Betrieb"/>
    </Opinions>
    <text>Potsdam + Bahnhöfe + barrierefrei: Neuer Aufzug in Potsdam Hauptbahnhof Gleis 1/3 Vom 23. Juli bis 19. Oktober nur Fahrtreppe und MobiServ-Team https://t.co/puVVNCT1qQ</text>
  </Document>
  <Document id="1039042226729443330">
    <relevance>true</relevance>
    <sentiment>positive</sentiment>
    <Opinions>
      <Opinion category="GeneralBarrier#Main" polarity="positive" from="70" to="82" target="barrierefrei" category_de="Allgemein_Barriere#Haupt"/>
    </Opinions>
    <text>@ArielleStars Hallo, unser U-Bahn-Netz und die Busse sind vollständig barrierefrei. Bei den Straßenbahnen schaffen wir ständig neue Niederflurzüge an, die die alten Garnituren ersetzen. Leider gilt die Fahrschein-Ermäßigung erst ab einem Behinderungsgrad von 70 Prozent.</text>
  </Document>
  <Document id="1040281496513331210">
    <relevance>true</relevance>
    <sentiment>positive</sentiment>
    <Opinions>
      <Opinion category="GeneralBarrier#Main" polarity="positive" from="104" to="118" target="barrierefreien" category_de="Allgemein_Barriere#Haupt"/>
    </Opinions>
    <text>Großer #Bahnhof in #Pinneberg. Mit einem symbolischen #Spatenstich beginnt die #Modernisierung und der #barrierefreien #Ausbau des Bahnhofs. https://t.co/zRFOGW27BQ</text>
  </Document>
  <Document id="1015147317966573569">
    <relevance>true</relevance>
    <sentiment>negative</sentiment>
    <Opinions>
      <Opinion category="GeneralBarrier#Main" polarity="negative" from="89" to="107" target="nicht barrierefrei" category_de="Allgemein_Barriere#Haupt"/>
    </Opinions>
    <text>RT @SWBBusundBahn: Die Haltestelle Tannenbusch Süd - in Fahrtrichtung Bonn - ist derzeit nicht barrierefrei. Alternativ an der Haltestelle…</text>
  </Document>
  <Document id="1020342600165986304">
    <relevance>true</relevance>
    <sentiment>negative</sentiment>
    <Opinions>
      <Opinion category="GeneralBarrier#Main" polarity="negative" from="48" to="66" target="nicht Barrierefrei" category_de="Allgemein_Barriere#Haupt"/>
    </Opinions>
    <text>Recent wtf: der Bahnhof in Rastatt ist komplett nicht Barrierefrei. Egal ob kinderwagen oder Rolli, keine Chance. Aber Rastatt ist eh furchtbar</text>
  </Document>
  <Document id="1020570320330162177">
    <relevance>true</relevance>
    <sentiment>positive</sentiment>
    <Opinions>
      <Opinion category="GeneralBarrier#Main" polarity="positive" from="134" to="146" target="Barrierefrei" category_de="Allgemein_Barriere#Haupt"/>
    </Opinions>
    <text>130 Mio € soll der Umbau vom #Dortmund Hbf kosten. 6 Jahre Bauzeit = 6 Jahre Barrieren, Barrieren, Barrieren... damit der Hbf am Ende Barrierefrei wird. 😡</text>
  </Document>
  <Document id="1023922159444549632">
    <relevance>true</relevance>
    <sentiment>positive</sentiment>
    <Opinions>
      <Opinion category="GeneralBarrier#Main" polarity="positive" from="80" to="92" target="barrierefrei" category_de="Allgemein_Barriere#Haupt"/>
    </Opinions>
    <text>Gleiserneuerung in der Großenhainer Straße - Haltestelle Zeithainer Straße wird barrierefrei - drei Bäume sollen weichen #pieschen https://t.co/FI4lpRgI3e https://t.co/Mz64OASG9e</text>
  </Document>
  <Document id="1006896869463617536">
    <relevance>false</relevance>
    <sentiment>neutral</sentiment>
    <Opinions/>
    <text>RT @polizeiberlin: Nach ihren Vorrednern steht unsere #Polizeipräsidentin nun am Pult. &quot;Eine offene, lösungsorientierte, barrierefreie Disk…</text>
  </Document>
  <Document id="1018484737332137984">
    <relevance>true</relevance>
    <sentiment>neutral</sentiment>
    <Opinions/>
    <text>The Bahn Daily wurde soeben publiziert! https://t.co/KFEuPHEDRZ Vielen Dank an @Max75297463 @3Ddruckmag_ch @AloeVeritasLC #barrierefreiheit #bahn</text>
  </Document>
  <Document id="1019164841523798016">
    <relevance>true</relevance>
    <sentiment>negative</sentiment>
    <Opinions>
      <Opinion category="GeneralBarrier#Main" polarity="negative" from="30" to="46" target="Barrierefreiheit" category_de="Allgemein_Barriere#Haupt"/>
    </Opinions>
    <text>@mvbnet @umbrovis Das mit der Barrierefreiheit is nötig aber es hat früher auch funktioniert das man den Leuten in die Bahn hilft mit Kinderwagen or Rollstuhl. Heute geht das natürlich nich mehr . Und so leise sind die neuen auch nicht. Ich höre jede Bahn auf der halber vorbei fahren</text>
  </Document>
  <Document id="1019469306227290112">
    <relevance>true</relevance>
    <sentiment>neutral</sentiment>
    <Opinions>
      <Opinion category="GeneralBarrier#Main" polarity="neutral" from="29" to="45" target="Barrierefreiheit" category_de="Allgemein_Barriere#Haupt"/>
    </Opinions>
    <text>https://t.co/sUwigTcTGk Die #Barrierefreiheit ist gekoppelt mit der anstehenden #Elektrifizierung der Strecke. Wichtig wird werden die Worte „elementare Eingriffe“ zu erfüllen für die dringend gebrauchte #Barrierefreiheit #CSU #Weiden #Oberpfalz #Bahnhof #Oberzentrum</text>
  </Document>
  <Document id="1021286385351831552">
    <relevance>true</relevance>
    <sentiment>positive</sentiment>
    <Opinions>
      <Opinion category="GeneralBarrier#Main" polarity="positive" from="80" to="96" target="Barrierefreiheit" category_de="Allgemein_Barriere#Haupt"/>
    </Opinions>
    <text>Dortmund - Stadt Dortmund - Deutsche Bahn modernisiert Hauptbahnhof - Komplette Barrierefreiheit ist wichtigstes Ziel Unterführung wächst in die Breite https://t.co/0Gc3myTXHZ</text>
  </Document>
  <Document id="1000991775425810432">
    <relevance>true</relevance>
    <sentiment>neutral</sentiment>
    <Opinions>
      <Opinion category="GeneralBarrier#Main" polarity="neutral" from="209" to="225" target="Barrierefreiheit" category_de="Allgemein_Barriere#Haupt"/>
    </Opinions>
    <text>Das Institut für #Verkehrswissenschaften der @tuvienna sucht für einen Ideenworkshop kreative Köpfe mit Innovativen Ideen, welche sich zum Thema #barrierefreie Flugzeugtoiletten einbringen möchten. #tuvienna #Barrierefreiheit #selbstbestimmt #Mobilität #Verkehr #Wien #Vienna https://t.co/eGHhWnwvp9</text>
  </Document>
  <Document id="989090718814785537">
    <relevance>true</relevance>
    <sentiment>neutral</sentiment>
    <Opinions>
      <Opinion category="GeneralBarrier#Main" polarity="neutral" from="259" to="275" target="Barrierefreiheit" category_de="Allgemein_Barriere#Haupt"/>
    </Opinions>
    <text>Er finde es beispielsweise ganz und gar nicht verwerflich, wenn sich Leute in der U-Bahn o an der Bushaltestelle mit Smartphone beschäftigten. Das sei e Art, sich aus Lärm und Menschenmassen um sich herum zurückzuziehen wie in einen Schutzraum. Auch das ist #Barrierefreiheit.</text>
  </Document>
  <Document id="981790670183649280">
    <relevance>true</relevance>
    <sentiment>neutral</sentiment>
    <Opinions>
      <Opinion category="GeneralBarrier#Main" polarity="neutral" from="28" to="44" target="Barrierefreiheit" category_de="Allgemein_Barriere#Haupt"/>
    </Opinions>
    <text>RT @ParitaetBerlin: Wieviel Barrierefreiheit verträgt eine Stadt? Genügt es, wenn Bezirksämter zugänglich und U-Bahn-Stationen per Lift err…</text>
  </Document>
  <Document id="977281873813626880">
    <relevance>false</relevance>
    <sentiment>neutral</sentiment>
    <Opinions/>
    <text>Barrierefreiheit ...!!! https://t.co/kSeorsLdZ4</text>
  </Document>
  <Document id="981165793852342272">
    <relevance>true</relevance>
    <sentiment>negative</sentiment>
    <Opinions>
      <Opinion category="GeneralBarrier#Main" polarity="negative" from="20" to="36" target="Barrierefreiheit" category_de="Allgemein_Barriere#Haupt"/>
    </Opinions>
    <text>Bahnhof Kaufbeuren: Barrierefreiheit? Fehlanzeige https://t.co/tVIDX6nsAb</text>
  </Document>
  <Document id="974577718523322369">
    <relevance>true</relevance>
    <sentiment>neutral</sentiment>
    <Opinions>
      <Opinion category="GeneralBarrier#Main" polarity="neutral" from="91" to="107" target="Barrierefreiheit" category_de="Allgemein_Barriere#Haupt"/>
    </Opinions>
    <text>@annalog1102 Die @hochbahn führt dort Messungen zu Gap Fillern durch, einem Instrument für Barrierefreiheit an kurvigen Haltestellen: https://t.co/gzbFVZpiTi</text>
  </Document>
  <Document id="977112604090011648">
    <relevance>false</relevance>
    <sentiment>neutral</sentiment>
    <Opinions/>
    <text>Warum mehr Menschen Gebärdensprache können sollten und warum wahre Barrierefreiheit immer noch nicht vorhanden ist. Eine Geschichte im Thread. BITTE LESEN!! https://t.co/fllVkJZLao</text>
  </Document>
  <Document id="969261565567528960">
    <relevance>true</relevance>
    <sentiment>negative</sentiment>
    <Opinions>
      <Opinion category="GeneralBarrier#Main" polarity="negative" from="0" to="16" target="Barrierefreiheit" category_de="Allgemein_Barriere#Haupt"/>
    </Opinions>
    <text>Barrierefreiheit: Stockdorfer müssen noch länger auf Lift am S-Bahnhof warten https://t.co/wY9JSJ7GjH</text>
  </Document>
  <Document id="936271049041285120">
    <relevance>true</relevance>
    <sentiment>neutral</sentiment>
    <Opinions>
      <Opinion category="GeneralBarrier#Main" polarity="neutral" from="13" to="29" target="Barrierefreiheit" category_de="Allgemein_Barriere#Haupt"/>
    </Opinions>
    <text>ÖBB: Tag der Barrierefreiheit am Wiener Hauptbahnhof https://t.co/ZlDEpc7e8D</text>
  </Document>
  <Document id="941584023473807360">
    <relevance>true</relevance>
    <sentiment>positive</sentiment>
    <Opinions>
      <Opinion category="GeneralBarrier#Main" polarity="positive" from="170" to="186" target="Barrierefreiheit" category_de="Allgemein_Barriere#Haupt"/>
    </Opinions>
    <text>Endlich kommt die bundesweite &quot;Regelbahnsteighöhe&quot;. Nun stellen sich für Bürgermeister in der Praxis schon ein paar Fragen. Etwa die: Warum? Danke, @Markus_Balser @SZ ! #Barrierefreiheit #Bahn https://t.co/CX8kBoLDYy</text>
  </Document>
  <Document id="942996398655574016">
    <relevance>true</relevance>
    <sentiment>positive</sentiment>
    <Opinions>
      <Opinion category="GeneralBarrier#Main" polarity="positive" from="20" to="36" target="Barrierefreiheit" category_de="Allgemein_Barriere#Haupt"/>
    </Opinions>
    <text>RT @webwerner: Mehr Barrierefreiheit an der U-Bahn-Haltestelle Obersendling - Sendling: Das Fahren mit der U-Bahn soll in Zukunft…</text>
  </Document>
  <Document id="930813813305303040">
    <relevance>true</relevance>
    <sentiment>negative</sentiment>
    <Opinions>
      <Opinion category="GeneralBarrier#Main" polarity="negative" from="70" to="86" target="Barrierefreiheit" category_de="Allgemein_Barriere#Haupt"/>
    </Opinions>
    <text>Schlecht für Behinderte: Eine Regel der Deutschen Bahn verhindert die Barrierefreiheit einiger Bahnhöfe. https://t.co/1rJ6BXh0IL</text>
  </Document>
  <Document id="933714857593049090">
    <relevance>true</relevance>
    <sentiment>neutral</sentiment>
    <Opinions>
      <Opinion category="GeneralBarrier#Main" polarity="neutral" from="121" to="137" target="Barrierefreiheit" category_de="Allgemein_Barriere#Haupt"/>
    </Opinions>
    <text>#Verkehr es geht heute um den Haushalt FB Verkehr. Wir bringen für #fahrscheinlos e #ÖPNV #Testtage und einen Antrag zu #Barrierefreiheit bei #Sanierungen von #Hochbahnsteigen. Die #Grünen fordern Gelder für #Defis. Wir verabschieden Wirtschaftspläne für #GVH, #Nitag, #Infra</text>
  </Document>
  <Document id="900063055773609986">
    <relevance>true</relevance>
    <sentiment>negative</sentiment>
    <Opinions>
      <Opinion category="GeneralBarrier#Main" polarity="negative" from="118" to="134" target="Barrierefreiheit" category_de="Allgemein_Barriere#Haupt"/>
    </Opinions>
    <text>DB Schwachsinnige Bahnsteighöhenänderung bei der Deutschen #Bahn! 1Mrd. Euro Kosten für Mitteldeutschalnd u. Ende der Barrierefreiheit, https://t.co/9yh86Lju1y</text>
  </Document>
  <Document id="894212589101756416">
    <relevance>true</relevance>
    <sentiment>negative</sentiment>
    <Opinions>
      <Opinion category="GeneralBarrier#Main" polarity="negative" from="60" to="76" target="Barrierefreiheit" category_de="Allgemein_Barriere#Haupt"/>
    </Opinions>
    <text>Am Tuttlinger Bahnhof geht es leider NICHT aufwärts mit der Barrierefreiheit #tutbarrierefrei https://t.co/Vlo562kNNR</text>
  </Document>
  <Document id="816560827490856960">
    <relevance>false</relevance>
    <sentiment>neutral</sentiment>
    <Opinions/>
    <text>Bei uns im Schwabenländle ist das mit der Barrierefreiheit oft noch sehr schwierig: https://t.co/m828Xh4DpP</text>
  </Document>
  <Document id="787733260084322306">
    <relevance>false</relevance>
    <sentiment>neutral</sentiment>
    <Opinions/>
    <text>DIE #FRANKEN haben schon 2013 auf die fehlende Barrierefreiheit hingewiesen! Tja,die CSU und ihre Wahlversprechen... https://t.co/ZSmHMzc177 https://t.co/gYBF5BRcgI</text>
  </Document>
  <Document id="781057770711814146">
    <relevance>false</relevance>
    <sentiment>neutral</sentiment>
    <Opinions/>
    <text>Auf Barrierefreiheit würde bei der #thalys zugunsten von Internet verzichtet. Schade...</text>
  </Document>
  <Document id="770280411343757313">
    <relevance>false</relevance>
    <sentiment>neutral</sentiment>
    <Opinions/>
    <text>super, das mit der besseren barrierefreiheit hat bestens geklappt... *hand an schläfe kreisen lass* https://t.co/H7dprPq2iz</text>
  </Document>
  <Document id="758621248343646208">
    <relevance>false</relevance>
    <sentiment>neutral</sentiment>
    <Opinions/>
    <text>#Barrierefreiheit im #Ruhrpott ... https://t.co/mjnzEPagSu</text>
  </Document>
  <Document id="715175247666941952">
    <relevance>false</relevance>
    <sentiment>neutral</sentiment>
    <Opinions/>
    <text>StZ über Grünen-Anfrage zu #Mobilität und #Barrierefreiheit: https://t.co/s1tb3KAr8q</text>
  </Document>
  <Document id="699178910630678528">
    <relevance>false</relevance>
    <sentiment>neutral</sentiment>
    <Opinions/>
    <text>Barrierefreiheit als Ziel in Brandenburg bis 2022. Leider könnte dier Umsetzung scheitern und alles verschlechtern. https://t.co/i2me4sPEvD</text>
  </Document>
  <Document id="696578378674139136">
    <relevance>false</relevance>
    <sentiment>neutral</sentiment>
    <Opinions/>
    <text>Heute:auf die Baustelle gehen und schauen, wie weit die Barrierefreiheiten umgesetzt wurden. Frage&quot;Wozu?&quot; wird sicher wieder gestellt.😲</text>
  </Document>
  <Document id="694907227409399809">
    <relevance>false</relevance>
    <sentiment>neutral</sentiment>
    <Opinions/>
    <text>Im Dez musste ich zum neuen Service Center durch Baustelle – Barrierefreiheit offensichlich Monate nach Umzug hergestellt 2/ @MartinHaidvogl</text>
  </Document>
  <Document id="1001415705043095553">
    <relevance>false</relevance>
    <sentiment>neutral</sentiment>
    <Opinions/>
    <text>Ich mag das @YouTube-Video: https://t.co/iYT4B8AB6y JP Performance - mit Porsche 918 Spyder zur Autobahn Baustelle! Doku Autobahnbau</text>
  </Document>
  <Document id="644926129321676801">
    <relevance>false</relevance>
    <sentiment>neutral</sentiment>
    <Opinions/>
    <text>@ThomasMichael71 Ich weiß. Und die meisten tun ihr Bestes, um das aufzufangen. Aber oft hast du eben nicht nur eine Baustelle. @Rudisagmal</text>
  </Document>
  <Document id="651324320870989824">
    <relevance>false</relevance>
    <sentiment>neutral</sentiment>
    <Opinions/>
    <text>#Wanderbaustelle Manchmal fühle ich mich auch so. Stau auf der A10 #Berlin #Brandenburg http://t.co/sCLN870dEG http://t.co/YjuO53GJxd</text>
  </Document>
  <Document id="664338233682186240">
    <relevance>false</relevance>
    <sentiment>neutral</sentiment>
    <Opinions/>
    <text>@a_siegl Danke Dir auch. Was macht die Baustelle?????</text>
  </Document>
  <Document id="684757557311860736">
    <relevance>false</relevance>
    <sentiment>neutral</sentiment>
    <Opinions/>
    <text>Lübeck/Ostholstein – Autobahnen werden saniert: Lübeck wird von Baustellen umringt https://t.co/MxSdlkn256 via @LN_Online</text>
  </Document>
  <Document id="725666233207668738">
    <relevance>false</relevance>
    <sentiment>neutral</sentiment>
    <Opinions/>
    <text>...Baustelle. Ich tanze ausschliesslich Tango Argentino... @IngridVogt5 @Gwen_Ny_ @c7nm8n @hans_obermeier @AdivonPoes</text>
  </Document>
  <Document id="738022798157852674">
    <relevance>false</relevance>
    <sentiment>neutral</sentiment>
    <Opinions/>
    <text>In 10 Wochen öffnet die neue Arena #Erfurt Wir haben uns auf der Baustelle umgesehen @ROTWEISSERFURT @messeerfurt https://t.co/y6iJmkTQ7S</text>
  </Document>
  <Document id="763241236618620929">
    <relevance>false</relevance>
    <sentiment>neutral</sentiment>
    <Opinions/>
    <text>Perfekt ausgerüstet für die Baustelle: Bott-Fahrzeugeinrichtungen https://t.co/e8Py6WNZ0S #gebäudetechnik</text>
  </Document>
  <Document id="795134355287003136">
    <relevance>false</relevance>
    <sentiment>neutral</sentiment>
    <Opinions/>
    <text>Fehler:509</text>
  </Document>
  <Document id="803352695922950146">
    <relevance>false</relevance>
    <sentiment>neutral</sentiment>
    <Opinions/>
    <text>https://t.co/UWONKNNjTt &quot;Baustelle...an der Brücke oder was das sein soll&quot; duu hurensohn!</text>
  </Document>
  <Document id="829692888388886531">
    <relevance>false</relevance>
    <sentiment>neutral</sentiment>
    <Opinions/>
    <text>Gefahr gebannt: #Eisgang an Riesen-Baustelle der #KrimBrücke - #VIDEO: https://t.co/hbF1ml7Ep7 via @de_sputnik</text>
  </Document>
  <Document id="864100067120226304">
    <relevance>false</relevance>
    <sentiment>neutral</sentiment>
    <Opinions/>
    <text>Da zieht man ins Wohngebiet und denkt man hat seine Ruhe und dann:BaustelleBaustelleBrandstifterBaustelleAbrissBaustelleOh man ey...</text>
  </Document>
  <Document id="892461436462673920">
    <relevance>false</relevance>
    <sentiment>neutral</sentiment>
    <Opinions/>
    <text>Cranes and tubes p0rn. #thisiscologne #deutz #düx #baustelle #S7edge @ Köln Messe/Deutz station https://t.co/waAwE0eWbe</text>
  </Document>
  <Document id="971840847921676288">
    <relevance>false</relevance>
    <sentiment>neutral</sentiment>
    <Opinions/>
    <text>@manulud2011 Ich weiß nicht warum viele so überrascht sind die AV Baustelle existiert wenn man ehrlich ist schon seit 2014 und das wir im ZM probleme kriegen sobald Weigl mal einbricht war auch klar...</text>
  </Document>
  <Document id="985607190693195776">
    <relevance>false</relevance>
    <sentiment>neutral</sentiment>
    <Opinions/>
    <text>Ooooookay, nachdem ich much jetzt ein wenig eingelesen habe, verstehe ich warum manche aufgrund der #DSGVO das Handtuch werfen und mit dem Bloggen aufhören oder es auf Social Media verlagern wollen. Ziemlich scheisse das Ganze. Verursacht eine ordentliche Baustelle auf dem Blog.</text>
  </Document>
  <Document id="1001098492075544579">
    <relevance>false</relevance>
    <sentiment>neutral</sentiment>
    <Opinions/>
    <text>RT @radio_duisburg: #Update zur gesperrten #Mercatorstraße in der #City in #Duisburg. Die Straße ist wieder frei. An der #Baustelle ist abe…</text>
  </Document>
  <Document id="1007366887406219266">
    <relevance>false</relevance>
    <sentiment>neutral</sentiment>
    <Opinions/>
    <text>Ein wenig anstehende Großbaustelle sowie Lokalpolitik: Nordstadt #391 https://t.co/YOUBzgvOHh #Hannover #Nordstadt</text>
  </Document>
  <Document id="1014502353486123008">
    <relevance>false</relevance>
    <sentiment>neutral</sentiment>
    <Opinions/>
    <text>RT @Baugewerbe_Mag: Die neue Ausgabe @Baugewerbe_Mag ist da: mit Beiträgen wider den Lärm auf der #Baustelle und einem Special #Nutzfahrzeu…</text>
  </Document>
  <Document id="1021842835119767552">
    <relevance>false</relevance>
    <sentiment>neutral</sentiment>
    <Opinions/>
    <text>#FreieFahrt auf der B54 in Dortmund. Es sind wieder alle Fahrstreifen frei. Auch sonst sieht es ganz gut aus auf unseren Straßen. Zwei kleinere Staus wegen Nachtbaustellen auf der #A3 und die üblichen Sperrungen von Ausfahrten, Einfahrten usw. Alles hier: https://t.co/ZCIdP2XUVx</text>
  </Document>
  <Document id="685186901301702656">
    <relevance>false</relevance>
    <sentiment>neutral</sentiment>
    <Opinions/>
    <text>RT @Anne__Waffel: Und diese ganzen Werkzeuge benutze ich tagtäglich auf meiner Baustelle https://t.co/0X36JG41mx #einBuchstabedanebenWerkze…</text>
  </Document>
  <Document id="700101877661175808">
    <relevance>false</relevance>
    <sentiment>neutral</sentiment>
    <Opinions/>
    <text>Über die Wechsel auf der TV-Baustelle ProSiebenSat.1 https://t.co/UWWkTvS89b (via @DWDL)</text>
  </Document>
  <Document id="705438748155240448">
    <relevance>false</relevance>
    <sentiment>neutral</sentiment>
    <Opinions/>
    <text>Kindergärtler auf der Baustelle: «Hat es hier überhaupt Handwerker?» #Sichtbeton #Aare https://t.co/Cut5K3aErC https://t.co/b4fFMCqqpT</text>
  </Document>
  <Document id="709650473209430016">
    <relevance>true</relevance>
    <sentiment>neutral</sentiment>
    <Opinions/>
    <text>@DB_Bahn das war vor den Baustellen immer der Fall, dass gewartet wurde (bis +5). Jetzt fahren sie trotz Pünktlichkeit vor der Nase weg...</text>
  </Document>
  <Document id="722317726077882368">
    <relevance>false</relevance>
    <sentiment>neutral</sentiment>
    <Opinions/>
    <text>@chris_pyak Laut unserer Medien ist es ja schon Anschlag, wenn ich Fleischabfälle auf der Baustelle einer Moschee ablade</text>
  </Document>
  <Document id="740866917322399744">
    <relevance>false</relevance>
    <sentiment>neutral</sentiment>
    <Opinions/>
    <text>Die Ampelphase an der Baustelle Dinnendahlstraße, ist sehr kurz. Für ältere Menschen nicht zu schaffen. Kann man da was machen? @Essen_Ruhr</text>
  </Document>
  <Document id="758243384544731136">
    <relevance>false</relevance>
    <sentiment>neutral</sentiment>
    <Opinions/>
    <text>Im Irrgarten von Umleitungen: Reihenweise Baustellen-Vollsperrungen in der Region um Ludwigsfelde und Zossen ... https://t.co/UqtvPqqtUz</text>
  </Document>
  <Document id="762286906671529984">
    <relevance>false</relevance>
    <sentiment>neutral</sentiment>
    <Opinions/>
    <text>Hat Fahrern in der Nähe geholfen, mit der Meldung baustelle auf A23 - E49 - E59 mit @waze - Fahre Sozial. https://t.co/JQ4XVlTfaP</text>
  </Document>
  <Document id="791285807193722880">
    <relevance>false</relevance>
    <sentiment>neutral</sentiment>
    <Opinions/>
    <text>Auf meinem Langboard rolle ich mit 200km/h eine Baustelle hinab. Natürlich nur in VR https://t.co/jKd7opll35</text>
  </Document>
  <Document id="795750668837523458">
    <relevance>false</relevance>
    <sentiment>neutral</sentiment>
    <Opinions/>
    <text>@KaiDiekmann Das Leben ist eine Baustelle... - in NYC</text>
  </Document>
  <Document id="849198882416472064">
    <relevance>false</relevance>
    <sentiment>neutral</sentiment>
    <Opinions/>
    <text>Erster Drohnenflug über unsere Baustelle..... https://t.co/jUPBrRx8vB</text>
  </Document>
  <Document id="857982669593989120">
    <relevance>false</relevance>
    <sentiment>neutral</sentiment>
    <Opinions/>
    <text>Diese lebensechte Grafik im neuen &quot;GTA: Baustelle&quot; hat alle drei in ihren Bann gezogen. https://t.co/4kdjvSCuK7</text>
  </Document>
  <Document id="899528608552767489">
    <relevance>false</relevance>
    <sentiment>neutral</sentiment>
    <Opinions/>
    <text>21.08.2017 - Schacht Konrad - Arbeiten auf der tiefsten Baustelle des Landes - https://t.co/0zWBHyuLRx</text>
  </Document>
  <Document id="902540730652123137">
    <relevance>false</relevance>
    <sentiment>neutral</sentiment>
    <Opinions/>
    <text>#Baustelle.3 #newhome #terrassenblick https://t.co/dm94NjucGA</text>
  </Document>
  <Document id="923932194451742720">
    <relevance>false</relevance>
    <sentiment>neutral</sentiment>
    <Opinions/>
    <text>Streik vorbei auf Baustelle am Besucherzentrum https://t.co/fXePlrc2QA</text>
  </Document>
  <Document id="934737426832117760">
    <relevance>false</relevance>
    <sentiment>neutral</sentiment>
    <Opinions/>
    <text>Bauarbeiten in Extraschicht #bauarbeiter #helm #verspiegeltesonnenbrille #warnjacke #baustellenbarke #kraftwerk #warnleuchte #arbeitsschuhe #weisserhelm #schutzkleidung #bauarbeiten #baustelle https://t.co/MMhuxV75IC</text>
  </Document>
  <Document id="944829782373498880">
    <relevance>false</relevance>
    <sentiment>neutral</sentiment>
    <Opinions/>
    <text>Salzburg-Stadt: Paracelsusbad: Baustelle im Zeit- und Kostenplan https://t.co/KDoxL9Bb2s https://t.co/HjT5dtH0lN</text>
  </Document>
  <Document id="951466318389239809">
    <relevance>false</relevance>
    <sentiment>neutral</sentiment>
    <Opinions/>
    <text>Neues Lizenzspielerhaus: Borussia plant die nächste Baustelle https://t.co/olBjeuzqZx</text>
  </Document>
  <Document id="959864093585920001">
    <relevance>false</relevance>
    <sentiment>neutral</sentiment>
    <Opinions/>
    <text>Baustelle: Eigenheim - Teil 4 I Lets Play Minecraft Season 3 Ep 06: https://t.co/G0aH0hziOX über @YouTube</text>
  </Document>
  <Document id="995588284670672902">
    <relevance>false</relevance>
    <sentiment>neutral</sentiment>
    <Opinions/>
    <text>Gafferstau auf der A48 Fahrtrichtung Koblenz von Kaisersesch bis Baustelle Elztalbrücke durch abgesicherte Pannenstelle auf der Gegenfahrbahn (Koblenz→Trier) in der Baustelle mitten auf der Brücke. Polizei vor Ort... https://t.co/s5mvYLENcw</text>
  </Document>
  <Document id="1019637956313800711">
    <relevance>false</relevance>
    <sentiment>neutral</sentiment>
    <Opinions/>
    <text>Baustellendiebstahl scheitert. Dennoch 17.500€ Sachschaden. Könnte das Ihre Baustelle sein? https://t.co/qsn3B9Pa8r Schützen Sie Ihre Baustelle mit Baustellenüberwachung. Wirtschaftlich - flexibel - sicher. https://t.co/YONEP4Th8a</text>
  </Document>
  <Document id="1024952939947937792">
    <relevance>false</relevance>
    <sentiment>neutral</sentiment>
    <Opinions/>
    <text>Baustelle in Arbeit https://t.co/espXKWmYuQ</text>
  </Document>
  <Document id="1030787770778886144">
    <relevance>false</relevance>
    <sentiment>neutral</sentiment>
    <Opinions/>
    <text>Eine Stunde Warten 😏 wenn ihr auf der A2 in Richtung Hannover unterwegs seid. Es gab zwei Unfälle zwischen Rehren und Bad Nenndorf. Hinzu kommt eine lange Baustelle. https://t.co/ZCIdP2XUVx</text>
  </Document>
  <Document id="1069532728347914240">
    <relevance>false</relevance>
    <sentiment>neutral</sentiment>
    <Opinions/>
    <text>Heute standen auf dem Radstreifen vor dem Helio 6 (sechs!) Lieferanten-LKW und ein Baustellenfahrzeug. Ok, noch ist das alles irgendwie halb Baustelle, ich will mal nicht so sein. Sollte sich das aber einbürgern, werde ich jemanden verklagen. Wozu hat das Teil eine Lieferzone?</text>
  </Document>
  <Document id="1083673109159469057">
    <relevance>false</relevance>
    <sentiment>neutral</sentiment>
    <Opinions/>
    <text>Jahrelange Baustelle auf Berlins wichtigster Verkehrsachse https://t.co/nS13Da1v6h</text>
  </Document>
  <Document id="658548983837519872">
    <relevance>false</relevance>
    <sentiment>neutral</sentiment>
    <Opinions/>
    <text>#Zugspitze bekommt neue #Seilbahn - #ZDFmoma war bei eisigen Temp. auf höchster Baustelle Deutschlands... https://t.co/t94UNXuFj5</text>
  </Document>
  <Document id="729246697600225281">
    <relevance>false</relevance>
    <sentiment>neutral</sentiment>
    <Opinions/>
    <text>11:46 Uhr - Info - Auf der A8 am Dreieck Leonberg, in beide Richtungen wird gerade die Baustelle zur... https://t.co/oCyYh9OuHi</text>
  </Document>
  <Document id="770853719953010688">
    <relevance>false</relevance>
    <sentiment>neutral</sentiment>
    <Opinions/>
    <text>Auf der Baustelle angekommen weiß ich warum ich schon die ganze Zeit Bauchschmerzen hab.</text>
  </Document>
  <Document id="813728529380556800">
    <relevance>false</relevance>
    <sentiment>neutral</sentiment>
    <Opinions/>
    <text>#Stau auf der A7: A7 Hannover Richtung Hamburg zwischen Mellendorf und Schwarmstedt 12 km Stau in der Baustelle, eine Stunde Zeitverlust,…</text>
  </Document>
  <Document id="831405898698469376">
    <relevance>false</relevance>
    <sentiment>neutral</sentiment>
    <Opinions/>
    <text>RT @kn_online: #Baustelle behindert Verkehr auf der Rader Hochbrücke bei #Rendsburg https://t.co/dEDkR8qN86</text>
  </Document>
  <Document id="837945710972710913">
    <relevance>false</relevance>
    <sentiment>neutral</sentiment>
    <Opinions/>
    <text>Urs Fischers politische Baustelle vor dem Spiel gegen Vaduz #rotblaulive https://t.co/Of8b5sfpF0</text>
  </Document>
  <Document id="850084268894289920">
    <relevance>false</relevance>
    <sentiment>neutral</sentiment>
    <Opinions/>
    <text>RT @SIGNA_group: Tag für Tag arbeiten über 400 Bauarbeiter auf unserer Baustelle der PAB. Mehr Insights und beeindruckende Bilder au…</text>
  </Document>
  <Document id="854314137194770432">
    <relevance>false</relevance>
    <sentiment>neutral</sentiment>
    <Opinions/>
    <text>B9 FR Koblenz Unfall unmittelbar hinter der Baustelle. Rechte spur blockiert. Stau bis Kettig. Polizei und... https://t.co/ro0wJSeb6I</text>
  </Document>
  <Document id="886904564426964992">
    <relevance>false</relevance>
    <sentiment>neutral</sentiment>
    <Opinions/>
    <text>Jetzt auf Baustelle stehen linke hand käffchen rechte hand mit daumen in Hosentasche prakti rumscheuchen los bring mehr kiessand du ficko</text>
  </Document>
  <Document id="923908858770280448">
    <relevance>false</relevance>
    <sentiment>neutral</sentiment>
    <Opinions/>
    <text>A10, Tauern-AB, FR. Salzburg, zw. Eben u. Flachau, ca. 4 km Stau u. 10 min. Zeitverlust (Baustelle) #verkehr</text>
  </Document>
  <Document id="1015250084202729472">
    <relevance>false</relevance>
    <sentiment>neutral</sentiment>
    <Opinions/>
    <text>Langsam machen sich die #Sommerferien auch auf den Straßen bemerkbar. Der Berufsverkehr ist für einen Freitagnachmittag schon fast &quot;durch&quot;. Auf der #A100 hakt es noch R. Neukölln vor der Baustelle in #Wilmersdorf. Tempo 21 km/h im ø ab AS Hohenzollerndamm. https://t.co/YvD3fHkS1q https://t.co/ElLnYmrpvj</text>
  </Document>
  <Document id="733365757388656640">
    <relevance>false</relevance>
    <sentiment>neutral</sentiment>
    <Opinions/>
    <text>40kmh begrenzung auf der autobahn wegen baustelle \o/</text>
  </Document>
  <Document id="755976921247129600">
    <relevance>false</relevance>
    <sentiment>neutral</sentiment>
    <Opinions/>
    <text>Vorsicht rund um die Baustelle https://t.co/LmReD5iWlB #Einbeck https://t.co/sMFxxrHWs2</text>
  </Document>
  <Document id="762892630040666112">
    <relevance>false</relevance>
    <sentiment>neutral</sentiment>
    <Opinions/>
    <text>Dauer-Baustelle: Wiedereröffnung der Kölner Oper ungewiss - https://t.co/jweG6ZmgTQ https://t.co/375XUefNcP</text>
  </Document>
  <Document id="791303927555887104">
    <relevance>false</relevance>
    <sentiment>neutral</sentiment>
    <Opinions/>
    <text>Kein Witz: Auf dieser Baustelle sind alle Bauarbeiter unsichtbar: https://t.co/KzTaiwA5Bg #Berlin #news https://t.co/cgY8ZvTYmq</text>
  </Document>
  <Document id="867261424187441152">
    <relevance>false</relevance>
    <sentiment>neutral</sentiment>
    <Opinions/>
    <text>Scheiß Baustelle vor meiner Tür...seit fucking März Totalsperrung und Umleitungen -____-&quot;&quot; #pissedaf #nervt #reißtdiestrassedochnochmalauf</text>
  </Document>
  <Document id="918420487683919872">
    <relevance>false</relevance>
    <sentiment>neutral</sentiment>
    <Opinions/>
    <text>RT @RaReiHE: #ServiceTweet für @1_FCM auf Mission #Auswärtssieg💪 A2➡️ Großbaustelle Braunschweig ist freie Fahrt😁 #einmalimmer🔵⚪…</text>
  </Document>
  <Document id="924593404696252417">
    <relevance>false</relevance>
    <sentiment>neutral</sentiment>
    <Opinions/>
    <text>Wärmespeicher im XXL-Format: Das ist Halles höchste Baustelle. #Halle https://t.co/R4DmT9lEiz https://t.co/xvssIP08AO</text>
  </Document>
  <Document id="839067585501089792">
    <relevance>true</relevance>
    <sentiment>neutral</sentiment>
    <Opinions/>
    <text>@DB_Presse Und kaltweiße Festbeleuchtung auch wenn es draußen dunkel ist, nicht? Gemütliches Reisen geht anders...</text>
  </Document>
  <Document id="839357946295377920">
    <relevance>false</relevance>
    <sentiment>neutral</sentiment>
    <Opinions/>
    <text>Den Nachbarn, deren Flutlichtbeleuchtung am Balkon das gesamte Schlafzimmer illuminiert, wird wohl bald ein bedauerlicher Unfall zustoßen.</text>
  </Document>
  <Document id="839906322346872833">
    <relevance>true</relevance>
    <sentiment>neutral</sentiment>
    <Opinions/>
    <text>Einen coolen #Drahtesel haben unsere #Einsatzkräfte der #Bpol hier am Hbf. #Gelsenkirchen entdeckt. Nachts auch mit #Beleuchtung #gönnDir 😉 https://t.co/HNNY0ntkBy</text>
  </Document>
  <Document id="832116258829193216">
    <relevance>false</relevance>
    <sentiment>neutral</sentiment>
    <Opinions/>
    <text>RT @rpo_auto: Fahrradbeleuchtung wird wild und bunt, aber nicht alles ist erlaubt #Fahrrad https://t.co/gBKrgNn3pT</text>
  </Document>
  <Document id="824029214131290112">
    <relevance>false</relevance>
    <sentiment>neutral</sentiment>
    <Opinions/>
    <text>Sehen und gesehen werden: Im Winter besonders auf die Beleuchtung achten https://t.co/kblJXXyjre</text>
  </Document>
  <Document id="824935275281412096">
    <relevance>true</relevance>
    <sentiment>neutral</sentiment>
    <Opinions/>
    <text>Beleuchtungseinsatz: Bahnunfall Nach tragischem Bahnunfall mit Personenschaden sorgt das THW Jever für die... https://t.co/XMKN8Dza1d</text>
  </Document>
  <Document id="825980773392084992">
    <relevance>false</relevance>
    <sentiment>neutral</sentiment>
    <Opinions/>
    <text>Highlight-WEB: Swareflex und SLE kooperieren bei Beleuchtungslösungen für Industrie, Straße und Tunnel https://t.co/eRabjohXJj</text>
  </Document>
  <Document id="819920204029247488">
    <relevance>false</relevance>
    <sentiment>neutral</sentiment>
    <Opinions/>
    <text>@SPIEGELONLINE Halsfesseln für Politiker&amp;Herrn Maas, bei jeder Lüge bekommt die einen Stromschlag,bräuchten keine Straßenbeleuchtung mehr. https://t.co/SKurfmgT7E</text>
  </Document>
  <Document id="821329072865378304">
    <relevance>false</relevance>
    <sentiment>neutral</sentiment>
    <Opinions/>
    <text>RT @rpo_kleve: Erneuerung der Straßenbeleuchtung: 2017 sollen Lampen für rund 277.000 Euro in #Kleve verbaut werden. https://t.co/9ZiUKP9xUc</text>
  </Document>
  <Document id="814023796109770752">
    <relevance>false</relevance>
    <sentiment>neutral</sentiment>
    <Opinions/>
    <text>@stadtwerke_ms Beleuchtung / Laterne ausgefallen Wolbecker Str. Einmündung Emdener Straße ❗💡☝🏾 Wolbecker Str. 87, 48155 Münster</text>
  </Document>
  <Document id="816160466535903233">
    <relevance>true</relevance>
    <sentiment>neutral</sentiment>
    <Opinions/>
    <text>Pendeln im Winter: Orginalfarben der Bahnhofsbeleuchtung. #nofilter #bahn #winter #pendeln https://t.co/EWeUarJLp8</text>
  </Document>
  <Document id="817331528703287297">
    <relevance>false</relevance>
    <sentiment>neutral</sentiment>
    <Opinions/>
    <text>Lkw-Unfall: Straßenbeleuchtung kracht in Mehrfamilienhaus in Hof https://t.co/IxrmYS0IL2 (sr)</text>
  </Document>
  <Document id="811462056276856832">
    <relevance>true</relevance>
    <sentiment>neutral</sentiment>
    <Opinions/>
    <text>Ich arbeite in der nähe vom Flughafen, ich weiß nicht ob die Gehwegbeleuchtung so intelligent ist :D https://t.co/9PgDES7Nvm</text>
  </Document>
  <Document id="811907808220299264">
    <relevance>false</relevance>
    <sentiment>neutral</sentiment>
    <Opinions/>
    <text>https://t.co/zRHScI7Vvb-#Straße aus #Solar -Paneelen in #Tourouvre (Frankreich)-1km lang-für #Straßenbeleuchtung. #Solarstrom #Solarzellen</text>
  </Document>
  <Document id="812637705096069120">
    <relevance>false</relevance>
    <sentiment>neutral</sentiment>
    <Opinions/>
    <text>Komplette Straße mit Weihnachtsbeleuchtung https://t.co/5upgEBizNK #wohngegendflorida #ausmasse #weihnachtsbeleuchtungen</text>
  </Document>
  <Document id="809367902789009408">
    <relevance>true</relevance>
    <sentiment>positive</sentiment>
    <Opinions>
      <Opinion category="Lighting#Availability" polarity="positive" from="46" to="64" target="Beleuchtungslösung" category_de="Beleuchtung#Betrieb"/>
    </Opinions>
    <text>Voller CRAFT voraus trotz Schnee und Eis neue Beleuchtungslösung im Gletscher-Bahnhof Zugspitzplatt https://t.co/P2wUJJz4WW https://t.co/qieCJJbHNP</text>
  </Document>
  <Document id="808302496087240704">
    <relevance>false</relevance>
    <sentiment>neutral</sentiment>
    <Opinions/>
    <text>Die ist Geil. Also nicht die @Gleisturbine sondern die Beleuchtung.... Na gut die @Gleisturbine ist auch toll! 🙈 https://t.co/Xt62cxlPna</text>
  </Document>
  <Document id="806894653492563968">
    <relevance>false</relevance>
    <sentiment>neutral</sentiment>
    <Opinions/>
    <text>Sogar die Baustelle vor dem Haus hat einen #Christbaum mit Beleuchtung #🌲 @ Winkelhaid https://t.co/QJsNPzoKHL</text>
  </Document>
  <Document id="806559198330945546">
    <relevance>false</relevance>
    <sentiment>neutral</sentiment>
    <Opinions/>
    <text>Am Besten gefällt mir an der Baustelle am Forum der #unimainz nach mehreren Übergriffen ja die tolle Beleuchtung @uni_mainz *ironie off*</text>
  </Document>
  <Document id="803629360825569281">
    <relevance>false</relevance>
    <sentiment>neutral</sentiment>
    <Opinions/>
    <text>@ML_Mathiaschitz im #GRKlagenfurt: ein plus beim #Mitteleinsatz für #Straßenbau #Beleuchtung #Brücken #Verkehr</text>
  </Document>
  <Document id="802975810311200768">
    <relevance>true</relevance>
    <sentiment>negative</sentiment>
    <Opinions>
      <Opinion category="Lighting#Availability" polarity="negative" from="15" to="36" target="S-Bahnhof-Beleuchtung" category_de="Beleuchtung#Betrieb"/>
    </Opinions>
    <text>#BIZZ: Defekte S-Bahnhof-Beleuchtung in Schönefeld bleibt defekt - Peinlich, traurig, schlimm:... https://t.co/JY5WTk4QZn #INDIZESUSA</text>
  </Document>
  <Document id="797081172174114816">
    <relevance>false</relevance>
    <sentiment>neutral</sentiment>
    <Opinions/>
    <text>@kleinerdresdner Die Beleuchtung wird automatisch eingestellt. In der Regel ist diese angepasst. Schade, dass Sie nicht lesen konnten. /tb</text>
  </Document>
  <Document id="797140591280816128">
    <relevance>true</relevance>
    <sentiment>neutral</sentiment>
    <Opinions/>
    <text>@aus_der_ubahn Bin gerade WaGa. Hier ist sowas von tote Hose, dass ich die Beleuchtung flackern höre.</text>
  </Document>
  <Document id="798150462427918336">
    <relevance>true</relevance>
    <sentiment>neutral</sentiment>
    <Opinions/>
    <text>Anbringung der Weihnachtsbeleuchtung in der Königsstraße am 15. Nov. ab 20.30 Uhr. Umleitung für Bahnen. Mehr: https://t.co/YC2vrVUo4e</text>
  </Document>
  <Document id="795986006973575168">
    <relevance>false</relevance>
    <sentiment>neutral</sentiment>
    <Opinions/>
    <text>In dem Fall wäre eine aus dem All sichtbare Beleuchtung nett, mit der man »Zweiter!« schreiben kann. @Ottostadt https://t.co/o4YaMg91vW</text>
  </Document>
  <Document id="795577820030390272">
    <relevance>true</relevance>
    <sentiment>neutral</sentiment>
    <Opinions/>
    <text>Beleuchtung. #nofilter #iphone6s #berlin #architecture #light #weilwirdichlieben #bvg… https://t.co/MG1WkeqbSy</text>
  </Document>
  <Document id="795685867239206912">
    <relevance>true</relevance>
    <sentiment>neutral</sentiment>
    <Opinions/>
    <text>Schreibtischtäter bzw. #SBB at its best! #schöneWeihnachtsbeleuchtung #Ampelgate https://t.co/iashB5rDBc</text>
  </Document>
  <Document id="790292977331634176">
    <relevance>false</relevance>
    <sentiment>neutral</sentiment>
    <Opinions/>
    <text>@GeorgAlbrecht1 @Tatort Nein wir haben ganz normale Beleuchtung und Fenster.</text>
  </Document>
  <Document id="788319188540686338">
    <relevance>false</relevance>
    <sentiment>neutral</sentiment>
    <Opinions/>
    <text>#ADFC-Beleuchtungsaktion in der Münchener Straße in #Erding bei Matratzen-Direct gegenüber dem Amtsgericht https://t.co/VgwtVGqwLq</text>
  </Document>
  <Document id="782853233337184256">
    <relevance>false</relevance>
    <sentiment>neutral</sentiment>
    <Opinions/>
    <text>Nachprüfungsverfahren: Straßenbau und Straßenbeleuchtung; Fachkunde, Leistungsfähigkeit und Zuverlässigkeit eines… https://t.co/maVfMu4nf6</text>
  </Document>
  <Document id="778221733840953345">
    <relevance>false</relevance>
    <sentiment>neutral</sentiment>
    <Opinions/>
    <text>👣 #Einwanderung Keine Beleuchtung für Straße zur &quot;Asyl&quot;-Unterkunft: Isselburg. Die im Haushalt eingestellten… https://t.co/lzYR4ZCbtw //bot</text>
  </Document>
  <Document id="778666041949945856">
    <relevance>false</relevance>
    <sentiment>neutral</sentiment>
    <Opinions/>
    <text>RT @Mitkrieger: Opladen: #PIRATEN gegen Video-Überwachung – Besser: Beleuchtung &amp; patrouillierendes Personal, so @die_socke im KStA: https:…</text>
  </Document>
  <Document id="779799344090320896">
    <relevance>false</relevance>
    <sentiment>neutral</sentiment>
    <Opinions/>
    <text>22:46Uhr - Achtung teilweise Stromausfall in Stuttgart/ Wangen - Ampeln und Straßenbeleuchtungen ausgefallen - Danke Stiwen</text>
  </Document>
  <Document id="775378084920958976">
    <relevance>true</relevance>
    <sentiment>neutral</sentiment>
    <Opinions/>
    <text>Beleuchtung. #ubahn #ubahnhof #bvg #bahnhof #weilwirdichlieben #u2 #architecture #architektur… https://t.co/q2EZAVHaDp</text>
  </Document>
  <Document id="775415323717693441">
    <relevance>true</relevance>
    <sentiment>negative</sentiment>
    <Opinions>
      <Opinion category="Lighting#Availability" polarity="negative" from="57" to="68" target="Beleuchtung" category_de="Beleuchtung#Betrieb"/>
    </Opinions>
    <text>Es ist stock dunkel und in der #Bahn ist nur ca. 1/3 der Beleuchtung an. Muss wohl überall gespart werden xD https://t.co/EHgeRbm276</text>
  </Document>
  <Document id="773062253893607424">
    <relevance>false</relevance>
    <sentiment>neutral</sentiment>
    <Opinions/>
    <text>@tweetytier Hallo! Falsche Beleuchtung wird im Rahmen unserer täglichen Arbeit geahndet. *tg</text>
  </Document>
  <Document id="765910925383651328">
    <relevance>false</relevance>
    <sentiment>neutral</sentiment>
    <Opinions/>
    <text>Stadtratssitzung am 18.08.2016: Unsere Anträge: Beleuchtung Parkanlage Harsdorfer Straße (Antrag A0015/15) mi... https://t.co/NG6cEBOhyd</text>
  </Document>
  <Document id="756491680488890370">
    <relevance>false</relevance>
    <sentiment>neutral</sentiment>
    <Opinions/>
    <text>#jobs #Berlin #Elektromeister / Techniker (w/m) für Installation von Industriebeleuchtung: #Ber... https://t.co/7TKzKeFwGG</text>
  </Document>
  <Document id="751350742259204096">
    <relevance>false</relevance>
    <sentiment>neutral</sentiment>
    <Opinions/>
    <text>@tagesspiegel @radentscheid Wie wäre es, die Radfahrer kontrollieren, fehlende Beleuchtung nachts u. dann noch über Rote Ampeln fahren!</text>
  </Document>
  <Document id="749978365734641669">
    <relevance>false</relevance>
    <sentiment>neutral</sentiment>
    <Opinions/>
    <text>@tagesspiegel Fahren die auch auf den Bürgersteigen und ohne Beleuchtung? Wäre aber praktisch, so sehen sie den Dreck in den Straßen besser!</text>
  </Document>
  <Document id="743438127952461824">
    <relevance>false</relevance>
    <sentiment>neutral</sentiment>
    <Opinions/>
    <text>@zeitonline Hier zB fände ich eine kritische Beleuchtung der Zustände in türkischen Fl.-lagern unabdingbar https://t.co/GkZSFDyFEr</text>
  </Document>
  <Document id="740174239081345024">
    <relevance>false</relevance>
    <sentiment>neutral</sentiment>
    <Opinions/>
    <text>Antrag - SPD-Fraktion in StZe: Beidseitige Beleuchtung in der Lange Straße in Lichterfelde https://t.co/eZOPXRpwuX</text>
  </Document>
  <Document id="1033999451403288577">
    <relevance>false</relevance>
    <sentiment>neutral</sentiment>
    <Opinions/>
    <text>@danielmack So viele spannende Geschichten hier zu lesen. Alle fein säuberlich rausgepickt, um jeden Flüchtling als Kriminellen abzustempeln. Und es ist nicht Aufgabe des Bürgers auf die Straße zu gehen und blind vor Hass und Angst um sich zu schlagen. Lest doch lieber Fantasyromane.</text>
  </Document>
  <Document id="1035886647462768640">
    <relevance>false</relevance>
    <sentiment>neutral</sentiment>
    <Opinions/>
    <text>@eulenmamaFFM @Serotoninheld Oder der blinden über die Straße</text>
  </Document>
  <Document id="1035982617030651906">
    <relevance>false</relevance>
    <sentiment>neutral</sentiment>
    <Opinions/>
    <text>@PolizeiSachsen na auf welchem Auge seid Ihr heute blind? Der Kessel am Karl-Marx-Kopf hat ja auch gut funktioniert! #c0109</text>
  </Document>
  <Document id="1037416178719891457">
    <relevance>false</relevance>
    <sentiment>neutral</sentiment>
    <Opinions/>
    <text>@SPIEGELONLINE In Hamburg sind eh die Links versifften am Start. Die sind eh auf dem linken Auge blind.</text>
  </Document>
  <Document id="1014624131944472576">
    <relevance>false</relevance>
    <sentiment>neutral</sentiment>
    <Opinions/>
    <text>Da spricht jemand vom normalen Denken. #blinder #farbe https://t.co/xXcdxsl7uV</text>
  </Document>
  <Document id="1084045195254079488">
    <relevance>false</relevance>
    <sentiment>neutral</sentiment>
    <Opinions/>
    <text>@SPIEGELONLINE Wenn die blinden Hühner (Pazifisten) endlich mal die Körner (Staatsbeihilfe) finden würden..... Dann wäre ich nicht derart entsetzt von der Weltpolitik.....</text>
  </Document>
  <Document id="1019221571205033984">
    <relevance>false</relevance>
    <sentiment>neutral</sentiment>
    <Opinions/>
    <text>@zeitonline Gut für Russland, gut für die USA. Bescheiden für Europa und seine völlig überforderten Politiker die Obama blind in das Russenbashing Gefolgt sind.</text>
  </Document>
  <Document id="1024331953036775424">
    <relevance>false</relevance>
    <sentiment>neutral</sentiment>
    <Opinions/>
    <text>@SPIEGELONLINE @Maximilian_Popp Oder von dem linken Spiegel der total blind ist weiterso AFD</text>
  </Document>
  <Document id="1026362607744241664">
    <relevance>false</relevance>
    <sentiment>neutral</sentiment>
    <Opinions/>
    <text>@ThomasKnorra Dazu muss ich nicht blind sein. Die Abrollgeräusche sind beim Pkw lauter, als der Motor. Wer an einer stark befahrenen Straße wohnt, weiß das.</text>
  </Document>
  <Document id="1026694052933189632">
    <relevance>false</relevance>
    <sentiment>neutral</sentiment>
    <Opinions/>
    <text>RT @feelwel: @msoneasone @Der_Dude80 Lasst uns diese Partei so klein wie möglich halten. Sie haben mit der blinden Hetze es nicht verdient,…</text>
  </Document>
  <Document id="1006045117369765888">
    <relevance>true</relevance>
    <sentiment>neutral</sentiment>
    <Opinions/>
    <text>Warum Menschen ihr Leben riskieren und einfach blind auf die Straße rennen, nur um eine Bahn noch zu kriegen, die eh in ein paar Minuten wieder fährt... Werde ich nie verstehen. Aber danke für den Schock am frühen Morgen, bin jetzt auf jeden Fall wach.</text>
  </Document>
  <Document id="1007763640240476161">
    <relevance>false</relevance>
    <sentiment>neutral</sentiment>
    <Opinions/>
    <text>@seezylamar Bruder trage doch Kontaktlinsen als ob ich blind rausgehe, Ärztin hat mir damals Unfallversicherung genommen wenn ich ohne Brille/Linsen rausgehe und Unfall mache krieg ich nix von Versicherung</text>
  </Document>
  <Document id="1008476559898865664">
    <relevance>false</relevance>
    <sentiment>neutral</sentiment>
    <Opinions/>
    <text>@zeitonline Das Werden macht blind! Es war mal sehr gut mit dem Alter. Sind sie jetzt zu langsam (?)</text>
  </Document>
  <Document id="1001741149688750082">
    <relevance>false</relevance>
    <sentiment>neutral</sentiment>
    <Opinions/>
    <text>@SZ Null Aufklärung. Unsere Justiz ist auf dem linken Auge komplett blind. Das wird sich eines Tages rächen, wenn nicht schon jetzt. «Wenn der Faschismus wiederkehrt, wird er nicht sagen: Ich bin der Faschismus. Nein, er wird sagen: Ich bin der Antifaschismus» (Ignazio Silone).</text>
  </Document>
  <Document id="999301329444134912">
    <relevance>true</relevance>
    <sentiment>neutral</sentiment>
    <Opinions/>
    <text>@RadLbg @ptsdmautofrei @F_von_Steiner @MonikaHerrmann1 @RadXhain Gehen sie blind durch Berlin ? Sehen sie die Radler auf den Gehsteigen nicht ? Selbst in den U-Bahnunterführungen in Lichtenberg Bahnhof wird noch geradelt.</text>
  </Document>
  <Document id="988389632973950976">
    <relevance>false</relevance>
    <sentiment>neutral</sentiment>
    <Opinions/>
    <text>RT @riemann_patrick: @Renardii1 @fraeulein_tessa Meine Tochter wäre auch vor ein paar Jahren noch ohne Vorurteile blind auf die Straße gera…</text>
  </Document>
  <Document id="991094231296020480">
    <relevance>false</relevance>
    <sentiment>neutral</sentiment>
    <Opinions/>
    <text>@SPIEGELONLINE Natürlich nicht, wie den die EU ist Blind nicht nur bei dem Iran sondern auch mit Russland (Krim), Sudan, Jemen, Syrien, Türkei. Die Glaubwürdigkeit der EU ist schon lange nicht existent nicht nur im Ausland sondern auch innerhalb der EU. Ein Lügen Gebilde par exelance.</text>
  </Document>
  <Document id="978353232857718785">
    <relevance>false</relevance>
    <sentiment>neutral</sentiment>
    <Opinions/>
    <text>Mit dem Augenmaß, hat es #Tiefstaat Bundesregierung nicht so. Sie schleicht lieber Blind durch die Welt und lässt jene im Land, welcher ihrer Agenda der Angst-Indoktrination,- zwecks global-politischer Agitationsrechtfertigung, zweckdienlich sind. #Bundesregierung #CDU https://t.co/79e4UDdRgT</text>
  </Document>
  <Document id="981263546938949634">
    <relevance>false</relevance>
    <sentiment>neutral</sentiment>
    <Opinions/>
    <text>Andreas Geisel scheint blind zu sein. Setzen Sie sich ein Herr Geisel für ein Verbot der #Antifa und lassen Sie dieses Gebäude umgehend räumen. #Rigaer #Berlin #NoGoArea #Polizei https://t.co/zUChGxYrqc</text>
  </Document>
  <Document id="1071844330598526976">
    <relevance>false</relevance>
    <sentiment>neutral</sentiment>
    <Opinions/>
    <text>@Spermiumofdoom Ja sure ich find das auch cool zB obdachlosen Menschen Decken zu schenken, aber zB einem blinden Menschen helfen nen Taxi an ner Straße zu kriegen weil er sichtlich Schwierigkeiten damit hat, das ist Zivilcourage und nix wofür man viral in social media gehen muss</text>
  </Document>
  <Document id="975693990346526720">
    <relevance>false</relevance>
    <sentiment>neutral</sentiment>
    <Opinions/>
    <text>@BILD Ein blindes Huhn findet auch mal ein Korn</text>
  </Document>
  <Document id="966285634775277569">
    <relevance>false</relevance>
    <sentiment>neutral</sentiment>
    <Opinions/>
    <text>@PhiloWorkout @Yascha_Mounk Zumindest weiß ich jetzt, dass ich doch nicht blind bin, wenn ich über die Straße laufe und mich Umschau. 😏</text>
  </Document>
  <Document id="966381931591077888">
    <relevance>false</relevance>
    <sentiment>neutral</sentiment>
    <Opinions/>
    <text>Ein sehr großer Teil mittlerweile. Unsere #Bundesregierung ist blind und vor allem alt geworden. Unbrauchbar. Sie haben nur noch die linksgrünen Biotanten und -onkels hinter sich. Aber der Widerstand wächst, auch in der #CDU. Das ist auch gut so #Merkelmussweg #Cottbus https://t.co/TkK8Z0tsTS</text>
  </Document>
  <Document id="966637872378974208">
    <relevance>false</relevance>
    <sentiment>neutral</sentiment>
    <Opinions/>
    <text>@Tr_RTE_De @ZDF Ne, definitiv nicht. Es gibt bessere Dinge, die man mit Geld tun kann, als Schilder aufzustellen für Leute, die nicht begriffen haben, dass sie hier nicht alleine sind. Nur Darwin seine Arbeit machen lassen. Wer glaubt, dass es ne gute Idee ist, blind auf die Straße zu laufen...</text>
  </Document>
  <Document id="968210221754716160">
    <relevance>true</relevance>
    <sentiment>neutral</sentiment>
    <Opinions/>
    <text>Blind Date in der S-Bahn #DBahn https://t.co/JVyGdBOURM</text>
  </Document>
  <Document id="970090609632522240">
    <relevance>false</relevance>
    <sentiment>neutral</sentiment>
    <Opinions/>
    <text>@BILD Komisch ist, daß nie nach Verfassungtreue gefragt wird, wenn Grüne/Linke ihre antideutschen Hasstiraden ablassen. Blind auf dem linken Auge ?</text>
  </Document>
  <Document id="958238455141683201">
    <relevance>false</relevance>
    <sentiment>neutral</sentiment>
    <Opinions/>
    <text>@faznet Dann zeigt mal her liebe FAZ! Ich halte das für Übertreibung und falsch Information. Dass wir mit dem Islam nicht gut harmonisieren, merkt ein blinder. Gegen Juden sagt keiner was,höchstens gegen Zionisten, gegen diese demonstrieren auch streng gläubige Israelis.</text>
  </Document>
  <Document id="1073194915100876800">
    <relevance>false</relevance>
    <sentiment>neutral</sentiment>
    <Opinions/>
    <text>Der Verkehrsservice: Achtung, auf der #A98 Gefahr durch abrupt bremsende, aussteigende und blind umher rennende Autofahrer. https://t.co/nFN7GKvgX5</text>
  </Document>
  <Document id="938041350599135232">
    <relevance>false</relevance>
    <sentiment>neutral</sentiment>
    <Opinions/>
    <text>@PolizeiHamburg Die Polizei Hamburg ist völlig unverhältnismäßig gegen Demonstranten beim G20 treffen vorgegangen! Hier stimmt was nicht in unser Polizei! Und auf dem Rechten Auge ist die gesamte deutsche Polizei Blind. https://t.co/MKXVAXrKj3</text>
  </Document>
  <Document id="941027612369084416">
    <relevance>false</relevance>
    <sentiment>neutral</sentiment>
    <Opinions/>
    <text>@BILD Wir sind eben Dummland! Holen die ganze Welt rein und wundern uns dann, so blind und dumm sind unsere Politiker!</text>
  </Document>
  <Document id="943452971291078656">
    <relevance>false</relevance>
    <sentiment>neutral</sentiment>
    <Opinions/>
    <text>@BILD Soviel zum Thema .. Geld = liebe 🙈 eigtl tut sie nur leid .. aber wer naiv ist ist oft such blind und dumm</text>
  </Document>
  <Document id="943961740533993476">
    <relevance>false</relevance>
    <sentiment>neutral</sentiment>
    <Opinions/>
    <text>@tagesspiegel ...auf dem rechten Auge blind...</text>
  </Document>
  <Document id="946912781290409984">
    <relevance>false</relevance>
    <sentiment>neutral</sentiment>
    <Opinions/>
    <text>@faznet Die #SPD sieht das nicht. Die SPD ist blind. Den Scheiß, den #Merkel verzapfte, um den Nobelpreis zu kriegen, segnete die unfähige SPD Führung ab. Die neue #schulz Führung auch. Leute, ohne jede Zugkraft &amp; Idee! #Schulz ist (leider) ungeeignet!</text>
  </Document>
  <Document id="1074657528523321349">
    <relevance>true</relevance>
    <sentiment>neutral</sentiment>
    <Opinions/>
    <text>@eurowings Im Unterschied zu einem normalen Flug ist aber bei einem Blind Booking Flug normalerweise nur Handgepäck einbegriffen, richtig? Also wenn ich dort Aufgabegepäck möchte, dann muss ich das gegen einen Aufpreis dazubuchen, right? Beste Grüsse, M</text>
  </Document>
  <Document id="951511769016602626">
    <relevance>false</relevance>
    <sentiment>neutral</sentiment>
    <Opinions/>
    <text>Diesmal sind wir mit den Unternehmerimpulsen des #BVMW zu Gast bei @designfunktion Kronberg GmbH (ehem. @Spielmann´s), Eschborner Straße 2, 61476 #Kronberg. 1) „#Arbeitsplatz der #Zukunft“ 2) Die Chancen im Blind Spot https://t.co/exPODJEpnd</text>
  </Document>
  <Document id="952549069272035328">
    <relevance>false</relevance>
    <sentiment>neutral</sentiment>
    <Opinions/>
    <text>@SZ Wichtiger als dieses Thema wäre es, wenn man aufzeigt, dass Trump die Interessen der Reichen vertritt, nicht die des kleinen Mannes. Da wäre so mancher kleine Mann verwundert, der blind Trumps Parolen folgt.</text>
  </Document>
  <Document id="930112120515170305">
    <relevance>false</relevance>
    <sentiment>neutral</sentiment>
    <Opinions/>
    <text>@zeitonline Psychopathen verstehe sich blind. Da muss man über solche Lappalien nicht sprechen.</text>
  </Document>
  <Document id="926794638425513984">
    <relevance>false</relevance>
    <sentiment>neutral</sentiment>
    <Opinions/>
    <text>@SPIEGELONLINE Seht mal, blöde Wessis, nicht blindes Klatschen, sondern „Mrkl hau ab“ rufen und verstärkt AfD wählen m</text>
  </Document>
  <Document id="1075506441165963266">
    <relevance>false</relevance>
    <sentiment>neutral</sentiment>
    <Opinions/>
    <text>Wo sind die Listen zu den durch Migranten vergewaltigten Frauen, wo die Listen der durch Terroranschläge ermordeten Menschen? Wo die Listen der Opfer von Ehrenmorden? Die SZ ist nicht auf einem Auge, sondern auf beiden Augen blind. Kluge Menschen wählen AFD.</text>
  </Document>
  <Document id="922131505610149888">
    <relevance>false</relevance>
    <sentiment>neutral</sentiment>
    <Opinions/>
    <text>@SPIEGELONLINE Draghi bekommt Probleme - gut so ! Wie blind kann man sein? Ihr wollt Transfer? In Spanien und Italien sieht man was dabei rauskommen kann.</text>
  </Document>
  <Document id="922600575132426240">
    <relevance>false</relevance>
    <sentiment>neutral</sentiment>
    <Opinions/>
    <text>#PopRV Zombies folgen blind dem Aufruf einer Person; &quot;Sie ging durch die Straße und pfiff ein Lied&quot; damit sind wir doch alle dabei? Nicht?</text>
  </Document>
  <Document id="923608779224166400">
    <relevance>true</relevance>
    <sentiment>neutral</sentiment>
    <Opinions/>
    <text>@Graf_Friedrich Ein Obdachloser Mann ist 4 mal Schwarz mit Bahn Gefahren und hat 9 Monate Gefängnis bekommen in Stadt Krefeld!Justiz auf eine Auge blind ⚖</text>
  </Document>
  <Document id="907713300997267456">
    <relevance>false</relevance>
    <sentiment>neutral</sentiment>
    <Opinions/>
    <text>@zeitonline @tomasz_kurian Der Artikel wird nur davon getragen, dass der Autor die gewünschten Debatten/Diskussionen fälschlicherweise mit &quot;blindem Furor&quot; gleichsetzt. https://t.co/8oUBiZBBqV</text>
  </Document>
  <Document id="910400670901112834">
    <relevance>false</relevance>
    <sentiment>neutral</sentiment>
    <Opinions/>
    <text>@SZ @bullion_c Auch der Bundespräsidentendarsteller ist auf dem linken Auge blind.</text>
  </Document>
  <Document id="903175869568573440">
    <relevance>false</relevance>
    <sentiment>neutral</sentiment>
    <Opinions/>
    <text>@zeitonline Wie einfältig, blind und unüberlegt kann man noch handeln und das noch vor den kommenden Wahlen? &quot;CDU, SPD, Grüne, Linke ...&quot; 😍</text>
  </Document>
  <Document id="895999865435688960">
    <relevance>false</relevance>
    <sentiment>neutral</sentiment>
    <Opinions/>
    <text>@BILD Witzig wie viele jede Meldung von Bild,Stern... anzw.aber alles blind von&quot;altern.Medien&quot; glauben.2Seiten ansehen ist gut,dieses verh.dämlich</text>
  </Document>
  <Document id="1051218502814711808">
    <relevance>false</relevance>
    <sentiment>neutral</sentiment>
    <Opinions/>
    <text>Let's Play Silent Hill 3 [Blind/HD] #08 U-Bahn Chaos https://t.co/0jnnA5ndS4 via @YouTube</text>
  </Document>
  <Document id="897164132130185216">
    <relevance>false</relevance>
    <sentiment>neutral</sentiment>
    <Opinions/>
    <text>@SZ Zu spät &amp; unglaubwürdig, aber: Trumps rassistische Anhänger, die blind an seinen Lippen kleben, sehen nun, dass sie ihm lästig sind! Gut so!</text>
  </Document>
  <Document id="879730331816951809">
    <relevance>false</relevance>
    <sentiment>neutral</sentiment>
    <Opinions/>
    <text>@zeitonline &quot;Wichtig ist, wer uns ruft&quot; ist die treffende Überschrift. Erdogan Demo, Al-Quds Demo etc. beweisen das. Europa ist unvorsichtig oder blind https://t.co/djEuBcdAQX</text>
  </Document>
  <Document id="884396466931978241">
    <relevance>false</relevance>
    <sentiment>neutral</sentiment>
    <Opinions/>
    <text>RT @faznet: Die blinden Flecken der Extremismusbekämpfung in Deutschland sind groß, kommentiert @altenbockum…</text>
  </Document>
  <Document id="887352817312247808">
    <relevance>false</relevance>
    <sentiment>neutral</sentiment>
    <Opinions/>
    <text>@PolizeiMuenchen Bin ich blind oder wollt ihr uns testen? Meldung 1112. fehlt, richtig? 🤔</text>
  </Document>
  <Document id="891199508851372032">
    <relevance>false</relevance>
    <sentiment>neutral</sentiment>
    <Opinions/>
    <text>@zeitonline @candundaradasi D. Worte von CD klingen auch nach blindem Zorn und sind voller Naivität. Warum kommen keine konstruktive Impulse? So bleibt es flach. Schade</text>
  </Document>
  <Document id="878737474532593664">
    <relevance>false</relevance>
    <sentiment>neutral</sentiment>
    <Opinions/>
    <text>@SZ ... im Gegensatz zur @SZ . Die glaubt und vertraut US- Geheimdiensten blind.... 😂</text>
  </Document>
  <Document id="875650400996675587">
    <relevance>false</relevance>
    <sentiment>neutral</sentiment>
    <Opinions/>
    <text>@SPIEGELONLINE Wie war das? Auch ein blindes Huhn findet mal ein Korn....</text>
  </Document>
  <Document id="876368202292502530">
    <relevance>false</relevance>
    <sentiment>neutral</sentiment>
    <Opinions/>
    <text>#Berlin-Friedrichshain: Erneut #Linksterrorismus in der #Rigaer Straße - #r2g auf dem linken Auge blind!? https://t.co/KINTjQQVH1</text>
  </Document>
  <Document id="854537262687760385">
    <relevance>false</relevance>
    <sentiment>neutral</sentiment>
    <Opinions/>
    <text>@faznet @jensspahn FDP??? Ist der blind ?? Die werden doch keine 3% im Herbst reissen! AfD sollte der Wunschpartner sein!!</text>
  </Document>
  <Document id="863714372081811457">
    <relevance>false</relevance>
    <sentiment>neutral</sentiment>
    <Opinions/>
    <text>@SZ @crossgolf_rebel das löst jetzt genau welche Probleme? blinder Aktionismus</text>
  </Document>
  <Document id="864422149666344960">
    <relevance>false</relevance>
    <sentiment>neutral</sentiment>
    <Opinions/>
    <text>@faznet Mann sieht wie einfach,die das Geld lenken in der Taschen der Mafia! Es ist ob die Behörden blind sind,oder sitzen Mafiosi auch in ein ambt😎</text>
  </Document>
  <Document id="1080187473215524865">
    <relevance>false</relevance>
    <sentiment>neutral</sentiment>
    <Opinions/>
    <text>@SPIEGELONLINE Lasst #Relotius rann. Der konstruiert schon ein rechtes Netzwerk 😉 70 Kontrolleure und alle blind 😂 Von der Eiszeit bis zum Klimawahn ist sich das Qualitätshaus für nichts zu Schade . Ps.: putzt mal euren Spiegel</text>
  </Document>
  <Document id="1080216066800918529">
    <relevance>false</relevance>
    <sentiment>neutral</sentiment>
    <Opinions/>
    <text>@Pinky_pcww @Berlin_de_News Bitte nicht verwechseln mit &quot;kam aus unbekannter Ursache von der Straße ab&quot;. Das bedeutet: Hat aufs Handy geguckt und ist quasi blind durch die Gegend gefahren.</text>
  </Document>
  <Document id="673901644354969601">
    <relevance>false</relevance>
    <sentiment>neutral</sentiment>
    <Opinions/>
    <text>Die bitteren Vorfälle, die in Frankreich durch blinden Terrorismus... #Bombendrohung part1: https://t.co/0LyzNb59mZ https://t.co/5xTBn1HWuz</text>
  </Document>
  <Document id="673915779604045825">
    <relevance>false</relevance>
    <sentiment>neutral</sentiment>
    <Opinions/>
    <text>Die bitteren Vorfälle, die in Frankreich durch blinden Terrorismus... #Bombendrohung part1: https://t.co/f9IiEI64Zl https://t.co/GaLJ83Ob4v</text>
  </Document>
  <Document id="673945050007527424">
    <relevance>false</relevance>
    <sentiment>neutral</sentiment>
    <Opinions/>
    <text>Die bitteren Vorfälle, die in Frankreich durch blinden Terrorismus... #Bombendrohung part1: https://t.co/x0VSRu9V7T https://t.co/bgILC1qQnR</text>
  </Document>
  <Document id="673976188503613440">
    <relevance>false</relevance>
    <sentiment>neutral</sentiment>
    <Opinions/>
    <text>Die bitteren Vorfälle, die in Frankreich durch blinden Terrorismus... #Bombendrohung part1: https://t.co/Hwx6Da9Wqw https://t.co/jEV2niYs5U</text>
  </Document>
  <Document id="674014558235705344">
    <relevance>false</relevance>
    <sentiment>neutral</sentiment>
    <Opinions/>
    <text>Die bitteren Vorfälle, die in Frankreich durch blinden Terrorismus... #Bombendrohung part1: https://t.co/x0VSRu9V7T https://t.co/StAHzKl5LS</text>
  </Document>
  <Document id="1033246587307393024">
    <relevance>true</relevance>
    <sentiment>neutral</sentiment>
    <Opinions/>
    <text>Ich muss um 11.15 Uhr am Bahnhof sein und den gutaussehenden Ägypter abholen. Hab der Freundin ein Foto gezeigt. Zitat: du bist doch blöd. Schau ihn dir doch mal an. Nun ja. Gebräunt. Tattoos. Bart. Genau das, was ich beim blind date haben wollte 🤣</text>
  </Document>
  <Document id="1085306515521716225">
    <relevance>false</relevance>
    <sentiment>neutral</sentiment>
    <Opinions/>
    <text>@clk109 @fr 2/2 Extremisten werden aus der AfD geworfen, wenn sie die Maske fallenlassen #Poggenburg Mit Höcke leider nicht so einfach. Demos: Ich sehe die zwingende Notwendigkeit, auf die Straße zu gehen. Ich kann es mit meinem Gewissen nicht vereinbaren, sitzen zu bleiben.</text>
  </Document>
  <Document id="1084845259929079808">
    <relevance>false</relevance>
    <sentiment>neutral</sentiment>
    <Opinions/>
    <text>RT @Linksnavi: #Frankfurt #Gallus: Ab 5.30h Polizeieinsatz mit Personenkontrollen an der Mainzer Landstraße 199 wegen einer „möglichen Demo…</text>
  </Document>
  <Document id="1084891658410512385">
    <relevance>false</relevance>
    <sentiment>neutral</sentiment>
    <Opinions/>
    <text>RT @SuperRetrovania: Hope you guys tune in tonight as I am #streaminglive the #RE2 1-shot demo!! Tonight at 8:30pm PST! . https://t.co/tMNo…</text>
  </Document>
  <Document id="1078318004205703168">
    <relevance>false</relevance>
    <sentiment>neutral</sentiment>
    <Opinions/>
    <text>@thomasdrozda @HeleneSteiner4 @lukaswww_ @sebastiankurz @JGudenus Dann hören sie auf, Unwahrheiten zu verbreiten, Pflastersteine und Grablichter vor unsere Häuser zu stellen, die Straße mit Demos zu mobilisieren, ÖBB-Politstreiks zu organisieren, obwohl, 1,4% mehr ausverhandelt wurden, als in Ihrer Verantwortung uvm SIE spalten die Gesellschaft</text>
  </Document>
  <Document id="1078619431591440384">
    <relevance>false</relevance>
    <sentiment>neutral</sentiment>
    <Opinions/>
    <text>Wofür Deutsche auf die Straße gehen! Heute ist wieder einer der Tage an denen ich froh bin, nicht in einer Stadt zu wohnen. Bei wichtigen Demos bedauere ich das durchaus! https://t.co/kyxojIHGcu</text>
  </Document>
  <Document id="1085188017013153794">
    <relevance>false</relevance>
    <sentiment>neutral</sentiment>
    <Opinions/>
    <text>RT @Klages_an: &quot;Herr @klauslederer, sind Sie nicht bei der Linken? Hören Sie uns mal zu.&quot; Am Samstag bei der Demo gegen Verdrängung gab es…</text>
  </Document>
  <Document id="1079345785869881345">
    <relevance>false</relevance>
    <sentiment>neutral</sentiment>
    <Opinions/>
    <text>RT @Unteilbar_: Unfassbar, so sieht es gerade an der Siegessäule aus und das Ende der Demo ist immer noch auf der Leipziger Straße #unteilb…</text>
  </Document>
  <Document id="1079730565979475969">
    <relevance>false</relevance>
    <sentiment>neutral</sentiment>
    <Opinions/>
    <text>RT @solibuendnis: Besser spät als nie: Danke an alle, die auf der Demo gegen die IMK den Internationalistischen Block supportet haben! Durc…</text>
  </Document>
  <Document id="1079760298444242945">
    <relevance>false</relevance>
    <sentiment>neutral</sentiment>
    <Opinions/>
    <text>RT @ReclaimYourClub: Berlin wird verkauft! Heute: @Potse_Berlin besetzen und vor Räumung schützen! 12.01: Demo gegen den Ausverkauf von #…</text>
  </Document>
  <Document id="1085209679674966030">
    <relevance>false</relevance>
    <sentiment>neutral</sentiment>
    <Opinions/>
    <text>RT @SylviaAPetter: Route for Thursday demo #Vienna. https://t.co/5TZjKMrUhM</text>
  </Document>
  <Document id="1085236499623235584">
    <relevance>false</relevance>
    <sentiment>neutral</sentiment>
    <Opinions/>
    <text>RT @Lian36605299: @elkepoley Hallo, habe extra einen twitteraccount erstellt. Wann ist die nächste Demo? WO SEID IHR DIESELFAHRER AUS STUGG…</text>
  </Document>
  <Document id="1085273500640788482">
    <relevance>false</relevance>
    <sentiment>neutral</sentiment>
    <Opinions/>
    <text>RT @neuepresse: Demo gegen Absetzung: Fans der #Lindenstraße gehen auf die Straße https://t.co/pzx1fGRW3O https://t.co/dJoWPX0TEi</text>
  </Document>
  <Document id="1000676461378973696">
    <relevance>true</relevance>
    <sentiment>negative</sentiment>
    <Opinions>
      <Opinion category="Demonstration#Main" polarity="negative" from="46" to="59" target="Demonstration" category_de="Demo#Haupt"/>
    </Opinions>
    <text>RT @BVG_Tram: M10: Linie fährt aufgrund einer Demonstration nicht zwischen S+U Hauptbahnhof und Friedrich-Ludwig-Jahn-Sportpark. #BVG</text>
  </Document>
  <Document id="1001941478640443392">
    <relevance>true</relevance>
    <sentiment>negative</sentiment>
    <Opinions>
      <Opinion category="Demonstration#Main" polarity="negative" from="23" to="44" target="AfD-Großdemonstration" category_de="Demo#Haupt"/>
    </Opinions>
    <text>#FFD365 #Aktuell - (8) AfD-Großdemonstration in Berlin: Marie-Thérèse Kaiser vor dem Hauptbahnhof – YouTube https://t.co/SSYRaRIsbP</text>
  </Document>
  <Document id="1012403322307956737">
    <relevance>false</relevance>
    <sentiment>neutral</sentiment>
    <Opinions/>
    <text>@zeitonline Wenn diese Begründungen zum Anlass genommen wurden, kippt das Urteil. Gerade die beschriebenen Szenarien sind vom Gefährdungspotential kaum relevant. Der Einsatz bei Fussballspielen oder Demonstrationen mit Gewalt ist wesentlich gefährlicher.</text>
  </Document>
  <Document id="1030833614714531840">
    <relevance>true</relevance>
    <sentiment>neutral</sentiment>
    <Opinions>
      <Opinion category="Demonstration#Main" polarity="neutral" from="25" to="43" target="Gegendemonstration" category_de="Demo#Haupt"/>
    </Opinions>
    <text>RT @chefreporterNRW: Bei Gegendemonstration vorm Hbf ca. 300 Menschen, alles völlig friedlich, Polizei trennt trotzdem sicherheitshalber di…</text>
  </Document>
  <Document id="1034495258959204352">
    <relevance>false</relevance>
    <sentiment>neutral</sentiment>
    <Opinions/>
    <text>Demonstration in Dresden: Und auf einem Parkplatz kommt es derweil zu einer Massenschlägerei https://t.co/HXmpPMA6vO https://t.co/EPS9rk5wOd</text>
  </Document>
  <Document id="1035845418188451840">
    <relevance>false</relevance>
    <sentiment>neutral</sentiment>
    <Opinions/>
    <text>@faznet Vor allem kam es bei den &quot;Ausschreitungen&quot; zu keinen Plünderungen, keinen brennenden Straßensperren und keine Verletzungen die mit Demonstrationen in Zusammenhang stehen.</text>
  </Document>
  <Document id="1036889029067911168">
    <relevance>false</relevance>
    <sentiment>neutral</sentiment>
    <Opinions/>
    <text>@zeitonline Welche Demonstration? Das war ein Punkkonzert! 😉 #Chemnitz</text>
  </Document>
  <Document id="1039239986170814464">
    <relevance>false</relevance>
    <sentiment>neutral</sentiment>
    <Opinions/>
    <text>Bis zu 550 Menschen haben sich nach Polizeiangaben zu einer Kundgebung in #Köthen versammelt. Ein #AfD Politiker hatte zu der Demonstrationen aufgerufen. https://t.co/ibGZ8kbKvk</text>
  </Document>
  <Document id="1051011772365332480">
    <relevance>false</relevance>
    <sentiment>neutral</sentiment>
    <Opinions/>
    <text>Geschäftsinhaber aus #Chemnitz beklagen wegen der wöchentlichen Demonstrationen von Pro Chemnitz ausbleibende Kundschaft und Umsatzrückgänge. Die Bürgerbewegung ihrerseits hat bereits jetzt weitere Kundgebungen angemeldet - bis Sommer nächsten Jahres. https://t.co/loonqnpk87 https://t.co/GQd1tmmF1P</text>
  </Document>
  <Document id="1053526186838687744">
    <relevance>false</relevance>
    <sentiment>neutral</sentiment>
    <Opinions/>
    <text>Lasst uns die Energie nutzen, die diese friedliche Demonstration freigesetzt hat und dass wofür wir auf der Straße waren, selbstverständlich in unseren Alltag leben💜☮️✝️</text>
  </Document>
  <Document id="1055753736994414592">
    <relevance>true</relevance>
    <sentiment>neutral</sentiment>
    <Opinions>
      <Opinion category="Demonstration#Main" polarity="neutral" from="71" to="91" target="Spontandemonstration" category_de="Demo#Haupt"/>
    </Opinions>
    <text>RT @infozentrale: 11.28 Die Polizei will die Aktivisten nicht in einer Spontandemonstration aus den Bahnhof in #Düren lassen und besteht au…</text>
  </Document>
  <Document id="657937609184948224">
    <relevance>false</relevance>
    <sentiment>neutral</sentiment>
    <Opinions/>
    <text>Polizeieinsatz anlässlich der Demonstrationen in Stralsund https://t.co/U6jnFeVWIq</text>
  </Document>
  <Document id="714449013534298113">
    <relevance>true</relevance>
    <sentiment>negative</sentiment>
    <Opinions>
      <Opinion category="Demonstration#Main" polarity="negative" from="50" to="63" target="Demonstration" category_de="Demo#Haupt"/>
    </Opinions>
    <text>[MVG] Linien 19, 100: #Behinderungen wegen einer #Demonstration #München +++ https://t.co/4n2dlFhwi4</text>
  </Document>
  <Document id="718748935066677248">
    <relevance>false</relevance>
    <sentiment>neutral</sentiment>
    <Opinions/>
    <text>Polizei erlaubt Demonstration von Frauen in #Diyarbakir gegen Vergewaltigungen nicht; Frauen blockieren die Straße https://t.co/ylooa9RFo1</text>
  </Document>
  <Document id="731458711202340865">
    <relevance>true</relevance>
    <sentiment>negative</sentiment>
    <Opinions>
      <Opinion category="Demonstration#Main" polarity="negative" from="31" to="44" target="Demonstration" category_de="Demo#Haupt"/>
    </Opinions>
    <text>RT @BVG_Tram: M10: Wegen einer Demonstration fährt die Linie nur noch zwischen Bersarinplatz und Hauptbahnhof. #BVG</text>
  </Document>
  <Document id="741621402147692544">
    <relevance>false</relevance>
    <sentiment>neutral</sentiment>
    <Opinions/>
    <text>Wien: Äußerer Gürtel, zw.Felberstraße u. Neulerchenfelder Straße, Stau (Demonstration) #verkehr</text>
  </Document>
  <Document id="772488438696316928">
    <relevance>false</relevance>
    <sentiment>neutral</sentiment>
    <Opinions/>
    <text>#PolizeiNRW #koeln0409 #CGN49: Demonstrationsgeschehen in der Innenstadt - Infos unter: https://t.co/bjrmSiC1vr</text>
  </Document>
  <Document id="789866829736972289">
    <relevance>true</relevance>
    <sentiment>negative</sentiment>
    <Opinions>
      <Opinion category="Demonstration#Main" polarity="negative" from="84" to="97" target="Demonstration" category_de="Demo#Haupt"/>
    </Opinions>
    <text>551 / Bonn Linie 551 18:04 ab Bonn setzt mit ca. 15 Min Verspätung ein, wegen einer Demonstration.</text>
  </Document>
  <Document id="811677052378157057">
    <relevance>false</relevance>
    <sentiment>neutral</sentiment>
    <Opinions/>
    <text>POL-HST: Polizeieinsatz anlässlich einer Demonstration am 21.12.2016 in Stralsund https://t.co/lbm4Y2Bp7K</text>
  </Document>
  <Document id="818568827730558977">
    <relevance>false</relevance>
    <sentiment>neutral</sentiment>
    <Opinions/>
    <text>#Legida beendet nach 2 Jahren die Montagsdemonstrationen in #Leipzig. #demo https://t.co/zIjlbC8BN4</text>
  </Document>
  <Document id="822766408421539840">
    <relevance>true</relevance>
    <sentiment>neutral</sentiment>
    <Opinions>
      <Opinion category="Demonstration#Main" polarity="neutral" from="0" to="13" target="Demonstration" category_de="Demo#Haupt"/>
    </Opinions>
    <text>Demonstration gegen ENF ist am HBF gestartet. #koblenz #noenf #ko2101 #koblenz #noenf #ko2101</text>
  </Document>
  <Document id="846751813730783232">
    <relevance>true</relevance>
    <sentiment>negative</sentiment>
    <Opinions>
      <Opinion category="Demonstration#Main" polarity="negative" from="13" to="26" target="Demonstration" category_de="Demo#Haupt"/>
    </Opinions>
    <text>1: [Hinweis] Demonstration Kärtner Ring,Oper - Julius-Raab-Platz Umleitung über Li 2 ausweichen auf U-Bahn https://t.co/iXPvsiMc7X #wlvi</text>
  </Document>
  <Document id="858049635977482241">
    <relevance>false</relevance>
    <sentiment>neutral</sentiment>
    <Opinions/>
    <text>Die Demonstrationsteilnehmer erreichen den Karolinenplatz / Tschaikowskyplatz. Dort ist die Endkundgebung geplant. #2804hh</text>
  </Document>
  <Document id="880451255503605760">
    <relevance>true</relevance>
    <sentiment>neutral</sentiment>
    <Opinions>
      <Opinion category="Demonstration#Main" polarity="neutral" from="25" to="38" target="Demonstration" category_de="Demo#Haupt"/>
    </Opinions>
    <text>In 16 Tagen startet die #Demonstration für #Demokratie und #Vielfalt #Spaceparade 2.0 in #Berlin. Start 11:55 S-Bahnhof #Springpfuhl 😊</text>
  </Document>
  <Document id="883012983160545280">
    <relevance>false</relevance>
    <sentiment>neutral</sentiment>
    <Opinions/>
    <text>@PolizeiHamburg Das war leider absehbar, bin ziemlich sauer auf diese Idioten die eine friedliche Demonstration ausnutzen wollen</text>
  </Document>
  <Document id="888446369211568128">
    <relevance>true</relevance>
    <sentiment>negative</sentiment>
    <Opinions>
      <Opinion category="Demonstration#Main" polarity="negative" from="81" to="94" target="Demonstration" category_de="Demo#Haupt"/>
    </Opinions>
    <text>RT @BVG_Bus: M29/M41/104/140/171/194/248: auf den Linien kommt es aufgrund einer Demonstration zu Behinderungen. #BVG</text>
  </Document>
  <Document id="898157230251552768">
    <relevance>false</relevance>
    <sentiment>neutral</sentiment>
    <Opinions/>
    <text>Polizeieinsatz gegen eine Demonstration in Karl-Marx-Stadt. Angeblich um &quot;Staatsfeindliche Aktionen&quot; des Neuen Forums zu bekämpfen. https://t.co/tE41TH57yQ</text>
  </Document>
  <Document id="915467450505924608">
    <relevance>true</relevance>
    <sentiment>neutral</sentiment>
    <Opinions>
      <Opinion category="Demonstration#Main" polarity="neutral" from="30" to="56" target="Charme-Demonstrationensoll" category_de="Demo#Haupt"/>
    </Opinions>
    <text>@HollsteinM Gelegenheiten für Charme-Demonstrationensoll man nie auslassen! 😉Verpasst, BVG! 😪</text>
  </Document>
  <Document id="922191620065386497">
    <relevance>false</relevance>
    <sentiment>neutral</sentiment>
    <Opinions/>
    <text>@faznet Bisher hat sich der Bundestag nicht mal konstituiert, wie intolerant und absurd ist eine solche Demonstration. Die Antifa soll „ganz Berlin</text>
  </Document>
  <Document id="934394454974361601">
    <relevance>false</relevance>
    <sentiment>neutral</sentiment>
    <Opinions/>
    <text>RT @PolizeiSachsen: Zu #le2511 startet gerade eine Demonstration vom #Rabet aus. Wir begleiten diese und sperren auch dort kurzfristig…</text>
  </Document>
  <Document id="940853671843258368">
    <relevance>false</relevance>
    <sentiment>neutral</sentiment>
    <Opinions/>
    <text>@Wayfarerpg Welchen Stress machen sie denn? Inwiefern bist Du von ihrer Demonstration mehr betroffen, als jemand, der mit dem Auto umgeleitet wird, was bei jeder Demo der Fall ist? Gab's geworfene Böller, Prügeleien mit der Polizei usw., wie mit der Antifa?</text>
  </Document>
  <Document id="954307447220592640">
    <relevance>true</relevance>
    <sentiment>neutral</sentiment>
    <Opinions>
      <Opinion category="Demonstration#Main" polarity="neutral" from="36" to="54" target="satt-Demonstration" category_de="Demo#Haupt"/>
    </Opinions>
    <text>Wer geht hin? - Morgen Wir haben es satt-Demonstration in Berlin - 10.30 bis 13.30 Berlin Hauptbahnhof. Kämpfe... https://t.co/nMcQkMCUKf</text>
  </Document>
  <Document id="957329280857354240">
    <relevance>false</relevance>
    <sentiment>neutral</sentiment>
    <Opinions/>
    <text>#PolizeiNRW #Köln #Leverkusen : Kurdische Großdemonstration in Köln - Infos unter https://t.co/r849QPieIo</text>
  </Document>
  <Document id="959827133295157248">
    <relevance>true</relevance>
    <sentiment>negative</sentiment>
    <Opinions>
      <Opinion category="Demonstration#Main" polarity="negative" from="43" to="56" target="Demonstration" category_de="Demo#Haupt"/>
    </Opinions>
    <text>[MVG] Linien 52, 62: #Behinderungen wegen #Demonstration in #München +++ https://t.co/dFL2i3JdtX</text>
  </Document>
  <Document id="966576042319269889">
    <relevance>true</relevance>
    <sentiment>negative</sentiment>
    <Opinions>
      <Opinion category="Demonstration#Main" polarity="negative" from="51" to="64" target="Demonstration" category_de="Demo#Haupt"/>
    </Opinions>
    <text>RT @BVG_Bus: TXL/100/147/200: kommt es wegen einer Demonstration in Mitte heute von ca. 10 bis 14 Uhr zu Einschränkungen. #BVG @berlinairp…</text>
  </Document>
  <Document id="969933535757897728">
    <relevance>true</relevance>
    <sentiment>positive</sentiment>
    <Opinions>
      <Opinion category="Demonstration#Main" polarity="positive" from="41" to="54" target="Demonstration" category_de="Demo#Haupt"/>
    </Opinions>
    <text>RT SBahnBerlin: #S3, #S5, #S7 &amp; #S9: Die Demonstration im Bereich #Alexanderplatz ist beendet, die Busse des Ersatzverkehrs fahren wieder bis Alexanderplatz. https://t.co/5Rv3l18ObC</text>
  </Document>
  <Document id="972538836889849863">
    <relevance>true</relevance>
    <sentiment>neutral</sentiment>
    <Opinions>
      <Opinion category="Demonstration#Main" polarity="neutral" from="13" to="26" target="Demonstration" category_de="Demo#Haupt"/>
    </Opinions>
    <text>RT @IfFuHiK: Demonstration am HBF Bielefeld heute abend https://t.co/WM2GFT7RkY</text>
  </Document>
  <Document id="974977214130343938">
    <relevance>true</relevance>
    <sentiment>negative</sentiment>
    <Opinions>
      <Opinion category="Demonstration#Main" polarity="negative" from="91" to="106" target="Demonstrationen" category_de="Demo#Haupt"/>
    </Opinions>
    <text>RT @BVG_Bus: M29/M41/M48/M85/100/200: kommt es heute zwischen 13 und 20 Uhr wegen mehrerer Demonstrationen in Mitte und Kreuzberg zu Einsch…</text>
  </Document>
  <Document id="975438782316019714">
    <relevance>false</relevance>
    <sentiment>neutral</sentiment>
    <Opinions/>
    <text>Warum geht das eigentlich alles auf unsere Kosten? Nächstens machen Tutsis und Hutus eine Großdemonstration gegen ihren Landeshäuptling in Kigali. Natürlich auch in 🇩🇪, weil da alles so gut organisiert ist und der Michl eh alles zahlt. https://t.co/tkddLOR3kU</text>
  </Document>
  <Document id="975990907169394688">
    <relevance>false</relevance>
    <sentiment>neutral</sentiment>
    <Opinions/>
    <text>POL-HH: 180319-8. Polizeieinsatz anlässlich des heutigen Demonstrationsgeschehens in der Hamburger Innenstadt https://t.co/SigedC7Avk</text>
  </Document>
  <Document id="982641749716885504">
    <relevance>true</relevance>
    <sentiment>negative</sentiment>
    <Opinions>
      <Opinion category="Demonstration#Main" polarity="negative" from="67" to="82" target="Demonstrationen" category_de="Demo#Haupt"/>
    </Opinions>
    <text>Polizei Braunschweig - Verkehrsbehinderungen rund um den Bahnhof - Demonstrationen verliefen friedlich https://t.co/ak71cvMjOx</text>
  </Document>
  <Document id="991249794873151488">
    <relevance>false</relevance>
    <sentiment>neutral</sentiment>
    <Opinions/>
    <text>@PolizeiSachsen Ganz viel Liebe. Passt auf euch und lasst es zu einer friedlichen Demonstration werden ❤️</text>
  </Document>
  <Document id="994967893023576065">
    <relevance>false</relevance>
    <sentiment>neutral</sentiment>
    <Opinions/>
    <text>Falsch, so jemand weiß nur ganz genau, dass er um solche Demonstrationen in Zukunft zu unterbinden ein neues #PAG macht. https://t.co/ioavOmlwWS</text>
  </Document>
  <Document id="797390488827559936">
    <relevance>true</relevance>
    <sentiment>negative</sentiment>
    <Opinions>
      <Opinion category="Demonstration#Main" polarity="negative" from="16" to="33" target="Großdemonstration" category_de="Demo#Haupt"/>
    </Opinions>
    <text>Linie 1 und 9 * Großdemonstration in Poll und Deutz * Information für Fahrgäste die auf die Buslinie 159... https://t.co/is4L6GeOe4</text>
  </Document>
  <Document id="1000677174091894784">
    <relevance>true</relevance>
    <sentiment>negative</sentiment>
    <Opinions>
      <Opinion category="Demonstration#Main" polarity="negative" from="31" to="44" target="Demonstration" category_de="Demo#Haupt"/>
    </Opinions>
    <text>M8: Linie fährt aufgrund einer Demonstration nicht zwischen S+U Hauptbahnhof und Landsberger Allee/Petersburger Str. #BVG</text>
  </Document>
  <Document id="1016568876753186816">
    <relevance>false</relevance>
    <sentiment>neutral</sentiment>
    <Opinions/>
    <text>Kein Vergeben! Kein Vergessen! - Morgen findet in #Münster eine antifaschistische Demonstration zur Urteilsverkündung im NSU-Prozess statt: https://t.co/pKSxdyhFpv #tagX #antifa #NSUProzess #nonazis #münsterland</text>
  </Document>
  <Document id="1020985329027870720">
    <relevance>false</relevance>
    <sentiment>neutral</sentiment>
    <Opinions/>
    <text>RT @FlorianGathmann: Dass die @csu sich nicht gerne von Teilen der Gesellschaft per Demonstration als Hetzer stigmatisieren lassen will, is…</text>
  </Document>
  <Document id="1033968171420712961">
    <relevance>false</relevance>
    <sentiment>neutral</sentiment>
    <Opinions/>
    <text>@zeitonline Will ja nicht vorschnell Vorurteile bedienen... Aber wenn ich die Kombination: Demonstration - Rechtsradikale - Polizei - Sachsen - überfordert lese, gehen mir noch ganz andere Assoziationen durch den Kopf...</text>
  </Document>
  <Document id="1035905464213680131">
    <relevance>false</relevance>
    <sentiment>neutral</sentiment>
    <Opinions/>
    <text>In #Plauen sind am Samstag der Friedens-Aktionstag unter dem Motto &quot;Plauen ist bunt&quot; und eine Demonstration der rechtsextremistischen und vom Verfassungsschutz beobachteten Partei Der Dritte Weg störungsfrei zu Ende gegangen. https://t.co/o3mYPW93R8 https://t.co/AaWIbIi559</text>
  </Document>
  <Document id="1036673719249330178">
    <relevance>false</relevance>
    <sentiment>neutral</sentiment>
    <Opinions/>
    <text>Unsere Einsatzkräfte haben aktuell in #Dresden anlässlich der dortigen Pegidademonstration einen Tatverdächtigen vorläufig festgenommen, der am Samstag in #Chemnitz einen Journalisten angegriffen hat. #c0109 #c0309 #dd0309</text>
  </Document>
  <Document id="1040586571425214469">
    <relevance>false</relevance>
    <sentiment>neutral</sentiment>
    <Opinions/>
    <text>@faznet wieso bezeichnet ihr propagandisten Demonstrationen als “Aufmärsche“?? wollt ihr die Demonstranten mit solchen irreführenden Begriffen in die rechte Ecke stellen, ihr schreibtischtäter? @afd @aufklaerer2017 #schmierfinken @VonSchwer @BILD @cducsubt @bazonline @NZZAusland</text>
  </Document>
  <Document id="1041052591159996417">
    <relevance>false</relevance>
    <sentiment>neutral</sentiment>
    <Opinions/>
    <text>Die größte Mieterdemo, die München je gesehen hat: Bei der #ausspekuliert-Demonstration gehen mindestens 10 000 Menschen für bezahlbaren Wohnraum auf die Straße - und es zeigt sich, dass die Angst vor Verdrängung tief sitzt https://t.co/NROhNyfEAu</text>
  </Document>
  <Document id="1077512278453506049">
    <relevance>true</relevance>
    <sentiment>neutral</sentiment>
    <Opinions>
      <Opinion category="Demonstration#Main" polarity="neutral" from="23" to="36" target="Demonstration" category_de="Demo#Haupt"/>
    </Opinions>
    <text>AfD? Adé! - Aufruf zur Demonstration gegen #NoAfD, Nationalismus und Rassismus in #Riesa: https://t.co/u9ndWVz6QB. Treffpunkt #Dresden: 12.01.19, 12:00 Uhr Bahnhof Neustadt (Seite Hansastraße) Abfahrt 12:24 Uhr / Abfahrt Hbf 12:14 Uhr #AfDade #Antifa #NIKA #SachsensDemokratie https://t.co/MrBXc3MTYc</text>
  </Document>
  <Document id="1081928849305321473">
    <relevance>true</relevance>
    <sentiment>negative</sentiment>
    <Opinions>
      <Opinion category="Demonstration#Main" polarity="negative" from="122" to="135" target="Demonstration" category_de="Demo#Haupt"/>
    </Opinions>
    <text>Busverkehr Innenstadt/ Sternschanze Ab ca. 18 Uhr bis ca. 20 Uhr, kommt es im genannten Bereich zu Behinderung durch eine Demonstration. #hvv</text>
  </Document>
  <Document id="665225793438621696">
    <relevance>true</relevance>
    <sentiment>neutral</sentiment>
    <Opinions>
      <Opinion category="Demonstration#Main" polarity="neutral" from="49" to="62" target="Demonstration" category_de="Demo#Haupt"/>
    </Opinions>
    <text>RT @Antifa_Hamburg: Der Jingle für die #nolympia Demonstration am Samstag den 21.11. um 16 Uhr am Hbf ist raus. Zieht ihn euch rein! https:…</text>
  </Document>
  <Document id="688323183053688832">
    <relevance>false</relevance>
    <sentiment>neutral</sentiment>
    <Opinions/>
    <text>Frisch aus Zürich – Topnews: Polizeieinsatz wegen unbewilligter Demonstration https://t.co/jLEP9psq4T</text>
  </Document>
  <Document id="711501649840381952">
    <relevance>false</relevance>
    <sentiment>neutral</sentiment>
    <Opinions/>
    <text>@SPIEGELONLINE Der Mann ist ein Bauernopfer und schlicht ein öffentliches Ermittlungsergebnis, zur Demonstration von Stärke!</text>
  </Document>
  <Document id="727019214574391296">
    <relevance>false</relevance>
    <sentiment>neutral</sentiment>
    <Opinions/>
    <text>RT @SPIEGELONLINE: Bei den 1. Mai-Demonstrationen ist es in mehreren europäischen Städten zu Ausschreitungen gekommen. Der Überblick: https…</text>
  </Document>
  <Document id="728940000415338496">
    <relevance>true</relevance>
    <sentiment>neutral</sentiment>
    <Opinions>
      <Opinion category="Demonstration#Main" polarity="neutral" from="67" to="84" target="Großdemonstration" category_de="Demo#Haupt"/>
    </Opinions>
    <text>🌏 Livestream: Gegen Angela Merkels &quot;Asyl&quot;politik-Politik: Berliner Großdemonstration am Berliner HBF https://t.co/U5ifuyjE5r</text>
  </Document>
  <Document id="736604781926551553">
    <relevance>false</relevance>
    <sentiment>neutral</sentiment>
    <Opinions/>
    <text>@tagesspiegel Was soll das? Warum wird eine rechtsradikale Demonstration ausländischer Gruppierungen in DE geduldet?</text>
  </Document>
  <Document id="756524113150238722">
    <relevance>true</relevance>
    <sentiment>negative</sentiment>
    <Opinions>
      <Opinion category="Demonstration#Main" polarity="negative" from="70" to="83" target="Demonstration" category_de="Demo#Haupt"/>
    </Opinions>
    <text>RT @BVG_Bus: M29/M41/140/171/194: auf den Linien kommt es wegen einer Demonstration im Bereich Hermannplatz zu Behinderungen. #BVG</text>
  </Document>
  <Document id="788024292319629312">
    <relevance>true</relevance>
    <sentiment>neutral</sentiment>
    <Opinions>
      <Opinion category="Demonstration#Main" polarity="neutral" from="15" to="28" target="Demonstration" category_de="Demo#Haupt"/>
    </Opinions>
    <text>Save the date: Demonstration am Weltkobane-Tag: 14:30 Hbf Hildesheim Am 1.11 ist der Weltkobane-Tag. An diesem... https://t.co/kUEBRx2RnV</text>
  </Document>
  <Document id="799717235359002624">
    <relevance>false</relevance>
    <sentiment>neutral</sentiment>
    <Opinions/>
    <text>Demonstrationsgeschehen in #Dortmund - Dorstfeld https://t.co/BxWBSvFbd1</text>
  </Document>
  <Document id="801519484737650688">
    <relevance>true</relevance>
    <sentiment>neutral</sentiment>
    <Opinions>
      <Opinion category="Demonstration#Main" polarity="neutral" from="62" to="75" target="Demonstration" category_de="Demo#Haupt"/>
    </Opinions>
    <text>Abschiebungen stoppen – Fluchtursachen bekämpfen! Landesweite Demonstration - 26.11.2016 - 13 Uhr - Hbf #Rostock # RefugeesWelcome #FCKAfD https://t.co/zQm4QLOuvE</text>
  </Document>
  <Document id="805043780797820928">
    <relevance>false</relevance>
    <sentiment>neutral</sentiment>
    <Opinions/>
    <text>Wien: Landesgerichtsstraße - Friedrrich-Schmidt-Platz, Behinderungen bis ca. 17 Uhr (Demonstration) #verkehr</text>
  </Document>
  <Document id="829681218497236992">
    <relevance>false</relevance>
    <sentiment>neutral</sentiment>
    <Opinions/>
    <text>Rumäniens Justizminister erklärt Rücktritt nach Massendemonstrationen https://t.co/UVo7aLAF5d</text>
  </Document>
  <Document id="858039946485137410">
    <relevance>false</relevance>
    <sentiment>neutral</sentiment>
    <Opinions/>
    <text>Die Budapester Straße ist wieder frei. Die Demonstration befindet sich inzwischen in der Glashüttenstraße. #2804hh https://t.co/EhLFKHclSh</text>
  </Document>
  <Document id="882526703834329088">
    <relevance>false</relevance>
    <sentiment>neutral</sentiment>
    <Opinions/>
    <text>@SZ @MatthiasDrobins #Demonstrationsrecht bedeutet aber #nicht daß man aus #Wut gegen #Polizisten #Flaschen, brennende #Gegenstände und #Farbbeutel #werfen darf</text>
  </Document>
  <Document id="883033450390978560">
    <relevance>false</relevance>
    <sentiment>neutral</sentiment>
    <Opinions/>
    <text>Demonstrationen sind ja eine Sache, aber warum müsst ihr unbedingt meine Straße auseinandernehmen?</text>
  </Document>
  <Document id="926810883346513922">
    <relevance>false</relevance>
    <sentiment>neutral</sentiment>
    <Opinions/>
    <text>Öcalan-Fahnen in Düsseldorf: Kurden-Demonstration eskaliert – Polizeieinsatz mit Pfefferspray https://t.co/GL095IXhE9 via @welt</text>
  </Document>
  <Document id="929306109726330880">
    <relevance>true</relevance>
    <sentiment>negative</sentiment>
    <Opinions>
      <Opinion category="Demonstration#Main" polarity="negative" from="78" to="93" target="Demonstrationen" category_de="Demo#Haupt"/>
    </Opinions>
    <text>RT @BVG_Bus: TXL/100/147/200: heute kann es von 16 bis 19.30 Uhr wegen zweier Demonstrationen in Mitte zu Behinderungen kommen. #BVG @berli…</text>
  </Document>
  <Document id="931256706465746944">
    <relevance>true</relevance>
    <sentiment>neutral</sentiment>
    <Opinions>
      <Opinion category="Demonstration#Main" polarity="neutral" from="56" to="69" target="Demonstration" category_de="Demo#Haupt"/>
    </Opinions>
    <text>Frankfurt &amp; Hanau Bus von Aufstehen gegen Rassismus zur Demonstration | Abfahrt 6:00 Uhr Hanau Hauptbahnhof,… https://t.co/fZdCAG7Jqj</text>
  </Document>
  <Document id="949683265933398016">
    <relevance>true</relevance>
    <sentiment>neutral</sentiment>
    <Opinions>
      <Opinion category="Demonstration#Main" polarity="neutral" from="28" to="41" target="Demonstration" category_de="Demo#Haupt"/>
    </Opinions>
    <text>Morgen (7. Januar), 14 Uhr, Demonstration ab Dessau Hauptbahnhof: In Gedenken zum 13. Todestag - Oury Jalloh,... https://t.co/ZG0zQ5AhxM</text>
  </Document>
  <Document id="955851294840971264">
    <relevance>false</relevance>
    <sentiment>neutral</sentiment>
    <Opinions/>
    <text>@BjoernHoecke Bitte zentrale Bundesweite AFD Demo und Veranstaltungs-website einrichten! Deutschland braucht das. Wir müssen auf die Straße gehen! Bitte innerhalb der AFD weiter geben. Und bitte Demonstrationen Bundesweit! Danke und viel Erfolg</text>
  </Document>
  <Document id="959857430602625024">
    <relevance>false</relevance>
    <sentiment>neutral</sentiment>
    <Opinions/>
    <text>@MarkRodel13 @fisch_kopp @jan_vanaken Wann hat die #Pkk unangenehmen in dein Leben oder das deiner Freunde eingegriffen? Im Stau stehen wegen einer kurdischen demonstration zählt nicht!</text>
  </Document>
  <Document id="959929201402015744">
    <relevance>false</relevance>
    <sentiment>neutral</sentiment>
    <Opinions/>
    <text>@Populistiker @AFDtrischi Mmh, ich habe eine andere Idee. #120db Warum gehen wir nicht mit unseren Alarmen auf die Straße und geben lautstark #Kontra? Nur friedliche Großdemonstrationen wie 1989 erzeugen das richtige Bild und die wahrhaftige Empörung sowie den Widerstand. #unserLand #Widerstand</text>
  </Document>
  <Document id="969206405126266880">
    <relevance>false</relevance>
    <sentiment>neutral</sentiment>
    <Opinions/>
    <text>PI: 50 Patrioten erobern die Straße von linken Deutschlandhassern zurück Fürth: 40. Jubiläum von Pegida Mittelfranken in der roten Hochburg: Von MICHAEL STÜRZENBERGER | Pegida hält in Mittelfranken trotz heftiger… https://t.co/ZadwnfhioS #Demonstration #Patriotismus #PEGIDA</text>
  </Document>
  <Document id="991242186363633664">
    <relevance>false</relevance>
    <sentiment>neutral</sentiment>
    <Opinions/>
    <text>Am 01. Mai wird gerne demonstriert. Doch welche drei Eigenschaften von Google könnten SEOs dazu bringen, auch einmal auf die Straße zu gehen? 🤔#TagderArbeit #1mai #myfest #demonstration #SEO https://t.co/eNn4XgYS8J</text>
  </Document>
  <Document id="994594383407304704">
    <relevance>true</relevance>
    <sentiment>neutral</sentiment>
    <Opinions>
      <Opinion category="Demonstration#Main" polarity="neutral" from="17" to="30" target="Demonstration" category_de="Demo#Haupt"/>
    </Opinions>
    <text>17.00 Die rechte Demonstration &quot;Freiheit für Ursula #Haverbeck&quot; läuft nun zum Bahnhof #Bielefeld Quelle zurück. #bi1005 https://t.co/m7UzHyBBLo</text>
  </Document>
  <Document id="1001416540657475584">
    <relevance>false</relevance>
    <sentiment>neutral</sentiment>
    <Opinions/>
    <text>@jan_buehlbecker Wir als Polizei kennen den Sachverhalt nur aus Twitter. Grundsätzlich ist das Verteilen von Infoflyern nicht Bestandteil der Beschränkungen des Versammlungsbescheides. Die beworbene Demonstration ist bereits angezeigt. Rechtliche Grundlage für unser Einschreiten fehlt. *oh</text>
  </Document>
  <Document id="1035957116035637248">
    <relevance>false</relevance>
    <sentiment>neutral</sentiment>
    <Opinions/>
    <text>@PolizeiSachsen Die Wasserwerfer hättet ihr mal benutzen sollen, um das Demonstrationsrecht durchzusetzen! #c0109 #chemnitz</text>
  </Document>
  <Document id="1041068893882798081">
    <relevance>false</relevance>
    <sentiment>neutral</sentiment>
    <Opinions/>
    <text>Vor einer für Sonntag angemeldeten Demonstration Rechtsextremer haben Bürger aus #Köthen Teile der Demonstrationsstrecke mit Friedensbotschaften bemalt. https://t.co/bMsmexwm5B</text>
  </Document>
  <Document id="1044221058579124231">
    <relevance>false</relevance>
    <sentiment>neutral</sentiment>
    <Opinions/>
    <text>@georgrestle @Schreiber_DD @WDR Nicht die Demonstration. Aber der Polizeieinsatz derzeit in NRW, der wäre einen Kommentar wert.</text>
  </Document>
  <Document id="1071379222583803905">
    <relevance>true</relevance>
    <sentiment>negative</sentiment>
    <Opinions>
      <Opinion category="Demonstration#Main" polarity="negative" from="207" to="220" target="Demonstration" category_de="Demo#Haupt"/>
    </Opinions>
    <text>#Linie10 fährt ab sofort Tunnelstrecke zum Hauptbahnhof, #Linie 17 fährt zum Betriebshof Glocksee, #Linie121, #Linie128, #Linie134 fahren Umleitung über die Fernroderstraße. Grund für die Umleitung ist eine Demonstration. ^ch</text>
  </Document>
  <Document id="658245321395433472">
    <relevance>false</relevance>
    <sentiment>neutral</sentiment>
    <Opinions/>
    <text>#Polizei #Köln #Leverkusen: Demonstrationen in Köln - Unterführung Maritim gesperrt #hogesa - Infos unter:https://t.co/ODutFkOSdq</text>
  </Document>
  <Document id="666993778952048640">
    <relevance>false</relevance>
    <sentiment>neutral</sentiment>
    <Opinions/>
    <text>Polizeieinsatz gegen Stuttgart-21-Gegner war rechtswidrig: Der massive Polizeieinsatz bei einer Demonstration ... https://t.co/HlJ13jwQ4x</text>
  </Document>
  <Document id="675692269358444544">
    <relevance>false</relevance>
    <sentiment>neutral</sentiment>
    <Opinions/>
    <text>RT @SZ: Demonstrationen: Randale in Leipzig - Polizei setzt Tränengas und Wasserwerfer ein https://t.co/6r0jX171eT</text>
  </Document>
  <Document id="675722337057026049">
    <relevance>false</relevance>
    <sentiment>neutral</sentiment>
    <Opinions/>
    <text>#handelsblatt #news Polizeieinsatz in Leipzig: Demonstration gegen Neonazi-Aufmarsch eskalie... https://t.co/TJIdqYueyQ #eco @amwstgallen</text>
  </Document>
  <Document id="707271459589267460">
    <relevance>false</relevance>
    <sentiment>neutral</sentiment>
    <Opinions/>
    <text>5A: [Hinweis] Demonstration Umleitung über Obere Augartenstraße https://t.co/0vfdz9zzWm #wlvi</text>
  </Document>
  <Document id="734062550732681217">
    <relevance>false</relevance>
    <sentiment>neutral</sentiment>
    <Opinions/>
    <text>POL-MA: Mannheim: Polizeieinsatz trotz abgesagter Demonstration https://t.co/JaatTIeFI3</text>
  </Document>
  <Document id="748189343597084672">
    <relevance>false</relevance>
    <sentiment>neutral</sentiment>
    <Opinions/>
    <text>RT @Earthfriend88: #s21 #Blockupy #BER CETA &amp; TTIP stoppen! Bundesweit Großdemonstrationen in sieben Städten am 17.9. https://t.co/lKS2I4PR…</text>
  </Document>
  <Document id="772381540131176448">
    <relevance>false</relevance>
    <sentiment>neutral</sentiment>
    <Opinions/>
    <text>#PolizeiNRW #koeln0409 #CGN49 - Aktuelle Informationen zu den Demonstrationen unter -&gt; https://t.co/kAT9X3i89P https://t.co/lk56dPR7HQ</text>
  </Document>
  <Document id="772891046158020609">
    <relevance>true</relevance>
    <sentiment>neutral</sentiment>
    <Opinions>
      <Opinion category="Demonstration#Main" polarity="neutral" from="18" to="33" target="Demonstrationen" category_de="Demo#Haupt"/>
    </Opinions>
    <text>POL-DU: Duisburg: Demonstrationen am Hauptbahnhof störungsfrei https://t.co/NJegG5hoKN</text>
  </Document>
  <Document id="855804936264798208">
    <relevance>true</relevance>
    <sentiment>negative</sentiment>
    <Opinions>
      <Opinion category="Demonstration#Main" polarity="negative" from="22" to="35" target="Demonstration" category_de="Demo#Haupt"/>
    </Opinions>
    <text>[VAG] Linie 5, 6, 9: #Demonstration im Bereich Aufseßplatz in #Nürnberg +++ https://t.co/kOCRGWkdIJ</text>
  </Document>
  <Document id="909050606018494464">
    <relevance>true</relevance>
    <sentiment>neutral</sentiment>
    <Opinions/>
    <text>Schockierender Bericht:AfD Demonstration in Jena.Die Truppe skandierte &quot;Eine U-Bahn, eine U-Bahn bauen wir nach Auschwitz&quot;, &quot;Ausländer raus&quot;</text>
  </Document>
  <Document id="938810087312850944">
    <relevance>false</relevance>
    <sentiment>neutral</sentiment>
    <Opinions/>
    <text>@PolizeiSachsen So kann man auch antworten. Macht den vollkommenen Irrsinn aber nicht besser. Wenigstens haben wir heute eine Demonstration davon bekommen, wie unfähig auch eine Einsatzplanung gestaltet sein kann. Setzt ganz neue Maßstäbe in Punkte Unvermögen</text>
  </Document>
  <Document id="955534430533308417">
    <relevance>true</relevance>
    <sentiment>neutral</sentiment>
    <Opinions>
      <Opinion category="Demonstration#Main" polarity="neutral" from="59" to="74" target="Demonstrationen" category_de="Demo#Haupt"/>
    </Opinions>
    <text>@pip_news @Dr_Mauz Es ist unwahrscheinlich das die Polizei Demonstrationen am Flughafen erlaubt somit ist es erstmal Illegal! Zweitens ist im Video zu sehen das die Demo auf Leute abziehst wo von Türkei einreisen, somit auch Eine Provokation .</text>
  </Document>
  <Document id="957894130423746560">
    <relevance>false</relevance>
    <sentiment>neutral</sentiment>
    <Opinions/>
    <text>@theswiss Sorry Marcel für die Verwirrung, das sollte natürlich nicht passieren. Die Auswirkungen von Demonstrationen sind leider sehr schwierig zu planen und Infos zu Umleitungen ändern sehr rasch. Da war wohl nicht alles synchron informiert.</text>
  </Document>
  <Document id="992346618061082624">
    <relevance>true</relevance>
    <sentiment>negative</sentiment>
    <Opinions>
      <Opinion category="Demonstration#Main" polarity="negative" from="95" to="108" target="Demonstration" category_de="Demo#Haupt"/>
    </Opinions>
    <text>RT @BVG_Bus: TXL/200/142/147/245: kommt es heute ab ca. 14.30 Uhr zu Behinderungen wegen einer Demonstration in Mitte. #BVG @berlinairport</text>
  </Document>
  <Document id="1048595350121062400">
    <relevance>false</relevance>
    <sentiment>neutral</sentiment>
    <Opinions/>
    <text>RT @JB_Sunshine_Ltd: 17:22 2. Durchsage der #Polizei. Finden die Barrikade auf der Straße fürchterlich doof. Noch keine Maßnahmen angekünd…</text>
  </Document>
  <Document id="973492645405356032">
    <relevance>false</relevance>
    <sentiment>neutral</sentiment>
    <Opinions/>
    <text>Hi @Essen_Ruhr, in der Freytagstr. wurde wg. Bauarbeiten das Wasser abgestellt. Wäre es nicht möglich gewesen das früher anzukündigen als unmittelbar davor mit Lautsprecherdurchsagen? Ein Brief wäre ganz nett gewesen. Und zu wissen wie lange das ungefähr dauert wäre auch toll.</text>
  </Document>
  <Document id="966949849999396865">
    <relevance>false</relevance>
    <sentiment>neutral</sentiment>
    <Opinions/>
    <text>(Sehr Selten) TM + Kdow 1 mit Durchsage zum Seilbahn Unfall in Köln https://t.co/YCOTffA0dF</text>
  </Document>
  <Document id="950970271837622272">
    <relevance>false</relevance>
    <sentiment>neutral</sentiment>
    <Opinions/>
    <text>lalxudbwldifj düsseldorf hbf slyifhsnsksj re6 slykd re11 sofufvekw neuss slyixvdeb dormagen alyifjwnsisu links danke an diese durchsage</text>
  </Document>
  <Document id="822135644684173312">
    <relevance>false</relevance>
    <sentiment>neutral</sentiment>
    <Opinions/>
    <text>@PolizeiHamburg wirklich ulkig wie sehr sich die Leute nicht für eure Durchsagen interessieren</text>
  </Document>
  <Document id="988753767104434179">
    <relevance>true</relevance>
    <sentiment>negative</sentiment>
    <Opinions>
      <Opinion category="GroundLevelAccess#Main" polarity="negative" from="99" to="105" target="Stufen" category_de="Stufenfrei_Hoehengleich#Haupt"/>
    </Opinions>
    <text>Hey @stadtdortmund, mit dem Kinderwagen ubahn fahren stinkt. Schonmal versucht, den Kinderwagen 30 Stufen hoch und runter zu hiefen?? Stellt mal wenigstens ein paar starke Jungs ab! #dsw21fail #wasistdasfür1life</text>
  </Document>
  <Document id="992011200425848832">
    <relevance>false</relevance>
    <sentiment>neutral</sentiment>
    <Opinions/>
    <text>Ein 76-jährige Autofahrerin hat in Frechen zwei Kinderwagen erfasst. Eines der Kinder wurde dabei lebensgefährlich, ein zweites Kind und beide Mütter leicht verletzt. https://t.co/FvhKPN0TEZ</text>
  </Document>
  <Document id="986950933786611712">
    <relevance>true</relevance>
    <sentiment>neutral</sentiment>
    <Opinions/>
    <text>@SensualHaid Naja, Kinderwagen kann schon mal nerven, wenn die S-Bahn rammelvoll ist. Ist mehr das Gesamtbild bei dem Scheißhaufen mit der hässlichen Scheißmütze, warum ich da reintreten würde.</text>
  </Document>
  <Document id="1071946253292969984">
    <relevance>false</relevance>
    <sentiment>neutral</sentiment>
    <Opinions/>
    <text>Die #RAF hat früher vor #Attentaten auf Autos wohl gerne #Kinderwagen auf die Fahrbahn gestoßen, keine #Fahrräder abgelegt. Aber das hätte bei so viel Öffentlichkeit wohl doch etwas dumm ausgesehen. #Demokratie schützen, #AFD unterstützen!</text>
  </Document>
  <Document id="977198126149918720">
    <relevance>false</relevance>
    <sentiment>neutral</sentiment>
    <Opinions/>
    <text>Habe gerade die Kinder abgeholt, ins Auto gesetzt, bin selber eingestiegen und dachte beim Ausparken: „Welcher Trottel lässt denn einen Zwillingskinderwagen am Parkplatz stehen?“ 🙈Wochenende, I need you so much. #lebenmitzwillingen #elternamlimit #twinmom</text>
  </Document>
  <Document id="977545679525568512">
    <relevance>false</relevance>
    <sentiment>neutral</sentiment>
    <Opinions/>
    <text>Auf beiden Seiten ausreichend breite Fußwege, aber man schiebt den Kinderwagen lieber mitten auf der Straße entlang. Kann man machen.</text>
  </Document>
  <Document id="976156683608186882">
    <relevance>false</relevance>
    <sentiment>neutral</sentiment>
    <Opinions/>
    <text>@seahawk_71 Erinnert mich an das Kind, was mir letztens beim Einsteigen in die Bahn ein fröhliches &quot;Papa&quot; aus dem Kinderwagen entgegen warf. Bei dem Blick der Mutter konnte ich mir ein &quot;So schlimm wärs jetzt auch nicht&quot; nicht verkneifen.</text>
  </Document>
  <Document id="967356708367601664">
    <relevance>true</relevance>
    <sentiment>neutral</sentiment>
    <Opinions/>
    <text>Sechs Kinderwagen stehen brav hintereinander vor dem Aufzug im Bahnhof. Welcome to Prenzlauer Berg! #Bahn</text>
  </Document>
  <Document id="949654852174598149">
    <relevance>false</relevance>
    <sentiment>neutral</sentiment>
    <Opinions/>
    <text>RT @Rabid_Glow: Alser Straße - Lift wird renoviert, ur viele mühsame Stufen mit Kinderwagen. Zwei Männer helfen mir unaufgefordert sofort -…</text>
  </Document>
  <Document id="930482211777900544">
    <relevance>false</relevance>
    <sentiment>neutral</sentiment>
    <Opinions/>
    <text>#GenderDay wann werden die Parkplätze unterteilt in: Frauen Parkplatz - Mann mit Kinderwagen Parkplatz - Mein Penis ist so lang wie mein Auto Parkplatz ?</text>
  </Document>
  <Document id="934120613496619008">
    <relevance>false</relevance>
    <sentiment>neutral</sentiment>
    <Opinions/>
    <text>@Polizei_Ffm Gute Aktion. Bin immer leicht geschockt wie gedankenlos manche über die Strasse laufen. Teilweise mit Kinderwagen oder Gehhilfen.</text>
  </Document>
  <Document id="921041946596007936">
    <relevance>true</relevance>
    <sentiment>neutral</sentiment>
    <Opinions/>
    <text>Höre grad aus dem Kinderwagen in der Ubahn „Mama ima iphone“ einer der ersten Worte eines jugo Kinds is Iphone s/o an Integration</text>
  </Document>
  <Document id="922727281319206912">
    <relevance>true</relevance>
    <sentiment>neutral</sentiment>
    <Opinions/>
    <text>@xFreddyK Bahn fahren als Schüler..... ok aber warum muss ne Frau mit 2 Kindern und Kinderwagen um 9:30 Uhr zum Hauptbahnhof ?</text>
  </Document>
  <Document id="923801341591515136">
    <relevance>false</relevance>
    <sentiment>neutral</sentiment>
    <Opinions/>
    <text>@polizei_nrw_do @stadtdortmund Dass heißt nen Bürger muss nen Umweg laufen, da schlafende LKW Fahrer mehr wert sind? Jemand mit Doppelkinderwagen muss über die Gleise?</text>
  </Document>
  <Document id="904974039504048129">
    <relevance>false</relevance>
    <sentiment>neutral</sentiment>
    <Opinions/>
    <text>#Falschparker auch heute wieder vor der #Kita auf dem #Fußweg. Kein Platz für Kinderwagen, müssen auf die Straße ausweichen. #Pankow #Berlin https://t.co/kowQwR7wis</text>
  </Document>
  <Document id="896336281357176833">
    <relevance>true</relevance>
    <sentiment>neutral</sentiment>
    <Opinions/>
    <text>Da fährt man einmal S-Bahn...meine Tante mit Kinderwagen zu langsam...fahre dann jetzt halt alleine weiter😅💁🏻</text>
  </Document>
  <Document id="882853313754091520">
    <relevance>false</relevance>
    <sentiment>neutral</sentiment>
    <Opinions/>
    <text>@einMATZEmalig Nein, es heißt: geeignetes Behältnis und er fährt kostenfrei mit. Kinder unter 6 Jahren sind kostenfrei - deshalb auch der Kinderwagen...</text>
  </Document>
  <Document id="884697498815569920">
    <relevance>false</relevance>
    <sentiment>neutral</sentiment>
    <Opinions/>
    <text>@PolizeiBerlin_E Selbst markierte Fußgängerübergänge an Zebrastreifen scheinen Parkfläche zu sein, Heinrich-heine / sebastianstr., super mit Kinderwagen!!!</text>
  </Document>
  <Document id="884775679245594625">
    <relevance>true</relevance>
    <sentiment>neutral</sentiment>
    <Opinions/>
    <text>Ich hab n kinderwagen aber muss als erstes aus der bahn aussteigen und dann die rolltreppe blockieren</text>
  </Document>
  <Document id="885701324884643840">
    <relevance>false</relevance>
    <sentiment>neutral</sentiment>
    <Opinions/>
    <text>Horror-Unfall: Volvofahrer rast in Kinderwagen, 1-jähriges Kind stirbt! https://t.co/snlV3GC0Ni https://t.co/18l6mOKtN7</text>
  </Document>
  <Document id="885751981188554752">
    <relevance>false</relevance>
    <sentiment>neutral</sentiment>
    <Opinions/>
    <text>Unfall in Hagen - Einjährige im Kinderwagen totgefahren: Warum geriet das Auto auf den Gehweg? https://t.co/eG3hJKBR7m</text>
  </Document>
  <Document id="889584278899740672">
    <relevance>true</relevance>
    <sentiment>neutral</sentiment>
    <Opinions/>
    <text>@666Razorback @berlin_foxy @RatzFatzFfm @berlinerzeitung Radfahrer in der U-Bahn sind genauso legitimiert wie Zwillingskinderwagenschieber, Großfamilien und Partyvolk. Ist eben so, tschulljung.</text>
  </Document>
  <Document id="1053508090065285120">
    <relevance>false</relevance>
    <sentiment>neutral</sentiment>
    <Opinions/>
    <text>Wieder ein #Falschparker in #Wiesbaden in Hans-Bredow-Straße: #WegDa! ich darf mal wieder mit Hund und Kinderwagen auf der Straße laufen 20.10.2018 https://t.co/uHP8aXJcJh</text>
  </Document>
  <Document id="873932055486373890">
    <relevance>false</relevance>
    <sentiment>neutral</sentiment>
    <Opinions/>
    <text>@TspLeute Nach mehreren Jahren an Krücken sehe ich das mit anderen Augen. Zusätzliche Stühle, Kinderwagen&amp; man muss auf der Straße laufen</text>
  </Document>
  <Document id="850226121010327553">
    <relevance>false</relevance>
    <sentiment>neutral</sentiment>
    <Opinions/>
    <text>https://t.co/hKhWGu4W1B #Brennpunkt #Berlin #Feuerwehreinsatz - ?Vermutung auf Brandstiftung? Seit wann brennt ein Kinderwagen von selbst?</text>
  </Document>
  <Document id="813788823557701632">
    <relevance>false</relevance>
    <sentiment>neutral</sentiment>
    <Opinions/>
    <text>@FMR_mixmaster Aus Sicherheitsgründen ist die Mitnahme von Kinderwagen/Buggys auf eine Rundfahrt leider nicht möglich. 1/2</text>
  </Document>
  <Document id="815871517271752706">
    <relevance>false</relevance>
    <sentiment>neutral</sentiment>
    <Opinions/>
    <text>#Chemnitz: Brennender Kinderwagen versetzt Bewohner im Lutherviertel in Angst und Schrecken https://t.co/BOadOowcc6</text>
  </Document>
  <Document id="791738229615714304">
    <relevance>false</relevance>
    <sentiment>neutral</sentiment>
    <Opinions/>
    <text>RT @BILD: Brandanschlag auf syrische Familie – „Reichsbürger“ soll Kinderwagen angezündet haben, 12 Menschen verletzt. https://t.co/MkYRFQ…</text>
  </Document>
  <Document id="773788699591057408">
    <relevance>true</relevance>
    <sentiment>neutral</sentiment>
    <Opinions/>
    <text>Alter, ne, da war diese scheiß Mutter mit ihrem Kinderwagen und stößt mich die ganze Zeit an, dass ich aus der Bahn gehen soll damit sie</text>
  </Document>
  <Document id="751881740701040640">
    <relevance>true</relevance>
    <sentiment>neutral</sentiment>
    <Opinions/>
    <text>Man bekommt Gespräche in der Bahn mit. Erinnert mich irgendwie an meine Kindheit - als ich heulend im Kinderwagen in der Bahn lag</text>
  </Document>
  <Document id="747777483953496068">
    <relevance>true</relevance>
    <sentiment>neutral</sentiment>
    <Opinions/>
    <text>Kinderwagen Ralley mit Mami Poppins am Düsseldorfer Hauptbahnhof! Kommt vorbei und entdeckt viele tolle Aktionen,... https://t.co/stLRc4WnMk</text>
  </Document>
  <Document id="748804495044284416">
    <relevance>true</relevance>
    <sentiment>neutral</sentiment>
    <Opinions/>
    <text>Ein alter Mann erklärt mir in der Bahn wie &amp; wo ich mit Kinderwagen am Besten einsteige um niemanden zu stören - kannste dir nicht ausdenken</text>
  </Document>
  <Document id="737531210155466752">
    <relevance>true</relevance>
    <sentiment>neutral</sentiment>
    <Opinions/>
    <text>Egal wer Du bist, wenn ein Kleinkind im Kinderwagen dir beim aussteigen aus der Bahn zuwinkt, dann winkst Du zurück!</text>
  </Document>
  <Document id="723898599105527809">
    <relevance>true</relevance>
    <sentiment>neutral</sentiment>
    <Opinions/>
    <text>Die Oma mit dem Kinderwagen, in dem eine Puppe sitzt, die sie laut anschreit, ist leider noch die normalste Person hier am Hauptbahnhof.</text>
  </Document>
  <Document id="701316135208271872">
    <relevance>true</relevance>
    <sentiment>neutral</sentiment>
    <Opinions/>
    <text>@GSuttmann sehr richtig guten Morgen egal ob #Quatsch #Urlaub #Kinderwagen #Politik #Bahn ich wünsche schönen Sonntag</text>
  </Document>
  <Document id="690883691069980672">
    <relevance>true</relevance>
    <sentiment>neutral</sentiment>
    <Opinions/>
    <text>Wenn fette Menschen mit ihrem verkackten Kinderwagen in eine volle Bahn einsteigen &lt;&lt;&lt;&lt;&lt;&lt;&lt;</text>
  </Document>
  <Document id="688055257373499392">
    <relevance>true</relevance>
    <sentiment>neutral</sentiment>
    <Opinions/>
    <text>Mutter geht mit Kinderwagen in die Bahn. Türen schließen. Sieht draußen noch ihre Tasche.Entscheidend sich gg das Kind..#menschheit</text>
  </Document>
  <Document id="603934225163759616">
    <relevance>true</relevance>
    <sentiment>neutral</sentiment>
    <Opinions/>
    <text>Die Baunataler Bahn: -voll -hat immer diesen einen penner, der im gang steht und nicht weitergeht -mind. 4 fahrradler+2 kinderwagen -stinkt</text>
  </Document>
  <Document id="673879939943395328">
    <relevance>false</relevance>
    <sentiment>neutral</sentiment>
    <Opinions/>
    <text>Immer wieder creepy wenn Mütter auf der Straße vor dir herlaufen und ohne Pause, laut mit ihrem Kind im Kinderwagen wirres Zeug reden. xd</text>
  </Document>
  <Document id="1033789542183120896">
    <relevance>false</relevance>
    <sentiment>neutral</sentiment>
    <Opinions/>
    <text>Stuttgart-Wangen (ots) - Unbekannte haben am Samstag (25.08.2018) gegen 20.20 Uhr im Kellerflur eines an der Ulmer Straße gelegenen Mehrfamilienhauses einen Kinderwagen in Brand gesetzt.... https://t.co/FJb9o0xZ6Q</text>
  </Document>
  <Document id="1036033837086765057">
    <relevance>true</relevance>
    <sentiment>neutral</sentiment>
    <Opinions/>
    <text>Kinder Knietablett Reisetisch EocuSun Play Tray Spiel und Esstisch Spieltisch Autositz Tisch für Reisen, Buggys, Kinderwagen, Auto, kfz, Flugzeug, Bahn, Cafe , Schwarz https://t.co/wDFOiPiOyV https://t.co/Ou3RS2hSbs</text>
  </Document>
  <Document id="1014061728659857409">
    <relevance>false</relevance>
    <sentiment>neutral</sentiment>
    <Opinions/>
    <text>@alemana1978 @polizeiberlin @Berliner_Fw @hesselmann @TspBerlin @TspLeute Beide und Menschen mit Kinderwagen haben auch nachts nichts auf der Straße zu suchen.</text>
  </Document>
  <Document id="1015165179439480833">
    <relevance>true</relevance>
    <sentiment>neutral</sentiment>
    <Opinions/>
    <text>Mit dem Kind am Arm den Kinderwagen in die sich schließende Ubahn Türe rammen um mitzufahren. Gute Idee. @wienerlinien: macht Schwerpunktkontrollen an den Enden der Züge. Türblockierer zahlen 30€ und das Problem wird bald aufhören.</text>
  </Document>
  <Document id="1018054249714995201">
    <relevance>false</relevance>
    <sentiment>neutral</sentiment>
    <Opinions/>
    <text>RT @sternde: Nachrichten aus Deutschland: Auto erfasst Kinderwagen - Frau und Baby gestorben Gaggenau: Auto erfasst Kinderwagen - Frau und…</text>
  </Document>
  <Document id="1077778922014756864">
    <relevance>true</relevance>
    <sentiment>neutral</sentiment>
    <Opinions/>
    <text>Die Begründung, warum es keine Rolltreppen am Bahnhof geben wird, ist wieder dämlich. Es gibt Fahrstühle für Rollstühle, Kinderwagen usw. Der Normalo muss halt 30 Stufen laufen. So wäre jeder Bahnhof günstiger geworden. Scheiß auf Komfort.</text>
  </Document>
  <Document id="1000281554503991297">
    <relevance>true</relevance>
    <sentiment>neutral</sentiment>
    <Opinions/>
    <text>Auf dem Weg zur #kitakrisedemo: Die S-Bahn ist voller Kinderwagen! Gänsehaut.</text>
  </Document>
  <Document id="1004808794948427779">
    <relevance>false</relevance>
    <sentiment>neutral</sentiment>
    <Opinions/>
    <text>Nationalspieler Mario Gomez (32) ist es gewohnt, im Stadion vor Zehntausenden Fans zu spielen - abseits des Fußballfelds meidet er jedoch das Rampenlicht. https://t.co/DnELSbMuz1 https://t.co/wi6KlEYpPm</text>
  </Document>
  <Document id="1011969751126593537">
    <relevance>false</relevance>
    <sentiment>neutral</sentiment>
    <Opinions/>
    <text>Stau Hamburg: Rennbahnstraße bis Robert-Schuman-Brücke Richtung Wandsbek zwischen Horner Rampe und Wandsbeker Marktstraße stockender Verkehr</text>
  </Document>
  <Document id="1013819860009345024">
    <relevance>false</relevance>
    <sentiment>neutral</sentiment>
    <Opinions/>
    <text>@zeitonline Nein, notfalls spuckt er, trampelt mit den Füßen und wirft sich auf die Erde. Habe ich neulich schon im Kindergarten gesehen.</text>
  </Document>
  <Document id="1018856063259594752">
    <relevance>false</relevance>
    <sentiment>neutral</sentiment>
    <Opinions/>
    <text>RT @SPIEGELONLINE: Getötete Tramperin: Spanien bewilligt Auslieferung des Tatverdächtigen im Fall Sophia L. https://t.co/rADn1gjc49 https:/…</text>
  </Document>
  <Document id="1030312768593911808">
    <relevance>false</relevance>
    <sentiment>neutral</sentiment>
    <Opinions/>
    <text>@faznet Deutschland hat nur ein Problem. Das heißt #Merkel und ihre Speichellecker die mit Merkels Abgang zu Grunde gehen. Denn dann wird aufgeräumt und die Schuldigen ins Rampenlicht gezogen</text>
  </Document>
  <Document id="1039976122019205120">
    <relevance>false</relevance>
    <sentiment>neutral</sentiment>
    <Opinions/>
    <text>@UteEff @OomenBerlin Hier gibt es nur 2 oder 3 Straßen mit Mittelstreifen. Sie haben Unterführungen. Aber so gut wie jede Fußgängerampel wird grün, wenn auch die Autofahrer grün bekommen, die rechts abbiegen. Und nicht jeder Autofahrer hat Geduld bis der Fußgänger über die Straße gelaufen ist. 😤</text>
  </Document>
  <Document id="1051384394320146432">
    <relevance>false</relevance>
    <sentiment>neutral</sentiment>
    <Opinions/>
    <text>@senior_witch @PolizeiBB @kitingChris @Fruchtzwerg1810 Manchmal klappt sowas ja. In den meisten Fällen aber nicht, weil Kraftfahrer die StVO nicht kennen und sich bei solchen Situationen an der Fußgängerampel orientieren, obwohl für einen Radfahrer auf einem Radstreifen oder Fahrbahn die Fahrbahnampel gilt. Da ist Nachholbedarf.</text>
  </Document>
  <Document id="700931186038857728">
    <relevance>false</relevance>
    <sentiment>neutral</sentiment>
    <Opinions/>
    <text>@SPIEGELONLINE Das ist ein echtes #Trampel, der sowas sagt!😎</text>
  </Document>
  <Document id="716855779278659584">
    <relevance>false</relevance>
    <sentiment>neutral</sentiment>
    <Opinions/>
    <text>- B87 in Jesewitz Höhe Fußgängerampel (Danke, Ronny!) #Blitzer</text>
  </Document>
  <Document id="758730322129276928">
    <relevance>false</relevance>
    <sentiment>neutral</sentiment>
    <Opinions/>
    <text>@SPIEGELONLINE er soll seine Haltung behalten, sonst Trumpt er nur wieder rum der trampel 😂</text>
  </Document>
  <Document id="785253622225465344">
    <relevance>false</relevance>
    <sentiment>neutral</sentiment>
    <Opinions/>
    <text>■ Vorsicht bitte in #Hamburg auf der #B5 stadtauswärts zwischen Schurzallee-Nord und Horner Rampe steht ein defektes Fahrzeug!</text>
  </Document>
  <Document id="811287710413496320">
    <relevance>false</relevance>
    <sentiment>neutral</sentiment>
    <Opinions/>
    <text>@zeitonline Aber auf die Opfer herumtrampeln macht, für wen auch immer, so viel Spaß. Der Hohn ersetzt jede Trauer, jeden klaren Blick.</text>
  </Document>
  <Document id="821716196689137667">
    <relevance>false</relevance>
    <sentiment>neutral</sentiment>
    <Opinions/>
    <text>A8, Innkreis-AB, FR Passau BRD bei Abfahrtsrampe Ried im Innkreis, Behinderungen (def. Fzg.) #verkehr</text>
  </Document>
  <Document id="822022064693510144">
    <relevance>false</relevance>
    <sentiment>neutral</sentiment>
    <Opinions/>
    <text>RT @SZ: Kulturhauptstadt 2017: #Aarhus, die ewige Zweite, tritt ins Rampenlicht. Städteporträt von @KatjaSchnitzler https://t.co/vAfZ2gfNhI</text>
  </Document>
  <Document id="826471381223276544">
    <relevance>false</relevance>
    <sentiment>neutral</sentiment>
    <Opinions/>
    <text>#Blitzer: In Bremerhaven auf der Weserstraße stadtauswärts, direkt hinter der Rampe</text>
  </Document>
  <Document id="832255341916192777">
    <relevance>false</relevance>
    <sentiment>neutral</sentiment>
    <Opinions/>
    <text>Stau : BAB A27 AS Bremen-Burglesum Rampe stadtauswärts https://t.co/pwkKTqY9Rw?</text>
  </Document>
  <Document id="856588510505185282">
    <relevance>false</relevance>
    <sentiment>neutral</sentiment>
    <Opinions/>
    <text>@RampeRampensen Bei freier Bahn kommste dann auch sehr weit.</text>
  </Document>
  <Document id="889426569592176640">
    <relevance>false</relevance>
    <sentiment>neutral</sentiment>
    <Opinions/>
    <text>Neuer Beitrag: &quot;POL-H: Zeugenaufruf! Bundesautobahn (BAB) 2: Lkw verliert Laderampe und verursacht erhebliche Fahrbahn- und Fahrzeugschäde…</text>
  </Document>
  <Document id="944052704178946048">
    <relevance>false</relevance>
    <sentiment>neutral</sentiment>
    <Opinions/>
    <text>@zeitonline Was für eine Arschkrampe</text>
  </Document>
  <Document id="948166260944236544">
    <relevance>false</relevance>
    <sentiment>neutral</sentiment>
    <Opinions/>
    <text>Elefant trampelt Thailand-Tourist tot - Auf der beliebten Ferieninsel Koh Samui in Thailand ist es während eines Elefanten-Trecks zu einem Unfall gekommen. Ein 36-jähriger Vater starb. https://t.co/Di2E11ewD0</text>
  </Document>
  <Document id="967000310613979136">
    <relevance>false</relevance>
    <sentiment>neutral</sentiment>
    <Opinions/>
    <text>@SPIEGELONLINE Wieso läuft Frau Krampus-Krampenbauer immer lächerlichst bekleidet im rosafarbenen Nachthemd herum? Möchte sie mit Hässlichkeit von intellektuellen Mängeln ablenken?</text>
  </Document>
  <Document id="968792262409949184">
    <relevance>false</relevance>
    <sentiment>neutral</sentiment>
    <Opinions/>
    <text>@faznet @c_lindner Merkel ist am meisten an der Misere schuld! Das einzig was der dumme Trampel kann ist kritisieren! Wie dumm muss man sein um Merkel zu wählen!</text>
  </Document>
  <Document id="985531294372286465">
    <relevance>false</relevance>
    <sentiment>neutral</sentiment>
    <Opinions/>
    <text>Übrigens @Tim_PinLab, es sorgt bei anderen Passanten für Erheiterung, wenn Du Dich auf der dreispurigen Straße - die Fußgängerampel war schon rot - mitten drauf hinsetzt, um Dich erst mal ausgiebig zu kratzen ... 😂 #LebenmitHund</text>
  </Document>
  <Document id="996092612774854656">
    <relevance>false</relevance>
    <sentiment>neutral</sentiment>
    <Opinions/>
    <text>es mit eigenen Augen sehen ist sehr aufwühlend...Menschen die über einen Menschen der reglos auf der Straße liegt rübersteigen, weil die Fußgängerampel grün ist....erst als ich mich zu ihm niederkniete, kam Hilfe...wie können Menschen so emphatielos sein?</text>
  </Document>
  <Document id="996285773849747456">
    <relevance>false</relevance>
    <sentiment>neutral</sentiment>
    <Opinions/>
    <text>https://t.co/c72u2tWYR6 Dazu möchte ich folgendes sagen,die Radfahrer haben hier das Sagen,obwohl sie kaum eine Ampel akzeptieren,an der Fußgängerampel das Rad nicht geführt wird,die Einbahnstraße nicht erkannt wird,auch auf der Landstrasse sich wie Götter bewegen!</text>
  </Document>
  <Document id="996512895537164288">
    <relevance>false</relevance>
    <sentiment>neutral</sentiment>
    <Opinions/>
    <text>RT @mjaschy: Das ist jetzt irgendwie blöd mit der #Bettelampel. Die Fußgängerampel gilt eigentlich nicht für mich, Fahrradampel gibt es nic…</text>
  </Document>
  <Document id="1009741975816425472">
    <relevance>false</relevance>
    <sentiment>neutral</sentiment>
    <Opinions/>
    <text>RT @BILD: Verschwundene Tramperin - Diesen Weg nahm der Trucker https://t.co/XQZWfC0vT3</text>
  </Document>
  <Document id="1014824463505018882">
    <relevance>false</relevance>
    <sentiment>neutral</sentiment>
    <Opinions/>
    <text>Im Fall der getöteten Tramperin #Sophia L. ist nach wie vor unklar, ob und wann der Tatverdächtige nach Deutschland überstellt wird. https://t.co/1o0NujYtzT</text>
  </Document>
  <Document id="1014945183266496512">
    <relevance>false</relevance>
    <sentiment>neutral</sentiment>
    <Opinions/>
    <text>@Cafe___Bohne Trailtipp: immer links am Strand entlang, Hafen vorbei, links Straße hoch, runter, Golfplatz Alcanada links liegen lassen, Promenade Ende links Trampelpfad weiter und dann gehts herrlich trailig ins Talaya-Massiv rein :-) Viel Spaß!</text>
  </Document>
  <Document id="1020554831633747969">
    <relevance>false</relevance>
    <sentiment>neutral</sentiment>
    <Opinions/>
    <text>B5: Gefahr! Vorsicht bitte in Hamburg auf der B5 Bergedorfer Straße stadteinwärts zwischen Billstedt-Mitte und Horner Rampe liegt ein Spanngurt!</text>
  </Document>
  <Document id="1023831608711888896">
    <relevance>false</relevance>
    <sentiment>neutral</sentiment>
    <Opinions/>
    <text>@SPIEGELONLINE Lese hier nur Missgunst von AfD-Krampen. #noafd</text>
  </Document>
  <Document id="1036187697340198913">
    <relevance>false</relevance>
    <sentiment>neutral</sentiment>
    <Opinions/>
    <text>@zeitonline Ist @zeitonline die Resterampe für TAZ -&quot;Journalisten&quot;, die keiner braucht? Allerdings glaube ich ihr aufs Wort, dass sie die Schönheitsideale überwinden will. Sie hat da einfach Pech gehabt.</text>
  </Document>
  <Document id="1049703840298270722">
    <relevance>false</relevance>
    <sentiment>neutral</sentiment>
    <Opinions/>
    <text>Guckt mal, Baustelle mit Rampe am Bordstein für Radler und Rollies in der Ziolkowskistraße. Geht doch! 🙂👍 https://t.co/0jwNr9SOlq</text>
  </Document>
  <Document id="766803860279222272">
    <relevance>false</relevance>
    <sentiment>neutral</sentiment>
    <Opinions/>
    <text>Beim #Autofahren trage ich jetzt eine #Nikab. #Radarfalle #Starenkasten #Blitzerampel sind Schnee von gestern, endlich freie Fahrt 😆 #Burka</text>
  </Document>
  <Document id="775357114030104576">
    <relevance>false</relevance>
    <sentiment>neutral</sentiment>
    <Opinions/>
    <text>Vollsperrung der Rampen: Asphaltsanierung an der Anschlussstelle Geesthacht (B 404/K 63) https://t.co/XbmFBwSeqU</text>
  </Document>
  <Document id="788479852810756097">
    <relevance>false</relevance>
    <sentiment>neutral</sentiment>
    <Opinions/>
    <text>@SPIEGELONLINE Die Antifa Unterstützer rechtfertigen sogar Morde und Vergewaltigungen. Demnächst auch Morde an der Rampe, kennen wir ja!!!</text>
  </Document>
  <Document id="820926579903700992">
    <relevance>false</relevance>
    <sentiment>neutral</sentiment>
    <Opinions/>
    <text>@Schmier_Fink @ADAC Tja, da hilft nur umlackieren oder trampen.</text>
  </Document>
  <Document id="948898435050196994">
    <relevance>false</relevance>
    <sentiment>neutral</sentiment>
    <Opinions/>
    <text>(3.1.2018 – Sturmschäden in Pfronten) 4.1.2018 Pfronten/Ostallgäu. Durch eine Windböe wurde am Mittwochvormittag ein Lkw auf der Tiroler Straße erfasst und gegen die Fußgängerampel beim Leonhardsplatz ... - auf My Bavaria - Das Bayern-Magazin - https://t.co/nbkBAMIumZ - #Allgäu https://t.co/zTKKkWRYiy</text>
  </Document>
  <Document id="984809258133975040">
    <relevance>false</relevance>
    <sentiment>neutral</sentiment>
    <Opinions/>
    <text>Wien: Heiligenstädter Straße, stadtauswärts, zw. Gürtel u. Rampengasse, ca. 20 min. Zeitverlust (Überlastung) #verkehr</text>
  </Document>
  <Document id="1044537166477635585">
    <relevance>false</relevance>
    <sentiment>neutral</sentiment>
    <Opinions/>
    <text>B 104 nach Verkehrsunfall zwischen Rampe und Brüel jetzt wieder frei.</text>
  </Document>
  <Document id="723027559844192256">
    <relevance>false</relevance>
    <sentiment>neutral</sentiment>
    <Opinions/>
    <text>#verkehr Stadtverkehr: Frankenschnellweg: Nürnberg - Fürth - zwischen Kreuz-Nürnberg-Hafen und an den Rampen, Stau</text>
  </Document>
  <Document id="926017212632231937">
    <relevance>false</relevance>
    <sentiment>neutral</sentiment>
    <Opinions/>
    <text>A 48, AK Koblenz – AD Dernbach · Vollsperrung von Rampen in der Anschlussstelle Bendorf (Nr. 11) wegen… https://t.co/vCIR05zAI4</text>
  </Document>
  <Document id="761651400300453888">
    <relevance>false</relevance>
    <sentiment>neutral</sentiment>
    <Opinions/>
    <text>ÖAMTC meldet: gesperrt, Knoten Bruck Rampe C FR KT , Umleitung über B 116 wird eingerichtet, https://t.co/drh17Hxs1N</text>
  </Document>
  <Document id="974640279335522305">
    <relevance>false</relevance>
    <sentiment>neutral</sentiment>
    <Opinions/>
    <text>An der Rampe verlieren die Logistikdienstleister fast so viel Geld, wie im Stau auf der Strasse... https://t.co/ZAlFWWpzop</text>
  </Document>
  <Document id="1030470365431119877">
    <relevance>false</relevance>
    <sentiment>neutral</sentiment>
    <Opinions/>
    <text>B5: Stau Hamburg: B5 Bergedorfer Straße stadtauswärts zwischen Horner Rampe und der A1/Billstedt stockender Verkehr</text>
  </Document>
  <Document id="627055576732733440">
    <relevance>false</relevance>
    <sentiment>neutral</sentiment>
    <Opinions/>
    <text>#verkehr Stadtverkehr: Nürnberg: Frankenschnellweg Nürnberg - Fürth - Stau An den Rampen.</text>
  </Document>
  <Document id="710819637710036992">
    <relevance>false</relevance>
    <sentiment>neutral</sentiment>
    <Opinions/>
    <text>#verkehr Stadtverkehr: Nürnberg: Frankenschnellweg Nbg - Fürth - An den Rampen Unfall // STAU, linker Fahrstreifen blockiert</text>
  </Document>
  <Document id="722662881158946816">
    <relevance>false</relevance>
    <sentiment>neutral</sentiment>
    <Opinions/>
    <text>#verkehr Stadtverkehr: Frankenschnellweg: Fürth - Nürnberg - zwischen Nürnberg/Fürth und an den Rampen, Stau</text>
  </Document>
  <Document id="960496205926080512">
    <relevance>false</relevance>
    <sentiment>neutral</sentiment>
    <Opinions/>
    <text>ÖAMTC meldet: AS Eibesbrunn Einfahrt blockiert, Behinderungen durch Bergungsarbeiten, Sperre der Rampe Eibesbrunn… https://t.co/6kN7mXkiwg</text>
  </Document>
  <Document id="1044132264865681408">
    <relevance>false</relevance>
    <sentiment>neutral</sentiment>
    <Opinions/>
    <text>Beeindruckendes Projekt von @rewe_group. Viel Erfolg für unseren langjährigen Kunden im Bereich #Yardmanagement und #Lkw-Koordination. Keine #Staus vor der #Rampe.</text>
  </Document>
  <Document id="743106227551539200">
    <relevance>false</relevance>
    <sentiment>neutral</sentiment>
    <Opinions/>
    <text>17:39 Uhr - Blitzer - Blitzer Rennbahnstr bei der Haspa Richtung Horner Rampe aus einem grauen Touran. 50 Km/h erlaubt. Danke dem Melder</text>
  </Document>
  <Document id="726091191159123968">
    <relevance>false</relevance>
    <sentiment>neutral</sentiment>
    <Opinions/>
    <text>#verkehr Stadtverkehr:: Frankenschnellweg Fürth - Nürnberg - An den Rampen // STAU</text>
  </Document>
  <Document id="864028268130947072">
    <relevance>false</relevance>
    <sentiment>neutral</sentiment>
    <Opinions/>
    <text>Neue #Ausschreibung im Bereich #Straßenbauarbeiten: A 671 Grunderneuerung Rampe 1 Krei... https://t.co/NJDdFcI6qF</text>
  </Document>
  <Document id="994288608457572353">
    <relevance>false</relevance>
    <sentiment>neutral</sentiment>
    <Opinions/>
    <text>POL-HRO: Schwerer Verkehrsunfall mit sechs verletzten Personen zwischen Rampe und Cambs https://t.co/hrAshhGaZ9</text>
  </Document>
  <Document id="1006805978803732481">
    <relevance>false</relevance>
    <sentiment>neutral</sentiment>
    <Opinions/>
    <text>@BerlinCyclist @polizei_nrw_do @RadinMuc Wenn man sich das auf googlemaps anschaut, gibt es zwei Möglichkeiten: 1. Es ist eine Ampel mit Fuß- und Radfahrsignal, die von der Polizei auf Twitter falsch beschrieben wurde. 2. Die Radfahrampel fehlt, dann hätte der radler schieben müssen, da parallel keine Fahrbahn verläuft.</text>
  </Document>
  <Document id="1006818963668504582">
    <relevance>false</relevance>
    <sentiment>neutral</sentiment>
    <Opinions/>
    <text>Dienstfahrräder sind steuerlich Dienstwagen gleichgestellt - aber nur wenige nutzen sie. Strampeln Sie morgens mit dem Fahrrad zur Arbeit? https://t.co/ykUTDOggyg</text>
  </Document>
  <Document id="1015126701221859328">
    <relevance>false</relevance>
    <sentiment>neutral</sentiment>
    <Opinions/>
    <text>Auf der Baustelle der Startrampe für Europas neue Ariane 6 in Kourou: Hier sollen in zwei Jahren erste Raketen starten (so heißt es). https://t.co/w4L8NS3LkK Bild: ESA /via @Leaving_Orbit /ku https://t.co/UtVRok2rWG</text>
  </Document>
  <Document id="1027641615622594560">
    <relevance>false</relevance>
    <sentiment>neutral</sentiment>
    <Opinions/>
    <text>- Radler bei Rot über Kreuzung - Radfahrer über 2 rote Ampeln - Rechtsabbigendes #Auto auf #Radweg (inkl. blöd Gucken) - Keine Linksabbiegemöglichkeit für Radfahrer - Radweg durch Baustelle behindert - selbiger als Parkplatz missbraucht - Radfahrer über 1x Rote Fußgängerampel https://t.co/ThhjskhsgJ</text>
  </Document>
  <Document id="1029972628730261504">
    <relevance>false</relevance>
    <sentiment>neutral</sentiment>
    <Opinions/>
    <text>Genau gegenüber ist ein großer Parkplatz und es gibt sogar eine Fußgängerampel. Aber das kann man ja den lieben Kleinen nicht zumuten, morgens noch ein paar Schritte zu laufen.</text>
  </Document>
  <Document id="1032585600963145728">
    <relevance>false</relevance>
    <sentiment>neutral</sentiment>
    <Opinions/>
    <text>@7VAMPIR Das trampen ist ziemlich aus der Mode gekommen, die meisten wissen vermutlich gar nicht was du willst wenn du an der Straße den 👍zeigst</text>
  </Document>
  <Document id="1042700075544326145">
    <relevance>false</relevance>
    <sentiment>neutral</sentiment>
    <Opinions/>
    <text>@stefan_tibor @gruenewien ja, und bitte breitere radwege, gescheite abstellmöglichkeiten im öffentlichen raum, ohne dass man sich an komischen metallbügeln die finger verstaucht u. das gewand dreckig macht, mehr radfahrampeln und bessere abtrennung von den auto-fahrstreifen. sage ich einfach so laienhaft.</text>
  </Document>
  <Document id="1050716016429420549">
    <relevance>false</relevance>
    <sentiment>neutral</sentiment>
    <Opinions/>
    <text>#VERKEHRSSERVICE ⛔ Weil die @ASFINAG die Fahrbahn auf der Rampe der Anschlussstelle Kufstein-Süd (A 12 Inntal Autobahn) erneuert, muss die Ausfahrt von Deutschland in Richtung Innsbruck vom 15. bis 17. Oktober gesperrt werden. https://t.co/J3WoPRdWnB</text>
  </Document>
  <Document id="1069517042380926978">
    <relevance>false</relevance>
    <sentiment>neutral</sentiment>
    <Opinions/>
    <text>Der Duft nach Kräppelchen und Glühwein zieht durch die Dörfer, in feierlicher Stimmung werden die Pyramiden angeschoben. Hier und da steht der Weihnachtsmann im Rampenlicht - und in Voigtsdorf der Kater auf der Waage. (Foto: Wieland Josch) https://t.co/pxynZKRqur https://t.co/ADgddsks1c</text>
  </Document>
  <Document id="692765650259959809">
    <relevance>false</relevance>
    <sentiment>neutral</sentiment>
    <Opinions/>
    <text>B463..Unfall in Lautlingen an der Fußgängerampel von Ebingen her kommend Danke dir Sabine... 18:45 Uhr #BlitzerBL &lt;cm&gt;</text>
  </Document>
  <Document id="700580488726102016">
    <relevance>false</relevance>
    <sentiment>neutral</sentiment>
    <Opinions/>
    <text>RT @Geostratege: &quot;Trampel&quot; ist treffend Grazie einer Sumpfschnepfe Politische Kompetenz eines Esels Eloquenz einer 10Jährigen https://t.…</text>
  </Document>
  <Document id="736086151165939713">
    <relevance>false</relevance>
    <sentiment>neutral</sentiment>
    <Opinions/>
    <text>A2, Süd-AB, FR Wien, Höhe Abfahrtsrampe Kn. Wr. Neustadt, Behinderungen (def. LKW) #verkehr</text>
  </Document>
  <Document id="842445949423218688">
    <relevance>false</relevance>
    <sentiment>neutral</sentiment>
    <Opinions/>
    <text>Achtung Autofahrer: Es kommen neue #Blitzer auf die Riehler Straße, Höhe Rampe zur #Zoobrücke. #Köln #Verkehr https://t.co/eub3cAF80l</text>
  </Document>
  <Document id="876395655715065857">
    <relevance>false</relevance>
    <sentiment>neutral</sentiment>
    <Opinions/>
    <text>RT @schoeneecken_OF: #PiaggioApe ... sieht fast so aus, wie der neue #Blitzer in #Offenbach ... Lediglich ein bißchen weniger Startrampe…</text>
  </Document>
  <Document id="893356589138288640">
    <relevance>false</relevance>
    <sentiment>neutral</sentiment>
    <Opinions/>
    <text>@Polizei_Ffm Schon wieder: Rotlichtfahrer, als die Fußgängerampel schon grün ist. Kann man Ampeln nicht serienmäßig mit Blitzern ausstatten?</text>
  </Document>
  <Document id="923958414769876992">
    <relevance>false</relevance>
    <sentiment>neutral</sentiment>
    <Opinions/>
    <text>ÖAMTC meldet: Zwischen Autobahnknoten St. Pölten und AS St. Pölten-Ost Unfall, bei der Auffahrtsrampe von der A-1… https://t.co/u7JIVyv4uA</text>
  </Document>
  <Document id="931530293802098689">
    <relevance>false</relevance>
    <sentiment>neutral</sentiment>
    <Opinions/>
    <text>@SPIEGELONLINE Super spaßig, überlastete Gerichte mit sinnlos Klagen an den falschen Adressaten zu überziehen. Der Weg zurück ins RAmpenlicht auf Kosten der Allgemeinheit...</text>
  </Document>
  <Document id="948520852626210816">
    <relevance>false</relevance>
    <sentiment>neutral</sentiment>
    <Opinions/>
    <text>@SPIEGELONLINE Danke an die Arschkrampen der @CSU #CSU</text>
  </Document>
  <Document id="983420641742385154">
    <relevance>false</relevance>
    <sentiment>neutral</sentiment>
    <Opinions/>
    <text>@SPIEGELONLINE Wie viele deutsche und türke haben trampelmann tramp gewählt?</text>
  </Document>
  <Document id="986702369953075200">
    <relevance>false</relevance>
    <sentiment>neutral</sentiment>
    <Opinions/>
    <text>Noch nicht einmal beim Queren einer grünen Fußgängerampel ist man sicher, dass man lebend auf der anderen Seite ankommt. Wann hört diese motorisierte Gewalt auf unseren Straßen endlich auf? https://t.co/kJd6Dw1p6Q</text>
  </Document>
  <Document id="989082503297323009">
    <relevance>false</relevance>
    <sentiment>neutral</sentiment>
    <Opinions/>
    <text>Hier, @PolizeiHamburg - der Lastwagen ist doch bestimmt wegen der Rampe direkt an der Abfahrt Volkspark umgekippt, oder? Der Mist da ist echt hochgefährlich, wenn man das nicht kennt und zu schnell unterwegs ist. Das MUSS mal behoben werden! https://t.co/X7miFSP082</text>
  </Document>
  <Document id="1006811013281452032">
    <relevance>false</relevance>
    <sentiment>neutral</sentiment>
    <Opinions/>
    <text>@RadinMuc @Hingucker4 @BerlinCyclist @polizei_nrw_do Reden hier alle aneinander vorbei? Ich kann doch mit dem Rad nicht einfach eine Straße überqueren und mich darauf berufen, dass die rote Fußgängerampel nicht für Radfahrer gilt.</text>
  </Document>
  <Document id="851092112942792706">
    <relevance>false</relevance>
    <sentiment>neutral</sentiment>
    <Opinions/>
    <text>RT @Miss_Stresss: Wieso sind Sie von der Straße abgekommen? - Ich wurde geblendet. - Von der Sonne? - Von weißen, strampelnden Männerbeinen.</text>
  </Document>
  <Document id="871803894141210624">
    <relevance>false</relevance>
    <sentiment>neutral</sentiment>
    <Opinions/>
    <text>■ Vorsicht bitte in #Hamburg auf der #B5 Bergedorfer Straße stadteinwärts zwischen #Billstedt-Mitte und Horner Rampe steht ...</text>
  </Document>
  <Document id="982574522074324992">
    <relevance>false</relevance>
    <sentiment>neutral</sentiment>
    <Opinions/>
    <text>@RampeRampensen Ende der Arbeiten gegen 20:00, danach noch lautstarkes Beräumen der Baustelle bis 21:00</text>
  </Document>
  <Document id="992348141616812038">
    <relevance>false</relevance>
    <sentiment>neutral</sentiment>
    <Opinions/>
    <text>Good news von @stuttgart_stadt: Der Bauleiter baute die Rampe ohne Genehmigung und ohne Kenntnis der Stadtverwaltung auf den Radstreifen. Er hat nun 2 Möglichkeiten: Abbau der Rampe Abbau der Rampe und Absänken des Fussweges Sonst sperrt @pp_stuttgart am am Montag die Zufahrt https://t.co/qNjVh7u5Ns</text>
  </Document>
  <Document id="998968490194239489">
    <relevance>false</relevance>
    <sentiment>neutral</sentiment>
    <Opinions/>
    <text>Schnell noch über die Straße huschen, obwohl die Fußgängerampel schon Rot zeigt. In Städten wie #Frankfurt etwas Alltägliches. Die Polizei versucht dort jetzt verstärkt, das Verhalten der Fußgänger zu ändern. Denn ein Unfal könnte tödlich sein. https://t.co/FsXKCv7T9q</text>
  </Document>
  <Document id="1047783658428534784">
    <relevance>false</relevance>
    <sentiment>neutral</sentiment>
    <Opinions/>
    <text>Es kann ja nicht so schwer sein einen LKW zu beladen oder? Anscheinend doch, aber wir haben Ausreden: Kleiner Parkplatz, zugeparkte Rampe, zu kalt, zu warm und sowieso... Saftladen. Gut, dass der Fahrer Victor da war.... https://t.co/HA3kZ1OvcZ</text>
  </Document>
  <Document id="671961361790865408">
    <relevance>false</relevance>
    <sentiment>neutral</sentiment>
    <Opinions/>
    <text>#verkehr Stadtverkehr: Frankenschnellweg: Fürth - Nürnberg - STAU zwischen Kreuz Nürnberg-Hafen und An den Rampen</text>
  </Document>
  <Document id="751291241552154624">
    <relevance>false</relevance>
    <sentiment>neutral</sentiment>
    <Opinions/>
    <text>07:37 Uhr - Achtung, es Blitz Horner Rampe Stadtauswärts dunkle a klasse bekannte stelle. Danke dem Melder.</text>
  </Document>
  <Document id="800437647932063744">
    <relevance>false</relevance>
    <sentiment>neutral</sentiment>
    <Opinions/>
    <text>Ca. 5.000 m² Lagerfläche in Nähe zum Flughafen / Rampe/ 9m UKB/ teilbar ab 2.000 m²: #Haus… https://t.co/IIoo8vP7ul</text>
  </Document>
  <Document id="875261665213898752">
    <relevance>false</relevance>
    <sentiment>neutral</sentiment>
    <Opinions/>
    <text>■ #Hamburg: #B5 Bergedorfer Straße bis Eiffestraße stadteinwärts zwischen Horner Rampe und Wichernsweg stockender Verkehr ...</text>
  </Document>
  <Document id="877684388414271493">
    <relevance>false</relevance>
    <sentiment>neutral</sentiment>
    <Opinions/>
    <text>An d. Rampe für den südl. #Steg vom #Arsenal ins #Sonnwendviertel wird gebastelt. #Bauarbeiten #Brücke #Wien #Bauprojekte #Brückenbau https://t.co/4qA3JZv6Qi</text>
  </Document>
  <Document id="864125733605703680">
    <relevance>false</relevance>
    <sentiment>neutral</sentiment>
    <Opinions/>
    <text>■ #Hamburg: auf der Bergedorfer Straße stadtauswärts zwischen Horner Rampe und der #A1/#Billstedt stockender Verkehr nach ...</text>
  </Document>
  <Document id="714845712035385344">
    <relevance>false</relevance>
    <sentiment>neutral</sentiment>
    <Opinions/>
    <text>#verkehr Stadtverkehr: Frankenschnellweg: Fürth - Nürnberg - zwischen Fürth-Poppenreuth und An den Rampen, STAU</text>
  </Document>
  <Document id="1043382511617957889">
    <relevance>false</relevance>
    <sentiment>neutral</sentiment>
    <Opinions/>
    <text>#ERROR!</text>
  </Document>
  <Document id="614084059094913024">
    <relevance>false</relevance>
    <sentiment>neutral</sentiment>
    <Opinions/>
    <text>#verkehr Stadtverkehr: Frankenschnellweg Fürth - Nürnberg: zwischen Eberhardshof und den Rampen - STAU</text>
  </Document>
  <Document id="704956190904586240">
    <relevance>false</relevance>
    <sentiment>neutral</sentiment>
    <Opinions/>
    <text>#verkehr Stadtverkehr: Frankenschnellweg: Nürnberg - Fürth - zwischen Kreuz Nürnberg-Hafen und An den Rampen, STAU</text>
  </Document>
  <Document id="763463385094688768">
    <relevance>false</relevance>
    <sentiment>neutral</sentiment>
    <Opinions/>
    <text>#Isarring#Megastau#München#Berufsverkehr#B2R#Verkehr#Verkehrsinfarkt Effnerplatz gesperrte Rampe!!! https://t.co/nGD6pSzYCn</text>
  </Document>
  <Document id="815452505350041600">
    <relevance>false</relevance>
    <sentiment>neutral</sentiment>
    <Opinions/>
    <text>■ Achtung bitte in #Hamburg auf der #B5 Bergedorfer Straße: zwischen Schurzallee-Nord und Horner Rampe sind Personen auf der ...</text>
  </Document>
  <Document id="863996177548759040">
    <relevance>false</relevance>
    <sentiment>neutral</sentiment>
    <Opinions/>
    <text>ACHTUNG! Neue Verkehrsmeldung Stau : BAB A27 AS Bremen-Burglesum Rampe stadtauswärt…</text>
  </Document>
  <Document id="710040671105753088">
    <relevance>false</relevance>
    <sentiment>neutral</sentiment>
    <Opinions/>
    <text>@SZ Mit oder ohne Rollator?</text>
  </Document>
  <Document id="706251640370626560">
    <relevance>false</relevance>
    <sentiment>neutral</sentiment>
    <Opinions/>
    <text>Im Treppenhaus steht ein einsamer Rollator rum. Meine Straße hat so 20% steigung. Ruft schon mal den Krankenwagen.</text>
  </Document>
  <Document id="704930996819464192">
    <relevance>true</relevance>
    <sentiment>neutral</sentiment>
    <Opinions/>
    <text>Maschinenbau studiert, um auf den ersten Blick zu sehen, warum der Rentner-Rollator am Bhf klemmt und das Problem mit einem Griff zu lösen</text>
  </Document>
  <Document id="697063785484414980">
    <relevance>true</relevance>
    <sentiment>neutral</sentiment>
    <Opinions/>
    <text>Busfahrer hält für Rollator-Oma an. Sie: Der hat bestimmt auch ne alte Oma. Fahrgast: Oder steht uff welke Weiber. #weilwirdichlieben</text>
  </Document>
  <Document id="682504357586309120">
    <relevance>false</relevance>
    <sentiment>neutral</sentiment>
    <Opinions/>
    <text>Ihr kennt doch die 'Elefantenrennen' auf der Autobahn... Noch nerviger sind diese unter zwei Rentnern mit ihren Rollatoren.</text>
  </Document>
  <Document id="664911551367913472">
    <relevance>false</relevance>
    <sentiment>neutral</sentiment>
    <Opinions/>
    <text>@SPIEGELONLINE Eine 87-jährige? In was für eine Art Gefängnis kommt sie? Maximale Sicherheitsstufe ohne Rollator? So schafft man Martyrer!</text>
  </Document>
  <Document id="665143427974213632">
    <relevance>false</relevance>
    <sentiment>neutral</sentiment>
    <Opinions/>
    <text>90-Jährige bei #Unfall in #Sondershausen schwer verletzt. Autofahrerin übersah die Frau mit Rollator beim Ausparken.</text>
  </Document>
  <Document id="665459810142396416">
    <relevance>false</relevance>
    <sentiment>neutral</sentiment>
    <Opinions/>
    <text>Verkehrsunfall in Völklingen: 84-jährige Rollatornutzerin fällt zu Boden https://t.co/gtbi8BQ27a</text>
  </Document>
  <Document id="669778389775978497">
    <relevance>false</relevance>
    <sentiment>neutral</sentiment>
    <Opinions/>
    <text>Tödlicher Unfall in Ebelsbach : Rentner mit Rollator von Auto erfasst: Ein 72-jähriger Fußgänger i... https://t.co/k9uJwfpy3k @BR_Presse</text>
  </Document>
  <Document id="672365996510982144">
    <relevance>false</relevance>
    <sentiment>neutral</sentiment>
    <Opinions/>
    <text>@AngeloutsideRK 2/3 einen festen Halt gesucht werden. Der Rollator ist dafür nicht geeignet. Ich hoffe, dem älteren Herrn ist nichts weiter</text>
  </Document>
  <Document id="658327638444871680">
    <relevance>false</relevance>
    <sentiment>neutral</sentiment>
    <Opinions/>
    <text>Wenn die Kieler Straße zur Rollator-Rennstrecke wird - https://t.co/4oTsF8Lzk2</text>
  </Document>
  <Document id="934159817068957696">
    <relevance>false</relevance>
    <sentiment>neutral</sentiment>
    <Opinions/>
    <text>Polizei Würzburg - Senior nach Unfall mit Rollator verstorben – Polizei sucht dringend Zeugen https://t.co/pXEfOcGPZw</text>
  </Document>
  <Document id="911367530840838146">
    <relevance>false</relevance>
    <sentiment>neutral</sentiment>
    <Opinions/>
    <text>#MG Gute (Unfall-) #Prävention's + Infoveranstaltung von @polizei_nrw_mg 🚓 + #NEW' zum #Rollator + d 🚍fahren 👍https://t.co/0vOCeMGcdX</text>
  </Document>
  <Document id="914780571557142528">
    <relevance>true</relevance>
    <sentiment>neutral</sentiment>
    <Opinions/>
    <text>An die ältere Dame die mir energisch und schwungvoll mit dem Rollator über den Fuß eilte um in die U-Bahn zu steigen: AUA!</text>
  </Document>
  <Document id="917335250467991552">
    <relevance>false</relevance>
    <sentiment>neutral</sentiment>
    <Opinions/>
    <text>Manchen helfen Rollatoren über die Straße Vs. Manche helfen Rollatoren über die Straße</text>
  </Document>
  <Document id="919315270921015296">
    <relevance>false</relevance>
    <sentiment>neutral</sentiment>
    <Opinions/>
    <text>RT @Cable_Street: @FOCUS_TopNews Einsperren! #Rentner #Killer #Auto #Verkehr #Rentnerlobby #Rollator #ReligiondesFriedens #Einzelfall</text>
  </Document>
  <Document id="921302314413158400">
    <relevance>false</relevance>
    <sentiment>neutral</sentiment>
    <Opinions/>
    <text>Ein Mann fährt in Münchberg eine Rentnerin an, die gerade mit ihrem Rollator die Straße überquert. Die Frau wird... https://t.co/xHQMWTH4j1</text>
  </Document>
  <Document id="905368458883366912">
    <relevance>false</relevance>
    <sentiment>neutral</sentiment>
    <Opinions/>
    <text>@SZ na bald könnt Ihr die Rente ganz weg lassen, und betriebe umbauen das mit mit dem Rollator auf die Baustelle kommt. DAs ist schon kriminell</text>
  </Document>
  <Document id="908617643376152576">
    <relevance>false</relevance>
    <sentiment>neutral</sentiment>
    <Opinions/>
    <text>Hier hat grad ein Kleinbus der Mobilen Behindertenhilfe eine Omi mit Rollator angehupt, die zu langsam über die Straße ging.</text>
  </Document>
  <Document id="901099020826947584">
    <relevance>false</relevance>
    <sentiment>neutral</sentiment>
    <Opinions/>
    <text>Leute parkt doch bitte so, dass die Oma mit dem Rollator nicht auf der Straße laufen muss. Meiner Tochter habe ich das eben auch gesagt.</text>
  </Document>
  <Document id="893163687187546113">
    <relevance>true</relevance>
    <sentiment>neutral</sentiment>
    <Opinions/>
    <text>@Herr_Walter @lokfuehrer_tim Die Bahn ist nach dem Flugzeug, dem Vollernter und dem Rollator das sicherste Verkehrsmittel.</text>
  </Document>
  <Document id="894955429561815041">
    <relevance>false</relevance>
    <sentiment>neutral</sentiment>
    <Opinions/>
    <text>Props an die ältere Dame, die sich auf das Fußteil ihres Rollators gestellt hat und über die Straße gefahren ist.</text>
  </Document>
  <Document id="897524575965261825">
    <relevance>false</relevance>
    <sentiment>neutral</sentiment>
    <Opinions/>
    <text>RT @PolizeiBerlin_E: Oma mit Rollator und Krückstock schlägt in #Neukölln auf zu lauten Lkw und geht anschließend einkoofen #ditisberlin #2…</text>
  </Document>
  <Document id="898200521223401473">
    <relevance>true</relevance>
    <sentiment>neutral</sentiment>
    <Opinions/>
    <text>Jeden Tag eine gute Tat. - grad einer alten Frau geholfen ihr ihren Rollator zu geben und aus der Bahn raus zu kommen :p</text>
  </Document>
  <Document id="881919663336300544">
    <relevance>false</relevance>
    <sentiment>neutral</sentiment>
    <Opinions/>
    <text>@zeitonline OMAS ROLLATOR ... !!!</text>
  </Document>
  <Document id="886178715448881152">
    <relevance>true</relevance>
    <sentiment>neutral</sentiment>
    <Opinions/>
    <text>Fieses #Battle in der Bahn: Herr mit #Fahrrad gg Herrn mit #Rollator. Fahrrad gewinnt- wegen Klingel.</text>
  </Document>
  <Document id="857201367986966529">
    <relevance>false</relevance>
    <sentiment>neutral</sentiment>
    <Opinions/>
    <text>@PolizeiHamburg @SoliDavidwache Gibt es auch schon Festnahmen übungshalber z. B. von Verkehrsteilnehmern, die den Fluß blockieren! Mütter mit Kinderwagen, Rollatorenfahrer?</text>
  </Document>
  <Document id="862547904875159557">
    <relevance>true</relevance>
    <sentiment>neutral</sentiment>
    <Opinions/>
    <text>Menschen, die sich nicht bemerkbar machen. Ja, Oma, ramm mir in der vollen Bahn deinen Rollator in die Hacken, weil du einsteigen willst...</text>
  </Document>
  <Document id="869243939403988997">
    <relevance>true</relevance>
    <sentiment>neutral</sentiment>
    <Opinions/>
    <text>Was fehlt erwachsenen Männern, die ne Omi anpöbeln, weil sie mitm Rollator nur langsam aus der Bahn aussteigt?!?</text>
  </Document>
  <Document id="873932756681621504">
    <relevance>false</relevance>
    <sentiment>neutral</sentiment>
    <Opinions/>
    <text>Herrlich kreative #Pfalz. Bank mit eingebautem Rollator-Parkplatz. https://t.co/5eE6JxGmJM</text>
  </Document>
  <Document id="874691868180742147">
    <relevance>false</relevance>
    <sentiment>neutral</sentiment>
    <Opinions/>
    <text>@FOCUS_TopNews Einsperren! #Rentner #Killer #Auto #Verkehr #Rentnerlobby #Rollator #ReligiondesFriedens</text>
  </Document>
  <Document id="851775061568745473">
    <relevance>false</relevance>
    <sentiment>neutral</sentiment>
    <Opinions/>
    <text>Mich überfahren auch immer wieder Rentner, auf der Straße und im Supermarkt mit dem AldiShopper oder dem Rollator... #AufStreife</text>
  </Document>
  <Document id="844925834339213312">
    <relevance>false</relevance>
    <sentiment>neutral</sentiment>
    <Opinions/>
    <text>Freundin meiner Mutter ist am Buffet von einer Frau mit Rollator angefahren worden, die daraufhin im Durcheinander Fahrerflucht beging.</text>
  </Document>
  <Document id="845050538911772673">
    <relevance>false</relevance>
    <sentiment>neutral</sentiment>
    <Opinions/>
    <text>Es is 12 die kreuzung bei mir is leer. Nur ne alte frau mit rollator fahrt auf der straße an mir vorbei.</text>
  </Document>
  <Document id="836499922589462528">
    <relevance>false</relevance>
    <sentiment>neutral</sentiment>
    <Opinions/>
    <text>@Knuddelpapst Sag ich ja 😅 Vorm Weissen Haus gibt es sicher schon nen geösseren Rollator-Parkplatz 😂</text>
  </Document>
  <Document id="830028444893401088">
    <relevance>false</relevance>
    <sentiment>neutral</sentiment>
    <Opinions/>
    <text>ROLLATOREN AUCH IM WINTER SICHER NUTZEN Pressemitteilung der DVW: https://t.co/m28hjdMBO1 #Verkehrssicherheit #Rollator #Winter #Verkehr https://t.co/WiyJbyIMjV</text>
  </Document>
  <Document id="822764716716163073">
    <relevance>false</relevance>
    <sentiment>neutral</sentiment>
    <Opinions/>
    <text>@polizeiberlin @xhieda In Freiburg rennen vor allem Eltern mit Kindern, Kinderwägen und Senioren mit Rollator bei rot über die Ampel.</text>
  </Document>
  <Document id="816599399296040960">
    <relevance>false</relevance>
    <sentiment>neutral</sentiment>
    <Opinions/>
    <text>Endlich ein neues Design! #Senioren #Rollator #seniorcare #health #healthcare #Hilfsmittel #design https://t.co/h479GkmrK7</text>
  </Document>
  <Document id="806167821927333888">
    <relevance>false</relevance>
    <sentiment>neutral</sentiment>
    <Opinions/>
    <text>Fußgänger mit Rollator in #Ebersburg von Auto angefahren - tot. https://t.co/Xga76L7S4H</text>
  </Document>
  <Document id="806201014693007360">
    <relevance>false</relevance>
    <sentiment>neutral</sentiment>
    <Opinions/>
    <text>Tödlicher Verkehrsunfall – 77-Jähriger mit Rollator von Pkw erfasst - https://t.co/AU9CZovWZI https://t.co/wYioVwaGaj</text>
  </Document>
  <Document id="804348499647205376">
    <relevance>false</relevance>
    <sentiment>neutral</sentiment>
    <Opinions/>
    <text>POL-UN: Schwerte – Verkehrsunfall mit einer verletzten Person – Frau mir Rollator auf Fußgängerüberweg angefahren https://t.co/PIaqnucA6Y</text>
  </Document>
  <Document id="804357666290049024">
    <relevance>false</relevance>
    <sentiment>neutral</sentiment>
    <Opinions/>
    <text>#KreisUnna POL-UN: Schwerte - Verkehrsunfall mit einer verletzten Person - Frau mir Rollator auf Fußgängerüberweg… https://t.co/iv94JE6Tth https://t.co/FuJfcvEFLP</text>
  </Document>
  <Document id="798115974872530944">
    <relevance>true</relevance>
    <sentiment>neutral</sentiment>
    <Opinions/>
    <text>Ein älteres Ehepaar. Beide sehr gebrechlich. Sie sitzt auf dem Rollator und er schiebt sie bergauf zur Bahn. So schön #truelove #lifegoals</text>
  </Document>
  <Document id="798184514262446080">
    <relevance>false</relevance>
    <sentiment>neutral</sentiment>
    <Opinions/>
    <text>RT @morgenpost: Unfall: Frau mit Rollator von LKW überrollt https://t.co/wzE260CXfw https://t.co/T2gtUlCsvV</text>
  </Document>
  <Document id="784891670647152640">
    <relevance>true</relevance>
    <sentiment>neutral</sentiment>
    <Opinions/>
    <text>Jugendliche heutzutage stehen nie auf wenn eine alte Person in den Bus/Bahn steigt und helfen auch nie den Rollator hochzuheben</text>
  </Document>
  <Document id="766709199380312065">
    <relevance>false</relevance>
    <sentiment>neutral</sentiment>
    <Opinions/>
    <text>Erst Schweine auf der Autobahn, dann Menschen mit Rollatoren auf der Bundesstraße. :) Tolle Verkehrs News im #Radio in #Ostfriesland!</text>
  </Document>
  <Document id="764035637666349056">
    <relevance>false</relevance>
    <sentiment>neutral</sentiment>
    <Opinions/>
    <text>Riesen Parkplatz und ich räume meine Sachen erst mal ins falsche Auto. Hab mich auch schon gewundert, warum ein Rollator im Kofferraum lag</text>
  </Document>
  <Document id="763680479769989120">
    <relevance>false</relevance>
    <sentiment>neutral</sentiment>
    <Opinions/>
    <text>@SPIEGELONLINE Von einem Rollator Fahrer?</text>
  </Document>
  <Document id="757177620291284992">
    <relevance>false</relevance>
    <sentiment>neutral</sentiment>
    <Opinions/>
    <text>Das war so typisch ich Rege mich im Auto laut über den Rentner mit Rollator auf der sich fett auf sie Straße setzt und das Fenster ist offen</text>
  </Document>
  <Document id="754355157803077632">
    <relevance>false</relevance>
    <sentiment>neutral</sentiment>
    <Opinions/>
    <text>Ich spiel Flummi draussen auf Straße plötzlich geht Oma vorbei ich helf ihr Rollator klappt nach vorne 1 LKW kommt um Kurve und huppt laut</text>
  </Document>
  <Document id="748518998887657472">
    <relevance>false</relevance>
    <sentiment>neutral</sentiment>
    <Opinions/>
    <text>Auffahrunfall in Würzburg: Streit wegen Rollator auf Alter Mainbrücke eskaliert https://t.co/KHN1pL9NVE #franken</text>
  </Document>
  <Document id="742382556763566080">
    <relevance>false</relevance>
    <sentiment>neutral</sentiment>
    <Opinions/>
    <text>Autounfall in Solothurn: Nach Unfall mit Rollator schwer verletzt https://t.co/34Iq74LW6x</text>
  </Document>
  <Document id="742006189085593604">
    <relevance>false</relevance>
    <sentiment>neutral</sentiment>
    <Opinions/>
    <text>@meincoach @b_thaler gestern auf Hütteldorfer Straße (sic!): grüne Converse, grünes Kapperl, grüne &quot;Banane&quot;, Rapid Tasche auf dem Rollator 🙈</text>
  </Document>
  <Document id="727799472265306116">
    <relevance>false</relevance>
    <sentiment>neutral</sentiment>
    <Opinions/>
    <text>...ich werde 111,wenn ich dann nicht mehr am Rollator laufen kann,fahre ich nur noch Auto durch die Gegend....! https://t.co/9qbOgTOGHd</text>
  </Document>
  <Document id="731938801992503298">
    <relevance>false</relevance>
    <sentiment>neutral</sentiment>
    <Opinions/>
    <text>@zeitonline ...oder Steuern auf Parkplätze, Schaukelstühle, Rollatoren oder Handrührgeräte?</text>
  </Document>
  <Document id="723098121874460673">
    <relevance>false</relevance>
    <sentiment>neutral</sentiment>
    <Opinions/>
    <text>B8 zwischen Kleinostheim und Aschaffenburg in beiden Richtungen Gefahr durch Personen auf der Fahrbahn (Rentnerin mit Rollator)</text>
  </Document>
  <Document id="998380535239110658">
    <relevance>false</relevance>
    <sentiment>neutral</sentiment>
    <Opinions/>
    <text>@FrauFoo Porsche auf Parkplatz für Gehbehinderte. Porsche für Gehbehinderte geeignet? Ein-Aussteigen Rollstuhl? So geparkt, dass auf dem 2. Platz nicht geparkt werden kann. Hoffe dieser Fahrer und seine Familie benötigt so einen Parkplatz nie in seinem Leben und er wird dies erkennen.</text>
  </Document>
  <Document id="996752623314325506">
    <relevance>true</relevance>
    <sentiment>negative</sentiment>
    <Opinions>
      <Opinion category="ccidentsMobilityGroups#Main" polarity="negative" from="91" to="97" target="stürzt" category_de="Unfall#Haupt"/>
    </Opinions>
    <text>RT @bpol_nrw: #bpol https://t.co/zID3TZp9rF BPOL NRW: Schutzengel gehabt - Rollstuhlfahrer stürzt vom Bahnsteig in die Gleisanlagen - Bunde…</text>
  </Document>
  <Document id="993478485539737600">
    <relevance>true</relevance>
    <sentiment>neutral</sentiment>
    <Opinions/>
    <text>So gerde ein Rollstuhlfaher aus der Bahn Geholfen tut gut gutes zu tuhen</text>
  </Document>
  <Document id="995327384420343808">
    <relevance>true</relevance>
    <sentiment>neutral</sentiment>
    <Opinions/>
    <text>@DatBoiEnlok Mal ohne Quatsch, sowas hasse ich auch. Da war ein Obdachloser im Rollstuhl, der wollte alleine über die Straße fahren. Der ist erst mal in der Straßenbahnschiene stecken geblieben und seine Tasche ist runtergefallen und alles auf der Straße verteilt. Es hat keiner geholfen.</text>
  </Document>
  <Document id="987991279161233408">
    <relevance>true</relevance>
    <sentiment>negative</sentiment>
    <Opinions>
      <Opinion category="Ramp#Availability" polarity="negative" from="150" to="155" target="Rampe" category_de="Rampe#Betrieb"/>
    </Opinions>
    <text>Bin grad in #Belgien am #Bahnhof #Hergenrath unterwegs. Relativ neuer Haltepunkt mit Rollstuhl gerechten Ausbau. Aber leider hat man es versäumt eine Rampe für die Unterführung zu bauen, so das es für Rollstuhlfahrer unmöglich ist auf die ander Bahnsteigseite zu kommen.</text>
  </Document>
  <Document id="985752020920479744">
    <relevance>true</relevance>
    <sentiment>neutral</sentiment>
    <Opinions/>
    <text>RT @focusonline: Seit fünf Jahren querschnittsgelähmt - U-Bahn-Fahren, angestarrt werden, Sex: Rollstuhlfahrerin berichtet von ihrem Alltag…</text>
  </Document>
  <Document id="978207615711875072">
    <relevance>false</relevance>
    <sentiment>neutral</sentiment>
    <Opinions/>
    <text>Wenn der Rollstuhl keine Grenze ist: Obwohl Claudia Hüttenmoser seit einem Unfall im Rollstuhl sitzt, hat sie den Lebenswillen nicht verloren. Sie spielt im Schweizer Rollstuhl-Curling-Team und will anderen Menschen Mut machen @fm1today https://t.co/jk0w0LPfHc</text>
  </Document>
  <Document id="976462618339762177">
    <relevance>true</relevance>
    <sentiment>negative</sentiment>
    <Opinions>
      <Opinion category="GeneralBarrier#Main" polarity="negative" from="107" to="111" target="Zeit" category_de="Allgemein_Barriere#Haupt"/>
    </Opinions>
    <text>RT @tazgezwitscher: Mit dem #Rollstuhl den öffentlichen Nahverkehr zu nutzen, heißt eigentlich immer: mehr Zeit einzuplanen. Jetzt gibt es…</text>
  </Document>
  <Document id="971663454053519360">
    <relevance>false</relevance>
    <sentiment>neutral</sentiment>
    <Opinions/>
    <text>RT @freie_presse: #Thalheim: Jürgen Loth pflegt seinen Sohn Sebastian seit über 30 Jahren. Nun hat er einen neuen Rollstuhl für ihn angesch…</text>
  </Document>
  <Document id="939483260454948865">
    <relevance>true</relevance>
    <sentiment>neutral</sentiment>
    <Opinions/>
    <text>Heute ist in der U-Bahn eine Rollstuhlfahrerin mit Damenbart behindertenfeindlich beleidigt worden. Ich bin dann gleich eingeschritten und hab das behinderte Vieh an der nächsten Halte rausgerollt und die Rollstuhlbremse fixiert.</text>
  </Document>
  <Document id="940274923557326848">
    <relevance>false</relevance>
    <sentiment>neutral</sentiment>
    <Opinions/>
    <text>@JohnnySchewski @yungsirp Hätte geantwortet: &quot;Finde ich nicht so witzig. Sitze im Rollstuhl weil ich vor einigen Jahren bei einem Autounfall meine Beine verloren habe!&quot;</text>
  </Document>
  <Document id="951529357549416448">
    <relevance>false</relevance>
    <sentiment>neutral</sentiment>
    <Opinions/>
    <text>@LuisenstadtFoto @radentscheid @DvSchneid @GrueneXhain Beim Antrag ging es explizit darum auf bestimmten, schmalen, stark genutzten Gehwegen von Nutzungskonflikte zu reduzieren. Daher dort Räder lieber auf der Straße parken = mehr Platz für Kinderwägen und Rollstuhlfahrende.</text>
  </Document>
  <Document id="953718683960070145">
    <relevance>true</relevance>
    <sentiment>negative</sentiment>
    <Opinions>
      <Opinion category="GeneralBarrier#Main" polarity="negative" from="34" to="49" target="Rollstuhlfahrer" category_de="Allgemein_Barriere#Haupt"/>
    </Opinions>
    <text>Nach Horror-Bahntrip von Tessiner Rollstuhlfahrer nach Varese: Italiener sagen «scusi» – und wollen sich bessern - MENDRISIO TI - Carlo Valentino, Sprecher des italienischen Schienennetz-Betreibers RFI, bedauert die neunstündige S-Bahn-Odysee des Tess... https://t.co/B8SD0TbVfe</text>
  </Document>
  <Document id="956087391810473984">
    <relevance>false</relevance>
    <sentiment>neutral</sentiment>
    <Opinions/>
    <text>Mit dem Rollstuhl über die Skaterrampe: Ein Zwölfjähriger aus #Chemnitz trainiert regelmäßig im Konkordiapark. Damit er sich einen geeigneten Rolli leisten kann, hat ein Chemnitzer eine Spendenaktion gestartet. https://t.co/kU0wZQSjzI https://t.co/h9PPUGdDua</text>
  </Document>
  <Document id="956153118173155328">
    <relevance>false</relevance>
    <sentiment>neutral</sentiment>
    <Opinions/>
    <text>RT @SebastianEckert: Ich würde ja öfter in #Beuel einkaufen, wenn die Gehwege freier wären (2 Rollstuhlfahrer breit) und man beim Straßense…</text>
  </Document>
  <Document id="956554864712126464">
    <relevance>false</relevance>
    <sentiment>neutral</sentiment>
    <Opinions/>
    <text>@rollstuhlblog Danke für den Hinweis. Wurde korrigiert: Behindertenparkplätze sind ab sofort wieder direkt unter «Verkehr» zu finden. Neu verfügbar auch Carsharing und E-Mobil-Parkplätze. https://t.co/wXhwTly72I</text>
  </Document>
  <Document id="928896081424941056">
    <relevance>false</relevance>
    <sentiment>neutral</sentiment>
    <Opinions/>
    <text>@ntvde Früher, als es noch nicht um Clickzahlen ging, hätte man da einfach &quot;Unfall mit Elektro-Rollstuhl&quot; geschrieben. Nur halb so dramatisch aber dafür doppelt so wahr! https://t.co/pVyvRDCgpf</text>
  </Document>
  <Document id="934468906030370816">
    <relevance>false</relevance>
    <sentiment>neutral</sentiment>
    <Opinions/>
    <text>#Rollstuhlbasketball-Bundesliga: #BSCRollers #Zwickau unterliegt Köln https://t.co/mKGcMU1W2l</text>
  </Document>
  <Document id="906811760560152576">
    <relevance>false</relevance>
    <sentiment>neutral</sentiment>
    <Opinions/>
    <text>Stephens Tennis-Wunder - In 6 Monaten aus dem Rollstuhl zum US-Open-Sieg https://t.co/Ry3WnhTsH1</text>
  </Document>
  <Document id="879344630709575680">
    <relevance>true</relevance>
    <sentiment>neutral</sentiment>
    <Opinions/>
    <text>Mit dem Rollstuhl in den #Fernbus https://t.co/zkb86wSKoe</text>
  </Document>
  <Document id="881448613460750336">
    <relevance>false</relevance>
    <sentiment>neutral</sentiment>
    <Opinions/>
    <text>Besonders tragischer Unfall in der Steiermark: Beinamputierter Rollstuhlfahrer stürzt in Mürz, ertrinkt. https://t.co/jR5tKv5Zh5 https://t.co/VM3mEvh9u9</text>
  </Document>
  <Document id="882905677139767296">
    <relevance>false</relevance>
    <sentiment>neutral</sentiment>
    <Opinions/>
    <text>@zeitonline Solche Menschen dürfen nie wieder ein motorisiertes Fahrzeug bewegen, nicht einmal einen Rollstuhl. Und die Fahrt war ganz klar Totschlag !</text>
  </Document>
  <Document id="886932225605992448">
    <relevance>true</relevance>
    <sentiment>negative</sentiment>
    <Opinions>
      <Opinion category="Security#Main" polarity="negative" from="71" to="77" target="folgte" category_de="Sicherheit_Mensch#Haupt"/>
    </Opinions>
    <text>Die Rollstuhlfahrerin verließ sogar die Bahn wegen des Mannes, doch er folgte ihr. #Albertplatz https://t.co/w09I11FfG0 https://t.co/ZaABoqNToI</text>
  </Document>
  <Document id="890344249547423744">
    <relevance>true</relevance>
    <sentiment>neutral</sentiment>
    <Opinions/>
    <text>@computerlights @MORGENGAGAZIN @FraukePetry Weiß ich auch nicht. Vielleicht U-Bahn tretende Zigeuner im Rollstuhl?</text>
  </Document>
  <Document id="890991855596445697">
    <relevance>false</relevance>
    <sentiment>neutral</sentiment>
    <Opinions/>
    <text>@Jimb2oOfficial Ok hast schon recht. Zusätzlich sollte es dann aber noch eine Fahrbahn für Rollstuhlfahrer, Skateboarder und Pferde geben</text>
  </Document>
  <Document id="855829504140464131">
    <relevance>false</relevance>
    <sentiment>neutral</sentiment>
    <Opinions/>
    <text>Berlin-Reinickendorf: Rollstuhlfahrer stirbt nach Verkehrsunfall – Tagesspiegel https://t.co/OlrGFspTLc</text>
  </Document>
  <Document id="862700355641069568">
    <relevance>false</relevance>
    <sentiment>neutral</sentiment>
    <Opinions/>
    <text>Da kann ich schlecht nen alten Mann im Rollstuhl über die Straße schieben, sorry</text>
  </Document>
  <Document id="848264608347566080">
    <relevance>true</relevance>
    <sentiment>neutral</sentiment>
    <Opinions/>
    <text>@oleschri Am Flughafen im Rollstuhl. Du bist sarkastisch</text>
  </Document>
  <Document id="849766388826865665">
    <relevance>false</relevance>
    <sentiment>neutral</sentiment>
    <Opinions/>
    <text>Normal: #Verkehrszeichen f d ruhenden + nichtruhenden #Verkehr werden dem #Fußgänger in den Weg gestellt. #kinderwagen #rollstuhl #perpedes https://t.co/afuwdOiNpX</text>
  </Document>
  <Document id="844935575471882240">
    <relevance>true</relevance>
    <sentiment>neutral</sentiment>
    <Opinions/>
    <text>Ein Mann versucht seine Frau im Rollstuhl in die Bahn zu schieben, 2 Punks helfen bevor ich fragen konnte, 50 Menschen Gaffen #ichhassedas</text>
  </Document>
  <Document id="839886651023327232">
    <relevance>false</relevance>
    <sentiment>neutral</sentiment>
    <Opinions/>
    <text>#Polizei sucht Rollstuhlfahrer nach Unfall auf der Schützenstraße in #Dortmund - 73-jährige Dortmunderin verletzt https://t.co/jKBhEV2Y6t</text>
  </Document>
  <Document id="841007840013746177">
    <relevance>false</relevance>
    <sentiment>neutral</sentiment>
    <Opinions/>
    <text>Irgendjemand aus der Familie rächt sich für den Unfall, der die Dame in den Rollstuhl brachte? #Tatort</text>
  </Document>
  <Document id="835536167152074752">
    <relevance>false</relevance>
    <sentiment>neutral</sentiment>
    <Opinions/>
    <text>Unfall in Schlanders: Gerda Fleischmann (56) wurde vor ihrer Hauseinfahrt von Lkw überfahren. Die Rollstuhlfahrerin war Raika-Angestellte.</text>
  </Document>
  <Document id="832151081954185216">
    <relevance>false</relevance>
    <sentiment>neutral</sentiment>
    <Opinions/>
    <text>Unfall in Frankfurt am Main - Rollstuhlfahrer stürzt in den Main https://t.co/U3E3mR2LY3</text>
  </Document>
  <Document id="816032999267516424">
    <relevance>true</relevance>
    <sentiment>neutral</sentiment>
    <Opinions/>
    <text>@TheCrispyRob #CrispyStory hab mir in Abu Dhabi am Flughafen glaub den Fuß gebrochen als ein Rollstuhlfahrer mehrmals drüber gefahren ist.</text>
  </Document>
  <Document id="781411069763911680">
    <relevance>false</relevance>
    <sentiment>neutral</sentiment>
    <Opinions/>
    <text>@ThiemoGraf @BMVI damit dann Menschen mit KInderwagen und Rollstuhl auf die Fahrbahn ausweichen müssen.</text>
  </Document>
  <Document id="759135399948222464">
    <relevance>false</relevance>
    <sentiment>neutral</sentiment>
    <Opinions/>
    <text>@NadiaNintendo ja aber z.b. wenn du mitten auf der straße stehen bleibst und ein Auto hupt dann ist das nicht weil du im Rollstuhl sitzt...</text>
  </Document>
  <Document id="759969493250605056">
    <relevance>false</relevance>
    <sentiment>neutral</sentiment>
    <Opinions/>
    <text>Interview mit Anthony aus BIelefeld, der seit einem Unfall 1987 einen Rollstuhl braucht.#ichwerdebehindert https://t.co/k2pvQVeFNB</text>
  </Document>
  <Document id="754365042620063744">
    <relevance>false</relevance>
    <sentiment>neutral</sentiment>
    <Opinions/>
    <text>19:19 Uhr - Achtung Rollstuhlfahrer kurz vorm Heslacher Tunnel. Danke Lucky 󾍇✌🏻️ https://t.co/F6q8jNX0Du</text>
  </Document>
  <Document id="747465372169867264">
    <relevance>true</relevance>
    <sentiment>negative</sentiment>
    <Opinions>
      <Opinion category="Lift#Availability" polarity="negative" from="4" to="11" target="Aufzüge" category_de="Aufzug#Betrieb"/>
      <Opinion category="Lift#Availability" polarity="negative" from="54" to="60" target="Aufzug" category_de="Aufzug#Betrieb"/>
    </Opinions>
    <text>Die Aufzüge im Bahnhof Fürstenwalde/Spree Gleis 1 und Aufzug zum P&amp;R sind gestört. Rollstuhlfahrer können dadurch... https://t.co/0NoeHraSjC</text>
  </Document>
  <Document id="737299101272924160">
    <relevance>true</relevance>
    <sentiment>neutral</sentiment>
    <Opinions/>
    <text>Ein Hippie, ein verbitterter Rentner und ein ebenso verbitterter Rollstuhlfahrer fighten in der Bahn mit ungefähr 100% Luftfeuchtigkeit 👌</text>
  </Document>
  <Document id="735405805021855744">
    <relevance>false</relevance>
    <sentiment>neutral</sentiment>
    <Opinions/>
    <text>Vorsicht Auf der neckartalstraße ri lauffen fährt eine rollstuhlfahrerin auf der fahrbahn!!!!</text>
  </Document>
  <Document id="714710135059427328">
    <relevance>false</relevance>
    <sentiment>neutral</sentiment>
    <Opinions/>
    <text>In einem Bundesland mit einer rollstuhlfahrenden Ministerpräsidentin… https://t.co/acpNABY395</text>
  </Document>
  <Document id="700753211079024640">
    <relevance>false</relevance>
    <sentiment>neutral</sentiment>
    <Opinions/>
    <text>Thomas Gottschalk: Nach Knie-Unfall im Rollstuhl! https://t.co/7jgRQfnq8S</text>
  </Document>
  <Document id="690951289849667589">
    <relevance>false</relevance>
    <sentiment>neutral</sentiment>
    <Opinions/>
    <text>Rollstuhlbasketball: BSC Rollers unterliegt Trier https://t.co/RG3btaUor2</text>
  </Document>
  <Document id="667032469217140736">
    <relevance>false</relevance>
    <sentiment>neutral</sentiment>
    <Opinions/>
    <text>Maren konnte mich im Rollstuhl wegen mißerabler Gehwege auf dem Messegelände kaum vom entfernten Parkplatz zur Messe und zurück schieben.</text>
  </Document>
  <Document id="662546225019785216">
    <relevance>false</relevance>
    <sentiment>neutral</sentiment>
    <Opinions/>
    <text>Rock ‘n‘ Rollstuhl: Dieser Kandidat begeisterte bei „The Voice“. https://t.co/w7DWFEpr0N #tvog https://t.co/H37VrJYyos</text>
  </Document>
  <Document id="656424329136205824">
    <relevance>false</relevance>
    <sentiment>neutral</sentiment>
    <Opinions/>
    <text>https://t.co/DLZYs3z9G5 #nachrichten | 10 km/h Spitzengeschwindigkeit - 89-jährige Oma tuckert mit Elektrorollstuhl über Autobahn - ihre B…</text>
  </Document>
  <Document id="656457298844491776">
    <relevance>false</relevance>
    <sentiment>neutral</sentiment>
    <Opinions/>
    <text>PD Dresden - Rollstuhlfahrerin überfallen https://t.co/g8yAjwXfM5 #Sachsen</text>
  </Document>
  <Document id="1043207239899729920">
    <relevance>false</relevance>
    <sentiment>neutral</sentiment>
    <Opinions/>
    <text>@ohoerl @CritMassHann @ADFC_Berlin @polizeiberlin Wieso wird es jetzt persönlich? Ich weiß wie man korrekt parkt. Aber um zurück zum Thema zu kommen. Der &quot;Park&quot; zwingt den Rollstuhlfahrer auf die Fahrbahn. Wer trägt die Verantwortung?</text>
  </Document>
  <Document id="1043827430128058368">
    <relevance>false</relevance>
    <sentiment>neutral</sentiment>
    <Opinions/>
    <text>Polizeipräsidium Freiburg - Hochschwarzwald, Titisee-Neustadt: Verkehrsunfall mit motorisiertem Rollstuhl https://t.co/aDO1bdvKA7</text>
  </Document>
  <Document id="1027879510459342848">
    <relevance>false</relevance>
    <sentiment>neutral</sentiment>
    <Opinions/>
    <text>Kreis Lörrach: 80-Jähriger will mit Rollstuhl auf die Autobahn 98 fahren https://t.co/3IKcmJKFCC https://t.co/hvFxhwDWBN</text>
  </Document>
  <Document id="1030532360943661057">
    <relevance>true</relevance>
    <sentiment>neutral</sentiment>
    <Opinions/>
    <text>@unsereOEBB ich hoffe, dass die rollstuhl-plätze auch so schick aussehen werden. :)</text>
  </Document>
  <Document id="1033326470284931072">
    <relevance>false</relevance>
    <sentiment>neutral</sentiment>
    <Opinions/>
    <text>@RolliFraeulein Wir haben bei uns im Haus einen Jungen im Rollstuhl. Nach 5 Jahren haben die Eltern endlich einen ausgeschilderten Parkplatz vor der Tür bekommen. 😡 Bin mal gespannt wie lange es noch dauert bis sie auch für die Eingangsstufen eine Rampe bekommen. 🙄</text>
  </Document>
  <Document id="1033388684681338880">
    <relevance>false</relevance>
    <sentiment>neutral</sentiment>
    <Opinions/>
    <text>Im @tagesspiegel Rollstuhlfahrerin nach Unfall mit KFZ auf Zebrastreifen im KH gestorben. Dank geht an @polizeiberlin die hat die Verkehrsüberwachung soweit runter gefahren, dass kaum noch ein Zebrastreifen oder eine Ampel sicher überquert werden kann. https://t.co/oHXxWv1p85</text>
  </Document>
  <Document id="1033756625130192897">
    <relevance>false</relevance>
    <sentiment>neutral</sentiment>
    <Opinions/>
    <text>RT @KapoZuerich: Bei einem Verkehrsunfall zwischen einem Personenwagen und einem Elektrorollstuhl ist am Samstagmittag (25.8.2018) in Fehra…</text>
  </Document>
  <Document id="1033953939199156224">
    <relevance>false</relevance>
    <sentiment>neutral</sentiment>
    <Opinions/>
    <text>PD Dresden - Rollstuhlfahrer beraubt u.a. Meldungen https://t.co/i9bhw2BEKJ</text>
  </Document>
  <Document id="1034035869873778688">
    <relevance>false</relevance>
    <sentiment>neutral</sentiment>
    <Opinions/>
    <text>@Junge_Freiheit @megatwingo Aber bloss ne kleine Geldstrafe für Unfall mit Rollstuhlfahrer. Die sie verursacht hat. Die Olle gehoert aus dem Amt entfernt ! Habe fertig.</text>
  </Document>
  <Document id="1034054183362519040">
    <relevance>false</relevance>
    <sentiment>neutral</sentiment>
    <Opinions/>
    <text>@krippmarie @politikstube Liebe Marie, wissen Sie eigentlich das diese Dame eine &quot;schwere Last&quot; mit sich trägt? Ich wüsste nicht wie ich damit leben könnte. Sie soll wohl bei einem Verkehrsunfall einen Rollstuhlfahrer getötet haben.</text>
  </Document>
  <Document id="1034057543042121728">
    <relevance>false</relevance>
    <sentiment>neutral</sentiment>
    <Opinions/>
    <text>@Etrosplanetos Im Zusammenhang kann #Deutschland wieder erkennen, wer #Pack ist!!! Der „Zusammenstoß“ mit dem Rollstuhlfahrer, wie das Blatt den Unfall nennt, endete nach einem Kampf um sein Leben für den Behinderten im Krankenhaus mit dem Tod. &quot;Strafe&quot;: 90 Tagessätze! https://t.co/IdivwSLJgJ</text>
  </Document>
  <Document id="1034060286993547265">
    <relevance>false</relevance>
    <sentiment>neutral</sentiment>
    <Opinions/>
    <text>RT @EsslerMicha: Die #Barbara #Ludwig #BigDataLeaks Der „#Zusammenstoß“ mit dem #Rollstuhlfahrer, #endete nach einem #Kampf um sein #Leben…</text>
  </Document>
  <Document id="1034094829003665408">
    <relevance>false</relevance>
    <sentiment>neutral</sentiment>
    <Opinions/>
    <text>Polizeibericht: Rollstuhlfahrerin stirbt nach Unfall https://t.co/bZGr5GmqhR https://t.co/cgLAkR61WD</text>
  </Document>
  <Document id="1034108665362563072">
    <relevance>false</relevance>
    <sentiment>neutral</sentiment>
    <Opinions/>
    <text>@Eddie_1412 Seitdem wird der Mantel des Schweigens über diesen tödlichen Unfall gelegt. Der „Zusammenstoß“ mit dem Rollstuhlfahrer, wie das Blatt den Unfall nennt, endete nach einem Kampf um sein Leben für den Behinderten im Krankenhaus mit dem Tod.</text>
  </Document>
  <Document id="1034108949912592384">
    <relevance>false</relevance>
    <sentiment>neutral</sentiment>
    <Opinions/>
    <text>Danke sehr freundlich für die Info, aber es bleibt bei mir doch noch so ein fader Geschmack übrig! Ich habe gelesen dass der Unfall mit tödlichem Ausgang für den Rollstuhlfahrer in einer Fußgängerzone passierte. Was macht eine Fahrerin mit ihrem Auto in der Fußgängerzone ?</text>
  </Document>
  <Document id="1034108972012331008">
    <relevance>false</relevance>
    <sentiment>neutral</sentiment>
    <Opinions/>
    <text>@COMPACTMagazin Der Mantel des Schweigens wurde über diesen tödlichen Unfall gelegt. Der „#Zusammenstoß“ mit dem #Rollstuhlfahrer, wie das Blatt den #Unfall nennt, #endete nach einem #Kampf um sein #Leben für den #Behinderten im #Krankenhaus mit dem #Tod.</text>
  </Document>
  <Document id="1034130792040091648">
    <relevance>false</relevance>
    <sentiment>neutral</sentiment>
    <Opinions/>
    <text>@Varg_I_Veum Man muss auch wissen: BGM Ludwig war 2002 in einen Unfall verwickelt. Am Steuer ihres Wagens übersah sie in einer Fußgängerzone ‼️einen Rollstuhlfahrer‼️, der später an den Folgen des Zusammenstoßes starb. Ludwig wurde zu 90 Tagessätzen verurteilt. WiKi/Sächsische Zeitung</text>
  </Document>
  <Document id="1034212272346808320">
    <relevance>false</relevance>
    <sentiment>neutral</sentiment>
    <Opinions/>
    <text>Fuhr die #SPD Bürgermeisterin von #Chemnitz wirklich einen Rollstuhlfahrer tot? &quot;Am Steuer ihres Wagens übersah sie in einer Fußgängerzone einen Rollstuhlfahrer ..&quot; ?? Und falls ja: Was muss man denn noch alles anstellen, um sich für ein Bürgermeister-Amt zu disqualifizieren??</text>
  </Document>
  <Document id="1034355288336416768">
    <relevance>false</relevance>
    <sentiment>neutral</sentiment>
    <Opinions/>
    <text>RT @112Ranger: @Junge_Freiheit @megatwingo Aber bloss ne kleine Geldstrafe für Unfall mit Rollstuhlfahrer. Die sie verursacht hat. Die Olle…</text>
  </Document>
  <Document id="1035017135158902784">
    <relevance>false</relevance>
    <sentiment>neutral</sentiment>
    <Opinions/>
    <text>#BarbaraLudwig, OB von #Chemnitz, war in einen tragischen Unfall verwickelt. Am Steuer ihres Wagens übersah sie in einer Fußgängerzone einen Rollstuhlfahrer, der später an den Folgen des Zusammenstoßes starb. Ludwig wurde zu 90 Tagessätzen verurteilt... https://t.co/o07iVswCkO:</text>
  </Document>
  <Document id="1035052089414766592">
    <relevance>false</relevance>
    <sentiment>neutral</sentiment>
    <Opinions/>
    <text>Barbara Luwig, die Bürgermeisterin von Chemnitz, die sich so aufregt über Verfolgungsjagden nach Migranten, die es überhaupt nicht gab, erhielt also nur 90 Tagessätze für die Unfall-Tötung eines Rollstuhlfahrers in der Fussgängerzone - ein starkes Stück ... unwählbar...</text>
  </Document>
  <Document id="1035070023608483840">
    <relevance>false</relevance>
    <sentiment>neutral</sentiment>
    <Opinions/>
    <text>RT @deutsch365: 💥💥💥 Barbara Ludwig ist Oberbürgermeisterin von #Chemnitz. 2002 übersah sie einen Rollstuhlfahrer, überfuhr ihn. Der Mann ve…</text>
  </Document>
  <Document id="1035184849773047813">
    <relevance>false</relevance>
    <sentiment>neutral</sentiment>
    <Opinions/>
    <text>@welt Stimmt es eigentlich @MPKretschmer das Frau Ludwig die Bürgermeisterin aus #Chemnitz 2002 an einem tödlichen Autounfall mit einem Rollstuhlfahrer beteiligt war und zu 90 Tagessetzen verurteilt wurde? Bitte um Aufklärung!</text>
  </Document>
  <Document id="1035409069845237760">
    <relevance>false</relevance>
    <sentiment>neutral</sentiment>
    <Opinions/>
    <text>@Tagesspiegel Vertrauen zu einer ekelhaften Bürgermeisterin, die auch ein Menschleben ausgelöscht hat. Was über die sich empörende Chemnitzer Bürgermeisterin bislang totgeschwiegen wurde: Sie hat in einer Fußgängerzone eiskalt einen Rollstuhlfahrer totgefahren https://t.co/YUEVjkvQX0…</text>
  </Document>
  <Document id="1035420782954987520">
    <relevance>false</relevance>
    <sentiment>neutral</sentiment>
    <Opinions/>
    <text>@Nerventod1 @Ruebenhorst @Deutschland_77 Fußgängerzone! 90 Tagessätze ! Bürgermeisterin! darf in Fußgängerzonen -wenn überhaupt so schnell gefahren werden das man Rollstuhlfahrer übersieht? Sind 90 Tagessätze für einen &quot;Unfall mit Todesfolge&quot;üblich? Kumpanei?</text>
  </Document>
  <Document id="1036277315507036165">
    <relevance>true</relevance>
    <sentiment>neutral</sentiment>
    <Opinions/>
    <text>@Lachgas Daumen sind gedrückt...für den Nervenkitzel pur. Andere Leute müssen sich für sowas Thriller kaufen. Mit Rollstuhl kannste einfach Bahn fahren^^</text>
  </Document>
  <Document id="1036957517388111872">
    <relevance>false</relevance>
    <sentiment>neutral</sentiment>
    <Opinions/>
    <text>@Polizei_Ffm Mir bleibt das Lachen irgendwie stecken. Ich sehe täglich viele Autofahrer*, die während der Fahrt mit ihrem Handy beschäftigt sind. Vor zwei Jahren hat mich so einer fast in den Rollstuhl (2 Operationen und ein Jahr Behandlung) gebracht. Vielleicht hilft ihr lustiges Video.</text>
  </Document>
  <Document id="1037622071428304896">
    <relevance>true</relevance>
    <sentiment>neutral</sentiment>
    <Opinions/>
    <text>U-Bahn: Ein Rollstuhlfahrer bleibt in der Tür hängen. Ein Mann will ihm helfen. Der Rollstuhlfahrer meckert lautstark: „Geh weg! Ich sitze mein ganzes Leben schon im Rollstuhl, ich kann das alleine!“ Und die Moral von der Geschicht: Jede Personengruppe hat ihre Arschlöcher.</text>
  </Document>
  <Document id="1038095516905570305">
    <relevance>false</relevance>
    <sentiment>neutral</sentiment>
    <Opinions/>
    <text>Achtung !Rollstuhlfahrer aufgepasst ! #chemnitz #BarbaraLudwig neuer Dienstwagen JETZT IM #A6 ! https://t.co/i9MWguKdE1</text>
  </Document>
  <Document id="1038134478680539136">
    <relevance>false</relevance>
    <sentiment>neutral</sentiment>
    <Opinions/>
    <text>Rollstuhlfahrer verursacht unter Alkoholeinfluss Verkehrsunfall -&gt; https://t.co/5XIVkNwLGq https://t.co/vQxAw7c96m</text>
  </Document>
  <Document id="1038764959369519104">
    <relevance>false</relevance>
    <sentiment>neutral</sentiment>
    <Opinions/>
    <text>Eine 66-jährige Rollstuhlfahrerin ist zwei Tage nach einem Verkehrsunfall in #Delmenhorst im Krankenhaus gestorben. https://t.co/vZsOgw528O</text>
  </Document>
  <Document id="1038864441243254784">
    <relevance>false</relevance>
    <sentiment>neutral</sentiment>
    <Opinions/>
    <text>Ich parke mit meinem Rollstuhl auf einem privaten Parkplatz. Hrhrhr. Ich bin so ein Anarchist 😈</text>
  </Document>
  <Document id="1039028164884942848">
    <relevance>false</relevance>
    <sentiment>neutral</sentiment>
    <Opinions/>
    <text>@SZ Außer man ist Flüchtling. Da ist Geld im Überfluss da. Soll's Recht sein. Aber dann kümmert Euch verdammt nochmal auch um die Kinder die hier schon immer leben. Eben gerade im HR3 macht einer ne Aktion um für seinen kranken Sohn einen speziellen Rollstuhl kaufen zu können.????</text>
  </Document>
  <Document id="1039079911665885184">
    <relevance>false</relevance>
    <sentiment>neutral</sentiment>
    <Opinions/>
    <text>Tödlicher Unfall - Rollstuhlfahrerin (66) stirbt nach Lkw-Unglück https://t.co/y37LipBN0t</text>
  </Document>
  <Document id="1039576463291428864">
    <relevance>false</relevance>
    <sentiment>neutral</sentiment>
    <Opinions/>
    <text>@Datensammler @DriveNow_DE Sichtachsen zerschnitten, Kinder, Rollstuhlfahrer etc werden beim Queren der Straße verdeckt.</text>
  </Document>
  <Document id="1039938077651857408">
    <relevance>false</relevance>
    <sentiment>neutral</sentiment>
    <Opinions/>
    <text>RT @EinAugenschmaus: Gott. Klar sind Menschen, die im Rollstuhl sitzen automatisch unfähig zur Lebensfreude. Merkt ihr eigentlich, wie #beh…</text>
  </Document>
  <Document id="1040110710741782528">
    <relevance>false</relevance>
    <sentiment>neutral</sentiment>
    <Opinions/>
    <text>@vt27kolt11 @DrDavidBerger @Frontal21 @MPKretschmer Nö, bitte nicht. Darauf gehe ich nicht ein. 2 Männer laufen sich keine 10m nach und die Presse nennt es Hetzjagden? Was noch? Rentner rast mit Rollstuhl? Ein Parkrempler wird zur Massenkarambolage?</text>
  </Document>
  <Document id="1009135944031711232">
    <relevance>false</relevance>
    <sentiment>neutral</sentiment>
    <Opinions/>
    <text>@BikerPankow @AlexandraNeu130 @bicionado @Nbg_steigt_ab @tm_nrmn @SoerenBenn Hier sind drei Schulen, vier Spielplätze und unzählige Kinderläden. Und nicht zu vergessen jede Menge Leute, die durchaus auch nach Einbruch der Dunkelheit mit dem Kinderwagen die Straße kreuzen möchten. Oder dem Rollstuhl. Es ist überall dieselbe asoziale Gewissenlosigkeit.</text>
  </Document>
  <Document id="1009535555896528896">
    <relevance>false</relevance>
    <sentiment>neutral</sentiment>
    <Opinions/>
    <text>@BILD Quietschende Reifen am Rollstuhl, erschreckend welche Motorleistung die Dinger haben.</text>
  </Document>
  <Document id="1011560538898419712">
    <relevance>false</relevance>
    <sentiment>neutral</sentiment>
    <Opinions/>
    <text>@RichardSteidel @martineberle @Der_Gregor @Helge Um es für dich ganz klar zu formulieren: Du zahlst Kfz-Steuer, damit du dein Auto überhaupt auf die Straße stellen darfst. Die Straße gehört dir deswegen noch lange nicht, sie wurde nämlich für alle Verkehrsteilnehmer gebaut: Fußgänger, Rad- und Rollstuhlfahrer sowie Autos.</text>
  </Document>
  <Document id="1012022022606446592">
    <relevance>false</relevance>
    <sentiment>neutral</sentiment>
    <Opinions/>
    <text>POL-PDKO: 94-jähriger Rollstuhlfahrer als Geisterfahrer auf der B 42 https://t.co/4EXbHMlhSo</text>
  </Document>
  <Document id="1012044688331870208">
    <relevance>false</relevance>
    <sentiment>neutral</sentiment>
    <Opinions/>
    <text>94-jähriger Rollstuhlfahrer als Geisterfahrer auf vierspurigen Bundesstraße unterwegs @inFranken https://t.co/1z0gtgTOrR</text>
  </Document>
  <Document id="1012050749495365632">
    <relevance>false</relevance>
    <sentiment>neutral</sentiment>
    <Opinions/>
    <text>RT @ddbnews: 94-Jähriger Geisterfahrer im Rollstuhl entkommt nur knapp einem Unfall Read: https://t.co/0ri4y5ZzOT</text>
  </Document>
  <Document id="1012070555103657989">
    <relevance>false</relevance>
    <sentiment>neutral</sentiment>
    <Opinions/>
    <text>94jähriger Rollstuhlfahrer als Geisterfahrer auf der B42 https://t.co/FHbZPNNqhm via @BoosturCity #Koblenz #Bendorf #Geisterfahrer</text>
  </Document>
  <Document id="1012217871756382208">
    <relevance>false</relevance>
    <sentiment>neutral</sentiment>
    <Opinions/>
    <text>In #Zwickau hat ein Rollstuhlfahrer eine Fußgängerin angefahren. Sie wurde schwer verletzt. https://t.co/8E95oynMfY https://t.co/N9PW4rAoTe</text>
  </Document>
  <Document id="1012280315040141313">
    <relevance>false</relevance>
    <sentiment>neutral</sentiment>
    <Opinions/>
    <text>Auf einer vierspurigen Bundesstraße war am Mittwoch ein 94-Jähriger mit seinem #Rollstuhl unterwegs. #Koblenz https://t.co/pOjrZo3zO5</text>
  </Document>
  <Document id="1012978016929112070">
    <relevance>false</relevance>
    <sentiment>neutral</sentiment>
    <Opinions/>
    <text>@ankeanine Ich bin old school,verstehe twitter nicht so recht.War als APO auf der Straße. Jetzt im Rollstuhl.Möchte mir ein Schild malen:Für faire Handelsbedingungen,für..für..und damit auf die Straße gehen, Salzmarsch Gandhi</text>
  </Document>
  <Document id="967866594918625281">
    <relevance>false</relevance>
    <sentiment>neutral</sentiment>
    <Opinions/>
    <text>@DamnedDanny Du hast die vergessen, die immer völlig unumsichtig sind und nurcan dich denken. zB direkt vor Rolltreppe stehen bleiben und dumm glotzen, oder in der Fußgängerzone auf einem zulaufen und keinen platz machen.. In der sbahn frei durch die Luft niesen kommt auch gut..</text>
  </Document>
  <Document id="916537092666281984">
    <relevance>false</relevance>
    <sentiment>neutral</sentiment>
    <Opinions/>
    <text>@SPIEGELONLINE kein vergoldeter Strom, keine Rolltreppe</text>
  </Document>
  <Document id="1054815253375016960">
    <relevance>false</relevance>
    <sentiment>neutral</sentiment>
    <Opinions/>
    <text>Vor Champions-League-Spiel in Rom: Rolltreppe stürzt ein - 20 Fußballfans verletzt https://t.co/154L6BtGWL https://t.co/vfQAsuiHrh</text>
  </Document>
  <Document id="838629109286711297">
    <relevance>false</relevance>
    <sentiment>neutral</sentiment>
    <Opinions/>
    <text>2 Rolltreppen aufwärts. Die rechte ist leer. Alles fährt links. Wie auf der Autobahn.</text>
  </Document>
  <Document id="1054822738899226624">
    <relevance>false</relevance>
    <sentiment>neutral</sentiment>
    <Opinions/>
    <text>@BILD Rolltreppen- Drama</text>
  </Document>
  <Document id="827149239503507457">
    <relevance>false</relevance>
    <sentiment>neutral</sentiment>
    <Opinions/>
    <text>Mutter stolpert: Baby stürzt 12 Meter in den Tod - Rolltreppen-Unfall - Welt - krone.at https://t.co/zqrpggrklQ</text>
  </Document>
  <Document id="1055055646922555392">
    <relevance>false</relevance>
    <sentiment>neutral</sentiment>
    <Opinions/>
    <text>#Panorama: Unfall mit #Rolltreppe in #Rom. #TÜV Rheinland: Zwischenfälle sehr selten. https://t.co/8xLp8bKJ6L via @merkur_de</text>
  </Document>
  <Document id="1018085711931568128">
    <relevance>false</relevance>
    <sentiment>neutral</sentiment>
    <Opinions/>
    <text>Unfall: Kind klemmt sich Hand an Rolltreppe in Essener Möbelhaus https://t.co/D9tWEgoBXm https://t.co/uZMyYeuP5A</text>
  </Document>
  <Document id="1019862631484620801">
    <relevance>false</relevance>
    <sentiment>neutral</sentiment>
    <Opinions/>
    <text>@SPIEGELONLINE Trump hat es geschafft (seit es die Rolltreppe hinab stieg) wie ein Krebsgeschwür die Körpereigene Zellen (Medien) umzuprogrammieren und den Körper zu zerstören. Ja, Trump ist Krebs. Die USA und die Welt gehen gerade durch eine Chemotherapie. Mal schauen wer überlebt.</text>
  </Document>
  <Document id="674745920764952581">
    <relevance>false</relevance>
    <sentiment>neutral</sentiment>
    <Opinions/>
    <text>.@RosiAscheimer @stasikasper Bei mir auch so. Wer meine Ansagen in Deutsch nicht versteht, fliegt von der Baustelle❗ ALTERNATIVLOS</text>
  </Document>
  <Document id="665472186505945090">
    <relevance>false</relevance>
    <sentiment>neutral</sentiment>
    <Opinions/>
    <text>Terrorhelfer verhaftet,Bombendrohung.Terroranschlag mit Ansage: https://t.co/cJWFLZTZAw #ParisAttacks</text>
  </Document>
  <Document id="658675771188363264">
    <relevance>false</relevance>
    <sentiment>neutral</sentiment>
    <Opinions/>
    <text>@banane_at Dann lass einmal die #Google TTS die #Shuttleworth Straße ansagen *GG* @gwageneder</text>
  </Document>
  <Document id="653997744810557440">
    <relevance>false</relevance>
    <sentiment>neutral</sentiment>
    <Opinions/>
    <text>@BILD dass ist eine Ansagen</text>
  </Document>
  <Document id="640570594606587904">
    <relevance>false</relevance>
    <sentiment>neutral</sentiment>
    <Opinions/>
    <text>@SPIEGELONLINE das ist doch mal eine Ansage...Bravissimo....</text>
  </Document>
  <Document id="622829101175455748">
    <relevance>false</relevance>
    <sentiment>neutral</sentiment>
    <Opinions/>
    <text>Our train is at the moment five minutes late because storm #Bahn #unterhaltsam  @BahnAnsagen</text>
  </Document>
  <Document id="624478751611555840">
    <relevance>false</relevance>
    <sentiment>neutral</sentiment>
    <Opinions/>
    <text>@fraumierau Das frage ich mich auch oft. Früher ohne Handy, waren alle pünktlich auf einmal. Heute kann man ja immer mal Verspätung ansagen</text>
  </Document>
  <Document id="877817951159758848">
    <relevance>false</relevance>
    <sentiment>neutral</sentiment>
    <Opinions/>
    <text>schön wenn man auf der Autobahn eh im Stau steht, und dann über einem bei der Anzeigetafel das &quot;Stau&quot; Symbol aufleuchtet... fick dich 🖕</text>
  </Document>
  <Document id="875636542403788801">
    <relevance>false</relevance>
    <sentiment>neutral</sentiment>
    <Opinions/>
    <text>OnlineReports - BVB: Der &quot;Stau&quot; verschwindet – aber nur von den digitalen Anzeigetafeln https://t.co/asL45xfnWd https://t.co/qU1iNb0DFk</text>
  </Document>
  <Document id="863291437143687168">
    <relevance>false</relevance>
    <sentiment>neutral</sentiment>
    <Opinions/>
    <text>Es gibt Anzeigetafeln??? https://t.co/HAd9oSVCqN</text>
  </Document>
  <Document id="863376844493647872">
    <relevance>false</relevance>
    <sentiment>neutral</sentiment>
    <Opinions/>
    <text>@PolizeiSachsen Sind die Anzeigetafeln ausgefallen, weil der März-Patch nicht eingespielt wurde. Das ist witzig. #WannaCry https://t.co/IVIP9Kngat https://t.co/nPfdqMOCxx</text>
  </Document>
  <Document id="864224874428080128">
    <relevance>false</relevance>
    <sentiment>neutral</sentiment>
    <Opinions/>
    <text>Und das alles wird ohne funktionierende Anzeigetafeln passieren. https://t.co/PUbBb1lSfx</text>
  </Document>
  <Document id="864415017663418369">
    <relevance>false</relevance>
    <sentiment>neutral</sentiment>
    <Opinions/>
    <text>@PolizeiHamburg Schön, dass sie sich daran halten, wenn sie durch Anzeigetafel noch einmal aufmerksam gemacht werden und Polizisten zu sehen sind...</text>
  </Document>
  <Document id="864702323062427648">
    <relevance>false</relevance>
    <sentiment>neutral</sentiment>
    <Opinions/>
    <text>Und an den elektronischen &quot;Anzeigetafeln&quot;  bitte... 📟 #Adlershof #weilwirdichlieben https://t.co/tjFfOAUDA0</text>
  </Document>
  <Document id="864849290786725889">
    <relevance>false</relevance>
    <sentiment>neutral</sentiment>
    <Opinions/>
    <text>Gut, dass Verspätungen endlich wieder ersichtlich auch über Anzeigetafeln angezeigt werden.</text>
  </Document>
  <Document id="872714880851300352">
    <relevance>false</relevance>
    <sentiment>neutral</sentiment>
    <Opinions/>
    <text>#NewsBasel Bald keine «STAU»-Meldung mehr auf digitalen BVB-Anzeigetafeln @BVBMedienstelle https://t.co/DjIMH1VeFS</text>
  </Document>
  <Document id="850286525480882177">
    <relevance>false</relevance>
    <sentiment>neutral</sentiment>
    <Opinions/>
    <text>RT @fohlenfutter: Heute Vormittag mal ein anderer Termin am #Borussia-Park: Die alte Anzeigetafel vom Bökelberg wird in der neuen Erl…</text>
  </Document>
  <Document id="1081200842240331782">
    <relevance>false</relevance>
    <sentiment>neutral</sentiment>
    <Opinions/>
    <text>Wenn man in Frankreich auf der Autobahn zu schnell fährt (1kmh oder so) steht oben fett auf der Anzeigetafel: &lt;Dein Kennzeichen&gt; est trop vité</text>
  </Document>
  <Document id="810977559097802753">
    <relevance>false</relevance>
    <sentiment>neutral</sentiment>
    <Opinions/>
    <text>RT @jfxlaubmeier: &quot;Bleiben Sie zu Hause und verbreiten Sie keine Gerüchte.&quot; – Polizeimeldung auf einer Anzeigetafel am… </text>
  </Document>
  <Document id="789547580619358208">
    <relevance>false</relevance>
    <sentiment>neutral</sentiment>
    <Opinions/>
    <text>Die Anzeigetafel, die das Tor erst mit ewiger Verspätung anzeigt, ist sehr nervig #hsvsge #Eintracht #nurdiesge #auswaertssieg</text>
  </Document>
  <Document id="790826558516846592">
    <relevance>false</relevance>
    <sentiment>neutral</sentiment>
    <Opinions/>
    <text>@SPIEGELONLINE Und ist der von den Forschern eingerichtete Countdown dann in Tokio auf einer großen Anzeigetafel zu sehen?</text>
  </Document>
  <Document id="779324337849569281">
    <relevance>false</relevance>
    <sentiment>neutral</sentiment>
    <Opinions/>
    <text>CFC-Fans zweifeln: Legte Rauch die Anzeigetafel lahm? https://t.co/NjOEc9Vvfw</text>
  </Document>
  <Document id="760900529073614848">
    <relevance>false</relevance>
    <sentiment>neutral</sentiment>
    <Opinions/>
    <text>@faznet Daneben würde sich auch gut eine Anzeigetafel der ermordeten u. geschändeten Frauen+Kinder durch Flüchtlinge machen !</text>
  </Document>
  <Document id="760969731104968704">
    <relevance>false</relevance>
    <sentiment>neutral</sentiment>
    <Opinions/>
    <text>RT @SZ: &quot;Anzeige der Schande&quot;: Barcelona errichtet Anzeigetafel für im Mittelmeer ertrunkene Flüchtlinge https://t.co/zk9qIDQgP2</text>
  </Document>
  <Document id="750354337042423808">
    <relevance>false</relevance>
    <sentiment>neutral</sentiment>
    <Opinions/>
    <text>Die Planzeiten dem Aushang entnehmen. Da4 lohnt die Anzeigetafel kaum. Aber ob er WIRKLICH durch ist... #Verspätung @piratenbuchholz</text>
  </Document>
  <Document id="706253336782237696">
    <relevance>false</relevance>
    <sentiment>neutral</sentiment>
    <Opinions/>
    <text>Neueste Videos :  Samstag, 05.03.2016 23:33:02  sexiluder -&gt; Dreist! - Auf dem Autobahn - Rastplatz an die Anzeigetafel gepisst</text>
  </Document>
  <Document id="1037948467379953664">
    <relevance>false</relevance>
    <sentiment>neutral</sentiment>
    <Opinions/>
    <text>@BerlinCyclist @cyclist_city @radentscheid @frlfritsche @doktor_hammer @SenUVKBerlin @VIZ_Berlin @RegineGuenther aber @VIZ_Berlin warnt ein Kilometer vorher die Autofahrer auf Anzeigetafel groß vor Stau auf einspuriger #Holzmarkstraße . Das irgendwo Radfahrer auch noch lang müssen #scheißegal</text>
  </Document>
  <Document id="1020533854967345152">
    <relevance>false</relevance>
    <sentiment>neutral</sentiment>
    <Opinions/>
    <text>Das gefällt uns nicht: In Much wurde eine frisch installierte Tempo-Anzeigetafel gestohlen. Bringt aber alles nichts, wir messen ihre Geschwindigkeit natürlich trotzdem. Und zwar unter anderem hier: https://t.co/VxL5EzhfOg #RheinSiegKreis #PolizeiNRW #Blitzer https://t.co/8dVjauONkr</text>
  </Document>
  <Document id="1003628593837236229">
    <relevance>false</relevance>
    <sentiment>neutral</sentiment>
    <Opinions/>
    <text>Spektakulärer Unfall auf A3 bei #Horgen: Auto donnert in Anzeigetafel. https://t.co/vTOjeCaWbP</text>
  </Document>
  <Document id="1070818742983122944">
    <relevance>false</relevance>
    <sentiment>neutral</sentiment>
    <Opinions/>
    <text>@Tagesspiegel Weil er weiß, wann die Chance am größten sind.  Egal wer gewählt wird, er hat wahrscheinlich ein Koalition mit der Stabilität eines Jenga Turms im Endstadium an der Backe.  Zudem erscheint das Lied der Harmonie zwar auf der CDU Anzeigetafel, aber keiner ahnt wie viele es singen.</text>
  </Document>
  <Document id="849733820345716737">
    <relevance>true</relevance>
    <sentiment>positive</sentiment>
    <text>RT @aufzugswaechter: Blankenese: zu Gleis 2/3 (S-Bahn) has changed state from INACTIVE to ACTIVE</text>
    <Opinions>
      <Opinion category="Lift#Availability" from="4" to="19" target="aufzugswaechter" polarity="positive" category_de="Aufzug#Betrieb"/>
    </Opinions>
  </Document>
  <Document id="847030608660500480">
    <relevance>true</relevance>
    <sentiment>negative</sentiment>
    <text>RT @aufzugswaechter: Duisburg Hbf: zu Gleis 3/4 has changed state from ACTIVE to INACTIVE</text>
    <Opinions>
      <Opinion category="Lift#Availability" from="4" to="19" target="aufzugswaechter" polarity="negative" category_de="Aufzug#Betrieb"/>
    </Opinions>
  </Document>
  <Document id="847081525057335300">
    <relevance>true</relevance>
    <sentiment>negative</sentiment>
    <text>RT @aufzugswaechter: Essen-Werden: zu Gleis 1 (S-Bahn) has changed state from ACTIVE to INACTIVE</text>
    <Opinions>
      <Opinion category="Lift#Availability" from="4" to="19" target="aufzugswaechter" polarity="negative" category_de="Aufzug#Betrieb"/>
    </Opinions>
  </Document>
  <Document id="847397900053135361">
    <relevance>false</relevance>
    <sentiment>neutral</sentiment>
    <Opinions/>
    <text>Mea culpa. Natürlich der Aufzug am Kröpcke! ^cw https://t.co/KFCU3JQWG4</text>
  </Document>
  <Document id="838698543623786496">
    <relevance>false</relevance>
    <sentiment>neutral</sentiment>
    <Opinions/>
    <text>Zwei Instandhalter Aufzugstechnik https://t.co/OLc65Zycem</text>
  </Document>
  <Document id="824601098564558849">
    <relevance>false</relevance>
    <sentiment>neutral</sentiment>
    <Opinions/>
    <text>Letztes Jahr genau dasselbe Problem bei der #fpbln17 - Stau vorm Aufzug ... Wo waren nochmal die Treppen?! 😄</text>
  </Document>
  <Document id="807723039517528064">
    <relevance>false</relevance>
    <sentiment>neutral</sentiment>
    <Opinions/>
    <text>Zum Glück haben die beim Correctiv einen Aufzug und einen Parkplatz direkt vor der Tür. So musste der Steiger den... https://t.co/cKPCctYMnG</text>
  </Document>
  <Document id="806114458124845056">
    <relevance>false</relevance>
    <sentiment>neutral</sentiment>
    <Opinions/>
    <text>RT @MoinMane: Sexy SPA-Party mit @bellathorne &amp; Vroni Pooth holt den Aufzug 😂 Die @BILD Boxx👉🏻https://t.co/QwpvdtabJ1…</text>
  </Document>
  <Document id="803516351205822464">
    <relevance>false</relevance>
    <sentiment>neutral</sentiment>
    <Opinions/>
    <text>Südkoreas politisch angeschlagene Präsidentin Park Geun Hye erklärt sich bereit, das Amt vorzeitig aufzugeben. https://t.co/F8xydh6AvS</text>
  </Document>
  <Document id="780944673821122560">
    <relevance>true</relevance>
    <sentiment>negative</sentiment>
    <text>Frankfurt am Main Flughafen Fernbahnhof: Aufzug zu Gleis 4/5 Richtung MZ has changed state from ACTIVE to INACTIVE</text>
    <Opinions>
      <Opinion category="Lift#Availability" from="41" to="47" target="Aufzug" polarity="negative" category_de="Aufzug#Betrieb"/>
    </Opinions>
  </Document>
  <Document id="781159841280778244">
    <relevance>true</relevance>
    <sentiment>neutral</sentiment>
    <text>Mainz Hbf: Aufzug zu Gleis 2/3 has changed state from INACTIVE to UNKNOWN</text>
    <Opinions>
      <Opinion category="Lift#Availability" from="11" to="17" target="Aufzug" polarity="neutral" category_de="Aufzug#Betrieb"/>
    </Opinions>
  </Document>
  <Document id="781499236273758208">
    <relevance>true</relevance>
    <sentiment>positive</sentiment>
    <text>Lörrach Hbf: Aufzug zu Bstg 2 has changed state from UNKNOWN to ACTIVE</text>
    <Opinions>
      <Opinion category="Lift#Availability" from="13" to="19" target="Aufzug" polarity="positive" category_de="Aufzug#Betrieb"/>
    </Opinions>
  </Document>
  <Document id="785150237639933952">
    <relevance>false</relevance>
    <sentiment>neutral</sentiment>
    <Opinions/>
    <text>@PolizeiSachsen Fenster der Whg. in der Clausewitzer Str. im Yorckgebiet zerstört,alle Türen sowie der Aufzug aufgesprengt? Statement?</text>
  </Document>
  <Document id="779222072912408576">
    <relevance>true</relevance>
    <sentiment>negative</sentiment>
    <text>Frankfurt (Main) Hbf: Aufzug zu Bstg 101/102 has changed state from ACTIVE to INACTIVE</text>
    <Opinions>
      <Opinion category="Lift#Availability" from="22" to="28" target="Aufzug" polarity="negative" category_de="Aufzug#Betrieb"/>
    </Opinions>
  </Document>
  <Document id="775613296586219520">
    <relevance>true</relevance>
    <sentiment>positive</sentiment>
    <text>Osnabrück Hbf: Aufzug zwischen Gleis 1 und Tunnel has changed state from UNKNOWN to ACTIVE</text>
    <Opinions>
      <Opinion category="Lift#Availability" from="15" to="21" target="Aufzug" polarity="positive" category_de="Aufzug#Betrieb"/>
    </Opinions>
  </Document>
  <Document id="776864067205988352">
    <relevance>false</relevance>
    <sentiment>neutral</sentiment>
    <Opinions/>
    <text>FEUERWEHREINSATZ IL 16.09 20:44 FW Telfs - Person Aufzugstop - 6410 Telfs:</text>
  </Document>
  <Document id="770488839827820545">
    <relevance>true</relevance>
    <sentiment>positive</sentiment>
    <text>Nürnberg Hbf: Aufzug zu Gleis 22/23 has changed state from INACTIVE to ACTIVE</text>
    <Opinions>
      <Opinion category="Lift#Availability" from="14" to="20" target="Aufzug" polarity="positive" category_de="Aufzug#Betrieb"/>
    </Opinions>
  </Document>
  <Document id="770944341409955841">
    <relevance>true</relevance>
    <sentiment>negative</sentiment>
    <text>Mainz Hbf: Aufzug zu Gleis 4/5 has changed state from ACTIVE to INACTIVE</text>
    <Opinions>
      <Opinion category="Lift#Availability" from="11" to="17" target="Aufzug" polarity="negative" category_de="Aufzug#Betrieb"/>
    </Opinions>
  </Document>
  <Document id="771228966728249344">
    <relevance>true</relevance>
    <sentiment>negative</sentiment>
    <text>Dessau Hbf: Aufzug zu Bstg 1/2 has changed state from ACTIVE to INACTIVE</text>
    <Opinions>
      <Opinion category="Lift#Availability" from="12" to="18" target="Aufzug" polarity="negative" category_de="Aufzug#Betrieb"/>
    </Opinions>
  </Document>
  <Document id="772114803846483969">
    <relevance>true</relevance>
    <sentiment>negative</sentiment>
    <text>Schwerin Mitte: Aufzug zu Gleis 1 ; Ausgang Straße has changed state from ACTIVE to INACTIVE</text>
    <Opinions>
      <Opinion category="Lift#Availability" from="16" to="22" target="Aufzug" polarity="negative" category_de="Aufzug#Betrieb"/>
    </Opinions>
  </Document>
  <Document id="768379692223172608">
    <relevance>true</relevance>
    <sentiment>negative</sentiment>
    <text>Solingen Hbf: Aufzug zwischen Gleis 9/10 und Tunnel has changed state from ACTIVE to INACTIVE</text>
    <Opinions>
      <Opinion category="Lift#Availability" from="14" to="20" target="Aufzug" polarity="negative" category_de="Aufzug#Betrieb"/>
    </Opinions>
  </Document>
  <Document id="769203141489205248">
    <relevance>false</relevance>
    <sentiment>neutral</sentiment>
    <Opinions/>
    <text>FEUERWEHREINSATZ IL 26.08 16:16 FW Telfs - Aufzugstop  Person in Notlage - 6410 Telfs:</text>
  </Document>
  <Document id="770200943069630464">
    <relevance>true</relevance>
    <sentiment>negative</sentiment>
    <text>Saarlouis Hbf: Aufzug zu Gleis 1 has changed state from UNKNOWN to INACTIVE</text>
    <Opinions>
      <Opinion category="Lift#Availability" from="15" to="21" target="Aufzug" polarity="negative" category_de="Aufzug#Betrieb"/>
    </Opinions>
  </Document>
  <Document id="766288160611528704">
    <relevance>true</relevance>
    <sentiment>negative</sentiment>
    <text>Heidelberg Hbf: Aufzug zu Bstg 2/3 has changed state from ACTIVE to INACTIVE</text>
    <Opinions>
      <Opinion category="Lift#Availability" from="16" to="22" target="Aufzug" polarity="negative" category_de="Aufzug#Betrieb"/>
    </Opinions>
  </Document>
  <Document id="762895807334981632">
    <relevance>true</relevance>
    <sentiment>negative</sentiment>
    <text>Braunschweig Hbf: Aufzug zu Gleis 1/2 has changed state from ACTIVE to INACTIVE</text>
    <Opinions>
      <Opinion category="Lift#Availability" from="18" to="24" target="Aufzug" polarity="negative" category_de="Aufzug#Betrieb"/>
    </Opinions>
  </Document>
  <Document id="760441133071753216">
    <relevance>true</relevance>
    <sentiment>negative</sentiment>
    <text>Reutlingen Hbf: Aufzug zu Bstg 2 has changed state from ACTIVE to INACTIVE</text>
    <Opinions>
      <Opinion category="Lift#Availability" from="16" to="22" target="Aufzug" polarity="negative" category_de="Aufzug#Betrieb"/>
    </Opinions>
  </Document>
  <Document id="760844541347897345">
    <relevance>true</relevance>
    <sentiment>neutral</sentiment>
    <text>Berlin Anhalter Bahnhof: Aufzug zu Gleis 3/4 has changed state from ACTIVE to UNKNOWN</text>
    <Opinions>
      <Opinion category="Lift#Availability" from="25" to="31" target="Aufzug" polarity="neutral" category_de="Aufzug#Betrieb"/>
    </Opinions>
  </Document>
  <Document id="759063305373814785">
    <relevance>false</relevance>
    <sentiment>neutral</sentiment>
    <Opinions/>
    <text>die rechnung der terroristen scheint aufzugehen https://t.co/jJthjcl3Je</text>
  </Document>
  <Document id="757999260105191425">
    <relevance>false</relevance>
    <sentiment>neutral</sentiment>
    <Opinions/>
    <text>FEUERWEHREINSATZ IL 26.07 18:34 FW Ampass - Aufzugstop  Person in Notlage - 6070 Ampass:</text>
  </Document>
  <Document id="755087314276278272">
    <relevance>false</relevance>
    <sentiment>neutral</sentiment>
    <Opinions/>
    <text>19:08 Pegida beginnt mit dem Aufzug entlang der St Petersburger Straße #DD1807 https://t.co/WID2jQEiW9</text>
  </Document>
  <Document id="755046360680923136">
    <relevance>true</relevance>
    <sentiment>neutral</sentiment>
    <text>Braunschweig Hbf: Aufzug zu Gleis 7/8 has changed state from ACTIVE to UNKNOWN</text>
    <Opinions>
      <Opinion category="Lift#Availability" from="18" to="24" target="Aufzug" polarity="neutral" category_de="Aufzug#Betrieb"/>
    </Opinions>
  </Document>
  <Document id="755046413281665024">
    <relevance>true</relevance>
    <sentiment>neutral</sentiment>
    <text>Homburg (Saar) Hbf: Aufzug zu Gleis 1 has changed state from ACTIVE to UNKNOWN</text>
    <Opinions>
      <Opinion category="Lift#Availability" from="20" to="26" target="Aufzug" polarity="neutral" category_de="Aufzug#Betrieb"/>
    </Opinions>
  </Document>
  <Document id="753884177372774400">
    <relevance>true</relevance>
    <sentiment>positive</sentiment>
    <text>Nürnberg Hbf: Aufzug zu Gleis 22/23 has changed state from UNKNOWN to ACTIVE</text>
    <Opinions>
      <Opinion category="Lift#Availability" from="14" to="20" target="Aufzug" polarity="positive" category_de="Aufzug#Betrieb"/>
    </Opinions>
  </Document>
  <Document id="752776236930326528">
    <relevance>false</relevance>
    <sentiment>neutral</sentiment>
    <Opinions/>
    <text>@0711town da Paddel keine Skier sind, sind sie kostenpflichtig aufzugeben. Sollten sie in deinen 1. Koffer passen, zahlst du nur diesen. MT</text>
  </Document>
  <Document id="741164120641273856">
    <relevance>false</relevance>
    <sentiment>neutral</sentiment>
    <Opinions/>
    <text>@zeitonline Alternative Konzepte? Einmal eingeführte temporäre Steuern scheint man ungern wieder aufzugeben? Reden bei ihrer Einführung?</text>
  </Document>
  <Document id="741218073106087936">
    <relevance>false</relevance>
    <sentiment>neutral</sentiment>
    <Opinions/>
    <text>09.06.2016 Person(en) im Aufzug Dr.-Karl-Meister Straße Bruchsal https://t.co/fVzkcMRpb8 https://t.co/pik8kzji1f</text>
  </Document>
  <Document id="738084574815604737">
    <relevance>false</relevance>
    <sentiment>neutral</sentiment>
    <Opinions/>
    <text>FEUERWEHREINSATZ IL 01.06 20:04 FW Telfs - Aufzugstop  Person in Notlage - 6410 Telfs:</text>
  </Document>
  <Document id="735146066299998208">
    <relevance>false</relevance>
    <sentiment>neutral</sentiment>
    <Opinions/>
    <text>Weil der Techniker im Stau steckte und die Feuerwehr Schwierigkeiten mit dem Sicherheitsglas des Aufzugs hatten, zog sich eine Rettung [...]</text>
  </Document>
  <Document id="733333808519450624">
    <relevance>false</relevance>
    <sentiment>neutral</sentiment>
    <Opinions/>
    <text>@freie_presse bissel spät.Selbst in Stl im 6.Stock Kein Aufzug für Familien ne Zumutung.Frei mich auf meinen Auszug demnächst :)</text>
  </Document>
  <Document id="732959674828361728">
    <relevance>false</relevance>
    <sentiment>neutral</sentiment>
    <Opinions/>
    <text>FEUERWEHREINSATZ  KU 18.05 17:23 FW Kufstein - Aufzugstop  Person in Notlage - 6330 Kufstein:</text>
  </Document>
  <Document id="731793741036564480">
    <relevance>false</relevance>
    <sentiment>neutral</sentiment>
    <Opinions/>
    <text>Das Abspielen von &quot;verstärkter&quot; Musik entlang der Aufzugsstrecke aus Gewerbebetrieben ist nicht erlaubt.  #karnevalderkulturen</text>
  </Document>
  <Document id="725196260383330304">
    <relevance>false</relevance>
    <sentiment>neutral</sentiment>
    <Opinions/>
    <text>@wienerlinien Aufzug Ausfall Dresdner Straße Aufgang Pasetti Straße, im System steht noch nichts ;)</text>
  </Document>
  <Document id="726480229481504768">
    <relevance>false</relevance>
    <sentiment>neutral</sentiment>
    <Opinions/>
    <text>@PolizeiHamburg wow 1800 Menschen in einem Aufzug ... vom alten Elbtunnel?</text>
  </Document>
  <Document id="720651243853451264">
    <relevance>false</relevance>
    <sentiment>neutral</sentiment>
    <Opinions/>
    <text>FEUERWEHREINSATZ IL 14.04 17:18 FW Rum - Aufzugstop  Person in Notlage - 6063 Rum:</text>
  </Document>
  <Document id="718747452204052481">
    <relevance>false</relevance>
    <sentiment>neutral</sentiment>
    <Opinions/>
    <text>@DriveNow_DE  um das aufzugreifen. Mit Sixtgoldkarte geht das nicht?</text>
  </Document>
  <Document id="719158840776855553">
    <relevance>false</relevance>
    <sentiment>neutral</sentiment>
    <Opinions/>
    <text>Zwischenkundgebung schon wieder vorbei. Der Aufzug geht weiter in Richtung Alsterglacis #1004hh</text>
  </Document>
  <Document id="690099418691952640">
    <relevance>false</relevance>
    <sentiment>neutral</sentiment>
    <Opinions/>
    <text>Neue #Ausschreibung im Bereich #Bauarbeiten für #Schulgebäude: BKP 261 Aufzugsanlagen. https://t.co/e27Dbu3T7x</text>
  </Document>
  <Document id="686413910099013632">
    <relevance>false</relevance>
    <sentiment>neutral</sentiment>
    <Opinions/>
    <text>Unser Aufzug ist kaputt.  Dritte Etage, furchtbare Steintreppe. Wenn ich falle, ist das ein BG Unfall, ne? Lebenslange Rente?</text>
  </Document>
  <Document id="687530251371569152">
    <relevance>false</relevance>
    <sentiment>neutral</sentiment>
    <Opinions/>
    <text>@murmeltier_de Hallo, die Aufzugsanlage wurde bereits repariert. Leider haben wir noch keinen Termin für die techn. Abnahme bekommen. :( *sr</text>
  </Document>
  <Document id="687925505627131904">
    <relevance>false</relevance>
    <sentiment>neutral</sentiment>
    <Opinions/>
    <text>Neue #Ausschreibung im Bereich #Bauarbeiten für #Schulgebäude: BKP 261 Aufzugsanlagen https://t.co/ZVCZiBJJzm</text>
  </Document>
  <Document id="660913714007293952">
    <relevance>false</relevance>
    <sentiment>neutral</sentiment>
    <Opinions/>
    <text>Aufzug Kreuztal Parkplatz: https://t.co/bpBwWiZs7O via @YouTube</text>
  </Document>
  <Document id="946424132475990016">
    <relevance>false</relevance>
    <sentiment>neutral</sentiment>
    <Opinions/>
    <text>Hallo @ToniPirosa , ich habe Grade dein Video zum #barrierefreiTag gesehen und muss sagen, dass mir dieses Video unheimlich viel Kraft gegeben hat. Nach einem Unfall vor 3 Jahren habe ich täglich mit so starken Schmerzen zu tun, dass ich kaum noch Schulfähig bin</text>
  </Document>
  <Document id="953980257018707968">
    <relevance>false</relevance>
    <sentiment>neutral</sentiment>
    <Opinions/>
    <text>#Barrierefreies Bauen : Weil man im #Alter keine Sprünge mehr gehen oder man durch Unfall oder #Krankheit an einen #Rollstuhl gefesselt ist – Viele Gründe, warum man sich mit dem Thema beschäftigen sollte  https://t.co/hoyfaHKZuN via @https://twitter.com/DHochwarth https://t.co/ZdCvF0rhyS</text>
  </Document>
  <Document id="934733983656669184">
    <relevance>false</relevance>
    <sentiment>neutral</sentiment>
    <Opinions/>
    <text>Schnittstelle Baustelle im 1. Quartal 2018 auf Tour: Dachterrasse mit barrierefreiem Zugang  https://t.co/n1gcrcLvIC https://t.co/Njs9D56V5P</text>
  </Document>
  <Document id="1072862425056079873">
    <relevance>true</relevance>
    <sentiment>negative</sentiment>
    <Opinions>
      <Opinion category="GeneralBarrier#Main" polarity="negative" from="18" to="44" target="Nicht-barrierefreie Brücke" category_de="Allgemein_Barriere#Haupt"/>
    </Opinions>
    <text>RT @ThomasSeerig: Nicht-barrierefreie Brücke: Ticketkosten werden nicht erstattet | Namen Und Neues | Tempelhof-Schöneberg | @tspleute http…</text>
  </Document>
  <Document id="1072920936901431302">
    <relevance>true</relevance>
    <sentiment>negative</sentiment>
    <Opinions>
      <Opinion category="GeneralBarrier#Main" polarity="negative" from="161" to="173" target="barrierefrei" category_de="Allgemein_Barriere#Haupt"/>
    </Opinions>
    <text>Der #ÖPNV und die #Bahn sind zu langsam, zu teuer, unzuverlässig und die zur Verfügung stehenden Ressourcen sind nicht ausreichend ⚠️ Außerdem nicht durchgehend barrierefrei 😡 (selbst getestet) // @sinnundverstand</text>
  </Document>
  <Document id="1073251471322464257">
    <relevance>true</relevance>
    <sentiment>positive</sentiment>
    <Opinions>
      <Opinion category="GeneralBarrier#Main" polarity="positive" from="0" to="14" target="Barrierefreier" category_de="Allgemein_Barriere#Haupt"/>
    </Opinions>
    <text>Barrierefreier Bahnhof eröffnet https://t.co/9ZFbL1rzHa</text>
  </Document>
  <Document id="885498615032147968">
    <relevance>false</relevance>
    <sentiment>neutral</sentiment>
    <Opinions/>
    <text>@StadtRastatt unsere Sporthalle ist auch noch nicht barrierefrei. https://t.co/OnbIMp7HrX</text>
  </Document>
  <Document id="886611549221253120">
    <relevance>false</relevance>
    <sentiment>neutral</sentiment>
    <Opinions/>
    <text>Schild für barrierefreien Parkplatz: 20€ Getränkehänger auf die Parkplätze stellen: unbezahlbar. https://t.co/7jzfpMlda8</text>
  </Document>
  <Document id="1073597563000025090">
    <relevance>true</relevance>
    <sentiment>neutral</sentiment>
    <Opinions>
      <Opinion category="GeneralBarrier#Main" polarity="neutral" from="32" to="45" target="barrierefreie" category_de="Allgemein_Barriere#Haupt"/>
    </Opinions>
    <text>@justdisabled Die Bahn muss das barrierefreie Fahren 24/7 sichern. Auch spontan.</text>
  </Document>
  <Document id="871406163119800322">
    <relevance>false</relevance>
    <sentiment>neutral</sentiment>
    <Opinions/>
    <text>@zeitonline Kein barrierefreier Zugang. Deshalb werden wir diesen Beitrag nicht retweeten.</text>
  </Document>
  <Document id="851667807297298432">
    <relevance>false</relevance>
    <sentiment>neutral</sentiment>
    <Opinions/>
    <text>Barrierefreies Bauen ist teuer und kompliziert, Vorschriften widersprechen sich. Was also ändern? https://t.co/bwIj5G51C9</text>
  </Document>
  <Document id="1049938727341105152">
    <relevance>true</relevance>
    <sentiment>positive</sentiment>
    <Opinions>
      <Opinion category="GeneralBarrier#Main" polarity="positive" from="25" to="37" target="barrierefrei" category_de="Allgemein_Barriere#Haupt"/>
    </Opinions>
    <text>Bahnhof Walldorf - jetzt barrierefrei! https://t.co/lo4g75i9XD #petition #SoNicht #openpetition</text>
  </Document>
  <Document id="844900005643239425">
    <relevance>false</relevance>
    <sentiment>neutral</sentiment>
    <Opinions/>
    <text>Von wegen &quot;barrierefrei&quot; https://t.co/y9HDSYPW4f</text>
  </Document>
  <Document id="844948675470262273">
    <relevance>false</relevance>
    <sentiment>neutral</sentiment>
    <Opinions/>
    <text>@SPIEGELONLINE Die Brüder sollten sich lieber erstmal um barrierefreie Übergänge kümmern.Dass wäre wichtiger als ihre unersättliche Geldgier</text>
  </Document>
  <Document id="835545662288609280">
    <relevance>false</relevance>
    <sentiment>neutral</sentiment>
    <Opinions/>
    <text>New Fernbus News (BSK fordert mehr Anstrengungen für barrierefreie Fernbusse) has been published on Fernbusmap -... https://t.co/ccJTZHMZTA</text>
  </Document>
  <Document id="1050333882095202309">
    <relevance>true</relevance>
    <sentiment>neutral</sentiment>
    <Opinions>
      <Opinion category="GeneralBarrier#Main" polarity="neutral" from="12" to="34" target="Barrierefreier Bahnhof" category_de="Allgemein_Barriere#Haupt"/>
    </Opinions>
    <text>Dauerthema: Barrierefreier Bahnhof Weiden - die Jusos Nordoberpfalz und die Jusos Weiden haben letzten Samstag gemeinsam mit Annette Karl mal vor Ort getestet, wie weit man als Betroffener im Bahnhof Weiden... https://t.co/HwoqEfmTOW</text>
  </Document>
  <Document id="836584265349492736">
    <relevance>false</relevance>
    <sentiment>neutral</sentiment>
    <Opinions/>
    <text>Fußgängerampel wird erneuert  Barrierefreier Überweg   Die Fußgängerampel an der Cronenberger Straße in Höhe des... https://t.co/iftMyDiGex</text>
  </Document>
  <Document id="1051146928396865536">
    <relevance>true</relevance>
    <sentiment>negative</sentiment>
    <Opinions>
      <Opinion category="GeneralBarrier#Main" polarity="negative" from="66" to="88" target="barrierefreien Zugänge" category_de="Allgemein_Barriere#Haupt"/>
    </Opinions>
    <text>RT @s_k_walter: Die #BVG muss auf die Tube drücken. Die fehlenden barrierefreien Zugänge sind ein Ärgernis. Weitere Verzögerungen bei der E…</text>
  </Document>
  <Document id="806880538942468096">
    <relevance>false</relevance>
    <sentiment>neutral</sentiment>
    <Opinions/>
    <text>Baufortschritt https://t.co/hSStwoADcS Baustelle #aufzug #barrierefrei #oberhaus</text>
  </Document>
  <Document id="768849011184898048">
    <relevance>false</relevance>
    <sentiment>neutral</sentiment>
    <Opinions/>
    <text>und das &quot;über den Stuhl mit Gepäck durch das Fenster&quot; ist dann also dieses &quot;barrierefrei&quot;. nee, is klar. :D https://t.co/TYuCqctvZO</text>
  </Document>
  <Document id="1052989050234314754">
    <relevance>true</relevance>
    <sentiment>positive</sentiment>
    <Opinions>
      <Opinion category="GeneralBarrier#Main" polarity="positive" from="43" to="55" target="barrierefrei" category_de="Allgemein_Barriere#Haupt"/>
    </Opinions>
    <text>U-Bahnhof Podbielskiallee ist seit gestern barrierefrei » StadtrandNachrichten ... https://t.co/G2SM7htt40</text>
  </Document>
  <Document id="762936806702710784">
    <relevance>false</relevance>
    <sentiment>neutral</sentiment>
    <Opinions/>
    <text>@Sabberschnauze @gruener_punk Myska an der Briller Straße ist barrierefrei -Myska in Varresbeck hat sogar Luxus-Bänke davor - verhungern -nö</text>
  </Document>
  <Document id="752841921920368641">
    <relevance>false</relevance>
    <sentiment>neutral</sentiment>
    <Opinions/>
    <text>Gegenüber ein Falschparker auf der Fahrbahn, der 10.10 Uhr keinen &quot;Parkplatz&quot; am barrierefreien Bürgersteig bekam. https://t.co/LtTsHLzHLY</text>
  </Document>
  <Document id="747710046285496320">
    <relevance>false</relevance>
    <sentiment>neutral</sentiment>
    <Opinions/>
    <text>Behinderte brauchen barrierefreie Umwelt, aber kein übertrieb.Mitleid,dann fühlen sie sich schlecht,normal behandeln https://t.co/gwAioTZAuG</text>
  </Document>
  <Document id="1053319176432115715">
    <relevance>false</relevance>
    <sentiment>neutral</sentiment>
    <Opinions/>
    <text>@SPIEGELONLINE Irgendwas mit barrierefreiem Zugang und einem Teil des Gebäudes?</text>
  </Document>
  <Document id="1053345598861131776">
    <relevance>true</relevance>
    <sentiment>negative</sentiment>
    <Opinions>
      <Opinion category="GeneralBarrier#Main" polarity="negative" from="202" to="214" target="Barrierefrei" category_de="Allgemein_Barriere#Haupt"/>
    </Opinions>
    <text>@raulde Da #BerlKönig aktuell nur den östlichen S-Bahn Ring+Kreuzberg befährt(also nicht mal annähernd 50%des Berliner Stadtgebiets), kann bei derart starken Einschränkungen innerhalb einer Region von #Barrierefrei leider noch lange nicht die Rede sein. Allenfalls von #RollstuhlGeeignet.</text>
  </Document>
  <Document id="737672475690045440">
    <relevance>false</relevance>
    <sentiment>neutral</sentiment>
    <Opinions/>
    <text>Kreuzung Neugasse/Ostendstraße im #Ostend #Hofheim bis 8. Juli wg #Baustelle gesperrt. Kreuzung wird #barrierefrei. #projekt #sozialestadt</text>
  </Document>
  <Document id="723456279503605760">
    <relevance>false</relevance>
    <sentiment>neutral</sentiment>
    <Opinions/>
    <text>RT @Leipzig_Gruenau: Hallo @StadtLeipzig a.d.Baustelle d.Oberschule, Ratzelstr.26, ist es nicht barrierefrei! Kann man das kurzfr.ändern? h…</text>
  </Document>
  <Document id="724000358507393024">
    <relevance>false</relevance>
    <sentiment>neutral</sentiment>
    <Opinions/>
    <text>@Polizei_Ffm Das Kriminalmuseum ist leider nur bedingt barrierefrei - mit Kinderwagen unten abgewiesen wegen Platzmangel. #ndmffm</text>
  </Document>
  <Document id="726819828346966016">
    <relevance>false</relevance>
    <sentiment>neutral</sentiment>
    <Opinions/>
    <text>Billerbeck: Umbau der Lange Straße beginnt: Billerbeck. Montag beginnt der barrierefreie Umbau der Lange Stra... https://t.co/mnDWzIQHI6</text>
  </Document>
  <Document id="1055392414804967424">
    <relevance>false</relevance>
    <sentiment>neutral</sentiment>
    <Opinions/>
    <text>RT @k_ronneburg: Im Dezember starten die Bauarbeiten für die neue, barrierefreie Brücke am Waldbacher Weg in #Biesdorf. Fertigstellung ist…</text>
  </Document>
  <Document id="1044963869976875008">
    <relevance>true</relevance>
    <sentiment>negative</sentiment>
    <Opinions>
      <Opinion category="GeneralBarrier#Main" polarity="negative" from="80" to="92" target="barrierefrei" category_de="Allgemein_Barriere#Haupt"/>
      <Opinion category="GroundLevelAccess#Main" polarity="negative" from="139" to="155" target="Höhenunterschied" category_de="Stufenfrei_Hoehengleich#Haupt"/>
    </Opinions>
    <text>@lokfuehrer_tim Weshalb ich vermeide die S-Bahn zu nehmen weil eben tatsächlich barrierefrei halt anders ist als die DB so denkt 😕 und der Höhenunterschied ist nur oft dezent aber trotzdem zu doof um rückwärts rein zu fahren (raus geht rückwärts dann, wenn man schnell genug fährt)</text>
  </Document>
  <Document id="1045053644381523968">
    <relevance>false</relevance>
    <sentiment>neutral</sentiment>
    <Opinions/>
    <text>Dank Baustelle &quot;Wiker Tor&quot; ist der Gehweg in der Mercatorstraße nicht mehr barrierefrei. Da hier öfter Rollstuhlfahrer lang müssen, ist das echt unschön. @stadt_kiel kann man da was machen? https://t.co/h6RrjAiJ0Q</text>
  </Document>
  <Document id="1046678600592887808">
    <relevance>true</relevance>
    <sentiment>neutral</sentiment>
    <Opinions/>
    <text>@wasserdanke noch großartigere idee: eine gesellschaft schaffen, in der eine gesunde lebensweise erschwinglich und offen (barrierefrei) zugänglich ist mit kostenlosem nahverkehr</text>
  </Document>
  <Document id="1047092823093338112">
    <relevance>true</relevance>
    <sentiment>positive</sentiment>
    <Opinions>
      <Opinion category="GeneralBarrier#Main" polarity="positive" from="52" to="64" target="barrierefrei" category_de="Allgemein_Barriere#Haupt"/>
    </Opinions>
    <text>Der #Bahnhof #Essen-#Horst wird ab kommender Woche #barrierefrei umgebaut.Die #Bauarbeiten beginnen am 8. Oktober und werden voraussichtlich im kommenden Jahr abgeschlossen sein. https://t.co/0BmkUBtVN9</text>
  </Document>
  <Document id="1047799475589275648">
    <relevance>false</relevance>
    <sentiment>neutral</sentiment>
    <Opinions/>
    <text>ACHTUNG ORTSÄNDERUNG! Auf unserer nicht enden wollenden Baustelle gab's einen Wasserschaden - daher findet die Lesung mit @HHumorlos morgen, Freitag, bei Frauen beraten Frauen (danke an die tollen Frauen dort!!) in der Seitenstettengasse 5/7 (barrierefrei)  statt! Wir freuen uns! https://t.co/jANJpsnxsS</text>
  </Document>
  <Document id="1047861298699128832">
    <relevance>false</relevance>
    <sentiment>neutral</sentiment>
    <Opinions/>
    <text>#Ausflug aus dem #Ruhrgebiet an den #Niederrhein zu Schloss Dyck: Seit gestern ist dort der #Markt #Schlossherbst. Ideales Wetter, viele Angebote, leider kein ♿-#Parkplatz und nicht #barrierefrei… #SchlossDyck @rheinkreisneuss #Wochenendtipp https://t.co/hx3ZJBo1FF</text>
  </Document>
  <Document id="1027861770617217024">
    <relevance>true</relevance>
    <sentiment>negative</sentiment>
    <Opinions>
      <Opinion category="GeneralBarrier#Main" polarity="negative" from="255" to="267" target="barrierefrei" category_de="Allgemein_Barriere#Haupt"/>
    </Opinions>
    <text>@KVB_Info Ich fahre diese Woche zum 3.Mal mit der Linie 13! Jedes Mal fällt eine Bahn aus und es gibt Wartezeiten von 20-30 Min. Auch wenn es eine Baustelle gibt: das kann doch nicht euer Anspruch sein! Und dann steige ich mit Kinderwagen (noch nicht mal barrierefrei) in überfüllte Wagons</text>
  </Document>
  <Document id="1027910493812543488">
    <relevance>true</relevance>
    <sentiment>neutral</sentiment>
    <Opinions>
      <Opinion category="GeneralBarrier#Main" polarity="neutral" from="75" to="87" target="barrierefrei" category_de="Allgemein_Barriere#Haupt"/>
    </Opinions>
    <text>#twitterpower Weiß irgendjemand von euch, ob der #Bahnhof Köln Messe/Deutz barrierefrei ist? :o</text>
  </Document>
  <Document id="1030823737355132928">
    <relevance>true</relevance>
    <sentiment>positive</sentiment>
    <Opinions>
      <Opinion category="GeneralBarrier#Main" polarity="positive" from="122" to="134" target="barrierefrei" category_de="Allgemein_Barriere#Haupt"/>
    </Opinions>
    <text>Die Gemeinde Wesendorf will ab Mitte September vier Bushaltestellen entlang der Gifhorner Straße und der Alten Heerstraße barrierefrei ausbauen. https://t.co/BTdHpnIeoK</text>
  </Document>
  <Document id="1032632451724660742">
    <relevance>true</relevance>
    <sentiment>negative</sentiment>
    <Opinions>
      <Opinion category="Lift#Availability" polarity="negative" from="166" to="172" target="Aufzug" category_de="Aufzug#Betrieb"/>
    </Opinions>
    <text>Bei d #Bahn wird viel Geld in #barrierefreien Ausbau gesteckt. Das beginnt bei der Bodenmarkierung, geht weiter zur Anpassung d Gleishöhe u sollte nicht bei defektem Aufzug enden, wie am #Bahnhof #BadenBaden, der seit Wochen nicht funktioniert. Das verärgert Zugreisende @fdpbt https://t.co/u7Yaqbcvi5</text>
  </Document>
  <Document id="1033028175553589250">
    <relevance>true</relevance>
    <sentiment>positive</sentiment>
    <Opinions>
      <Opinion category="GeneralBarrier#Main" polarity="positive" from="42" to="54" target="barrierefrei" category_de="Allgemein_Barriere#Haupt"/>
    </Opinions>
    <text>Der #Hauptbahnhof in #Dresden ist ab 2020 barrierefrei zugänglich. Das kündigte die @DB_Presse an, die gegenwärtig 15 Millionen Euro in die Sanierung der Mittelhalle investiert. https://t.co/dRDabXKtcA</text>
  </Document>
  <Document id="1034004674259693568">
    <relevance>true</relevance>
    <sentiment>neutral</sentiment>
    <Opinions>
      <Opinion category="GeneralBarrier#Main" polarity="positive" from="44" to="56" target="barrierefrei" category_de="Allgemein_Barriere#Haupt"/>
      <Opinion category="Lift#Availability" polarity="negative" from="67" to="73" target="Aufzug" category_de="Aufzug#Betrieb"/>
    </Opinions>
    <text>Bis Ende 2022 sollten alle S-Bahn-Stationen barrierefrei sein. Der Aufzug an der Yorckstraße kommt aber wohl erst 14 Jahre danach. Diese und weitere ÖPNV-Baustellen im Überblick: https://t.co/H5wQoWs5MW</text>
  </Document>
  <Document id="1034008409442582533">
    <relevance>true</relevance>
    <sentiment>neutral</sentiment>
    <Opinions>
      <Opinion category="GeneralBarrier#Main" polarity="positive" from="62" to="74" target="barrierefrei" category_de="Allgemein_Barriere#Haupt"/>
      <Opinion category="Lift#Availability" polarity="negative" from="85" to="91" target="Aufzug" category_de="Aufzug#Betrieb"/>
    </Opinions>
    <text>RT @Tagesspiegel: Bis Ende 2022 sollten alle S-Bahn-Stationen barrierefrei sein. Der Aufzug an der Yorckstraße kommt aber wohl erst 14 Jahr…</text>
  </Document>
  <Document id="1034513493289000960">
    <relevance>true</relevance>
    <sentiment>positive</sentiment>
    <Opinions>
      <Opinion category="GeneralBarrier#Main" polarity="positive" from="13" to="25" target="barrierefrei" category_de="Allgemein_Barriere#Haupt"/>
    </Opinions>
    <text>⭐ Heller und barrierefrei : Großer Bahnhof am Holzkirchner Flügel ⭐ Mehr hier ▶ https://t.co/ecYIWYWpZL ◀ https://t.co/hVmIyV0i2O</text>
  </Document>
  <Document id="1035816874662141952">
    <relevance>true</relevance>
    <sentiment>positive</sentiment>
    <Opinions>
      <Opinion category="GeneralBarrier#Main" polarity="positive" from="11" to="23" target="barrierefrei" category_de="Allgemein_Barriere#Haupt"/>
      <Opinion category="GeneralBarrier#Main" polarity="positive" from="25" to="37" target="Barrierefrei" category_de="Allgemein_Barriere#Haupt"/>
    </Opinions>
    <text>Bahnhöfe + barrierefrei: Barrierefrei unterwegs auf der Wriezener Bahn Vier Stationen modernisiert, aus DB https://t.co/qge1Owa7U2</text>
  </Document>
  <Document id="1035817297661845504">
    <relevance>true</relevance>
    <sentiment>neutral</sentiment>
    <Opinions>
      <Opinion category="GeneralBarrier#Main" polarity="neutral" from="11" to="23" target="barrierefrei" category_de="Allgemein_Barriere#Haupt"/>
    </Opinions>
    <text>Bahnhöfe + barrierefrei: Unter Par(chimer Allee), aus BVG https://t.co/Xc0e73geC2</text>
  </Document>
  <Document id="1037218727283056642">
    <relevance>true</relevance>
    <sentiment>positive</sentiment>
    <Opinions>
      <Opinion category="GeneralBarrier#Main" polarity="positive" from="146" to="158" target="barrierefrei" category_de="Allgemein_Barriere#Haupt"/>
    </Opinions>
    <text>@VCD_Hessen @PhilippKosok Vielleicht sollte auch der schlimmste deutsche Bahnhof prämiert werden!?  &quot;Mein&quot; Bahnhof ist jedenfalls fast sauber und barrierefrei. Dummerweise sind die Züge unpünktlich, teuer und überfüllt so dass ich aufs Auto zurück gewechselt bin: Dauert nicht viel länger und bequem. 2/2</text>
  </Document>
  <Document id="1040961357556985857">
    <relevance>true</relevance>
    <sentiment>negative</sentiment>
    <Opinions>
      <Opinion category="GeneralBarrier#Main" polarity="negative" from="217" to="235" target="nicht barrierefrei" category_de="Allgemein_Barriere#Haupt"/>
    </Opinions>
    <text>@mrsealand Ich wohne nicht im Grossraum Zürich und fahre schon seit 35 Jahren mit der Bahn. Keine Schalter und beheizte Wartesäle mehr zu haben ist für mich ein Dienstleistungsabbau. Der Zugang zum Perron ist bei uns nicht barrierefrei und die SBB weigern sich was zu unternehmen.</text>
  </Document>
  <Document id="1083443561121660928">
    <relevance>false</relevance>
    <sentiment>neutral</sentiment>
    <Opinions/>
    <text>RT @gud_kel: Ich suche ein rollstuhlfreundliches #Kino in #Bochum mit barrierefreiem WC und größerer freier Bodenfläche.  Das UCI-Kino wurd…</text>
  </Document>
  <Document id="1042417008174882816">
    <relevance>true</relevance>
    <sentiment>positive</sentiment>
    <Opinions>
      <Opinion category="GeneralBarrier#Main" polarity="positive" from="240" to="252" target="barrierefrei" category_de="Allgemein_Barriere#Haupt"/>
    </Opinions>
    <text>@BAWandsbek @manouatwork @BILD_Hamburg Sehr geehrter Herr Shamsrizi, die Kollegen der @DB_Presse werden sich bei Ihnen melden, habe gerade mit ihnen telefoniert. Die DB nutzt unsere Straßenbaustelle, um parallel (nachts) die S-Bahn-Station barrierefrei auszubauen.</text>
  </Document>
  <Document id="1042787693506248704">
    <relevance>false</relevance>
    <sentiment>neutral</sentiment>
    <Opinions/>
    <text>Dienstgebäude Stadtverwaltung: Barrierefreie Erschließung, Einbau Aufzugsanlage Eine neue Aufgabe beginnt, die Baustelle ist eingerichtet und der Baukran montiert — in Nürnberg https://t.co/hQ4H7PmPXL</text>
  </Document>
  <Document id="1011683513559605251">
    <relevance>true</relevance>
    <sentiment>negative</sentiment>
    <Opinions>
      <Opinion category="GeneralBarrier#Main" polarity="negative" from="67" to="79" target="barrierefrei" category_de="Allgemein_Barriere#Haupt"/>
    </Opinions>
    <text>Der #Bahnhof #Mainz #Kastel in #Wiesbaden ist nicht an jeder Stele barrierefrei. Das soll sich mit einem Umbau ändern: https://t.co/RwVeTui400</text>
  </Document>
  <Document id="1012011554492092421">
    <relevance>true</relevance>
    <sentiment>negative</sentiment>
    <Opinions>
      <Opinion category="GeneralBarrier#Main" polarity="negative" from="170" to="182" target="Barrierefrei" category_de="Allgemein_Barriere#Haupt"/>
    </Opinions>
    <text>So wahr. Aber es fehlen schon die Rahmenbedingungen, damit Geschäfte barrierefreie Zugänge machen. Und was ist mit den Gehörlosen im Krankenhaus, den Blinden am Bahnhof? Barrierefrei ist mehr als rollstuhlgerecht...! https://t.co/DBnjF0KJho</text>
  </Document>
  <Document id="1012319369479811073">
    <relevance>true</relevance>
    <sentiment>positive</sentiment>
    <Opinions>
      <Opinion category="GeneralBarrier#Main" polarity="positive" from="262" to="274" target="barrierefrei" category_de="Allgemein_Barriere#Haupt"/>
    </Opinions>
    <text>Im Juli wird es auf der Wehringhauser Straße eng: Eine Fahrspur ist ab Dienstag, 3. Juli, bis voraussichtlich Dienstag, 31. Juli, aufgrund von Bauarbeiten an den Bushaltestellen &quot;Wehringhauser Straße&quot; gesperrt. Der Wirtschaftsbetrieb Hagen (WBH) gestaltet diese barrierefrei.</text>
  </Document>
  <Document id="1013333023591469057">
    <relevance>true</relevance>
    <sentiment>positive</sentiment>
    <Opinions>
      <Opinion category="GeneralBarrier#Main" polarity="positive" from="140" to="152" target="barrierefrei" category_de="Allgemein_Barriere#Haupt"/>
    </Opinions>
    <text>Bahn Bauprojekte wegen Streit um Bahnsteigkanten gestoppt  Die Bahn will Bahnsteige auf der Höhe von 76 Zentimeter vereinheitlichen, um sie barrierefrei zu gestalten. Mit dem Segen der Bahn hatte sich der Nahverkehr in Mitteldeutschland eigentlich... https://t.co/zLwARz4frI</text>
  </Document>
  <Document id="1014049923665408000">
    <relevance>true</relevance>
    <sentiment>positive</sentiment>
    <Opinions>
      <Opinion category="GeneralBarrier#Main" polarity="positive" from="41" to="53" target="barrierefrei" category_de="Allgemein_Barriere#Haupt"/>
    </Opinions>
    <text>@treptauer Wir bauen unser U-Bahn-System barrierefrei aus. Aus baulichen Gründen  ist eine Vollerhöhung des Bahnsteigs nicht an allen Haltestellen möglich, dann wird der Bahnsteig teil erhöht. Der barrierefreie Ein-/Ausstieg ist im Schachbrettmusterbereich. https://t.co/QBdUnJUIOl /as</text>
  </Document>
  <Document id="1015274254022205443">
    <relevance>true</relevance>
    <sentiment>positive</sentiment>
    <Opinions>
      <Opinion category="GeneralBarrier#Main" polarity="positive" from="32" to="44" target="barrierefrei" category_de="Allgemein_Barriere#Haupt"/>
    </Opinions>
    <text>Durchbruch: Bahnhof Treysa wird barrierefrei und bleibt IC-Halt https://t.co/Sle5bA2vnA</text>
  </Document>
  <Document id="1016306094342328327">
    <relevance>false</relevance>
    <sentiment>neutral</sentiment>
    <Opinions/>
    <text>aber leider keinen #barrierefrei en Einstieg - und das #2018 ! #Rollstuhlfahrer dürfen hier nicht rein! https://t.co/z0uKZhhbM0</text>
  </Document>
  <Document id="1016378869610352645">
    <relevance>true</relevance>
    <sentiment>negative</sentiment>
    <Opinions>
      <Opinion category="GeneralBarrier#Main" polarity="negative" from="235" to="253" target="nicht barrierefrei" category_de="Allgemein_Barriere#Haupt"/>
    </Opinions>
    <text>Der #U7-Bahnhof #Yorckstraße wird 2019 saniert – aber nur unten. Der Aufgang zum S-Bahnhof der S2, S25 &amp; S26 wird gerade gestrichen. Mehr wird nicht schnell geschehen, da Umbau geplant, aber nicht terminiert ist. Der #S2-Bahnsteig ist nicht barrierefrei. https://t.co/8TLmXbST5R</text>
  </Document>
  <Document id="1017003068561461248">
    <relevance>true</relevance>
    <sentiment>positive</sentiment>
    <Opinions>
      <Opinion category="GeneralBarrier#Main" polarity="positive" from="133" to="145" target="Barrierefrei" category_de="Allgemein_Barriere#Haupt"/>
    </Opinions>
    <text>Eine Seilbahn für #München. 4,5 Km lang, Verbindet drei U-Bahnhöfe. 4000 Pers. pro Stunde – so viel wie eine S-Bahn im 10-Min.-Takt. Barrierefrei, leise, umweltfreundlich, schnell zu verwirklichen. Solche Ideen bringen uns weiter! ⁦@IlseAigner⁩  https://t.co/ZEDSq4yXSq</text>
  </Document>
  <Document id="1017023113412956162">
    <relevance>false</relevance>
    <sentiment>neutral</sentiment>
    <Opinions/>
    <text>Barrierefrei und modernisiert klingt super, da dort die Diakonie in der Nähe ist und sehr viele Rollstuhlfahrer diesen nutzen. Was nicht so super klingt? Den Wert, den das Anliegen hat, erkennt man wohl daran, dass es bis 2041 abgeschlossen sein soll. Kein Schreibfehler. https://t.co/LrwH8QvqvT</text>
  </Document>
  <Document id="1017129625716248576">
    <relevance>true</relevance>
    <sentiment>negative</sentiment>
    <Opinions>
      <Opinion category="Lift#Availability" polarity="negative" from="189" to="195" target="Aufzug" category_de="Aufzug#Betrieb"/>
    </Opinions>
    <text>...also wieder mit dem #Regionalexpress auf dem anderen Gleis, das barrierefrei ist, ein paar Stationen nach #Lübben zurück. Dort verpasste ich die nächste Bahn nach Berlin wegen langsamem Aufzug. Nun steh ich hier und warte bis um 22:31 der #RE2 nach Berlin fährt. Inshallah! https://t.co/bYsxgnFI6X</text>
  </Document>
  <Document id="1020180758005239808">
    <relevance>true</relevance>
    <sentiment>positive</sentiment>
    <Opinions>
      <Opinion category="GeneralBarrier#Main" polarity="positive" from="159" to="171" target="barrierefrei" category_de="Allgemein_Barriere#Haupt"/>
    </Opinions>
    <text>Am Dortmunder Hauptbahnhof beginnt heute offiziell die Modernisierung. Die Bahn investiert mehr als 100 Millionen in den Umbau. Unter anderem soll der Bahnhof barrierefrei werden und einen breiteren Tunnel bekommen.  https://t.co/aA0guth3KT</text>
  </Document>
  <Document id="1021060270133784577">
    <relevance>true</relevance>
    <sentiment>negative</sentiment>
    <Opinions>
      <Opinion category="GeneralBarrier#Main" polarity="negative" from="271" to="283" target="barrierefrei" category_de="Allgemein_Barriere#Haupt"/>
    </Opinions>
    <text>@LilaAnonyma Geht schlimmer, in Hannover gibt es bis heute in vielen Teilen noch keine Hochbahnsteige und man muss über Treppen in die Bahn einsteigen und die meisten Haltestellen die das betrifft sind auch noch direkt hintereinander und online stand jahrelang sie wären barrierefrei.</text>
  </Document>
  <Document id="1021729189693677568">
    <relevance>true</relevance>
    <sentiment>positive</sentiment>
    <Opinions>
      <Opinion category="GeneralBarrier#Main" polarity="positive" from="123" to="135" target="barrierefrei" category_de="Allgemein_Barriere#Haupt"/>
    </Opinions>
    <text>RT @DB_Presse: Alles wird neu in #Dortmund! Ab 2024 sorgen dann u.a. 14 Rolltreppen und 7 Aufzüge dafür, dass der #Bahnhof barrierefrei ist…</text>
  </Document>
  <Document id="1022046686850498560">
    <relevance>true</relevance>
    <sentiment>positive</sentiment>
    <Opinions>
      <Opinion category="GeneralBarrier#Main" polarity="positive" from="228" to="240" target="barrierefrei" category_de="Allgemein_Barriere#Haupt"/>
    </Opinions>
    <text>@Coladewe @Schaedelnoppen Ich war nicht dabei - und kann Dir nur zusichern, dass ICH niemals &quot;übergriffig&quot; erscheinen möchte. Ich finde sehr, sehr gut, dass unser #Hamburg'er Verkehrsverbund #HVV gerade alle U-Bahn-Haltestellen barrierefrei umgestaltet.</text>
  </Document>
  <Document id="1023531598493429760">
    <relevance>true</relevance>
    <sentiment>negative</sentiment>
    <Opinions>
      <Opinion category="Lift#Availability" polarity="negative" from="93" to="100" target="Aufzüge" category_de="Aufzug#Betrieb"/>
    </Opinions>
    <text>Ich finde es traurig, was die #Bahn unter #barrierefreien Zugang zu den #Gleisen vorstellt. #Aufzüge zu den Gleisen notwendig. #Bahnchef #Grube fährt lieber mit dem Auto anstatt Bahn.  Bitte einladen zur #Besichtigung und testen im #Rollstuhl.  #BadenBaden  #Rastatt</text>
  </Document>
  <Document id="1023867198492827649">
    <relevance>true</relevance>
    <sentiment>positive</sentiment>
    <Opinions>
      <Opinion category="GeneralBarrier#Main" polarity="positive" from="111" to="123" target="barrierefrei" category_de="Allgemein_Barriere#Haupt"/>
      <Opinion category="GeneralBarrier#Main" polarity="positive" from="198" to="210" target="barrierefrei" category_de="Allgemein_Barriere#Haupt"/>
    </Opinions>
    <text>@naschkatzl Unser Ziel ist es, alle Verkehrsstationen mit einer Frequenz größer 1000 Reisende pro Tag bis 2025 barrierefrei anbieten zu können. Aktuell können 95% aller unserer Kundinnen und Kunden barrierefrei reisen. Um welchen Bahnhof geht´s denn bei dir?</text>
  </Document>
  <Document id="1024620626047393793">
    <relevance>false</relevance>
    <sentiment>neutral</sentiment>
    <Opinions/>
    <text>Bayern barrierefrei - Wir sind dabei! Die Johannesbad Fachklinik Bad Füssing hat nun eine komplett barrierefreie Infrastruktur. Patienten und Besucher können sich vom Parkplatz bis zu ihrem Zimmer oder zur Therme ungehindert bewegen. #johannesbad #badfüssing #bayernbarrierefrei https://t.co/efIwGhrzrV</text>
  </Document>
  <Document id="1025028525991124992">
    <relevance>true</relevance>
    <sentiment>neutral</sentiment>
    <Opinions/>
    <text>Erschließung Baugebiet Großer Kamp beginnt #Hildesheim #Baustelle #Bushaltestelle #Barrierefrei https://t.co/IfMFoSz4F9 https://t.co/CbyZgjxOuQ</text>
  </Document>
  <Document id="1025307794554200064">
    <relevance>false</relevance>
    <sentiment>neutral</sentiment>
    <Opinions/>
    <text>#Heusenstamm: Die Bauarbeiten zur Umgestaltung der Hohebergstraße starten bereits am Dienstag, 7. August, mit dem Ausbau des Gehwegs (inkl. barrierefreier Ausbau der Bushaltestellen) auf der Südseite. https://t.co/91o8vlWOfp</text>
  </Document>
  <Document id="1025480605398720513">
    <relevance>false</relevance>
    <sentiment>neutral</sentiment>
    <Opinions/>
    <text>RT @Johannesbad: Bayern barrierefrei - Wir sind dabei! Die Johannesbad Fachklinik Bad Füssing hat nun eine komplett barrierefreie Infrastru…</text>
  </Document>
  <Document id="1025719021235326978">
    <relevance>false</relevance>
    <sentiment>neutral</sentiment>
    <Opinions/>
    <text>Flaschen öffnen kann @inascharrenbach schon 1mal. Den Menschen auf der Suche nach bezahlbarem Wohnraum nutzen solche Filmchen aber nicht. Die Ministerin macht mit ihrer #Landesbauordnung das Bauen nicht einfacher, sondern sie grenzt aus, macht Wohnen teurer +weniger barrierefrei.</text>
  </Document>
  <Document id="1026059655309611008">
    <relevance>true</relevance>
    <sentiment>positive</sentiment>
    <Opinions>
      <Opinion category="GeneralBarrier#Main" polarity="positive" from="182" to="194" target="barrierefrei" category_de="Allgemein_Barriere#Haupt"/>
    </Opinions>
    <text>Mariazellerbahn: Der Bahnhof Alpenbahnhof in St. Pölten und die dazugehörige Eisenbahnkreuzung wurden in den vergangenen Monaten umfangreich modernisiert, der Bahnhof darüber hinaus barrierefrei gestaltet. (Quelle: https://t.co/80EJJmRNEA) https://t.co/Qtsvn80EoG</text>
  </Document>
  <Document id="1027234469873364993">
    <relevance>false</relevance>
    <sentiment>neutral</sentiment>
    <Opinions/>
    <text>@SZ fressen. Nicht jedoch, wenn wir einen Schutzraum eingerichtet haben, wie den Zoo und hiermit automatisiert die Verantwortung in direkter Weise auf uns übertragen wurde. Ja, Schutzgebiete sind wie ein gigantischer, barrierefreier Zoo, -&gt;</text>
  </Document>
  <Document id="1006902667380002818">
    <relevance>true</relevance>
    <sentiment>negative</sentiment>
    <Opinions>
      <Opinion category="Lift#Availability" polarity="negative" from="130" to="136" target="Aufzug" category_de="Aufzug#Betrieb"/>
    </Opinions>
    <text>@ProEiszeitDeaf Ist in Deutschland nicht besser - z. B. Krankenhaus mit 1 Aufzug und 1 Behindertentoilette für 4 Etagen, einziger Aufzug im Bahnhof monatelang defekt, viele Arztpraxen nicht barrierefrei zugänglich, was ich auch den Bauämtern ankreide. Wer genehmigt sowas?</text>
  </Document>
  <Document id="1007181943010742272">
    <relevance>true</relevance>
    <sentiment>positive</sentiment>
    <Opinions>
      <Opinion category="GeneralBarrier#Main" polarity="positive" from="159" to="173" target="barrierefreien" category_de="Allgemein_Barriere#Haupt"/>
    </Opinions>
    <text>@stephangoedecke Moin! Die zwei &quot;Oldies&quot; fahren, fahrplanbedingt, noch das ganze Jahr. (Warum: https://t.co/ghj51Ims3a) Mit Kinderwagen am besten die anderen, barrierefreien 15er-Bahnen nutzen (s. Haltestellenaushang) oder je nach Strecke auf andere Linien ausweichen (RMV-App!). Schönen Tag! *elh</text>
  </Document>
  <Document id="1008727761572237312">
    <relevance>true</relevance>
    <sentiment>negative</sentiment>
    <Opinions>
      <Opinion category="GeneralBarrier#Main" polarity="negative" from="51" to="69" target="nicht barrierefrei" category_de="Allgemein_Barriere#Haupt"/>
    </Opinions>
    <text>RT @ein_fledertier: MSZ ruft an: Nein, der Bhf ist nicht barrierefrei. Nein, keine Servicekräfte da. Wird nicht angemeldet. Ich könne ja vi…</text>
  </Document>
  <Document id="1004731166363136002">
    <relevance>true</relevance>
    <sentiment>positive</sentiment>
    <Opinions>
      <Opinion category="GeneralBarrier#Main" polarity="positive" from="191" to="203" target="barrierefrei" category_de="Allgemein_Barriere#Haupt"/>
    </Opinions>
    <text>Die Haltestelle Tullastraße in der Durlacher Allee ist fast fertig. Nach den umfangreichen Umbauarbeiten halten ab Montag, 11.6., 10 Uhr, wieder Bahnen an der Haltestelle. Sie wurde komplett barrierefrei ausgebaut. https://t.co/ABAwjvSHvb https://t.co/LZJus85AQC</text>
  </Document>
  <Document id="1003894240974393344">
    <relevance>false</relevance>
    <sentiment>neutral</sentiment>
    <Opinions/>
    <text>Schöner Abschluss: Für den Neubau von zwei Häusern mit 19 barrierefreien Wohneinheiten sowie einer Tiefgarage in der Neue Straße haben wir aus den Händen von Niedersachsens Justizministerin Barbara... https://t.co/j2GtBryN7J</text>
  </Document>
  <Document id="1001470334204342275">
    <relevance>false</relevance>
    <sentiment>neutral</sentiment>
    <Opinions/>
    <text>Anlaufstelle: Bürgerbüro vom Kurhaus in die Frankfurter Straße umgezogen | @fnp_zeitung  v. HOLGER PEGELOW Sie liegt mitten auf der Einkaufsstraße, ist für alle Bürger gut zu erreichen und zudem barrierefrei. Das neue Bürgerbüro ist ab 28.5. geöffnet. https://t.co/RB03isj3lh https://t.co/didzGRQT5W</text>
  </Document>
  <Document id="1000089186635042817">
    <relevance>false</relevance>
    <sentiment>neutral</sentiment>
    <Opinions/>
    <text>RT @chaosupdates: Noch 50 Tage: Der #Nobreakspace zieht um. Der neue #Hackerspace des @Chaotikum_eV wird vollständig barrierefrei sein und…</text>
  </Document>
  <Document id="989040436546334721">
    <relevance>false</relevance>
    <sentiment>neutral</sentiment>
    <Opinions/>
    <text>RT @Klages_an: @HSB_Forum @TspLeute Na, also es schließt sich ja nicht aus, &quot;fahrradkompatibel&quot; und sicher und barrierefrei und kinderfreun…</text>
  </Document>
  <Document id="989174264568991744">
    <relevance>false</relevance>
    <sentiment>neutral</sentiment>
    <Opinions/>
    <text>#staezlive: Die fraktionslosen Stadträte Markus Klätte und Helmut-Ernst Kasner wollen, dass Straßen und Fußwege nicht in den Originalzustand sondern barrierefrei wiederhergestellt werden, nachdem dort Bauarbeiten stattgefunden haben. Die Stadt verfährt schon so. #StadtratHalle</text>
  </Document>
  <Document id="984765295507230720">
    <relevance>false</relevance>
    <sentiment>neutral</sentiment>
    <Opinions/>
    <text>Vorbild #Berlin #Wollenwirauchhaben #Handicap #Barrierefrei https://t.co/2S8YFqbc7b</text>
  </Document>
  <Document id="981871476184944640">
    <relevance>false</relevance>
    <sentiment>neutral</sentiment>
    <Opinions/>
    <text>Ist punktuelle Barrierefreitheit sinnvoll? Hm. https://t.co/M7q2dOLzVE</text>
  </Document>
  <Document id="982910208002482176">
    <relevance>false</relevance>
    <sentiment>neutral</sentiment>
    <Opinions/>
    <text>@Wolkensonne_ Na, ich hoffe doch, dass sie es dann auch schaffen. Habe kommende Woche Urlaub und die Baustelle schränkt die Mobilität schon ein wenig ein. Dafür wir die Haltestelle dann barrierefrei ... also auch etwas Gutes :-)</text>
  </Document>
  <Document id="1070349661796483072">
    <relevance>true</relevance>
    <sentiment>positive</sentiment>
    <Opinions>
      <Opinion category="GeneralBarrier#Main" polarity="positive" from="40" to="52" target="barrierefrei" category_de="Allgemein_Barriere#Haupt"/>
    </Opinions>
    <text>Wolfenbüttel.: Der Börßumer Bahnhof ist barrierefrei https://t.co/OA3BoXH0t1</text>
  </Document>
  <Document id="1043142245178912768">
    <relevance>false</relevance>
    <sentiment>neutral</sentiment>
    <Opinions/>
    <text>Es gibt viele #Kiezinitiativen in #Berlin, wir sind eine mit #Unterschriftensammlung #bvvmitte #Beschluss Unser #Kiez will #Verkehrsberuhigung #Barrierefreiheit #Kinderfreundlichkeit #GrüneOase #Bürgerbeteiligung #Fahrradfreundlichkeit @SenUVKBerlin @DasselVon @BA_Mitte_Berlin</text>
  </Document>
  <Document id="1027860485008498688">
    <relevance>false</relevance>
    <sentiment>neutral</sentiment>
    <Opinions/>
    <text>@riotsam Wir haben gerade noch mal recherchiert und folgende Meldung der traffiQ hierzu gefunden: https://t.co/ZnqeoScKUD Darin wird auch Ihre Frage zur Barrierefreiheit beantwortet. /ths</text>
  </Document>
  <Document id="1030791203036585989">
    <relevance>true</relevance>
    <sentiment>neutral</sentiment>
    <Opinions/>
    <text>#freiewählerbayern #bayernsstarkemitte #ltw18 #liste3 #München #MUC #Bayern #SozialeSicherheit #Inklusion #Barrierefreiheit https://t.co/T5rjsrorS0</text>
  </Document>
  <Document id="1031529931027767297">
    <relevance>true</relevance>
    <sentiment>negative</sentiment>
    <Opinions>
      <Opinion category="GeneralBarrier#Main" polarity="negative" from="76" to="92" target="Barrierefreiheit" category_de="Allgemein_Barriere#Haupt"/>
    </Opinions>
    <text>Die Bahn holt auf ... na hoffentlich ... Es gibt noch viel zu tun in Punkto Barrierefreiheit in den öffentlichen Verkehrsmitteln ... aber es tut sich was ... https://t.co/ncMI8E6Ogf</text>
  </Document>
  <Document id="1034292225948172288">
    <relevance>true</relevance>
    <sentiment>positive</sentiment>
    <Opinions>
      <Opinion category="GeneralBarrier#Main" polarity="positive" from="34" to="50" target="Barrierefreiheit" category_de="Allgemein_Barriere#Haupt"/>
    </Opinions>
    <text>https://t.co/VGrQvVNovM: BVG AöR: Barrierefreiheit kommt voran https://t.co/EcMmBwHPVl</text>
  </Document>
  <Document id="1035455991717027840">
    <relevance>true</relevance>
    <sentiment>negative</sentiment>
    <Opinions>
      <Opinion category="GeneralBarrier#Main" polarity="negative" from="92" to="108" target="Barrierefreiheit" category_de="Allgemein_Barriere#Haupt"/>
    </Opinions>
    <text>@MonikaHerrmann1 @Die_Gruenen Ich möchte lösen! Ser Satz lautet komplett: Schwierig mit der Barrierefreiheit in #Berlin. #Sbahn</text>
  </Document>
  <Document id="1035622810352267264">
    <relevance>true</relevance>
    <sentiment>negative</sentiment>
    <Opinions>
      <Opinion category="GeneralBarrier#Main" polarity="negative" from="0" to="16" target="Barrierefreiheit" category_de="Allgemein_Barriere#Haupt"/>
    </Opinions>
    <text>Barrierefreiheit in der Bahn: „Es muss noch viel getan werden“ https://t.co/ShN4Gxqoss via @Zugreiseblog</text>
  </Document>
  <Document id="1037701844737372160">
    <relevance>true</relevance>
    <sentiment>neutral</sentiment>
    <Opinions>
      <Opinion category="GeneralBarrier#Main" polarity="neutral" from="155" to="171" target="Barrierefreiheit" category_de="Allgemein_Barriere#Haupt"/>
    </Opinions>
    <text>Ich fordere mindestens 200 Millionen Euro jährlich für den Ausbau öffentlicher Gebäude und den öffentlichen Nahverkehr -  #Sonderinvestitionsprogramm für #Barrierefreiheit https://t.co/9E6HPFix9c</text>
  </Document>
  <Document id="1039458948766752770">
    <relevance>false</relevance>
    <sentiment>neutral</sentiment>
    <Opinions/>
    <text>Hier geht's zum Hallo München Wahl Spezial: https://t.co/71yXdtAR6R  #freiewählerbayern #bayernsstarkemitte #ltw18 #liste3 #München #MUC #Bayern #Barrierefreiheit https://t.co/29S0h7spBK</text>
  </Document>
  <Document id="1009376119697571840">
    <relevance>true</relevance>
    <sentiment>neutral</sentiment>
    <Opinions>
      <Opinion category="GeneralBarrier#Main" polarity="neutral" from="118" to="134" target="Barrierefreiheit" category_de="Allgemein_Barriere#Haupt"/>
    </Opinions>
    <text>Neues Gesicht der Frankfurter #Straßenbahn Neuer Beitrag von Bernd Conrads, VGF im #VGFBlog #PtWagen #TWagen #Alstom #Barrierefreiheit #Bombardier #Citadis #Fahrgäste #FahrzeugVerband #Werkstatt https://t.co/wPLueY3OFR</text>
  </Document>
  <Document id="1009487042319998977">
    <relevance>true</relevance>
    <sentiment>neutral</sentiment>
    <Opinions>
      <Opinion category="GeneralBarrier#Main" polarity="neutral" from="19" to="35" target="Barrierefreiheit" category_de="Allgemein_Barriere#Haupt"/>
      <Opinion category="GeneralBarrier#Main" polarity="neutral" from="164" to="180" target="Barrierefreiheit" category_de="Allgemein_Barriere#Haupt"/>
    </Opinions>
    <text>Maßnehmen für die #Barrierefreiheit - Schulung zur Bestandsaufnahme NRW heute vor Ort im Bürgerzentrum Bahnhof #Arnsberg  Vielen Dank den Referentinnen der Agentur Barrierefreiheit NRW @FTB_ESV  Weitere Infos zum Projekt: https://t.co/dCnkNTqDtq https://t.co/vcbZTmnVhI</text>
  </Document>
  <Document id="1010083174657986560">
    <relevance>true</relevance>
    <sentiment>negative</sentiment>
    <Opinions>
      <Opinion category="GeneralBarrier#Main" polarity="negative" from="18" to="34" target="Barrierefreiheit" category_de="Allgemein_Barriere#Haupt"/>
    </Opinions>
    <text>S-Bahnhof Lohhof: Barrierefreiheit mit Hindernissen https://t.co/VBAW6HJib5</text>
  </Document>
  <Document id="1017481369377738752">
    <relevance>true</relevance>
    <sentiment>neutral</sentiment>
    <Opinions>
      <Opinion category="GeneralBarrier#Main" polarity="neutral" from="101" to="117" target="Barrierefreiheit" category_de="Allgemein_Barriere#Haupt"/>
    </Opinions>
    <text>Schöner Artikel über die #U5 in der Berliner Woche. Kleine Anmerkung:  Der #Denkmalschutz steht der #Barrierefreiheit nicht entgegen. Dazu auch meine Anfrage an den #Senat: https://t.co/QgV0dAkUAX #MaHe #UBahn</text>
  </Document>
  <Document id="1017672307253350403">
    <relevance>false</relevance>
    <sentiment>neutral</sentiment>
    <Opinions/>
    <text>#Inklusion und #Barrierefreiheit sind keine Luxus-Themen - bessere Planung reicht völlig aus, um Gebäude und Verkehrswege barrierefrei zu bauen. Deutschland hinkt nicht nur beim Ausbau der mobilen Netze und des schnellen Internets hinterher, ein Armutszeugnis für 13 Jahre #Merkel https://t.co/K9rqKsPYre</text>
  </Document>
  <Document id="1025340294554894337">
    <relevance>true</relevance>
    <sentiment>positive</sentiment>
    <Opinions>
      <Opinion category="GeneralBarrier#Main" polarity="positive" from="48" to="64" target="Barrierefreiheit" category_de="Allgemein_Barriere#Haupt"/>
    </Opinions>
    <text>RT @Stadt_Konstanz: Erster Schritt in Richtung #Barrierefreiheit am Bahnhof #Konstanz: Bürgermeister Karl Langensteiner-Schönborn und Micha…</text>
  </Document>
  <Document id="998521377731829760">
    <relevance>true</relevance>
    <sentiment>negative</sentiment>
    <Opinions>
      <Opinion category="Ramp#Availability" polarity="negative" from="199" to="205" target="Rampen" category_de="Rampe#Betrieb"/>
      <Opinion category="GeneralBarrier#Main" polarity="negative" from="254" to="279" target="FremdwortBarrierefreiheit" category_de="Allgemein_Barriere#Haupt"/>
    </Opinions>
    <text>Krake 😍 neben der Himalaya DIE Bahn meiner Jugend... Und dann laufen hier Teenager vorbei die sagen &quot;die ist aber neu &quot; Von null auf hundert steinalt. Und Knie ich hasse dich, mehr als ein bisschen. Rampen statt nur Stufen würde euch jetzt Geld bringen #FremdwortBarrierefreiheit https://t.co/cjUxOq36tQ</text>
  </Document>
  <Document id="993878660938653697">
    <relevance>false</relevance>
    <sentiment>neutral</sentiment>
    <Opinions/>
    <text>Teilhabe, Barrierefreiheit und Respekt – dafür gingen heute am Europäischen Protesttag zur Gleichstellung von Menschen mit Behinderung viele Bielefelder auf die Straße #Inklusion #Teilhabe  https://t.co/7KlXTJ2Sbz https://t.co/Ctfd5DGlIZ</text>
  </Document>
  <Document id="983120980183867393">
    <relevance>true</relevance>
    <sentiment>neutral</sentiment>
    <Opinions>
      <Opinion category="GeneralBarrier#Main" polarity="neutral" from="67" to="83" target="Barrierefreiheit" category_de="Allgemein_Barriere#Haupt"/>
    </Opinions>
    <text>RT @JoeFauntleroy: Schon mal gefragt, wie es mit der Mobilität und Barrierefreiheit bei Bahn und Flugzeug aussieht, wenn es um Menschen im…</text>
  </Document>
  <Document id="983343939703967744">
    <relevance>true</relevance>
    <sentiment>negative</sentiment>
    <Opinions>
      <Opinion category="GeneralBarrier#Main" polarity="negative" from="1" to="17" target="Barrierefreiheit" category_de="Allgemein_Barriere#Haupt"/>
    </Opinions>
    <text>#Barrierefreiheit ist im ÖPNV und bei der #Bahn immer ein großes Thema, denn faktisch liegt noch viel zu viel im Argen. Auch über die Grenzen hinaus ➤➤➤ https://t.co/UFjH2238D4</text>
  </Document>
  <Document id="977238458459619328">
    <relevance>false</relevance>
    <sentiment>neutral</sentiment>
    <Opinions/>
    <text>Ich will endlich in einem Land leben in dem solch ein Verhalten gesellschaftlich und rechtlich so RICHTIG geächtet ist und sehr sehr empfindliche Strafen nach sich zieht. Es MUSS endlich weh tun! #Barrierefreiheit #UNBRK #Inklusion https://t.co/0RDxdurLko</text>
  </Document>
  <Document id="977255014778507264">
    <relevance>false</relevance>
    <sentiment>neutral</sentiment>
    <Opinions/>
    <text>RT @Goldpiratin: Für alle, für die Gehörlosigkeit oder Barrierefreiheit noch kein Thema war: Lest diesen Thread! https://t.co/pFnvLdAToX</text>
  </Document>
  <Document id="977938080232628225">
    <relevance>true</relevance>
    <sentiment>negative</sentiment>
    <Opinions>
      <Opinion category="GeneralBarrier#Main" polarity="negative" from="93" to="105" target="Barrierefrei" category_de="Allgemein_Barriere#Haupt"/>
      <Opinion category="GeneralBarrier#Main" polarity="negative" from="134" to="153" target="Barrierefreiheit.Am" category_de="Allgemein_Barriere#Haupt"/>
    </Opinions>
    <text>@FlixBus_DE #FlixTrain &amp; #Mobilität für alle? Das ist eine Falschinformation.Ihr seid nicht #Barrierefrei &amp; somit gibt es auch keine #Barrierefreiheit.Am schlimmsten trifft es #Menschen die einen #e #Rollstuhl haben.Die nehmt ihr nicht mit.Eure Behauptung ist also ein #fake! #Diskriminierung</text>
  </Document>
  <Document id="977083966867066880">
    <relevance>false</relevance>
    <sentiment>neutral</sentiment>
    <Opinions/>
    <text>Sehr lesenswerter Thread über #Barrierefreiheit https://t.co/OhtE5qsMXY</text>
  </Document>
  <Document id="977113627756023809">
    <relevance>false</relevance>
    <sentiment>neutral</sentiment>
    <Opinions/>
    <text>RT @ErsteKatze: LEST DIESEN THREAD #Barrierefreiheit #Gebärdensprache https://t.co/MpJkpbupoX</text>
  </Document>
  <Document id="977138670942801920">
    <relevance>false</relevance>
    <sentiment>neutral</sentiment>
    <Opinions/>
    <text>Ganz am Ende: „Echte Barrierefreiheit“... #FoodForThought #Teilhabe; was kann die #hochschuldidaktik davon lernen? https://t.co/mJxRlQWCod</text>
  </Document>
  <Document id="972270101423689730">
    <relevance>true</relevance>
    <sentiment>negative</sentiment>
    <Opinions>
      <Opinion category="GeneralBarrier#Main" polarity="negative" from="30" to="46" target="Barrierefreiheit" category_de="Allgemein_Barriere#Haupt"/>
    </Opinions>
    <text>@rudibruns Der Gesichtspunkt #Barrierefreiheit wurde aber mal wieder leider überhaupt nicht berücksichtigt. Schon seit fast 20 Jahren nun kann ich als Blinder dem Bahnübergang Emsstraße nicht mehr eigenständig nutzen, weil es kein Signal mehr gibt, wenn die Schranken runter gehen, sondern</text>
  </Document>
  <Document id="966343024652509184">
    <relevance>true</relevance>
    <sentiment>negative</sentiment>
    <Opinions>
      <Opinion category="GeneralBarrier#Main" polarity="negative" from="28" to="44" target="Barrierefreiheit" category_de="Allgemein_Barriere#Haupt"/>
    </Opinions>
    <text>Unna - Warum die angebliche Barrierefreiheit am Bahnhof Unna ein Witz ist https://t.co/iIDrBnQ9B3</text>
  </Document>
  <Document id="939533868696252416">
    <relevance>true</relevance>
    <sentiment>negative</sentiment>
    <Opinions>
      <Opinion category="GeneralBarrier#Main" polarity="negative" from="60" to="76" target="Barrierefreiheit" category_de="Allgemein_Barriere#Haupt"/>
    </Opinions>
    <text>#DB-Mißmanagement allüberall: #S21-#Milliardengrab XXL und #Barrierefreiheit in #Darmstadt Hbf. - der reale #Stuttgart21-#Irrsinn für ganze Ländle: https://t.co/5EWCZmNL6L Schönes Wochenende - OBEN BLEIBEN mit https://t.co/DkrFoJ9Y9C @abrissaufstand</text>
  </Document>
  <Document id="942915679002513408">
    <relevance>true</relevance>
    <sentiment>positive</sentiment>
    <Opinions>
      <Opinion category="GeneralBarrier#Main" polarity="positive" from="5" to="21" target="Barrierefreiheit" category_de="Allgemein_Barriere#Haupt"/>
    </Opinions>
    <text>Mehr Barrierefreiheit an der U-Bahn-Haltestelle Obersendling - Sendling: Das Fahren mit der U-Bahn soll in Zukunft am U-Bahnhof Obersendling auch für körperlich eingeschränkte Personen leichter werden. https://t.co/DoA4gkITFo</text>
  </Document>
  <Document id="947077100946771969">
    <relevance>false</relevance>
    <sentiment>neutral</sentiment>
    <Opinions/>
    <text>Liebe @DeutschePostDHL – in Sachen Barrierefreiheit in #Limburg Frankfurter Straße geht doch noch was, oder? Planen Sie konkrete Maßnahmen? (Ich denke mal ja 👍) https://t.co/BWWwdXqPz7</text>
  </Document>
  <Document id="929718957061365761">
    <relevance>true</relevance>
    <sentiment>neutral</sentiment>
    <Opinions>
      <Opinion category="GeneralBarrier#Main" polarity="neutral" from="138" to="154" target="Barrierefreiheit" category_de="Allgemein_Barriere#Haupt"/>
      <Opinion category="GeneralBarrier#Main" polarity="neutral" from="198" to="214" target="Barrierefreiheit" category_de="Allgemein_Barriere#Haupt"/>
    </Opinions>
    <text>@EinAugenschmaus @gud_kel @paulsleben @ZDF E: Kannst du dich daran erinnern, dass du genau DAS mit mir gemacht hast, als es um das Thema &quot;Barrierefreiheit in der Bahn&quot; ging? Du hast meinem Kind die Barrierefreiheit abgesprochen. Der Stachel sitzt bei mir immer noch sehr tief. Das war SEHR verletzend.</text>
  </Document>
  <Document id="1074903702102794240">
    <relevance>false</relevance>
    <sentiment>neutral</sentiment>
    <Opinions/>
    <text>(ADAC Test Barrierefreiheit in deutschen Städten) 18.12.2018. Wie gut ist der barrierefreie Zugang zu Einrichtungen des täglichen Lebens umgesetzt? Diese Frage stand im Zentrum eines ADAC Tests von  ... - auf My Bavaria - Das Bayern-Magazin - https://t.co/1YKXRcCpt1 - #A3 https://t.co/wYU9ItWxU0</text>
  </Document>
  <Document id="1074957075430678528">
    <relevance>true</relevance>
    <sentiment>negative</sentiment>
    <Opinions>
      <Opinion category="GeneralBarrier#Main" polarity="negative" from="105" to="121" target="Barrierefreiheit" category_de="Allgemein_Barriere#Haupt"/>
    </Opinions>
    <text>RT @_jvl: @Scherben81 Anekdote: Die Großmutter meiner Frau war 1960 dermaßen genervt wegen der fehlenden Barrierefreiheit des Dortmunder Hb…</text>
  </Document>
  <Document id="900212787137441792">
    <relevance>true</relevance>
    <sentiment>neutral</sentiment>
    <Opinions>
      <Opinion category="GeneralBarrier#Main" polarity="neutral" from="89" to="105" target="Barrierefreiheit" category_de="Allgemein_Barriere#Haupt"/>
    </Opinions>
    <text>EU-Eisenbahnbaurecht lässt Bahnsteighöhen 76 und 55 cm zu.  Spanned: dt. Bürokratie vs. #Barrierefreiheit #bahn https://t.co/SrDVS8bhCV</text>
  </Document>
  <Document id="1045636968523198465">
    <relevance>false</relevance>
    <sentiment>neutral</sentiment>
    <Opinions/>
    <text>Wir sind bekanntermaßen keine Fans der Begegnungszone Maaßenstraße. Wenn das Projekt schon nicht aufgegeben wird, müssen durch einen Umbau dringend Verbesserungen geschaffen werden: Barrierefreiheit, #Verkehr|sfluss, Aufenthaltsqualität. @hennerschmidt https://t.co/3he3wSi9oV</text>
  </Document>
  <Document id="1047559379036323841">
    <relevance>false</relevance>
    <sentiment>neutral</sentiment>
    <Opinions/>
    <text>es wäre mal ganz gut wenn alle Politiker blind über die Straße gehen  wg Barrierefreiheit #brwahlarena</text>
  </Document>
  <Document id="1034915606506754057">
    <relevance>false</relevance>
    <sentiment>neutral</sentiment>
    <Opinions/>
    <text>@Heiii Das Daniel ihr keinen Tee anbietet oder die Tür aufhält... auf der BAUSTELLE... wie abgehoben kann man bitte sein? Und dann dieses &quot;Dann ist er wohl doch nicht der richtige für mich&quot; - Die hat gar nicht geschnallt, dass er so gar nichts von ihr will.</text>
  </Document>
  <Document id="653818026626781184">
    <relevance>false</relevance>
    <sentiment>neutral</sentiment>
    <Opinions/>
    <text>Caterpillar D7E auf der Baustelle der B50n in der Nähe von Longkamp,  #fahrzeugbilderde http://t.co/YU3yt7lH7P http://t.co/4PUQKGWiDy</text>
  </Document>
  <Document id="700617525692915712">
    <relevance>false</relevance>
    <sentiment>neutral</sentiment>
    <Opinions/>
    <text>News: #Wallis Aktuell #Einigung im Lohnstreit auf einer Walliser Baustelle | Im Streit um... https://t.co/WtxLFySFGe via @WalliserZeitung</text>
  </Document>
  <Document id="809073276383334400">
    <relevance>false</relevance>
    <sentiment>neutral</sentiment>
    <Opinions/>
    <text>Lego Starter Steinebox Baustelle (10667). Jetzt €14.95 (-€5.04, RRP -17%) https://t.co/BZwwL2jpYL https://t.co/vw99KEIVxg</text>
  </Document>
  <Document id="829404541783330817">
    <relevance>false</relevance>
    <sentiment>neutral</sentiment>
    <Opinions/>
    <text>@RiIlenreiniger warum arbeitest du überhaupt auf einer Baustelle?</text>
  </Document>
  <Document id="866891277555695616">
    <relevance>false</relevance>
    <sentiment>neutral</sentiment>
    <Opinions/>
    <text>07:15 Uhr - Unfall - auf der A1 Lübeck Richtung Hamburg - zwischen Stapelfeld und Barsbüttel in der Baustelle auf... https://t.co/1707Zop02z</text>
  </Document>
  <Document id="872481583869067264">
    <relevance>false</relevance>
    <sentiment>neutral</sentiment>
    <Opinions/>
    <text>Kommenden Mittwoch (14.7) wird die #A7 mal wieder gesperrt.Wie ihr umgeleitet werdet: https://t.co/h7YqoNMwwQ #stau #baustelle #Eimsbuettel</text>
  </Document>
  <Document id="890818473428963332">
    <relevance>false</relevance>
    <sentiment>neutral</sentiment>
    <Opinions/>
    <text>Mein Wochenendfinale: nach 5 Monaten in Nachtschicht Vollendung der Baustelle. #endlich  #hallelujah #eswirdzeit https://t.co/m152OutNL8</text>
  </Document>
  <Document id="895229976101998593">
    <relevance>false</relevance>
    <sentiment>neutral</sentiment>
    <Opinions/>
    <text>RT @StrohArchitects: Manchmal heben wir ein bisschen ab ... https://t.co/Mwet8t3TCf #SVA #Baustelle #Graz</text>
  </Document>
  <Document id="905702353910849537">
    <relevance>false</relevance>
    <sentiment>neutral</sentiment>
    <Opinions/>
    <text>#Diebstahl auf #Baustelle: Täter entwenden Kupferkabel! https://t.co/DBZVRPin3y https://t.co/eroVFmijbF</text>
  </Document>
  <Document id="959846192212570113">
    <relevance>false</relevance>
    <sentiment>neutral</sentiment>
    <Opinions/>
    <text>Ein Panoramablick über die Baustelle am Bundesleistungszentrum in Wiesbaden! https://t.co/Z6EjhTNRUz</text>
  </Document>
  <Document id="1018558919692767233">
    <relevance>false</relevance>
    <sentiment>neutral</sentiment>
    <Opinions/>
    <text>Die Woche im Blaulicht Retter Baustellenhinweise für Gifhorn (Link auf Seite) 15.07.2018 Feuer auf Netto-Parkplatz in Meinersen Kabeldiebstahl bei der LSW: Ein Täter gefasst 13.07.2018 Zwei Eichen in Bokel beschädigt!... https://t.co/V1a63Wjh7O</text>
  </Document>
  <Document id="1025328423231614977">
    <relevance>false</relevance>
    <sentiment>neutral</sentiment>
    <Opinions/>
    <text>237 Fahrer von 400 kontrollierten sind an einer #Baustelle auf der #A20 bei #Neubrandenburg zu schnell unterwegs gewesen. Drei Fahrer haben es besonders übertrieben. https://t.co/FUHEBk10MK</text>
  </Document>
  <Document id="1033331982791593984">
    <relevance>false</relevance>
    <sentiment>neutral</sentiment>
    <Opinions/>
    <text>RT @mopo: Baustellen, Rückreiseverkehr: Stau-Chaos auf Autobahnen rund um Hamburg https://t.co/EL4y5JkEYE https://t.co/iwajJdtVWP</text>
  </Document>
  <Document id="1035497410720657408">
    <relevance>false</relevance>
    <sentiment>neutral</sentiment>
    <Opinions/>
    <text>#baustelle geht weiter https://t.co/UM1kCXfp2o</text>
  </Document>
  <Document id="1080742253453299712">
    <relevance>false</relevance>
    <sentiment>neutral</sentiment>
    <Opinions/>
    <text>Gratulier, aber es gibt noch viel zu TUN und die Baustelle im Hintergrund zeigt es JA HEUTE!</text>
  </Document>
  <Document id="659753798106284036">
    <relevance>false</relevance>
    <sentiment>neutral</sentiment>
    <Opinions/>
    <text>RT @JanderrrMac: ich komm' auf die baustelle und kipp' beton in dein' mund.</text>
  </Document>
  <Document id="662517394619899904">
    <relevance>false</relevance>
    <sentiment>neutral</sentiment>
    <Opinions/>
    <text>Hat Fahrern in der Nähe geholfen, mit der Meldung baustelle auf A63 mit @waze - Fahre Sozial. https://t.co/IfQhTBTISX</text>
  </Document>
  <Document id="673761438062813184">
    <relevance>false</relevance>
    <sentiment>neutral</sentiment>
    <Opinions/>
    <text>Kellner auf der Baustelle: &quot;Der Daumen muss immer AUF dem Schnitzel sein!&quot; #dennisruftan https://t.co/SnzzjXUALU</text>
  </Document>
  <Document id="689534573177344000">
    <relevance>false</relevance>
    <sentiment>neutral</sentiment>
    <Opinions/>
    <text>Das Leben ist kein Ponyhof. Das Leben ist 'ne Baustelle.</text>
  </Document>
  <Document id="709677304558043136">
    <relevance>false</relevance>
    <sentiment>neutral</sentiment>
    <Opinions/>
    <text>Haha, die Baustelle unter mir ist noch laaaaaaaaaange nicht fertig. Haha. Haha. Haha. *meckerheul*</text>
  </Document>
  <Document id="711164202417831936">
    <relevance>false</relevance>
    <sentiment>neutral</sentiment>
    <Opinions/>
    <text>@MJMil82 das ist nicht meine Baustelle, eher Toasts.</text>
  </Document>
  <Document id="716269391122472964">
    <relevance>false</relevance>
    <sentiment>neutral</sentiment>
    <Opinions/>
    <text>Von einer &quot;Baustelle zur nächsten... Home - Omas Garten - Home Heut Abend fall ich Tod ins Bett x.x #Renovierung</text>
  </Document>
  <Document id="719141959969992708">
    <relevance>false</relevance>
    <sentiment>neutral</sentiment>
    <Opinions/>
    <text>Jetzt sind wir mal ein bisschen kleinlich: Da die Echsen an der Baustelle zum Albvorlandtunnel gefunden wurden,... https://t.co/kfA2drkkf8</text>
  </Document>
  <Document id="733217346823802880">
    <relevance>false</relevance>
    <sentiment>neutral</sentiment>
    <Opinions/>
    <text>#Schwarzarbeit am Bau: Die öffentliche Hand müsste Vorbild für legale Beschäftigung sein. https://t.co/G2HayoHMkq #baugewerbe #baustelle</text>
  </Document>
  <Document id="748828680177213440">
    <relevance>false</relevance>
    <sentiment>neutral</sentiment>
    <Opinions/>
    <text>@DarthClari Stuttgart ist ne schöne Stadt. Ist zwar momentan ne riesige Baustelle mittendrin aber naja, sonst schick.</text>
  </Document>
  <Document id="781869143263944705">
    <relevance>false</relevance>
    <sentiment>neutral</sentiment>
    <Opinions/>
    <text>@Martina0169 Ellikater macht was aus der Baustelle!</text>
  </Document>
  <Document id="791048730891911169">
    <relevance>false</relevance>
    <sentiment>neutral</sentiment>
    <Opinions/>
    <text>Hat Fahrern in der Nähe geholfen, mit der Meldung baustelle auf Favoritenstraße, Wien mit @waze - Fahre Sozial. https://t.co/IpwKX0eKCM</text>
  </Document>
  <Document id="791143891206545408">
    <relevance>false</relevance>
    <sentiment>neutral</sentiment>
    <Opinions/>
    <text>Wo ist die heutige Baustelle? &quot;Bayern&quot;  .. zum glück kein langer weg..</text>
  </Document>
  <Document id="812419663103721472">
    <relevance>false</relevance>
    <sentiment>neutral</sentiment>
    <Opinions/>
    <text>Zu der späten Stunde immer noch auf der Baustelle! Aber mit den guten Bier geht es gut!</text>
  </Document>
  <Document id="847085842590040064">
    <relevance>false</relevance>
    <sentiment>neutral</sentiment>
    <Opinions/>
    <text>Anemonen am Weg auf der Fotosafari in Erlenbach. Hier an der Baustelle Bergschwimmbad.</text>
  </Document>
  <Document id="847813957159194625">
    <relevance>false</relevance>
    <sentiment>neutral</sentiment>
    <Opinions/>
    <text>@sladade @sufloese Weil Holm vorsätzlich d Arbeitgeber getäuscht hat. Aber das ist eine andere Baustelle. Außerdem hat man ja mit 30 K € Sachschaden (1/2)</text>
  </Document>
  <Document id="875745901347835906">
    <relevance>false</relevance>
    <sentiment>neutral</sentiment>
    <Opinions/>
    <text>@DerHoobs Sei froh. In Mainz ist das momentan täglicher Standard. Die Innenstadt besteht aus einer einzigen grossen Baustelle.</text>
  </Document>
  <Document id="885212767137009668">
    <relevance>false</relevance>
    <sentiment>neutral</sentiment>
    <Opinions/>
    <text>A4: Meine große Baustelle: DIE EMAILS! :D Ich bin sonst recht gut organisiert, aber mein Postfach ist mein Kryptonit manchmal. #blogst</text>
  </Document>
  <Document id="902576949876412416">
    <relevance>false</relevance>
    <sentiment>neutral</sentiment>
    <Opinions/>
    <text>Kein Blitzer, aber Unfall auf der b27 im Baustellen Bereich von Tübingen Richtung Stuttgart. Staut sich auf der... https://t.co/qJHoVGnAdO</text>
  </Document>
  <Document id="926043675876118528">
    <relevance>false</relevance>
    <sentiment>neutral</sentiment>
    <Opinions/>
    <text>Mit krankem Kind zuhause heißt auch, die neueste Großbaustelle auf Arbeit nicht besichtigen und einschätzen zu können...</text>
  </Document>
  <Document id="936342631268995073">
    <relevance>false</relevance>
    <sentiment>neutral</sentiment>
    <Opinions/>
    <text>@Telekom_hilft Liegt daran dass eine baustelle ein kabel gekappt hat, aber wäre sehr dankbar wenn das so schnell wie möglich wieder funktionieren würde</text>
  </Document>
  <Document id="959113742788300801">
    <relevance>false</relevance>
    <sentiment>neutral</sentiment>
    <Opinions/>
    <text>#Handy #iPhone und Co.: Galaxy Tab Active 2 im Test: Mittelklasse-Tablet für die Baustelle - https://t.co/n1xyFhzTIZ- https://t.co/4YukyOp9U3</text>
  </Document>
  <Document id="973552508554661889">
    <relevance>false</relevance>
    <sentiment>neutral</sentiment>
    <Opinions/>
    <text>Die Baustelle des Wohnprojekts „winkler park“ der GWG - Gemeinnützige Wohnungsgesellschaft der Stadt Linz GmbH – kann man über die Webcam beobachten https://t.co/ZetyeX1xEM</text>
  </Document>
  <Document id="975962502264770561">
    <relevance>false</relevance>
    <sentiment>neutral</sentiment>
    <Opinions/>
    <text>#Stau auf der #B101 ab #Heinersdorf bis zur Berliner Stadtgrenze. +20Min., (Baustelle, nur eine Spur frei)</text>
  </Document>
  <Document id="978244324788858882">
    <relevance>false</relevance>
    <sentiment>neutral</sentiment>
    <Opinions/>
    <text>P. Köster: Kabinenpredigt: Tuchel verbockt - und eine riesengroße Baustelle im Hintergrund… https://t.co/n7I36GDvx4</text>
  </Document>
  <Document id="998798972985794560">
    <relevance>false</relevance>
    <sentiment>neutral</sentiment>
    <Opinions/>
    <text>Nach der Bedrohung von Polizisten im Privatleben muß natürlich eine rechte Baustelle aufgemacht werden.Ablenkung. https://t.co/uHH0WZOkmX</text>
  </Document>
  <Document id="1030661899988492288">
    <relevance>false</relevance>
    <sentiment>neutral</sentiment>
    <Opinions/>
    <text>⭐ Zentrale Autobahnverwaltung: Baustellen auf Autobahnen und Brücken – Milliardenprojekten droht der Stillstand ⭐ Mehr hier ➡ https://t.co/5DUC4uXBCy ⬅ https://t.co/uVYjZku77e</text>
  </Document>
  <Document id="1041325910916562944">
    <relevance>false</relevance>
    <sentiment>neutral</sentiment>
    <Opinions/>
    <text>Marvel's Spider Man #19 (Gameplay) - Action auf der Baustelle: https://t.co/fxzl08c3ZB über @YouTube</text>
  </Document>
  <Document id="858016034300854273">
    <relevance>false</relevance>
    <sentiment>neutral</sentiment>
    <Opinions/>
    <text>Atomkraftwerke: Die teuerste Baustelle des Jahrhunderts https://t.co/d1qXozGp8i</text>
  </Document>
  <Document id="867868422234943488">
    <relevance>false</relevance>
    <sentiment>neutral</sentiment>
    <Opinions/>
    <text>RT @PeterZeplin: @barrier_systems immer noch nicht &quot; genug &quot; Baustellen? noch nicht genug Stau ??</text>
  </Document>
  <Document id="883026894370811906">
    <relevance>false</relevance>
    <sentiment>neutral</sentiment>
    <Opinions/>
    <text>Fernsehbilder bei @n24 zeigen mehrere Vermummte, die auf einer Straße aus #Baustellen-Absperrungen und Baumaterialien Barrikaden bauen.</text>
  </Document>
  <Document id="977538465905639424">
    <relevance>false</relevance>
    <sentiment>neutral</sentiment>
    <Opinions/>
    <text>Warnbake an Baustelle gestohlen - https://t.co/eDSu3FJGb8</text>
  </Document>
  <Document id="1028517688585449472">
    <relevance>false</relevance>
    <sentiment>neutral</sentiment>
    <Opinions/>
    <text>Schön alles mir egal, nicht meine Baustelle ,i move on.</text>
  </Document>
  <Document id="660148662052392960">
    <relevance>false</relevance>
    <sentiment>neutral</sentiment>
    <Opinions/>
    <text>#fickvideo #sexvideo Public Piss: wir brachten ihn zur Baustelle,....setzten ihn auf einen... https://t.co/sa5DFFOsw3 #amateurvideos #sex</text>
  </Document>
  <Document id="671635430228512768">
    <relevance>false</relevance>
    <sentiment>neutral</sentiment>
    <Opinions/>
    <text>Hat Fahrern in der Nähe geholfen, mit der Meldung baustelle auf B19 - Kantstraße, Würzburg mit @waze - Fahre Sozial. https://t.co/FTZZAHqNdX</text>
  </Document>
  <Document id="690053804880957440">
    <relevance>false</relevance>
    <sentiment>neutral</sentiment>
    <Opinions/>
    <text>Mega-Baustelle in Düsseldorf - Vom Trümmerhaufen bis zum Ende der Großsperrung https://t.co/lx82phK00z</text>
  </Document>
  <Document id="721946796411523073">
    <relevance>false</relevance>
    <sentiment>neutral</sentiment>
    <Opinions/>
    <text>Und zwar sehr, sehr laut auf der Baustelle Georgstraße 26 2. Stock rechts! 🤓 - hört AngelFlayeR</text>
  </Document>
  <Document id="739755379614179328">
    <relevance>false</relevance>
    <sentiment>neutral</sentiment>
    <Opinions/>
    <text>Eine Baustelle fertig</text>
  </Document>
  <Document id="796817233737555968">
    <relevance>false</relevance>
    <sentiment>neutral</sentiment>
    <Opinions/>
    <text>@FelixBonn ich fand meinen als er zwei Wochen alt war auf einer Baustelle. Trug ihn drei Wochen unterm T-Shirt mit mir rum.</text>
  </Document>
  <Document id="850393526303117313">
    <relevance>false</relevance>
    <sentiment>neutral</sentiment>
    <Opinions/>
    <text>RT @inFranken: Eskalation an A73-Baustelle bei Forchheim: Lasterfahrer schlägt mit Eisenstange zu https://t.co/qPlWzZuaEK (sr) #Stau #A73 #…</text>
  </Document>
  <Document id="895295213710835712">
    <relevance>false</relevance>
    <sentiment>neutral</sentiment>
    <Opinions/>
    <text>Darf mich an ner Baustelle hinstellen, Geld muß wohl weg, Straße 100% in Ordnung, wird nach halbem Jahr wieder aufgerissen - kotze 😨</text>
  </Document>
  <Document id="954020859387236357">
    <relevance>false</relevance>
    <sentiment>neutral</sentiment>
    <Opinions/>
    <text>RT @PiraToRo: Auf dem Brühl versucht ein gebürtiger Ire Styroporkügelchen von einer Baustelle aufzufegen. Ich eröffne eine neue Kategorie d…</text>
  </Document>
  <Document id="897429233135476738">
    <relevance>false</relevance>
    <sentiment>neutral</sentiment>
    <Opinions/>
    <text>RT @Stadt_BS: Baustelle Rebenring: Ab 17.08. sind die beiden Fahrspuren zwischen Heimbs und Mittelweg Richtung Hamburger Str. wieder frei.…</text>
  </Document>
  <Document id="1004699730792927232">
    <relevance>false</relevance>
    <sentiment>neutral</sentiment>
    <Opinions/>
    <text>Es rumpelt und knarzt auf der Baustelle in Tippspielhausen. https://t.co/zPIpBUL0yy</text>
  </Document>
  <Document id="1036529295122997248">
    <relevance>false</relevance>
    <sentiment>neutral</sentiment>
    <Opinions/>
    <text>@HolgerEwald1 Tatsächlich? Sind die &quot;Damen&quot; und &quot;Herren&quot;  des #Bundestag plötzlich aus dem Winterschlaf erwacht? Wie lange wird schon am #BER gebaut? Und um wie viel sind die Kosten schon überzogen? Wie eine Baustelle der Mafia!</text>
  </Document>
  <Document id="1048521227550306307">
    <relevance>false</relevance>
    <sentiment>neutral</sentiment>
    <Opinions/>
    <text>Und die Verkehrsnachrichten: A8 Karlsruhe Richtung München Stau, Stau, Baustelle, stop n go, Stau und alle bekloppt!  Nun zum Wetter... #spassaufderautobahn</text>
  </Document>
  <Document id="1076113147516387328">
    <relevance>false</relevance>
    <sentiment>neutral</sentiment>
    <Opinions/>
    <text>Wesel: Archäologen begleiten Großbaustelle https://t.co/H3GMQ90bIA via @rponline</text>
  </Document>
  <Document id="643111916899074048">
    <relevance>false</relevance>
    <sentiment>neutral</sentiment>
    <Opinions/>
    <text>Hat Fahrern in der Nähe geholfen, mit der Meldung baustelle auf Bahnhofstrasse, Wangen SZ mit @waze - Fahre Sozial. https://t.co/TaGxN3OItO</text>
  </Document>
  <Document id="706845398665666560">
    <relevance>false</relevance>
    <sentiment>neutral</sentiment>
    <Opinions/>
    <text>Wir hatten heute ein sehr gutes Treffen mit @henninghoene in der PSG-Baustelle in Dülmen: #Freiräume #U28 #Jugendbildungsstätten</text>
  </Document>
  <Document id="725943224473247744">
    <relevance>false</relevance>
    <sentiment>neutral</sentiment>
    <Opinions/>
    <text>Unternehmenspräsentation Köster GmbH – Baustelle Steigerwald https://t.co/k17JF4w5pp</text>
  </Document>
  <Document id="731108863269863424">
    <relevance>false</relevance>
    <sentiment>neutral</sentiment>
    <Opinions/>
    <text>Stau - A48 Koblenz rtg Dernbach vor dem Dernbacher Dreieck sowie A3 rtg Frankfurt vor der Baustelle Montabaur.</text>
  </Document>
  <Document id="766567019252707328">
    <relevance>false</relevance>
    <sentiment>neutral</sentiment>
    <Opinions/>
    <text>RT @Dresden_Meldung: Baustelle Kulturpalast Dresden aktuell https://t.co/wXIeCxNnOE #Dresden</text>
  </Document>
  <Document id="773757308912472064">
    <relevance>false</relevance>
    <sentiment>neutral</sentiment>
    <Opinions/>
    <text>Pendler leiden unter der Großbaustelle auf der A3 bei Obertshausen. Ein Ende der Staus ist nicht in Sicht. #Hessen https://t.co/rM3KtINKO0</text>
  </Document>
  <Document id="855392986150076417">
    <relevance>false</relevance>
    <sentiment>neutral</sentiment>
    <Opinions/>
    <text>#Stau auf der A7: A7 Hamburg Richtung Hannover zwischen Westenholz und Schwarmstedt 4 km stockend in der Baustelle, Stau beendet</text>
  </Document>
  <Document id="869129387018522624">
    <relevance>false</relevance>
    <sentiment>neutral</sentiment>
    <Opinions/>
    <text>Weitere Baustelle bei #Lehrermaßnahmenpaket: Viele #Schulleitungsämter in #Sachsen sind unbesetzt https://t.co/A3RgAxs0Bb</text>
  </Document>
  <Document id="871717334297260036">
    <relevance>false</relevance>
    <sentiment>neutral</sentiment>
    <Opinions/>
    <text>ÖAMTC meldet: Sibratsgfäll in beiden Richtungen beide Fahrtrichtungen gesperrt, Baustelle, Dauer: 07.06.2017 07:30… https://t.co/61Srnc2i2M</text>
  </Document>
  <Document id="888027398154973184">
    <relevance>false</relevance>
    <sentiment>neutral</sentiment>
    <Opinions/>
    <text>Neuer Beitrag: &quot;POL-UL: (GP) Geislingen - Einbrecher auf Baustelle / Unbekannte stahlen in der vergangenen Nacht Werkzeug von einer Baustel…</text>
  </Document>
  <Document id="892733062009806849">
    <relevance>false</relevance>
    <sentiment>neutral</sentiment>
    <Opinions/>
    <text>Diese Baustelle in Kulmbach nervt nicht lange https://t.co/yprVUubIEa #Straßenausbaubeitrag</text>
  </Document>
  <Document id="899948087053045760">
    <relevance>false</relevance>
    <sentiment>neutral</sentiment>
    <Opinions/>
    <text>Baustelle B318 dauert länger: https://t.co/u9u9y1NSWo - #Tegernsee - August 22, 2017 at 12:48PM by @RabePaul</text>
  </Document>
  <Document id="931199234375933953">
    <relevance>false</relevance>
    <sentiment>neutral</sentiment>
    <Opinions/>
    <text>A22, Donauufer-AB, FR Stockerau, zw. Korneuburg u. Stockerau, zäher Verkehr (Baustelle) #verkehr</text>
  </Document>
  <Document id="935789568707776512">
    <relevance>false</relevance>
    <sentiment>neutral</sentiment>
    <Opinions/>
    <text>Die #digitale #Revolution erreicht die Baustelle! @Grossdietwil jetzt am #FuWForum #Industrie 4.0 @Impleniatweet https://t.co/HOEbuehUdn</text>
  </Document>
  <Document id="972110271979360256">
    <relevance>false</relevance>
    <sentiment>neutral</sentiment>
    <Opinions/>
    <text>POL-DA: Gernsheim: Kriminelle auf Großbaustelle https://t.co/cts8Bj62MP</text>
  </Document>
  <Document id="974336501113868288">
    <relevance>false</relevance>
    <sentiment>neutral</sentiment>
    <Opinions/>
    <text>RT @HAZ: Mehr als 30 #Baustellen kommen 2018 auf #Hannover zu. Eine Übersicht der wichtigsten Bauarbeiten findet ihr auf unserer interaktiv…</text>
  </Document>
  <Document id="1052854905323573248">
    <relevance>false</relevance>
    <sentiment>neutral</sentiment>
    <Opinions/>
    <text>@Taddl Bei mir vom haus ist nh reisen Baustelle und da ich mit offenem Fenster schlaf und ferien hab werd ich immer um 7 Uhr geweckt 😒</text>
  </Document>
  <Document id="885441601266475008">
    <relevance>false</relevance>
    <sentiment>neutral</sentiment>
    <Opinions/>
    <text>Letztes grosses Turmschulen-Sommerfest  auf dem &quot;altem&quot; Schulhof -  Ab Montag Baustelle... https://t.co/W4EMVfuUnz</text>
  </Document>
  <Document id="743834964450508800">
    <relevance>false</relevance>
    <sentiment>neutral</sentiment>
    <Opinions/>
    <text>Was macht eigentlich eine #Baustellenampel auf der Straße, wenn da keine Baustelle ist? #verlaufen ?</text>
  </Document>
  <Document id="928687892603572224">
    <relevance>false</relevance>
    <sentiment>neutral</sentiment>
    <Opinions/>
    <text>Bis voraussichtlich Ende November 2017 soll hier und an der L77 der ursprüngliche Zustand wiederhergestellt werden. Deshalb werden ab sofort täglich rund 80 bis 100 Lkw die Baustelle anfahren,um das Bodenmaterial aufzuladen und abzutransportieren.#Rastatt  https://t.co/zQO1sQ9DWr https://t.co/j8zoUp3nGZ</text>
  </Document>
  <Document id="751362677197402112">
    <relevance>false</relevance>
    <sentiment>neutral</sentiment>
    <Opinions/>
    <text>die baustelle an meiner straße wurde abgeschlossen! nach einem jahr! und auf einmal ist hier voll viel verkehr.</text>
  </Document>
  <Document id="910491680322842626">
    <relevance>false</relevance>
    <sentiment>neutral</sentiment>
    <Opinions/>
    <text>#A13 Ri. #DD, Baustellenstau zw. #Teupitz &amp; #Baruth, +10´ Zeitverlust</text>
  </Document>
  <Document id="1034894305746460672">
    <relevance>false</relevance>
    <sentiment>neutral</sentiment>
    <Opinions/>
    <text>RT @Muelheim_Ruhr: Baustellen nerven. 🚧 Aber hier sind wir bald fertig 👍  Bis dahin sind allerdings noch einige Umleitungen notwendig und a…</text>
  </Document>
  <Document id="1011684674983342080">
    <relevance>false</relevance>
    <sentiment>neutral</sentiment>
    <Opinions/>
    <text>Viel befahrene Kreuzung in Eimsbüttel wird zur Großbaustelle https://t.co/fnu4uWLj5m https://t.co/IeRRs2IdI6</text>
  </Document>
  <Document id="1019677384428130304">
    <relevance>false</relevance>
    <sentiment>neutral</sentiment>
    <Opinions/>
    <text>@gnocchi_mane @ichbinfiddy @krehlin das is hier ne baustelle für vollidioten</text>
  </Document>
  <Document id="1023791556988481537">
    <relevance>false</relevance>
    <sentiment>neutral</sentiment>
    <Opinions/>
    <text>Auf der Konrad-Wolf-Str. in Alt-#Hohenschönhausen beginnt eine #Baustelle: Richtung Hohenschönhauser Str. gibt es zwischen Suermondtstr. und Oberseestr. bis Mitte 11/18 nur 1 Spur. Auf der Hauptstr. muss vor der Konrad-Wolf-Str. Fläche zur Materiallagerung abgesperrt werden.</text>
  </Document>
  <Document id="1029684749776904192">
    <relevance>false</relevance>
    <sentiment>neutral</sentiment>
    <Opinions/>
    <text>A1: Stau  A1 Lübeck Richtung Hamburg zwischen Kreuz Hamburg-Ost und Kreuz Hamburg-Süd 10 km stockender Verkehr wegen einer Tagesbaustelle</text>
  </Document>
  <Document id="702854275295289344">
    <relevance>false</relevance>
    <sentiment>neutral</sentiment>
    <Opinions/>
    <text>RT @DieNachrichten: Islamfeindliche Attacke in Leipzig: Totes Schwein mit &quot;Mutti Merkel&quot;-Aufschrift an Moschee-Baustelle abgelegt https://t…</text>
  </Document>
  <Document id="713111678703906817">
    <relevance>false</relevance>
    <sentiment>neutral</sentiment>
    <Opinions/>
    <text>Zoll nimmt Gerüstbauer ins Visier: Schwarzarbeit: Jede dritte Baustelle in ... - Abendzeitun... https://t.co/61XZVE3Zva #Muenchen #Munich</text>
  </Document>
  <Document id="729911716553871360">
    <relevance>false</relevance>
    <sentiment>neutral</sentiment>
    <Opinions/>
    <text>Guten Morgen, Baustelle.</text>
  </Document>
  <Document id="756556368954298368">
    <relevance>false</relevance>
    <sentiment>neutral</sentiment>
    <Opinions/>
    <text>Ampelschaltung: Am Engelplatz sind Autofahrer und Fußgänger irritiert: An der Baustelle am Engelplatz sind  A... https://t.co/MYEKRlZzfT</text>
  </Document>
  <Document id="912550177239633920">
    <relevance>false</relevance>
    <sentiment>neutral</sentiment>
    <Opinions/>
    <text>Eine Baustelle nur für Anwohner des 1. Bezirk? Ein Ende ohne Anfang? Ein Halteverbot ohne Bescheid? Geht das @LPDWien? https://t.co/8dSDt9z1D9</text>
  </Document>
  <Document id="953616287451828224">
    <relevance>false</relevance>
    <sentiment>neutral</sentiment>
    <Opinions/>
    <text>Das Museumsufer in #Goslar wird zur Baustelle. #Stadtentwicklung https://t.co/7ZsDSpR3gJ</text>
  </Document>
  <Document id="975239301645598721">
    <relevance>false</relevance>
    <sentiment>neutral</sentiment>
    <Opinions/>
    <text>#GERMAY #POLICE REPORTS broadcast by #EMET_NEWS_PRESS: POL-OH: Unfall in der Baustelle A7 - Fahrer schwer verletzt - Polizeipräsidium Osthessen [Newsroom] Bad Hersfeld (ots) - Am Sonntag, 18.03.2018, kam es gegen 00:10 Uhr auf der BAB A7, Fulda - Kass... https://t.co/DNml45WK2G</text>
  </Document>
  <Document id="976443366094376960">
    <relevance>false</relevance>
    <sentiment>neutral</sentiment>
    <Opinions/>
    <text>Besuch auf der Baustelle | Let's Play Togheter Minecraft #014 Deutsch HD: https://t.co/NemHdIoG4B via @YouTube</text>
  </Document>
  <Document id="977597784164618240">
    <relevance>false</relevance>
    <sentiment>neutral</sentiment>
    <Opinions/>
    <text>@jooobi @FahrradstadtMS @vonjosbach @ameisenmensch @Lasse_MS @wiebkeborgers @DieWiedertaufer Diese Baustellenserie an der Hammer Straße mit Ihren tausend Schildern auf dem Radweg ist sowieso höchst nervig. 🚧</text>
  </Document>
  <Document id="979002993348558848">
    <relevance>false</relevance>
    <sentiment>neutral</sentiment>
    <Opinions/>
    <text>Ein spannender Film für Kinder und Kleinkinder wie auf einer Baustelle ein Haus gebaut wird. https://t.co/x6tWSn9E7W</text>
  </Document>
  <Document id="996624246867742720">
    <relevance>false</relevance>
    <sentiment>neutral</sentiment>
    <Opinions/>
    <text>I'm at Baustelle Humboldthafen in Berlin, BERLIN https://t.co/JD0FOLWoo5</text>
  </Document>
  <Document id="972009865924227072">
    <relevance>false</relevance>
    <sentiment>neutral</sentiment>
    <Opinions/>
    <text>RT @jdoeschner: #SchachtKonrad: Endlose #Endlager-Baustelle - Endlager für schwach- u mittelradioaktive Abfälle wird frühestens 2027 fertig…</text>
  </Document>
  <Document id="724167530084982784">
    <relevance>false</relevance>
    <sentiment>neutral</sentiment>
    <Opinions/>
    <text>Baustelle at home https://t.co/hX9KCQ5yxP</text>
  </Document>
  <Document id="726094215403462656">
    <relevance>false</relevance>
    <sentiment>neutral</sentiment>
    <Opinions/>
    <text>Großbaustelle auf der A2: Staugefahr  Kreis Peine. Achtung Autofahrer: Ab Montag drohen wieder lange Staus auf... https://t.co/BTfBM5XDK6</text>
  </Document>
  <Document id="906878580029902850">
    <relevance>false</relevance>
    <sentiment>neutral</sentiment>
    <Opinions/>
    <text>@Plebtend Ne ausgeschlafen ist eine andere Baustelle XD</text>
  </Document>
  <Document id="910165170466492417">
    <relevance>false</relevance>
    <sentiment>neutral</sentiment>
    <Opinions/>
    <text>RT @Von_Kuntergrau: Ich bin übrigens die, die auf der Baustelle laut 'Bad Company' grölt, während sie tapeziert. Mit Gitarrensolo.  Besucht…</text>
  </Document>
  <Document id="966966287799857152">
    <relevance>false</relevance>
    <sentiment>neutral</sentiment>
    <Opinions/>
    <text>@takoyangi @taashaa8 @IsabelChoiBF Nicht bei einem Couchpotato wie mir. Etwas Talent muss schon zu sehen, aber bin eher ein Kohlestück als ein Rohdiamant. Wenn's nur Schule und kein Abschluss, dann würde ich es wagen, aber den ganzen Tag auf der Baustelle ist dann doch zu heftig.</text>
  </Document>
  <Document id="985782369616580608">
    <relevance>false</relevance>
    <sentiment>neutral</sentiment>
    <Opinions/>
    <text>In wenigen Tagen findet die  INTERMODELLBAU Dortmund 2018 statt.Eine ungewöhnliche Show werden dort die Roadworker präsentieren. Die brandneue Show &quot;Build it! - Ein normaler Tag auf der Baustelle&quot; stellt... https://t.co/D0PInmbqsY</text>
  </Document>
  <Document id="1049732498140405761">
    <relevance>false</relevance>
    <sentiment>neutral</sentiment>
    <Opinions/>
    <text>Morgen findet ein Probealarm auf der Baustelle des Parlaments statt 📢 https://t.co/DgAjyLha8s</text>
  </Document>
  <Document id="1075662761424809984">
    <relevance>false</relevance>
    <sentiment>neutral</sentiment>
    <Opinions/>
    <text>@jumogoh @calien_666 @a_christoph @ralphruthe Sind die meisten 2-spurigen Autobahnen nicht sowieso beschränkt?  Ich denke wichtig wäre, dass das Rechtsfahrgebot von allein eingehalten wird, dass es ein Tempolimit weit unter 200km/h gibt und Baustellen besser geplant werden.  So würden alle schneller ankommen, trotz Limit.</text>
  </Document>
  <Document id="649098255058497536">
    <relevance>false</relevance>
    <sentiment>neutral</sentiment>
    <Opinions/>
    <text>#Verkehr: Wedding, Seestr. Richtung A100 Stadtring, vor Dohnagestell, #GASAG-Baustelle, 1 Spur gesperrt bis 09.10.2015, STAU + 30 Minuten</text>
  </Document>
  <Document id="649228772605067264">
    <relevance>false</relevance>
    <sentiment>neutral</sentiment>
    <Opinions/>
    <text>Einfacher Zugang, einfaches Handling - welch' eine Baustelle für Bibliotheken #usability #accessibility #UX #library #info #reference</text>
  </Document>
  <Document id="680885189799755776">
    <relevance>false</relevance>
    <sentiment>neutral</sentiment>
    <Opinions/>
    <text>@Lapizistik @malokindpub den Unterschied zwischen Sex und gender an 1. Stelle der &quot;respektvollen Sprache&quot; Finde ich unpassend. Baustelle..</text>
  </Document>
  <Document id="701820946236051456">
    <relevance>false</relevance>
    <sentiment>neutral</sentiment>
    <Opinions/>
    <text>Verkehrsbehinderungen auf der Karli: Wegen einer Baustelle der Leipziger Wasserwerke kommt es zu Behinderungen... https://t.co/WLxi4hOKjR</text>
  </Document>
  <Document id="731078085022482432">
    <relevance>false</relevance>
    <sentiment>neutral</sentiment>
    <Opinions/>
    <text>RT @AndreaBielfeldt: Und auch die letzte Baustelle ist nun abgefrühstückt!  Das Taschenbuch ist ab sofort auf #Amazon erhältlich :)... http…</text>
  </Document>
  <Document id="731984274287673345">
    <relevance>false</relevance>
    <sentiment>neutral</sentiment>
    <Opinions/>
    <text>@julienco_ lebe seit februar auf ner baustelle also i feel you 😂😂</text>
  </Document>
  <Document id="770568704006512640">
    <relevance>false</relevance>
    <sentiment>neutral</sentiment>
    <Opinions/>
    <text>Zum Glück hat jetzt der 3. direkte Nachbar seine Baustelle eröffnet, das Jahr 2016 geht als fröhliches Handwerkskonzert in die Annalen.</text>
  </Document>
  <Document id="828618642287894531">
    <relevance>false</relevance>
    <sentiment>neutral</sentiment>
    <Opinions/>
    <text>@Poebel_Bot Falsche Baustelle Ihrerseits.</text>
  </Document>
  <Document id="1009015976673722368">
    <relevance>false</relevance>
    <sentiment>neutral</sentiment>
    <Opinions/>
    <text>FW-D: Zwei verschüttete Bauarbeiter auf einer Baustelle https://t.co/k9a7xz5qez</text>
  </Document>
  <Document id="1009481224849633281">
    <relevance>false</relevance>
    <sentiment>neutral</sentiment>
    <Opinions/>
    <text>Ich mag das @YouTube-Video: https://t.co/9WEnQyD6MC HYUNDAI 380LC BAGGER BAUSTELLE IN EINKAUFSTRASSE ABBRUCH / excavator tearing down</text>
  </Document>
  <Document id="1031798423090016256">
    <relevance>false</relevance>
    <sentiment>neutral</sentiment>
    <Opinions/>
    <text>Neue Großbaustelle auf B 156 in Sicht? https://t.co/4Ajh9nRYG4</text>
  </Document>
  <Document id="1038668863846723584">
    <relevance>false</relevance>
    <sentiment>neutral</sentiment>
    <Opinions/>
    <text>A1: Baustelle               A1 Bremen Richtung Hamburg Die Einfahrt Hamburg-Harburg ist wegen Bauarbeiten bis heute Mittag gesperrt</text>
  </Document>
  <Document id="1055540596402724865">
    <relevance>false</relevance>
    <sentiment>neutral</sentiment>
    <Opinions/>
    <text>Auf der Baustelle wird anscheinend nur DEUTSCH gesprochen. .. #beissmann #fpö #fpöfails https://t.co/p3jb3B1VML</text>
  </Document>
  <Document id="642049934934433792">
    <relevance>false</relevance>
    <sentiment>neutral</sentiment>
    <Opinions/>
    <text>Schulweg für «Mühlehölzler» wird sicherer: VADUZ – Im Rahmen der privaten Baustelle «Oberes M... http://t.co/7dnUfiL9Im #presseportal_li</text>
  </Document>
  <Document id="662142095516237824">
    <relevance>false</relevance>
    <sentiment>neutral</sentiment>
    <Opinions/>
    <text>Der Rummel richtet sich am Hafen ein: Der Jahrmarkt naht, und wegen der Baustelle an der Inselhalle werden die... https://t.co/ixuYb5N093</text>
  </Document>
  <Document id="682249423666196480">
    <relevance>false</relevance>
    <sentiment>neutral</sentiment>
    <Opinions/>
    <text>Hat Fahrern in der Nähe geholfen, mit der Meldung baustelle auf A23 - E461 mit @waze - Fahre Sozial. https://t.co/CcQNpLfEct</text>
  </Document>
  <Document id="730853340762886144">
    <relevance>false</relevance>
    <sentiment>neutral</sentiment>
    <Opinions/>
    <text>#Warnung: Baustelle auf der A7: und A 7 Kassel Richtung Hannover Zwischen Northeim-Nord und Hildesheim gibt e... https://t.co/DMP4VbMTEP</text>
  </Document>
  <Document id="733611661668548609">
    <relevance>false</relevance>
    <sentiment>neutral</sentiment>
    <Opinions/>
    <text>ÖAMTC meldet: Autobahnknoten Prater Es ist nur ein Fahrstreifen frei, Höchstgeschwindigkeit: 60 km/h, Baustelle… https://t.co/t3Nsnq0UCC</text>
  </Document>
  <Document id="737166757895507968">
    <relevance>false</relevance>
    <sentiment>neutral</sentiment>
    <Opinions/>
    <text>Was gibt es schöneres als morgens von einer behaarten Männerarschritze auf der Baustelle willkommen geheißen zu werden?  *Stift fällt</text>
  </Document>
  <Document id="757482115034390528">
    <relevance>false</relevance>
    <sentiment>neutral</sentiment>
    <Opinions/>
    <text>RT @KoelnischeR: Im Rhein-Erft-Kreis gibt es derzeit zwei Baustellen, an denen Autofahrer sich täglich in Geduld üben müssen. https://t.co/…</text>
  </Document>
  <Document id="773536352512139264">
    <relevance>false</relevance>
    <sentiment>neutral</sentiment>
    <Opinions/>
    <text>Rising World S2E072 -  Endlich geht es auf unserer Baustelle weiter. Wir sind zurück in der Rising World. https://t.co/xNEcJYoAA7</text>
  </Document>
  <Document id="790506869093793793">
    <relevance>false</relevance>
    <sentiment>neutral</sentiment>
    <Opinions/>
    <text>Blick auf die Baustelle. Die Installation der Lüftung beginnt gerade. Jetzt anmelden und Eröffnungsangebot sichern… https://t.co/3gXAdj834d</text>
  </Document>
  <Document id="793187680649678848">
    <relevance>false</relevance>
    <sentiment>neutral</sentiment>
    <Opinions/>
    <text>RT @Mac_Life: Apple Campus 2: So sieht die Baustelle jetzt aus https://t.co/AhSwOM7rv1</text>
  </Document>
  <Document id="796976296332886016">
    <relevance>false</relevance>
    <sentiment>neutral</sentiment>
    <Opinions/>
    <text>#Stau auf der A1: Auf der A1 Bremen Richtung Hamburg ist zwischen Hamburg-Harburg und Stillhorn wegen einer Tagesbaustelle nur eine Spur…</text>
  </Document>
  <Document id="798904713584332800">
    <relevance>false</relevance>
    <sentiment>neutral</sentiment>
    <Opinions/>
    <text>Ich versuche, meine Megapolis mit einem Gebäude zu verschönern: Sägemühle-Baustelle – aber ich habe nicht genug... https://t.co/wk2U9zq4j2</text>
  </Document>
  <Document id="804736332941721600">
    <relevance>false</relevance>
    <sentiment>neutral</sentiment>
    <Opinions/>
    <text>@SPIEGELONLINE Hurra noch mehr Baustellen die erst fertig werden wenn wir in Rente sind 🙄</text>
  </Document>
  <Document id="808811292215668740">
    <relevance>false</relevance>
    <sentiment>neutral</sentiment>
    <Opinions/>
    <text>Lintorf - Langzeit-Baustelle nervt Autofahrer https://t.co/8AuazTx6Bt</text>
  </Document>
  <Document id="830162851226644482">
    <relevance>false</relevance>
    <sentiment>neutral</sentiment>
    <Opinions/>
    <text>Eine Baustelle ist 3 Tage früher fertig geworden. Das ist nicht mehr mein Berlin.</text>
  </Document>
  <Document id="837950353807192064">
    <relevance>false</relevance>
    <sentiment>neutral</sentiment>
    <Opinions/>
    <text>@Alkadis Parken am besten an der Schule am Ende der Baustelle. Und dann quer durch den Park Richtung Volkshochschule.</text>
  </Document>
  <Document id="843500112433336321">
    <relevance>false</relevance>
    <sentiment>neutral</sentiment>
    <Opinions/>
    <text>Hat Fahrern in der Nähe geholfen, mit der Meldung baustelle auf A2 - E59 mit @waze - Fahre Sozial. https://t.co/36HZY8vxVz</text>
  </Document>
  <Document id="872181569146015745">
    <relevance>false</relevance>
    <sentiment>neutral</sentiment>
    <Opinions/>
    <text>Aktuelle #Baustellen -Infos aus dem #Sonnwendviertel #wien .  Baustelle #construction #Baufelder #Stadtplanung https://t.co/to39JdCUZm</text>
  </Document>
  <Document id="878233980343955456">
    <relevance>false</relevance>
    <sentiment>neutral</sentiment>
    <Opinions/>
    <text>A23, Südosttangente, FR Kagran, im gesamten Verlauf, Stau  (Unfall, Baustelle) #verkehr</text>
  </Document>
  <Document id="895911955793399808">
    <relevance>false</relevance>
    <sentiment>neutral</sentiment>
    <Opinions/>
    <text>Es geht wieder ans Werk 🕳 #sommerbaustelle #bauarbeiten #sperren https://t.co/pngyfRVvEQ</text>
  </Document>
  <Document id="897392637241692160">
    <relevance>false</relevance>
    <sentiment>neutral</sentiment>
    <Opinions/>
    <text>Abends auf der Baustelle? Zwei Männer beim Bagger-Klau erwischt https://t.co/jzGWg9Mx8U https://t.co/4HVlcnrSYM</text>
  </Document>
  <Document id="903540162197630976">
    <relevance>false</relevance>
    <sentiment>neutral</sentiment>
    <Opinions/>
    <text>Ri­en ne va plus, nichts geht mehr auf Bielefelder Straßen. Seit Wochen wieder die freundlichste Baustelle am Teuto #bielefeld</text>
  </Document>
  <Document id="919945811986919424">
    <relevance>false</relevance>
    <sentiment>neutral</sentiment>
    <Opinions/>
    <text>#Schönefeld:                Von einer Baustelle in der Berthold-Brecht-Straße stahlen im Laufe des vergangenen... https://t.co/NSzAqDOJex</text>
  </Document>
  <Document id="930355985868382209">
    <relevance>false</relevance>
    <sentiment>neutral</sentiment>
    <Opinions/>
    <text>Äähhh...noch eine Großbaustelle in der Stadt? Und... Sozialwohnungen? Dort? OMG.  Hamburger Institution: Das Hanseviertel soll abgerissen werden https://t.co/Ml1MUkRxkU</text>
  </Document>
  <Document id="943976870697209856">
    <relevance>false</relevance>
    <sentiment>neutral</sentiment>
    <Opinions/>
    <text>RT @tanith: nicht das es direkt meine Baustelle wäre, aber was sagt denn der Senat dazu, der die Brüdern so nett pudert? https://t.co/bN2DA…</text>
  </Document>
  <Document id="944466530745532416">
    <relevance>false</relevance>
    <sentiment>neutral</sentiment>
    <Opinions/>
    <text>Die  #SmaRPt Webseite wird redesignt . Die Webseite benutzt #Jekyll v3.6.2  Das Theme ist ein modifiziertes minima mit SEO-tag.  Baustelle !  https://t.co/xFTiM8Ou01</text>
  </Document>
  <Document id="967447733865984006">
    <relevance>false</relevance>
    <sentiment>neutral</sentiment>
    <Opinions/>
    <text>Ich mag das @YouTube-Video: https://t.co/KLtZiqBA40 LIEBHERR + KOMATSU BAGGER MEGA AUTOBAHN BAUSTELLE #71 A7 HAMBURG</text>
  </Document>
  <Document id="976399819811024897">
    <relevance>false</relevance>
    <sentiment>neutral</sentiment>
    <Opinions/>
    <text>POL-HSK: Diebstahl auf einer Baustelle https://t.co/HduN6VWbiM</text>
  </Document>
  <Document id="986333977547034624">
    <relevance>false</relevance>
    <sentiment>neutral</sentiment>
    <Opinions/>
    <text>A3 Würzburg Richtung Nürnberg zwischen #Würzburg/Randersacker und #Rottendorf eine Nachtbaustelle, der rechte und mittlere Fahrstreifen ist gesperrt.  Aktuell 13 km #Stau und #stockender Verkehr ab Würzburg/#Kist, Zeitverlust 25 Minuten.</text>
  </Document>
  <Document id="990960898268385280">
    <relevance>false</relevance>
    <sentiment>neutral</sentiment>
    <Opinions/>
    <text>RT @PolReporter: #Spandau #Hakenfelde: weiterhin sehr starke Rauchentwicklung beim Brand auf einer Baustelle https://t.co/spaJXc8NLb</text>
  </Document>
  <Document id="996748668886814720">
    <relevance>false</relevance>
    <sentiment>neutral</sentiment>
    <Opinions/>
    <text>LPI-GTH: Baustelle auf dem Gelände der LPI Gotha – Erreichbarkeit des Dienstgebäudes für Bürger eingeschränkt https://t.co/FTvmKFEDk8</text>
  </Document>
  <Document id="998454672867450881">
    <relevance>false</relevance>
    <sentiment>neutral</sentiment>
    <Opinions/>
    <text>DerErfurter + Welcome in Erfurt (Thüringen): Ab 3. April 2018: Großbaustelle Marktstraße https://t.co/NSbGcyH8TI</text>
  </Document>
  <Document id="1007251962134491138">
    <relevance>false</relevance>
    <sentiment>neutral</sentiment>
    <Opinions/>
    <text>BIM auf der Baustelle: &quot;Die Übernahme der Planerdaten für die Ausführung durch Monteure hat im Projekt nicht funktioniert. Michael Meier, Fa. Meier-Kopp, BIM-Tagung des SIA</text>
  </Document>
  <Document id="1016690048111177728">
    <relevance>false</relevance>
    <sentiment>neutral</sentiment>
    <Opinions/>
    <text>RT @SAARTEXT: Auf A6 ist ein LKW in die Baustellenbegrenzung auf der Grumbachtalbrücke #Saarland gefahren. Autobahn gesperrt, um ihn abschl…</text>
  </Document>
  <Document id="1023275894020997120">
    <relevance>false</relevance>
    <sentiment>neutral</sentiment>
    <Opinions/>
    <text>Mein Stuttgart die Baustelle. Ein Film von 🙋🏼‍♀️ https://t.co/0d0RVTjK8M</text>
  </Document>
  <Document id="1040542594688798720">
    <relevance>false</relevance>
    <sentiment>neutral</sentiment>
    <Opinions/>
    <text>Nicht unsere Baustelle</text>
  </Document>
  <Document id="1070953003392344064">
    <relevance>false</relevance>
    <sentiment>neutral</sentiment>
    <Opinions/>
    <text>@chirp_p Danke für den Hinweis. Leider können wir momentan personalbedingt nur die Rubrik &quot;aktuellen Baustellen&quot; tatsächlich tagesaktuell pflegen. Es ist aber richtig, dass die Baustelle Kopenhagener Str. dort nicht zu finden ist, da sie aufs Frühjahr verschoben werden musste.</text>
  </Document>
  <Document id="1072440212477894656">
    <relevance>false</relevance>
    <sentiment>neutral</sentiment>
    <Opinions/>
    <text>@OstiOstfriesin @MrsSanta7 Ja. Gibt‘s. 🙈 Ich beneide sie nicht um ihre Baustelle.</text>
  </Document>
  <Document id="671514829723713536">
    <relevance>false</relevance>
    <sentiment>neutral</sentiment>
    <Opinions/>
    <text>Compressed air maintenance unit IRMER ELZE für die Baustelle https://t.co/vWMNZyx9sX</text>
  </Document>
  <Document id="709273791810183168">
    <relevance>false</relevance>
    <sentiment>neutral</sentiment>
    <Opinions/>
    <text>Fertig zum Einfügen, wo Sie es brauchen: Mit &quot;pixx &amp; fertig&quot; bleibt Ihre Website keine ewige Baustelle mehr. https://t.co/TDbVcywpfK</text>
  </Document>
  <Document id="718780514753191936">
    <relevance>false</relevance>
    <sentiment>neutral</sentiment>
    <Opinions/>
    <text>Frühlingsidylle auf der Baustelle im Bad https://t.co/shJB41ErsS #Lausitz</text>
  </Document>
  <Document id="738993568342237184">
    <relevance>true</relevance>
    <sentiment>neutral</sentiment>
    <Opinions/>
    <text>Sobald der Kostenrahmen gesprengt ist, wird niemand die Mehrkosten übernehmen wollen und die Baustelle wird erstmal Ruhen. #S21</text>
  </Document>
  <Document id="756957379967811584">
    <relevance>false</relevance>
    <sentiment>neutral</sentiment>
    <Opinions/>
    <text>Nadelöhr an der Baustelle A19 Noch rollt Verkehr zähflüssig Richtung Ostsee - Nordkurier https://t.co/MeGRXoVOa1</text>
  </Document>
  <Document id="767829184223780864">
    <relevance>false</relevance>
    <sentiment>neutral</sentiment>
    <Opinions/>
    <text>RT @Puddingtyp: Hab jetzt n Schild da steht drauf: &quot;Anlieger bis Baustelle frei&quot;, richtig geil!</text>
  </Document>
  <Document id="790587328737714176">
    <relevance>false</relevance>
    <sentiment>neutral</sentiment>
    <Opinions/>
    <text>Ärger um HSK-Baustellenverkehr in Wiesbaden: Zufahrt nun über Parkplatz und Grünfläche? - https://t.co/skt5RCIyT5</text>
  </Document>
  <Document id="819943788516962304">
    <relevance>false</relevance>
    <sentiment>neutral</sentiment>
    <Opinions/>
    <text>@Hundebedarf Mit der Baustelle,ist abgeschlossen</text>
  </Document>
  <Document id="826056192132788228">
    <relevance>false</relevance>
    <sentiment>neutral</sentiment>
    <Opinions/>
    <text>Dorfjugend kommt zum Zaun meiner Baustelle in Sachsen, um meinen Bauingenieur (Nigeria) mit Affenlauten und &quot;Muslime raus!&quot; zu verhöhnen.</text>
  </Document>
  <Document id="867872317120143362">
    <relevance>false</relevance>
    <sentiment>neutral</sentiment>
    <Opinions/>
    <text>ÖAMTC meldet: Schröcken Sulztobeltunnel in beiden Richtungen gesperrt, Baustelle, Dauer: 09.06.2017 19:10 Uhr bis… https://t.co/wri27o1wJs</text>
  </Document>
  <Document id="880709520015720449">
    <relevance>false</relevance>
    <sentiment>neutral</sentiment>
    <Opinions/>
    <text>POL-PDLU: (Beindersheim) - Diebstahl von Baustelle https://t.co/agwmPGBk50 #Blaulicht #ots</text>
  </Document>
  <Document id="890463935706673152">
    <relevance>false</relevance>
    <sentiment>neutral</sentiment>
    <Opinions/>
    <text>Wien: Innerer Gürtel, zw. Josefstädter Straße u. Matrosengasse, Stau (Baustelle) #verkehr</text>
  </Document>
  <Document id="905711701814890496">
    <relevance>false</relevance>
    <sentiment>neutral</sentiment>
    <Opinions/>
    <text>Kleiner Baustellen Aufpasser!😍😎 #small #Dog #Hund #security #baustelle #Rakonzo #cute #work https://t.co/2PUKcUjegf</text>
  </Document>
  <Document id="912280713369661440">
    <relevance>false</relevance>
    <sentiment>neutral</sentiment>
    <Opinions/>
    <text>@kesseltv Schade, dass die Baustelle da jetzt weg ist. Da hat Scientology gar keinen Platz mehr um ihre Stresstests durchzuführen</text>
  </Document>
  <Document id="919843313427144704">
    <relevance>false</relevance>
    <sentiment>neutral</sentiment>
    <Opinions/>
    <text>@ax_sel @fhatti @GrueneTSbvv @wehrend @rad_ts aktuelle Lage heute Radroute in Eschersheimer Straße, die Baustelle macht es sich weiter auf dem Radweg gemütlich, nun auch mit Dixie Klo https://t.co/rrbIyEQ0jQ</text>
  </Document>
  <Document id="978944151113912326">
    <relevance>false</relevance>
    <sentiment>neutral</sentiment>
    <Opinions/>
    <text>@klagefall Ich hab ne Baustelle vor und hinter dem Haus :-( Vorn ein Generator und hinten werden Steine geschnitten.</text>
  </Document>
  <Document id="981931024400691200">
    <relevance>false</relevance>
    <sentiment>neutral</sentiment>
    <Opinions/>
    <text>@Junge_Freiheit Was? Der Staat? Wieso ruft Jens Spahn den Staat nicht mal an und erinnert ihn daran? Ach so ja, Gesundheitsscheff, andere Baustelle.</text>
  </Document>
  <Document id="987426316713684992">
    <relevance>false</relevance>
    <sentiment>neutral</sentiment>
    <Opinions/>
    <text>Juchhuuuu! Wir sind rauchFRAI ab 01. MAI. Danke Merkel ... achso, andere Baustelle 🤡 #dontsmoke</text>
  </Document>
  <Document id="934505495938916353">
    <relevance>false</relevance>
    <sentiment>neutral</sentiment>
    <Opinions/>
    <text>@wellenart Genau so die Leute, die nachts mit schwarzer Kleidung die Straße überqueren - selbst bei Beleuchtung siehst du die kaum!</text>
  </Document>
  <Document id="935246866106765312">
    <relevance>false</relevance>
    <sentiment>neutral</sentiment>
    <Opinions/>
    <text>RT @tagesspiegel: Für die Weihnachtsbeleuchtung des Boulevards Unter den Linden gab es in diesem Jahr keine Sponsoren - Dunkelheit dr…</text>
  </Document>
  <Document id="935408828836966400">
    <relevance>false</relevance>
    <sentiment>neutral</sentiment>
    <Opinions/>
    <text>Guten Morgen, denkt bitte besonders jetzt in der &quot;dunklen Jahreszeit&quot; besonders an die #Fahrrad-Beleuchtung: https://t.co/TELMbbMLiY</text>
  </Document>
  <Document id="1069184428365279232">
    <relevance>false</relevance>
    <sentiment>neutral</sentiment>
    <Opinions/>
    <text>💥 Hat es geblitzt? 💥 Vielleicht haben sich Eure Nachbarn mit der Weihnachtsbeleuchtung wieder selbst übertroffen. Könnte aber auch der Radarwagen des Verkehrsdienstes gewesen sein... Geht lieber auf Nummer sicher. Unsere #Messstellen für die kommende Woche. #Blitzer #PolizeiMK https://t.co/2hCvetK4YP</text>
  </Document>
  <Document id="935475023166484480">
    <relevance>false</relevance>
    <sentiment>neutral</sentiment>
    <Opinions/>
    <text>(ADAC Lichttest 2017) 28.11.2017. Im Rahmen des bundesweiten Lichttests hat der ADAC die Beleuchtungsanlagen von mehr als 5.800 Fahrzeugen geprüft und eingestellt. Das Ergebnis: Obwohl fast jedes dritte  ... - auf My Bavaria - Das Bayern-Magazin - https://t.co/lfLz6ooJVx - #A3</text>
  </Document>
  <Document id="935606670486593538">
    <relevance>false</relevance>
    <sentiment>neutral</sentiment>
    <Opinions/>
    <text>#diesermoment, wenn eine #filmcrew in Deiner #Straße den #overkill in Sachen #beleuchtung… https://t.co/ajD2FqFVzz</text>
  </Document>
  <Document id="935614120296054786">
    <relevance>false</relevance>
    <sentiment>neutral</sentiment>
    <Opinions/>
    <text>Tadaa! Heute wurde am #KuDamm und in der Tauentzienstraße in #Berlin die Weihnachtsbeleuchtung eingeschaltet. #itsbeginningtolookalotlikechristmas https://t.co/ZXlzkuuADs https://t.co/G52TRwVAEo</text>
  </Document>
  <Document id="935774601505918976">
    <relevance>false</relevance>
    <sentiment>neutral</sentiment>
    <Opinions/>
    <text>RT @VintageVienna: Weihnachtliche Straßenbeleuchtung und trügerische Ruhe vor dem nächsten Geschenkeinkaufsansturm am Folgetag. Winter…</text>
  </Document>
  <Document id="935852516738289664">
    <relevance>false</relevance>
    <sentiment>neutral</sentiment>
    <Opinions/>
    <text>(Smart City Startup eluminocity erhält hohes Investment) 29.11.2017 München. Das Startup eluminocity baut hochwertige Ladestationen für Elektroautos, intelligente Straßenbeleuchtung und Smart City Se ... - auf My Bavaria - Das Bayern-Magazin - https://t.co/LQRyEdELU0 - #A3 https://t.co/I6maSDr9gq</text>
  </Document>
  <Document id="935878688629055489">
    <relevance>true</relevance>
    <sentiment>neutral</sentiment>
    <Opinions/>
    <text>im Flughafen-Shuttlebus:  „Häaschd viel gspielat hüa?“ „Nei, kumm ned dazua.“ „Bliebschd ou al am gliha Handycap sto?) ... „A schüane Wiehnachtsbeleuchtung händ se wieda.“ „Bsundrigs am Graba.“ ... „Fürd Moadla“ (gemeint ist der Inhalt der Victoria Sekret Tasche) ... 😂</text>
  </Document>
  <Document id="935908241464348672">
    <relevance>false</relevance>
    <sentiment>neutral</sentiment>
    <Opinions/>
    <text>Verschönerungskur für die Grünanlage zwischen Nikischplatz und Zentralstraße: Anfang Dezember beginnen die Bauarbeiten. Ab Ende Januar 2018 gibt es dann sanierte Wege, eine Beleuchtungsanlage, Bänke, einen Papierkorb und neue Bäume, Sträucher und Blumen. https://t.co/DCEiMGRdqf</text>
  </Document>
  <Document id="927641656601513987">
    <relevance>true</relevance>
    <sentiment>negative</sentiment>
    <Opinions>
      <Opinion category="Lighting#Availability" polarity="negative" from="13" to="33" target="Bahnsteigbeleuchtung" category_de="Beleuchtung#Betrieb"/>
    </Opinions>
    <text>1/2:#S8.Die #Bahnsteigbeleuchtung in #Schwelm West funktioniert leider noch nicht. Das Ende der Störung können wir nicht kommunizieren</text>
  </Document>
  <Document id="927672293710540805">
    <relevance>false</relevance>
    <sentiment>neutral</sentiment>
    <Opinions/>
    <text>In der Josefstädter Straße wird grad die Weihnachtsbeleuchtung montiert. Merry Chrismas… https://t.co/QlLQ1hd5rZ</text>
  </Document>
  <Document id="927906952956358656">
    <relevance>false</relevance>
    <sentiment>neutral</sentiment>
    <Opinions/>
    <text>Muselgerechter Winterbasar #Wien Favoriten Straße Zelte sehen sehr orientalisch aus, auf Weihnachtsbeleuchtung wurde  gleich ganz verzichtet https://t.co/CD4TWMzqd4</text>
  </Document>
  <Document id="928189619530846208">
    <relevance>false</relevance>
    <sentiment>neutral</sentiment>
    <Opinions/>
    <text>#Verkehr: Beleuchtung häufigster Mangel beim #TÜV gefolgt von Rad, Reifen, Auspuff - #Autoreport @vdtuev – #HU - https://t.co/oPqyJudbIV https://t.co/KIJMiNqD6N</text>
  </Document>
  <Document id="915361081010327552">
    <relevance>false</relevance>
    <sentiment>neutral</sentiment>
    <Opinions/>
    <text>@polizeiberlin ACHTUNG B1! Stromausfall der Straßenbeleuchtung Höhe Tankstelle Gensinger Str. !!</text>
  </Document>
  <Document id="1069867537658232832">
    <relevance>false</relevance>
    <sentiment>neutral</sentiment>
    <Opinions/>
    <text>Wer bezahlt künftig die Weihnachtsbeleuchtung am Ku’damm in Berlin? Es gibt eine Idee, auch @RamonaPop äußert sich (allerdings vage). Details hier im @TspLeute-Newsletter aus #ChaWi: https://t.co/Vs09rw0gxa #Charlottenburg @TspLeuteChaWi https://t.co/OSJLEQWveo</text>
  </Document>
  <Document id="918235015464607751">
    <relevance>false</relevance>
    <sentiment>neutral</sentiment>
    <Opinions/>
    <text>Ein Licht geht auf: Neue Regeln bei der Fahrradbeleuchtung https://t.co/ntgL4sxcTC https://t.co/f24jvU2apl</text>
  </Document>
  <Document id="1069871637292572672">
    <relevance>false</relevance>
    <sentiment>neutral</sentiment>
    <Opinions/>
    <text>RT @Tagesspiegel: Wer bezahlt künftig die Weihnachtsbeleuchtung am Ku’damm in Berlin? Es gibt eine Idee, auch @RamonaPop äußert sich (aller…</text>
  </Document>
  <Document id="921280717014863872">
    <relevance>false</relevance>
    <sentiment>neutral</sentiment>
    <Opinions/>
    <text>Tourvorbereitungszeit bei @RadioNukular geht in die heiße Phase. Whatsapp sieht aus wie eine Warnbeleuchtung auf der Autobahn.</text>
  </Document>
  <Document id="923975114668019712">
    <relevance>false</relevance>
    <sentiment>neutral</sentiment>
    <Opinions/>
    <text>@faznet Spekulativ veranlagtes Geld liefert die Energie für die sternschnuppenhafte Beleuchtung der Finanzhimmel per Kursfeuerwerk!</text>
  </Document>
  <Document id="904753828125442048">
    <relevance>false</relevance>
    <sentiment>neutral</sentiment>
    <Opinions/>
    <text>@tweetytier @KreiszeitungWB Parkplatz ist ohne Beleuchtung?</text>
  </Document>
  <Document id="907973757549076486">
    <relevance>false</relevance>
    <sentiment>neutral</sentiment>
    <Opinions/>
    <text>@polizeiberlin wie wäre es mit einem Schwerpunkteinsatz Beleuchtung bei Fahrrädern? Weit über 80% haben kein oder unzureichendes Licht :(</text>
  </Document>
  <Document id="908451105654403078">
    <relevance>false</relevance>
    <sentiment>neutral</sentiment>
    <Opinions/>
    <text>Und belgien so: autobahn Beleuchtung, weil wir dafür geld bekommen xD</text>
  </Document>
  <Document id="909172925294694401">
    <relevance>false</relevance>
    <sentiment>neutral</sentiment>
    <Opinions/>
    <text>@PolizeiBerlin_E Auf die defekte Beleuchtung hinten links, haben die Kollegen doch sicherlich den Fahrer hingewiesen</text>
  </Document>
  <Document id="909714949643079682">
    <relevance>false</relevance>
    <sentiment>neutral</sentiment>
    <Opinions/>
    <text>#Verkehr: #Kfz-Beleuchtung trotz neuer Systeme regelmäßig kontrollieren - #Lichttest im Oktober bei #TÜV Rheinland - https://t.co/90FAyM1756 https://t.co/CiHBPMBG3y</text>
  </Document>
  <Document id="1070039274630864901">
    <relevance>true</relevance>
    <sentiment>neutral</sentiment>
    <Opinions/>
    <text>RT @micha_s: Kleine Sicherheitsinfo @StadtLeipzig @bahninfos: der starkfrequentierte Fuß- und Fahrradweg &quot;Heuweg&quot; ist ohne Beleuchtung, all…</text>
  </Document>
  <Document id="893440492775538688">
    <relevance>true</relevance>
    <sentiment>negative</sentiment>
    <Opinions>
      <Opinion category="Lighting#Availability" polarity="negative" from="21" to="32" target="Beleuchtung" category_de="Beleuchtung#Betrieb"/>
    </Opinions>
    <text>@DB_Presse Moin! Die Beleuchtung der Bahnsteiguhr in Köln Steinstraße und Spich sind defekt. Bitte um Reperatur.</text>
  </Document>
  <Document id="1078372020344274944">
    <relevance>false</relevance>
    <sentiment>neutral</sentiment>
    <Opinions/>
    <text>Sonst stehen die Leute auf dem Gehweg rum mit ihren &quot;Ich-parke-hier-mal-eben-Warnblinker&quot;.  Der Typ hingegen steht eiskalt mitten auf der Straße ohne Beleuchtung.🤣 https://t.co/aNfhi1eSBd</text>
  </Document>
  <Document id="878073088683917312">
    <relevance>true</relevance>
    <sentiment>negative</sentiment>
    <Opinions>
      <Opinion category="Lighting#Availability" polarity="negative" from="34" to="50" target="Hauptbeleuchtung" category_de="Beleuchtung#Betrieb"/>
    </Opinions>
    <text>Nach 30 Minuten geht übrigens die Hauptbeleuchtung &amp; Lüftung aus, Toilettenanlagen hielten noch 2  Stunden im liegengebliebenen #ICE #Bahn</text>
  </Document>
  <Document id="861114543916937216">
    <relevance>false</relevance>
    <sentiment>neutral</sentiment>
    <Opinions/>
    <text>Wenn im Norden Stau ist und die fette AIDA mit ihre Discobeleuchtung den Weg nicht freimacht, sieht das so aus: https://t.co/B30WlH9de0</text>
  </Document>
  <Document id="863721884772335617">
    <relevance>true</relevance>
    <sentiment>negative</sentiment>
    <Opinions>
      <Opinion category="Lighting#Availability" polarity="negative" from="48" to="59" target="Beleuchtung" category_de="Beleuchtung#Betrieb"/>
    </Opinions>
    <text>Der schönste Moment in den #öffis ist, wenn die Beleuchtung aus ist und man durch Tunnel fährt. #bus #sbahn #bvg</text>
  </Document>
  <Document id="864917520951779329">
    <relevance>false</relevance>
    <sentiment>neutral</sentiment>
    <Opinions/>
    <text>RT @eddie_the_mad: +++ Highway too hell - Fahrer wird von Autobahn-Beleuchtung geblendet +++</text>
  </Document>
  <Document id="869110281150005248">
    <relevance>false</relevance>
    <sentiment>neutral</sentiment>
    <Opinions/>
    <text>@zeitonline Wer keine Sorgen hat, der macht sie sich! &quot;Hamburger vom Elbstrand, kommt mal nach Berlin, da radeln alle ohne Beleuchtung selbst nachts!</text>
  </Document>
  <Document id="869168048254668801">
    <relevance>false</relevance>
    <sentiment>neutral</sentiment>
    <Opinions/>
    <text>@polizeiberlin 3 Gleichstrom-Wechselstrom Wandler zusammengeknippelt. er  wollte nur eine neue Innenraumbeleuchtung verbauen.Kaltlichtkathoden gefunden..?</text>
  </Document>
  <Document id="870312535836303360">
    <relevance>false</relevance>
    <sentiment>neutral</sentiment>
    <Opinions/>
    <text>Warum hast du mich in dieser Straße mit der braunen Beleuchtung gebracht?  &quot;Ich wollte dir unser Kotlichtviertel zeigen.&quot;</text>
  </Document>
  <Document id="1071047217144848390">
    <relevance>false</relevance>
    <sentiment>neutral</sentiment>
    <Opinions/>
    <text>@Polizei_HK Jetzt noch sicherstellen, dass die Beleuchtung blendfrei ist (auf die Fahrbahn gerichtet) und alles ist tipi topi</text>
  </Document>
  <Document id="871484346498248706">
    <relevance>false</relevance>
    <sentiment>neutral</sentiment>
    <Opinions/>
    <text>@BILD bei 14 töten in #StPetersburg kam keine Beleuchtung... Russen wohl Opfer 2. Klasse für die &quot;westliche wertegemeinschaft&quot; #heuchler</text>
  </Document>
  <Document id="849138153927692288">
    <relevance>false</relevance>
    <sentiment>neutral</sentiment>
    <Opinions/>
    <text>Keine Trauerbeleuchtung am Brandenburger Tor nach Anschlag in #StPetersburg. Begründung: keine Partnerstadt Berlins. https://t.co/5nWXrn8VRS https://t.co/Z68K1manr7</text>
  </Document>
  <Document id="849578275420729344">
    <relevance>false</relevance>
    <sentiment>neutral</sentiment>
    <Opinions/>
    <text>@tagesspiegel @DigitalNative88 Er verweigert die Beleuchtung des Brandenburger Tor für sanktionierte Menschen.</text>
  </Document>
  <Document id="850067306726215684">
    <relevance>false</relevance>
    <sentiment>neutral</sentiment>
    <Opinions/>
    <text>Die Straßenbeleuchtung ist bei mir heute nicht angegangen. Ich glaube ich sehe diese Straße zum ersten Mal in meinem Leben im Dunklen.</text>
  </Document>
  <Document id="843769136111144960">
    <relevance>false</relevance>
    <sentiment>neutral</sentiment>
    <Opinions/>
    <text>Beleuchtung und Fluglärm stören die Vögel, sagt #UFZ-Biologe Reinhard Klenke https://t.co/kfH2vVXBtM</text>
  </Document>
  <Document id="844866363353006080">
    <relevance>false</relevance>
    <sentiment>neutral</sentiment>
    <Opinions/>
    <text>Intelligente Straßenlampen für die smarte #Stadt - heise online https://t.co/y811SyM3y0 #Beleuchtung #Straße #Energie #smart Steuerung</text>
  </Document>
  <Document id="846706750015320064">
    <relevance>false</relevance>
    <sentiment>neutral</sentiment>
    <Opinions/>
    <text>Selbst mit Helm und Beleuchtung übersehen und tödlich verletzt. Wehe er hätte weder das eine noch das andere gehabt. https://t.co/VTacnFlq6Q</text>
  </Document>
  <Document id="1071788546204278784">
    <relevance>false</relevance>
    <sentiment>neutral</sentiment>
    <Opinions/>
    <text>Der Streamstart verschiebt sich nebst der Verspätung nochmals um wenige Minuten, ich glaub ich habe instant Sonnenbrand von der neuen Beleuchtung der Bastelecke und die neue Cam braucht mal wieder einen Klaps auf den Hinterkopf, stay tuned! https://t.co/DqeybJWBJy</text>
  </Document>
  <Document id="1071848366588526592">
    <relevance>true</relevance>
    <sentiment>positive</sentiment>
    <Opinions>
      <Opinion category="Lighting#Availability" polarity="positive" from="17" to="37" target="Bahnsteigbeleuchtung" category_de="Beleuchtung#Betrieb"/>
    </Opinions>
    <text>#S6 #Mettenheim #Bahnsteigbeleuchtung funktioniert wieder. Keine weiteren Einschränkungen.</text>
  </Document>
  <Document id="1071862211243634688">
    <relevance>true</relevance>
    <sentiment>positive</sentiment>
    <Opinions>
      <Opinion category="Lighting#Availability" polarity="positive" from="14" to="34" target="Bahnsteigbeleuchtung" category_de="Beleuchtung#Betrieb"/>
    </Opinions>
    <text>💡 #RE8+#RB27, Bahnsteigbeleuchtung in #Königswinter wieder in Betrieb.</text>
  </Document>
  <Document id="1072179272616435713">
    <relevance>false</relevance>
    <sentiment>neutral</sentiment>
    <Opinions/>
    <text>@PolizeiMuenchen @Dudenverlag »2. Beleuchtungsanlage, die der Verkehrsregelung dient; Verkehrsampel«  Und eine dritte Bedeutung bietet der @Dudenverlag auch noch. Alles in Ordnung also!</text>
  </Document>
  <Document id="1078614395943571456">
    <relevance>false</relevance>
    <sentiment>neutral</sentiment>
    <Opinions/>
    <text>Waghäusel:  Straßenbeleuchtung nach Unfall ausgefallen  https://t.co/li5Q5cBsfX</text>
  </Document>
  <Document id="1072405849732210689">
    <relevance>true</relevance>
    <sentiment>neutral</sentiment>
    <Opinions>
      <Opinion category="Lighting#Availability" polarity="neutral" from="187" to="201" target="Notbeleuchtung" category_de="Beleuchtung#Betrieb"/>
    </Opinions>
    <text>Zürich HB: Stromausfall Ortsnetz von 8.27 - 8.54 Uhr. Betroffen waren Publikumszonen Passage Sihlquai, Gessnerallee / Löwenstrasse / Halle Löwenstrasse. Kein Einfluss auf den Zugverkehr. Notbeleuchtung war während des Unterbruchs in Betrieb.</text>
  </Document>
  <Document id="1072764516566532096">
    <relevance>false</relevance>
    <sentiment>neutral</sentiment>
    <Opinions/>
    <text>@zeitonline Weihnachtsbeleuchtung verbraucht die Leistung eines Kohlekraftwerkes.. !!!!!</text>
  </Document>
  <Document id="1078628895811928065">
    <relevance>false</relevance>
    <sentiment>neutral</sentiment>
    <Opinions/>
    <text>Zeugen gesucht: Raubüberfall auf Tankstelle - Aus Sicherheitsgründen gesperrt - Nach Verkehrsunfall Ausfall der Straßenbeleuchtung - Erfolgreiche Ermittlungen  - Mit Cannabis erwischt - Wildunfall mit hohem Sachschaden - Wenig Verkehr und kaum Staus ... https://t.co/J87imw81bb</text>
  </Document>
  <Document id="1074034739034681345">
    <relevance>false</relevance>
    <sentiment>neutral</sentiment>
    <Opinions/>
    <text>Die Straße ist beginnend mit Hötschdorf Richtung Lannach sehr gut ausgebaut (Rad-/Gehweg, Straßenbeleuchtung), aber der Wildwechsel ist auch in diesen dichter besiedelten Bereichen nicht zu unterschätzen. Ich selbst habe trotz nur 50 km/h (Außerorts!) schon ein Reh erwischt.</text>
  </Document>
  <Document id="1074384095172534272">
    <relevance>true</relevance>
    <sentiment>negative</sentiment>
    <Opinions>
      <Opinion category="Lighting#Availability" polarity="negative" from="6" to="17" target="Beleuchtung" category_de="Beleuchtung#Betrieb"/>
    </Opinions>
    <text>Keine Beleuchtung in Geilenkirchen, bitte vorsichtig auf dem Bahnsteig pirschen....</text>
  </Document>
  <Document id="1074384762138177543">
    <relevance>false</relevance>
    <sentiment>neutral</sentiment>
    <Opinions/>
    <text>20:22 Uhr - Ampelausfall - In Norderstedt / Kreuzung Harkesheyde / Schleswig-Holsteinstraße - ebenfalls auch die Straßenbeleuchtung davon betroffen - Danke Yannina</text>
  </Document>
  <Document id="1074453779804766210">
    <relevance>true</relevance>
    <sentiment>neutral</sentiment>
    <Opinions/>
    <text>Stairway to heaven - stairway to the airport Der Flughafen ist so schön blitzeblank um diese Uhrzeit. Schöne dezente Weihnachtsbeleuchtung! #stuttgart ✈️😊 @STR_Airport https://t.co/LTNl17Pdy3</text>
  </Document>
  <Document id="1074573415472906240">
    <relevance>false</relevance>
    <sentiment>neutral</sentiment>
    <Opinions/>
    <text>@BerlinCyclist @doktor_hammer @senior_witch @DiHeler @BZ_NachtFloh @bzberlin @BILD_Berlin @per_bike_berlin @max_langner @nfskiberlin @TomSchreiberMdA @GdPHauptstadt @bene_lux @Djeron7 @DPolGBerlin @Wagner_BILD_BZ @Josephine006 @SaschaGuzy @TheBerlinLive @Majonnchen @Neelixpl @der_Gabi_Berlin @ADFC_Berlin @Ciderfan15 @TwitterDE Da ist ja der Gesetzgeber etwas lascher geworden mit dem Licht. Ich persönlich finde, die Beleuchtung gehört wie früher fest am Lenker verbaut wie auch eben das Rücklicht hinten an Rad. Man sieht ja an ihren Beispiel wie dunkel die Straße am Boden ist.</text>
  </Document>
  <Document id="1074678754428026881">
    <relevance>false</relevance>
    <sentiment>neutral</sentiment>
    <Opinions/>
    <text>@PolizeiHamburg Nur 65 ohne Beleuchtung? Gefühlt sind deutlich mehr in Hamburg unterwegs</text>
  </Document>
  <Document id="1075368337905991680">
    <relevance>false</relevance>
    <sentiment>neutral</sentiment>
    <Opinions/>
    <text>@weirdienie Vor allem, wenn man als Radfahrer im Dunklen bei Regen in schwarzer Kleidung und ohne jede Beleuchtung unterwegs ist. Auf schlüpfriger Fahrbahn.</text>
  </Document>
  <Document id="1078968859246411776">
    <relevance>false</relevance>
    <sentiment>neutral</sentiment>
    <Opinions/>
    <text>#Radfahrer vom Rad rammen und dabei Verletzungen in Kauf nehmen, hört sich jetzt nicht direkt verhältnismäßig an bei einem Radfahrer ohne Beleuchtung.</text>
  </Document>
  <Document id="1050081059419947015">
    <relevance>false</relevance>
    <sentiment>neutral</sentiment>
    <Opinions/>
    <text>Ein 26-Jähriger befuhr gestern Abend mit dem Rad die Neustädter Straße in Richtung Franz-Künstler-Straße. Weil der junge Mann keine vorschriftsmäßige Beleuchtung am Fahrrad hatte, wurde er... https://t.co/LGpyankYYC</text>
  </Document>
  <Document id="1050113955061030917">
    <relevance>false</relevance>
    <sentiment>neutral</sentiment>
    <Opinions/>
    <text>@SierraHotel030 @BZ_NachtFloh @bzberlin @BILD_Berlin @DerUrBerliner @Kiezpartei @J_Schilde @BZcat030 @TomSchreiberMdA @GdPHauptstadt @Djeron7 @GdP_Dir4 @DPolGBerlin @Majonnchen @Josephine006 @Sperber04 @BZPolizei @BiibiiSilvi @Ciderfan15 @lasdiaz24 @losschulos @per_bike_berlin @UPol_eV @Froschi_GdP @DiHeler @uwe1schumann @Neelixpl Vorderrad bereits auf der Straße wobei die Autofahrer noch grün hatten. Hier wäre es ebenfalls fast zu einem Unfall gekommen. Von der fehlenden Beleuchtung zudieser Jahreszeit sprech ich schon gar nicht mehr. Da ist ja eher unnormal wenn man als Radfahrer in Berlin beleuchtet ist</text>
  </Document>
  <Document id="1052560895233146881">
    <relevance>false</relevance>
    <sentiment>neutral</sentiment>
    <Opinions/>
    <text>@PolizeiHamburg @MarBel78 Funktioniert die Straßenbeleuchtung in Hamburg nicht? Und die Fahrradbeleuchtung der Polizei auch nicht?</text>
  </Document>
  <Document id="1052786553838333952">
    <relevance>true</relevance>
    <sentiment>negative</sentiment>
    <Opinions>
      <Opinion category="Lighting#Availability" polarity="negative" from="11" to="22" target="Beleuchtung" category_de="Beleuchtung#Betrieb"/>
      <Opinion category="Lighting#Availability" polarity="negative" from="43" to="48" target="Lampe" category_de="Beleuchtung#Betrieb"/>
    </Opinions>
    <text>Schummrige Beleuchtung in der S-Bahn. Eine Lampe ist kaputt. Hoffentlich schlafe ich nicht ein.</text>
  </Document>
  <Document id="1052912759195791360">
    <relevance>false</relevance>
    <sentiment>neutral</sentiment>
    <Opinions/>
    <text>#sehenundgesehenwerden #Lichtan #Kontrolle  Unsere Kollegen in Gadebusch stellten heute Morgen 13 Kraftfahrer mit mangelhafter #Beleuchtung fest.   ➡️ Mängel beheben und Fahrzeuge der Polizei in Kürze wieder vorstellen. #FahrenAnkommenLEBEN ka* https://t.co/VzDOeIUhfe</text>
  </Document>
  <Document id="1053037986932232192">
    <relevance>false</relevance>
    <sentiment>neutral</sentiment>
    <Opinions/>
    <text>Das ist eine Ausgleichsfläche für eine millionenteure Autobahn und deshalb in Zuständigkeit von @SenUVKBerlin. Geld und Motivation für Reinigung, Winterdienst, Beleuchtung und einen Anschluss an den Prellerweg fehlen trotzdem.</text>
  </Document>
  <Document id="1054265606088941568">
    <relevance>false</relevance>
    <sentiment>neutral</sentiment>
    <Opinions/>
    <text>#Verkehr: Sehen und gesehen werden. Gerade in #Herbst und #Winter im #Straßenverkehr extrem wichtig. #Autobeleuchtung jetzt noch im #Oktober kostenlos bei #TÜV Rheinland kontrollieren lassen. #Lichttest - Unser kurzes #Video https://t.co/Xg1KKWUqVg https://t.co/0UoQBqz2iT</text>
  </Document>
  <Document id="1055021384466870272">
    <relevance>false</relevance>
    <sentiment>neutral</sentiment>
    <Opinions/>
    <text>@LPDWien Was heißt eigentlich das rote X im Kaisermühlentunnel über dem Pannenstreifen? Im Pannenfall nicht nutzen? Für die Rettungsgasse nicht mit nutzen? Oder ist eh alles wie immer nur halt mit neuer Deckenbeleuchtung?</text>
  </Document>
  <Document id="1055464976503267334">
    <relevance>false</relevance>
    <sentiment>neutral</sentiment>
    <Opinions/>
    <text>++ Aktuelle Information zur Beleuchtungssituation Parchimer Straße &amp; Jenaer Straße ++  Dank unseres gemeinsamen Engagements wurden in den letzten Wochen u.a. am... https://t.co/hAttg268kI</text>
  </Document>
  <Document id="1046076747052175361">
    <relevance>false</relevance>
    <sentiment>neutral</sentiment>
    <Opinions/>
    <text>Mitarbeiter (m/w/d) für die Beleuchtungsabteilung für das Stellwerk des Eigenbetriebes Mainfranken Theater Würzburg gesucht https://t.co/1f6jNh7559 Stadt Würzburg  Location : Würzburg BY DE Das MAINFRANKEN THEATER WÜRZBURG sucht ab sofort einen Mitarbeiter (m/w/d) für die Be... https://t.co/FCKMBoi7u6</text>
  </Document>
  <Document id="1047184198681939969">
    <relevance>false</relevance>
    <sentiment>neutral</sentiment>
    <Opinions/>
    <text>Neues von der Baustelle. Nachdem ich heute 2 Hansln von der Vonovia drauf angesprochen hab, dass man uns die Außen-Lichtschalter für den Flur genommen hat u wir durchs Dunkle tappen, haben wir jetzt Dauerfestbeleuchtung außen u im Treppenhaus. Kostet ja nur unseren Strom. 🙄 https://t.co/TyJFfe7r2Y</text>
  </Document>
  <Document id="1047861735510691845">
    <relevance>false</relevance>
    <sentiment>neutral</sentiment>
    <Opinions/>
    <text>@Rad_Magazin Hier sind noch ein paar Bilder der Unfallstelle an der Leipziger Chaussee. Da ist Nichts außer dem Tempolimit im Nirvana! Keine Markierung, keine Beleuchtung, kein Hinweis, dass da ein Übergang ist. Stadtauswärts lockt auch schon das 70er-Schild. @Ottostadt #srmd  @sachsenanhalt https://t.co/AYdugHz14B</text>
  </Document>
  <Document id="1049217842283831298">
    <relevance>false</relevance>
    <sentiment>neutral</sentiment>
    <Opinions/>
    <text>🚘💡🍂 Bereits zum 62. Mal findet im Oktober die #Verkehrssicherheitsaktion #Lichttest statt. Autofahrer können ihre #Fahrzeugbeleuchtung an verschd. Stellen kostenlos überprüfen lassen.   Nutzen Sie die Chance &amp; lassen Sie Ihre #Lichtanlage checken!  ➡️ https://t.co/8ZsfTST9le https://t.co/MCxs80Ngn5</text>
  </Document>
  <Document id="1029347768870088706">
    <relevance>true</relevance>
    <sentiment>negative</sentiment>
    <Opinions>
      <Opinion category="Lighting#Availability" polarity="negative" from="35" to="46" target="Beleuchtung" category_de="Beleuchtung#Betrieb"/>
    </Opinions>
    <text>Showdown in meinem Interregio. Die Beleuchtung von Wagen 5 schwächelt. Gleich geht‘s in den Hauensteintunnel. Ich verteil mal provisorisch Beruhigungstabletten. #HetsNoLiecht #IGsehNüt</text>
  </Document>
  <Document id="1030192645891608581">
    <relevance>false</relevance>
    <sentiment>neutral</sentiment>
    <Opinions/>
    <text>Elektrisch beheizte Handschuhe oder der Badezimmerschrank mit Beleuchtung: Von Mitte August an werden viele Gebrauchsgegenstände als Elektroschrott eingestuft und müssen getrennt entsorgt werden.  https://t.co/lulQmSf2bT</text>
  </Document>
  <Document id="1031464532781223936">
    <relevance>false</relevance>
    <sentiment>neutral</sentiment>
    <Opinions/>
    <text>Der Autofahrer ist in zwei Bäume und eine Strassenbeleuchtung gefahren. #Damgmersellen #Unfall #Glück @StawaLu #Zeugenaufruf  https://t.co/FcyNfFvkMF</text>
  </Document>
  <Document id="1032908789798854656">
    <relevance>false</relevance>
    <sentiment>neutral</sentiment>
    <Opinions/>
    <text>RT @HH_BWVI: #hhverkehr Nach Brand im Elbtunnel. Schadensbild wird geprüft. Asphalt, Wand und Deckenschäden. Schäden bei Beleuchtung und Br…</text>
  </Document>
  <Document id="1036377301527797762">
    <relevance>false</relevance>
    <sentiment>neutral</sentiment>
    <Opinions/>
    <text>Wir haben Disco-Beleuchtung in der Wohnung. Feuerwehreinsatz im Nachbarhaus mit drei Löschfahrzeugen, RTW und Notarzt. Man sieht aber nichts, ist auch wohl nichts passiert. Die könnten gerne mal ihr kack Blaulicht ausmachen. *seufz*</text>
  </Document>
  <Document id="1039073898858459136">
    <relevance>true</relevance>
    <sentiment>neutral</sentiment>
    <Opinions/>
    <text>Rooftop Lounge Flughafen Zürich #thecircle #events #zurichairport #beleuchtung #erlebniswochenende2018 #lounge #flughafen #zürich @ Zürich Airport</text>
  </Document>
  <Document id="1040992463270412293">
    <relevance>true</relevance>
    <sentiment>neutral</sentiment>
    <Opinions/>
    <text>Im Fernbus Nudes machen ist gar nicht so einfach, wenn sie denn gut aussehen sollen, gerade aufgrund der Beleuchtung auf dem Klo. Und ihr so?</text>
  </Document>
  <Document id="1041412277130469376">
    <relevance>false</relevance>
    <sentiment>neutral</sentiment>
    <Opinions/>
    <text>“Kannst du etwas romantische Beleuchtung machen?“ “Klar. Geh raus auf die Straße und warte, bis die Ampel auf Rot schaltet.“  Flirten? Kann ich.</text>
  </Document>
  <Document id="1041580791002812417">
    <relevance>false</relevance>
    <sentiment>neutral</sentiment>
    <Opinions/>
    <text>@EllenCHSG Für die Baustelle verantwortlich ist das Dep. Bau und Raum vom @KantonsspitalSG. Anscheinend gab es am 10.9. einen Ausfall der Beleuchtung. Diese wurde aber umgehend wieder Instand gesetzt. Die Baustelle und der Weg seien vollständig ausgeleuchtet und der Notfall gekennzeichnet.</text>
  </Document>
  <Document id="1041909875050196992">
    <relevance>false</relevance>
    <sentiment>neutral</sentiment>
    <Opinions/>
    <text>#ESockelleisten führen unsichtbar die Kabel zu versteckt platzierten  Steckdosen. Smarte Geräte und stimmungsvolle Beleuchtung zuhause ohne Schlitzeklopfen realisiert. Sauber Aufputz statt Großbaustelle. Grüße vom #cablecoach</text>
  </Document>
  <Document id="1042278613284990977">
    <relevance>false</relevance>
    <sentiment>neutral</sentiment>
    <Opinions/>
    <text>@EON_de @LightsOnBerlin Vielleicht solllte man das Geld für die Beleuchtung in einem afrikanischen Land in die Landwirtschaft investieren. Spart CO2 bei uns und baut dort Sauerstoff auf. Oder man baut ein riesiges Gewächsgaus. Aber so auf der Straße verschwenden und Vögel blenden.</text>
  </Document>
  <Document id="1011902060952944641">
    <relevance>false</relevance>
    <sentiment>neutral</sentiment>
    <Opinions/>
    <text>Am Holzplatz erneuern die Hallesche Wasser und Stadtwirtschaft GmbH und die Energieversorgung #Halle Netz GmbH Trinkwasser-, Strom- und Gasleitungen sowie die Stadtbeleuchtung. Die Straße ist ab Donnerstag gesperrt https://t.co/RM65DeAteo</text>
  </Document>
  <Document id="1082229470050824195">
    <relevance>true</relevance>
    <sentiment>neutral</sentiment>
    <Opinions/>
    <text>Nach seiner Sondersitzung mit den BV 1 &amp; 3 findet am 09.01., ca. 17.00, die Sitzung des Ordnungs- und Verkehrsausschusses statt. TOP sind u.a. der 1. Bauabschnitt Freiligrathplatz-Flughafen Terminal der Stadtbahn #U81 und die Zukunft der #Gasbeleuchtung. https://t.co/D2M2B14Le5</text>
  </Document>
  <Document id="1016940151220494336">
    <relevance>false</relevance>
    <sentiment>neutral</sentiment>
    <Opinions/>
    <text>So kann gute Stadtplanung aussehen: Breitere Gehsteige, Sitzmöbel, zusätzliche Beleuchtungen, Begrünungen: Die Neugestaltung der Neulerchenfelder Straße als Vorbild für attraktiven öffentlichen Raum. Bald auch in der Simmeringer Hauptstraße?  https://t.co/kmkL3TLTTg https://t.co/zPa5DwxSj7</text>
  </Document>
  <Document id="1019940487858307073">
    <relevance>false</relevance>
    <sentiment>neutral</sentiment>
    <Opinions/>
    <text>#Alkoholisierter #Mopedfahrer ohne #Fahrerlaubnis erwischt  #Schwerin - Der 28-jährige Schweriner nahm am 18. Juli 2018 gegen 21.50 Uhr ohne Zustimmung und Wissen seines Bruders das Moped und fuhr damit ohne Beleuchtung durch die Gadebuscher Straße ...  https://t.co/bXCCfJNjHH</text>
  </Document>
  <Document id="1020571324790525952">
    <relevance>false</relevance>
    <sentiment>neutral</sentiment>
    <Opinions/>
    <text>Notstrom für die Feuerwehreinsatz- und Rettungsleitstelle (FEL/RLS)  Heute unterstützen wir mit der Fachgruppe Beleuchtung die Feuerwehreinsatz- und Rettungsleitstelle (FEL/RLS)  des Landkreis Celle beim... https://t.co/m8RXixdgtt</text>
  </Document>
  <Document id="1021036733490745345">
    <relevance>false</relevance>
    <sentiment>neutral</sentiment>
    <Opinions/>
    <text>In #Vietnam erklärte man mir, dass der Rechtsverkehr nur eine #Handlungsempfehlung sei. Man nutzt dort den Weg, der gerade frei ist und rote Ampeln dienen nur der dezenten Straßenbeleuchtung.  Also beschwert euch gefälligst nicht über den Berliner #Verkehr!  #willkommenInBerlin</text>
  </Document>
  <Document id="1082948897344024577">
    <relevance>false</relevance>
    <sentiment>neutral</sentiment>
    <Opinions/>
    <text>Polizeipräsidium Mannheim - Beleuchtung nicht eingeschaltet und Unfall verursacht https://t.co/Hzo24otxUR</text>
  </Document>
  <Document id="1022832650694914048">
    <relevance>false</relevance>
    <sentiment>neutral</sentiment>
    <Opinions/>
    <text>Fake-Unfall mit Beleuchtung rechts im Bild :-) https://t.co/dKWo5Fa4FA</text>
  </Document>
  <Document id="1023249459902402560">
    <relevance>true</relevance>
    <sentiment>positive</sentiment>
    <Opinions>
      <Opinion category="Lighting#Availability" polarity="positive" from="44" to="64" target="Bahnsteigbeleuchtung" category_de="Beleuchtung#Betrieb"/>
    </Opinions>
    <text>Es zieht sich zu...hier ist sogar schon die Bahnsteigbeleuchtung an...👀 (@ Potsdam Hauptbahnhof in Potsdam, Brandenburg) https://t.co/eO4nKW0nKt</text>
  </Document>
  <Document id="1025219258584838144">
    <relevance>false</relevance>
    <sentiment>neutral</sentiment>
    <Opinions/>
    <text>Neue Beleuchtung wird installiert Dieser Tage sind Mitarbeiter der Firma Elektro Birk in der umgebauten Hauptstraße unterwegs, um ein spezielles Beleuchtungskonzept für die Straße zu installieren.  https://t.co/CdVoSEbeqL https://t.co/CdVoSEbeqL</text>
  </Document>
  <Document id="1026185927163604992">
    <relevance>false</relevance>
    <sentiment>neutral</sentiment>
    <Opinions/>
    <text>RT @_TOTR14_: @CTRLe_istbesser Wenn ich wegen diesem Liegeradfahrer ohne Fähnchen oder Beleuchtung, dafür aber mit schwarzer Kleidung noch…</text>
  </Document>
  <Document id="1083014068498243584">
    <relevance>false</relevance>
    <sentiment>neutral</sentiment>
    <Opinions/>
    <text>Damit man uns im Vorbeifahren gar nicht mehr übersehen kann, wurde heute unser Pylon an der Straße überarbeitet. Ein neues, frisches Layout und komplett neue Beleuchtung machen ab sofort auf uns aufmerksam. Herzlich willkommen!#HolzLand #Köhrmann #Weyhe #Bremen #Parkett #Böden😀 https://t.co/EQrjvLB6Vt</text>
  </Document>
  <Document id="1026754328567140352">
    <relevance>true</relevance>
    <sentiment>neutral</sentiment>
    <Opinions/>
    <text>Die LED-Bodenbeleuchtung, die am Cannstatter Bahnhof zurzeit getestet wird, soll in Zukunft auch anzeigen ob noch Plätze in den einzelnen Wagons frei sind. https://t.co/iRHMtmlSlZ https://t.co/KWXBYFunsR</text>
  </Document>
  <Document id="1027300447059697679">
    <relevance>false</relevance>
    <sentiment>neutral</sentiment>
    <Opinions/>
    <text>P2 Weeze Parkplatz günstig finden https://t.co/RQWV2oOara Videoüberwachung, Schranke, Eingezäunt. LED-Beleuchtung https://t.co/jdFDTJSuXI</text>
  </Document>
  <Document id="1083058316400562177">
    <relevance>true</relevance>
    <sentiment>negative</sentiment>
    <Opinions>
      <Opinion category="Lighting#Availability" polarity="negative" from="4" to="24" target="Bahnsteigbeleuchtung" category_de="Beleuchtung#Betrieb"/>
    </Opinions>
    <text>Die Bahnsteigbeleuchtung 💡in #Lambsheim ist ausgefallen❗️ Ab sofort ist das halten am Bahnhof #Lambsheim nicht mehr möglich 🚉❌. Update folgt.</text>
  </Document>
  <Document id="1007653368804859904">
    <relevance>false</relevance>
    <sentiment>neutral</sentiment>
    <Opinions/>
    <text>@Tagesspiegel Hoffe Radfahrer bekommt von der #Polizei noch ein Bußgeldbescheid wegen fehlendem Rückstrahler und fehlender Beleuchtungsanlage..gefährdet sein Leben und das anderer..gibt's da auch Punkte in Flensburg? Lemminge auf 2 Rädern!</text>
  </Document>
  <Document id="1005797346939203584">
    <relevance>false</relevance>
    <sentiment>neutral</sentiment>
    <Opinions/>
    <text>Radfahrer angehalten, weil er ohne Beleuchtung auf der Straße Schlangenlinien fuhr.  #AusdemDienst</text>
  </Document>
  <Document id="1003697061664100357">
    <relevance>false</relevance>
    <sentiment>neutral</sentiment>
    <Opinions/>
    <text>Auf der Brienzer/Walderseestraße stehen Steine ohne Reflektoren und Beleuchtung auf der Straße @polizeiberlin Ist das auch ein gefährlicher Eingriff oder muss das so? #pollerzei https://t.co/5vbgW1PN6H</text>
  </Document>
  <Document id="1003785898360758272">
    <relevance>true</relevance>
    <sentiment>neutral</sentiment>
    <Opinions/>
    <text>egal ob du einen schwarzen oder sonnengelben oder schneeweissen tag hast die klobeleuchtung im arbeitsamt an der grünen ubahn ist auch im roten wien immer blau</text>
  </Document>
  <Document id="1002818653715345408">
    <relevance>false</relevance>
    <sentiment>neutral</sentiment>
    <Opinions/>
    <text>Jemand in #Spandau stellt Absperrgitter mit Beleuchtung auf. Wir wissen nichts davon und fragen mal nach. #24hBerlin</text>
  </Document>
  <Document id="999711693264621569">
    <relevance>true</relevance>
    <sentiment>neutral</sentiment>
    <Opinions/>
    <text>@Polizei_Ffm Da heute sehr viele auch beim laufen aufs Handy schauen, laufen sie wohl unkonzentriert. Sollen alles schön bezahlen. Die Frankfurter u-Bahnen können das Licht ausschalten. Die Handy Beleuchtung reicht meistens aus.</text>
  </Document>
  <Document id="1083598548187467776">
    <relevance>false</relevance>
    <sentiment>neutral</sentiment>
    <Opinions/>
    <text>@polizeiberlin Super gemacht. Bei dem dunkelnassen Wetter bietet sich Kontrolle der Radfahrer auch an. Soooo viele mit nicht ausreichender Beleuchtung, dunkler Kleidung unterwegs. Mir selbst kann zwar nix im Auto passieren, möchte aber auch kein Rad unter meinem Auto  spüren und hören 😱</text>
  </Document>
  <Document id="1000703496503644160">
    <relevance>false</relevance>
    <sentiment>neutral</sentiment>
    <Opinions/>
    <text>RT @BaronRenteln: Krimbrücke über Straße von Kertsch:Testbetrieb der Beleuchtung! https://t.co/Jv4CmtqjpD via @YouTube Erinnerung an Alliie…</text>
  </Document>
  <Document id="1000726055265583106">
    <relevance>false</relevance>
    <sentiment>neutral</sentiment>
    <Opinions/>
    <text>POL-BO: Herne / Bei Rotlicht, ohne Fahrradhelm und ohne Beleuchtung in den Kreuzungsbereich gefahren – Radfahrer (21) ins Krankenhaus!: Herne (ots) – In der Nacht auf den heutigen 27. Mai kam es auf dem Westring in Herne zu einem Verkehrsunfall, bei dem… https://t.co/Wqv8JBmjyG</text>
  </Document>
  <Document id="998916770516946944">
    <relevance>false</relevance>
    <sentiment>neutral</sentiment>
    <Opinions/>
    <text>@Polizei_Ffm @VonBruggen Ich würde mal sagen, da fehlt die Beleuchtung und die Reflektoren🤔</text>
  </Document>
  <Document id="999413462735433731">
    <relevance>false</relevance>
    <sentiment>neutral</sentiment>
    <Opinions/>
    <text>..und es war dunkel, die Erde wüst und leer.Die Mitarbeiter für die Straßenbeleuchtung müssen das Buch Genesis recht genau gelesen haben. Hey, @stadtdortmund , in der Viktoriastraße war es heute abend zappenduster! Noch dazu mit der Baustelle, das ist kein Spaß zum Durchfahren.</text>
  </Document>
  <Document id="997796094884106242">
    <relevance>false</relevance>
    <sentiment>neutral</sentiment>
    <Opinions/>
    <text>🚲 richtig #umparken:   - Fahrräder dürfen nicht ein Hindernis für Fußgänger werden - auf der Fahrbahn müssten 🚲 bei Dunkelheit beleuchtet werden 👎  - auf Seiten-/ Parkstreifen neben der Fahrbahn gibt es keine Beleuchtungspflicht 👍 So geht‘s: https://t.co/T8fUqXc7zg</text>
  </Document>
  <Document id="998812350030499840">
    <relevance>false</relevance>
    <sentiment>neutral</sentiment>
    <Opinions/>
    <text>@Spatz978 @ADFC_Dresden Den Unterschied sehe ich in diesem konkreten Fall darin, dass es sich hier um so eine Art fluoreszierende Fahrbahn-Markierung handelt, im Gegensatz zu mMn unnötiger nächtlicher aktiver (Werbeanlagen-)Beleuchtung.  Insofern für mich kein &quot;Sinneswandel&quot;.</text>
  </Document>
  <Document id="993777028016103425">
    <relevance>false</relevance>
    <sentiment>neutral</sentiment>
    <Opinions/>
    <text>Arbeiten an der öffentlichen #Beleuchtung im Dünnwalder Kommunalweg &gt;&gt; https://t.co/6pxgMvGghH #Dünnwald #Koelnverkehr #Baustelle https://t.co/DwSodMOsDZ</text>
  </Document>
  <Document id="994292536905682944">
    <relevance>false</relevance>
    <sentiment>neutral</sentiment>
    <Opinions/>
    <text>Straßenverkehr: Fehlende Beleuchtung auf Autobahn-Teilabschnitten in Berlin aus Senat https://t.co/Gwsv9q7YSM</text>
  </Document>
  <Document id="994805161771130880">
    <relevance>false</relevance>
    <sentiment>neutral</sentiment>
    <Opinions/>
    <text>Sch(l)ummerlicht für Kurzzeit-Knackis - Gefängnis-Beleuchtung grenzt an Folter https://t.co/n94veLniwQ</text>
  </Document>
  <Document id="994901309928230912">
    <relevance>false</relevance>
    <sentiment>neutral</sentiment>
    <Opinions/>
    <text>@ADFC_Berlin Genau genommen müssen sie am Fahrbahnrand stehen. Beleuchtung ist entbehrlich, wenn ein Park-/Seitenstreifen genutzt wird, der nicht Teil der Fahrbahn ist.  Auf Gehwegen werden parkende Fahrräder - wie Motorräder - nur geduldet, wenn niemand behindert wird.</text>
  </Document>
  <Document id="995971549940404227">
    <relevance>true</relevance>
    <sentiment>negative</sentiment>
    <Opinions>
      <Opinion category="Lighting#Availability" polarity="negative" from="123" to="134" target="Beleuchtung" category_de="Beleuchtung#Betrieb"/>
    </Opinions>
    <text>Fahren U-Bahn, plötzlich bremst sie sehr stark, es ruckelt, wir bleiben mitten auf der Strecke stehen und ein Großteil der Beleuchtung geht aus. Falls wir nie wieder auftauchen: wir sind zwischen Alex und  Schillingstr. auf der U5 verschollen.</text>
  </Document>
  <Document id="996706947180228609">
    <relevance>false</relevance>
    <sentiment>neutral</sentiment>
    <Opinions/>
    <text>@polizeiberlin bekommt man dann auch gleich nen Mängelbericht mit Wiedervorführung und Verwarnungsgeld, wenn Beleuchtung und Reflektoren nicht in Ordnung sind oder gibt es eine temporäre Amnestie?</text>
  </Document>
  <Document id="989397673277980672">
    <relevance>false</relevance>
    <sentiment>neutral</sentiment>
    <Opinions/>
    <text>POL-SO: Lippstadt – Radler war ohne Licht unterwegs: Lippstadt (ots) – Ohne Beleuchtung war am Donnerstag gegen 00:30 Uhr ein 40-jähriger Radler aus Soest in der Lippstädter Innenstadt unterwegs. Er fuhr auf der Lange Straße in südliche Richtung. Er war… https://t.co/2uK1JyVS7e</text>
  </Document>
  <Document id="989750994320805888">
    <relevance>false</relevance>
    <sentiment>neutral</sentiment>
    <Opinions/>
    <text>Radfahrer hat Mitverschulden an einem Unfall, wenn er ohne Beleuchtung fährt! - Kanzlei Kotz  LG Coburg  Az.: 32 S 1/02  Urteil vom 19.04.2002 rechtskräftig!  Leitsatz (vom Verfasser nicht amtlich!): Kollidiert ein Radfahrer, der bei... https://t.co/cvAFZhdtM9</text>
  </Document>
  <Document id="989777696115732480">
    <relevance>false</relevance>
    <sentiment>neutral</sentiment>
    <Opinions/>
    <text>Viele Einwohner Sandkamps sind derzeit auf die Stadtverwaltung Wolfsburg nicht gut zu sprechen. Grund ist die geplante Sanierung der Fahrbahn nebst Erneuerung von Straßenentwässerung und Beleuchtung in der Stellfelder Straße. https://t.co/9Hpxv7PK4E</text>
  </Document>
  <Document id="989844157027028997">
    <relevance>false</relevance>
    <sentiment>neutral</sentiment>
    <Opinions/>
    <text>Pressemitteilung - Bauarbeiten an der öffentlichen Beleuchtung am 26er Stadtring https://t.co/Hqkgz2k6FF #Dresden</text>
  </Document>
  <Document id="990527493785489409">
    <relevance>false</relevance>
    <sentiment>neutral</sentiment>
    <Opinions/>
    <text>IFTTT:  WENN: S04 Tor schießt  DANN: Garten- und Vorgartenbeleuchtung LED-Blau im 04-Sekundentakt 04 Minuten lang blinken... \o/  Jetzt muß ich nur noch den Vorgarten zur Straße um ca. 40 Lampen erweitern...😬</text>
  </Document>
  <Document id="990529971767730176">
    <relevance>false</relevance>
    <sentiment>neutral</sentiment>
    <Opinions/>
    <text>@PicturePunxx Ich habe meine Kanzlei in einer Straße mut vielen Läden und Geschäften. Die sind fast die ganze Nacht beleuchtet, also Schaufenster und Reklame. Dazu die Straßenbeleuchtung. Und selbst wenn man um 1 Uhr nachts auf der Straße steht, zwitschern die Vögel so wie tagsüber. Ich glaube</text>
  </Document>
  <Document id="991352493329276928">
    <relevance>false</relevance>
    <sentiment>neutral</sentiment>
    <Opinions/>
    <text>#Chilbi, #Kirmes, #Fun_Fair, #Jahrmarkt, #Fête_foraine. Ganz neu LED-Beleuchtung von CAN-digital-Bahn für die Kirmes-Modelle von Faller in H0. https://t.co/GfvkCJxNl2</text>
  </Document>
  <Document id="1085441631698997248">
    <relevance>true</relevance>
    <sentiment>positive</sentiment>
    <Opinions>
      <Opinion category="Lighting#Availability" polarity="positive" from="6" to="26" target="Bahnsteigbeleuchtung" category_de="Beleuchtung#Betrieb"/>
    </Opinions>
    <text>#RB37 Bahnsteigbeleuchtung in #Duisburg Entenfang wieder in Betrieb.</text>
  </Document>
  <Document id="986262232676921344">
    <relevance>false</relevance>
    <sentiment>neutral</sentiment>
    <Opinions/>
    <text>Gemeinde Bobitz erhält Zuschuss für Umstellung der Straßenbeleuchtung  Für die Erneuerung der Straßenbeleuchtung auf LED-Technik in der Krankower Straße und in der Gartenstraße erhält die Gemeinde Bobitz im... https://t.co/jKf2nHGMkX</text>
  </Document>
  <Document id="986936911007756289">
    <relevance>false</relevance>
    <sentiment>neutral</sentiment>
    <Opinions/>
    <text>@polizeiberlin Wie man sich vor Kontrollen der Polizei schützt. Einfach auf's Fahrrad umsteigen. Rot, Smartphone, Linksverkehr, jeder Weg ist ein Radweg, falsch herum in die Einbahnstraße, alles egal, solange man Radfahrer ist. Beleuchtung ist am Fahrrad auch nur optional. Kein muss.</text>
  </Document>
  <Document id="977632804078063617">
    <relevance>false</relevance>
    <sentiment>neutral</sentiment>
    <Opinions/>
    <text>Ich fände es ja großartig, würden sich Städte und Gemeinden wieder trauen ihr Straßenbeleuchtung in der kaum frequentierten Nachtzeit auszuschalten oder wenigstens massive zu Drosseln...das wäre dann das Gegenteil zur verdeckten Atomsubventionierung mit beleuchteten Autobahnen https://t.co/nNtdCw3Xgo</text>
  </Document>
  <Document id="978851143383244801">
    <relevance>true</relevance>
    <sentiment>negative</sentiment>
    <Opinions>
      <Opinion category="Lighting#Availability" polarity="negative" from="11" to="31" target="Bahnsteigbeleuchtung" category_de="Beleuchtung#Betrieb"/>
    </Opinions>
    <text>#S6, #S68, Bahnsteigbeleuchtung in #Düsseldorf-Oberbilk ausgefallen. Züge halten nicht in #Düsseldorf-Oberbilk.</text>
  </Document>
  <Document id="978954095708069888">
    <relevance>false</relevance>
    <sentiment>neutral</sentiment>
    <Opinions/>
    <text>Brand von Gartenhütte, Diebstahl von Baustelle, Vandalen auf Gelände von Kindergarten, Außenbeleuchtung von Schule beschädigt, Zeugen vereiteln Diebstahl, Geschwindigkeitskontrolle https://t.co/iwzGOg7u3O</text>
  </Document>
  <Document id="973466577097109506">
    <relevance>false</relevance>
    <sentiment>neutral</sentiment>
    <Opinions/>
    <text>Verkehrstipp: Voraussichtlich am Donnerstag, 15. März, ab 10 Uhr, werden am Ostfleth zwei Baumstubben gerodet – in Höhe von Irish Pub und Restaurant Asia Euro. Der Ostfleth wird abschnittsweise gesperrt. Auch die Winterbeleuchtung wird abgenommen. Umleitung wird ausgeschildert.</text>
  </Document>
  <Document id="974153525851840513">
    <relevance>false</relevance>
    <sentiment>neutral</sentiment>
    <Opinions/>
    <text>RT @FFMbyBicycle: @Nbg_steigt_ab @KoopmannLudger @0105145_859E @hamburgize Keine Beleuchtung und wild gemischte Fahrbahnbeläge zum Schutz d…</text>
  </Document>
  <Document id="974174287711043584">
    <relevance>false</relevance>
    <sentiment>neutral</sentiment>
    <Opinions/>
    <text>Radfahrer im Dunkeln und ohne Beleuchtung gefährden sich und andere! ADFC-Wiesbaden verschenkte Nikoläuse an beleuchtete RadlerInnen am 06.12.2017 https://t.co/76yTbdMlfi</text>
  </Document>
  <Document id="1075999984217219072">
    <relevance>false</relevance>
    <sentiment>neutral</sentiment>
    <Opinions/>
    <text>Geile Weihnachtsbeleuchtung.  Und so stilvoll.  In Weiß.  Und Rot.  Und es sieht sogar aus, wie wenn sich das ganz langsam bewegt.  Alter, das ist Stau!</text>
  </Document>
  <Document id="975285664962007048">
    <relevance>false</relevance>
    <sentiment>neutral</sentiment>
    <Opinions/>
    <text>Für die Beleuchtung dürfte ähnliches gelten. Unsere neue LED-Beleuchtung soll bei 16h-Betrieb pro Tag ca. 6 Jahre halten. https://t.co/bO0IldmxPu</text>
  </Document>
  <Document id="975754888771665920">
    <relevance>false</relevance>
    <sentiment>neutral</sentiment>
    <Opinions/>
    <text>@faznet Ganz toll. Und in der Fressgasse wird es bei 80er Jahre Beleuchtung dunkel.</text>
  </Document>
  <Document id="976753513656184833">
    <relevance>false</relevance>
    <sentiment>neutral</sentiment>
    <Opinions/>
    <text>Dit is Berlin: Kaum lässte dein Fahrrad mal ein paar Tage an der Straße stehen, fehlen Kette, Reifen, Bremse, Schutzblech, Beleuchtung ... Ein Fall für @PolizeiBerlin_E ? 🤣 https://t.co/4tHq4eIocc</text>
  </Document>
  <Document id="977120429717454848">
    <relevance>false</relevance>
    <sentiment>neutral</sentiment>
    <Opinions/>
    <text>Wäre mit einem &quot;normalen&quot; Auto auch nicht zu verhindern gewesen. Die Dame schob ihr Fahrrad im Stockdunkeln ohne jegliche Beleuchtung an Kleidung und Fahrrad über die Straße https://t.co/DT0soFHEZF</text>
  </Document>
  <Document id="972477416487694336">
    <relevance>false</relevance>
    <sentiment>neutral</sentiment>
    <Opinions/>
    <text>Elektrische Ohrenputzer und grüne Kloschüssel-Beleuchtung: Her damit, kostet ja nur ein paar Euro. Die #Shopping-App &quot;Whish&quot; steht für hemmungslosen - und sinnlosen - #Konsum. https://t.co/1dBBbyIcuW</text>
  </Document>
  <Document id="971862342983012354">
    <relevance>false</relevance>
    <sentiment>neutral</sentiment>
    <Opinions/>
    <text>Eine außergewöhnliche Parkplatz Beleuchtung @ Gwächshaus https://t.co/jWlTOinvdw</text>
  </Document>
  <Document id="971476432898678784">
    <relevance>false</relevance>
    <sentiment>neutral</sentiment>
    <Opinions/>
    <text>LED revolutioniert die Lichttechnik: Sie erlauben es die Helligkeit an die jeweilige Situation vor Ort  anzupassen. Zudem kann die Beleuchtung den öffentlichen Raum attraktiv  mitgestalten und Akzente setzen.  ENDLICH WIRD UNSERE BAUSTELLE INS RICHTIGE LICHT GERÜCKT. https://t.co/BprGOKqJlE</text>
  </Document>
  <Document id="971535707469729792">
    <relevance>false</relevance>
    <sentiment>neutral</sentiment>
    <Opinions/>
    <text>Ich mag das @YouTube-Video: https://t.co/kF5lcRjnT9 Ohne Beleuchtung / legal auf der Straße unterwegs? / Quad-Vlog ToxiQtime</text>
  </Document>
  <Document id="965783578918481921">
    <relevance>false</relevance>
    <sentiment>neutral</sentiment>
    <Opinions/>
    <text>Update zum #Schwertransport bei Düsseldorf: Der hat laut Polizei die Beleuchtung im Tunnel beschädigt, deswegen ist jetzt noch länger gesperrt. Der Schaden muss begutachtet werden. Wir halten euch auf dem Laufenden! https://t.co/ZCIdP2XUVx https://t.co/lAOYD9Uwwm</text>
  </Document>
  <Document id="965805050114297856">
    <relevance>false</relevance>
    <sentiment>neutral</sentiment>
    <Opinions/>
    <text>Auf der A44 in #Düsseldorf hat sich ein Schwertransport verfahren und dann die Beleuchtung im Tunnel beschädigt. Jetzt wird der Schaden begutachtet und dafür bleibt die Fahrbahn erstmal gesperrt. https://t.co/ZCIdP2XUVx https://t.co/ywbwhB4FsM</text>
  </Document>
  <Document id="966245921615949824">
    <relevance>true</relevance>
    <sentiment>neutral</sentiment>
    <Opinions/>
    <text>RT @gruene_mh: Eine bessere Beleuchtung des Verbindungsweges zwischen der Stettiner Straße und der Haltestelle Buchenberg wünschen sich @be…</text>
  </Document>
  <Document id="966956901727694848">
    <relevance>false</relevance>
    <sentiment>neutral</sentiment>
    <Opinions/>
    <text>hi @Stadt_BS , mir gerade aufgefallen, hat das nen Grund dass in der Friedrich Wilhelm Straße die Strassenbeleuchtung noch brennt? https://t.co/kOMMxY6xfM</text>
  </Document>
  <Document id="971319960281796611">
    <relevance>true</relevance>
    <sentiment>positive</sentiment>
    <Opinions>
      <Opinion category="Lighting#Availability" polarity="positive" from="4" to="24" target="Bahnsteigbeleuchtung" category_de="Beleuchtung#Betrieb"/>
    </Opinions>
    <text>#S1 Bahnsteigbeleuchtung in #Dortmund #Universität wieder in Betrieb. Die Züge halten wieder in Dortmund-Universität.</text>
  </Document>
  <Document id="958759021523193856">
    <relevance>true</relevance>
    <sentiment>negative</sentiment>
    <Opinions>
      <Opinion category="Lighting#Availability" polarity="negative" from="7" to="27" target="Bahnsteigbeleuchtung" category_de="Beleuchtung#Betrieb"/>
    </Opinions>
    <text>#RB37, Bahnsteigbeleuchtung in #Duisburg-Wedau ausgefallen. Züge halten nicht in #Duisburg-Wedau.</text>
  </Document>
  <Document id="959038805054455808">
    <relevance>true</relevance>
    <sentiment>neutral</sentiment>
    <Opinions/>
    <text>#Licht gegen den Jet Lag: Die Fluglinie SAS hat am Flughafen Oslo eine Luxus-Lounge mit circadianer #Beleuchtung eingerichtet: https://t.co/wT08UjS9PO #hcl #HumanCentricLighting @ledsmagazine</text>
  </Document>
  <Document id="1076200405502255105">
    <relevance>false</relevance>
    <sentiment>neutral</sentiment>
    <Opinions/>
    <text>Einkaufs-, Stau- und Familienchaos überstanden. Die Weichnachtsbeleuchtung hätt‘s nicht gebraucht. Jetzt pennt M2 grad weg. https://t.co/3Rq8bq4IXh</text>
  </Document>
  <Document id="957721719678136321">
    <relevance>true</relevance>
    <sentiment>negative</sentiment>
    <Opinions>
      <Opinion category="Lighting#Availability" polarity="negative" from="66" to="86" target="Bahnsteigbeleuchtung" category_de="Beleuchtung#Betrieb"/>
    </Opinions>
    <text>💡 Bahnhof Bürstadt  Achtung, im Bahnhof Bürstadt (Hessen) ist die Bahnsteigbeleuchtung ausgefallen. Bitte seid... https://t.co/dtjyLtbWSA</text>
  </Document>
  <Document id="937637040233033728">
    <relevance>false</relevance>
    <sentiment>neutral</sentiment>
    <Opinions/>
    <text>RT @SchwabenradlerX: @polizei_nrw_vie empfiehlt offensichtlich Radfahren nur mit passiver Beleuchtung, anders kannan das Bild wohl kaum…</text>
  </Document>
  <Document id="937947444595380224">
    <relevance>false</relevance>
    <sentiment>neutral</sentiment>
    <Opinions/>
    <text>Beim Anschauen der Weihnachtsbeleuchtung in unserer Straße schwanke ich gefühlsmäßig immer zwischen  &quot;Ach was,da war ein Fenster?&quot;  und  &quot;Echt jetzt?!&quot;.</text>
  </Document>
  <Document id="938113051512983552">
    <relevance>false</relevance>
    <sentiment>neutral</sentiment>
    <Opinions/>
    <text>Da gehste abends ahnungslos durch Münster, schon wirste von der Straße gefegt, weil Professor Börne und Kommissar Thiel auch gern dort entlang schlendern wollen, Kamera und Beleuchtung voraus. #Tatort Münster https://t.co/y9Uh161n3F</text>
  </Document>
  <Document id="939045409133154304">
    <relevance>false</relevance>
    <sentiment>neutral</sentiment>
    <Opinions/>
    <text>Hallo Eltern, Hand aufs Herz, wenn eure Kinder mit Fahrrädern zur Schule fahren an denen die Beleuchtung defekt ist, dann seid Ihr Schuld und sonst niemand, wenn eure Kinder im Straßenverkehr übersehen werden und es im schlimmsten Fall zum Unfall kommt. Denkt mal darüber nach!</text>
  </Document>
  <Document id="939045515483860992">
    <relevance>false</relevance>
    <sentiment>neutral</sentiment>
    <Opinions/>
    <text>RT @ddhilfe: Hallo Eltern, Hand aufs Herz, wenn eure Kinder mit Fahrrädern zur Schule fahren an denen die Beleuchtung defekt ist…</text>
  </Document>
  <Document id="939126197493075971">
    <relevance>true</relevance>
    <sentiment>neutral</sentiment>
    <Opinions/>
    <text>Da passiert mir ein einziges Mal fast was total spannendes und dann doch nicht 🙄 :D  Das Nebengleis am Hbf war gesperrt mit Kameramann, Sicherheitsleuten, Beleuchtung und rotem Teppich. Hätte so gern gesehen wer da ankommt und dann kam mein Zug :D</text>
  </Document>
  <Document id="939565373472542721">
    <relevance>true</relevance>
    <sentiment>negative</sentiment>
    <Opinions>
      <Opinion category="Lighting#Availability" polarity="negative" from="5" to="25" target="Bahnsteigbeleuchtung" category_de="Beleuchtung#Betrieb"/>
    </Opinions>
    <text>#S8, Bahnsteigbeleuchtung in #Hochdahl ausgefallen. Züge halten länger zum Ausleuchten am Bahnsteig. Vorsicht beim Ein-/ Ausstieg.</text>
  </Document>
  <Document id="939838547586109441">
    <relevance>true</relevance>
    <sentiment>neutral</sentiment>
    <Opinions/>
    <text>Christmas lights #hamburg #trainstation #bahnhof #weihnachtsbeleuchtung @ Hamburg Hauptbahnhof https://t.co/ndKum6KsP9</text>
  </Document>
  <Document id="940247577701871617">
    <relevance>true</relevance>
    <sentiment>neutral</sentiment>
    <Opinions/>
    <text>Am #Hauptbahnhof #Bremen soll es durch Beleuchtung sicherer werden. Zum Start der Aktion wurden heute die Kräne auf der City Gate-Baustelle illuminiert. Mehr darüber erfahrt ihr später. https://t.co/I9NgU4ddZ2</text>
  </Document>
  <Document id="940298874966675457">
    <relevance>true</relevance>
    <sentiment>positive</sentiment>
    <Opinions>
      <Opinion category="Lighting#Availability" polarity="positive" from="4" to="24" target="Bahnsteigbeleuchtung" category_de="Beleuchtung#Betrieb"/>
    </Opinions>
    <text>Die Bahnsteigbeleuchtung in #Laubenheim(Nahe) funktioniert wieder 👍 Züge können wieder planmäßig halten ✔️#Ersatzverkehr TAXI EISLÖFFEL wird eingestellt.</text>
  </Document>
  <Document id="941037908827533313">
    <relevance>true</relevance>
    <sentiment>neutral</sentiment>
    <Opinions/>
    <text>Heute ist ja schon wieder #lampenmittwoch. Da zeige ich euch doch einfach mal die Bochumer Innenstadt mit den beleuchteten bodenplatten an der U-Bahn Haltestelle #Rathaus. Außerdem sieht ihr hier auch einige der lampen zur Weihnachtsbeleuchtung. #Bochum #Fotografie https://t.co/LtmWdnCVtT</text>
  </Document>
  <Document id="941258851361402880">
    <relevance>false</relevance>
    <sentiment>neutral</sentiment>
    <Opinions/>
    <text>Eine kleine Straße in Bukarest verbreitet dieses Jahr mit Unterstützung von METRO besondere Festtagsstimmung. Eine spektakuläre Weihnachtsbeleuchtung lockt zahlreiche Besucher in die Strada Franceză und zu den dort ansässigen unabhängigen Unternehmen. https://t.co/KidmqGjO2H /bh https://t.co/2bHIjEbebZ</text>
  </Document>
  <Document id="941585840261779456">
    <relevance>false</relevance>
    <sentiment>neutral</sentiment>
    <Opinions/>
    <text>Unfall im Solistunnel GR: Lastwagen reisst Tunnelbeleuchtung runter https://t.co/SmaO4Fz4Yq https://t.co/edYKWfZa7P</text>
  </Document>
  <Document id="941586755186249728">
    <relevance>false</relevance>
    <sentiment>neutral</sentiment>
    <Opinions/>
    <text>Feuerwehreinsatz in #Erlangen: Weihnachtsbeleuchtung qualmte https://t.co/DreC5c8bRH</text>
  </Document>
  <Document id="941729689634209797">
    <relevance>false</relevance>
    <sentiment>neutral</sentiment>
    <Opinions/>
    <text>Diese Weihnachts-Beleuchtungen an den Häusern in meiner Straße haben irgendwie was von Kirmes.  Fehlen nur noch die Karussells.</text>
  </Document>
  <Document id="941959836647985152">
    <relevance>false</relevance>
    <sentiment>neutral</sentiment>
    <Opinions/>
    <text>Riskante Geisterbahnfahrt auf der #A270: Aus Kosten- und Sicherheitsgründen hat die Verkehrsbehörde die nächtliche #Beleuchtung auf der Autobahn 270 abgeschaltet. https://t.co/bvSDe8juqk</text>
  </Document>
  <Document id="943539385806524419">
    <relevance>true</relevance>
    <sentiment>negative</sentiment>
    <Opinions>
      <Opinion category="Lighting#Availability" polarity="negative" from="6" to="17" target="Beleuchtung" category_de="Beleuchtung#Betrieb"/>
    </Opinions>
    <text>Keine Beleuchtung auf Weg zur S-Bahn in #Dietzenbach https://t.co/pEh2iuveMx</text>
  </Document>
  <Document id="943778807810609152">
    <relevance>false</relevance>
    <sentiment>neutral</sentiment>
    <Opinions/>
    <text>Magnic Microlights - Die revolutionäre All-in-One #Fahrradbeleuchtung [VIDEO] - https://t.co/0s1QDFL87g - #Beleuchtung #Fahrrad #Fahrradlicht #MagnicMicrolights #Sicherheit #Straßenverkehr #Verkehr https://t.co/IuVk0UsdsW</text>
  </Document>
  <Document id="944214754926751747">
    <relevance>false</relevance>
    <sentiment>neutral</sentiment>
    <Opinions/>
    <text>Die Anwohner im Viethsweg im Hooksiel sind sauer: Die Straße steckt voller Schlaglöcher, es fehlt eine vernünftige Beleuchtung. Doch der Gemeinde sind die Hände gebunden.  https://t.co/d5QD3NupgF</text>
  </Document>
  <Document id="945692954701770752">
    <relevance>true</relevance>
    <sentiment>negative</sentiment>
    <Opinions>
      <Opinion category="Lighting#Availability" polarity="negative" from="5" to="25" target="Bahnsteigbeleuchtung" category_de="Beleuchtung#Betrieb"/>
    </Opinions>
    <text>#S9, Bahnsteigbeleuchtung in #Velbert #Rosenhügel ausgefallen. Züge halten nicht in Velbert Rosenhügel. Keine Informationen zur Störungsdauer.</text>
  </Document>
  <Document id="945696936358744064">
    <relevance>true</relevance>
    <sentiment>negative</sentiment>
    <Opinions>
      <Opinion category="Lighting#Availability" polarity="negative" from="5" to="25" target="Bahnsteigbeleuchtung" category_de="Beleuchtung#Betrieb"/>
    </Opinions>
    <text>#S9, Bahnsteigbeleuchtung in #Velbert #Rosenhügel ausgefallen. #Ersatzverkehr in Planung.</text>
  </Document>
  <Document id="945700802248790017">
    <relevance>true</relevance>
    <sentiment>negative</sentiment>
    <Opinions>
      <Opinion category="Lighting#Availability" polarity="negative" from="5" to="25" target="Bahnsteigbeleuchtung" category_de="Beleuchtung#Betrieb"/>
    </Opinions>
    <text>#S9, Bahnsteigbeleuchtung in #Velbert #Rosenhügel ausgefallen. #Ersatzverkehr zw. Velbert-#Neviges &lt;&gt; Velbert Rosenhügel. In Kürze: mit Taxen.</text>
  </Document>
  <Document id="945797747453648896">
    <relevance>false</relevance>
    <sentiment>neutral</sentiment>
    <Opinions/>
    <text>@Kuestenkorsar Nein, das UFO ist entweder eine Lampe am (Mini-) Bahnhof oder (etwas weiter oben) eine kuriose Weihnachtsbeleuchtung. 😊</text>
  </Document>
  <Document id="946456646800281600">
    <relevance>false</relevance>
    <sentiment>neutral</sentiment>
    <Opinions/>
    <text>Erhöhte Polizeipräsenz, Metallsperren, Beleuchtungsballons: So versuchen deutsche Städte, die Silvesterfeierlichkeiten zu sichern https://t.co/ASUXMinvHj</text>
  </Document>
  <Document id="947205437149114373">
    <relevance>true</relevance>
    <sentiment>neutral</sentiment>
    <Opinions/>
    <text>Hauptbahnhof Freiburg in der Nacht mit Beleuchtung - Blick von der Stadtbahnbrücke: https://t.co/OXWh1gc0lW über @YouTube</text>
  </Document>
  <Document id="1077307026060005377">
    <relevance>true</relevance>
    <sentiment>positive</sentiment>
    <Opinions>
      <Opinion category="Lighting#Availability" polarity="positive" from="32" to="52" target="Bahnsteigbeleuchtung" category_de="Beleuchtung#Betrieb"/>
    </Opinions>
    <text>Züge halten wieder in Thesdorf. Bahnsteigbeleuchtung wieder in Ordnung #S3 #hvv #sbahnhh</text>
  </Document>
  <Document id="950413653337047040">
    <relevance>false</relevance>
    <sentiment>neutral</sentiment>
    <Opinions/>
    <text>Blechschaden? Dachschaden! Im Jahr 2018 eine Kirche für #Kohle-Abbau abreißen und sich gleichzeitig mit der Umstellung der Beleuchtung des @RWE_AG-Logos auf LED rühmen - welche Heuchelei! #endegelaende https://t.co/9CAuW8I0wh</text>
  </Document>
  <Document id="950723494295298049">
    <relevance>false</relevance>
    <sentiment>neutral</sentiment>
    <Opinions/>
    <text>Heute Abend heißt es: Weihnachtsbeleuchtung adé 👋   👉 Für das Abhängen der Weihnachtsbeleuchtung muss der... https://t.co/Z6kuQK3uhw</text>
  </Document>
  <Document id="1077307931614498817">
    <relevance>true</relevance>
    <sentiment>negative</sentiment>
    <Opinions>
      <Opinion category="Lighting#Availability" polarity="negative" from="51" to="71" target="Bahnsteigbeleuchtung" category_de="Beleuchtung#Betrieb"/>
    </Opinions>
    <text>Kein Halt in Thesdorf. Grund: erneuter Ausfall der Bahnsteigbeleuchtung. #S3 #hvv #sbahnhh</text>
  </Document>
  <Document id="953162655342190592">
    <relevance>true</relevance>
    <sentiment>neutral</sentiment>
    <Opinions/>
    <text>ein mann in der u-bahn richtet sein gebundenes standardwerk über segelschulschiffe optimal nach dem spärlichen dämmerlicht der innenbeleuchtung aus dabei nippt er in kurzen abständen an einem energydrink namens full throttle</text>
  </Document>
  <Document id="953553954880749568">
    <relevance>false</relevance>
    <sentiment>neutral</sentiment>
    <Opinions/>
    <text>#A100 Richtung Neukölln im Tunnel #Rathenauplatz ist die #Tunnelbeleuchtung ausgefallen. Der linke Fahrstreifen ist vorerst gesperrt.</text>
  </Document>
  <Document id="953980639618969600">
    <relevance>false</relevance>
    <sentiment>neutral</sentiment>
    <Opinions/>
    <text>Polizei Pirmasens: Feuer in der Fußgängerzone durch sehr schnellen Einsatz der Feuerwehr gelöscht. - Vermutlich technischer Defekt in den Leuchtschriftfeldern der Außenbeleuchtung. - Kein Personenschaden. https://t.co/lvczeuFa0s</text>
  </Document>
  <Document id="954277722838241280">
    <relevance>false</relevance>
    <sentiment>neutral</sentiment>
    <Opinions/>
    <text>Mit dem neuen mobilen Halterungssystem #TWONG® können Sie z. B. auf der #Autobahn schnell, flexibel und werkzeuglos #Verkehrszeichen, Sichtschutz, Beleuchtung u. v. m. montieren – für mehr #Sicherheit im #Straßenverkehr. Mehr Infos: https://t.co/6rMGZpzXD2 https://t.co/wimSmhEQCv</text>
  </Document>
  <Document id="955450491340771328">
    <relevance>false</relevance>
    <sentiment>neutral</sentiment>
    <Opinions/>
    <text>A22, Donauufer-AB, beide FR, im Tunnel Kaisermühlen, Behinderungen (ausgefallende Beleuchtung)  #verkehr</text>
  </Document>
  <Document id="956621435182698496">
    <relevance>false</relevance>
    <sentiment>neutral</sentiment>
    <Opinions/>
    <text>#Böser #LKW! Weiterhin fuhr &quot;der Lkw&quot; gegen eine Leitplanke und setzte &quot;seine Fahrt&quot; dann über die B4 &quot;#als #Geisterfahrer&quot; u ohne Beleuchtung fort. Ein zwischenzeitl angeforderter Polizeihubschrauber kam nun zum Einsatz.Da die Streifen am Boden &quot;den Lkw&quot; nicht stoppen konnten... https://t.co/R7FlNvGf7s</text>
  </Document>
  <Document id="929074201914376192">
    <relevance>true</relevance>
    <sentiment>negative</sentiment>
    <Opinions>
      <Opinion category="Lighting#Availability" polarity="negative" from="30" to="50" target="Bahnsteigbeleuchtung" category_de="Beleuchtung#Betrieb"/>
    </Opinions>
    <text>💡Rheinland Pfalz Update   Die Bahnsteigbeleuchtung im Bahnhof Germersheim ist komplett ausgefallen. Es halten... https://t.co/xdh71Bds6z</text>
  </Document>
  <Document id="929961374544998400">
    <relevance>true</relevance>
    <sentiment>negative</sentiment>
    <Opinions>
      <Opinion category="Lighting#Availability" polarity="negative" from="50" to="64" target="Notbeleuchtung" category_de="Beleuchtung#Betrieb"/>
    </Opinions>
    <text>S1 nix geht mehr, keine Spannung auf den Gleisen, Notbeleuchtung im Zug ist auch romantisch 🙈#HVV #sbahn #s1 #hh #kriegtihrdasnochhin</text>
  </Document>
  <Document id="929977529024294912">
    <relevance>true</relevance>
    <sentiment>neutral</sentiment>
    <Opinions/>
    <text>Im Hbf #Hamburg hängt schon die Weihnachtsbeleuchtung. Noch zu früh oder einfach nur schön? Einen guten Start in die neue Woche euch allen! https://t.co/alE3ZmR0o1</text>
  </Document>
  <Document id="930767558776639489">
    <relevance>false</relevance>
    <sentiment>neutral</sentiment>
    <Opinions/>
    <text>Ich kann einfach nicht verstehen , warum Eltern ihre Kinder in dunklen Klamotten und nicht funktionierender Beleuchtung mit dem Fahrrad auf die Straße lassen , einfa ch unverantwortlich . https://t.co/Il0CPAnyQb</text>
  </Document>
  <Document id="931167237813227520">
    <relevance>false</relevance>
    <sentiment>neutral</sentiment>
    <Opinions/>
    <text>Wenn der Tieflader zu hoch ist: Ein Lastwagen hat heute in einem #A17-Tunnel bei #Dresden erst eine Ampel und dann die Deckenbeleuchtung weggerissen. Die Folge: laaanger Stau! https://t.co/P85L3ThBXp #Sachsen https://t.co/KGD733g5Fv</text>
  </Document>
  <Document id="931446087990304768">
    <relevance>true</relevance>
    <sentiment>neutral</sentiment>
    <Opinions/>
    <text>Ein Eindruck von unserer Kontrollörtlichkeit am Hauptbahnhof, Einmündung zur Bonifaziusstraße.  #Radfahrsicherheit Zuviele sind mit mangelhafter Beleuchtung unterwegs und zuviele Autofahrer missachten die Beschilderung der Fußgängerzone. https://t.co/2K9lsrHI7X</text>
  </Document>
  <Document id="931544150394265601">
    <relevance>false</relevance>
    <sentiment>neutral</sentiment>
    <Opinions/>
    <text>Beleuchtung am Parkplatz Kirchgasse/Turmstraße - https://t.co/RCkOhsrDeE</text>
  </Document>
  <Document id="931959075537063936">
    <relevance>true</relevance>
    <sentiment>neutral</sentiment>
    <Opinions/>
    <text>Aber die Mio. Kosten für die 365Tage-24Stunden-Rundum-Festbeleuchtung des noch nicht eröffneten #BER fließen weiter. Sind ja „nur“ Steuergelder.  #Berlin #R2G 👎 https://t.co/cwMr1igbPl</text>
  </Document>
  <Document id="932296783417536512">
    <relevance>true</relevance>
    <sentiment>neutral</sentiment>
    <Opinions/>
    <text>Hauptbahnhof Freiburg in der Nacht mit Beleuchtung - Blick von der Stadtbahnbrücke: https://t.co/VEn9urTTn7 über @YouTube</text>
  </Document>
  <Document id="932715568171544576">
    <relevance>true</relevance>
    <sentiment>negative</sentiment>
    <Opinions>
      <Opinion category="Lighting#Availability" polarity="negative" from="17" to="37" target="Bahnsteigbeleuchtung" category_de="Beleuchtung#Betrieb"/>
    </Opinions>
    <text>#RE42 #RB33 Die 💡Bahnsteigbeleuchtung in #Viersen ist ausgefallen. Die Züge können deshalb nicht in Viersen halten.</text>
  </Document>
  <Document id="933313496112156672">
    <relevance>false</relevance>
    <sentiment>neutral</sentiment>
    <Opinions/>
    <text>Auf der Straße in der Innenstadt rasselt seit etlichen Minuten ein lauter LKW-Diesel. Sind die Kranwägen, die im umweltfreundlichen #Wien benutzt werden um Weihnachtsbeleuchtung zu montieren... 😫</text>
  </Document>
  <Document id="1068812346884349952">
    <relevance>false</relevance>
    <sentiment>neutral</sentiment>
    <Opinions/>
    <text>@joergprante Ich fahre lieber hinter einem Radler her, bis ich sicher bin, dass links genug Platz ist. Was mich im Moment aber triggert ist, dass es nicht wenige Leute gibt, die sich ohne, nur vorn oder nur hinten oder mit Funzelbeleuchtung auf die Straße trauen.</text>
  </Document>
  <Document id="933591025934839808">
    <relevance>false</relevance>
    <sentiment>neutral</sentiment>
    <Opinions/>
    <text>@SecretCoAuthor Ich komme damit klar. Was soll man machen? Straße auseinander schieben? Ich kann dieses Geheule meiner Verkehrsgenossen nicht mehr hören. Fahrt doch einfach mit offenen Augen und ausreichend Beleuchtung. Man muss nicht immer andere für sein Unvermögen verantwortlich machen.</text>
  </Document>
  <Document id="933702837569286144">
    <relevance>false</relevance>
    <sentiment>neutral</sentiment>
    <Opinions/>
    <text>@brechler_eanrw In Belgien sind die Autobahnen nachts voll ausgeleuchtet. Das ist sehr gut nicht nur bei schlechtem Wetter. Mit LED Beleuchtungssystemen müsste das hier auch zu machen sein.</text>
  </Document>
  <Document id="933755906499731457">
    <relevance>false</relevance>
    <sentiment>neutral</sentiment>
    <Opinions/>
    <text>@adrarab @BuBernd Dann hätte aber eine defekte Brandschutzanlage den Stau verursacht. Oder eine defekte Sprinkleranlage. Oder ein defektes Notwarnsystem. Oder eine defekte Sicherheitsbeleuchtung. Oder ...</text>
  </Document>
  <Document id="934097082016780289">
    <relevance>false</relevance>
    <sentiment>neutral</sentiment>
    <Opinions/>
    <text>Diese nette Radfahrerin ist ein schönes vorbildliches Beispiel für das #ErkennbarSein im Straßenverkehr. Funktionierende Beleuchtung, verkehrssicheres Fahrrad und zusätzliche Reflektoren an der Kleidung. https://t.co/ZSc7dwYY3m</text>
  </Document>
  <Document id="1050366234301263873">
    <relevance>false</relevance>
    <sentiment>neutral</sentiment>
    <Opinions/>
    <text>Alternativberuf für ehemalige Raumschiffkapitäne...?! 😲🤔🤣 Ltd. Uhura knipst die Tickets, &quot;Pille&quot; verkauft snacks im Bordrestaurant und Mr. Spock spricht &quot;faszinierende&quot; Durchsagen..?!  Ich schau mich mal um hier... https://t.co/STWpPhYD4e</text>
  </Document>
  <Document id="1050730658002292737">
    <relevance>false</relevance>
    <sentiment>neutral</sentiment>
    <Opinions/>
    <text>@wolfganggrabner Wir sagen immer wieder durch, dass unsere Kunden bitte auf ihr Gepäck achten sollen. Eine auf Wien getrimmte Durchsage ist uns nicht bekannt. Bist du dir sicher, dass genau dieser Wortlaut durchgesagt wurde?</text>
  </Document>
  <Document id="857230125368303616">
    <relevance>false</relevance>
    <sentiment>neutral</sentiment>
    <Opinions/>
    <text>Ich fahre Englisch. Durchsage zur Verspätung in Deutsch 13 Minuten, Französisch 30 minutes, Englisch 3 minutes. Arme Welsche...</text>
  </Document>
  <Document id="868124746101215232">
    <relevance>false</relevance>
    <sentiment>neutral</sentiment>
    <Opinions/>
    <text>@ChristianH_Roth Das ist wie mit der Durchsage ein Geisterfahrer sei unterwegs: Einer??? Tausende!!!</text>
  </Document>
  <Document id="868843187489710080">
    <relevance>false</relevance>
    <sentiment>neutral</sentiment>
    <Opinions/>
    <text>Der Besitzer hört die Durchsage nur vermutlich nicht... https://t.co/GVyk4iWBMV</text>
  </Document>
  <Document id="870175538505232384">
    <relevance>false</relevance>
    <sentiment>neutral</sentiment>
    <Opinions/>
    <text>@OlafHeinrich73 Gestern war Verspätung angeblich wegen eines &quot;Böschungsbrandes&quot;, so die Durchsage 🙄</text>
  </Document>
  <Document id="837648759131672578">
    <relevance>false</relevance>
    <sentiment>neutral</sentiment>
    <Opinions/>
    <text>ACHTUNG EINE WICHTIGE DURCHSAGE: Nicht bremsen beim Einfahren in den Elbtunnel, die Straße endet nicht!</text>
  </Document>
  <Document id="837984125957046272">
    <relevance>false</relevance>
    <sentiment>neutral</sentiment>
    <Opinions/>
    <text>@GegenVerrohung Durchsage im Radio: Schwerer Unfall. Kind wurde angefahren.Halten sie bitte Rettungsgasse frei. Dies passiert nicht.</text>
  </Document>
  <Document id="838497236178853889">
    <relevance>false</relevance>
    <sentiment>neutral</sentiment>
    <Opinions/>
    <text>Durchsagen Tipp für 2. März- Woche 2016 Kategorie: Verspätung https://t.co/CORJOAUHXp</text>
  </Document>
  <Document id="822061560092884992">
    <relevance>false</relevance>
    <sentiment>neutral</sentiment>
    <Opinions/>
    <text>Fast so toll wie das durchsagen der WM- Fußballstände (live miterlebt) https://t.co/QGzGfTlVtP</text>
  </Document>
  <Document id="814419025602154496">
    <relevance>false</relevance>
    <sentiment>neutral</sentiment>
    <Opinions/>
    <text>@PyonPyoncx 40 Minuten Verspätung und nichtmal ne' Durchsage. GG</text>
  </Document>
  <Document id="1071098948331421697">
    <relevance>false</relevance>
    <sentiment>neutral</sentiment>
    <Opinions/>
    <text>@wortwicht Wenn du dich da mit einem Kinderwagen durchkämpfen müsstest: 9,5 von 10. Vor allem, wenn sie einfach auf der Straße stehen können. Aber ein Auto muss abbremsen und ausweichen, geht ja gar nicht... ;)</text>
  </Document>
  <Document id="1071156184021901312">
    <relevance>true</relevance>
    <sentiment>neutral</sentiment>
    <Opinions/>
    <text>@yungpetrosyan @unbequem hab den nur ein mal am bahnhof gesehen, wohl mit seiner damaligen perle (absolut absturz, wirklich richtig übel) und kinderwagen</text>
  </Document>
  <Document id="1073309653721853953">
    <relevance>false</relevance>
    <sentiment>neutral</sentiment>
    <Opinions/>
    <text>@ZDFheute @sineb_el_media Was treibt Männer in den Islasismus ? Paschaerziehung ?  zB einfach im fetten X-BMW verschleiert beim Möbelmarkt vorfahren und den Kleinen mit ner fetten Spielzeugpistole auf dem Parkplatz rumballern lassen. 😡 Oder Kinderwagen gegen Verkehrsregeln mitten auf der Straße fahren.😡</text>
  </Document>
  <Document id="1073607653048369153">
    <relevance>false</relevance>
    <sentiment>neutral</sentiment>
    <Opinions/>
    <text>Wieder ein #Falschparker in #Nordrhein-Westfalen in Richrather Straße: #WegDa! regelmäßig nimmt sich dieseR AutofahrerIn zwei Drittel des Gehwegs und zwingt dadurch Eltern mit Kinderwagen und ältere Mitbürger auf die Fahrbahn. Nennt man das strukturelle Gewalt??! 14.12.2018 https://t.co/ZlFleGWwdZ</text>
  </Document>
  <Document id="1074283099142451200">
    <relevance>true</relevance>
    <sentiment>neutral</sentiment>
    <Opinions/>
    <text>Und als ich mal bei strömenden Regen mit Kinderwagen in die volle Bahn stieg. Und Mann mir sagte: mit Kinderwagen könnte ich laufen und junge Mütter seien ohnehin ein einziges großes Ärgernis. Toll war das!</text>
  </Document>
  <Document id="1075079128880218117">
    <relevance>false</relevance>
    <sentiment>neutral</sentiment>
    <Opinions/>
    <text>Wieder ein #Falschparker in #Frankfurt in Alt-Eschersheim: #WegDa! Das Fahrzeug steht direkt an der Ausfahrt wo das Parken verboten ist. Es verengt den Bürgersteig sodass unter anderem Kinderwagen über die Straße ausweichen müssen.  18.12.2018 https://t.co/kVnPv6G5dJ</text>
  </Document>
  <Document id="1049585606320361473">
    <relevance>false</relevance>
    <sentiment>neutral</sentiment>
    <Opinions/>
    <text>@polizeiberlin Das mit den Kinderwagen akzeptieren Mütter/ Väter nur leider nicht. Faulheit vor Brandschutz.</text>
  </Document>
  <Document id="894446424460587012">
    <relevance>false</relevance>
    <sentiment>neutral</sentiment>
    <Opinions/>
    <text>3M weiter rechts u #Fußgänger #Radfahrer #Rollis #kinderwagen hätten Straße überqueren können. Und das a Eingang e #Schule @StadtLeipzig https://t.co/SKdArKcFgo</text>
  </Document>
  <Document id="897327593325723648">
    <relevance>false</relevance>
    <sentiment>neutral</sentiment>
    <Opinions/>
    <text>Eltern die mit dem Kinderwagen in den Pendelverkehr gehen verachte ich ja xD</text>
  </Document>
  <Document id="882854499966226437">
    <relevance>false</relevance>
    <sentiment>neutral</sentiment>
    <Opinions/>
    <text>@einMATZEmalig Die Hunde, die in ein transportables Behältnis passen, sind nicht größer als ein Kinderwagen. /js</text>
  </Document>
  <Document id="885598108482023424">
    <relevance>false</relevance>
    <sentiment>neutral</sentiment>
    <Opinions/>
    <text>Auto fährt in Kinderwagen auf dem Gehweg – Einjährige tot: Hagen (dpa) – Bei einem Autounfall in Hagen im… https://t.co/X5T0oEZ9C5</text>
  </Document>
  <Document id="885698858499682304">
    <relevance>false</relevance>
    <sentiment>neutral</sentiment>
    <Opinions/>
    <text>Tödlicher Unfall in Hagen: Volvo rast in Kinderwagen: Gaffer filmen #Todeskampf   #Abartig. Einfach #primitiv</text>
  </Document>
  <Document id="885816167407001600">
    <relevance>false</relevance>
    <sentiment>neutral</sentiment>
    <Opinions/>
    <text>Unfall in Hagen - Einjährige im Kinderwagen totgefahren: Fahrer hat wohl gesundheitliche Probleme https://t.co/Isc5m3GiXY</text>
  </Document>
  <Document id="886255159810064384">
    <relevance>true</relevance>
    <sentiment>neutral</sentiment>
    <Opinions/>
    <text>Immer, wenn ich jetzt zwei Mütter mit Kinderwagen in einen U-Bahn-Waggon einsteigen sehe, denk ich an die Mütter-Eskalation in Bremen</text>
  </Document>
  <Document id="886944540153794560">
    <relevance>false</relevance>
    <sentiment>neutral</sentiment>
    <Opinions/>
    <text>@ttjnme Kinderwagen sind aber unvermeidbar. Also, wenn wir uns nicht in die Familienplanung einmischen wollen.</text>
  </Document>
  <Document id="887037916467298304">
    <relevance>false</relevance>
    <sentiment>neutral</sentiment>
    <Opinions/>
    <text>@seahawkbengals @BrKueppers @HSchwobel Am 'liebsten' sind mir ja Frauen, die ihren Kinderwagen vorneweg auf die dicht befahrene Straße schieben. Zwischen geparkten Autos!</text>
  </Document>
  <Document id="889839232407281665">
    <relevance>true</relevance>
    <sentiment>neutral</sentiment>
    <Opinions/>
    <text>Kinderwagen in der bahn regen mich insgeheim auf kahb lass dich doch von einem schwängern der geld für ein auto hat smh</text>
  </Document>
  <Document id="1052825969118117889">
    <relevance>true</relevance>
    <sentiment>neutral</sentiment>
    <Opinions/>
    <text>@Rabid_Glow Man muß sich da als Kinderwagen &quot;fahrer&quot; einfach weniger scheißen. Einfach immer vorbei an den Fußgängern die vor dem Aufzug stehen. In der Ubahn immer gleich auf Kontakt fahren wenn die Leute den Platz für den Kinderwagen nicht freigeben. So hab ich das gehandhabt.</text>
  </Document>
  <Document id="1052954529535275008">
    <relevance>false</relevance>
    <sentiment>neutral</sentiment>
    <Opinions/>
    <text>@Mikkogram @zeitonline Dazu müsste man den jungen Muttis mal verklickern, dass wenn man in ner Gruppe mit mehr als einem Kinderwagen, doch bitte hintereinander und nicht nebeneinander laufen soll. Da wird man auch nicht nur auf den Fahrradweg, sondern auch manchmal auf die Fahrbahn gedrängt.</text>
  </Document>
  <Document id="856526219386466304">
    <relevance>true</relevance>
    <sentiment>neutral</sentiment>
    <Opinions/>
    <text>Es hat mir mit Kinderwagen doch tatsächlich mal wieder jemand Platz gemacht in der Bahn. Kommt nur ca jede 10te Fahrt vor.</text>
  </Document>
  <Document id="856799300315226112">
    <relevance>false</relevance>
    <sentiment>neutral</sentiment>
    <Opinions/>
    <text>@PolizeiHamburg Wenn ich sehe, dass da auch Kinderwagen und Kinderfahrzeuge stehen, werde ich noch wütender!!</text>
  </Document>
  <Document id="858032103778373632">
    <relevance>false</relevance>
    <sentiment>neutral</sentiment>
    <Opinions/>
    <text>@_never_gr0w_up 😣 Verdammt seist  du Parkplatz Schild! Aber da ist kein Kinderwagen meistens drauf</text>
  </Document>
  <Document id="862966032973127680">
    <relevance>false</relevance>
    <sentiment>neutral</sentiment>
    <Opinions/>
    <text>Wenn man mal einen Unfall mit Pferd hatte, möchte man solchen Leuten übrigens den Kinderwagen wegnehmen.</text>
  </Document>
  <Document id="863041539043463169">
    <relevance>true</relevance>
    <sentiment>neutral</sentiment>
    <Opinions/>
    <text>@Cyomoon Mein Record war 7 Kinderwagen in einer u Bahn und alle in der selben Tür</text>
  </Document>
  <Document id="870531980655378432">
    <relevance>false</relevance>
    <sentiment>neutral</sentiment>
    <Opinions/>
    <text>ORF: Unfall: Baby aus Kinderwagen geschleudert https://t.co/WXa2iKRZQw</text>
  </Document>
  <Document id="872397311917391872">
    <relevance>true</relevance>
    <sentiment>neutral</sentiment>
    <Opinions/>
    <text>Leute, die sich VOR dem Kinderwagen in die Ubahn drängeln, um sich dann in den Bereich für eben diesen zu stellen.  Nichts als Verachtung.</text>
  </Document>
  <Document id="1053957586293346309">
    <relevance>true</relevance>
    <sentiment>neutral</sentiment>
    <Opinions/>
    <text>@braschworks @sixtus Genau. Und für den nächsten Harz Urlaub zahle ich 300€ nur um da hinfahren zu können? Oder soll ich mit Frau, Kind und Kegel, 3 Taschen, Kinderwagen und weiteren krims Krams mit Bus und Bahn fahren? Dabei vermutlich 20 mal umsteigen und am Ende der Reise völlig genervt sein?</text>
  </Document>
  <Document id="872724320216375296">
    <relevance>true</relevance>
    <sentiment>neutral</sentiment>
    <Opinions/>
    <text>Das Kind im Kinderwagen in der Bahn schreit: Batman, Batman! 😻</text>
  </Document>
  <Document id="873254278349107200">
    <relevance>false</relevance>
    <sentiment>neutral</sentiment>
    <Opinions/>
    <text>@papapastor es ist leider echt krass inzwischen. Die Leute denken nur: geil, Parkplatz! An Kinderwagen und Rollstühle denkt niemand :-(</text>
  </Document>
  <Document id="874144427232636928">
    <relevance>true</relevance>
    <sentiment>neutral</sentiment>
    <Opinions/>
    <text>Kleinkind im Kinderwagen starrt mich in der Bahn an.  Und zwar so vorwurfsvoll, als hätte ich das Balg persönlich so verzogen.</text>
  </Document>
  <Document id="850075226075521024">
    <relevance>false</relevance>
    <sentiment>neutral</sentiment>
    <Opinions/>
    <text>Hey @VHV_Gruppe, Auto wurde v.d. Straße geklaut. Normal, dass eure Hausrat nicht für d. Kinderwagen im Kofferraum zahlt? Frage für 1 Freund!</text>
  </Document>
  <Document id="851533045362548736">
    <relevance>false</relevance>
    <sentiment>neutral</sentiment>
    <Opinions/>
    <text>ich war spitzen formel-1 fahrer bis eines tages ein kinderwagen auf die bahn rollte den ich überfuhr  plottwist: das kind darin... war ich</text>
  </Document>
  <Document id="1055412880361840640">
    <relevance>true</relevance>
    <sentiment>neutral</sentiment>
    <Opinions/>
    <text>Ach Leute. Wie assi ist es, sich am Eingang der U-Bahn an den Eltern mit dem Kinderwagen vorbei zu drängeln, nur um denen den Sitzplatz wegzuschnappen?</text>
  </Document>
  <Document id="846972985386897408">
    <relevance>true</relevance>
    <sentiment>neutral</sentiment>
    <Opinions/>
    <text>Heute Aufzug U-Bahn, Mama mit zwei Söhnen einer noch im Kinderwagen unterwegs, wollen ein Bussi haben, Mama sagt... https://t.co/3uR12oQgKn</text>
  </Document>
  <Document id="839147787962966017">
    <relevance>true</relevance>
    <sentiment>neutral</sentiment>
    <Opinions/>
    <text>Leute die die Klappsitze in der Bahn nicht freimachen wenn Eltern mit Kinderwagen einsteigen 🙃</text>
  </Document>
  <Document id="827482268411260928">
    <relevance>true</relevance>
    <sentiment>neutral</sentiment>
    <Opinions/>
    <text>Aus dem Zug Verwiesener legt sich mit Bahn-Mensch an, der zurückblökt. Mutter mit Kinderwagen daneben will sich über Bahn-Mensch beschweren.</text>
  </Document>
  <Document id="825370922609758209">
    <relevance>true</relevance>
    <sentiment>neutral</sentiment>
    <Opinions/>
    <text>Props gehen raus an die Frau die ihren Kinderwagen quer in der Bus Tür geparkt hat. Öffentlicher Nahverkehr ist schlecht für den Blutdruck.</text>
  </Document>
  <Document id="825958737886269440">
    <relevance>false</relevance>
    <sentiment>neutral</sentiment>
    <Opinions/>
    <text>Wieder Brandstiftung in #Berlin, wieder Kinderwagen angezündet. Vergangene Nacht in #Mitte. https://t.co/46RFuI8WdH</text>
  </Document>
  <Document id="1049373296800817152">
    <relevance>true</relevance>
    <sentiment>neutral</sentiment>
    <Opinions/>
    <text>@ProCityBahn Heute, kurz vor 19 Uhr, in der 14 Richtung Klarenthal, ab Hauptbahnhof #Wiesbaden. Durchgezählt, 74 Fahrgäste. Wenige steigen an Kirchgasse aus, rund 40 steigen an allen Türen zu. Kein Kinderwagen, aber Rucksäcke, zwei Koffer. Also &quot;#Komfort&quot; geht anders!</text>
  </Document>
  <Document id="1049559813909344257">
    <relevance>true</relevance>
    <sentiment>negative</sentiment>
    <Opinions>
      <Opinion category="Lift#Availability" polarity="negative" from="55" to="61" target="Aufzug" category_de="Aufzug#Betrieb"/>
      <Opinion category="Escalator#Availability" polarity="negative" from="93" to="103" target="Rolltreppe" category_de="Rolltreppe#Betrieb"/>
      <Opinion category="GeneralBarrier#Main" polarity="negative" from="142" to="158" target="Treppenaufgängen" category_de="Allgemein_Barriere#Haupt"/>
    </Opinions>
    <text>S-Bahn Haltestelle Köln Hansaring : seit Tagen ist der Aufzug kaputt, seit gestern steht die Rolltreppe - und jetzt ist auch noch einer von 3 Treppenaufgängen abgesperrt. Geht's noch, liebe DB? Wollt ihr Geh-Behinderten und Kinderwagen den Zutritt versperren? #s11 #Köln #db https://t.co/hdYdKAwstn</text>
  </Document>
  <Document id="815239053318688769">
    <relevance>true</relevance>
    <sentiment>neutral</sentiment>
    <Opinions/>
    <text>#Graz #Verkehr #CityOfZweifelhaftigkeiten - Balkanfahrschein. Linie 4, Wagen 201, 31.12.2016. Kinderwagen +... https://t.co/5J2zjsEmXQ</text>
  </Document>
  <Document id="1044590405466148864">
    <relevance>false</relevance>
    <sentiment>neutral</sentiment>
    <Opinions/>
    <text>Dann muss es ihr aber schlecht gehen wenn sie mit so einem Kinderwagen ähnlichem Gefährt &quot;fahren&quot; muss.   https://t.co/9BcKS6LeZD</text>
  </Document>
  <Document id="818031510251040769">
    <relevance>false</relevance>
    <sentiment>neutral</sentiment>
    <Opinions/>
    <text>Auf der Straße Bekannte mit Kinderwagen getroffen. Erste Reaktion: &quot;Wann ist das denn passiert?&quot; | #Klapperstorch</text>
  </Document>
  <Document id="810491226344587264">
    <relevance>true</relevance>
    <sentiment>neutral</sentiment>
    <Opinions/>
    <text>Wenn Mütter mit Kinderwagen warten vor der Bahn stehen und erwarten dass du die Tür für sie öffnest .... (눈_눈)</text>
  </Document>
  <Document id="808401748914294784">
    <relevance>true</relevance>
    <sentiment>neutral</sentiment>
    <Opinions/>
    <text>Schönes Vorbild! Herzliche Grüße an den PHM der @bpol_air_fra, der sich am Kinderwagen vorbei in die Bahn gedrängelt hat. Schulungsbedarf?</text>
  </Document>
  <Document id="805435198540312576">
    <relevance>true</relevance>
    <sentiment>neutral</sentiment>
    <Opinions/>
    <text>RT @Syndikater: Köln. Knackevolle Bahn. Ein Doppelkinderwagen und 2 Fahrräder drängen rein. Fehlt nur noch eine Frau mit Harfe.</text>
  </Document>
  <Document id="801861001264119808">
    <relevance>false</relevance>
    <sentiment>neutral</sentiment>
    <Opinions/>
    <text>#Hamburg – Schock-Unfall in der City: Autofahrer rast in Kinderwagen. Mädchen (8 Monate) verletzt in Klinik! https://t.co/nqXQD3WsLp</text>
  </Document>
  <Document id="802135398805897216">
    <relevance>false</relevance>
    <sentiment>neutral</sentiment>
    <Opinions/>
    <text>@_blickwinkel_ Puh. Hier hat ein Radfahrer heute beinahe einen Kinderwagen auf dem Gehweg gerammt. Er fuhr da, obwohl die Straße frei war.</text>
  </Document>
  <Document id="802690197552926721">
    <relevance>true</relevance>
    <sentiment>neutral</sentiment>
    <Opinions/>
    <text>Eins muss ich schon zugeben. Der Flughafen in Katar bietet viel. Sehr saubere Toiletten. WLAN kostenfrei. Kinderwagen. Mac's zum surfen.</text>
  </Document>
  <Document id="1045340545785245696">
    <relevance>false</relevance>
    <sentiment>neutral</sentiment>
    <Opinions/>
    <text>Würmer, Läuse, vereiterte Wunden, Entzündungen aller Art... das kam erst nach meinem Vater alles. Währenddessen gab's nur den Unfall mit der aufgeplatzten Augenbraue, der attestiert werden kann. Halb ersticken, weil er mich im besoffenen Kopf falsch herum in den Kinderwagen</text>
  </Document>
  <Document id="1045367210598850560">
    <relevance>true</relevance>
    <sentiment>neutral</sentiment>
    <Opinions/>
    <text>HBF #Salzburg: Alkoholverbot. Zahlreiche Leute mit Bier in der Hand. Vor dem Haupteingang wanken &amp; schreien Kiffer &amp; Betrunkene herum...   2 blutjunge Polizistinnen kontrollieren vor Ort eine Zigeunerin mit Kinderwagen. Dann verlassen sie das Gelände...  🤔? Ich check's nimma.</text>
  </Document>
  <Document id="793708822841921536">
    <relevance>false</relevance>
    <sentiment>neutral</sentiment>
    <Opinions/>
    <text>Zeugen gesucht: Fußgänger und Kind im Kinderwagen angefahren, Fahrerflucht. Mehr unter https://t.co/mAtlWZovcd</text>
  </Document>
  <Document id="789829257644089344">
    <relevance>true</relevance>
    <sentiment>neutral</sentiment>
    <Opinions/>
    <text>wenn leute mit kinderwagen+koffer die sbahn türen blockieren hab ich echt ana on my chest</text>
  </Document>
  <Document id="1046028470122414086">
    <relevance>true</relevance>
    <sentiment>neutral</sentiment>
    <Opinions/>
    <text>Ich liebe Menschen die mit dem Kinderwagen den kompletten Durchgang in der Bahn blockieren und keinen Platz machen. Ist okay. Ich kriech einfach drunter durch</text>
  </Document>
  <Document id="786878687580917761">
    <relevance>false</relevance>
    <sentiment>neutral</sentiment>
    <Opinions/>
    <text>Wtf da ist so eine Mutter auf der Straße dass ihr Kind anbrüllt und am Kinderwagen rüttelt, damit es aufhört zu weinen</text>
  </Document>
  <Document id="788255566858686464">
    <relevance>false</relevance>
    <sentiment>neutral</sentiment>
    <Opinions/>
    <text>#Dresden: Kinderwagen angezündet - drei Verletzte https://t.co/1FedWFUGOW</text>
  </Document>
  <Document id="780455761688272900">
    <relevance>true</relevance>
    <sentiment>neutral</sentiment>
    <Opinions/>
    <text>@Martschl kenne zu viele solcher menschen, irgendwann schieb ich meinen kinderwagen durch den hauptbahnhof und kann alle grüßen</text>
  </Document>
  <Document id="776054576965451776">
    <relevance>true</relevance>
    <sentiment>neutral</sentiment>
    <Opinions/>
    <text>Da war gerade ein Typ in der Bahn, der sich darüber beschwert hat dass eine Frau einrn Kinderwagen vor nem Sitzplatz abgestellt hat -.-</text>
  </Document>
  <Document id="777564945894506497">
    <relevance>true</relevance>
    <sentiment>neutral</sentiment>
    <Opinions/>
    <text>Können sie mir bitte helfen den kinderwagen in die bahn zu heben?  Gerne https://t.co/SeRkIXKI06</text>
  </Document>
  <Document id="774204074363355137">
    <relevance>false</relevance>
    <sentiment>neutral</sentiment>
    <Opinions/>
    <text>RT @JoPennekamp: Sieht so der Koffer der Zukunft aus? Nach dem Kinderwagen will @Bugaboo den Koffer revolutionieren. #fazwoche https://t.co…</text>
  </Document>
  <Document id="1046795613805760512">
    <relevance>false</relevance>
    <sentiment>neutral</sentiment>
    <Opinions/>
    <text>MH Saarn: Verkehrsunfall mit Kinderwagen https://t.co/LFXKSBr8VC https://t.co/69ecH2mlmh</text>
  </Document>
  <Document id="771353843980496896">
    <relevance>false</relevance>
    <sentiment>neutral</sentiment>
    <Opinions/>
    <text>Zigarettenstummel landete in Kinderwagen in #Dortmund Harkortstraße  - Baby verletzt- Polizei sucht Zeugen- Bitte RT https://t.co/LePBm7tu7A</text>
  </Document>
  <Document id="771360224313741313">
    <relevance>false</relevance>
    <sentiment>neutral</sentiment>
    <Opinions/>
    <text>Es ist soweit. Ich spreche fremde Menschen auf der Straße an und frage, ob sie mit ihrem Kinderwagen zufrieden sind. https://t.co/8FV4Yx5uTs</text>
  </Document>
  <Document id="767742532184858624">
    <relevance>true</relevance>
    <sentiment>neutral</sentiment>
    <Opinions/>
    <text>Diese Buslinie: Wenn ein Kinderwagen drin ist, MUSS noch einer dazu!  Ein Fahrrad? Da MUSS noch eins dazu.   Nie ist hier Platz.</text>
  </Document>
  <Document id="767718346909515777">
    <relevance>true</relevance>
    <sentiment>neutral</sentiment>
    <Opinions/>
    <text>Menschen mit Kinderwagen sollten nich Bahn fahren dürfen</text>
  </Document>
  <Document id="764839991029760000">
    <relevance>true</relevance>
    <sentiment>neutral</sentiment>
    <Opinions/>
    <text>RT @itsexe: Hier in der Bahn ist ein Kleinkind im Kinderwagen mit Schuller und Tablet. Was?</text>
  </Document>
  <Document id="763692096436011008">
    <relevance>false</relevance>
    <sentiment>neutral</sentiment>
    <Opinions/>
    <text>Du kannst ja nicht mal auf meinen Sohn aufpassen! &quot;Du schon mal garnicht!&quot; keifte die Mutter und schob den Kinderwagen die Straße entlang.</text>
  </Document>
  <Document id="1047519862489329671">
    <relevance>false</relevance>
    <sentiment>neutral</sentiment>
    <Opinions/>
    <text>@PolizeiBerlin_E Really? Wir standen in der Invalidenstraße. Nichts war. Im Gegenteil, Passsanten mit Kindern, Rädern, Kinderwagen wurden in Richtung  Invalidenstraße abgedrängt. Ohne Chance über Gitter zu gelangen. Die kritischen Situationen haben sächsische Beamte selbst geschaffen. #b0310</text>
  </Document>
  <Document id="757587168827244544">
    <relevance>true</relevance>
    <sentiment>neutral</sentiment>
    <Opinions/>
    <text>Eingekreist von 3 Kinderwagen #U1 #ubahn</text>
  </Document>
  <Document id="756242305108025344">
    <relevance>true</relevance>
    <sentiment>neutral</sentiment>
    <Opinions/>
    <text>Heute in der Bahn waren 3 Kinderwagen mit schreienden Kinder, in dem Moment wünschte ich mir würde endlich das wegbeamen erfunden werden 😂😂😂</text>
  </Document>
  <Document id="752083310193549312">
    <relevance>false</relevance>
    <sentiment>neutral</sentiment>
    <Opinions/>
    <text>Woran das wohl liegt? An renitenten Rentnern und Müttern mit Kinderwagen! Da war doch was! https://t.co/zHwpIbBHTg</text>
  </Document>
  <Document id="1047981468088188936">
    <relevance>true</relevance>
    <sentiment>neutral</sentiment>
    <Opinions/>
    <text>@bartl_bee Ich meinte wegen dem Gedränge. Ich würde mit an Kinderwagen nicht mal Ubahn fahren. Dort in die Menschenmenge wär nicht meins</text>
  </Document>
  <Document id="750464833464725504">
    <relevance>false</relevance>
    <sentiment>neutral</sentiment>
    <Opinions/>
    <text>Schwerer Auto-Unfall: Kind aus Kinderwagen geschleudert https://t.co/J88TV2p4cc</text>
  </Document>
  <Document id="748905559206817792">
    <relevance>true</relevance>
    <sentiment>neutral</sentiment>
    <Opinions/>
    <text>Bin in der Bahn. Frau mit Kinderwagen steigt ein, telefoniert. Fährt einer Oma voll über die Füße und kriegts nicht mal mit. GG.</text>
  </Document>
  <Document id="748249419917762560">
    <relevance>true</relevance>
    <sentiment>neutral</sentiment>
    <Opinions/>
    <text>Und wir alle können einen Teil beitragen. Lasst doch einfach erst die junge Mutter mit ihrem Kinderwagen aus der Bahn steigen ..</text>
  </Document>
  <Document id="742330077304750080">
    <relevance>true</relevance>
    <sentiment>neutral</sentiment>
    <Opinions/>
    <text>Volltattoowierter Vater tanzt mit Kinderwagen durch den Bahnhof. 🙏😍</text>
  </Document>
  <Document id="743326333854322688">
    <relevance>true</relevance>
    <sentiment>neutral</sentiment>
    <Opinions/>
    <text>Was ist das beste am Morgen?Richtig!Eine völlig überfüllte Bahn!Natürlich quetscht sich auch noch n Kinderwagen rein!</text>
  </Document>
  <Document id="739363547612893185">
    <relevance>true</relevance>
    <sentiment>neutral</sentiment>
    <Opinions/>
    <text>Die Frau, die mit dem Kinderwagen die Bahn vollsperrt erklärt der Frau neben ihr, wie praktisch der Kinderwagen ist. Genau mein Humor.</text>
  </Document>
  <Document id="735944746980478976">
    <relevance>true</relevance>
    <sentiment>neutral</sentiment>
    <Opinions/>
    <text>RT @Karlsruher2: rollende Kinderwagen bei der #Bahn , hat einer mal ne Wasserwaage für die Aufsichtsbehörden ? ^^ https://t.co/1qHFza4QbJ v…</text>
  </Document>
  <Document id="1049176109911351298">
    <relevance>true</relevance>
    <sentiment>neutral</sentiment>
    <Opinions/>
    <text>Sorry, aber auch als Mutter mit Kinderwagen ist das kacke, wenn man sich MITTEN vor den Türen der U-Bahn hinstellt.</text>
  </Document>
  <Document id="737621844593774592">
    <relevance>false</relevance>
    <sentiment>neutral</sentiment>
    <Opinions/>
    <text>Wenn du 16 jährige mit Kinderwagen und deutlich älterem Freund, auf der Straße siehst...   Ich weiß nicht was ich fühlen soll :/</text>
  </Document>
  <Document id="737952156075069440">
    <relevance>true</relevance>
    <sentiment>neutral</sentiment>
    <Opinions/>
    <text>Fünf Kinderwagen auf zehn Quadratmeter Bahn sind eindeutig zu viele</text>
  </Document>
  <Document id="735351025671016448">
    <relevance>true</relevance>
    <sentiment>neutral</sentiment>
    <Opinions/>
    <text>#Kinderwagen in #Bus und #Bahn! Jetzt kommen auch noch #Tretroller dazu!! @hochbahn das wäre doch mal ne extra Einnahmequelle! #HVV</text>
  </Document>
  <Document id="734709929332871169">
    <relevance>true</relevance>
    <sentiment>neutral</sentiment>
    <Opinions/>
    <text>In meiner S-Bahn reist eine Frau mit einem Kinderwagen, in dem Motorsäge, Kreissäge und diverse Handsägen liegen. Ich bin sehr höflich.</text>
  </Document>
  <Document id="727521927527542785">
    <relevance>true</relevance>
    <sentiment>neutral</sentiment>
    <Opinions/>
    <text>Kinderwagentetris in der M5. Alles wie immer.  #weilwirdichlieben</text>
  </Document>
  <Document id="729565762042605568">
    <relevance>true</relevance>
    <sentiment>neutral</sentiment>
    <Opinions/>
    <text>Wenn mir zwei Mütter mit Kinderwagen erzählen, dass mein hund und ich aussteigen sollen, damit Platz in der Bahn ist.  Ich glaub ich spinne.</text>
  </Document>
  <Document id="729678531794481153">
    <relevance>false</relevance>
    <sentiment>neutral</sentiment>
    <Opinions/>
    <text>Das Gegenteil ist der Fall. Das wird ein running Gag für lange Zeit.  Mit Kinderwagen aber alles andere als witzig. https://t.co/irieNEt7Nk</text>
  </Document>
  <Document id="729916803120517120">
    <relevance>true</relevance>
    <sentiment>neutral</sentiment>
    <Opinions/>
    <text>Kind in Kinderwagen in der Ubahn hält sich an der Stange fest wie ein großer 🌚 Richtig cute 😄</text>
  </Document>
  <Document id="1043450301381074945">
    <relevance>false</relevance>
    <sentiment>neutral</sentiment>
    <Opinions/>
    <text>Wer ne Mutter mit Kinderwagen auf einer viel befahrenen Straße in der Mitte stehen lässt, weil anhalten und sie über die Straße lassen, ja zu lange dauern würde, ist auch irgendwie ein Arschloch.  Oder ich habe heute einfach meinen menschenfreundlichen Tag.</text>
  </Document>
  <Document id="731039145838186496">
    <relevance>false</relevance>
    <sentiment>neutral</sentiment>
    <Opinions/>
    <text>@BayViertel @cjgaebler @Polizeihassel @salih_wolter Fußgängerinnen, Kinderwagen und Rollstühle sind auf dieser Baustelle nicht vorgesehen.</text>
  </Document>
  <Document id="722801354637447168">
    <relevance>false</relevance>
    <sentiment>neutral</sentiment>
    <Opinions/>
    <text>Lebe in einer Straße in der einige Vertriebene untergebracht wurden. Typ mit Freundin und Kinderwagen gröhlt “Flüchtlinge raus!”</text>
  </Document>
  <Document id="1043515960781692928">
    <relevance>false</relevance>
    <sentiment>neutral</sentiment>
    <Opinions/>
    <text>Wir sind aus dem Urlaub zurück und auf unserem Buggy-Parkplatz steht jetzt ein anderer Kinderwagen. Tolle Wurst. Wir haben uns also direkt an die Tür gestellt. Eben klingelt es, „wir haben uns ausgesperrt, könnt ihr uns aufmachen?“ und ich hab aufgemacht bevor ich daran gedacht</text>
  </Document>
  <Document id="720666860505722880">
    <relevance>true</relevance>
    <sentiment>neutral</sentiment>
    <Opinions/>
    <text>@bolizist oder den bastard mit dem kinderwagen und den puppen durch bahnhof jagen</text>
  </Document>
  <Document id="712638737633701888">
    <relevance>false</relevance>
    <sentiment>neutral</sentiment>
    <Opinions/>
    <text>RT @rpo_duesseldorf: Ein Restaurant-Besitzer bietet an, die Kinderwagen seiner Kunden zu parken. Eine Mutter findet das kinderfeindlich. ht…</text>
  </Document>
  <Document id="710859811425017856">
    <relevance>true</relevance>
    <sentiment>neutral</sentiment>
    <Opinions/>
    <text>Eine ganze Brigade Kinderwagenmuttis quetscht sich in die Bahn. Die Lautstärke ist unerträglich. Und ich meine nicht die armen Kinder!</text>
  </Document>
  <Document id="1043829074756608000">
    <relevance>false</relevance>
    <sentiment>neutral</sentiment>
    <Opinions/>
    <text>@freie_presse Wo sind eigentlich die ganzen &quot;besorgten Bürger&quot;, wenn Kinderwagen in Brand gesteckt werden, weil die Eltern vermutlich die &quot;falsche&quot; Religion haben? Die Forderung nach mehr Sicherheit muss für alle gelten!</text>
  </Document>
  <Document id="709392229530529792">
    <relevance>true</relevance>
    <sentiment>neutral</sentiment>
    <Opinions/>
    <text>Ich bin übrigens auch diejenige, die Müttern an der UBahn Treppe mit dem Kinderwagen hilft, während die Männer einfach vorbeilaufen.</text>
  </Document>
  <Document id="707883230217826305">
    <relevance>true</relevance>
    <sentiment>neutral</sentiment>
    <Opinions/>
    <text>Hier rennt eine mit ne Kinderwagen über ne Straße um n Bus zu kriegen.  Mutter des Jahres.</text>
  </Document>
  <Document id="704060750701002752">
    <relevance>false</relevance>
    <sentiment>neutral</sentiment>
    <Opinions/>
    <text>RT @Rosenmarmelade: Ich mag ja Muttis die in Kinderwagen-Keilformation die Straße sperren. Wie Kriegselefanten in Age of Empires.</text>
  </Document>
  <Document id="696798873705181188">
    <relevance>true</relevance>
    <sentiment>neutral</sentiment>
    <Opinions/>
    <text>5-köpfige Familie in der Bahn und alle futtern Döner. Außer das Kind im Kinderwagen - das schreit.</text>
  </Document>
  <Document id="695545228242108416">
    <relevance>true</relevance>
    <sentiment>neutral</sentiment>
    <Opinions/>
    <text>Berliner*innen versperren Aussteigenden Weg, ein Kinderwagenschieber streift sie. Sie rollen die Augen und steigen in die Bahn. Wie Köln.</text>
  </Document>
  <Document id="693175311790403585">
    <relevance>true</relevance>
    <sentiment>neutral</sentiment>
    <Opinions/>
    <text>Vor 2-3 Jahren. Sie war immer mit ihrem Kinderwagen in der Bahn. Seit zwei Jahren fahre ich die Strecke nicht mehr, seitdem nicht gesehen.</text>
  </Document>
  <Document id="689422330947198976">
    <relevance>true</relevance>
    <sentiment>neutral</sentiment>
    <Opinions/>
    <text>Und so viele Kinderwagen in der U-Bahn. Was ist denn heute nur los?</text>
  </Document>
  <Document id="601786722037452800">
    <relevance>true</relevance>
    <sentiment>neutral</sentiment>
    <Opinions/>
    <text>Kinderwagen-Karawane in der Bahn 😑</text>
  </Document>
  <Document id="602262737012535297">
    <relevance>true</relevance>
    <sentiment>neutral</sentiment>
    <Opinions/>
    <text>Mich sollte man morgen nicht in der S-Bahn im Kinderwagen, was muss einsteigen?</text>
  </Document>
  <Document id="602437097534967808">
    <relevance>true</relevance>
    <sentiment>neutral</sentiment>
    <Opinions/>
    <text>Ich setzte mich in der U-Bahn am liebsten zu den Einzelsitzen,da ist dann meistens auch der Platz für die Kinderwagen,dann muss ich aufstehn</text>
  </Document>
  <Document id="603820267887005696">
    <relevance>true</relevance>
    <sentiment>neutral</sentiment>
    <Opinions/>
    <text>die abbildung &quot;mit dem kinderwagen unterwegs&quot; auf der zwei männer den wagen aus der bahn heben</text>
  </Document>
  <Document id="605403550383009794">
    <relevance>true</relevance>
    <sentiment>neutral</sentiment>
    <Opinions/>
    <text>Alte Vettel geht in der Bahn zum quengeligen Kind im Kinderwagen, beugt sich vor und sagt: &quot;Sei froh, dass du nicht mir gehörst.&quot; wtf?</text>
  </Document>
  <Document id="682495864812781569">
    <relevance>false</relevance>
    <sentiment>neutral</sentiment>
    <Opinions/>
    <text>Kurierfahrzeug auf Parkplatz m Kinderwagensymbol.Drauf angesprochen, verdeutlicht der Fahrer ausfallend,dass er das Schild nicht versteht</text>
  </Document>
  <Document id="676710193955217408">
    <relevance>true</relevance>
    <sentiment>neutral</sentiment>
    <Opinions/>
    <text>Sie: &quot;Sie:&quot;Friedrichstraße Nähe u-Bahnhof Stadtmitte, ich lief mit meiner Freundin und Kinderwagen an dir vorbei,... https://t.co/bqLbl3dZzG</text>
  </Document>
  <Document id="678198178496278528">
    <relevance>true</relevance>
    <sentiment>neutral</sentiment>
    <Opinions/>
    <text>Und dann siehst du in der Kölner Ubahn ne 15 Jährige mit nem kinderwagen</text>
  </Document>
  <Document id="664139352365142016">
    <relevance>true</relevance>
    <sentiment>neutral</sentiment>
    <Opinions/>
    <text>Die vermutlich einzige Bahn, die nicht niederflur ist und spontan wächst allen Leuten ein Kinderwagen.</text>
  </Document>
  <Document id="664723594585513984">
    <relevance>true</relevance>
    <sentiment>neutral</sentiment>
    <Opinions/>
    <text>In der Bahn ist ein rosafarbener Kinderwagen mit Leopardenmusterapplikationen.  Alles wie immer.</text>
  </Document>
  <Document id="665593845627928577">
    <relevance>true</relevance>
    <sentiment>neutral</sentiment>
    <Opinions/>
    <text>grad zwei punker mit 1 kinderwagen in bahn eingestiegen und 1 rentner kuckt sie die ganze zeit richtig angewidert an Beste leben!</text>
  </Document>
  <Document id="667018284341043200">
    <relevance>true</relevance>
    <sentiment>neutral</sentiment>
    <Opinions/>
    <text>Hab heute in der U-Bahn ein ca. 2-jähriges Kleinkind im Kinderwagen mit Kopftuch gesehen. Sorry, dafür fehlt mir jedes Verständnis...</text>
  </Document>
  <Document id="669857490746609664">
    <relevance>true</relevance>
    <sentiment>neutral</sentiment>
    <Opinions/>
    <text>Hier steht ein Kinderwagen mitsamt Kind in der Bahn für das sich irgendwie nmnd zuständig fühlt.. Wem gehört dieses Kind?!</text>
  </Document>
  <Document id="1028975528320090112">
    <relevance>false</relevance>
    <sentiment>neutral</sentiment>
    <Opinions/>
    <text>Mutter mit #Kinderwagen von Auto erfasst  #Frankfurt #Unfall https://t.co/xYV54w9nbx</text>
  </Document>
  <Document id="671694859087036416">
    <relevance>true</relevance>
    <sentiment>neutral</sentiment>
    <Opinions/>
    <text>Ja, genau, da wo schon ein Kinderwagen und mehrere Erwachsene stehen, passt auf jeden Fall noch ein voll bepacktes Fahrrad in die U-Bahn.</text>
  </Document>
  <Document id="671934546519171072">
    <relevance>true</relevance>
    <sentiment>neutral</sentiment>
    <Opinions/>
    <text>RT @HerrLevin_: Genau, Rauch doch einfach am Bahnhof neben einem Kinderwagen. Asozialer und rücksichtsloser geht's wohl nicht?</text>
  </Document>
  <Document id="657101513505054720">
    <relevance>true</relevance>
    <sentiment>neutral</sentiment>
    <Opinions/>
    <text>Menschen mit Kinderwagen in der Bahn. Anzöndöön.</text>
  </Document>
  <Document id="658978016039706624">
    <relevance>true</relevance>
    <sentiment>neutral</sentiment>
    <Opinions/>
    <text>+++ Blockierten junge Mütter mit Kinderwagen tatsächlich Start- &amp; Landebahn auf süddeutschem Flughafen? +++  https://t.co/nZPyd1LkRo</text>
  </Document>
  <Document id="659726709860786176">
    <relevance>false</relevance>
    <sentiment>neutral</sentiment>
    <Opinions/>
    <text>Die größten Player meiner Straße sind mittlerweile nicht mehr so coole, mit ihrer Cousine-verheiratete &amp; kinderwagen-schiebende Waschlappen</text>
  </Document>
  <Document id="660422365613047808">
    <relevance>false</relevance>
    <sentiment>neutral</sentiment>
    <Opinions/>
    <text>#A3 Tuk Tuk tuckert über die Autobahn; #Wiesbaden Kinderwagen und Dreirad entwendet; #Navis geklaut; Blitzerreport https://t.co/wRej8PkuE1</text>
  </Document>
  <Document id="662156768785661952">
    <relevance>true</relevance>
    <sentiment>neutral</sentiment>
    <Opinions/>
    <text>Hey, morgendliche Rush-Hour. Da spring ich doch schnell mal mit meinem Fahrrad UND meinem Kinderwagen in die U-Bahn! LOLOLOLOL</text>
  </Document>
  <Document id="662527734564978688">
    <relevance>true</relevance>
    <sentiment>neutral</sentiment>
    <Opinions/>
    <text>Jetzt bin ich schuld, dass der Zug 2 Minuten Verspätung hat. xD Aber der Mann mit dem Kinderwagen wollte noch mit fahren.</text>
  </Document>
  <Document id="651000426075168768">
    <relevance>true</relevance>
    <sentiment>neutral</sentiment>
    <Opinions/>
    <text>Bahnhof in Perlach: Am Bahnsteig: Eltern vergessen Kinderwagen mit Baby http://t.co/MQyGg5SRw3</text>
  </Document>
  <Document id="1030074742043291648">
    <relevance>false</relevance>
    <sentiment>neutral</sentiment>
    <Opinions/>
    <text>@SheeplntheDark Ich auch. Hier gibt es 2 junge Mütter mit Kinderwagen +Kleinkind und 2 Hunden, die (auch bei hohem Verkehrsaufkommen) immer einen Hund unangeleint haben. Ordnungsamt schon xmal verwarnt, aber die finden immer eine neue Ausrede.</text>
  </Document>
  <Document id="1031527799113371648">
    <relevance>true</relevance>
    <sentiment>neutral</sentiment>
    <Opinions/>
    <text>Ich musste mir gerade sagen lassen, dass mit meinem Gehirn etwas nicht stimmt, weil ich eine Frau in der Bahn bat, mit ihrem Fahrrad ein wenig Platz für meinen Kinderwagen zu machen. Mehr muss man über Menschen nicht wissen.</text>
  </Document>
  <Document id="1032013176408354816">
    <relevance>true</relevance>
    <sentiment>neutral</sentiment>
    <Opinions/>
    <text>Gestern um 9 am Bahnhof als mit Multipackkinderwagen zwei sehr kleine, verhüllte Frauen, offensichtlich aus dem Turkmenisch - Uigurischen Raum.  Kommen jetzt schon die Uiguren? #Merkelmussweg https://t.co/yCO6IvZ5SP</text>
  </Document>
  <Document id="1032517052756570112">
    <relevance>true</relevance>
    <sentiment>neutral</sentiment>
    <Opinions/>
    <text>Guten Morgen, heute bei uns u.a.: Aufklärung nach Bekanntwerden bisanter Details zum Polizeieinsatz gegen ZDF-Team gefordert, Pharmaskandal größer als bekannt? Kohlekommission tagt, LTE in der U-Bahn, Zekiwa jetzt im Kinderwagenmuseum, Österreichs Bundeskanzler in Erfurt</text>
  </Document>
  <Document id="1035070174804815872">
    <relevance>true</relevance>
    <sentiment>neutral</sentiment>
    <Opinions/>
    <text>@KJoschim @focusonline ...man hat zB mal probiert mich in der Berliner UBahn abzuziehen. Die Bahn war so voll dass die Leute dicht an dicht standen. Die einzigste die was sagt war eine Mutter mit Kinderwagen. Da könnten die größten Schränke sitzen - Schnips “Ich bin nicht hier.” Niemand hilft.</text>
  </Document>
  <Document id="1035243424973316099">
    <relevance>false</relevance>
    <sentiment>neutral</sentiment>
    <Opinions/>
    <text>@WahlheimatRuhr Das ist doch der Parkplatz für Kinderwagen und der ist halt rot, offenes Verdeck, Platz für eine Person ... paßt. #Nuckelpinne</text>
  </Document>
  <Document id="1035786336500891648">
    <relevance>false</relevance>
    <sentiment>neutral</sentiment>
    <Opinions/>
    <text>#Rostock #GroßKlein: #Kinderwagen im Flur eines Mehrfamilienhauses angezündet   ➡️https://t.co/RcTkWED5Y3 https://t.co/krgkIMja4s</text>
  </Document>
  <Document id="1035810183262490624">
    <relevance>false</relevance>
    <sentiment>neutral</sentiment>
    <Opinions/>
    <text>Gefährlicher Gehweg für Kinder und Eltern mit Kinderwagen sowie Senioren &gt;&gt;Hammerstrasse&lt;&lt; Höhe Südapotheke/ Rewe - Radfahrer heizen, Klingeln nehmen keine Rücksicht auf Fußgänger. @Polizei_nrw_ms unmögliche Verkehrsregelung in der Baustelle.</text>
  </Document>
  <Document id="1037386293569830913">
    <relevance>false</relevance>
    <sentiment>neutral</sentiment>
    <Opinions/>
    <text>Wieder ein #Falschparker in #Düsseldorf in Paulusstraße: #WegDa! Es ist kaum möglich mit Kinderwagen an dem Fahrzeug vorbeizukommen. Ein Feuerwehrfahrzeug passt nicht durch die Straße  05.09.2018 https://t.co/y7Jw67X5zJ</text>
  </Document>
  <Document id="1038393911922892801">
    <relevance>true</relevance>
    <sentiment>neutral</sentiment>
    <Opinions/>
    <text>Ist auch etwas was ich hasse wenn ich Eltern sehe, welche in der einen Hand ihr Handy haben und in der anderen den Kinderwagen. Gerade an der Straße oder am Bahnsteig kann das ganz schnell gefährlich werden...</text>
  </Document>
  <Document id="1038789449218514945">
    <relevance>true</relevance>
    <sentiment>neutral</sentiment>
    <Opinions/>
    <text>Beim U-Bahn fahren triggern mich ständig die Leute mit Kinderwagen Könnt ihr 1 mal im Leben nicht komplett Dumm sein und Quer im Weg stehen oder in der Tür Die Leute sollten wirklich ein Zusatzticket dafür Zahlen damit sie Leiden und nicht nur alle anderen Mitfahrer</text>
  </Document>
  <Document id="1040530588921409536">
    <relevance>true</relevance>
    <sentiment>neutral</sentiment>
    <Opinions/>
    <text>Abartig hier am Bahnhof. Dealende Afros, vermummte Weiber die den Busfahrer beschimpfen.  Mütter mit Säuglingen die unbedingt rauchen müssen, Kinderwagen und Zigarette im Gesicht.  Asozialer geht es nicht.  #asozial #zigatetten #vermummte #busfahrer</text>
  </Document>
  <Document id="1042347234870931457">
    <relevance>true</relevance>
    <sentiment>neutral</sentiment>
    <Opinions/>
    <text>@nicolediekmann BVG, rappelvoll, älterer Herr steigt ein, jüngere Frau steht auf und bietet Platz an. An U Bahn Haltestelle junge Mutter mit Kinderwagen steht an Treppe, 1 Passantin  bietet Hilfe beim Runtertragen an.</text>
  </Document>
  <Document id="1009151023208857601">
    <relevance>true</relevance>
    <sentiment>neutral</sentiment>
    <Opinions/>
    <text>@bodomitmbagger @tweetytier @hochbahn Genau, nicht zwingend. Zudem stehen ja nicht nur die Kinderwagen da. Jeder größere umsteige Bahnhof stehen teilweise bis zu 20 Fahrgäste, wenn dann noch Kinder dabei sind bist du nur konzentriert das dir keiner zwischen Bus und kantstein kommt.</text>
  </Document>
  <Document id="1011839706877841408">
    <relevance>true</relevance>
    <sentiment>neutral</sentiment>
    <Opinions/>
    <text>@FriederikeKrick @MartinMay678 @SPIEGELONLINE Ein Schwager Typ zerstreuter Professor hatte nicht nur mit Kindersocken seine Probleme, sondern auch den Kindern selbst. So ist ihm bei Abholung von K1 aus Kita erst in U-Bahn aufgefallen, dass er K2 mitsamt Kinderwagen in Kita hatte stehen lassen. 😂</text>
  </Document>
  <Document id="1014812492726525953">
    <relevance>true</relevance>
    <sentiment>neutral</sentiment>
    <Opinions/>
    <text>#Sbahn #Gschichten Meine Damen und Herren, leider haben wir nun 15 min Verspätung sie werden es kaum glauben. Aber leider hat eine Mutter Ihr Kind im Kinderwagen sowie Koffer bei uns im Zug vergessen und ist mit einer anderen Sbahn weiter gefahren...   #Sbahn #München 😂🙄🤔</text>
  </Document>
  <Document id="1015103262855454726">
    <relevance>false</relevance>
    <sentiment>neutral</sentiment>
    <Opinions/>
    <text>Radweg? Abgesenkte Fahrbahn? Durchkommen für Rollis und Kinderwagen? Kreuzungsbereich? #Rüpelparker in #Hamburg sind #Alltag @PolizeiHamburg übernehmen Sie. https://t.co/c8tTacODJQ</text>
  </Document>
  <Document id="1015244866169733121">
    <relevance>false</relevance>
    <sentiment>neutral</sentiment>
    <Opinions/>
    <text>@zeitonline Ein Blick in die Kinderwagen auf DE Straßen erklärt alles. Da ist es ziemlich bunt geworden. Kinder schieben Tandem-Kinderwagen vor sich her. Endlich greifen die finanz. Anreize.  Die Linken päppeln ihre Wähler hoch.</text>
  </Document>
  <Document id="1016245151155544070">
    <relevance>true</relevance>
    <sentiment>neutral</sentiment>
    <Opinions/>
    <text>Ich tanze als der peinliche Dicke zu meiner Musik im Ohr über den U-Bahnhof um besser drauf zu kommen. Breit grinsende Kinderwagenkider helfen auch. Habe trotzdem noch Angst zur Ärztin zu gehen...</text>
  </Document>
  <Document id="1016607844202876930">
    <relevance>true</relevance>
    <sentiment>neutral</sentiment>
    <Opinions/>
    <text>@MikeEhrhardt Das kann man gewiß mit der S-Bahn machen, aber nicht mit einem Fernzug HH-Chur...die armen Fahrgäste mit Kinderwagen u/o  vielen Koffern :(</text>
  </Document>
  <Document id="1017690997172719616">
    <relevance>true</relevance>
    <sentiment>neutral</sentiment>
    <Opinions/>
    <text>@Blck2Butterfly Ganz selten mag das auch Sinn machen - hab am Flughafen (Menschenmenge!) eine Mutter mit Gepäck, Zwillingskinderwagen für Babies und aufmüpfigem Kleinkind gesehen (letzteres an Leine)... 😥</text>
  </Document>
  <Document id="1018051730272120832">
    <relevance>false</relevance>
    <sentiment>neutral</sentiment>
    <Opinions/>
    <text>@StZ_NEWS Seltsame Wortwahl ... das Auto kommt von der Fahrbahn ab und erfasst den Kinderwagen? Nach dem Fahrer wird gesucht.?  Ehrliche Überschrift wäre „Autofahrer überfährt Frau und Kind auf dem Gehweg und flüchtet“</text>
  </Document>
  <Document id="1018067749069828096">
    <relevance>false</relevance>
    <sentiment>neutral</sentiment>
    <Opinions/>
    <text>Frau mit Kinderwagen auf Schutzweg erfasst https://t.co/DXhRiaNdvb https://t.co/wmShDC8LML</text>
  </Document>
  <Document id="1018092073524842499">
    <relevance>false</relevance>
    <sentiment>neutral</sentiment>
    <Opinions/>
    <text>RT @WirtschaftDE: 🌏 Auto rammt Kinderwagen – Frau und Baby tot – Autofahrer begeht Fahrerflucht: Nach einem Unfall in Baden-Württemberg sin…</text>
  </Document>
  <Document id="1018105606287314944">
    <relevance>false</relevance>
    <sentiment>neutral</sentiment>
    <Opinions/>
    <text>Unfall mit Fahrerflucht: Auto rammt Kinderwagen - Frau und Baby sterben Das ist ja schrecklich https://t.co/t2gnOkukXV via @SPIEGELONLINE</text>
  </Document>
  <Document id="1018206028121460737">
    <relevance>false</relevance>
    <sentiment>neutral</sentiment>
    <Opinions/>
    <text>Unfall: Auto erfasst Kinderwagen – Frau und Baby tot, Fahrer flieht: Ein Autofahrer ist von der Straße.. https://t.co/VfNrgyWukq</text>
  </Document>
  <Document id="1018501683402428416">
    <relevance>false</relevance>
    <sentiment>neutral</sentiment>
    <Opinions/>
    <text>⭐ Tödlicher Unfall mit Kinderwagen in Gaggenau: Spurenauswertung nach Fahrerflucht ⭐ Mehr hier ▶ https://t.co/RjIt3RENsv ◀ https://t.co/lqVbZIfNp2</text>
  </Document>
  <Document id="1019010631926722560">
    <relevance>false</relevance>
    <sentiment>neutral</sentiment>
    <Opinions/>
    <text>@Skillbert315 @AtheistenIno :D = kinderwagen der auf straße rollt</text>
  </Document>
  <Document id="1019680848587689995">
    <relevance>false</relevance>
    <sentiment>neutral</sentiment>
    <Opinions/>
    <text>@bicionado @RebeccaInBlue Einen Kinderwagen als sperrigen Gegenstand mit Nutzungspflicht der Fahrbahn zu bezeichnen ist in meinen Augen etwas weit hergeholt. Und nein, sie hat mit dem Wagen keine anderen 🚶 behindert...</text>
  </Document>
  <Document id="1019981417906831361">
    <relevance>false</relevance>
    <sentiment>neutral</sentiment>
    <Opinions/>
    <text>Mann belästigt aus Gruppe eine junge Mutter mit Kinderwagen !! sexuell und schlägt ihr dann mehrfach unvermittelt ins Gesicht. Personenbeschreibung, Zeugen gesucht! #Würzburg https://t.co/wGRwUvxkWZ</text>
  </Document>
  <Document id="1020938193754116101">
    <relevance>false</relevance>
    <sentiment>neutral</sentiment>
    <Opinions/>
    <text>Bin gestern die leicht abschüssige Straße einem hinabrollenden Kinderwagen (zum Glück leer) nachgelaufen während der Vater Eis kaufte. Sein drei halbwüchsigen Buben schauten mich grinsend an, als ich außer Atem den Wagen raufschob. Wie in der Schule.</text>
  </Document>
  <Document id="1023162283625799680">
    <relevance>false</relevance>
    <sentiment>neutral</sentiment>
    <Opinions/>
    <text>Sie kühlten sich in See ab - Eltern lassen Kinderwagen mit Baby in Sonne stehen! https://t.co/KQ4SyF3XfB</text>
  </Document>
  <Document id="1023278671996571648">
    <relevance>false</relevance>
    <sentiment>neutral</sentiment>
    <Opinions/>
    <text>Bevor wir uns heute unserer Baustelle gewidmet haben, haben Sam und ich eine große Runde mit dem Kinderwagen gedreht. Sobald er dann zu seinen Vormittagsschlaf bereit war, ging es für… https://t.co/Zlql0zbSYg</text>
  </Document>
  <Document id="1025473850828627969">
    <relevance>false</relevance>
    <sentiment>neutral</sentiment>
    <Opinions/>
    <text>#Mühlhausen (ots) - Am Freitagmittag ist ein vier Monate altes Kind bei einem Unfall in Mühlhausen schwer verletzt worden. Die 25-jährige Mutter überquerte mit ihrem Kinderwagen den... https://t.co/Yfu04xCbVg</text>
  </Document>
  <Document id="1027151804679770112">
    <relevance>false</relevance>
    <sentiment>neutral</sentiment>
    <Opinions/>
    <text>Unfall in München-Haidhausen: Lkw-Fahrer übersieht Mutter mit Kinderwagen https://t.co/NtJPRom2p8</text>
  </Document>
  <Document id="1027170829367496704">
    <relevance>false</relevance>
    <sentiment>neutral</sentiment>
    <Opinions/>
    <text>@klaus_hammer @lexLohr @BerlinCyclist wegen der achso höhen Betriebsgefahr https://t.co/8srEBV4YLg von Rädern, oder weil das bei den automobilen Straftätern schon so toll funktioniert https://t.co/CDWQ2bS4mO? Ich bin ja für Nummernschildern an Kinderwagen, die Muttis fahren wie die Henker! https://t.co/UMdICu9qLN</text>
  </Document>
  <Document id="1008614052652834818">
    <relevance>true</relevance>
    <sentiment>neutral</sentiment>
    <Opinions/>
    <text>Phänomen 643: Frau mit Kinderwagen am U-Bahnsteig. Du versuchst dich maximal entfernt in die Bahn zu begeben, doch wie von Geisterhand schafft es das Gespann direkt neben dich https://t.co/gjHrYbvnEm</text>
  </Document>
  <Document id="1005530658230415362">
    <relevance>false</relevance>
    <sentiment>neutral</sentiment>
    <Opinions/>
    <text>Ich entschied mich mit den Kindern etwas spazieren zu gehen, da wir ohnehin noch einigen Drogeriekram brauchten.   Also zogen wir los.  Und gingen unsere Straße mit dem Kinderwagen entlang.   Und ich benutzte dafür die Räder des Kinderwagens, um ihn fortzubewegen.</text>
  </Document>
  <Document id="1005841539673804801">
    <relevance>false</relevance>
    <sentiment>neutral</sentiment>
    <Opinions/>
    <text>@GERHeady @bebalsam @polizeiberlin Dumme Eltern, die ihren #Kinderwagen vor sich auf die Fahrbahn schieben, sollten die Kinder weggenommen werden, gleiches gilt auch, wer sein #Kleinkind von der #Straßenseite ins Auto legt! Für #Dummheit gibt es kein #Heilmittel!😉</text>
  </Document>
  <Document id="1004326519060271105">
    <relevance>true</relevance>
    <sentiment>neutral</sentiment>
    <Opinions/>
    <text>S-Bahnhof Südkreuz. Paar mit Kinderwagen steigt ein. Beide bei voller Lautstärke in Candy Crush versunken. Er, ohne hochzuschauen: „Ick renn dir nich‘ weg, ick lass dich nich‘ alleene. Ditt Einzige, was uns trennen kann, is‘ der Tod.“ Pling, tsching, doing-doing.</text>
  </Document>
  <Document id="1003641924639698944">
    <relevance>true</relevance>
    <sentiment>neutral</sentiment>
    <Opinions/>
    <text>RT @KassenMeyer: Flughafen, Fahrstuhl. 3 Familien mit Kinderwagen. Es wird die Nase gerümpft. Alle riechen in die Kinderwagen hinein... Nic…</text>
  </Document>
  <Document id="1002908574589378563">
    <relevance>false</relevance>
    <sentiment>neutral</sentiment>
    <Opinions/>
    <text>RT @PolizeiBerlin_E: Ehestreit in #Reinickendorf: Anwohner sorgen sich um ein Baby, da die Mutter fortwährend mit dem Kinderwagen gegen ihr…</text>
  </Document>
  <Document id="1002156257971769345">
    <relevance>false</relevance>
    <sentiment>neutral</sentiment>
    <Opinions/>
    <text>Auf der Straße eben eine Frau mit Kinderwagen getroffen. Lächle das Baby an und plötzlich schaut es ganz ernst und meint: &quot;Glaub nicht jedem angeblichen Kinderweisheittweet von 2 bis 8jährigen, die Du auf Twitter liest&quot;   Das hat mich überrascht.</text>
  </Document>
  <Document id="995100906063585281">
    <relevance>false</relevance>
    <sentiment>neutral</sentiment>
    <Opinions/>
    <text>@RegineGuenther Danke, volle Zustimmung, die #A100 nicht weiterzubauen! Bitte stoppen Sie den Bau der Rampe am Abschluss in Treptow und planen so um, dass die Autobahn ebenerdig endet. Bedeutet auch weniger Lärm. Die teurere Rampe ist eindeutig Präjudiz/Vorentscheid für den 17. BA! #A100stoppen</text>
  </Document>
  <Document id="996662289255354369">
    <relevance>false</relevance>
    <sentiment>neutral</sentiment>
    <Opinions/>
    <text>16.05 10:02  FSW Fürth--&gt;Nbg. Kreuzung Rothenburgerstr Ampelausfall. Polizei regelt den Verkehr. STAU  Gegenrichtung an den Rampen Rückstau bis zum Kreuz Hafen  AM besten Umfahren  Danke an Franzi :-*</text>
  </Document>
  <Document id="989737109031305217">
    <relevance>false</relevance>
    <sentiment>neutral</sentiment>
    <Opinions/>
    <text>@stuttgart_stadt ich radle da 25+km/h, links ist entweder Stau oder es wird versucht noch bei dunkelgelb über die Ampel zu rasen. Mit kaum mehr als 20cm Überholbstand zu mir. Und ihr last eine unsichtbare Rampe bauen, die so schmal ist wie der Radstreifen selbst? @radentscheid_S https://t.co/OH54YQ7j0b</text>
  </Document>
  <Document id="992479283061944320">
    <relevance>false</relevance>
    <sentiment>neutral</sentiment>
    <Opinions/>
    <text>Wolfsburg stemmt sich gegen das tägliche Berufsverkehrs-Chaos auf der B188. Der Ausbau einer Straße und zwei neuer Rampen soll die Verkehrslast aus Richtung Gifhorn auffangen. https://t.co/ba80nKU4y7</text>
  </Document>
  <Document id="988003556929298439">
    <relevance>false</relevance>
    <sentiment>neutral</sentiment>
    <Opinions/>
    <text>Obwohl der Verkehr mittlerweile über die neue #SchiersteinerBrücke zwischem #Mainz und #Wiesbaden fährt, kommt es durch die Rampe zu Verzögerungen https://t.co/Itu6lH6LZp</text>
  </Document>
  <Document id="983947946906570752">
    <relevance>false</relevance>
    <sentiment>neutral</sentiment>
    <Opinions/>
    <text>RT @eCityruf: #LKW-#KOORDINIERUNG um #Stau an der #Rampe zu vermeiden  🚜https://t.co/f0KJJpnvf4 🚜  Lies zu #CityRUF #Logistik #Schranke #Ho…</text>
  </Document>
  <Document id="945296493682024448">
    <relevance>false</relevance>
    <sentiment>neutral</sentiment>
    <Opinions/>
    <text>RT @eCityruf: #LKW-#KOORDINATION um #Stau an der #Rampe zu vermeiden 🚜https://t.co/f0KJJpnvf4 🚜 LSG #CityRUF #Logistik #Schranke #Hofmanage…</text>
  </Document>
  <Document id="1072825148531716096">
    <relevance>false</relevance>
    <sentiment>neutral</sentiment>
    <Opinions/>
    <text>@12teFrau @BundesstadtBonn Weiter südlich beim DLRG sind auch noch Schienen quer durch die Straße verlegt (Rampe in den Rhein), die meiner Auffassung nach aber nicht mehr genutzt werden (DLRG hat Traktor + Anhänger) aber eine Gefahr für Radfahrende und natürlich auch Skateboards und inline-Skates sind.</text>
  </Document>
  <Document id="928956900955361280">
    <relevance>false</relevance>
    <sentiment>neutral</sentiment>
    <Opinions/>
    <text>Rampe und Parkplatz für 300 000 Euro geplant https://t.co/pY8NTC667G #Allgemeine</text>
  </Document>
  <Document id="926086529906245632">
    <relevance>false</relevance>
    <sentiment>neutral</sentiment>
    <Opinions/>
    <text>■ Vorsicht bitte in #Hamburg auf der #B5 Bergedorfer Straße stadtauswärts zwischen Horner Rampe und #Billstedt-Mitte liegt ein Hammer!</text>
  </Document>
  <Document id="905767748558520320">
    <relevance>false</relevance>
    <sentiment>neutral</sentiment>
    <Opinions/>
    <text>Sanierung der Rampe am Finkenherd #Kassel vom 11.9. bis 6.10. Fzußweg zeitweise gesperrt - Umleitung ausgeschildert. (mic)</text>
  </Document>
  <Document id="891966456690163712">
    <relevance>false</relevance>
    <sentiment>neutral</sentiment>
    <Opinions/>
    <text>RT @jreichelt: Wie ist es möglich, dass so etwas im @DerSPIEGEL erscheint? &quot;Dienst an der Rampe&quot; als Gag über Müllentsorgung. Wahn… </text>
  </Document>
  <Document id="892001919597772800">
    <relevance>false</relevance>
    <sentiment>neutral</sentiment>
    <Opinions/>
    <text>B 38 / K 11: Deckenerneuerung auf Rampe / Zubringer bei Nieder-Liebersbach 4 - 11.8 Vollsperrung #b38 #k11 #birkenau https://t.co/ST4tTQTgMD https://t.co/jOOEEGIiag</text>
  </Document>
  <Document id="885899318212927489">
    <relevance>false</relevance>
    <sentiment>neutral</sentiment>
    <Opinions/>
    <text>■ Vorsicht bitte in #Hamburg auf der #B5 Bergedorfer Straße zwischen Horner Rampe und #Billstedt-Mitte sind Personen auf der Fahrbahn!</text>
  </Document>
  <Document id="887651709190905856">
    <relevance>false</relevance>
    <sentiment>neutral</sentiment>
    <Opinions/>
    <text>@SPIEGELONLINE Bei mir wären die auf der Reste - Rampe gelandet. Aber mit Fallschirm.</text>
  </Document>
  <Document id="888085107134918656">
    <relevance>false</relevance>
    <sentiment>neutral</sentiment>
    <Opinions/>
    <text>Koordinieren um #Stau an der #Rampe zu vermeiden👉https://t.co/neSUuxSirZ LÖSUNG:#CityRUF  #Logistik #Fahrzeuge #Hofmanagement #JIT #DefStar5 https://t.co/JwhfQUCVBl</text>
  </Document>
  <Document id="877293558868455424">
    <relevance>false</relevance>
    <sentiment>neutral</sentiment>
    <Opinions/>
    <text>Eben wieder ein fliegendes Auto gesehen.Ich weiß jetzt, in jeder Amerikanischen Baustelle versteckt sich eine Rampe.</text>
  </Document>
  <Document id="873083599863463945">
    <relevance>false</relevance>
    <sentiment>neutral</sentiment>
    <Opinions/>
    <text>@teilpROBlem Die Rampe ausfahren ja, das hineinfahren nein, aus besagtem Grund. Die Reaktion des Fahrers hätte aber definitiv anders sein sollen. /js</text>
  </Document>
  <Document id="837660499852603392">
    <relevance>false</relevance>
    <sentiment>neutral</sentiment>
    <Opinions/>
    <text>Samstag wird an der #Baustelle der #ZBrücke #Konstanz ein neuer Kran aufgebaut. Aktuell Arbeiten an der nördl. Rampe https://t.co/lWfJgzhmWX https://t.co/7tOmKKorv7</text>
  </Document>
  <Document id="822043037316644866">
    <relevance>false</relevance>
    <sentiment>neutral</sentiment>
    <Opinions/>
    <text>@ZaunerMargrit Und was genau hat das mit uns zu tun? Wir machen (wie die Bonner Kollegen normalerweise auch) gerne die Rampe runter.</text>
  </Document>
  <Document id="816338894639820800">
    <relevance>false</relevance>
    <sentiment>neutral</sentiment>
    <Opinions/>
    <text>@zeitonline @christianbangel Warum stand im Artikel neben &quot;nach rechts&quot; zunächst auch &quot;Sonderbehandlung&quot;? War die Assoziation mit der &quot;Rampe&quot; und der Selektion gewollt?</text>
  </Document>
  <Document id="802520674719977473">
    <relevance>false</relevance>
    <sentiment>neutral</sentiment>
    <Opinions/>
    <text>1,5 Jahre #Baustelle und #Vollsperrung der Hohlbrücke. Jetzt geht es der Rampe an den Kragen. #Dillenburg https://t.co/vLAeV70mnz</text>
  </Document>
  <Document id="796253567418040320">
    <relevance>false</relevance>
    <sentiment>neutral</sentiment>
    <Opinions/>
    <text>■ #Hamburg: auf der Bergedorfer Straße stadteinwärts zwischen Horner Rampe und Schurzallee-Nord stockender Verkehr</text>
  </Document>
  <Document id="786814427047669760">
    <relevance>false</relevance>
    <sentiment>neutral</sentiment>
    <Opinions/>
    <text>Keine Staus an der Rampe bei Rossmann: Kurze Wartezeiten für Lkw und eine pünktliche Entladung sind den Logis... https://t.co/zMqEz59CtD</text>
  </Document>
  <Document id="783923968432635904">
    <relevance>false</relevance>
    <sentiment>neutral</sentiment>
    <Opinions/>
    <text>08:56Uhr - Blitzer - Horner Rampe steht ein Blitzer  von Horn Richtung billbrook noch vor der b5 in der Kurve an... https://t.co/qJCkPOglX0</text>
  </Document>
  <Document id="776509735050838016">
    <relevance>false</relevance>
    <sentiment>neutral</sentiment>
    <Opinions/>
    <text>#Nürnberg Großkontrolle an den Rampen  Und noch ein Foto der heutigen Messung auf der Landgraben Straße  (30)   #Blitzer</text>
  </Document>
  <Document id="759084341565808640">
    <relevance>false</relevance>
    <sentiment>neutral</sentiment>
    <Opinions/>
    <text>@bernhardhopfner Die Treppe war bedauerlicher Weise als Rampe ausgewiesen…  …ein tragischer Unfall…  …die Beleuchtung wurde erst geprüft.</text>
  </Document>
  <Document id="759841399734882304">
    <relevance>false</relevance>
    <sentiment>neutral</sentiment>
    <Opinions/>
    <text>So wie Evil Knievel und Rampe.  Häftling und Eisenstange.  Wie Michael Douglas im Stau.  Wie Fön in Badewanne.</text>
  </Document>
  <Document id="757855117362143233">
    <relevance>false</relevance>
    <sentiment>neutral</sentiment>
    <Opinions/>
    <text>A10, Tauern-AB, FR. Villach, Rampe Eben im Pongau, Behinderung (defektes Frzg.)#verkehr</text>
  </Document>
  <Document id="752774800515497984">
    <relevance>false</relevance>
    <sentiment>neutral</sentiment>
    <Opinions/>
    <text>Dank der Prinzipien-Idioten vom @BN_Nbg stehen wir weiterhin im Stau an den Rampen!  Vielen Dank! Von mir keine Spenden mehr!</text>
  </Document>
  <Document id="1045953367498018822">
    <relevance>false</relevance>
    <sentiment>neutral</sentiment>
    <Opinions/>
    <text>Für jede*n normale*n Bürger*in weiterhin völlig unverständlich, warum man da nicht einfach eine passende Rampe hinbauen kann, die muss ja nicht gerade sein... 🤔 #Mülheim #MHRuhr #Verkehr</text>
  </Document>
  <Document id="743699728194428928">
    <relevance>false</relevance>
    <sentiment>neutral</sentiment>
    <Opinions/>
    <text>Urteil: Frachtführer haftet nicht für Lieferfristüberschreitung, wenn er nichts für Verspätung an der Rampe kann https://t.co/h7si7JIRAu</text>
  </Document>
  <Document id="742976281550159873">
    <relevance>false</relevance>
    <sentiment>neutral</sentiment>
    <Opinions/>
    <text>08:55 Uhr - Unfall - Horne Rampe - unter Der B5 - Polizei schon vor Ort - Danke https://t.co/KPCRa0Ck53</text>
  </Document>
  <Document id="729935954786459648">
    <relevance>false</relevance>
    <sentiment>neutral</sentiment>
    <Opinions/>
    <text>#verkehr Stadtverkehr: Frankenschnellweg: Nürnberg - Fürth - zwischen Kreuz-Nürnberg-Hafen und An den Rampen, Stau</text>
  </Document>
  <Document id="730416530609995777">
    <relevance>false</relevance>
    <sentiment>neutral</sentiment>
    <Opinions/>
    <text>#verkehr Stadtverkehr: Nürnberg: Frankenschnellweg Nürnberg - Fürth - Zwischen Südring und An den Rampen STAU. // IN DER GEGENRICHTUN...</text>
  </Document>
  <Document id="722419920638599168">
    <relevance>false</relevance>
    <sentiment>neutral</sentiment>
    <Opinions/>
    <text>#verkehr Stadtverkehr: Nürnberg: Frankenschnellweg - An den Rampen // Stau in beide Richtungen</text>
  </Document>
  <Document id="709431359534604288">
    <relevance>false</relevance>
    <sentiment>neutral</sentiment>
    <Opinions/>
    <text>#verkehr Blitzer: Nürnberg: An den Rampen</text>
  </Document>
  <Document id="707449145322291201">
    <relevance>false</relevance>
    <sentiment>neutral</sentiment>
    <Opinions/>
    <text>#verkehr Stadtverkehr: Frankenschnellweg: Nürnberg - Fürth - STAU zwischen Kreuz Nürnberg-Hafen und der Kreuzung An Den Rampen</text>
  </Document>
  <Document id="704259527827304448">
    <relevance>false</relevance>
    <sentiment>neutral</sentiment>
    <Opinions/>
    <text>#verkehr Stadtverkehr: Nürnberg: Frankenschnellweg Nürnberg - Fürth - Unfall höhe an den Rampen</text>
  </Document>
  <Document id="703746485079445504">
    <relevance>false</relevance>
    <sentiment>neutral</sentiment>
    <Opinions/>
    <text>■  Vorsicht bitte in beiden Richtungen in #Hamburg auf der #B5 Bergedorfer Straße zwischen Horner Rampe und der #A1/#Billstedt ...</text>
  </Document>
  <Document id="703158843744751617">
    <relevance>false</relevance>
    <sentiment>neutral</sentiment>
    <Opinions/>
    <text>#verkehr Stadtverkehr: Frankenschnellweg: Nürnberg - Fürth - zwischen Südring und An den Rampen STAU // LKW steckt in Unterführung fe...</text>
  </Document>
  <Document id="698111913993965568">
    <relevance>false</relevance>
    <sentiment>neutral</sentiment>
    <Opinions/>
    <text>#verkehr Stadtverkehr: Frankenschnellweg: Fürth - Nürnberg - STAU // zwischen Westring und der Kreuzung An den Rampen</text>
  </Document>
  <Document id="690802500287344641">
    <relevance>false</relevance>
    <sentiment>neutral</sentiment>
    <Opinions/>
    <text>Leergut gestohlen:     Aus einem Außenlager einer Getränke-Firma in der Straße Unter der  Rampe wurden in der ... https://t.co/UuhTPSAv94</text>
  </Document>
  <Document id="1038081771915681797">
    <relevance>false</relevance>
    <sentiment>neutral</sentiment>
    <Opinions/>
    <text>@ReiseRenner Das hat der andere Fahrer dann gemacht. Dafür musste er aber die Straße blockieren, mir dann über die Bordsteinkante helfen, dann auch noch die deswegen viel zu steile Rampe hoch. Ich verstehe, warum das als zu gefährlich eingeschätzt wurde.</text>
  </Document>
  <Document id="1085212276804780032">
    <relevance>false</relevance>
    <sentiment>neutral</sentiment>
    <Opinions/>
    <text>@SPIEGELONLINE Der nächste auf der Rampe. Hoffnung ist, daß bald nur noch wenige übrig sind und Trump diesen Grenell nach Washington holt.</text>
  </Document>
  <Document id="1040562392298602496">
    <relevance>false</relevance>
    <sentiment>neutral</sentiment>
    <Opinions/>
    <text>Nicht genau zu beurteilende Zellen*innen ramponieren Rampen um Zellen*innen wandelbaren Geschlechts über straße zu werfen</text>
  </Document>
  <Document id="1014758419075686400">
    <relevance>false</relevance>
    <sentiment>neutral</sentiment>
    <Opinions/>
    <text>B5: Stau               Hamburg: B5 Bergedorfer Straße zwischen Billstedt-Mitte und Horner Rampe ist in beiden Richtungen wegen Bauarbeiten die linke Spur gesperrt</text>
  </Document>
  <Document id="1018840970262204416">
    <relevance>false</relevance>
    <sentiment>neutral</sentiment>
    <Opinions/>
    <text>B5: Gefahr!               Vorsicht bitte in Hamburg auf der B5 Bergedorfer Straße stadteinwärts zwischen Horner Rampe und Schurzallee-Nord liegen Gegenstände!</text>
  </Document>
  <Document id="1020048257513345024">
    <relevance>false</relevance>
    <sentiment>neutral</sentiment>
    <Opinions/>
    <text>@Stadt_BS Gefährliche Situation für Radfahrende durch Baustelle: Radverkehr wird die Rampe runter auf den blockierten Schutzstreifen geleitet. Die dort dauernd Falschhaltenden helfen natürlich auch nicht. Petristraße. Bild 1: Rechts gehts zu Bild 2. Bild 3: hinter Falschhaltender https://t.co/ObJaoLkraV</text>
  </Document>
  <Document id="1025262326973378561">
    <relevance>false</relevance>
    <sentiment>neutral</sentiment>
    <Opinions/>
    <text>@_alex95_ Die Rampe wird von unseren KollegInnen vor Ort bedient, falls eine Ein- bzw. Ausstiegshilfe notwendig ist. Die Hilfe kann angemeldet werden. https://t.co/RAYgqBtMBb</text>
  </Document>
  <Document id="1006071694614724610">
    <relevance>false</relevance>
    <sentiment>neutral</sentiment>
    <Opinions/>
    <text>Die Skate-Anlage an der Kreuzung Darmstädter Straße /Ringstraße kann vom 18. bis 29. Juni 2018 nicht genutzt werden. An den Rampen, den Fahrelementen und dem Asphaltbelag werden Sanierungsarbeiten durchgeführt. #skate #sanierung #aschaffenburg https://t.co/np02HnPcAn</text>
  </Document>
  <Document id="1006223946855968773">
    <relevance>false</relevance>
    <sentiment>neutral</sentiment>
    <Opinions/>
    <text>#Anrampungsverflachung Deppen d.Asfinag wundern sich weil  Autofahrer über die 12cm statt der geplanten 2 cm Rampe auf der Autobahn tlw. zu langsam drüberfahren=Stau , jetzt wird aus Sicherheitsgründen (da einige zu schnell drüberbrausen )  “verflacht“ 🙈 https://t.co/rzdVcgtm7p</text>
  </Document>
  <Document id="1352554356252532737">
    <relevance>false</relevance>
    <sentiment>neutral</sentiment>
    <Opinions/>
    <text>Bidens Sohn (†46) ist jetzt mit im Weißen Haus: Das neue Oval Office ,der Rollator und die Sauerstoffflasche  fehlt noch.  https://t.co/TXZagdheB4</text>
  </Document>
  <Document id="1352596312273924096">
    <relevance>false</relevance>
    <sentiment>neutral</sentiment>
    <Opinions/>
    <text>Älterer Herr steht mit Rollator vor der autom. Schiebetür vor dem #Impfzentrum. Tür geht nicht auf. Er bewegt sich mehrmals erfolglos. Will gerade aus dem Auto, als eine andere Rentnerin an ihm vorbeigeht. Die Tür öffnet sich. Ratet mal wer vor dem Mann in der Schlange steht.</text>
  </Document>
  <Document id="1352635584293064708">
    <relevance>false</relevance>
    <sentiment>neutral</sentiment>
    <Opinions/>
    <text>Was ist nur mit der WHO los?? Sind die betrunken, oder nahe an die Wahrheit herangerückt? Oder gar ein &quot;just to please Mr. Biden&quot; (für den ich einen gebrauchten Rollator hätte. Die Besitzerin in meiner Nachbarschaft braucht ihn nicht mehr...)? https://t.co/4tYbmaqxLw</text>
  </Document>
  <Document id="1352657405964935168">
    <relevance>false</relevance>
    <sentiment>neutral</sentiment>
    <Opinions/>
    <text>@AusDerTechKiste Lol ernsthaft? Dafür reicht ja ein Tag :) Ist sicher der Altersbonus 😅 Wobei, dann müsste ich 100m mit dem Rollator zurücklegen ☺️</text>
  </Document>
  <Document id="1352895565118496773">
    <relevance>false</relevance>
    <sentiment>neutral</sentiment>
    <Opinions/>
    <text>@Pustel13 Rollator für olle Kapitäne, echt cool! 👍🏻</text>
  </Document>
  <Document id="1352902857071144961">
    <relevance>false</relevance>
    <sentiment>neutral</sentiment>
    <Opinions/>
    <text>@verdiRheinNecka gegen das #versorgungsamt lege ich keinen Widerspruch ein #adipositas, mit meinem neuen #rollator komm ich wieder in #Bewegung @DAKGesundheit</text>
  </Document>
  <Document id="1352926428531220480">
    <relevance>true</relevance>
    <sentiment>neutral</sentiment>
    <Opinions/>
    <text>@rw_d_wr @SteveFi04457564 Stolpern Oma und Opa mit dem Rollator, in der Haltestelle auf dem Weg zu ihrem Bus 😋</text>
  </Document>
  <Document id="1352966504858443777">
    <relevance>false</relevance>
    <sentiment>neutral</sentiment>
    <Opinions/>
    <text>@Tagesspiegel Und wo ist der Rollator? Wohl ausgeblendet! Trump Spielt Golf. Biden würde schon in das Zwote Loch fallen.</text>
  </Document>
  <Document id="1353059559762350080">
    <relevance>false</relevance>
    <sentiment>neutral</sentiment>
    <Opinions/>
    <text>@markmueller1979 Meine Mutter hat Jahre und einige üble Stürze gebraucht, um endlich ihren Rollator zu akzeptieren.</text>
  </Document>
  <Document id="1353119969505120257">
    <relevance>false</relevance>
    <sentiment>neutral</sentiment>
    <Opinions/>
    <text>@tagesschau Spart Euch die Schlagzeile. Wollt ihr wirklich den 90-jährigen mit Rollator das Skifahren erlauben. Der Rest hat ja keine Chance auf eine Impfung.</text>
  </Document>
  <Document id="1353332349946257408">
    <relevance>false</relevance>
    <sentiment>neutral</sentiment>
    <Opinions/>
    <text>@RenateBergmann Meine Mutter hätte ihr den Rollator in die Hacken gerammt.</text>
  </Document>
  <Document id="1353416830212132864">
    <relevance>false</relevance>
    <sentiment>neutral</sentiment>
    <Opinions/>
    <text>@Dominik251001 Er ist vor allem dafür noch echt fit. Hört nicht mehr so gut, aber geht noch ohne Stock oder Rollator und ist auch nicht tüddelig. 😅</text>
  </Document>
  <Document id="1353417271981580290">
    <relevance>false</relevance>
    <sentiment>neutral</sentiment>
    <Opinions/>
    <text>@AeroViro &quot;Ich bin zurückgekommn wie Terminator!  Du fährst BMW und ich fahr Rollator!&quot; Deutsches Kulturgut nennt sich sowas (:</text>
  </Document>
  <Document id="1353419675640750080">
    <relevance>false</relevance>
    <sentiment>neutral</sentiment>
    <Opinions/>
    <text>Impfzentrum in meiner Stadt, für 🧑‍🦽 und Menschen mit Rollator nicht erreichbar.😂😂 https://t.co/m2Yp3eB5dm</text>
  </Document>
  <Document id="1353459997649346566">
    <relevance>false</relevance>
    <sentiment>neutral</sentiment>
    <Opinions/>
    <text>Mein Kumpel @Ganesch97 gerade: „Ganz ehrlich: Tom Brady gewinnt Super Bowl 100. Mit 88 Jahren. Mit Rollator. Mit den NY Jets.“ Wohl war😂  #ENDZN #ranNFL #GaneschKnows</text>
  </Document>
  <Document id="1353686626191478784">
    <relevance>false</relevance>
    <sentiment>neutral</sentiment>
    <Opinions/>
    <text>@AlgeMartin Kommt drauf an wie alt ich dann bin. Wenn ich noch ohne Rollator vom Fleck komme, dann vllt mal wieder verreisen. Oder auch nur shoppen gehen und anschließend Kaffee trinken.</text>
  </Document>
  <Document id="1353802744151289859">
    <relevance>false</relevance>
    <sentiment>neutral</sentiment>
    <Opinions/>
    <text>auch die mit Krückstock und Rollator bei #REWE , die den ganzen Verkehr aufhalten, alle rausschmeißen, #Solidaritaet  kennen die nicht. Überhaupt, wer nicht so kann, gehört weggesperrt, oder?</text>
  </Document>
  <Document id="1353938227200225281">
    <relevance>false</relevance>
    <sentiment>neutral</sentiment>
    <Opinions/>
    <text>@july_home Gleichzeitig ist jemand, der Risikofaktoren hat zeitig raus, um Erster beim Bäcker etc zu sein und trifft inzwischen auch die Generation Rollator um die Zeit immer häufiger. Was sagt das über die Entwicklung der Pandemie? #Ethik</text>
  </Document>
  <Document id="1353957056827502592">
    <relevance>false</relevance>
    <sentiment>neutral</sentiment>
    <Opinions/>
    <text>@hazelbrugger Beim Betrachten des Vorschaubilds schoss mir kurz durch den Sinn: Harald Schmidt stützt sich auf nen Rollator? 😱  Geht schon wieder.</text>
  </Document>
  <Document id="1353994919195660289">
    <relevance>false</relevance>
    <sentiment>neutral</sentiment>
    <Opinions/>
    <text>@Viva_la_vita_0 In d &quot;Genesen&quot;-Statistik aufzutauchen, ist d Hohn für jeden,d unter #LongCovid leidet. I meinem Umfeld gibt es bereits 2 LC Fälle. Freundin:erschöpft, Atemprobl, unerklär. Kopfdruck. Ihr Kollege Anf 40 nervengeschädigt i Füßen, geht a Rollator, Sprachstörung u.a #YesToNoCovid</text>
  </Document>
  <Document id="1354030818298114048">
    <relevance>false</relevance>
    <sentiment>neutral</sentiment>
    <Opinions/>
    <text>@Tim_PokerKID Sei nicht frech, sonst überfahre ich dich mit meinem Rollator 😁</text>
  </Document>
  <Document id="1354033728255885313">
    <relevance>false</relevance>
    <sentiment>neutral</sentiment>
    <Opinions/>
    <text>@Poliauwei @polizeiberlin Widersprechen sich „Rollator“ und „plötzlich“ nicht deutlich?</text>
  </Document>
  <Document id="1354113469520490496">
    <relevance>false</relevance>
    <sentiment>neutral</sentiment>
    <Opinions/>
    <text>@rbb24 Muss sich eine 91 Jährige mit Rollator allein diesen Verkehr aussetzen.  Hier sollten sich alle Vorwürfe machen, die diese Frau gesehen haben und keine Hilfe geleistet haben. So was gibt es ja täglich.  Wir müssen mehr aufeinander achten.</text>
  </Document>
  <Document id="1354121773697130496">
    <relevance>false</relevance>
    <sentiment>neutral</sentiment>
    <Opinions/>
    <text>Liebe @polizeiberlin, &quot;plötzlich&quot; und &quot;mit Rollator&quot; schließen sich für gewöhnlich aus, da hilft auch das &quot;soll&quot; nicht. Wieso schafft es eine übliche Schutzbehauptung von Autofahrern in eine Pressemitteilung? Mein Beileid den Angehörigen. 🖤</text>
  </Document>
  <Document id="1354128853132828673">
    <relevance>false</relevance>
    <sentiment>neutral</sentiment>
    <Opinions/>
    <text>@prokovinsky Startklar für den rollator</text>
  </Document>
  <Document id="1354135042537226242">
    <relevance>false</relevance>
    <sentiment>neutral</sentiment>
    <Opinions/>
    <text>Andere Leute frisieren ihre Autos, meine Oma pimpt ihren Rollator: das Ding hat ne Klingel, extra Licht und ein an- und abmontierbares Tablett, extra angepasst, dass das gut hält, für den Einkaufskorb drauf zu stellen 😂 Fehlt nurnoch der Düsenantrieb</text>
  </Document>
  <Document id="1354143970134265857">
    <relevance>false</relevance>
    <sentiment>neutral</sentiment>
    <Opinions/>
    <text>@schweizok2 ☝🏽..da gibt es dann doch bestimmt für dich einige ausgesonderte Hobel dabei z.B. das &quot;BEAST&quot;🤔😳Biden bekommt eine gepanzerten 4X4 Rollator mit Lafette für div.Kal.🙄😎</text>
  </Document>
  <Document id="1354238318381154308">
    <relevance>false</relevance>
    <sentiment>neutral</sentiment>
    <Opinions/>
    <text>Krass, wie 91jährige mit ihrem Rollator wieder rasen!  😳  Ob man auf manchen Polizei-Revieren eigentlich überhaupt noch irgendetwas merkt?</text>
  </Document>
  <Document id="1354362728157241346">
    <relevance>false</relevance>
    <sentiment>neutral</sentiment>
    <Opinions/>
    <text>@hedyundolaf Lauft für mich ne Runde mit, bitte. Ich saus grad nur am Rollator rum ...</text>
  </Document>
  <Document id="1354383571675471872">
    <relevance>false</relevance>
    <sentiment>neutral</sentiment>
    <Opinions/>
    <text>Bei dem Schnee kann ich nicht raus gehen mein rollator verfängt sich immer im Schnee und dann kann ich schon mal hinfallen</text>
  </Document>
  <Document id="1354394464454905856">
    <relevance>false</relevance>
    <sentiment>neutral</sentiment>
    <Opinions/>
    <text>@frittenundbier Naja drehen die nicht schon „Top Gun 3 - Immelmann mit Rollator“</text>
  </Document>
  <Document id="1354421342112788480">
    <relevance>false</relevance>
    <sentiment>neutral</sentiment>
    <Opinions/>
    <text>@Ann_Waeltin Klassiker. Auch: noch schnell mit dem Rollator vor dem RTW ü. die Straße, man ist ja so schnell. Oder auch einfach stehen bleiben: NEIN ich fahre ü. keine 🔴 Ampel. Es war mir immer eine Riesenfreude dann ü. Lautsprecher zu verkünden: BITTE FAHREN SIE VOR, AUCH Ü. 🔴, BITTE ....</text>
  </Document>
  <Document id="1354445405476499460">
    <relevance>false</relevance>
    <sentiment>neutral</sentiment>
    <Opinions/>
    <text>Vielleicht können wir ja Komparsen sein &quot;Wenn sie weiter so viel im Oberbergischen drehen bestimmt.&quot; @mona_paloma :&quot;Ich möchte die Oma mit dem Rollator sein!&quot;</text>
  </Document>
  <Document id="1354451197466464256">
    <relevance>false</relevance>
    <sentiment>neutral</sentiment>
    <Opinions/>
    <text>Fit im Lockdown: Senior setzt auf seinen Rollator https://t.co/0jQpUL4Lry #allgäu</text>
  </Document>
  <Document id="1354619603805220867">
    <relevance>false</relevance>
    <sentiment>neutral</sentiment>
    <Opinions/>
    <text>@TerlouwArie achter  de rollator    😊😊😂😂😂😂</text>
  </Document>
  <Document id="1354685304444219393">
    <relevance>false</relevance>
    <sentiment>neutral</sentiment>
    <Opinions/>
    <text>Mein Rollator ist endlich da 🤘🏻😅😉  https://t.co/WGpQM5yCP0</text>
  </Document>
  <Document id="1354724094344835073">
    <relevance>false</relevance>
    <sentiment>neutral</sentiment>
    <Opinions/>
    <text>cn mastek  Meine Oma hat meiner anderen Oma ne sms geschrieben, dass diese mir doch ihren Rollator leihen soll, wenn ich zum Bäcker gehe.  Nachdem wir echt gerätselt haben wie sie darauf kommt hatte meine Mum die plausibelste Theorie: ich soll ja nach der OP nicht schwer tragen😂</text>
  </Document>
  <Document id="1354751784179421184">
    <relevance>false</relevance>
    <sentiment>neutral</sentiment>
    <Opinions/>
    <text>@kkklawitter @anjes_tjarks Also mir fiel das immer unangenehm auf, weil es in HH ja ab und zu mal regnen soll (laut Gerüchten) und dann sind da immer größere Seen mitten auf dem Weg.  Ich dachte zuerst, ich sei einfach pingelig, aber für Rollator-Opas oder Menschen im Rolli dürfte das doch auch Mist sein🤔</text>
  </Document>
  <Document id="1354760935865544707">
    <relevance>false</relevance>
    <sentiment>neutral</sentiment>
    <Opinions/>
    <text>Inzidenz von 210 im LK. Alte dürfen mit ihrem Rollator nicht mehr als 15km vom Wohnort weg.</text>
  </Document>
  <Document id="1354773007537987584">
    <relevance>false</relevance>
    <sentiment>neutral</sentiment>
    <Opinions/>
    <text>@Flying__Doc Diese Patienten häufen sich. Hatte gerade einen 50 jähriger Patient mit Rollator, Dekubitus und kaum belastbar, nach 4 Wochen Beatmung bei Corona aus KH entlassen. Vorher selbständiger Handwerker. Jetzt sieht  er 30 Jahre älter aus, ich hoffe die Reha kann es verbessern</text>
  </Document>
  <Document id="1354795685028257799">
    <relevance>false</relevance>
    <sentiment>neutral</sentiment>
    <Opinions/>
    <text>@NurderK @DerGraslutscher @HDG270 Du dürftest einfach mal mit Rollator gehen. Papa leihe ich nicht aus. Der ist so toll, dem bekomme ich ja nicht zurück!</text>
  </Document>
  <Document id="1354893756760207361">
    <relevance>false</relevance>
    <sentiment>neutral</sentiment>
    <Opinions/>
    <text>Welche ältere Senioren mit Rollator und Hund denken sich „Jetzt einen schönen Spaziergang durchs Bahnhofsviertel. Schön auf die Bank setzen und den Junkies Brot zuwerfen.“?  #hartesdeutschland</text>
  </Document>
  <Document id="1355106306328309761">
    <relevance>false</relevance>
    <sentiment>neutral</sentiment>
    <Opinions/>
    <text>@Aron_dc Radfahrer fahren mit konstantem Abstand vor dem Auto her, da passiert nichts. Helmpflicht ist eher für 90-jährige sinnvoll, die mit ihrem Rollator plötzlich auf die Fahrbahn laufen.</text>
  </Document>
  <Document id="1355131603945713666">
    <relevance>false</relevance>
    <sentiment>neutral</sentiment>
    <Opinions/>
    <text>Liebe Leute, legt euch ins Zeug und gebt, was ihr entbehren könnt. Gut die Hälfte ist zusammen, aber das reicht noch nicht.  Ein Leben ohne Rollator https://t.co/nQWUdy8EJp</text>
  </Document>
  <Document id="1355153900815474690">
    <relevance>false</relevance>
    <sentiment>neutral</sentiment>
    <Opinions/>
    <text>Teenie:   Gab es 1990 schon Fernsehen?   Holt den Rollator raus Leute, wir sind alt! 🤣🤣   #lebenmitrindern</text>
  </Document>
  <Document id="1355182569411776516">
    <relevance>false</relevance>
    <sentiment>neutral</sentiment>
    <Opinions/>
    <text>@Atlan82 @PukeRockt Bin gerade etwas radikal, seit ich die Fotos von meinem Kumpel bekommen habe. Er hat jetzt nur noch ½ Unterkiefer und sieht gruselig aus. Dafür darf er mit 56 Jahren einen Rollator schieben. Aber prognostiziert nur noch für ein paar Monate. Dann liegt er.  Tja, scheiß Bier...😏</text>
  </Document>
  <Document id="1355186282033524742">
    <relevance>false</relevance>
    <sentiment>neutral</sentiment>
    <Opinions/>
    <text>@JLancelot77 @momakil @herr_ort @FrauOrt Du meinst Rollator😂😂😂😂 https://t.co/zSum2sZZZ5</text>
  </Document>
  <Document id="1355210629108408320">
    <relevance>false</relevance>
    <sentiment>neutral</sentiment>
    <Opinions/>
    <text>@RadonSwoop @Christian_Huber Der Rollator nervt einfach weniger 🤷</text>
  </Document>
  <Document id="1355430991792386048">
    <relevance>false</relevance>
    <sentiment>neutral</sentiment>
    <Opinions/>
    <text>@RenateBergmann Guten Morgen, Sie haben sowas von Recht.  Ich war gerade draußen, es ist so gut wie gar nicht geräumt . Mit Rollator geht es so was von schlecht. Die Straßen eine Katastrophe.  Bleiben Sie bloß zu Hause.  Liebe Grüße und einen schönen Tag</text>
  </Document>
  <Document id="1355444855225389059">
    <relevance>false</relevance>
    <sentiment>neutral</sentiment>
    <Opinions/>
    <text>Ich hoffe bis Montag ist der Schnee weggeschmolzen-ohne Rollator schaff ich die Strecke bis zum Hausarzt nicht und müsste dann auf der Strasse rödeln.Ich kenn ja meine Pappenheimer hier-die Hälfte hat den FS aus dem Kaugummiautomat-so wie die hier gurken!😬😱</text>
  </Document>
  <Document id="1355536468266131457">
    <relevance>false</relevance>
    <sentiment>neutral</sentiment>
    <Opinions/>
    <text>Erneut ein stilles Gedenken 🕯 🕯 #Berlin #Spandau   Eine 91jährige Seniorin mit Rollator wurde hier diese Woche von einem Autofahrer  totgefahren. Wie konnte das passieren Herr @derInnensenator?  https://t.co/4Cn293jz2J https://t.co/kutejajq9p</text>
  </Document>
  <Document id="1355550130183790594">
    <relevance>false</relevance>
    <sentiment>neutral</sentiment>
    <Opinions/>
    <text>#Remscheid: Schlecht verständliches Deutsch sprechende Ganovin entreißt einer betagten Passantin die Tasche, verfolgt die am #Rollator laufende 87-Jährige noch bis nach hause, um auch noch ihre Geldbörse zu erbeuten https://t.co/9WG7qUqSzF</text>
  </Document>
  <Document id="1355559195916062727">
    <relevance>false</relevance>
    <sentiment>neutral</sentiment>
    <Opinions/>
    <text>@Kthe86400013 Weil wir ohne Maske an ihm vorbeigegangen sind... er mit Rollator und Maske und wir soweit wie möglich ausgewichen... war ihm nicht genug ... er pöbelte gleich los ... hab gemeint .. warumner so Aggro wäre...</text>
  </Document>
  <Document id="1355576749355098115">
    <relevance>false</relevance>
    <sentiment>neutral</sentiment>
    <Opinions/>
    <text>@nino_rauch Ich stell mir vor, wie ich mich bei der Mitgliederversammlung im Jahr 2073 mit Rollator auf die Bühne schleppe, um dort für 75 Jahre Rapidmitgliedschaft geehrt zu werden.</text>
  </Document>
  <Document id="1355579893942284289">
    <relevance>false</relevance>
    <sentiment>neutral</sentiment>
    <Opinions/>
    <text>Es ist zu gefährlich mit dem Rollator bei der Glätte zu laufen. Wir gehen ein wenig auf dem Weg vor dem Haus auf und ab, wo die Mittagssonne den Schnee getaut hat. Ich kaufe ein, koche, tippe ihr Nummern ins Telefon ein. Sie ist heiter, besser als gestern.</text>
  </Document>
  <Document id="1355625512014655489">
    <relevance>false</relevance>
    <sentiment>neutral</sentiment>
    <Opinions/>
    <text>@UrsulaBarth5 @BrbelCut @PLinguae Mama benutzt auch keinen Rollator, damit die eifersüchtigen Nachbarinnen sich keine Hoffnungen machen, dass sie bald stirbt+ sich dann eine den Gerhard krallen könnte. Der ist erst 80.  🥰🤣</text>
  </Document>
  <Document id="1355660545823809536">
    <relevance>false</relevance>
    <sentiment>neutral</sentiment>
    <Opinions/>
    <text>@AxorCreex Die Zeit kommt leider nicht wieder-Mopet getauscht gegen Rollator und jetzt das https://t.co/CCsDMyP3Dr</text>
  </Document>
  <Document id="1355844851221356545">
    <relevance>false</relevance>
    <sentiment>neutral</sentiment>
    <Opinions/>
    <text>@agidog61 Ich habe noch einen Rollator im Keller..ich geh mal runter und messe die Räder aus.</text>
  </Document>
  <Document id="1355946033809907712">
    <relevance>false</relevance>
    <sentiment>neutral</sentiment>
    <Opinions/>
    <text>@Berlinradlerin @NetzwerkSpandau @kkklawitter @polizeiberlin Wie soll denn plötzlich mit Rollator gehen?</text>
  </Document>
  <Document id="1356000059658285058">
    <relevance>false</relevance>
    <sentiment>neutral</sentiment>
    <Opinions/>
    <text>@allytwentynine ja man, darauf erstmal n neuen Rollator</text>
  </Document>
  <Document id="1356019326466355204">
    <relevance>false</relevance>
    <sentiment>neutral</sentiment>
    <Opinions/>
    <text>@SeamermaidY @BKrahfelder @MatthiasF8 Ich kann noch ohne Rollator einkaufen gehen ;))</text>
  </Document>
  <Document id="1356149431612153858">
    <relevance>false</relevance>
    <sentiment>neutral</sentiment>
    <Opinions/>
    <text>Gebückt am Stock oder gar mit Rollator: das gängige Bild von alten Menschen, vielleicht sogar eine sich selbst erfüllende Prophezeiung. Eine britische NGO wollte damit aufräumen. Sie veranstalteten einen Design-Wettbewerb für positivere Bilder: https://t.co/zA6MmXlkim</text>
  </Document>
  <Document id="1356200971672629248">
    <relevance>false</relevance>
    <sentiment>neutral</sentiment>
    <Opinions/>
    <text>🇬🇧🚶‍♂️💰Tom Moore (#CaptainTom) ist bekannt geworden, weil er rund 36. Mio. € Corona-Spenden gesammelt hat, indem er bis zu seinem 100. Geburtstag 100 Mal mit seinem Rollator seinen Garten abgelaufen ist. Die Queen schlug ihn dafür zum Ritter. Jetzt ist er an Covid19 erkrankt https://t.co/o1n7hxSFM9</text>
  </Document>
  <Document id="1356259719472680967">
    <relevance>false</relevance>
    <sentiment>neutral</sentiment>
    <Opinions/>
    <text>Ich bin fleißig weiter am üben, in der Wohnung klappt laufen schon ganz gut, draußen noch mit Rollator 👍 https://t.co/5nzbQEv5mD</text>
  </Document>
  <Document id="1356284311373295624">
    <relevance>false</relevance>
    <sentiment>neutral</sentiment>
    <Opinions/>
    <text>@Herr_Kaleun Abgesehen davon, das am 20.01. Im militärisch industriellen Komplex die Sektkorken knallten würde ich sagen, das im Falle eines Falles die IDF schneller reagieren als Puppet-on-a-string Biden sich von seinem Rollator löst.</text>
  </Document>
  <Document id="1356476809387388930">
    <relevance>false</relevance>
    <sentiment>neutral</sentiment>
    <Opinions/>
    <text>@DevOnWheels Das würd auch noch gehen... 🤪  Ich schau aber Mal wegen dem Ringlicht. Kam ich noch net zu. Das brauchst bei dem Gerät, net dass du noch Rentner mit Rollator übern Haufen fährst... https://t.co/F6qn9xUGrV</text>
  </Document>
  <Document id="1356548666819940352">
    <relevance>false</relevance>
    <sentiment>neutral</sentiment>
    <Opinions/>
    <text>Tom Moore sammelte mit einem Rollator-Spendenlauf Millionen für den Gesundheitsdienst – nun leidet er selbst an CoVid-19. #Corona #coronavirus  https://t.co/fFxDiM6CGz</text>
  </Document>
  <Document id="1356592269705568256">
    <relevance>false</relevance>
    <sentiment>neutral</sentiment>
    <Opinions/>
    <text>@BingoBongoPeng @freetheyazz genau komme dann mit 70 mit Rollator auf Station🤦‍♀️ nur damit ihr euch nicht benachteiligt fühlt man sollte langsam echt mal über kostenlose Tempos für euch nachdenken</text>
  </Document>
  <Document id="1356637872389038083">
    <relevance>false</relevance>
    <sentiment>neutral</sentiment>
    <Opinions/>
    <text>In meiner Pause habe ich einen Bierbrauer mit Hund, eine Dame mit Rollator und Fluchtalent im Schnee und eine Erstklässlerin mit Lust am Rennen kennengelernt.  Alle auf Entzug.</text>
  </Document>
  <Document id="1356641132927721474">
    <relevance>false</relevance>
    <sentiment>neutral</sentiment>
    <Opinions/>
    <text>Captain John Moore ist leider gestorben. Der Mann der mit seinem Rollator Spenden für die Covid Pandemie  gesammelt hat und von der Queen zum Ritter geschlagen wurde. Ruhe in Frieden</text>
  </Document>
  <Document id="1356642104819265537">
    <relevance>false</relevance>
    <sentiment>neutral</sentiment>
    <Opinions/>
    <text>Er war ein Held unserer Zeit: „Sir Tom Moore“, von der Queen zum Ritter geschlagen, nachdem er, 100 Jahre alt, mit seinem Rollator seine Runden gegangen war, um in Coronakrise Spenden fürs  Gesundheitssystem zu sammeln. Heute starb er an Covid19. „Captain, my Captain, R.I.P.!“</text>
  </Document>
  <Document id="1356643378964946946">
    <relevance>false</relevance>
    <sentiment>neutral</sentiment>
    <Opinions/>
    <text>Erst sammelte @captaintommoore mit einem Spendenlauf am Rollator Millionen für den britischen Gesundheitsdienst in der Pandemie. Dann infizierte er sich selbst mit dem Coronavirus. Nun ist der 100-Jährige gestorben. https://t.co/wv9RUxuD18</text>
  </Document>
  <Document id="1356644619908505608">
    <relevance>false</relevance>
    <sentiment>neutral</sentiment>
    <Opinions/>
    <text>Der 100 Jahre alte Spendensammler Tom Moore ist tot. Er hatte sich kürzlich mit dem #Coronavirus infiziert. Moore wurde durch den Rollator-Spendenlauf berühmt, mit dem er im vergangenen Jahr umgerechnet 37 Millionen Euro für das britische Gesundheitssystem gesammelt hatte.</text>
  </Document>
  <Document id="1356645689732829184">
    <relevance>false</relevance>
    <sentiment>neutral</sentiment>
    <Opinions/>
    <text>@derspiegel Das ist sehr traurig😥🕊️🕯️ Bestimmt stehen alle Engel Spalier wenn er mit seinem Rollator der Himmelspforte entgegen geht👼R.I.P.  #TomMoore</text>
  </Document>
  <Document id="1356653712509386754">
    <relevance>false</relevance>
    <sentiment>neutral</sentiment>
    <Opinions/>
    <text>ein opa ist 300 mal seinen garten mitm rollator hoch und runter gefahren, dann wurde er durch den ritterschlag der queen niedergestreckt und starb auf twitter</text>
  </Document>
  <Document id="1356671169756352516">
    <relevance>false</relevance>
    <sentiment>neutral</sentiment>
    <Opinions/>
    <text>@Natascha_Strobl Das macht mich traurig, dass #CaptainTom  gestorben ist. Er hatte so viel Durchhaltewillen! Ich hoffe, man setzt ihm ein Denkmal, weil @captaintommoore so ein Vorbild am Mut und Initiative war. Könnte mir eine Statue des alten Herrn vorstellen: &quot;mit dem Rollator auf Spendenlauf&quot;</text>
  </Document>
  <Document id="1356690859748696068">
    <relevance>false</relevance>
    <sentiment>neutral</sentiment>
    <Opinions/>
    <text>Hat Vielen viel Mut gemacht und war ein grosses Vorbild. = Man kann auch mit 100 Jahren Die Welt noch bewegen - mit 100 Rollator-Runden ca 36 Mio Spenden für Andere sammeln. Bewegend und jetzt ein bisschen traurig.</text>
  </Document>
  <Document id="1356692448416829441">
    <relevance>false</relevance>
    <sentiment>neutral</sentiment>
    <Opinions/>
    <text>@ChGraeff @SFruhner @Doc_57 @paskolumbus @CDUWuhletal @A_J_Herrmann Natürlich sollen Fußgänger auf der Straße laufen - wo denn sonst auf einer Anwohnerstraße? Vorschlag @ChGraeff: Einfach Rollator/🦽ausleihen und ausprobieren. Viel Spaß bei den gepflasterten Garagenausfahrten. 🤣 Und Kindern können wirklich super ⚽️auf dem Gehweg spielen. 🤣1/2</text>
  </Document>
  <Document id="1356709793482874882">
    <relevance>false</relevance>
    <sentiment>neutral</sentiment>
    <Opinions/>
    <text>@jens140180 @DaFeid Wahrscheinlich wieder alles feiernde Ü80 -jährige auf ner Rollator Party 🧓👴👵</text>
  </Document>
  <Document id="1356714373750939652">
    <relevance>false</relevance>
    <sentiment>neutral</sentiment>
    <Opinions/>
    <text>Fundraiser in #Deutschland trauern um @captaintommoore, der im vergangenen Jahr hundertjährig mit seinem #Rollator 37 Millionen Euro gegen #Corona sammelte und heute selbst daran gestorben ist. Ruhe in Frieden, lieber Captain. #fundraising #hero https://t.co/S8WQ51dVWd</text>
  </Document>
  <Document id="1356884908002717696">
    <relevance>false</relevance>
    <sentiment>neutral</sentiment>
    <Opinions/>
    <text>@moonyBlack_UwU Ich erhebe meinen Zauberstab zu Ehren des 💯- Jährigen Sir Tom Moore, welcher mit seinem Spendenlauf mit seinem Rollator Millionen gesammelt hatte, welche für den Kampf gegen die Corona Pandemie in Großbritannien verwenden wurden.</text>
  </Document>
  <Document id="1356903984712347649">
    <relevance>false</relevance>
    <sentiment>neutral</sentiment>
    <Opinions/>
    <text>@TBreitschneider Ah wunderschön! Endlich haben die Senioren genug Platz, um mit dem Rollator auf der allerletzten Abschiedstournee der Rolling Stones mal so richtig abzuhotten!</text>
  </Document>
  <Document id="1356905450063736840">
    <relevance>false</relevance>
    <sentiment>neutral</sentiment>
    <Opinions/>
    <text>Tischlerei ohne Herz für Rollator- und Kinderwagen-Schieber #Pankow https://t.co/AMQbPEHElG</text>
  </Document>
  <Document id="1356920371052707841">
    <relevance>false</relevance>
    <sentiment>neutral</sentiment>
    <Opinions/>
    <text>Der durch seine Solidaritätsaktion mit dem britGesundheitsdienst NHS bekannt gewordene #Weltkriegsveteran #Tom_Moore ist an einer Corona-Infektion gestorben. Moore hatte zu 100. Geburtstag 100 Runden mit seinem Rollator im heimischen Garten gedreht, um Spenden für #NHS zu sammeln</text>
  </Document>
  <Document id="1356935861422727180">
    <relevance>false</relevance>
    <sentiment>neutral</sentiment>
    <Opinions/>
    <text>@Schiewack @GKV_SV Der Rollator für meinen Mann kam aus Aachen. Wir wohnen 40 km nördlich von Hannover. Der Rollator! Kostet im Discounter so 100€ . Bremse reparieren lohnt bei der Anfahrt nicht!</text>
  </Document>
  <Document id="1356936479315025921">
    <relevance>false</relevance>
    <sentiment>neutral</sentiment>
    <Opinions/>
    <text>@Hallaschka_HH Also hier sehe ich sowohl männliche als auch weibliche Fußgänger, Radfahrer oder Menschen mit Kinderwagen oder Rollator. Wo lebt die Frau denn? 🤔</text>
  </Document>
  <Document id="1356938643252908036">
    <relevance>false</relevance>
    <sentiment>neutral</sentiment>
    <Opinions/>
    <text>@Schiewack @GKV_SV Kenn ich von meiner Oma. Kleinigkeit am Rollator kaputt - muss jemand aus Karlsruhe Richtung Mannheim kommen. Also schlussendlich privat einen gekauft, damit sich Probleme vor Ort lösen lassen. 🤦🏼‍♀️</text>
  </Document>
  <Document id="1356938741739307021">
    <relevance>false</relevance>
    <sentiment>neutral</sentiment>
    <Opinions/>
    <text>#Kuban (JU) heute! Kurzfassung: &quot;Wäre schlimm, wenn im Sommer nur ALTE  Geimpfte am Strand liegen dürften.&quot;  Als ob Ü&gt;80 die Strände füllen täten, solange dort noch keine betonierten Rollator Autobahnen...... Oh Jeses🤦‍♂️</text>
  </Document>
  <Document id="1356946883416117249">
    <relevance>false</relevance>
    <sentiment>neutral</sentiment>
    <Opinions/>
    <text>Wenn bei der @polizeiberlin berichtet wird, dass 91 Jährige mit Rollator &quot;plötzlich&quot; (sic!) über die Straße gehen, dann muss die Impfung ja gut sein. Oder die Pressemitteilung schlecht. Nicht sicher.</text>
  </Document>
  <Document id="1356954783924580354">
    <relevance>false</relevance>
    <sentiment>neutral</sentiment>
    <Opinions/>
    <text>@covercsgo Ez wenn du mit deinem Rollator vorfährst</text>
  </Document>
  <Document id="1356965461368438786">
    <relevance>false</relevance>
    <sentiment>neutral</sentiment>
    <Opinions/>
    <text>@jens140180 Kommen die geeimpften mit dem Rollator?</text>
  </Document>
  <Document id="1357006438879666177">
    <relevance>false</relevance>
    <sentiment>neutral</sentiment>
    <Opinions/>
    <text>@GoldsteinBlum @Morlock78689917 ... Ist die Unterführung hell und belebt genug? Gibt es Hindernisse für Kinderwagen? Laufrad? Rollator? Ist die Ampelschaltung lang genug, um ohne Stress über die Straße zu kommen? Das Hearing soll auf diese Vielzahl der Bedürfnisse aufmerksam machen. Verkehrswende für alle!</text>
  </Document>
  <Document id="1357007877710487556">
    <relevance>false</relevance>
    <sentiment>neutral</sentiment>
    <Opinions/>
    <text>@fr_amanita @bettine44662753 @FrolleinDanni Möchtest du zufällig einen Rollator kaufen? Der passt doch prima zu deinem neuen Style. 😏</text>
  </Document>
  <Document id="1357024549326438405">
    <relevance>false</relevance>
    <sentiment>neutral</sentiment>
    <Opinions/>
    <text>@12happyfeet12 Meine Mutter(95) hat gerade noch die Kurve gekriegt. Als ich sie heute im Heim besuchte erzählte sie mir stolz, sie schafft mit Rollator schon die 10 m in den Gemeinschaftsraum fürs Mittagessen und zurück. Aber dann schlafen.</text>
  </Document>
  <Document id="1357056632576966661">
    <relevance>false</relevance>
    <sentiment>neutral</sentiment>
    <Opinions/>
    <text>@hochgradpflege Naja, trotz Rollator war er ja noch recht rüstig...</text>
  </Document>
  <Document id="1357095636773003281">
    <relevance>false</relevance>
    <sentiment>neutral</sentiment>
    <Opinions/>
    <text>Der süsse u. coole Rollator-Spendenlauf-Opi ist tot. Er sammelte viel Geld u. vielen Menschen gab der 100-jährige Tom Moore in der Pandemie Hoffnung.  Danke, dass Du da warst❣️R.I.P. https://t.co/yXV1rqd6xb</text>
  </Document>
  <Document id="1357103162600148992">
    <relevance>false</relevance>
    <sentiment>neutral</sentiment>
    <Opinions/>
    <text>@FotoRagazzo Wo warst du den mit deinem Rollator</text>
  </Document>
  <Document id="1357234417727635457">
    <relevance>false</relevance>
    <sentiment>neutral</sentiment>
    <Opinions/>
    <text>Seitdem die Meiendorfer Straße ausgebaut wurde, haben wir einen schönen Fußweg und daneben einen breiten Radweg (zumindest teilweise). Jetzt aber müssen sich alle den Fußweg teilen (ob zu Fuß, per Rollator, Roller oder Rad). Warum? Weil nur der Fußweg geräumt wird.</text>
  </Document>
  <Document id="1357262175539261440">
    <relevance>false</relevance>
    <sentiment>neutral</sentiment>
    <Opinions/>
    <text>Sagt Hallo zu der 19 jährigen, die solch starke Gelenk und Muskelschmerzen hat dass ihre 87 jährige Oma mit dem Rollator das Rennen zum Robidog gewinnen würde. Ich hab es nämlich gar nicht erst da hin geschafft.</text>
  </Document>
  <Document id="1357298182544318468">
    <relevance>false</relevance>
    <sentiment>neutral</sentiment>
    <Opinions/>
    <text>@FrlSchmitt @Nell781 Ich geh auch mit dir mit Rollator aufs Konzert 😘</text>
  </Document>
  <Document id="1357406148488536068">
    <relevance>false</relevance>
    <sentiment>neutral</sentiment>
    <Opinions/>
    <text>Mein Opa soll am Samstag aus KH nach Hause. Kann nur ein paar Schritte mit Unterstützung Rollator und zwei Personen laufen. Auf meine Frage, ob er sich aktuell selbst drehen kann: Keine Ahnung. Aber: &quot;Gewaschen werden wir ihn schon kriegen&quot; u &quot;wir werden mit ihm so üben&quot;  Toll 😑</text>
  </Document>
  <Document id="1357414841787547649">
    <relevance>false</relevance>
    <sentiment>neutral</sentiment>
    <Opinions/>
    <text>@herold_gunter @de_rt_com Und eine Rollator Vermietung 😂</text>
  </Document>
  <Document id="1357456607538470912">
    <relevance>false</relevance>
    <sentiment>neutral</sentiment>
    <Opinions/>
    <text>Die Szene von oben mit Rollator ist aber kein Selfie... #Lanz</text>
  </Document>
  <Document id="1081556954844024832">
    <relevance>false</relevance>
    <sentiment>neutral</sentiment>
    <Opinions/>
    <text>POL-DEL: Diebstahl eines Rollators +++ Verkehrsunfall https://t.co/PO3h3CU130 #ots #polizei #news</text>
  </Document>
  <Document id="711953635098238976">
    <relevance>false</relevance>
    <sentiment>neutral</sentiment>
    <Opinions/>
    <text>Rollator-Fahrerin (84) bei Unfall verletzt: (ots) - In den Abendstunden des 17. März ist in Bochu... https://t.co/c6WKpJBOWk #bochum #ost</text>
  </Document>
  <Document id="1030105248369651713">
    <relevance>false</relevance>
    <sentiment>neutral</sentiment>
    <Opinions/>
    <text>Kennt ihr auch diese Pseudogeländewagen, die im Schneckentempo auf der Straße unterwegs sind? Manchmal frage ich mich, ob die Aufschrift Sportage ein Synonym für Rollator ist.</text>
  </Document>
  <Document id="692728180877201408">
    <relevance>false</relevance>
    <sentiment>neutral</sentiment>
    <Opinions/>
    <text>Wachsame Nachbarin - Festnahme nach Einbruchsversuch (Rollator-Tat) #keinbruch https://t.co/KrMbPRcoTm https://t.co/piYhtYrfKR</text>
  </Document>
  <Document id="1032352915221041152">
    <relevance>true</relevance>
    <sentiment>negative</sentiment>
    <Opinions>
      <Opinion category="GroundLevelAccess#Main" polarity="negative" from="168" to="183" target="hohen Randstein" category_de="Stufenfrei_Hoehengleich#Haupt"/>
      <Opinion category="GroundLevelAccess#Main" polarity="negative" from="208" to="234" target="ebenerdig ein-&amp; aussteigen" category_de="Stufenfrei_Hoehengleich#Haupt"/>
    </Opinions>
    <text>@TheWegi @RadlerInWI @MariaBandur @AdrianAulbach Wegen solchen Vollpfosten müssen dann alte Omis mit Rollator aus dem Niederflurbus auf die Straße runter, und dann den hohen Randstein wieder rauf, statt fast ebenerdig ein-&amp; aussteigen zu können. Analog Rollifahrer. Beim Gehwegzuparken passt weder Rolli noch Bike-Anhänger vorbei</text>
  </Document>
  <Document id="670962294784991232">
    <relevance>false</relevance>
    <sentiment>neutral</sentiment>
    <Opinions/>
    <text>#Parkplatz #rollator #leoben #fun #spazierengang @ Leoben, Austria https://t.co/YXVeV13LUj</text>
  </Document>
  <Document id="1041640076432875526">
    <relevance>false</relevance>
    <sentiment>neutral</sentiment>
    <Opinions/>
    <text>@kanton_bern Noch besser wäre, wenn man die Stadt gleich ganz abbricht, eine Autobahnraststätte mit riesengrossem Parkplatz daraus macht. Eine gewisse Alt-Bundesrätin kann dann diese Chose mit ihrem autonom gesteuerten Elektro-Rollator ca. 2043 n. Chr. einweihen kommen. https://t.co/D4NeA6q3Xf</text>
  </Document>
  <Document id="1082243122799804416">
    <relevance>true</relevance>
    <sentiment>neutral</sentiment>
    <Opinions/>
    <text>@Rock_N_Rollator Die sind doch mittlerweile für die Bahn zuständig, oder nicht?</text>
  </Document>
  <Document id="1042685844744744960">
    <relevance>false</relevance>
    <sentiment>neutral</sentiment>
    <Opinions/>
    <text>Vor dem Büro hat gerade eine ältere Dame mit Rollator eine andere ältere Dame mit Rollator überholt.  Kennt ihr das, wenn ein LKW auf der Autobahn den anderen LKW überholt?  So sah das aus, nur in putzig.</text>
  </Document>
  <Document id="1082246815490236428">
    <relevance>false</relevance>
    <sentiment>neutral</sentiment>
    <Opinions/>
    <text>RT @bpol_pir: @PolizeiSachsen @Rock_N_Rollator @bluebeatshelter Ja, unser Hubschrauber war im Einsatz. Zu unseren bahnpolizeilichen Aufgabe…</text>
  </Document>
  <Document id="1012236684136607745">
    <relevance>false</relevance>
    <sentiment>neutral</sentiment>
    <Opinions/>
    <text>POL-RE: Gladbeck: Frau mit Rollator stirbt nach Verkehrsunfall auf der Roßheidestaße https://t.co/WjeaOCj0h3</text>
  </Document>
  <Document id="1014154744959414272">
    <relevance>false</relevance>
    <sentiment>neutral</sentiment>
    <Opinions/>
    <text>Auf Zebrastreifen! - Frau mit Rollator totgefahren https://t.co/mx9yjl4M1v</text>
  </Document>
  <Document id="1014420672565727232">
    <relevance>false</relevance>
    <sentiment>neutral</sentiment>
    <Opinions/>
    <text>In Herford wurde eine Frau mit einem Rollator auf einem Zebrastreifen totgefahren https://t.co/HZPiWiQ6uo</text>
  </Document>
  <Document id="1014867952095711232">
    <relevance>false</relevance>
    <sentiment>neutral</sentiment>
    <Opinions/>
    <text>Bitte, gern geschehen, so lange wir es schaffen, sicher auch mit Stock und Rollator, WIR lassen uns nicht abhalten!!!! https://t.co/b7a8QpA1O9</text>
  </Document>
  <Document id="1016263458516602880">
    <relevance>false</relevance>
    <sentiment>neutral</sentiment>
    <Opinions/>
    <text>Aktuelle Stauwarnung: #Rewe #Mannheim - Lindenhof  sämtliche Durchgänge werden von einer Rollator-Gang blockiert. Zeitverlust bis zu 30 Minuten...</text>
  </Document>
  <Document id="1082562625215569921">
    <relevance>false</relevance>
    <sentiment>neutral</sentiment>
    <Opinions/>
    <text>Wieder ein #Falschparker in #Münster in Albert-Schweitzer-Straße: #WegDa! Keine Bemerkung Mehrere gefährliche Situationen vorm UKM beobachtet, weil Menschen mit Rollator oder Geheinschränkungen die Straße nicht überqueren konnten. 08.01.2019 https://t.co/meP7iabP2w</text>
  </Document>
  <Document id="1017009371539263490">
    <relevance>false</relevance>
    <sentiment>neutral</sentiment>
    <Opinions/>
    <text>#Euskirchen: Fremdsprachiger, dunkelhäutiger Mann spricht auf der Straße eine 89-jährige Dame an - als sie ihn abweist, greift er sich die Handtasche der Seniorin aus ihrem #Rollator und verschwindet mit der Beute https://t.co/TpE1MbP6hl</text>
  </Document>
  <Document id="1017549206276452352">
    <relevance>false</relevance>
    <sentiment>neutral</sentiment>
    <Opinions/>
    <text>09.07.2018 – #Leiche aus #Haltener #Stausee geborgen-„Am Ufer wurde ein Rollator gefunden.“ Das hört sich für mich aber diesmal nicht nach einem Unfall an. Mal schauen was man uns das wieder als Ermittlungsergebnis präsentiert! https://t.co/lVBFVuGbyF</text>
  </Document>
  <Document id="1082563059862962176">
    <relevance>false</relevance>
    <sentiment>neutral</sentiment>
    <Opinions/>
    <text>@zukunftmobil Auch Radfahren müsste abgeschafft werden, um autonom fahrende Autos zu &quot;schützen&quot;. Ganz zu schweigen von Lastenrädern, Kinderwagen, Rollatoren, Handkarren, Skateboards, spielende Kinder, Tiere. Also alles, was eine Fahrbahn zu schnell und zu unvorhergesehen kreuzt</text>
  </Document>
  <Document id="1017802038334271488">
    <relevance>false</relevance>
    <sentiment>neutral</sentiment>
    <Opinions/>
    <text>RT @PolizeiMuenchen: Weil eine Frau mit ihrem Rollator nicht mehr weiterkam, wurden wir alarmiert. Noch vor unserem Eintreffen, wurden Nach…</text>
  </Document>
  <Document id="1078322215266017280">
    <relevance>false</relevance>
    <sentiment>neutral</sentiment>
    <Opinions/>
    <text>@zeitonline Ein Rollator mit Diamanten besetzt bleibt ein Rollator.</text>
  </Document>
  <Document id="1020738274388856832">
    <relevance>false</relevance>
    <sentiment>neutral</sentiment>
    <Opinions/>
    <text>@MarcusHelmes @WandaLissmus Sie hätte sich trotz Stützrädern auf die Backe gelegt. Stützräder helfen auch nicht, wenn ein Graben neben der Fahrbahn ist. Da hilft nicht einmal ein Rollator.😉😂😂😂</text>
  </Document>
  <Document id="1021718684241481730">
    <relevance>true</relevance>
    <sentiment>neutral</sentiment>
    <Opinions/>
    <text>RT @EckhardHoeffner: @NullRuck @CSU Vor mir war eine 80.Jährige mit Rollator, mit der ich auch zum HbF gegangen bin, neben mir eine Familie…</text>
  </Document>
  <Document id="1083293659183964160">
    <relevance>false</relevance>
    <sentiment>neutral</sentiment>
    <Opinions/>
    <text>Kampf-Rentnerin erzwingt sich mit Rollator ihre Vorfahrt und kollidiert mit Auto.</text>
  </Document>
  <Document id="1026136832130605062">
    <relevance>false</relevance>
    <sentiment>neutral</sentiment>
    <Opinions/>
    <text>@InridaD Wir streiten uns dann um den Parkplatz.. Für den Rollator.</text>
  </Document>
  <Document id="1027174213478752258">
    <relevance>false</relevance>
    <sentiment>neutral</sentiment>
    <Opinions/>
    <text>@Polizei_H @lordxxl @silent_mobility Die Fußgänger laufen so über die Straße (eine Seniorin mit Rollator), da ein Pkw den Weg blockiert und das noch geduldet durch die Polizei. Sie sollten sich schämen von diesem Account derartige Antworten zu geben!</text>
  </Document>
  <Document id="1027504435155615745">
    <relevance>false</relevance>
    <sentiment>neutral</sentiment>
    <Opinions/>
    <text>@SZ Muss jetzt die Oma mit ihrem Rollator auf der übriggebliebenen Fläche des Gehweges auch zickzack fahren? Wer klingelt wen weg?</text>
  </Document>
  <Document id="1007238232478830592">
    <relevance>false</relevance>
    <sentiment>neutral</sentiment>
    <Opinions/>
    <text>@Der_Postillon Danke @Der_Postillon für diesen Tipp. Endlich muss ich mich nicht mehr mit Ratten hinter den Supermärkten um faules Obst prügeln. Allerdings ist frühes Aufstehen angesagt, um noch einen Parkplatz für den Rollator am Teich zu bekommen...</text>
  </Document>
  <Document id="1007965780800147457">
    <relevance>false</relevance>
    <sentiment>neutral</sentiment>
    <Opinions/>
    <text>@hannagelb Es hat auch etwas mit der Kultur zu tun. Rollatoren sind in PL sehr unbeliebt. Ich habe sie dort nur in Altenheimen gesehen, weil viele sie peinlich finden und sich damit nicht auf die Straße trauen. Es ist uns jedenfalls nicht gelungen, unsere Oma dafür zu überzeugen. 🤷🏼‍♂️</text>
  </Document>
  <Document id="1005025220682543106">
    <relevance>false</relevance>
    <sentiment>neutral</sentiment>
    <Opinions/>
    <text>RT @Babsi58089: Kuhlestr. #Hagen 😕man kann kaum Laufen und der Weg nicht gekehrt, mit Krücken, Rollator.. Kann man nicht gehen und man muss…</text>
  </Document>
  <Document id="1004405368284426241">
    <relevance>false</relevance>
    <sentiment>neutral</sentiment>
    <Opinions/>
    <text>Hubschrauber und Spürhund: Herrenloser Rollator löst Polizeieinsatz aus https://t.co/6BTj5mScD6</text>
  </Document>
  <Document id="1083715281803988992">
    <relevance>false</relevance>
    <sentiment>neutral</sentiment>
    <Opinions/>
    <text>Außerdem seien Nebenstraßen (...) so mit Autos vollgestellt, dass Senioren besonders mit einem Rollator nicht die Straße überqueren können. Leserinnenmeinung aus dem Newsletter @TspLeuteChaWi, der  gleich kommt. Hier schon mal das Intro: https://t.co/lASpi8EPUG</text>
  </Document>
  <Document id="1000317838500937728">
    <relevance>false</relevance>
    <sentiment>neutral</sentiment>
    <Opinions/>
    <text>Hindernis-Parcours - Bahn frei für die Rollator-Fahrschule https://t.co/j63XDBXzWl</text>
  </Document>
  <Document id="1068616204812734465">
    <relevance>false</relevance>
    <sentiment>neutral</sentiment>
    <Opinions/>
    <text>RT @Silbernetz: Könnte man  ihm eventuell zum Training einen Rollator verordnen? #Alter #gemEinsam https://t.co/XeDIbtEoC8</text>
  </Document>
  <Document id="1000776664438267905">
    <relevance>false</relevance>
    <sentiment>neutral</sentiment>
    <Opinions/>
    <text>@einsteinsbraut Stelle mir vor wie Rennwagen warten muss damit Oma mit Rollator über die Straße kann.</text>
  </Document>
  <Document id="1001022623264931840">
    <relevance>false</relevance>
    <sentiment>neutral</sentiment>
    <Opinions/>
    <text>Während andere ins Freibad gehen, schreiben wir ihnen Knöllchen.  Gehwege, Radwege, Sperrflächen und Sonderparkplätze zugeparkt. Menschen mit Rollatoren, Kinderwagen und Familien müssen über die vielbefahrene Straße laufen.  Aber wir sind die Bösen. 😉  #AusdemDienst</text>
  </Document>
  <Document id="1001070981761429504">
    <relevance>true</relevance>
    <sentiment>neutral</sentiment>
    <Opinions/>
    <text>@Ninchen_ohne_Ka @Yahneena @Murmelmum @lesemufflon @eile_mit_weile_ @Mupfmama Bei Strohhalme ist es so, wie wenn wir alle mit Rollatoren durch die Stadt liefen. Es ist ein großer, unnötiger Platzverbrauch, Bus und Bahn würden nur wenige Menschen aufnehmen können, usw.</text>
  </Document>
  <Document id="999115240544534529">
    <relevance>false</relevance>
    <sentiment>neutral</sentiment>
    <Opinions/>
    <text>#Rollator und ein paar Wechselsachen. #Evakuierung im vollen Gange  #Fliegerbombe https://t.co/dNpcTnmJYC</text>
  </Document>
  <Document id="997069361486684160">
    <relevance>false</relevance>
    <sentiment>neutral</sentiment>
    <Opinions/>
    <text>Auf dem Friedhof Lohstraße bestohlen Bad Vilbel Seniorin Mi16:25h Nähe Trauerhalle bei  Urnenwänden aus Handtasche im Rollator Geldbörse entwendet. Täter lief Richtung Kirche; dunkle Jacke und einen Rucksack mit zwei roten Streifen. Zeugen? https://t.co/ciL7nbOe0S</text>
  </Document>
  <Document id="1070651586542739457">
    <relevance>false</relevance>
    <sentiment>neutral</sentiment>
    <Opinions/>
    <text>@darthgledde Ich stelle mir grade vor, wie ich, ausgestattet mit Rollator und Warnweste, über die Autobahn laufe.... an jedem zweiten Auto mit dem Gehstock an die Scheibe klopfen 😂</text>
  </Document>
  <Document id="989839024713068544">
    <relevance>false</relevance>
    <sentiment>neutral</sentiment>
    <Opinions/>
    <text>@BILD Treten die dann mit dem Rollator auf ?</text>
  </Document>
  <Document id="984843051511222272">
    <relevance>false</relevance>
    <sentiment>neutral</sentiment>
    <Opinions/>
    <text>RT @hansalbers100: Der Kontrollator des @SPIEGELONLINE hat wohl gerade aufn Klo geschissen 😂😂😂🙈🙈🙈👏👏😎 #spiegel #fulda https://t.co/MdrIKrf0CC</text>
  </Document>
  <Document id="983203602054483968">
    <relevance>false</relevance>
    <sentiment>neutral</sentiment>
    <Opinions/>
    <text>Wenn die Apotheke an der Ecke plötzlich fehlt Mit dem Rollator hat die 84-Jährige den Weg von der Berliner Höhe bis an die Gladbacher Straße gemeistert, steht nun entsetzt und hilflos vor der... https://t.co/1RNsGc2T0T</text>
  </Document>
  <Document id="977481792562360320">
    <relevance>false</relevance>
    <sentiment>neutral</sentiment>
    <Opinions/>
    <text>@gabonn Ich bin  gebürtiger Bonner und ich war noch nie in einem Museum in Bonn. Da sind mir zu viele Leute mit Rollator. Aber als Kinder und Jugendliche wurden wir regelmäßig auf der Straße gerügt, weil wir zu laut waren.</text>
  </Document>
  <Document id="977524918647705600">
    <relevance>false</relevance>
    <sentiment>neutral</sentiment>
    <Opinions/>
    <text>Yep Onkelchen @-}---  Schön, dass Du bzgl des #ErsatzteilLagerHinter4Räder so positiv denkst.  #RollatorJunkies #RollatorRebellen #DefRebells https://t.co/vyVLi3XWrf</text>
  </Document>
  <Document id="1071440074221543425">
    <relevance>false</relevance>
    <sentiment>neutral</sentiment>
    <Opinions/>
    <text>@MeckGeorg In der Tat blockieren Horden von Transporter agressiv u. regelmäßig Fahrrad- u. Gewege so dass Radfahrer und Fußgänger teils auf Straße ausweichen müssen da Durchgang nicht mehr vorhanden. Vor allem auch Kinder auf Schulwegen betroffen oder ältere Menschen mit Rollatoren. #DHL</text>
  </Document>
  <Document id="978905555988303874">
    <relevance>true</relevance>
    <sentiment>neutral</sentiment>
    <Opinions/>
    <text>in der ubahn sitz ein alter mann mit rollator auf seiner käppi steht SKATE GANG</text>
  </Document>
  <Document id="979256203887902720">
    <relevance>false</relevance>
    <sentiment>neutral</sentiment>
    <Opinions/>
    <text>Regelmäßig werden die abgesenkten Bordsteine in der Arndtstraße / Ecke Gr. Diesdorfer zugeparkt. Rollis, Rollator, Kinderwagen haben keine Chance, die Straße sicher zu überqueren. Wird Zeit, dass da mal was unternommen wird. https://t.co/0VPZQZea4Z</text>
  </Document>
  <Document id="979474354995122182">
    <relevance>false</relevance>
    <sentiment>neutral</sentiment>
    <Opinions/>
    <text>Eine alte Oma mit nem Rollator? https://t.co/JAAqynqAx0</text>
  </Document>
  <Document id="974687517432844288">
    <relevance>false</relevance>
    <sentiment>neutral</sentiment>
    <Opinions/>
    <text>Opi mit Rollator bei Unfall in #Leipzig schwer verletzt. https://t.co/XHq85Fwsaw https://t.co/Gz2e4MfZz9</text>
  </Document>
  <Document id="966630075906121729">
    <relevance>false</relevance>
    <sentiment>neutral</sentiment>
    <Opinions/>
    <text>Wenn Dich die Polizei anruft und dir mitteilt, dass Deine Mudda gerade  bei Aldi aufm Parkplatz mit Ihrem Rollator volle Kanne ein Wagen gerammt hat, weil der den Behindertenparkplatz blockiert hat..  \o/  Ich fahr hin und feuere Sie an..</text>
  </Document>
  <Document id="970379903236558849">
    <relevance>false</relevance>
    <sentiment>neutral</sentiment>
    <Opinions/>
    <text>@BILD Täter mit dem Rollator  auf der Flucht.</text>
  </Document>
  <Document id="970426291123032066">
    <relevance>false</relevance>
    <sentiment>neutral</sentiment>
    <Opinions/>
    <text>@Hoeckewatch @PoggenburgAndre Aber Du bist linksextrem :D Wundert mich, was an Rentnern die auf die Straße gehen, so „Extrem“ sein soll, hast Du angst, das Dich bald ein Rollator überfährt ?</text>
  </Document>
  <Document id="959482472034635777">
    <relevance>false</relevance>
    <sentiment>neutral</sentiment>
    <Opinions/>
    <text>@polizei_nrw_do Das geht doch als Kunst durch oder (baue gerade den Motor von meinem Rollator)?</text>
  </Document>
  <Document id="959547737996963840">
    <relevance>false</relevance>
    <sentiment>neutral</sentiment>
    <Opinions/>
    <text>Kleinlaster überrollt und tötet 65-Jährige mit Rollator https://t.co/8t5FCcjaSZ https://t.co/7UXt9EhMEu</text>
  </Document>
  <Document id="1073590953422872576">
    <relevance>false</relevance>
    <sentiment>neutral</sentiment>
    <Opinions/>
    <text>#Kaiserslautern: Zwei südosteuropäisch aussehende Ganovinnen verwickeln eine Seniorin auf der Straße in ein Gespräch und klauen der betagten Dame die Börse aus dem #Rollator https://t.co/e5DlBaVbcP</text>
  </Document>
  <Document id="937061061576011776">
    <relevance>false</relevance>
    <sentiment>neutral</sentiment>
    <Opinions/>
    <text>RT @dgh_de: Heute eine betagte Frau mit Rollator und sehr langsam unterwegs grad noch davor bewahrt dunkel gekleidet im Dunkeln…</text>
  </Document>
  <Document id="940638571295334400">
    <relevance>true</relevance>
    <sentiment>negative</sentiment>
    <Opinions>
      <Opinion category="ccidentsMobilityGroups#Main" polarity="negative" from="166" to="205" target="Oma mit Rollator in der Tür eingeklemmt" category_de="Unfall#Haupt"/>
    </Opinions>
    <text>20min Busfahren, so viel Abenteuer: Bus brettert bei dunkelstrot über die Kreuzung, dann mit Vollbremsung Kollision mit stehendem Fahrzeug knapp vermieden und danach Oma mit Rollator in der Tür eingeklemmt. War bestimmt Werbedreh für die #weilwirdichlieben Kampagne</text>
  </Document>
  <Document id="1073985201779470339">
    <relevance>false</relevance>
    <sentiment>neutral</sentiment>
    <Opinions/>
    <text>@PolizeiMuenchen @SFKteuton Da sie &quot;faktisch&quot; schrieben, hier ein paar Fakten: Wagen blockiert den kompletten Gehweg. Polizei schreibt ein Knöllchen.  Behinderung wurde nicht behoben, Menschen mit Kinderwagen, Rollator oder weniger gesunden Beinen müssen auf die Fahrbahn ausweichen. #runtervomgehweg https://t.co/AQCIGOjQS7</text>
  </Document>
  <Document id="948871779136757760">
    <relevance>false</relevance>
    <sentiment>neutral</sentiment>
    <Opinions/>
    <text>Berlin wird älter, die Autos schneller, die Fußgänger haben nur wenig Chancen bei der Grünphase die Straße zu überqueren. @Unfallforschung fordert Fahrtests ab 75 Jahren -  #criticalmass mit Rollator wäre eine Alternative https://t.co/mVTpZliXZG</text>
  </Document>
  <Document id="949241609362829312">
    <relevance>true</relevance>
    <sentiment>neutral</sentiment>
    <Opinions/>
    <text>Keine Chance Bahn zu fahren. So toll es ist alten Menschen  ihre Mobilität zurückzugeben mit rollatoren. Aber ich komm nicht in die Bahn. Alles voller rollatoren....</text>
  </Document>
  <Document id="951121759914270720">
    <relevance>false</relevance>
    <sentiment>neutral</sentiment>
    <Opinions/>
    <text>POL-DEL: Delmenhorst: Dieb stiehlt Handtasche vom Rollator: Delmenhorst (ots) – Delmenhorst. Einen dreisten Diebstahl hat ein bislang unbekannter Täter am Dienstagnachmittag um kurz vor 16 Uhr in der Grünen Straße begangen. Eine… https://t.co/MYe59U2W1F #Polizeiberichte</text>
  </Document>
  <Document id="1075314606464225281">
    <relevance>false</relevance>
    <sentiment>neutral</sentiment>
    <Opinions/>
    <text>@RatzRuebe @spdhh @GRUENE_Hamburg Gestern Abend stand da, nach dem Unfall, einsam ein Rollator. Nach den gelben Markierung auf der Straße zu deuten, war der Fahrer entweder zu schnell oder mal wieder bestimmt mit dem Handy beschäftigt.</text>
  </Document>
  <Document id="952135006893244416">
    <relevance>false</relevance>
    <sentiment>neutral</sentiment>
    <Opinions/>
    <text>Gerade in den Verkehrsnachrichten gehört: Achtung auf der A7, dort befindet sich eine Rentnerin mit Rollator auf dem Fahrstreifen, die nicht überholt werden darf</text>
  </Document>
  <Document id="952220676647194624">
    <relevance>true</relevance>
    <sentiment>positive</sentiment>
    <Opinions>
      <Opinion category="SpaceMobilityGroups#Main" polarity="positive" from="18" to="46" target="passen gleichzeitig so viele" category_de="Platzangebot#Haupt"/>
    </Opinions>
    <text>In keine Buslinie passen gleichzeitig so viele Kinderwagen und Rollatoren wie in die 11. #peopleofKVG #justKVGthings @KVGKiel</text>
  </Document>
  <Document id="953162513239199744">
    <relevance>false</relevance>
    <sentiment>neutral</sentiment>
    <Opinions/>
    <text>Frau mit Rollator und Hund steht bei strömendem Regen auf der Mitte der Straße. Keiner kommt auf die Idee anzuhalten und sie über die Straße zu lassen. Bis ich komme. Was stimmt mit den Menschen nicht?</text>
  </Document>
  <Document id="953166754708099073">
    <relevance>false</relevance>
    <sentiment>neutral</sentiment>
    <Opinions/>
    <text>RT @skeptikaa: Frau mit Rollator und Hund steht bei strömendem Regen auf der Mitte der Straße. Keiner kommt auf die Idee anzuhalten und sie…</text>
  </Document>
  <Document id="953777792851808261">
    <relevance>false</relevance>
    <sentiment>neutral</sentiment>
    <Opinions/>
    <text>@SPIEGELONLINE Dann braucht sich die Mutter nicht wundern wenn die Tochter dann mal Rollatorfahrten nach Kilometer berechnet.</text>
  </Document>
  <Document id="955440815677100032">
    <relevance>false</relevance>
    <sentiment>neutral</sentiment>
    <Opinions/>
    <text>@SZ CSU Hasser Prantl mit dem für Ihn typischen Kommentar. Er wird im Rollator daher kommen und die CSU wird dann immer noch Bayern regieren. Strafe genug für diesen Wichtigtuer!</text>
  </Document>
  <Document id="928885374885203968">
    <relevance>true</relevance>
    <sentiment>negative</sentiment>
    <Opinions>
      <Opinion category="ccidentsMobilityGroups#Main" polarity="negative" from="159" to="167" target="gestürzt" category_de="Unfall#Haupt"/>
    </Opinions>
    <text>Uff, bei uns ist gerade an einer großen Straße mit mehreren Ampeln und Busbahnhof wo auch gleichzeitig Straßenbahnen fahren eine Dame mit ihrem Rollator dolle gestürzt. Ich stand auf der anderen Straßenseite und könnte nicht schnell genug hin. Ich hab mich so erschrocken.</text>
  </Document>
  <Document id="929968371902361601">
    <relevance>false</relevance>
    <sentiment>neutral</sentiment>
    <Opinions/>
    <text>Und nur für den Fall, dass irgendwer ausschlafen wollte: die Müllabfuhr fährt die komplette Straße rückwärts im Schritttempo eines sehr alten Seniors mit Rollator mit Achsschaden entlang.</text>
  </Document>
  <Document id="933249383490924546">
    <relevance>false</relevance>
    <sentiment>neutral</sentiment>
    <Opinions/>
    <text>Meinen heutigen Herzinfarkt widme ich der Rollator-Oma, die grad ohne Ampel die 4-spurige Straße überquert. In Zeitlupe.</text>
  </Document>
  <Document id="934355877590716416">
    <relevance>false</relevance>
    <sentiment>neutral</sentiment>
    <Opinions/>
    <text>83-Jähriger nach Rollator-Unfall verstorben – War PKW daran beteiligt? – Polizei sucht dringend Zeugen https://t.co/GnVgvTrM3M</text>
  </Document>
  <Document id="928559652836691968">
    <relevance>true</relevance>
    <sentiment>neutral</sentiment>
    <Opinions/>
    <text>Ömchen so: ich hab 'nen Rollator, der Bus wird schon anhalten wenn ich mit dem jetzt auf die Straße gehe ohne wirklich zu gucken.  Der Bus hat angehalten.</text>
  </Document>
  <Document id="1050319070229422080">
    <relevance>false</relevance>
    <sentiment>neutral</sentiment>
    <Opinions/>
    <text>Die Fußgängerin überquerte gerade mit ihrem Rollator die Fahrbahn, als ein Autofahrer sie wegen der tiefstehenden Sonne zu spät bemerkte. https://t.co/AQ5zYsC9wE</text>
  </Document>
  <Document id="905521863304105984">
    <relevance>false</relevance>
    <sentiment>neutral</sentiment>
    <Opinions/>
    <text>@Snugata &gt;Haare pinkbunte Klamotten aber schlurfte am Rollator manche trifft es früh durch.Unfall MS o so.</text>
  </Document>
  <Document id="1053401698650284032">
    <relevance>false</relevance>
    <sentiment>neutral</sentiment>
    <Opinions/>
    <text>@SZ Auf dem Krankenhausflur begegnet der 35jährige Patient einer sich mit Rollator fortbewegenden älteren Dame: &quot;Kann ich Ihnen irgendwie helfen, Schwester?&quot;</text>
  </Document>
  <Document id="1053582713343614977">
    <relevance>false</relevance>
    <sentiment>neutral</sentiment>
    <Opinions/>
    <text>@SZ Da kann die Krankenschwester dann den selbstgenutzten Rollator als Arbeitsmittel von der Steuer absetzen 😅😅😅</text>
  </Document>
  <Document id="878355835533053953">
    <relevance>false</relevance>
    <sentiment>neutral</sentiment>
    <Opinions/>
    <text>Oma mit Rollator und Krückstock schlägt in #Neukölln auf zu lauten Lkw und geht anschließend einkoofen #ditisberlin #24hPolizei</text>
  </Document>
  <Document id="862623753435590656">
    <relevance>false</relevance>
    <sentiment>neutral</sentiment>
    <Opinions/>
    <text>Tödlicher Unfall mit Rollator: 86-Jähriger stürzt vier Meter tief https://t.co/3Z2jL21jPr https://t.co/ssuKA1fd3E</text>
  </Document>
  <Document id="873151988413943811">
    <relevance>false</relevance>
    <sentiment>neutral</sentiment>
    <Opinions/>
    <text>Der Polizeieinsatz in Uster ist vorbei: Der Rentner verlässt sein Haus mit dem Rollator. https://t.co/yC6md7XaCo</text>
  </Document>
  <Document id="842013751540912128">
    <relevance>false</relevance>
    <sentiment>neutral</sentiment>
    <Opinions/>
    <text>Alter Mann rollt mit Rollator auf der Fahrbahn.  Der Gegenwind weht ihm durch die Haare, unterm Hintern viebrierts. Das ist sein Feeling!</text>
  </Document>
  <Document id="814974627726393344">
    <relevance>false</relevance>
    <sentiment>neutral</sentiment>
    <Opinions/>
    <text>PD Zwickau - Treuen: Lkw übersieht Seniorin mit Rollator        https://t.co/DW2i0UXznX #Sachsen</text>
  </Document>
  <Document id="807428386176045056">
    <relevance>false</relevance>
    <sentiment>neutral</sentiment>
    <Opinions/>
    <text>RT @Rock_N_Rollator: Wenn man die Flächen der Autobahnen mit Solarzellen auslegen würden, wieviel Strom bekämen wir rein, Herr Dobrdings?</text>
  </Document>
  <Document id="1045061052680065026">
    <relevance>true</relevance>
    <sentiment>neutral</sentiment>
    <Opinions/>
    <text>@ahoernchen_1 Dazu fällt mir eine wahre Geschichte ein. Opa mit wackeligen Schritt und Rollator auf der linken Straßenseite - Bus kommt - Opa im Gallop mit Rollator über die Straße gewetzt  - Bus da - Opa, nun wieder mit wackeligen Beinen, in Bus gestiegen 😐</text>
  </Document>
  <Document id="1081553441460273154">
    <relevance>false</relevance>
    <sentiment>neutral</sentiment>
    <Opinions/>
    <text>Polizeiinspektion Delmenhorst / Oldenburg - Land / Wesermarsch - Diebstahl eines Rollators   Verkehrsunfall https://t.co/7onVGRsRO3</text>
  </Document>
  <Document id="759782479410503680">
    <relevance>false</relevance>
    <sentiment>neutral</sentiment>
    <Opinions/>
    <text>RT @MichaelJur: Geschätzt 80jährige tippelt mit ihrem Rollator zum Parkplatz, klappt das Laufgestell zusammen, verstaut es und braust mit d…</text>
  </Document>
  <Document id="736607791209689088">
    <relevance>false</relevance>
    <sentiment>neutral</sentiment>
    <Opinions/>
    <text>Der soll beim überqueren der Straße aufpassen das ihn kein Dachdekker mit 75 und seinem Rollator anfährt https://t.co/fAGZVW9QYn</text>
  </Document>
  <Document id="737540610979074048">
    <relevance>true</relevance>
    <sentiment>neutral</sentiment>
    <Opinions/>
    <text>Und prompt kam der Kontrollator im #Regionalexpress. So soll das auch.</text>
  </Document>
  <Document id="723076667598602240">
    <relevance>false</relevance>
    <sentiment>neutral</sentiment>
    <Opinions/>
    <text>Ich lade Herrn Schäuble ein, dem Opi mit Krücken und der Omi mit Rollator morgens um 4.00h beim Zeitungaustragen in meiner Straße zuzusehen.</text>
  </Document>
  <Document id="1027909953372278784">
    <relevance>false</relevance>
    <sentiment>neutral</sentiment>
    <Opinions/>
    <text>@BILD Oli P. wird 40. Er spart ab jetzt für einen Rollator mit Motor.</text>
  </Document>
  <Document id="724237363543707648">
    <relevance>false</relevance>
    <sentiment>neutral</sentiment>
    <Opinions/>
    <text>Darf man eigentlich Rentner mit Rollator platt machen, wenn sie 10m neben Zebrastreifen die Straße queren? Und die Begleitperson gleich mit?</text>
  </Document>
  <Document id="1076556088575700992">
    <relevance>false</relevance>
    <sentiment>neutral</sentiment>
    <Opinions/>
    <text>@TheDrSchwengele @Saskier_K Der Jacky sitzt seit dem Unfall im Rollstuhl</text>
  </Document>
  <Document id="1069498329774649345">
    <relevance>false</relevance>
    <sentiment>neutral</sentiment>
    <Opinions/>
    <text>@zeitonline Gymnasium in Laufen hat man bereits vor knapp 30!!! Jahren für meine Schulkameradin Franziska, die im Rollstuhl saß einen Fahrstuhl eingebaut. Und ansonsten hat man den jeweiligen Unterricht auch oft so gelegt, dass er im EG stattfinden konnte!</text>
  </Document>
  <Document id="948215949823528965">
    <relevance>true</relevance>
    <sentiment>negative</sentiment>
    <Opinions>
      <Opinion category="GeneralBarrier#Main" polarity="negative" from="231" to="239" target="Probleme" category_de="Allgemein_Barriere#Haupt"/>
    </Opinions>
    <text>Gerade die öffentlichen Verkehrsmittel wären so wichtig für ein bisschen mehr Teilhabe insbesondere auch für Menschen, die auf einen Rollstuhl oÄ angewiesen sind - und trotzdem gibt es da, nicht nur bei der Bahn, regelmäßig solche Probleme.</text>
  </Document>
  <Document id="949201820429070337">
    <relevance>false</relevance>
    <sentiment>neutral</sentiment>
    <Opinions/>
    <text>Barbara S. verzweifelt - »Diebe haben meinen Rollstuhl geklaut https://t.co/teQDrETNqj</text>
  </Document>
  <Document id="950234563867013120">
    <relevance>false</relevance>
    <sentiment>neutral</sentiment>
    <Opinions/>
    <text>RT @OliverSenst: Was für ein Gesindel   Auf offener Straße beklaut: Heranwachsender mit schwarzen Haaren und Bart trickst Rollstuhlfahrerin…</text>
  </Document>
  <Document id="953228495290806273">
    <relevance>true</relevance>
    <sentiment>negative</sentiment>
    <Opinions>
      <Opinion category="GeneralBarrier#Main" polarity="negative" from="59" to="76" target="Rollstuhlfahrende" category_de="Allgemein_Barriere#Haupt"/>
    </Opinions>
    <text>@krokodilgemuese Die absolute Unverschämtheit ist ja, dass Rollstuhlfahrende von all den hübschen Vorteilen der Flixbusse nix haben. Sie kommen nämlich nicht rein und müssen die teure, umständliche, nervige Bahn nutzen :-(</text>
  </Document>
  <Document id="953917974892695553">
    <relevance>false</relevance>
    <sentiment>neutral</sentiment>
    <Opinions/>
    <text>Neue Idee wie wäre es wenn die Figur Laura Weber einen Kleinen Unfall Hätte durch die Figur Katrin Laura Weber  wäre dann im Rollstuhl ich Möchte das Frauen im Rollstuhl unterstützt werden wegen der Gesellschaft danke an die UFA</text>
  </Document>
  <Document id="955772145073819651">
    <relevance>false</relevance>
    <sentiment>neutral</sentiment>
    <Opinions/>
    <text>@PolizeiBerlin_E @Berliner_Fw Und denken Sie auch bitte an die Rad Fahrer Rollstuhl Fahrer Eltern mit Kinderwagen und was ihr noch so mit dem falsch parken behindert... Danke</text>
  </Document>
  <Document id="955936227328479232">
    <relevance>false</relevance>
    <sentiment>neutral</sentiment>
    <Opinions/>
    <text>Seit 3 Jahren lasse ich meinen schwerbehinderten Sohn im Rollstuhl nicht mehr auch nur eine Minute vor einem Laden warten. Ist mir zu riskant. https://t.co/1eUMhn8yuA</text>
  </Document>
  <Document id="956600642738556928">
    <relevance>true</relevance>
    <sentiment>neutral</sentiment>
    <Opinions/>
    <text>Mit dem Rollstuhl in die U-Bahn. Ganz schlaue Nummer... vor allem beim Aussteigen am Bahnsteig. #gzsz</text>
  </Document>
  <Document id="928588181410369536">
    <relevance>true</relevance>
    <sentiment>neutral</sentiment>
    <Opinions/>
    <text>Diese kleine hure kriegt das Bundesverdienstkreuz weil sie Mitschüler snitched, aber der kleinwüchsige Rollstuhlfahrer raul bekommt nicht dafür dass er nazisprüche in der U-Bahn verbietet?</text>
  </Document>
  <Document id="929471109665140736">
    <relevance>false</relevance>
    <sentiment>neutral</sentiment>
    <Opinions/>
    <text>Studentin kann vielleicht nie wieder gehen - Im Rollstuhl nach Unfall im Fitnessstudio! https://t.co/11goQ5ucoZ</text>
  </Document>
  <Document id="930562437262266370">
    <relevance>false</relevance>
    <sentiment>neutral</sentiment>
    <Opinions/>
    <text>@Dani_Ela_B @RadwegH @ADFC_Hamburg @PolizeiHamburg In der Elbchaussee (Parkstraße) liegt seit dem letzten Sturm Ende Oktober ein umgekippter Baum auf dem Gehweg, so dass Rollstuhlfahrer*innen oder radfahrende Kinder nicht durchkommen. Die Fahrbahn war natürlich nach wenigen Stunden wieder frei. Das ist die autokonzentrierte Sicht</text>
  </Document>
  <Document id="931497807009255430">
    <relevance>false</relevance>
    <sentiment>neutral</sentiment>
    <Opinions/>
    <text>Heute gelernt: Im EU-Ratsgebäude gab es vor Wolfgang Schäuble offenbar nicht so viele Rollstuhlfahrer - inzwischen gibt es eine eigene Fahrbahn auf dem Teppichboden. #TIL https://t.co/vBe1Elv1Xi</text>
  </Document>
  <Document id="935835278551400448">
    <relevance>false</relevance>
    <sentiment>neutral</sentiment>
    <Opinions/>
    <text>Im Eingangsbereich eines Mehrfamilienhauses in der Helsinkier Straße wurde gestern Abend ein Rollstuhl in Brand gesetzt: Zum Brand in einem Mehrfamilienhaus im Stadtteil Lütten Klein kam es gestern Abend gegen 18:30 Uhr. Verletzt wurde niemand. Nach… https://t.co/zNYN2CR04J https://t.co/ky0iR0VaUC</text>
  </Document>
  <Document id="926521479805718528">
    <relevance>false</relevance>
    <sentiment>neutral</sentiment>
    <Opinions/>
    <text>@Polizei_Ffm Und was ist mit Rollstuhlfahrern? Wie kommen die zur #Stadionwache kommen. Treppe können Sie ja ned nehmen ;-)</text>
  </Document>
  <Document id="927531606008565760">
    <relevance>true</relevance>
    <sentiment>neutral</sentiment>
    <Opinions/>
    <text>Am Bahnhof saß einer im Rollstuhl und hat seine Füße benutzt um sich im Rollstuhl sitzend fortzubewegen</text>
  </Document>
  <Document id="926357807695241217">
    <relevance>true</relevance>
    <sentiment>neutral</sentiment>
    <Opinions/>
    <text>Ich mag das @YouTube-Video: https://t.co/Ip5yjKyljE Öffentlicher Nahverkehr Oberstdorf Rollstuhl</text>
  </Document>
  <Document id="925798539338403841">
    <relevance>true</relevance>
    <sentiment>neutral</sentiment>
    <Opinions/>
    <text>Typ im Rollstuhl hat mich gefragt, ob ich ihm in die kommende S-Bahn helfen kann.  Mach ich natürlich. Bei jeder der drei folgenden 1/2</text>
  </Document>
  <Document id="912641427963772928">
    <relevance>false</relevance>
    <sentiment>neutral</sentiment>
    <Opinions/>
    <text>Wenn auf der Straße einfach nen Opa mit seinem Elektrischem Rollstuhl fährt xD und dann strack durch die Baustelle rast.</text>
  </Document>
  <Document id="914424262877999105">
    <relevance>false</relevance>
    <sentiment>neutral</sentiment>
    <Opinions/>
    <text>besoffen idee ey ich kann über auto springen schnitt wetten dass unfall zack für immer rollstuhl like wer kennt</text>
  </Document>
  <Document id="916347517062864896">
    <relevance>true</relevance>
    <sentiment>neutral</sentiment>
    <Opinions/>
    <text>son typ mit rollstuhl will in die bahn muss dafür sone kleiner stufe rauf, die die ihn angeschiebt versucht es 3 mal mit anlauf wtf</text>
  </Document>
  <Document id="1071776667906031617">
    <relevance>false</relevance>
    <sentiment>neutral</sentiment>
    <Opinions/>
    <text>Macron kündigt Erklärung an – Wirbel um Rollstuhlfahrer-Video https://t.co/3qiGHSBRSm via @TOnline_News 136.000 Menschen und nicht ein paar Menschen sind in Frankreich 🇫🇷 auf der Straße gg #macron @MLP_officiel 👍👍❤️❤️❤️❤️❤️❤️❤️❤️❤️</text>
  </Document>
  <Document id="920330205897506817">
    <relevance>false</relevance>
    <sentiment>neutral</sentiment>
    <Opinions/>
    <text>Flügeltüren zum Einsteigen - City-Flitzer (auch) für Rollstuhlfahrer https://t.co/yz5f2GrBF0</text>
  </Document>
  <Document id="1072137920365109250">
    <relevance>false</relevance>
    <sentiment>neutral</sentiment>
    <Opinions/>
    <text>Rein hypothetisch ich hätte einen unverschuldeten Autounfall und jemand fährt mir hinten auf. Mein Rollstuhl (Wert ~2300 €) ist im Kofferraum und ist danach Schrott Welche/Wessen Versicherung zahlt das dann? Zahlt das überhaupt ne Versicherung? Würde mich wirklich interessieren.</text>
  </Document>
  <Document id="907208180404330496">
    <relevance>false</relevance>
    <sentiment>neutral</sentiment>
    <Opinions/>
    <text>Hahaha neuer mercedes? #lustig #alltag #rollstuhl #verkehr #cars #funnycars #fun #funny #fail… https://t.co/1GHJCcqRTy</text>
  </Document>
  <Document id="908066661491724289">
    <relevance>false</relevance>
    <sentiment>neutral</sentiment>
    <Opinions/>
    <text>Wer erkennt diese Bereicherung für Überfälle auf Rollstuhlfahrer ???   RT bitte  https://t.co/n8UA0mkFfx</text>
  </Document>
  <Document id="910053874609922049">
    <relevance>false</relevance>
    <sentiment>neutral</sentiment>
    <Opinions/>
    <text>@zeitonline Für Wahlpropaganda, sind auch Rollstuhlfahrer|nnen, gut..--siehe.) Österreich---Liste &gt; Kurz &lt;</text>
  </Document>
  <Document id="899666548327038976">
    <relevance>false</relevance>
    <sentiment>neutral</sentiment>
    <Opinions/>
    <text>Weil der Akku leer war - Rollstuhlfahrer bleibt auf Feldweg stecken https://t.co/YsYtROE5e1</text>
  </Document>
  <Document id="902503242591944705">
    <relevance>false</relevance>
    <sentiment>neutral</sentiment>
    <Opinions/>
    <text>@zeitonline Ja: Frau sind mehr in der Pflege tätig. Aber wer baut die Pflegeeinrichtungen, die Fahrstühle, die Rampen für Rollstuhlfahrer? Männer!</text>
  </Document>
  <Document id="903704922390188032">
    <relevance>false</relevance>
    <sentiment>neutral</sentiment>
    <Opinions/>
    <text>@SPIEGELONLINE Es ist so FALSCH immer &quot;den Rollstuhl&quot; als Symbol jedweder &quot;Behinderung&quot; zu nehmen! Nebenbei: es ist DENKFAUL</text>
  </Document>
  <Document id="897830833423364096">
    <relevance>true</relevance>
    <sentiment>neutral</sentiment>
    <Opinions/>
    <text>Unfall an der Straßenbahn: Rollstuhlfahrer verletzt Fußgänger beim Einstieg an der #Reuterstraße schwer.... https://t.co/KRDzv7kBzi</text>
  </Document>
  <Document id="880080202545614849">
    <relevance>true</relevance>
    <sentiment>neutral</sentiment>
    <Opinions/>
    <text>Leute die einer Rollifahrerin welche samt Rollstuhl in der Bahn umfällt nicht helfen sind nichts anderes als Abschaum😠</text>
  </Document>
  <Document id="880710175618998279">
    <relevance>false</relevance>
    <sentiment>neutral</sentiment>
    <Opinions/>
    <text>RT @tspsport: Rollstuhlbasketball als Wohlfühlzone - wie eine Berlinerin mit ihrem Gendefekt im Gesicht umgeht #paralympics https://t.co/U2…</text>
  </Document>
  <Document id="882248131123040256">
    <relevance>false</relevance>
    <sentiment>neutral</sentiment>
    <Opinions/>
    <text>Rollstuhlfahrer an hupen, weil er nicht schell die Straße überquert. #Hurensohndestages</text>
  </Document>
  <Document id="888397131702251520">
    <relevance>false</relevance>
    <sentiment>neutral</sentiment>
    <Opinions/>
    <text>Rollstuhlfahrerin bei Zusammenstoß mit Pkw leicht verletzt https://t.co/mt34opDewz #Polizei #Dortmund #Eving</text>
  </Document>
  <Document id="890377063198339074">
    <relevance>false</relevance>
    <sentiment>neutral</sentiment>
    <Opinions/>
    <text>@AOK_Gesundheit 04.08.14 Unfall, bis heute kein E-Rollstuhl da Fallpauschale gedeckelt und nur Standardrollstuhl ohne Federung möglich?</text>
  </Document>
  <Document id="1073909154778099712">
    <relevance>true</relevance>
    <sentiment>neutral</sentiment>
    <Opinions/>
    <text>ältere dame im rollstuhl über die straße gefahren und dabei meinen bus verpasst. 120 euro ans UNHCR gespendet und dafür fast meinen zug verpasst. karma, wir müssen reden.</text>
  </Document>
  <Document id="891795746701418496">
    <relevance>false</relevance>
    <sentiment>neutral</sentiment>
    <Opinions/>
    <text>Hier KLICKEN ▶ https://t.co/ha6CPJBpaY  #News #online ➡  Autolenker rammte Mann im Rollstuhl und beging Fahrerflucht https://t.co/xwJFPzctUF</text>
  </Document>
  <Document id="855824062114742274">
    <relevance>false</relevance>
    <sentiment>neutral</sentiment>
    <Opinions/>
    <text>#Neuigkeiten: Berlin-Reinickendorf: Rollstuhlfahrer stirbt nach Verkehrsunfall -… https://t.co/zLUv7DfWT8 #Nachrichten #Presse #Luegenpresse https://t.co/Ds0DNBqQEt</text>
  </Document>
  <Document id="856480118868455424">
    <relevance>false</relevance>
    <sentiment>neutral</sentiment>
    <Opinions/>
    <text>RT @polizeiberlin: Bei einem schweren Verkehrsunfall in #Reinickendorf starb am Samstag ein Rollstuhlfahrer. #Zeugengesucht…</text>
  </Document>
  <Document id="858656583382745088">
    <relevance>false</relevance>
    <sentiment>neutral</sentiment>
    <Opinions/>
    <text>Sänger Zayn Malik - Im Rollstuhl zur Liebsten https://t.co/6KMkq8U8Au https://t.co/0zl1MY0uIn</text>
  </Document>
  <Document id="858974433360433152">
    <relevance>false</relevance>
    <sentiment>neutral</sentiment>
    <Opinions/>
    <text>RT @MTV_Germany: Schock! @zaynmalik sitzt im Rollstuhl. Die Hintergründe gibt's hier &gt;&gt;&gt; https://t.co/R5lRnpzTNT https://t.co/SUy3EAwTVk</text>
  </Document>
  <Document id="858997458939944961">
    <relevance>false</relevance>
    <sentiment>neutral</sentiment>
    <Opinions/>
    <text>Anschlussstelle gesperrt: Rollstuhlfahrer fährt auf die A1 in Richtung Hamburg https://t.co/s7Yp8Xxl7u #Harburg https://t.co/br0ru5irpL</text>
  </Document>
  <Document id="859143931845636098">
    <relevance>false</relevance>
    <sentiment>neutral</sentiment>
    <Opinions/>
    <text>@Unkreatur behinderte Rollstuhl Autobahn?</text>
  </Document>
  <Document id="859388882449727488">
    <relevance>true</relevance>
    <sentiment>neutral</sentiment>
    <Opinions/>
    <text>Gerade ist einer mit seinem Rollstuhl zwischen S-Bahn und Gleis stecken geblieben, aber ich habe ihn gerettet 😎</text>
  </Document>
  <Document id="1049604317857153025">
    <relevance>true</relevance>
    <sentiment>neutral</sentiment>
    <Opinions/>
    <text>Flughafen, Gedränge am Gate. Mann hinter mir genervt: „Der Rollstuhl kommt sowieso zuerst.“ Was ich leide nicht gesagt habe: „Der Mantel hinter mir ist grob unhöflich.“ #Inklusion beginnt im Kopf.</text>
  </Document>
  <Document id="1049674231775154176">
    <relevance>false</relevance>
    <sentiment>neutral</sentiment>
    <Opinions/>
    <text>Ein älterer Mann spricht mich beim Spaziergang an: „Hatten Sie einen Unfall?“ Ich: „Nein, ich hab Glasknochen, deswegen sitz‘ ich im Rollstuhl.“ Wir haben ein sehr nettes Gespräch, zum Abschied sagt er „Gute Besserung! Nein, alles Gute mein ich!“ Irgendwie putzig 😂🙈...</text>
  </Document>
  <Document id="869881329474838528">
    <relevance>false</relevance>
    <sentiment>neutral</sentiment>
    <Opinions/>
    <text>@Rollstuhlmensch Es sind auch die gedankenlosen Nichtbehinderten, die neue Barrieren schaffen: https://t.co/1MkTnXgUt0</text>
  </Document>
  <Document id="874563434976878593">
    <relevance>false</relevance>
    <sentiment>neutral</sentiment>
    <Opinions/>
    <text>Auto gegen Rollstuhl in OÖ: Unfall wie vor eineinhalb Jahren https://t.co/KUnAmWhaLo https://t.co/21dy8jReVk</text>
  </Document>
  <Document id="847838957391851522">
    <relevance>false</relevance>
    <sentiment>neutral</sentiment>
    <Opinions/>
    <text>Sänger im Rollstuhl! - Was ist mit Eric Clapton passiert? https://t.co/w9Vc0sbZJW https://t.co/3CWt2eARvU</text>
  </Document>
  <Document id="848144335791116288">
    <relevance>false</relevance>
    <sentiment>neutral</sentiment>
    <Opinions/>
    <text>Sorge um Eric Clapton   Der Weltstar sitzt im Rollstuhl https://t.co/6RRBYCzHkW</text>
  </Document>
  <Document id="851469982072545284">
    <relevance>true</relevance>
    <sentiment>neutral</sentiment>
    <Opinions/>
    <text>Gerade fast 1 rollstuhlfahrerin mein platz in bahn angeboten weil wollte nett sein uijui die sitzt ja schon das war knapp</text>
  </Document>
  <Document id="851675948428689410">
    <relevance>false</relevance>
    <sentiment>neutral</sentiment>
    <Opinions/>
    <text>Alle ziehen, herr king wird rollt im elektrorollstuhl zum netto. Nicht das er einen unfall baut, von dortmunder strasse 1 zum netto. https://t.co/tWECQ06UMc</text>
  </Document>
  <Document id="841638277341933568">
    <relevance>false</relevance>
    <sentiment>neutral</sentiment>
    <Opinions/>
    <text>#Merkelsommer kommt &gt;Psychisch Verwirrter mit Elektro Rollstuhl drohte sich in die Luft zu sprengen, im Rollstuhl sei Bombe #BayerischGmain https://t.co/ZwzipxASdZ</text>
  </Document>
  <Document id="842851978740940801">
    <relevance>false</relevance>
    <sentiment>neutral</sentiment>
    <Opinions/>
    <text>@RollstuhlG #RIPip autounfall saskier :'( @IchBinKalle2 @SPIRlTO</text>
  </Document>
  <Document id="844626250270490626">
    <relevance>false</relevance>
    <sentiment>neutral</sentiment>
    <Opinions/>
    <text>Es trifft ja nicht nur #Rollstuhlfahrer, aber die trifft es am härtesten :( https://t.co/HfZBA1JF4x</text>
  </Document>
  <Document id="845274843872415744">
    <relevance>false</relevance>
    <sentiment>neutral</sentiment>
    <Opinions/>
    <text>@SZ &quot;Wenn ihnen unser zauberhaftes Mädchen im Rollstuhl Angst gemacht hat, was werden sie erst sagen, wenn wir mit and. Fahrzeugen kommen?&quot;</text>
  </Document>
  <Document id="1050448048130805760">
    <relevance>false</relevance>
    <sentiment>neutral</sentiment>
    <Opinions/>
    <text>Hallo! Ein guter Freund von mir sitzt seit einem Unfall im Rollstuhl und braucht etwas Unterstützung im Alltag. Er ist einsam, aber ein sehr liebenswerter und lebensfroher Mann. 💙</text>
  </Document>
  <Document id="846620424347828224">
    <relevance>true</relevance>
    <sentiment>neutral</sentiment>
    <Opinions/>
    <text>Beat the Tube: Das Rennen gegen die U-Bahn im #Rollstuhl - KlonBlog berichtet: Ergebnis (nicht) überraschend! https://t.co/wIt4LRH1Yz https://t.co/6SfCFL7dYr</text>
  </Document>
  <Document id="846776017385656321">
    <relevance>true</relevance>
    <sentiment>neutral</sentiment>
    <Opinions/>
    <text>Bei all dem Verständnis für obdachlose... Dieser Rollstuhlfahrer in der Berliner S-Bahn bringt mich jedesmal nahe ans brechen.</text>
  </Document>
  <Document id="1050644827769958400">
    <relevance>false</relevance>
    <sentiment>neutral</sentiment>
    <Opinions/>
    <text>@melonenschale @BILLA_AT Schon mal an Leute gedacht die nen Rollstuhl haben und nicht bei so einen Scheißwagen vorbeikommen,nur damit sich jemand 2min erspart weil er sich nicht ein Parkplatz 10 m weiter weg stellt?Und die Gehsteige sind nicht für dieses Gewicht von so schweren Fahrzeugen...</text>
  </Document>
  <Document id="837346191675383810">
    <relevance>true</relevance>
    <sentiment>neutral</sentiment>
    <Opinions/>
    <text>RT @morgenpost: Düsseldorfer Flughafen: Kokain im Rollstuhl - Angeklagtem droht lange Haft https://t.co/3b6jPvmv7q https://t.co/4cFg2rquVZ</text>
  </Document>
  <Document id="838454084516655109">
    <relevance>false</relevance>
    <sentiment>neutral</sentiment>
    <Opinions/>
    <text>E-Rollstuhl? Dann passt es eh! https://t.co/6oaWA2zDiP</text>
  </Document>
  <Document id="838458112826728449">
    <relevance>false</relevance>
    <sentiment>neutral</sentiment>
    <Opinions/>
    <text>92-Jähriger fährt mit Rollstuhl auf der Autobahn zwischen Schottland und England https://t.co/rQxw9O4mu0 https://t.co/HOBLDbc2P0</text>
  </Document>
  <Document id="838632213000376320">
    <relevance>false</relevance>
    <sentiment>neutral</sentiment>
    <Opinions/>
    <text>#DerMorgen mit @Lablass: Jugendlicher Leichtsinn in Bremen | Im Rollstuhl auf der Autobahn | Messerstecherei in Hamm https://t.co/gApa8ZXPg9</text>
  </Document>
  <Document id="830701478239105024">
    <relevance>false</relevance>
    <sentiment>neutral</sentiment>
    <Opinions/>
    <text>Im Rollstuhl durchgestartet: Wie ein Sportler nach einem schweren Unfall zurück in die Erfolgsspur fand: https://t.co/ytNxAYTseB https://t.co/A5Ggi4kUHF</text>
  </Document>
  <Document id="828688385313271808">
    <relevance>false</relevance>
    <sentiment>neutral</sentiment>
    <Opinions/>
    <text>POL-PPMZ: Rollstuhlfahrer nach Verkehrsunfall verletzt  - Unfallbeteiligter flüchtig https://t.co/FkZ1wGS3u8</text>
  </Document>
  <Document id="829362334527283201">
    <relevance>true</relevance>
    <sentiment>neutral</sentiment>
    <Opinions/>
    <text>Mutter erklärt dem Kind den Knopf für Rollstuhlfahrer in der Bahn - Kind drückt drauf, weil es sehen will, wie die Rampe runter geht</text>
  </Document>
  <Document id="1051042816460238849">
    <relevance>false</relevance>
    <sentiment>neutral</sentiment>
    <Opinions/>
    <text>Bei einem #Unfall zwischen einem #Auto und einem #Elektrorollstuhl ist am Freitagnachmittag im Stadtlauringer Ortsteil #Wettringen  (Lkr. #Schweinfurt) ein 86-Jähriger schwer verletzt worden. Der mutmaßliche #Unfallverursacher war flüchtig – bis jetzt. https://t.co/gbfZXXQy11</text>
  </Document>
  <Document id="828257822592868352">
    <relevance>false</relevance>
    <sentiment>neutral</sentiment>
    <Opinions/>
    <text>@SPIEGELONLINE beim nächsten Mal dann im Rollstuhl, oder wie?</text>
  </Document>
  <Document id="1051155657565581314">
    <relevance>false</relevance>
    <sentiment>neutral</sentiment>
    <Opinions/>
    <text>Dass jemand mit Rollstuhl oder Rollator auf die sehr schmale Fahrbahn ausweichen müsste, wo regelmäßig zu schnell gefahren wird, kommentiert der Polizist (&quot;Menschenrechtler&quot;): &quot;Das ist zu akzeptieren&quot; Ich fand dieses Verhalten und die Äußerungen inakzeptabel. #Polizeibeauftragter https://t.co/BPKtEvFjDm</text>
  </Document>
  <Document id="816222168250019840">
    <relevance>false</relevance>
    <sentiment>neutral</sentiment>
    <Opinions/>
    <text>USA: Betrunken im Straßenverkehr: Berufungsgericht kippt Urteil gegen Rollstuhlfahrer https://t.co/IEFgJXYiSB #strange #verkehr</text>
  </Document>
  <Document id="819484344507072512">
    <relevance>true</relevance>
    <sentiment>neutral</sentiment>
    <Opinions/>
    <text>Berliner Freundlichkeit am Morgen: Mann hilft Rollstuhlfahrer in Bahn. Schüler begleiten Oma über Kreuzung. Mann trägt Kinderwagen hoch.</text>
  </Document>
  <Document id="812266016717815808">
    <relevance>false</relevance>
    <sentiment>neutral</sentiment>
    <Opinions/>
    <text>Für manche scheint ein mit einem Rollstuhl gekennzeichneter Parkplatz fern jedweder Wahrnehmung &amp; Respekts zu sein. Bloß nicht weit laufen!</text>
  </Document>
  <Document id="809332552599273472">
    <relevance>false</relevance>
    <sentiment>neutral</sentiment>
    <Opinions/>
    <text>@BILD Bedauernswerte Millionäre. Ich bin im Rollstuhl und kann nicht mehr meinen geliebten Job machen. Wo bleibt der traurige Artikel? ;-)</text>
  </Document>
  <Document id="807122784505786368">
    <relevance>false</relevance>
    <sentiment>neutral</sentiment>
    <Opinions/>
    <text>RT @ilovetegel: Der @tagesspiegel berichtet über den Selbstversuch von @F_Schoenebeck: einen Tag im #Rollstuhl verbringen.…</text>
  </Document>
  <Document id="804650342843633664">
    <relevance>false</relevance>
    <sentiment>neutral</sentiment>
    <Opinions/>
    <text>@vaginalphabet er hat nen getunten rollstuhl, raul ist mehr auf der straße als als so mancher straßenrapper</text>
  </Document>
  <Document id="805118257111924736">
    <relevance>true</relevance>
    <sentiment>negative</sentiment>
    <Opinions>
      <Opinion category="Lift#Availability" polarity="negative" from="36" to="42" target="Aufzug" category_de="Aufzug#Betrieb"/>
    </Opinions>
    <text>Gerade im Bahnhof Siegburg gesehen: Aufzug kaputt, also tragen knapp zehn Menschen jemanden im Rollstuhl die Treppe herunter. Sehr schön</text>
  </Document>
  <Document id="800716079236399105">
    <relevance>true</relevance>
    <sentiment>neutral</sentiment>
    <Opinions/>
    <text>Ding, die mich sprachlos&amp;wütend machen: Leute mit Kinderwagen in der Bahn, die für einen Rollstuhlfahrer keinen Platz machen wollen.</text>
  </Document>
  <Document id="801553650988568582">
    <relevance>false</relevance>
    <sentiment>neutral</sentiment>
    <Opinions/>
    <text>Hab keine angst davor wegen 1 unfall im rollstuhl zu landen, weil mein brudi meinte er fährt mich dann immer überall hin #ehrenmann</text>
  </Document>
  <Document id="797471164847296512">
    <relevance>false</relevance>
    <sentiment>neutral</sentiment>
    <Opinions/>
    <text>Die größte Gefahr in dieser Kroko geht von diesem Rollstuhlfahrer aus ! #Kapitalistischerhandlanger https://t.co/okhOUzyhQD</text>
  </Document>
  <Document id="798975040502935552">
    <relevance>false</relevance>
    <sentiment>neutral</sentiment>
    <Opinions/>
    <text>@SPIEGELONLINE es bleibt dabei,das weibliches Selbstwertgefühl sich auf Äußerlichkeiten gründet.Ob im Rollstuhl oder nicht, Nacktheit zählt.</text>
  </Document>
  <Document id="796262874813464576">
    <relevance>false</relevance>
    <sentiment>neutral</sentiment>
    <Opinions/>
    <text>Unfall mit Krankenrollstuhl: 92-Jähriger lebensgefährlich in Greußen verletzt https://t.co/6pSANCjQlZ</text>
  </Document>
  <Document id="795519282041987072">
    <relevance>false</relevance>
    <sentiment>neutral</sentiment>
    <Opinions/>
    <text>#Berlin #Weißensee: Suff-Fahrer fährt Rollstuhlfahrer um #Unfall  https://t.co/4exufYwv8N https://t.co/QTCTsOhuxj</text>
  </Document>
  <Document id="1052268875574857728">
    <relevance>false</relevance>
    <sentiment>neutral</sentiment>
    <Opinions/>
    <text>@SZ Haben die keine rollstuhlfahrende, genderfluide PoC gefunden?</text>
  </Document>
  <Document id="789923127690162176">
    <relevance>false</relevance>
    <sentiment>neutral</sentiment>
    <Opinions/>
    <text>@BehindertGraf Ich diagnostiziere mir eine außergewöhnliche Gehbehinderung und darf dann auf dem Trollstuhl Parkplatz parken</text>
  </Document>
  <Document id="786859342003900416">
    <relevance>false</relevance>
    <sentiment>neutral</sentiment>
    <Opinions/>
    <text>#Rollstuhlbasketball: #Förster-Team geht auf #Korbjagd https://t.co/gwbctWCXkX</text>
  </Document>
  <Document id="1052450931453952002">
    <relevance>false</relevance>
    <sentiment>neutral</sentiment>
    <Opinions/>
    <text>🎈Zwölf Jahre🎈Und aufgeben war nie eine Option! Und weiter geht's! 😎 Und Danke an ALLE die in den Jahren für mich da waren und mich unterstützt haben! ❤️ #ZweiterGeburtstag #nieAufgeben #stolz #leben #unfall #rollstuhl https://t.co/AYYiVwkW27</text>
  </Document>
  <Document id="788459918147801088">
    <relevance>false</relevance>
    <sentiment>neutral</sentiment>
    <Opinions/>
    <text>POL-WES: Xanten - Verkehrsunfall mit tödlich verletztem Rollstuhlfahrer https://t.co/6WQ2HdF0LF #Polizei #NWestfalen</text>
  </Document>
  <Document id="782244410272673793">
    <relevance>true</relevance>
    <sentiment>neutral</sentiment>
    <Opinions/>
    <text>RT @andereBMV: Berlin baut Autobahnen und Flughäfen, während viele Straßenübergänge ganz unwegsam für Rollstuhlfahrer bleiben. So…</text>
  </Document>
  <Document id="783209923060654080">
    <relevance>false</relevance>
    <sentiment>neutral</sentiment>
    <Opinions/>
    <text>@SteveJitter Mit Elektrorollstuhl auf die Autobahn.</text>
  </Document>
  <Document id="784069926717972481">
    <relevance>true</relevance>
    <sentiment>neutral</sentiment>
    <Opinions/>
    <text>Das junge Paar, das einem älteren Rollstuhlfahrer komplett durch den Bahnhof geführt hat, um mit ihm im Zug bis zur Abfahrt zu warten &lt;3</text>
  </Document>
  <Document id="776429718052691968">
    <relevance>true</relevance>
    <sentiment>neutral</sentiment>
    <Opinions/>
    <text>@Ton_Balder @RollstuhlG bruder das war allgemein weil unsere ubahn immer danach riecht</text>
  </Document>
  <Document id="770510297832521728">
    <relevance>false</relevance>
    <sentiment>neutral</sentiment>
    <Opinions/>
    <text>#Plauen: Rollstuhlfahrer landet in Weißer Elster https://t.co/I66tPsIxdi</text>
  </Document>
  <Document id="768003640544092160">
    <relevance>false</relevance>
    <sentiment>neutral</sentiment>
    <Opinions/>
    <text>RT @electrozwerg: Auto-Parkerlaubnis müssen Rollstuhlfahrer in #Erfurt auf der Straße beantragen #Inklusion https://t.co/64SaIyyA9C</text>
  </Document>
  <Document id="765843003210629120">
    <relevance>false</relevance>
    <sentiment>neutral</sentiment>
    <Opinions/>
    <text>Mein Fuß tut weh. Genau an der Stelle wo mir der Rollstuhlfahrer 5 mal über den Fuß gefahren ist und wo ich meinen Unfall im Training hatte</text>
  </Document>
  <Document id="761586217037201408">
    <relevance>false</relevance>
    <sentiment>neutral</sentiment>
    <Opinions/>
    <text>RT @AnettKirchner: #Inklusion: Karateverein in #Zehlendorf bietet spezielles Training für #Rollstuhlfahrer. Ein Besuch. @tagesspiegel https…</text>
  </Document>
  <Document id="1052847261795921920">
    <relevance>false</relevance>
    <sentiment>neutral</sentiment>
    <Opinions/>
    <text>Stadteinwärts ist der neue Radweg übrigens gut gelungen. Zurück werde ich aber vermutlich fluchen. Wer sich das mit der Berg und Talbahn ausgedacht hat sollte den Weg täglich mit Rad ohne Gangschaltung oder Rollstuhl fahren  #Servicetweet</text>
  </Document>
  <Document id="762307936681099264">
    <relevance>false</relevance>
    <sentiment>neutral</sentiment>
    <Opinions/>
    <text>Remscheid - Rollstuhlfahrer bei Unfall schwer verletzt https://t.co/p6MOtpIQhD #remscheid</text>
  </Document>
  <Document id="760578633081688064">
    <relevance>true</relevance>
    <sentiment>neutral</sentiment>
    <Opinions/>
    <text>RT @Thieniboy: SHIT. Bahn fährt langsam und Frau im Rollstuhl fragt mich: Ist das schon die ganze Zeit so? Ich: Ja hätte man auch zu Fuß la…</text>
  </Document>
  <Document id="759764769079373828">
    <relevance>false</relevance>
    <sentiment>neutral</sentiment>
    <Opinions/>
    <text>😏 hasse es, wenn die Autos so parken  und Rollator, Kinderwagen oder Rollstuhl  auf die Straße ausweichen müssen ! https://t.co/dOBo96aMNM</text>
  </Document>
  <Document id="759780546264391680">
    <relevance>false</relevance>
    <sentiment>neutral</sentiment>
    <Opinions/>
    <text>Im Rollstuhl auf der Ex-Autobahn... https://t.co/OZ88H44FJD</text>
  </Document>
  <Document id="758554686064562177">
    <relevance>true</relevance>
    <sentiment>neutral</sentiment>
    <Opinions/>
    <text>Am Hauptbahnhof rast eine ältere Dame in einem elektrischen Rollstuhl mit einem riesen Holzkochlöffel im Mund in einem Affentempo umher.</text>
  </Document>
  <Document id="755837148784390144">
    <relevance>true</relevance>
    <sentiment>neutral</sentiment>
    <Opinions/>
    <text>Typ telefoniert in der Bahn. Ich: Telefonier in deinem Land. Rollstuhlfahrer: Keine Nazisprüche. Ich trete ihn vom Rollstuhl. Keine Pointe.</text>
  </Document>
  <Document id="755661610786680832">
    <relevance>true</relevance>
    <sentiment>negative</sentiment>
    <Opinions>
      <Opinion category="Lift#Availability" polarity="negative" from="78" to="96" target="Fahrstuhlsanierung" category_de="Aufzug#Betrieb"/>
    </Opinions>
    <text>RT @utaj1979: Neustrelitz Hbf. Gleis 3 und 4 kein Zugang für Rollstuhlfahrer. Fahrstuhlsanierung für 2 Monate. #bahn</text>
  </Document>
  <Document id="752548236905353216">
    <relevance>false</relevance>
    <sentiment>neutral</sentiment>
    <Opinions/>
    <text>Bizim Kiez: Rollstuhlfahrer HG darf nicht auf die Straße gesetzt werden https://t.co/aSDW15Yh9K</text>
  </Document>
  <Document id="745569351407808513">
    <relevance>false</relevance>
    <sentiment>neutral</sentiment>
    <Opinions/>
    <text>@polizeiberlin Aus einem Innenhof? Was soll denn dafür die Rechtsgrundlage sein? Und das mit dem Rollstuhl ist das Allerletzte!</text>
  </Document>
  <Document id="740121334789767168">
    <relevance>false</relevance>
    <sentiment>neutral</sentiment>
    <Opinions/>
    <text>POL-RT: Verkehrsunfälle – teils mit Schwerveletzten; Brand; Rollstuhlfahrer bestohlen; Exhibitionist unterwegs;… https://t.co/bsvW82bnlh</text>
  </Document>
  <Document id="740953525799297028">
    <relevance>false</relevance>
    <sentiment>neutral</sentiment>
    <Opinions/>
    <text>2 Rollstuhlfahrer kamen schon nicht mehr auf den Gehweg und mussten ihre Reise auf der Straße fortsetzen. https://t.co/CCwi1FDYvP</text>
  </Document>
  <Document id="736487236808609792">
    <relevance>false</relevance>
    <sentiment>neutral</sentiment>
    <Opinions/>
    <text>Wir fahren nach #Moabit, um einer Person im Rollstuhl zu helfen #24hPolizei</text>
  </Document>
  <Document id="737774446975410176">
    <relevance>false</relevance>
    <sentiment>neutral</sentiment>
    <Opinions/>
    <text>POL-GÖ: (267/2016) Rollstuhlfahrer bei Verkehrsunfall tödlich verletzt https://t.co/3ubtdAD3Ik #ots #Polizei</text>
  </Document>
  <Document id="737894807654281216">
    <relevance>false</relevance>
    <sentiment>neutral</sentiment>
    <Opinions/>
    <text>Tödlicher #Unfall mit Rollstuhlfahrer in #Göttingen https://t.co/NeLgmjfJnW</text>
  </Document>
  <Document id="728999493614632960">
    <relevance>false</relevance>
    <sentiment>neutral</sentiment>
    <Opinions/>
    <text>#Zwickau: Randale bei Rollstuhlbasketball-Cup - sieben Verletzte bei Auseinandersetzungen zwischen Instanbul-Fans https://t.co/2fNQ8iyHTe</text>
  </Document>
  <Document id="729015066180366338">
    <relevance>false</relevance>
    <sentiment>neutral</sentiment>
    <Opinions/>
    <text>RT @PolizeiSachsen: PD Zwickau - Zwickau: Massenschlägerei bei der Champions League der Rollstuhlbasketballer https://t.co/b6KDw2e2Ja</text>
  </Document>
  <Document id="729741178346872834">
    <relevance>false</relevance>
    <sentiment>neutral</sentiment>
    <Opinions/>
    <text>@WA_online Rampe ist bestimmt lustig, als Rollstuhlfahrer, alleine &amp; eine die Straße zusätzlich behindernde Insel ist auch super - nicht.</text>
  </Document>
  <Document id="730614468456132608">
    <relevance>false</relevance>
    <sentiment>neutral</sentiment>
    <Opinions/>
    <text>Berlin: Rollstuhlfahrer ketten sich aus Protest am Reichstagsufer an https://t.co/9ihkewHBUk</text>
  </Document>
  <Document id="723044844457832448">
    <relevance>false</relevance>
    <sentiment>neutral</sentiment>
    <Opinions/>
    <text>@SPIEGELONLINE arbeitet sich für ihn ja leicht! Alter Rollstuhlarsch soll mal an andere denken! Mit 80 aufm Bau z.B.? Ja klar...</text>
  </Document>
  <Document id="721379467759714304">
    <relevance>false</relevance>
    <sentiment>neutral</sentiment>
    <Opinions/>
    <text>POL-NB: Verkehrsunfall zwischen Rollstuhlfahrerin ... https://t.co/OmzTP4QAnN #polizei | https://t.co/nZr3Uaa7Tn https://t.co/f01vkyVGcs</text>
  </Document>
  <Document id="718422232255569921">
    <relevance>false</relevance>
    <sentiment>neutral</sentiment>
    <Opinions/>
    <text>@Pfannkuchenhexe Jetzt stell ich mir viele alte Menschen vor, die mit Rollator, Rollstuhl oder Gehstock cool eine Straße entlang gehen… xD</text>
  </Document>
  <Document id="719604223957168130">
    <relevance>false</relevance>
    <sentiment>neutral</sentiment>
    <Opinions/>
    <text>@BILD Die Griechen haben vollkommen recht, der alte Mann im Rollstuhl gehört in die Anstalt</text>
  </Document>
  <Document id="712675579288535041">
    <relevance>false</relevance>
    <sentiment>neutral</sentiment>
    <Opinions/>
    <text>@zeitonline das ist echt ein nicht ganz frischer Rollstuhlfahrer seine Gedanken sind so wie sein Gefährt,gebremst.Irre Geld für Asylanten!</text>
  </Document>
  <Document id="708660760562540544">
    <relevance>false</relevance>
    <sentiment>neutral</sentiment>
    <Opinions/>
    <text>Google kämpft mit verrückten Problem. Frau im elektrischen Rollstuhl will Gans von der Straße verjagen. #vodafolks #googledrive</text>
  </Document>
  <Document id="705418216303042563">
    <relevance>false</relevance>
    <sentiment>neutral</sentiment>
    <Opinions/>
    <text>Einen Rollstuhl allein mit Gedankenkraft steuern - im Affenversuch ist dies jetzt gelungen. WOW! https://t.co/z9ey6AO5MC</text>
  </Document>
  <Document id="701408168346144769">
    <relevance>true</relevance>
    <sentiment>neutral</sentiment>
    <Opinions/>
    <text>Fuß verletzt - Naomi Campbell wieder im Rollstuhl!:   Als Topmodel Naomi Campbell (45) am JFK-Flughafen in N... https://t.co/EN0Mpbge8x</text>
  </Document>
  <Document id="700601431213084672">
    <relevance>false</relevance>
    <sentiment>neutral</sentiment>
    <Opinions/>
    <text>Nach Unfall: Thomas Gottschalk bei RTL-Show „Die 2“ im Rollstuhl - Günther ... - Berliner Morgenpost</text>
  </Document>
  <Document id="700623932957700096">
    <relevance>false</relevance>
    <sentiment>neutral</sentiment>
    <Opinions/>
    <text>Thomas Gottschalk: Nach Knie-Unfall im Rollstuhl! https://t.co/LpqRz01bWE</text>
  </Document>
  <Document id="697619152031391744">
    <relevance>false</relevance>
    <sentiment>neutral</sentiment>
    <Opinions/>
    <text>Leute jetzt sitze ich nach einem Unfall hier im Rollstuhl und warte auf die  #Video #Amateur https://t.co/fiO0deTJtc https://t.co/MpvmNgxAE7</text>
  </Document>
  <Document id="697122365864570880">
    <relevance>false</relevance>
    <sentiment>neutral</sentiment>
    <Opinions/>
    <text>Doktorspiele - Leute jetzt sitze ich nach einem Unfall hier im Rollstuhl und warte auf die… https://t.co/lz376KOpq8</text>
  </Document>
  <Document id="693808758179414016">
    <relevance>false</relevance>
    <sentiment>neutral</sentiment>
    <Opinions/>
    <text>Rollstuhlbasketball-Bundesliga: #BSCRollers #Zwickau unterliegt Spitzenreiter RSB Thuringia Bulls mit 40:83 https://t.co/jHGswmAub3</text>
  </Document>
  <Document id="683980068398350337">
    <relevance>false</relevance>
    <sentiment>neutral</sentiment>
    <Opinions/>
    <text>Rollstuhlfahrer befreit sich aus verunfalltem Fahrzeug: Zu einem Verkehrsunfall kam es Montagvormittag gegen 1... https://t.co/XGBMTVGPbM</text>
  </Document>
  <Document id="606121255167754240">
    <relevance>true</relevance>
    <sentiment>neutral</sentiment>
    <Opinions/>
    <text>Rollstuhlfahrerin kommt in Bahn, rempelt alles &amp; jeden an. Kollege neben mir sagt leise 'they see me rollin' &amp; ich bekomm nen Lachanfall x_X</text>
  </Document>
  <Document id="676149891291152384">
    <relevance>false</relevance>
    <sentiment>neutral</sentiment>
    <Opinions/>
    <text>Rollstuhlfahrerin prallte im Pitztal gegen Pkw: schwer verletzt: Auf dem Parkplatz des Pitztale... https://t.co/9ky5wgdDe3 @TTNachrichten</text>
  </Document>
  <Document id="665261555773276160">
    <relevance>true</relevance>
    <sentiment>neutral</sentiment>
    <Opinions/>
    <text>So @HoeTang ich bin jetzt Rahlstedt am Bahnhof &amp; hab deinen Rollstuhl dabei. Hast du noch 70 Cent für'n bisschen Bamtam Tabak?</text>
  </Document>
  <Document id="667733107181821952">
    <relevance>false</relevance>
    <sentiment>neutral</sentiment>
    <Opinions/>
    <text>@kaymacquarrie es tut mir leid, aber wir können Ihnen leider keinen Rollstuhl zur Verfügung stellen. Liebe Grüße, CH</text>
  </Document>
  <Document id="667803185692721152">
    <relevance>false</relevance>
    <sentiment>neutral</sentiment>
    <Opinions/>
    <text>@zappa_fabio jap, wäre auch lieber behindert im Rollstuhl als 15 Minuten Verspätung zu haben, wer auch nicht</text>
  </Document>
  <Document id="659287972542611456">
    <relevance>false</relevance>
    <sentiment>neutral</sentiment>
    <Opinions/>
    <text>@yungglut kleines kackding mit 6 leuten an 1 straße und da fährt immer 1 rollstuhlfahrer rückwärts am fenster vorbei lachschiss jedes mal</text>
  </Document>
  <Document id="661491997342060545">
    <relevance>false</relevance>
    <sentiment>neutral</sentiment>
    <Opinions/>
    <text>Rollstuhlbasketball: Neuzugang bei #BSC_Rollers_Zwickau - Mikhail Matveev wechselt nach Sachsen https://t.co/dMPm1FYVc7</text>
  </Document>
  <Document id="661897588128509952">
    <relevance>false</relevance>
    <sentiment>neutral</sentiment>
    <Opinions/>
    <text>Rollstuhlfahrer in #Köln gefesselt und ins Bein geschossen https://t.co/wK20pl1BCj</text>
  </Document>
  <Document id="662003463560306688">
    <relevance>true</relevance>
    <sentiment>neutral</sentiment>
    <Opinions/>
    <text>Heute am Bahnhof, wurde ein Mensch ausgelacht, da er im Rollstuhl saß... Wie unmenschlich kann man sein?</text>
  </Document>
  <Document id="663442545251377153">
    <relevance>false</relevance>
    <sentiment>neutral</sentiment>
    <Opinions/>
    <text>@Rollstuhlmensch naja, in der nächsten Straße kam uns Polizei entgegen...vll haben die das ja notiert :))</text>
  </Document>
  <Document id="656401103374929920">
    <relevance>false</relevance>
    <sentiment>neutral</sentiment>
    <Opinions/>
    <text>In Österreich: Oma (89) düst mit Elektro-Rollstuhl über die Autobahn https://t.co/dKkAZWStYc</text>
  </Document>
  <Document id="656409419631034368">
    <relevance>false</relevance>
    <sentiment>neutral</sentiment>
    <Opinions/>
    <text>In Österreich - Oma düst mit Elektro-Rollstuhl über Autobahn https://t.co/kKrwMpInDi</text>
  </Document>
  <Document id="656535263351468032">
    <relevance>false</relevance>
    <sentiment>neutral</sentiment>
    <Opinions/>
    <text>89-Jährige bei Salzburg unterwegs -  Seniorin mit dem Rollstuhl auf der Autobahn: Da mussten... https://t.co/bTRSwmL55y #nachrichten #n24</text>
  </Document>
  <Document id="1046359706904788992">
    <relevance>false</relevance>
    <sentiment>neutral</sentiment>
    <Opinions/>
    <text>Habe im Beisein einer unserer Partner mal einen Witz über Rollstuhlfahrer erzählt. Er sitzt (nach einem Unfall) selbst in einem. Linke Kollegin war entsetzt, er hingegen hat herzlich gelacht, war jedoch irritiert, dass seine Mitarbeiterin ihn unter »Artenschutz« stellen wollte.</text>
  </Document>
  <Document id="1047010032183889920">
    <relevance>false</relevance>
    <sentiment>neutral</sentiment>
    <Opinions/>
    <text>Simon „Hitzi“ Hitzinger ist 24 und sitzt seit sieben Jahren im Rollstuhl. Im Schweizer Radio „True Life“ erzählt der Basler von seinem Unfall, seinem Alltag und seinen Träumen. https://t.co/7gVMLaNlIL</text>
  </Document>
  <Document id="1047051341699399680">
    <relevance>false</relevance>
    <sentiment>neutral</sentiment>
    <Opinions/>
    <text>Ein Rollstuhlfahrer ist nach einem Unfall in Asperg gestorben. Die Polizei sucht nach Zeugen. https://t.co/iAJCRSgVar</text>
  </Document>
  <Document id="1043881045299539968">
    <relevance>false</relevance>
    <sentiment>neutral</sentiment>
    <Opinions/>
    <text>@BILD Bring mal den Rollstuhl in meine Werkstatt das Teil läuft danach mit Schallgeschwindigkeit das reicht für dich und deine Sippe aus Deutschland raus du dumm Schwätzer . 😉</text>
  </Document>
  <Document id="1027873859586940930">
    <relevance>false</relevance>
    <sentiment>neutral</sentiment>
    <Opinions/>
    <text>80-jähriger Rollstuhlfahrer fährt auf der Autobahn spazieren #Eimeldingen https://t.co/Tu43Dqg0XF https://t.co/ZJe1JZd4j0</text>
  </Document>
  <Document id="1027911790372503552">
    <relevance>false</relevance>
    <sentiment>neutral</sentiment>
    <Opinions/>
    <text>80-jähriger Rollstuhlfahrer fährt auf der Autobahn spazieren https://t.co/L5jdbqMMB7</text>
  </Document>
  <Document id="1030316203716300801">
    <relevance>false</relevance>
    <sentiment>neutral</sentiment>
    <Opinions/>
    <text>Fahrerflucht! Polizei sucht Rollstuhlfahrer. #pirna https://t.co/QOISGlN7Nv https://t.co/ikuGpRPgvw</text>
  </Document>
  <Document id="1030396100820250624">
    <relevance>false</relevance>
    <sentiment>neutral</sentiment>
    <Opinions/>
    <text>@steve64bit @bomelino Aber nur sich selbst glücklich machen klingt sehr egoistisch. Ob das Kind glücklich ist nach dem es vom Auto angefahren wurde und im Rollstuhl sitzt, weil sie mein Vertrauen missbraucht hat das sie nicht auf die Straße rennt. Darüber brauch man glaube ich nicht diskutieren.</text>
  </Document>
  <Document id="1030472223138697217">
    <relevance>true</relevance>
    <sentiment>neutral</sentiment>
    <Opinions/>
    <text>5 Rollstuhlfahrer in einem Waggon der S-Bahn - Sichtbare Vielfalt. Und Wilhelmsburg ist in der Tagesschau! Danke an die SportlerInnen!</text>
  </Document>
  <Document id="1032519962726936578">
    <relevance>false</relevance>
    <sentiment>neutral</sentiment>
    <Opinions/>
    <text>RT @Polizei_Thuer: #Vermisst wird ein 61-jähriger Rollstuhlfahrer aus  #Jüchsen.  Wer Hinweise zum Aufenthalt des Vermissten geben kann, wi…</text>
  </Document>
  <Document id="1054804757850873857">
    <relevance>false</relevance>
    <sentiment>neutral</sentiment>
    <Opinions/>
    <text>Vor #RomaCSKA hat es einen Unfall mit einer Rolltreppe gegeben. Es soll Verletzte geben: https://t.co/6d5V1dj9hy  #Rom #ChampionsLeague</text>
  </Document>
  <Document id="825376476950302721">
    <relevance>false</relevance>
    <sentiment>neutral</sentiment>
    <Opinions/>
    <text>#Nafris treten 20j die Rolltreppe runter. Der #Islam ist angekommen  https://t.co/hFNPvOiwzs #skybuli #Guttenberg #MuslimBan #CDU #CSU #AFD</text>
  </Document>
  <Document id="1055007223447986177">
    <relevance>false</relevance>
    <sentiment>neutral</sentiment>
    <Opinions/>
    <text>20 Minuten - Sind tanzende Fans schuld am Rolltreppen-Unfall? - News https://t.co/Uv4t10hykl via @20min</text>
  </Document>
  <Document id="1055050533159997446">
    <relevance>false</relevance>
    <sentiment>neutral</sentiment>
    <Opinions/>
    <text>Rolltreppen-Unglück in #Rom wirft Fragen auf! #Italien https://t.co/NHBXDuUpGB https://t.co/QCetycizDM</text>
  </Document>
  <Document id="808223384404303872">
    <relevance>false</relevance>
    <sentiment>neutral</sentiment>
    <Opinions/>
    <text>Trier.: Trierer Alleencenter auf der Ostallee: Rauchentwicklung aus Rolltreppe löst Feuerwehreinsatz aus https://t.co/THXEn6VeG3</text>
  </Document>
  <Document id="1055112946030800896">
    <relevance>false</relevance>
    <sentiment>neutral</sentiment>
    <Opinions/>
    <text>VIDEO: Fans von ZSKA Moskau nach Rolltreppen-Unfall in Rom verletzt https://t.co/NIA1mFGTDx https://t.co/mE4wXjP4vO</text>
  </Document>
  <Document id="759151323610767361">
    <relevance>false</relevance>
    <sentiment>neutral</sentiment>
    <Opinions/>
    <text>Ich habe ein @YouTube-Video positiv bewertet: https://t.co/TNJFLiWQ3Q Unfall auf Rolltreppe: Junge verliert beide Schnürsenkel -</text>
  </Document>
  <Document id="710360992534945792">
    <relevance>false</relevance>
    <sentiment>neutral</sentiment>
    <Opinions/>
    <text>#Stairs #Up #Underground #Rolltreppen #Stufen #Treppe #Aufwärts #U-Bahn #Future #Urban #City #Transportation https://t.co/o6kwtjLzoC</text>
  </Document>
  <Document id="707247705752518656">
    <relevance>false</relevance>
    <sentiment>neutral</sentiment>
    <Opinions/>
    <text>@rponline recherchiert mal in der vergangenheit. früher gab es an den rolltreppen auch hier hinweisschilder dazu! https://t.co/rtVjNnBjPt</text>
  </Document>
  <Document id="1041294425182429186">
    <relevance>false</relevance>
    <sentiment>neutral</sentiment>
    <Opinions/>
    <text>Stand auf der Rolltreppe hinter einer Teenagerin, die vor Liebeskummer weinte, und niemand traute sich, vorbeizudrängeln, und deshalb stehen wir jetzt im Stau hinter dem grausamen Gefühl und fahren gen Unendlichkeit, und das ist natürlich furchtbar, aber irgendwie auch ok.</text>
  </Document>
  <Document id="1023883235523264512">
    <relevance>false</relevance>
    <sentiment>neutral</sentiment>
    <Opinions/>
    <text>Auf Rolltreppe ausgeraubt - Nino de Angelos Ex überfallen! https://t.co/5ALKThSMET</text>
  </Document>
  <Document id="1024646395524009985">
    <relevance>false</relevance>
    <sentiment>neutral</sentiment>
    <Opinions/>
    <text>Glück im Unglück hatte ein kleiner Junge bei einem Unfall an der Rolltreppe im Wiesbadener Karstadt-Haus. Mit der Hand verfing er sich im Handlauf - wurde aber von der @FeuerwehrWI befreit. Und erlitt nach erstem Eindruck nur leichte Verletzungen. https://t.co/hcVb8Ds6nJ</text>
  </Document>
  <Document id="999691086724509696">
    <relevance>false</relevance>
    <sentiment>neutral</sentiment>
    <Opinions/>
    <text>@VanGestern Jou. Aber wenn pro 50 Leute ein einziger hochläuft, sind alle, auch der Hochläufer, langsamer. Weils nämlich unten an der Rolltreppe Stau gibt, da ja nur die Hälfte des Platzes der Rolltreppe ausgenützt wird. Kannste täglich beobachten. Da gehste lieber gleich die Treppe hoch.</text>
  </Document>
  <Document id="997851059765817345">
    <relevance>false</relevance>
    <sentiment>neutral</sentiment>
    <Opinions/>
    <text>RT @ulfiuss: Vorhin fuhren wir die Rolltreppe in unserem Center runter und da saß bei Thalia ein Autor einsam an seinem Signier-Tisch und k…</text>
  </Document>
  <Document id="989168618838614021">
    <relevance>false</relevance>
    <sentiment>neutral</sentiment>
    <Opinions/>
    <text>RT @Einzelfallinfos: #Essen: #Fotofahndung - zwei Ganoven verfolgen im Februar eine Passantin, rempeln sie auf der Rolltreppe an und klauen…</text>
  </Document>
  <Document id="873642592709345281">
    <relevance>true</relevance>
    <sentiment>neutral</sentiment>
    <Opinions/>
    <text>peti traut sich zu den tauben am bahnhof zu stellen</text>
  </Document>
  <Document id="841714106784714752">
    <relevance>false</relevance>
    <sentiment>neutral</sentiment>
    <Opinions/>
    <text>@BILD Kein Mord? Was ist das denn 😭?Ein Gefallen oder was? Justitia ist enorm Blind und zudem auch taub</text>
  </Document>
  <Document id="831908532576518146">
    <relevance>true</relevance>
    <sentiment>neutral</sentiment>
    <Opinions/>
    <text>Kopfschmerzen, halbes Gesicht taub und muss Bahn fahren. #FML</text>
  </Document>
  <Document id="819917341668605952">
    <relevance>false</relevance>
    <sentiment>neutral</sentiment>
    <Opinions/>
    <text>@NebelNiek @JHillje @Nein_zur_AFD @MatthiasMeisner @FlchtlngWllkmmn @oezoguz @peter_simone @helpto_de @dunjahayali @netzgegennazis junge geh mal wieder offenbach wtf die tauben warten schon außerdem hat der strohhalm letztens auf straße gemeint dass du unloyal bist</text>
  </Document>
  <Document id="814402907789545472">
    <relevance>false</relevance>
    <sentiment>neutral</sentiment>
    <Opinions/>
    <text>@SPIEGELONLINE kerry ist geschichte, er soll tauben füttern gehen. Irrelevant was er labert.</text>
  </Document>
  <Document id="806901883021430784">
    <relevance>false</relevance>
    <sentiment>neutral</sentiment>
    <Opinions/>
    <text>@spdbt @Ralf_Stegner wenn es um eure musl.Lieblinge geht,wie auch in Köln,seid ihr taub u blind.  Nicht d euch d Ressourcen vs Rechts fehlen https://t.co/30PMWAaN0M</text>
  </Document>
  <Document id="806733526972305412">
    <relevance>true</relevance>
    <sentiment>neutral</sentiment>
    <Opinions/>
    <text>So nuscheln das keiner was versteht, dabei aber so schreien das alle taub werden. Eine Fortbildung der deutschen Bahn für Ansager am Gleis.</text>
  </Document>
  <Document id="804255425327747072">
    <relevance>false</relevance>
    <sentiment>neutral</sentiment>
    <Opinions/>
    <text>@faznet @jan_hauser Sollte man im Kanzleramt laut vorlesen lassen oder ist man dort jetzt auch taub und nicht mehr nur blind?!</text>
  </Document>
  <Document id="797909419803770880">
    <relevance>false</relevance>
    <sentiment>neutral</sentiment>
    <Opinions/>
    <text>@BILD Wie blind und taub muss man sein, Um nicht zu sehen das sie  Deutschland und Europa spaltet,dass werden wir alle noch teuer bezahlen</text>
  </Document>
  <Document id="794418935814823936">
    <relevance>false</relevance>
    <sentiment>neutral</sentiment>
    <Opinions/>
    <text>@SPIEGELONLINE ist nicht erster Mal &amp; wird auch nicht letzter sein die @UN ist auch taub &amp; Blind nur gegen Russland  setzt sich die @UN ein</text>
  </Document>
  <Document id="1047160264339218433">
    <relevance>false</relevance>
    <sentiment>neutral</sentiment>
    <Opinions/>
    <text>lmao wtf i got out of the subway and there a 2 ehm what is it again taube i don't have Internet so I can't look lel these gray birds in the street and like ok what the fck da waren tauben ik der ubahn lel</text>
  </Document>
  <Document id="780888449486323716">
    <relevance>false</relevance>
    <sentiment>neutral</sentiment>
    <Opinions/>
    <text>Stellte euch vor ihr habt unfall und seid von heut auf morgen taub UND stummGute nachti</text>
  </Document>
  <Document id="780889228569899008">
    <relevance>false</relevance>
    <sentiment>neutral</sentiment>
    <Opinions/>
    <text>Stellts euch vor ihr hab morgen einen Unfall &amp; seid auf einmal einfach so taub &amp; gleichzeitig blindGute nachti</text>
  </Document>
  <Document id="1047478186819428357">
    <relevance>false</relevance>
    <sentiment>neutral</sentiment>
    <Opinions/>
    <text>@faznet Wem hört Merkel denn zu? Sie müsste zurücktreten, wenn sie nicht taub wäre. Sie klebt an ihrem Sessel, obwohl sie nichts geschafft hat. https://t.co/2Zfkq9eXH1</text>
  </Document>
  <Document id="778468588965367808">
    <relevance>true</relevance>
    <sentiment>neutral</sentiment>
    <Opinions/>
    <text>Wenn du in der fahrenden S-bahn die Musik deines Sitznachbarn hörst und weißt, der wird bald taub xD</text>
  </Document>
  <Document id="780297704551419904">
    <relevance>true</relevance>
    <sentiment>neutral</sentiment>
    <Opinions/>
    <text>Ansagen? Vorwarnungen? Bin ich blind und taub, oder ihr diesmal nicht gut organisiert, #BVG?  #weilwirdichlieben #U1</text>
  </Document>
  <Document id="769663046620971008">
    <relevance>false</relevance>
    <sentiment>neutral</sentiment>
    <Opinions/>
    <text>aller höchste Eisenbahn - wenn die Novalgintropfen nicht mehr taub machen...</text>
  </Document>
  <Document id="755318310338760706">
    <relevance>true</relevance>
    <sentiment>neutral</sentiment>
    <Opinions/>
    <text>3 AWACS-Maschinen fliegen direkt über unsere Köpfe hinweg zum Flughafen. Bei dem Lärm, den die machen, wird man wirklich taub.</text>
  </Document>
  <Document id="1027623536561676289">
    <relevance>false</relevance>
    <sentiment>neutral</sentiment>
    <Opinions/>
    <text>@BILD Wenn wir uns das gefallen lassen das ein Pfeiffenkopf das ganze Leben das wir seit hunderten Jahren erschaffen haben in Frage stellt Lärmschutz hin oder her.  Unsere Mütter und Väter und Großeltern  waren auch nicht alle taub.</text>
  </Document>
  <Document id="740256933840625664">
    <relevance>false</relevance>
    <sentiment>neutral</sentiment>
    <Opinions/>
    <text>Die Straße macht in D eigentlich einen richtig guten Sound, aber die ganze Welt ist taub, Maler malen kaum noch, die Farben werden grau.</text>
  </Document>
  <Document id="739760803285504000">
    <relevance>true</relevance>
    <sentiment>neutral</sentiment>
    <Opinions/>
    <text>gespräch am bhf. ich bin taub.  wie lebst du denn?! na mit blindensprache.  --- man lernt halt nie aus.</text>
  </Document>
  <Document id="736579061724680192">
    <relevance>false</relevance>
    <sentiment>neutral</sentiment>
    <Opinions/>
    <text>@LinahSkywalker deswegen hasse ich tauben https://t.co/SEeisbrEUM</text>
  </Document>
  <Document id="728627401924722688">
    <relevance>true</relevance>
    <sentiment>neutral</sentiment>
    <Opinions/>
    <text>Wie taub muss man eigentlich sein das man trotz Kopfhörer die Ubahn beschallt. #Lärm #U5</text>
  </Document>
  <Document id="726735970104647680">
    <relevance>false</relevance>
    <sentiment>neutral</sentiment>
    <Opinions/>
    <text>@PolizeiSachsen taub und blind? https://t.co/3MfdWrQmEj</text>
  </Document>
  <Document id="704348446287896576">
    <relevance>false</relevance>
    <sentiment>neutral</sentiment>
    <Opinions/>
    <text>@SPIEGELONLINE der 95 jährige soll taub und blind sein, ansonsten jedoch einen ausgezeichneten AZ mitbringen!!</text>
  </Document>
  <Document id="1030528087874781186">
    <relevance>false</relevance>
    <sentiment>neutral</sentiment>
    <Opinions/>
    <text>@PolizeiSachsen @DLFmedien @polizeidresden @UlrichStoll1 @ZDF Wie wäre es mal damit den Nazi festzusetzen! Paragraph 145d StGB, Vortäuschung einer Straftat! Ansonsten scheinen die Kollegen vor Ort ja blind und taub gewesen zu sein!</text>
  </Document>
  <Document id="1033824702140174336">
    <relevance>false</relevance>
    <sentiment>neutral</sentiment>
    <Opinions/>
    <text>Diese Sängerin ist taub – und ein Star: @mandyharvey spürt die Vibration durch die Füße, den Bass in der Brust. Mit 18 Jahren verlor die US-Amerikanerin ihr Gehör. Dann wurde sie ein Star.  https://t.co/GXIHX2fCy9</text>
  </Document>
  <Document id="670151993164435456">
    <relevance>true</relevance>
    <sentiment>neutral</sentiment>
    <Opinions/>
    <text>Eine Gruppe von ,,jugendlichen&quot; füttern am Bahnhof tauben doch wenn sie ihnen zu nah kommen kicken sie nach ihnen</text>
  </Document>
  <Document id="657513808953495552">
    <relevance>false</relevance>
    <sentiment>neutral</sentiment>
    <Opinions/>
    <text>Oder blind und taub☺ https://t.co/9NctQfZxpV</text>
  </Document>
  <Document id="656173762514173953">
    <relevance>false</relevance>
    <sentiment>neutral</sentiment>
    <Opinions/>
    <text>@PolizeiSachsen ist eben blind und taub auf der rechten Seite. es ist nicht zu fassen, morgen hat es keiner gehört. https://t.co/1oX6GiBYW5</text>
  </Document>
  <Document id="644401939460046848">
    <relevance>false</relevance>
    <sentiment>neutral</sentiment>
    <Opinions/>
    <text>Notfall... Zeus ist taub und auf der Straße Bulgariens. http://t.co/MeziW5CM27</text>
  </Document>
  <Document id="1035424654096261121">
    <relevance>false</relevance>
    <sentiment>neutral</sentiment>
    <Opinions/>
    <text>@faznet 3 Millionen von 500 Millionen stimmen ab und päng werden wir gnädig erhört. Fordern dagegen Millionen Europäer ein sofortiges Ende der illegalen Migration stellt man sich taub.  Diese EU braucht niemand. https://t.co/p2gluWYavu</text>
  </Document>
  <Document id="637142800971210753">
    <relevance>true</relevance>
    <sentiment>neutral</sentiment>
    <Opinions/>
    <text>Wenn in der Bahn plötzlich eine Mülltonne brennt und zwei Typen in baggy Klamotten um dich hüpfen, bist du vermutlich bald taub. #sbahntweet</text>
  </Document>
  <Document id="611561441724878848">
    <relevance>true</relevance>
    <sentiment>neutral</sentiment>
    <Opinions/>
    <text>Alte, kannst du mal dein scheiß #Handy wegpacken und dich um dein #Kind kümmern, das gerade den kompletten #Bahnhof taub schreit? #Mütter</text>
  </Document>
  <Document id="1039533060948156416">
    <relevance>false</relevance>
    <sentiment>neutral</sentiment>
    <Opinions/>
    <text>@BILD In seiner Ehre gekränkt da darf er zur Waffe greifen! Liebes Gericht seid ihr taub? Nur 5 Jahre für so eine Aussage??? #unfassbar wieder. Der Glaube an gerechte Urteile schwindet bei mir von Tag zu Tag.</text>
  </Document>
  <Document id="1014762649740029954">
    <relevance>true</relevance>
    <sentiment>neutral</sentiment>
    <Opinions/>
    <text>direkt über dem Bahnhof ein riesiger Kreisel über ein zwei km mit Raben darunter tauben Spatzen und Kanarienvögel</text>
  </Document>
  <Document id="1016707777346113536">
    <relevance>false</relevance>
    <sentiment>neutral</sentiment>
    <Opinions/>
    <text>RT @mat_zilla: Neuester tiefpunkt beim Radfahren in der @stadtdortmund: von den wartenden Autofahrern taub gehupt werden, weil hier jemand…</text>
  </Document>
  <Document id="1020329015947735040">
    <relevance>true</relevance>
    <sentiment>neutral</sentiment>
    <Opinions/>
    <text>@eurowings Es kann doch nicht sein, dass ich euch am 17. Juni eine E-Mail schreibe, meinen Anwalt 2 Wochen später einschalte und ihr euch immer noch taub stellt.  Wie kann man euch denn noch bzgl Forderungen erreichen?!</text>
  </Document>
  <Document id="1021661398634508297">
    <relevance>false</relevance>
    <sentiment>neutral</sentiment>
    <Opinions/>
    <text>Eben alles Blinde, und taub sind die auch noch! https://t.co/4SoQSpnwUy</text>
  </Document>
  <Document id="1021847165889654784">
    <relevance>true</relevance>
    <sentiment>neutral</sentiment>
    <Opinions/>
    <text>Freude auf die tauben am Bahnhof</text>
  </Document>
  <Document id="1026153384594866176">
    <relevance>false</relevance>
    <sentiment>neutral</sentiment>
    <Opinions/>
    <text>Die Polizei sucht jetzt diesen Mann. Eine 21-Jährige ist nach einem Böllerwurf auf der Ottakringer Straße auf einem Ohr taub, eine 20-Jährigen auf einem Auge blind. VIDEO -&gt; https://t.co/G36SjVH13k https://t.co/CQEYRN1wZs</text>
  </Document>
  <Document id="994211490608631808">
    <relevance>true</relevance>
    <sentiment>neutral</sentiment>
    <Opinions/>
    <text>@janboehm heute statt tauben vergiften im park einfach mal brotkrümel hinwerfen für tauben am kölner hauptbahnhof und den obdachlosen 50ct in becher reinwerfen NU LOS 🌞</text>
  </Document>
  <Document id="991386581213810689">
    <relevance>false</relevance>
    <sentiment>neutral</sentiment>
    <Opinions/>
    <text>@Tagesspiegel ich beobachte mit sorgen wie die deutsche bevölkerung durch die medien hier die türkenfeindlichkeit indoktroniert bekommen das hat nichts mehr mit erdogan kritik zutun das ist mittlerweile türkenhass erziehung hier   Medien Logik: türkische polizisten gehen hart gegen tauben vor https://t.co/4LzrP8JjI8</text>
  </Document>
  <Document id="992641523044012032">
    <relevance>true</relevance>
    <sentiment>neutral</sentiment>
    <Opinions/>
    <text>Jetzt kommen wieder die Monate, da wird man durchs U-Bahn fahren taub.  Die Kipp-Fenster sind wieder geöffnet.</text>
  </Document>
  <Document id="987781937975713792">
    <relevance>false</relevance>
    <sentiment>neutral</sentiment>
    <Opinions/>
    <text>Wenn Dummheit weh täte, wäre ich auf dem linken Ohr sicher schon taub... 😂😂😂 https://t.co/j31aZQiciQ</text>
  </Document>
  <Document id="974981616283119617">
    <relevance>false</relevance>
    <sentiment>neutral</sentiment>
    <Opinions/>
    <text>@Tagesspiegel @FraktionsNahles @spdde #Seehofer Die blinden und tauben Narren bei Politik und Medien wollen partout nicht wahrhaben, dass der Islam mehr ist als eine Religion. Bezeichnen 'Heimat' als Rassismus. Auf den Straßen hörte man schon 'Deutschland verrecke'. @dieLinke @Die_Gruenen</text>
  </Document>
  <Document id="972246512171438081">
    <relevance>false</relevance>
    <sentiment>neutral</sentiment>
    <Opinions/>
    <text>@faznet Aus Angst vor Konsequenzen 👁 Weggeschaut, verharmlost 🙈 als der Verdacht größer wurde auf Taub gestellt 🙏 wider besseren Wissen 🆘 SCHULDIG</text>
  </Document>
  <Document id="1077170927828459521">
    <relevance>false</relevance>
    <sentiment>neutral</sentiment>
    <Opinions/>
    <text>@faznet Was bringt es denn, wenn Bürger reden und die „gewählten“ Bürgervertreter taub sind?  Und nun frei nach dem Motto, genug der Worte, lasst taten folgen!</text>
  </Document>
  <Document id="958016557032013825">
    <relevance>true</relevance>
    <sentiment>neutral</sentiment>
    <Opinions/>
    <text>@polizeiberlin @ukw11 Macht laut tatütata..und hat blaue Dinger drauf..wohl blind und taub? Aber noch besser : ist groß, rot und hat Sirene und Blaulicht an ...und wurd trotzdem übersehen..genau wie Sanka 2013 in München nähe Hauptbahnhof.</text>
  </Document>
  <Document id="938663185338523649">
    <relevance>false</relevance>
    <sentiment>neutral</sentiment>
    <Opinions/>
    <text>Kompletter rechter Arm taub, der linke geht noch. (Aufgenommen vor dem Unfall) https://t.co/P7eExUpYu8</text>
  </Document>
  <Document id="938696533993820160">
    <relevance>true</relevance>
    <sentiment>neutral</sentiment>
    <Opinions/>
    <text>@AsphyxiaPallida :D aber hier machen das tauben auch ma gern. laufen gemütlich in die sbahn und fahrn mit :D</text>
  </Document>
  <Document id="1068840507114176512">
    <relevance>false</relevance>
    <sentiment>neutral</sentiment>
    <Opinions/>
    <text>@SPIEGELONLINE gibt es Redakteure die taub sind?</text>
  </Document>
  <Document id="939055906469400576">
    <relevance>false</relevance>
    <sentiment>neutral</sentiment>
    <Opinions/>
    <text>Taub, blind, völlig verwahrlost: Hunde-Drama an der Autobahn 4 https://t.co/xjyPGTyrHq</text>
  </Document>
  <Document id="1069658679027343360">
    <relevance>true</relevance>
    <sentiment>neutral</sentiment>
    <Opinions/>
    <text>tauben am bhf altona die im haltebereich a nisten = weltkulturerbe</text>
  </Document>
  <Document id="1069997862577164289">
    <relevance>false</relevance>
    <sentiment>neutral</sentiment>
    <Opinions/>
    <text>„Man müsste blind und taub sein, um die Wut der Franzosen, die mit dem Rücken zur Wand stehen, nicht zu sehen und zu hören“, sagte der Premier. In den vergangenen Tagen sei „das Frankreich, das arbeitet“ auf die Straße gegangen. https://t.co/XpOSvPj54Y</text>
  </Document>
  <Document id="948239786384510977">
    <relevance>false</relevance>
    <sentiment>neutral</sentiment>
    <Opinions/>
    <text>@faznet Verdammt mit dem Geld ,das immer wieder in die Rede kommt. Seid ihr blind und taub? Die Türkei hat dutzende Weitberühmte Megaprojekten ins Betrieb genommenen und Weitere sind in der Bauphase.</text>
  </Document>
  <Document id="1070329244323061760">
    <relevance>false</relevance>
    <sentiment>neutral</sentiment>
    <Opinions/>
    <text>@MarijanKelava Findest, dass der Ton schlechter is? Find bei US-Filmen ist es immer so, dass die Gespräche sooooooooo leise sind, dann drehst lauter und dann is ein Autounfall und du wirst taub ......</text>
  </Document>
  <Document id="952504278316404741">
    <relevance>false</relevance>
    <sentiment>neutral</sentiment>
    <Opinions/>
    <text>Eric Clapton fürchtet, taub zu werden: Eines von vielen gesundheitlichen Details, die seine Fans derzeit beunruhigen. https://t.co/vCKUIPsMMz</text>
  </Document>
  <Document id="953153534257717249">
    <relevance>true</relevance>
    <sentiment>neutral</sentiment>
    <Opinions/>
    <text>https://t.co/bippAKJeIS Das #Land #NRW #unternimmt #nichts, um dem #nächtlichen #Fluglärm in  #Köln/#Bonn #Einhalt #zu #gebieten. Auf #diesem #Ohr #ist #man in #Düsseldorf  #taub, #ganz #gleich, #wer #dort #gerade #regiert. #NACHTFLUGLÄRM #KÖLN #BONN #FLUGHAFEN</text>
  </Document>
  <Document id="955622076789993472">
    <relevance>false</relevance>
    <sentiment>neutral</sentiment>
    <Opinions/>
    <text>@iBlali Aber auch nur weil du Musik kennst, wenn es nie Musik gegeben hätte könnte man sie auch nicht vermissen weshalb es nicht als front an Leute aufgefasst werden kann die von Geburt an taub sind und Leute die durch einen Unfall ihr gehör verloren haben würde dir eher beipflichten.</text>
  </Document>
  <Document id="1071363771724124166">
    <relevance>false</relevance>
    <sentiment>neutral</sentiment>
    <Opinions/>
    <text>@Arnd_Diringer Wenn Politiker nicht taub wären, würde sowas nicht passieren. In Bayern waren über 30000 Menschen friedlich auf der Straße gegen das Polizeigesetz. Hat es was genützt? Nein. Was können Menschen tun die zuwenig Geld haben um gehört zu werden? Klären Sie uns auf.</text>
  </Document>
  <Document id="930014852411744256">
    <relevance>false</relevance>
    <sentiment>neutral</sentiment>
    <Opinions/>
    <text>@zeitonline Das zahlt ja wirklich das Unsinn zu zuhören weil 70% sind schon Taub oder mit offenen Augen gestorben.ehe mit Drogen,Hunger,Kugel oder Nerven versagen</text>
  </Document>
  <Document id="930721947503165440">
    <relevance>true</relevance>
    <sentiment>neutral</sentiment>
    <Opinions/>
    <text>Bin zu Fuß auf dem Weg zum Bahnhof und mittlerweile durchgefroren, mein Gesicht ist taub und meine Beine brennen und ja, ich rege mich gerade auf um Frust abzubauen</text>
  </Document>
  <Document id="932235569459064833">
    <relevance>true</relevance>
    <sentiment>neutral</sentiment>
    <Opinions/>
    <text>frankfurt am main hbf. der backwerk riecht nach kotze und ich weiß nicht, ob ich mehr tauben, anzugträger oder junkies gesehen hab. schwierige stadt.</text>
  </Document>
  <Document id="913045774270963712">
    <relevance>true</relevance>
    <sentiment>neutral</sentiment>
    <Opinions/>
    <text>Hab grad in der SBahn einen Schnaken vor einer kreischenden Mädchengruppe gerettet.  Der ist jetzt bestimmt taub, aber frei♡</text>
  </Document>
  <Document id="908452104125198337">
    <relevance>true</relevance>
    <sentiment>neutral</sentiment>
    <Opinions/>
    <text>RT @axelbeer: dass es spät ist merkt man daran, dass in der wiener ubahn die tauben liebe machen.</text>
  </Document>
  <Document id="899230092085350402">
    <relevance>false</relevance>
    <sentiment>neutral</sentiment>
    <Opinions/>
    <text>@SPIEGELONLINE Als Staatsjourn können Sie ständig wider besseres Wissen, die Lebensrealität einfach weglügen: die Bürger sind jedoch weder blind noch taub</text>
  </Document>
  <Document id="901125433902739459">
    <relevance>false</relevance>
    <sentiment>neutral</sentiment>
    <Opinions/>
    <text>@SPIEGELONLINE Es gibt viele Themen, bei denen die Bundesregierung Blind und Taub ist.</text>
  </Document>
  <Document id="902636664924844032">
    <relevance>false</relevance>
    <sentiment>neutral</sentiment>
    <Opinions/>
    <text>Sind die Hände morgens taub, könnte ein #Karpaltunnelsyndrom dahinter stecken. https://t.co/Y1bdwkiwiu https://t.co/CjjQZpoCkG</text>
  </Document>
  <Document id="903349389472796673">
    <relevance>false</relevance>
    <sentiment>neutral</sentiment>
    <Opinions/>
    <text>@zeitonline Dieser Artikel von euch stammt von 2013. Warum berichtet niemand von dem Genocid der gerade dort stattfindet? Blind? Taub? Stumm? 🙈🙉🙊 https://t.co/28rYqDw3jO</text>
  </Document>
  <Document id="892360186895237120">
    <relevance>false</relevance>
    <sentiment>neutral</sentiment>
    <Opinions/>
    <text>@SPIEGELONLINE Der Schlaf ist ein ständiger Gast in Amtsstuben und bei politischen  Mandatsträgern Manche sind von d.vielen Weckrufen inzwischen auch taub</text>
  </Document>
  <Document id="1049803220674068480">
    <relevance>false</relevance>
    <sentiment>neutral</sentiment>
    <Opinions/>
    <text>4686 follower alle immer so oh taube voll süß danach tauben auf straße fotografieren &amp; taube markieren aber keine einzige wo ihn daten will?</text>
  </Document>
  <Document id="887725024408457216">
    <relevance>false</relevance>
    <sentiment>neutral</sentiment>
    <Opinions/>
    <text>@faznet nein, ausser man ist taub u stumm</text>
  </Document>
  <Document id="889256665656082432">
    <relevance>false</relevance>
    <sentiment>neutral</sentiment>
    <Opinions/>
    <text>Everytime we touched #tauben #maggiereilly #graffiti #mural #niddapark #niddaparkfrankfurt #A66… https://t.co/TO8kBgGfv4</text>
  </Document>
  <Document id="877513346806947840">
    <relevance>false</relevance>
    <sentiment>neutral</sentiment>
    <Opinions/>
    <text>@SZ tauben eine plage? flüchtlinge sind eine plage</text>
  </Document>
  <Document id="879313399322210308">
    <relevance>true</relevance>
    <sentiment>neutral</sentiment>
    <Opinions/>
    <text>es gibt in münchen keine kriminalität außer an hbf bier trinken und rentner die im park tauben vergiften</text>
  </Document>
</Documents>